                                                                        Cells by Master                                                                         
┏━━━━━━━━━━━━━━━━━━━━━━━━━━━━━━━━━━━━━━━━━━━━━━━━━━━━━━━━━━━━━━━━━━━━━━━━━━━━━━━━━━━━━━━━━━━━━━━━━━━━━━━━━━━━━━━━━━━━━━━━━━━━━━━━━━┳━━━━━━━━━━━━━━━━━━━━━━━━━━━┓
┃ Cell                                                                                                                             ┃ Count                     ┃
┡━━━━━━━━━━━━━━━━━━━━━━━━━━━━━━━━━━━━━━━━━━━━━━━━━━━━━━━━━━━━━━━━━━━━━━━━━━━━━━━━━━━━━━━━━━━━━━━━━━━━━━━━━━━━━━━━━━━━━━━━━━━━━━━━━━╇━━━━━━━━━━━━━━━━━━━━━━━━━━━┩
│ sky130_ef_sc_hd__decap_40_12                                                                                                     │ 6480                      │
│ sky130_fd_sc_hd__a2111o_1                                                                                                        │ 13                        │
│ sky130_fd_sc_hd__a2111o_2                                                                                                        │ 3                         │
│ sky130_fd_sc_hd__a211o_1                                                                                                         │ 112                       │
│ sky130_fd_sc_hd__a211o_2                                                                                                         │ 6                         │
│ sky130_fd_sc_hd__a211oi_1                                                                                                        │ 34                        │
│ sky130_fd_sc_hd__a21o_1                                                                                                          │ 6                         │
│ sky130_fd_sc_hd__a21oi_1                                                                                                         │ 5                         │
│ sky130_fd_sc_hd__a21oi_2                                                                                                         │ 1                         │
│ sky130_fd_sc_hd__a21oi_4                                                                                                         │ 1                         │
│ sky130_fd_sc_hd__a221o_1                                                                                                         │ 885                       │
│ sky130_fd_sc_hd__a22o_1                                                                                                          │ 1065                      │
│ sky130_fd_sc_hd__a31o_1                                                                                                          │ 100                       │
│ sky130_fd_sc_hd__a31o_2                                                                                                          │ 1                         │
│ sky130_fd_sc_hd__a32o_1                                                                                                          │ 1                         │
│ sky130_fd_sc_hd__a41o_1                                                                                                          │ 6                         │
│ sky130_fd_sc_hd__and2_1                                                                                                          │ 851                       │
│ sky130_fd_sc_hd__and2_2                                                                                                          │ 6                         │
│ sky130_fd_sc_hd__and2_4                                                                                                          │ 13                        │
│ sky130_fd_sc_hd__and2b_1                                                                                                         │ 2                         │
│ sky130_fd_sc_hd__and3_1                                                                                                          │ 75                        │
│ sky130_fd_sc_hd__and3_2                                                                                                          │ 10                        │
│ sky130_fd_sc_hd__and3_4                                                                                                          │ 19                        │
│ sky130_fd_sc_hd__and3b_1                                                                                                         │ 9                         │
│ sky130_fd_sc_hd__and3b_2                                                                                                         │ 3                         │
│ sky130_fd_sc_hd__and4_1                                                                                                          │ 23                        │
│ sky130_fd_sc_hd__and4_2                                                                                                          │ 6                         │
│ sky130_fd_sc_hd__and4_4                                                                                                          │ 9                         │
│ sky130_fd_sc_hd__and4b_1                                                                                                         │ 7                         │
│ sky130_fd_sc_hd__and4b_2                                                                                                         │ 5                         │
│ sky130_fd_sc_hd__and4b_4                                                                                                         │ 5                         │
│ sky130_fd_sc_hd__and4bb_1                                                                                                        │ 14                        │
│ sky130_fd_sc_hd__and4bb_2                                                                                                        │ 1                         │
│ sky130_fd_sc_hd__and4bb_4                                                                                                        │ 5                         │
│ sky130_fd_sc_hd__buf_1                                                                                                           │ 57                        │
│ sky130_fd_sc_hd__buf_2                                                                                                           │ 780                       │
│ sky130_fd_sc_hd__buf_4                                                                                                           │ 471                       │
│ sky130_fd_sc_hd__buf_6                                                                                                           │ 146                       │
│ sky130_fd_sc_hd__buf_8                                                                                                           │ 65                        │
│ sky130_fd_sc_hd__bufinv_16                                                                                                       │ 66                        │
│ sky130_fd_sc_hd__clkbuf_1                                                                                                        │ 30                        │
│ sky130_fd_sc_hd__clkbuf_16                                                                                                       │ 4                         │
│ sky130_fd_sc_hd__clkbuf_2                                                                                                        │ 365                       │
│ sky130_fd_sc_hd__clkbuf_4                                                                                                        │ 645                       │
│ sky130_fd_sc_hd__clkbuf_8                                                                                                        │ 889                       │
│ sky130_fd_sc_hd__clkinv_2                                                                                                        │ 72                        │
│ sky130_fd_sc_hd__clkinv_4                                                                                                        │ 31                        │
│ sky130_fd_sc_hd__clkinv_8                                                                                                        │ 2                         │
│ sky130_fd_sc_hd__clkinvlp_4                                                                                                      │ 82                        │
│ sky130_fd_sc_hd__decap_3                                                                                                         │ 498                       │
│ sky130_fd_sc_hd__dfxtp_1                                                                                                         │ 4096                      │
│ sky130_fd_sc_hd__diode_2                                                                                                         │ 20828                     │
│ sky130_fd_sc_hd__dlygate4sd3_1                                                                                                   │ 3265                      │
│ sky130_fd_sc_hd__dlymetal6s2s_1                                                                                                  │ 61                        │
│ sky130_fd_sc_hd__fill_1                                                                                                          │ 10981                     │
│ sky130_fd_sc_hd__fill_2                                                                                                          │ 6212                      │
│ sky130_fd_sc_hd__fill_4                                                                                                          │ 4550                      │
│ sky130_fd_sc_hd__fill_8                                                                                                          │ 1749                      │
│ sky130_fd_sc_hd__inv_2                                                                                                           │ 4                         │
│ sky130_fd_sc_hd__inv_6                                                                                                           │ 38                        │
│ sky130_fd_sc_hd__inv_8                                                                                                           │ 8                         │
│ sky130_fd_sc_hd__mux2_1                                                                                                          │ 832                       │
│ sky130_fd_sc_hd__nand2_1                                                                                                         │ 2906                      │
│ sky130_fd_sc_hd__nand2_2                                                                                                         │ 4                         │
│ sky130_fd_sc_hd__nand2_4                                                                                                         │ 9                         │
│ sky130_fd_sc_hd__nand2_8                                                                                                         │ 7                         │
│ sky130_fd_sc_hd__nand2b_1                                                                                                        │ 3                         │
│ sky130_fd_sc_hd__nand3_1                                                                                                         │ 1                         │
│ sky130_fd_sc_hd__nand3_2                                                                                                         │ 3                         │
│ sky130_fd_sc_hd__nand3b_1                                                                                                        │ 1                         │
│ sky130_fd_sc_hd__nand3b_2                                                                                                        │ 1                         │
│ sky130_fd_sc_hd__nand3b_4                                                                                                        │ 1                         │
│ sky130_fd_sc_hd__nand4_1                                                                                                         │ 1                         │
│ sky130_fd_sc_hd__nand4_2                                                                                                         │ 1                         │
│ sky130_fd_sc_hd__nand4_4                                                                                                         │ 8                         │
│ sky130_fd_sc_hd__nand4b_1                                                                                                        │ 1                         │
│ sky130_fd_sc_hd__nand4b_2                                                                                                        │ 1                         │
│ sky130_fd_sc_hd__nand4b_4                                                                                                        │ 2                         │
│ sky130_fd_sc_hd__nor2_1                                                                                                          │ 131                       │
│ sky130_fd_sc_hd__nor2_2                                                                                                          │ 19                        │
│ sky130_fd_sc_hd__nor2_4                                                                                                          │ 54                        │
│ sky130_fd_sc_hd__nor2_8                                                                                                          │ 16                        │
│ sky130_fd_sc_hd__nor3_1                                                                                                          │ 25                        │
│ sky130_fd_sc_hd__nor3_2                                                                                                          │ 2                         │
│ sky130_fd_sc_hd__nor3_4                                                                                                          │ 1                         │
│ sky130_fd_sc_hd__nor3b_1                                                                                                         │ 2                         │
│ sky130_fd_sc_hd__nor3b_2                                                                                                         │ 2                         │
│ sky130_fd_sc_hd__nor4_1                                                                                                          │ 17                        │
│ sky130_fd_sc_hd__nor4_2                                                                                                          │ 7                         │
│ sky130_fd_sc_hd__nor4b_1                                                                                                         │ 13                        │
│ sky130_fd_sc_hd__o2111a_1                                                                                                        │ 18                        │
│ sky130_fd_sc_hd__o2111a_2                                                                                                        │ 3                         │
│ sky130_fd_sc_hd__o2111a_4                                                                                                        │ 1                         │
│ sky130_fd_sc_hd__o211a_1                                                                                                         │ 3081                      │
│ sky130_fd_sc_hd__o21a_1                                                                                                          │ 11                        │
│ sky130_fd_sc_hd__o21ba_1                                                                                                         │ 32                        │
│ sky130_fd_sc_hd__o221a_1                                                                                                         │ 128                       │
│ sky130_fd_sc_hd__o22a_1                                                                                                          │ 2                         │
│ sky130_fd_sc_hd__o31a_1                                                                                                          │ 8                         │
│ sky130_fd_sc_hd__o32a_1                                                                                                          │ 1                         │
│ sky130_fd_sc_hd__o41a_1                                                                                                          │ 7                         │
│ sky130_fd_sc_hd__or2_1                                                                                                           │ 120                       │
│ sky130_fd_sc_hd__or2_2                                                                                                           │ 7                         │
│ sky130_fd_sc_hd__or3_1                                                                                                           │ 83                        │
│ sky130_fd_sc_hd__or3_2                                                                                                           │ 15                        │
│ sky130_fd_sc_hd__or3_4                                                                                                           │ 3                         │
│ sky130_fd_sc_hd__or3b_1                                                                                                          │ 12                        │
│ sky130_fd_sc_hd__or3b_2                                                                                                          │ 3                         │
│ sky130_fd_sc_hd__or3b_4                                                                                                          │ 2                         │
│ sky130_fd_sc_hd__or4_1                                                                                                           │ 209                       │
│ sky130_fd_sc_hd__or4_2                                                                                                           │ 56                        │
│ sky130_fd_sc_hd__or4_4                                                                                                           │ 69                        │
│ sky130_fd_sc_hd__or4b_1                                                                                                          │ 8                         │
│ sky130_fd_sc_hd__or4b_2                                                                                                          │ 3                         │
│ sky130_fd_sc_hd__or4b_4                                                                                                          │ 4                         │
│ sky130_fd_sc_hd__or4bb_1                                                                                                         │ 3                         │
│ sky130_fd_sc_hd__or4bb_2                                                                                                         │ 4                         │
│ sky130_fd_sc_hd__or4bb_4                                                                                                         │ 1                         │
│ sky130_fd_sc_hd__tapvpwrvgnd_1                                                                                                   │ 6651                      │
└──────────────────────────────────────────────────────────────────────────────────────────────────────────────────────────────────┴───────────────────────────┘
