Clock: clk
Sources: clk 
Generated: no
Virtual: yes
Propagated: no
Period: 25.000000

===========================================================================
report_clock_properties
============================================================================
Clock                   Period          Waveform
----------------------------------------------------
clk                  25.000000    0.000000 12.500000

===========================================================================
report_clock_latency
============================================================================
Clock clk
rise -> rise
    min     max
0.000000 0.000000 source latency
3.391698         network latency _25456_/CLK
        3.748492 network latency _24888_/CLK
---------------
3.391698 3.748492 latency
        0.356793 skew

fall -> fall
    min     max
0.000000 0.000000 source latency
2.689818         network latency _25456_/CLK
        3.038038 network latency _24888_/CLK
---------------
2.689818 3.038038 latency
        0.348219 skew



===========================================================================
report_clock_min_period
============================================================================
clk period_min = 3.20 fmax = 312.39
