
===========================================================================
report_checks -unconstrained
===========================================================================
======================= min_ss_100C_1v60 Corner ===================================

Startpoint: nrst (input port clocked by clk)
Endpoint: _0953_ (recovery check against rising-edge clock clk)
Path Group: asynchronous
Path Type: max

Fanout         Cap        Slew       Delay        Time   Description
---------------------------------------------------------------------------------------------
                                  0.000000    0.000000   clock clk (rise edge)
                                  0.000000    0.000000   clock network delay (propagated)
                                  5.000000    5.000000 ^ input external delay
     2    0.004259    0.042092    0.023473    5.023473 ^ nrst (in)
                                                         nrst (net)
                      0.042092    0.000000    5.023473 ^ input17/A (sky130_fd_sc_hd__dlymetal6s2s_1)
     7    0.026951    0.427919    0.404696    5.428169 ^ input17/X (sky130_fd_sc_hd__dlymetal6s2s_1)
                                                         net17 (net)
                      0.427921    0.000808    5.428977 ^ fanout39/A (sky130_fd_sc_hd__buf_2)
    15    0.040599    0.320165    0.528204    5.957181 ^ fanout39/X (sky130_fd_sc_hd__buf_2)
                                                         net39 (net)
                      0.320168    0.001605    5.958787 ^ fanout38/A (sky130_fd_sc_hd__clkbuf_4)
    21    0.065526    0.316815    0.541844    6.500631 ^ fanout38/X (sky130_fd_sc_hd__clkbuf_4)
                                                         net38 (net)
                      0.316815    0.000314    6.500945 ^ fanout37/A (sky130_fd_sc_hd__clkbuf_2)
     6    0.028109    0.245602    0.424265    6.925210 ^ fanout37/X (sky130_fd_sc_hd__clkbuf_2)
                                                         net37 (net)
                      0.245602    0.000916    6.926126 ^ _0953_/RESET_B (sky130_fd_sc_hd__dfrtp_1)
                                              6.926126   data arrival time

                                 25.000000   25.000000   clock clk (rise edge)
                                  0.000000   25.000000   clock source latency
     2    0.022536    0.167624    0.114722   25.114721 ^ clk (in)
                                                         clk (net)
                      0.167627    0.000000   25.114721 ^ clkbuf_0_clk/A (sky130_fd_sc_hd__clkbuf_16)
    17    0.100148    0.176468    0.360339   25.475061 ^ clkbuf_0_clk/X (sky130_fd_sc_hd__clkbuf_16)
                                                         clknet_0_clk (net)
                      0.176484    0.001824   25.476885 ^ clkbuf_3_7__f_clk/A (sky130_fd_sc_hd__clkbuf_16)
    13    0.042538    0.097283    0.302139   25.779024 ^ clkbuf_3_7__f_clk/X (sky130_fd_sc_hd__clkbuf_16)
                                                         clknet_3_7__leaf_clk (net)
                      0.097296    0.000579   25.779604 ^ _0953_/CLK (sky130_fd_sc_hd__dfrtp_1)
                                 -0.250000   25.529604   clock uncertainty
                                  0.000000   25.529604   clock reconvergence pessimism
                                  0.406739   25.936344   library recovery time
                                             25.936344   data required time
---------------------------------------------------------------------------------------------
                                             25.936344   data required time
                                             -6.926126   data arrival time
---------------------------------------------------------------------------------------------
                                             19.010218   slack (MET)


Startpoint: _0969_ (rising edge-triggered flip-flop clocked by clk)
Endpoint: gpio_out[17] (output port clocked by clk)
Path Group: clk
Path Type: max

Fanout         Cap        Slew       Delay        Time   Description
---------------------------------------------------------------------------------------------
                                  0.000000    0.000000   clock clk (rise edge)
                                  0.000000    0.000000   clock source latency
     2    0.022536    0.167624    0.114723    0.114723 ^ clk (in)
                                                         clk (net)
                      0.167627    0.000000    0.114723 ^ clkbuf_0_clk/A (sky130_fd_sc_hd__clkbuf_16)
    17    0.100148    0.176468    0.360339    0.475062 ^ clkbuf_0_clk/X (sky130_fd_sc_hd__clkbuf_16)
                                                         clknet_0_clk (net)
                      0.176468    0.000609    0.475671 ^ clkbuf_3_5__f_clk/A (sky130_fd_sc_hd__clkbuf_16)
    11    0.045534    0.101216    0.305337    0.781008 ^ clkbuf_3_5__f_clk/X (sky130_fd_sc_hd__clkbuf_16)
                                                         clknet_3_5__leaf_clk (net)
                      0.101224    0.000861    0.781869 ^ _0969_/CLK (sky130_fd_sc_hd__dfstp_1)
     4    0.010940    0.119103    0.777390    1.559259 v _0969_/Q (sky130_fd_sc_hd__dfstp_1)
                                                         MATMULT_INST.prod_adder.gen_for_loop[0].adder_n.a (net)
                      0.119103    0.000211    1.559470 v _0694_/B (sky130_fd_sc_hd__and2_1)
     3    0.009912    0.124792    0.397704    1.957175 v _0694_/X (sky130_fd_sc_hd__and2_1)
                                                         _0267_ (net)
                      0.124792    0.000058    1.957232 v _0695_/A2 (sky130_fd_sc_hd__o211a_1)
     2    0.003521    0.078124    0.403863    2.361095 v _0695_/X (sky130_fd_sc_hd__o211a_1)
                                                         _0268_ (net)
                      0.078124    0.000032    2.361127 v _0697_/B (sky130_fd_sc_hd__or2_1)
     2    0.004927    0.116450    0.487101    2.848228 v _0697_/X (sky130_fd_sc_hd__or2_1)
                                                         _0270_ (net)
                      0.116450    0.000058    2.848286 v _0699_/C (sky130_fd_sc_hd__and3_1)
     2    0.006440    0.100289    0.416505    3.264791 v _0699_/X (sky130_fd_sc_hd__and3_1)
                                                         _0272_ (net)
                      0.100289    0.000049    3.264840 v _0700_/B1 (sky130_fd_sc_hd__a21oi_1)
     3    0.011473    0.442589    0.398731    3.663571 ^ _0700_/Y (sky130_fd_sc_hd__a21oi_1)
                                                         _0273_ (net)
                      0.442589    0.000097    3.663668 ^ _0701_/A2 (sky130_fd_sc_hd__o21ai_1)
     3    0.007546    0.164821    0.296794    3.960462 v _0701_/Y (sky130_fd_sc_hd__o21ai_1)
                                                         _0274_ (net)
                      0.164821    0.000083    3.960545 v _0744_/C (sky130_fd_sc_hd__and3_1)
     1    0.001592    0.062103    0.390125    4.350670 v _0744_/X (sky130_fd_sc_hd__and3_1)
                                                         _0316_ (net)
                      0.062103    0.000007    4.350677 v _0746_/C (sky130_fd_sc_hd__or4_1)
     1    0.002517    0.176447    1.089970    5.440647 v _0746_/X (sky130_fd_sc_hd__or4_1)
                                                         _0318_ (net)
                      0.176447    0.000011    5.440658 v _0747_/C1 (sky130_fd_sc_hd__o211a_1)
     1    0.002504    0.068565    0.242910    5.683568 v _0747_/X (sky130_fd_sc_hd__o211a_1)
                                                         _0319_ (net)
                      0.068565    0.000021    5.683589 v _0748_/B1 (sky130_fd_sc_hd__o31ai_1)
     1    0.005489    0.459870    0.129686    5.813274 ^ _0748_/Y (sky130_fd_sc_hd__o31ai_1)
                                                         MATMULT_INST.serial_out (net)
                      0.459870    0.000114    5.813388 ^ _1110_/A (sky130_fd_sc_hd__clkbuf_1)
     1    0.002203    0.067371    0.270900    6.084288 ^ _1110_/X (sky130_fd_sc_hd__clkbuf_1)
                                                         net19 (net)
                      0.067371    0.000020    6.084308 ^ output19/A (sky130_fd_sc_hd__buf_2)
     1    0.033907    0.269354    0.340737    6.425045 ^ output19/X (sky130_fd_sc_hd__buf_2)
                                                         gpio_out[17] (net)
                      0.269354    0.000166    6.425210 ^ gpio_out[17] (out)
                                              6.425210   data arrival time

                                 25.000000   25.000000   clock clk (rise edge)
                                  0.000000   25.000000   clock network delay (propagated)
                                 -0.250000   24.750000   clock uncertainty
                                  0.000000   24.750000   clock reconvergence pessimism
                                 -5.000000   19.750000   output external delay
                                             19.750000   data required time
---------------------------------------------------------------------------------------------
                                             19.750000   data required time
                                             -6.425210   data arrival time
---------------------------------------------------------------------------------------------
                                             13.324789   slack (MET)




===========================================================================
report_checks --slack_max -0.01
============================================================================
======================= min_ss_100C_1v60 Corner ===================================

No paths found.


===========================================================================
 report_check_types -max_slew -max_cap -max_fanout -violators
============================================================================
======================= min_ss_100C_1v60 Corner ===================================

max fanout

Pin                                   Limit Fanout  Slack
---------------------------------------------------------
fanout24/X                               10     21    -11 (VIOLATED)
fanout38/X                               10     21    -11 (VIOLATED)
clkbuf_3_0__f_clk/X                      10     18     -8 (VIOLATED)
clkbuf_3_2__f_clk/X                      10     18     -8 (VIOLATED)
clkbuf_0_clk/X                           10     17     -7 (VIOLATED)
clkbuf_3_1__f_clk/X                      10     16     -6 (VIOLATED)
fanout39/X                               10     15     -5 (VIOLATED)
clkbuf_3_3__f_clk/X                      10     13     -3 (VIOLATED)
clkbuf_3_7__f_clk/X                      10     13     -3 (VIOLATED)
clkbuf_3_4__f_clk/X                      10     11        (VIOLATED)
clkbuf_3_5__f_clk/X                      10     11        (VIOLATED)
input5/X                                 10     11        (VIOLATED)
input7/X                                 10     11        (VIOLATED)



===========================================================================
report_parasitic_annotation -report_unannotated
============================================================================
Found 92 unannotated drivers.
 en
 gpio_in[16]
 gpio_in[17]
 gpio_in[18]
 gpio_in[19]
 gpio_in[20]
 gpio_in[21]
 gpio_in[22]
 gpio_in[23]
 gpio_in[24]
 gpio_in[25]
 gpio_in[26]
 gpio_in[27]
 gpio_in[28]
 gpio_in[29]
 gpio_in[30]
 gpio_in[31]
 gpio_in[32]
 gpio_in[33]
 clkload0/X
 clkload1/Y
 clkload2/Y
 clkload3/Y
 clkload4/Y
 clkload5/Y
 clkload6/Y
 team_07_100/HI
 team_07_101/HI
 team_07_102/HI
 team_07_103/LO
 team_07_104/LO
 team_07_105/LO
 team_07_40/HI
 team_07_41/HI
 team_07_42/HI
 team_07_43/HI
 team_07_44/HI
 team_07_45/HI
 team_07_46/HI
 team_07_47/HI
 team_07_48/HI
 team_07_49/HI
 team_07_50/HI
 team_07_51/HI
 team_07_52/HI
 team_07_53/HI
 team_07_54/HI
 team_07_55/HI
 team_07_56/HI
 team_07_57/HI
 team_07_58/HI
 team_07_59/HI
 team_07_60/HI
 team_07_61/HI
 team_07_62/HI
 team_07_63/HI
 team_07_64/HI
 team_07_65/HI
 team_07_66/HI
 team_07_67/HI
 team_07_68/HI
 team_07_69/HI
 team_07_70/HI
 team_07_71/HI
 team_07_72/HI
 team_07_73/HI
 team_07_74/HI
 team_07_75/HI
 team_07_76/HI
 team_07_77/HI
 team_07_78/HI
 team_07_79/HI
 team_07_80/HI
 team_07_81/HI
 team_07_82/HI
 team_07_83/HI
 team_07_84/HI
 team_07_85/HI
 team_07_86/HI
 team_07_87/HI
 team_07_88/HI
 team_07_89/HI
 team_07_90/HI
 team_07_91/HI
 team_07_92/HI
 team_07_93/HI
 team_07_94/HI
 team_07_95/HI
 team_07_96/HI
 team_07_97/HI
 team_07_98/HI
 team_07_99/HI
Found 0 partially unannotated drivers.

===========================================================================
max slew violation count 0
max fanout violation count 13
max cap violation count 0
============================================================================

===========================================================================
check_setup -verbose -unconstrained_endpoints -multiple_clock -no_clock -no_input_delay -loops -generated_clocks
===========================================================================
Warning: There are 66 unconstrained endpoints.
  gpio_oeb[0]
  gpio_oeb[10]
  gpio_oeb[11]
  gpio_oeb[12]
  gpio_oeb[13]
  gpio_oeb[14]
  gpio_oeb[15]
  gpio_oeb[16]
  gpio_oeb[17]
  gpio_oeb[18]
  gpio_oeb[19]
  gpio_oeb[1]
  gpio_oeb[20]
  gpio_oeb[21]
  gpio_oeb[22]
  gpio_oeb[23]
  gpio_oeb[24]
  gpio_oeb[25]
  gpio_oeb[26]
  gpio_oeb[27]
  gpio_oeb[28]
  gpio_oeb[29]
  gpio_oeb[2]
  gpio_oeb[30]
  gpio_oeb[31]
  gpio_oeb[32]
  gpio_oeb[33]
  gpio_oeb[3]
  gpio_oeb[4]
  gpio_oeb[5]
  gpio_oeb[6]
  gpio_oeb[7]
  gpio_oeb[8]
  gpio_oeb[9]
  gpio_out[0]
  gpio_out[10]
  gpio_out[11]
  gpio_out[12]
  gpio_out[13]
  gpio_out[14]
  gpio_out[15]
  gpio_out[18]
  gpio_out[19]
  gpio_out[1]
  gpio_out[20]
  gpio_out[21]
  gpio_out[22]
  gpio_out[23]
  gpio_out[24]
  gpio_out[25]
  gpio_out[26]
  gpio_out[27]
  gpio_out[28]
  gpio_out[29]
  gpio_out[2]
  gpio_out[30]
  gpio_out[31]
  gpio_out[32]
  gpio_out[33]
  gpio_out[3]
  gpio_out[4]
  gpio_out[5]
  gpio_out[6]
  gpio_out[7]
  gpio_out[8]
  gpio_out[9]
