Clock: clk
Sources: clk 
Generated: no
Virtual: yes
Propagated: no
Period: 25.000000

===========================================================================
report_clock_properties
============================================================================
Clock                   Period          Waveform
----------------------------------------------------
clk                  25.000000    0.000000 12.500000

===========================================================================
report_clock_latency
============================================================================
Clock clk
rise -> rise
    min     max
0.000000 0.000000 source latency
0.776239         network latency _1027_/CLK
        0.792678 network latency _0952_/CLK
---------------
0.776239 0.792678 latency
        0.016439 skew

fall -> fall
    min     max
0.000000 0.000000 source latency
0.707751         network latency _1027_/CLK
        0.721671 network latency _0952_/CLK
---------------
0.707751 0.721671 latency
        0.013920 skew



===========================================================================
report_clock_min_period
============================================================================
clk period_min = 7.57 fmax = 132.10
