Netgen 1.5.278 compiled on Sun Sep 29 13:29:03 UTC 2024
Warning: netgen command 'format' use fully-qualified name '::netgen::format'
Warning: netgen command 'global' use fully-qualified name '::netgen::global'
Warning:  A case-insensitive file has been read and so the	verilog file must be treated case-insensitive to match.
Reading SPICE netlist file '/home/misrrael2003/nebula-iii/dependencies/pdks/sky130A/libs.ref/sky130_fd_sc_hd/spice/sky130_ef_sc_hd__decap_12.spice'...
Call to undefined subcircuit sky130_fd_pr__pfet_01v8_hvt
Creating placeholder cell definition.
Call to undefined subcircuit sky130_fd_pr__nfet_01v8
Creating placeholder cell definition.
Reading SPICE netlist file '/home/misrrael2003/nebula-iii/dependencies/pdks/sky130A/libs.ref/sky130_fd_sc_hd/spice/sky130_ef_sc_hd__decap_20_12.spice'...
Reading SPICE netlist file '/home/misrrael2003/nebula-iii/dependencies/pdks/sky130A/libs.ref/sky130_fd_sc_hd/spice/sky130_ef_sc_hd__decap_40_12.spice'...
Reading SPICE netlist file '/home/misrrael2003/nebula-iii/dependencies/pdks/sky130A/libs.ref/sky130_fd_sc_hd/spice/sky130_ef_sc_hd__decap_60_12.spice'...
Reading SPICE netlist file '/home/misrrael2003/nebula-iii/dependencies/pdks/sky130A/libs.ref/sky130_fd_sc_hd/spice/sky130_ef_sc_hd__decap_80_12.spice'...
Reading SPICE netlist file '/home/misrrael2003/nebula-iii/dependencies/pdks/sky130A/libs.ref/sky130_fd_sc_hd/spice/sky130_ef_sc_hd__fill_12.spice'...
Reading SPICE netlist file '/home/misrrael2003/nebula-iii/dependencies/pdks/sky130A/libs.ref/sky130_fd_sc_hd/spice/sky130_ef_sc_hd__fill_2.spice'...
Reading SPICE netlist file '/home/misrrael2003/nebula-iii/dependencies/pdks/sky130A/libs.ref/sky130_fd_sc_hd/spice/sky130_ef_sc_hd__fill_4.spice'...
Reading SPICE netlist file '/home/misrrael2003/nebula-iii/dependencies/pdks/sky130A/libs.ref/sky130_fd_sc_hd/spice/sky130_ef_sc_hd__fill_8.spice'...
Reading SPICE netlist file '/home/misrrael2003/nebula-iii/dependencies/pdks/sky130A/libs.ref/sky130_fd_sc_hd/spice/sky130_fd_sc_hd.spice'...
Call to undefined subcircuit sky130_fd_pr__res_generic_po
Creating placeholder cell definition.
Call to undefined subcircuit sky130_fd_pr__special_nfet_01v8
Creating placeholder cell definition.
Call to undefined subcircuit sky130_fd_pr__diode_pw2nd_05v5
Creating placeholder cell definition.
Call to undefined subcircuit sky130_fd_pr__special_pfet_01v8_hvt
Creating placeholder cell definition.
Call to undefined subcircuit sky130_fd_sc_hd__nand2_2
Creating placeholder cell definition.
Call to undefined subcircuit sky130_fd_sc_hd__nor2_2
Creating placeholder cell definition.
Warning:  A case-insensitive file has been read and so the	verilog file must be treated case-insensitive to match.
Note:  Implicit pin HI in instance team_00_127 of sky130_fd_sc_hd__conb_1 in cell team_00
Note:  Implicit pin HI in instance team_00_128 of sky130_fd_sc_hd__conb_1 in cell team_00
Note:  Implicit pin HI in instance team_00_129 of sky130_fd_sc_hd__conb_1 in cell team_00
Note:  Implicit pin HI in instance team_00_130 of sky130_fd_sc_hd__conb_1 in cell team_00
Note:  Implicit pin HI in instance team_00_131 of sky130_fd_sc_hd__conb_1 in cell team_00
Note:  Implicit pin HI in instance team_00_132 of sky130_fd_sc_hd__conb_1 in cell team_00
Note:  Implicit pin HI in instance team_00_133 of sky130_fd_sc_hd__conb_1 in cell team_00
Note:  Implicit pin HI in instance team_00_134 of sky130_fd_sc_hd__conb_1 in cell team_00
Note:  Implicit pin HI in instance team_00_135 of sky130_fd_sc_hd__conb_1 in cell team_00
Note:  Implicit pin HI in instance team_00_136 of sky130_fd_sc_hd__conb_1 in cell team_00
Note:  Implicit pin HI in instance team_00_137 of sky130_fd_sc_hd__conb_1 in cell team_00
Note:  Implicit pin HI in instance team_00_138 of sky130_fd_sc_hd__conb_1 in cell team_00
Note:  Implicit pin HI in instance team_00_139 of sky130_fd_sc_hd__conb_1 in cell team_00
Note:  Implicit pin HI in instance team_00_140 of sky130_fd_sc_hd__conb_1 in cell team_00
Note:  Implicit pin HI in instance team_00_141 of sky130_fd_sc_hd__conb_1 in cell team_00
Note:  Implicit pin HI in instance team_00_142 of sky130_fd_sc_hd__conb_1 in cell team_00
Note:  Implicit pin HI in instance team_00_143 of sky130_fd_sc_hd__conb_1 in cell team_00
Note:  Implicit pin HI in instance team_00_144 of sky130_fd_sc_hd__conb_1 in cell team_00
Note:  Implicit pin HI in instance team_00_145 of sky130_fd_sc_hd__conb_1 in cell team_00
Note:  Implicit pin HI in instance team_00_146 of sky130_fd_sc_hd__conb_1 in cell team_00
Note:  Implicit pin HI in instance team_00_147 of sky130_fd_sc_hd__conb_1 in cell team_00
Note:  Implicit pin HI in instance team_00_148 of sky130_fd_sc_hd__conb_1 in cell team_00
Note:  Implicit pin HI in instance team_00_149 of sky130_fd_sc_hd__conb_1 in cell team_00
Note:  Implicit pin HI in instance team_00_150 of sky130_fd_sc_hd__conb_1 in cell team_00
Note:  Implicit pin HI in instance team_00_151 of sky130_fd_sc_hd__conb_1 in cell team_00
Note:  Implicit pin HI in instance team_00_152 of sky130_fd_sc_hd__conb_1 in cell team_00
Note:  Implicit pin HI in instance team_00_153 of sky130_fd_sc_hd__conb_1 in cell team_00
Note:  Implicit pin HI in instance team_00_154 of sky130_fd_sc_hd__conb_1 in cell team_00
Note:  Implicit pin HI in instance team_00_155 of sky130_fd_sc_hd__conb_1 in cell team_00
Note:  Implicit pin HI in instance team_00_156 of sky130_fd_sc_hd__conb_1 in cell team_00
Note:  Implicit pin HI in instance team_00_157 of sky130_fd_sc_hd__conb_1 in cell team_00
Note:  Implicit pin HI in instance team_00_126 of sky130_fd_sc_hd__conb_1 in cell team_00
Note:  Implicit pin X in instance clkload0 of sky130_fd_sc_hd__clkbuf_4 in cell team_00
Note:  Implicit pin Y in instance clkload1 of sky130_fd_sc_hd__bufinv_16 in cell team_00
Note:  Implicit pin Y in instance clkload2 of sky130_fd_sc_hd__clkinv_2 in cell team_00
Treating empty subcircuits as black-box cells
Generating JSON file result

Reading setup file /nix/store/pqxyc4xmydcs5adig47yyc29r3svp5nx-python3-3.11.9-env/lib/python3.11/site-packages/librelane/scripts/netgen/setup.tcl

Model sky130_fd_pr__res_generic_po pin 1 == 2
No property value found for device sky130_fd_pr__res_generic_po
No property mult found for device sky130_fd_pr__res_generic_po
Model sky130_fd_pr__nfet_01v8 pin 1 == 3
No property mult found for device sky130_fd_pr__nfet_01v8
No property sa found for device sky130_fd_pr__nfet_01v8
No property sb found for device sky130_fd_pr__nfet_01v8
No property sd found for device sky130_fd_pr__nfet_01v8
No property nf found for device sky130_fd_pr__nfet_01v8
No property nrd found for device sky130_fd_pr__nfet_01v8
No property nrs found for device sky130_fd_pr__nfet_01v8
No property area found for device sky130_fd_pr__nfet_01v8
No property perim found for device sky130_fd_pr__nfet_01v8
No property topography found for device sky130_fd_pr__nfet_01v8
Model sky130_fd_pr__pfet_01v8_hvt pin 1 == 3
No property mult found for device sky130_fd_pr__pfet_01v8_hvt
No property sa found for device sky130_fd_pr__pfet_01v8_hvt
No property sb found for device sky130_fd_pr__pfet_01v8_hvt
No property sd found for device sky130_fd_pr__pfet_01v8_hvt
No property nf found for device sky130_fd_pr__pfet_01v8_hvt
No property nrd found for device sky130_fd_pr__pfet_01v8_hvt
No property nrs found for device sky130_fd_pr__pfet_01v8_hvt
No property area found for device sky130_fd_pr__pfet_01v8_hvt
No property perim found for device sky130_fd_pr__pfet_01v8_hvt
No property topography found for device sky130_fd_pr__pfet_01v8_hvt
Model sky130_fd_pr__special_nfet_01v8 pin 1 == 3
No property as found for device sky130_fd_pr__special_nfet_01v8
No property ad found for device sky130_fd_pr__special_nfet_01v8
No property ps found for device sky130_fd_pr__special_nfet_01v8
No property pd found for device sky130_fd_pr__special_nfet_01v8
No property mult found for device sky130_fd_pr__special_nfet_01v8
No property sa found for device sky130_fd_pr__special_nfet_01v8
No property sb found for device sky130_fd_pr__special_nfet_01v8
No property sd found for device sky130_fd_pr__special_nfet_01v8
No property nf found for device sky130_fd_pr__special_nfet_01v8
No property nrd found for device sky130_fd_pr__special_nfet_01v8
No property nrs found for device sky130_fd_pr__special_nfet_01v8
No property area found for device sky130_fd_pr__special_nfet_01v8
No property perim found for device sky130_fd_pr__special_nfet_01v8
No property topography found for device sky130_fd_pr__special_nfet_01v8
Model sky130_fd_pr__special_pfet_01v8_hvt pin 1 == 3
No property as found for device sky130_fd_pr__special_pfet_01v8_hvt
No property ad found for device sky130_fd_pr__special_pfet_01v8_hvt
No property ps found for device sky130_fd_pr__special_pfet_01v8_hvt
No property pd found for device sky130_fd_pr__special_pfet_01v8_hvt
No property mult found for device sky130_fd_pr__special_pfet_01v8_hvt
No property sa found for device sky130_fd_pr__special_pfet_01v8_hvt
No property sb found for device sky130_fd_pr__special_pfet_01v8_hvt
No property sd found for device sky130_fd_pr__special_pfet_01v8_hvt
No property nf found for device sky130_fd_pr__special_pfet_01v8_hvt
No property nrd found for device sky130_fd_pr__special_pfet_01v8_hvt
No property nrs found for device sky130_fd_pr__special_pfet_01v8_hvt
No property area found for device sky130_fd_pr__special_pfet_01v8_hvt
No property perim found for device sky130_fd_pr__special_pfet_01v8_hvt
No property topography found for device sky130_fd_pr__special_pfet_01v8_hvt
No property value found for device sky130_fd_pr__diode_pw2nd_05v5
No property mult found for device sky130_fd_pr__diode_pw2nd_05v5
Comparison output logged to file /home/misrrael2003/nebula-iii/openlane/team_00/runs/25_09_10_21_20/69-netgen-lvs/reports/lvs.netgen.rpt
Logging to file "/home/misrrael2003/nebula-iii/openlane/team_00/runs/25_09_10_21_20/69-netgen-lvs/reports/lvs.netgen.rpt" enabled

Contents of circuit 1:  Circuit: 'sky130_fd_sc_hd__fill_1'
Circuit sky130_fd_sc_hd__fill_1 contains 0 device instances.
Circuit contains 0 nets, and 4 disconnected pins.
Contents of circuit 2:  Circuit: 'sky130_fd_sc_hd__fill_1'
Circuit sky130_fd_sc_hd__fill_1 contains 0 device instances.
Circuit contains 0 nets, and 4 disconnected pins.

Circuit sky130_fd_sc_hd__fill_1 contains no devices.

Contents of circuit 1:  Circuit: 'sky130_fd_sc_hd__fill_4'
Circuit sky130_fd_sc_hd__fill_4 contains 0 device instances.
Circuit contains 0 nets, and 4 disconnected pins.
Contents of circuit 2:  Circuit: 'sky130_fd_sc_hd__fill_4'
Circuit sky130_fd_sc_hd__fill_4 contains 0 device instances.
Circuit contains 0 nets, and 4 disconnected pins.

Circuit sky130_fd_sc_hd__fill_4 contains no devices.

Contents of circuit 1:  Circuit: 'sky130_fd_sc_hd__fill_2'
Circuit sky130_fd_sc_hd__fill_2 contains 0 device instances.
Circuit contains 0 nets, and 4 disconnected pins.
Contents of circuit 2:  Circuit: 'sky130_fd_sc_hd__fill_2'
Circuit sky130_fd_sc_hd__fill_2 contains 0 device instances.
Circuit contains 0 nets, and 4 disconnected pins.

Circuit sky130_fd_sc_hd__fill_2 contains no devices.

Contents of circuit 1:  Circuit: 'sky130_ef_sc_hd__decap_40_12'
Circuit sky130_ef_sc_hd__decap_40_12 contains 0 device instances.
Circuit contains 0 nets, and 4 disconnected pins.
Contents of circuit 2:  Circuit: 'sky130_ef_sc_hd__decap_40_12'
Circuit sky130_ef_sc_hd__decap_40_12 contains 2 device instances.
  Class: sky130_fd_pr__nfet_01v8 instances:   1
  Class: sky130_fd_pr__pfet_01v8_hvt instances:   1
Circuit contains 4 nets.

Circuit sky130_ef_sc_hd__decap_40_12 contains no devices.

Contents of circuit 1:  Circuit: 'sky130_fd_sc_hd__diode_2'
Circuit sky130_fd_sc_hd__diode_2 contains 0 device instances.
Circuit contains 0 nets, and 5 disconnected pins.
Contents of circuit 2:  Circuit: 'sky130_fd_sc_hd__diode_2'
Circuit sky130_fd_sc_hd__diode_2 contains 1 device instances.
  Class: sky130_fd_pr__diode_pw2nd_05v5 instances:   1
Circuit contains 2 nets, and 3 disconnected pins.

Circuit sky130_fd_sc_hd__diode_2 contains no devices.

Contents of circuit 1:  Circuit: 'sky130_fd_sc_hd__tapvpwrvgnd_1'
Circuit sky130_fd_sc_hd__tapvpwrvgnd_1 contains 0 device instances.
Circuit contains 0 nets, and 2 disconnected pins.
Contents of circuit 2:  Circuit: 'sky130_fd_sc_hd__tapvpwrvgnd_1'
Circuit sky130_fd_sc_hd__tapvpwrvgnd_1 contains 0 device instances.
Circuit contains 0 nets, and 2 disconnected pins.

Circuit sky130_fd_sc_hd__tapvpwrvgnd_1 contains no devices.

Contents of circuit 1:  Circuit: 'sky130_fd_sc_hd__and3_1'
Circuit sky130_fd_sc_hd__and3_1 contains 0 device instances.
Circuit contains 0 nets, and 8 disconnected pins.
Contents of circuit 2:  Circuit: 'sky130_fd_sc_hd__and3_1'
Circuit sky130_fd_sc_hd__and3_1 contains 8 device instances.
  Class: sky130_fd_pr__nfet_01v8 instances:   4
  Class: sky130_fd_pr__pfet_01v8_hvt instances:   4
Circuit contains 11 nets.

Circuit sky130_fd_sc_hd__and3_1 contains no devices.

Contents of circuit 1:  Circuit: 'sky130_fd_sc_hd__a211o_1'
Circuit sky130_fd_sc_hd__a211o_1 contains 0 device instances.
Circuit contains 0 nets, and 9 disconnected pins.
Contents of circuit 2:  Circuit: 'sky130_fd_sc_hd__a211o_1'
Circuit sky130_fd_sc_hd__a211o_1 contains 10 device instances.
  Class: sky130_fd_pr__nfet_01v8 instances:   5
  Class: sky130_fd_pr__pfet_01v8_hvt instances:   5
Circuit contains 13 nets.

Circuit sky130_fd_sc_hd__a211o_1 contains no devices.

Contents of circuit 1:  Circuit: 'sky130_fd_sc_hd__clkbuf_2'
Circuit sky130_fd_sc_hd__clkbuf_2 contains 0 device instances.
Circuit contains 0 nets, and 6 disconnected pins.
Contents of circuit 2:  Circuit: 'sky130_fd_sc_hd__clkbuf_2'
Circuit sky130_fd_sc_hd__clkbuf_2 contains 6 device instances.
  Class: sky130_fd_pr__nfet_01v8 instances:   3
  Class: sky130_fd_pr__pfet_01v8_hvt instances:   3
Circuit contains 7 nets.

Circuit sky130_fd_sc_hd__clkbuf_2 contains no devices.

Contents of circuit 1:  Circuit: 'sky130_fd_sc_hd__conb_1'
Circuit sky130_fd_sc_hd__conb_1 contains 0 device instances.
Circuit contains 0 nets, and 6 disconnected pins.
Contents of circuit 2:  Circuit: 'sky130_fd_sc_hd__conb_1'
Circuit sky130_fd_sc_hd__conb_1 contains 2 device instances.
  Class: sky130_fd_pr__res_generic_po instances:   2
Circuit contains 4 nets, and 2 disconnected pins.

Circuit sky130_fd_sc_hd__conb_1 contains no devices.

Contents of circuit 1:  Circuit: 'sky130_fd_sc_hd__a21o_1'
Circuit sky130_fd_sc_hd__a21o_1 contains 0 device instances.
Circuit contains 0 nets, and 8 disconnected pins.
Contents of circuit 2:  Circuit: 'sky130_fd_sc_hd__a21o_1'
Circuit sky130_fd_sc_hd__a21o_1 contains 8 device instances.
  Class: sky130_fd_pr__nfet_01v8 instances:   4
  Class: sky130_fd_pr__pfet_01v8_hvt instances:   4
Circuit contains 11 nets.

Circuit sky130_fd_sc_hd__a21o_1 contains no devices.

Contents of circuit 1:  Circuit: 'sky130_fd_sc_hd__and2_1'
Circuit sky130_fd_sc_hd__and2_1 contains 0 device instances.
Circuit contains 0 nets, and 7 disconnected pins.
Contents of circuit 2:  Circuit: 'sky130_fd_sc_hd__and2_1'
Circuit sky130_fd_sc_hd__and2_1 contains 6 device instances.
  Class: sky130_fd_pr__nfet_01v8 instances:   3
  Class: sky130_fd_pr__pfet_01v8_hvt instances:   3
Circuit contains 9 nets.

Circuit sky130_fd_sc_hd__and2_1 contains no devices.

Contents of circuit 1:  Circuit: 'sky130_fd_sc_hd__xnor2_1'
Circuit sky130_fd_sc_hd__xnor2_1 contains 0 device instances.
Circuit contains 0 nets, and 7 disconnected pins.
Contents of circuit 2:  Circuit: 'sky130_fd_sc_hd__xnor2_1'
Circuit sky130_fd_sc_hd__xnor2_1 contains 10 device instances.
  Class: sky130_fd_pr__nfet_01v8 instances:   5
  Class: sky130_fd_pr__pfet_01v8_hvt instances:   5
Circuit contains 11 nets.

Circuit sky130_fd_sc_hd__xnor2_1 contains no devices.

Contents of circuit 1:  Circuit: 'sky130_fd_sc_hd__nand2_1'
Circuit sky130_fd_sc_hd__nand2_1 contains 0 device instances.
Circuit contains 0 nets, and 7 disconnected pins.
Contents of circuit 2:  Circuit: 'sky130_fd_sc_hd__nand2_1'
Circuit sky130_fd_sc_hd__nand2_1 contains 4 device instances.
  Class: sky130_fd_pr__nfet_01v8 instances:   2
  Class: sky130_fd_pr__pfet_01v8_hvt instances:   2
Circuit contains 8 nets.

Circuit sky130_fd_sc_hd__nand2_1 contains no devices.

Contents of circuit 1:  Circuit: 'sky130_fd_sc_hd__nand2b_1'
Circuit sky130_fd_sc_hd__nand2b_1 contains 0 device instances.
Circuit contains 0 nets, and 7 disconnected pins.
Contents of circuit 2:  Circuit: 'sky130_fd_sc_hd__nand2b_1'
Circuit sky130_fd_sc_hd__nand2b_1 contains 6 device instances.
  Class: sky130_fd_pr__nfet_01v8 instances:   3
  Class: sky130_fd_pr__pfet_01v8_hvt instances:   3
Circuit contains 9 nets.

Circuit sky130_fd_sc_hd__nand2b_1 contains no devices.

Contents of circuit 1:  Circuit: 'sky130_fd_sc_hd__o21bai_1'
Circuit sky130_fd_sc_hd__o21bai_1 contains 0 device instances.
Circuit contains 0 nets, and 8 disconnected pins.
Contents of circuit 2:  Circuit: 'sky130_fd_sc_hd__o21bai_1'
Circuit sky130_fd_sc_hd__o21bai_1 contains 8 device instances.
  Class: sky130_fd_pr__nfet_01v8 instances:   4
  Class: sky130_fd_pr__pfet_01v8_hvt instances:   4
Circuit contains 11 nets.

Circuit sky130_fd_sc_hd__o21bai_1 contains no devices.

Contents of circuit 1:  Circuit: 'sky130_fd_sc_hd__xor2_1'
Circuit sky130_fd_sc_hd__xor2_1 contains 0 device instances.
Circuit contains 0 nets, and 7 disconnected pins.
Contents of circuit 2:  Circuit: 'sky130_fd_sc_hd__xor2_1'
Circuit sky130_fd_sc_hd__xor2_1 contains 10 device instances.
  Class: sky130_fd_pr__nfet_01v8 instances:   5
  Class: sky130_fd_pr__pfet_01v8_hvt instances:   5
Circuit contains 11 nets.

Circuit sky130_fd_sc_hd__xor2_1 contains no devices.

Contents of circuit 1:  Circuit: 'sky130_fd_sc_hd__dfrtp_1'
Circuit sky130_fd_sc_hd__dfrtp_1 contains 0 device instances.
Circuit contains 0 nets, and 8 disconnected pins.
Contents of circuit 2:  Circuit: 'sky130_fd_sc_hd__dfrtp_1'
Circuit sky130_fd_sc_hd__dfrtp_1 contains 28 device instances.
  Class: sky130_fd_pr__nfet_01v8 instances:  10
  Class: sky130_fd_pr__pfet_01v8_hvt instances:  14
  Class: sky130_fd_pr__special_nfet_01v8 instances:   4
Circuit contains 21 nets.

Circuit sky130_fd_sc_hd__dfrtp_1 contains no devices.

Contents of circuit 1:  Circuit: 'sky130_fd_sc_hd__o221a_1'
Circuit sky130_fd_sc_hd__o221a_1 contains 0 device instances.
Circuit contains 0 nets, and 10 disconnected pins.
Contents of circuit 2:  Circuit: 'sky130_fd_sc_hd__o221a_1'
Circuit sky130_fd_sc_hd__o221a_1 contains 12 device instances.
  Class: sky130_fd_pr__nfet_01v8 instances:   6
  Class: sky130_fd_pr__pfet_01v8_hvt instances:   6
Circuit contains 15 nets.

Circuit sky130_fd_sc_hd__o221a_1 contains no devices.

Contents of circuit 1:  Circuit: 'sky130_fd_sc_hd__a21oi_1'
Circuit sky130_fd_sc_hd__a21oi_1 contains 0 device instances.
Circuit contains 0 nets, and 8 disconnected pins.
Contents of circuit 2:  Circuit: 'sky130_fd_sc_hd__a21oi_1'
Circuit sky130_fd_sc_hd__a21oi_1 contains 6 device instances.
  Class: sky130_fd_pr__nfet_01v8 instances:   3
  Class: sky130_fd_pr__pfet_01v8_hvt instances:   3
Circuit contains 10 nets.

Circuit sky130_fd_sc_hd__a21oi_1 contains no devices.

Contents of circuit 1:  Circuit: 'sky130_fd_sc_hd__or2_2'
Circuit sky130_fd_sc_hd__or2_2 contains 0 device instances.
Circuit contains 0 nets, and 7 disconnected pins.
Contents of circuit 2:  Circuit: 'sky130_fd_sc_hd__or2_2'
Circuit sky130_fd_sc_hd__or2_2 contains 8 device instances.
  Class: sky130_fd_pr__nfet_01v8 instances:   4
  Class: sky130_fd_pr__pfet_01v8_hvt instances:   4
Circuit contains 9 nets.

Circuit sky130_fd_sc_hd__or2_2 contains no devices.

Contents of circuit 1:  Circuit: 'sky130_fd_sc_hd__xnor2_2'
Circuit sky130_fd_sc_hd__xnor2_2 contains 0 device instances.
Circuit contains 0 nets, and 7 disconnected pins.
Contents of circuit 2:  Circuit: 'sky130_fd_sc_hd__xnor2_2'
Circuit sky130_fd_sc_hd__xnor2_2 contains 20 device instances.
  Class: sky130_fd_pr__nfet_01v8 instances:  10
  Class: sky130_fd_pr__pfet_01v8_hvt instances:  10
Circuit contains 11 nets.

Circuit sky130_fd_sc_hd__xnor2_2 contains no devices.

Contents of circuit 1:  Circuit: 'sky130_fd_sc_hd__nor3_1'
Circuit sky130_fd_sc_hd__nor3_1 contains 0 device instances.
Circuit contains 0 nets, and 8 disconnected pins.
Contents of circuit 2:  Circuit: 'sky130_fd_sc_hd__nor3_1'
Circuit sky130_fd_sc_hd__nor3_1 contains 6 device instances.
  Class: sky130_fd_pr__nfet_01v8 instances:   3
  Class: sky130_fd_pr__pfet_01v8_hvt instances:   3
Circuit contains 10 nets.

Circuit sky130_fd_sc_hd__nor3_1 contains no devices.

Contents of circuit 1:  Circuit: 'sky130_fd_sc_hd__fill_8'
Circuit sky130_fd_sc_hd__fill_8 contains 0 device instances.
Circuit contains 0 nets, and 4 disconnected pins.
Contents of circuit 2:  Circuit: 'sky130_fd_sc_hd__fill_8'
Circuit sky130_fd_sc_hd__fill_8 contains 0 device instances.
Circuit contains 0 nets, and 4 disconnected pins.

Circuit sky130_fd_sc_hd__fill_8 contains no devices.

Contents of circuit 1:  Circuit: 'sky130_fd_sc_hd__o211a_1'
Circuit sky130_fd_sc_hd__o211a_1 contains 0 device instances.
Circuit contains 0 nets, and 9 disconnected pins.
Contents of circuit 2:  Circuit: 'sky130_fd_sc_hd__o211a_1'
Circuit sky130_fd_sc_hd__o211a_1 contains 10 device instances.
  Class: sky130_fd_pr__nfet_01v8 instances:   5
  Class: sky130_fd_pr__pfet_01v8_hvt instances:   5
Circuit contains 13 nets.

Circuit sky130_fd_sc_hd__o211a_1 contains no devices.

Contents of circuit 1:  Circuit: 'sky130_fd_sc_hd__nor2_1'
Circuit sky130_fd_sc_hd__nor2_1 contains 0 device instances.
Circuit contains 0 nets, and 7 disconnected pins.
Contents of circuit 2:  Circuit: 'sky130_fd_sc_hd__nor2_1'
Circuit sky130_fd_sc_hd__nor2_1 contains 4 device instances.
  Class: sky130_fd_pr__nfet_01v8 instances:   2
  Class: sky130_fd_pr__pfet_01v8_hvt instances:   2
Circuit contains 8 nets.

Circuit sky130_fd_sc_hd__nor2_1 contains no devices.

Contents of circuit 1:  Circuit: 'sky130_fd_sc_hd__buf_2'
Circuit sky130_fd_sc_hd__buf_2 contains 0 device instances.
Circuit contains 0 nets, and 6 disconnected pins.
Contents of circuit 2:  Circuit: 'sky130_fd_sc_hd__buf_2'
Circuit sky130_fd_sc_hd__buf_2 contains 6 device instances.
  Class: sky130_fd_pr__nfet_01v8 instances:   3
  Class: sky130_fd_pr__pfet_01v8_hvt instances:   3
Circuit contains 7 nets.

Circuit sky130_fd_sc_hd__buf_2 contains no devices.

Contents of circuit 1:  Circuit: 'sky130_fd_sc_hd__o21ai_1'
Circuit sky130_fd_sc_hd__o21ai_1 contains 0 device instances.
Circuit contains 0 nets, and 8 disconnected pins.
Contents of circuit 2:  Circuit: 'sky130_fd_sc_hd__o21ai_1'
Circuit sky130_fd_sc_hd__o21ai_1 contains 6 device instances.
  Class: sky130_fd_pr__nfet_01v8 instances:   3
  Class: sky130_fd_pr__pfet_01v8_hvt instances:   3
Circuit contains 10 nets.

Circuit sky130_fd_sc_hd__o21ai_1 contains no devices.

Contents of circuit 1:  Circuit: 'sky130_fd_sc_hd__decap_3'
Circuit sky130_fd_sc_hd__decap_3 contains 0 device instances.
Circuit contains 0 nets, and 4 disconnected pins.
Contents of circuit 2:  Circuit: 'sky130_fd_sc_hd__decap_3'
Circuit sky130_fd_sc_hd__decap_3 contains 2 device instances.
  Class: sky130_fd_pr__nfet_01v8 instances:   1
  Class: sky130_fd_pr__pfet_01v8_hvt instances:   1
Circuit contains 4 nets.

Circuit sky130_fd_sc_hd__decap_3 contains no devices.

Contents of circuit 1:  Circuit: 'sky130_fd_sc_hd__inv_2'
Circuit sky130_fd_sc_hd__inv_2 contains 0 device instances.
Circuit contains 0 nets, and 6 disconnected pins.
Contents of circuit 2:  Circuit: 'sky130_fd_sc_hd__inv_2'
Circuit sky130_fd_sc_hd__inv_2 contains 4 device instances.
  Class: sky130_fd_pr__nfet_01v8 instances:   2
  Class: sky130_fd_pr__pfet_01v8_hvt instances:   2
Circuit contains 6 nets.

Circuit sky130_fd_sc_hd__inv_2 contains no devices.

Contents of circuit 1:  Circuit: 'sky130_fd_sc_hd__a21bo_1'
Circuit sky130_fd_sc_hd__a21bo_1 contains 0 device instances.
Circuit contains 0 nets, and 8 disconnected pins.
Contents of circuit 2:  Circuit: 'sky130_fd_sc_hd__a21bo_1'
Circuit sky130_fd_sc_hd__a21bo_1 contains 10 device instances.
  Class: sky130_fd_pr__nfet_01v8 instances:   5
  Class: sky130_fd_pr__pfet_01v8_hvt instances:   5
Circuit contains 12 nets.

Circuit sky130_fd_sc_hd__a21bo_1 contains no devices.

Contents of circuit 1:  Circuit: 'sky130_fd_sc_hd__a31o_1'
Circuit sky130_fd_sc_hd__a31o_1 contains 0 device instances.
Circuit contains 0 nets, and 9 disconnected pins.
Contents of circuit 2:  Circuit: 'sky130_fd_sc_hd__a31o_1'
Circuit sky130_fd_sc_hd__a31o_1 contains 10 device instances.
  Class: sky130_fd_pr__nfet_01v8 instances:   5
  Class: sky130_fd_pr__pfet_01v8_hvt instances:   5
Circuit contains 13 nets.

Circuit sky130_fd_sc_hd__a31o_1 contains no devices.

Contents of circuit 1:  Circuit: 'sky130_fd_sc_hd__or4_1'
Circuit sky130_fd_sc_hd__or4_1 contains 0 device instances.
Circuit contains 0 nets, and 9 disconnected pins.
Contents of circuit 2:  Circuit: 'sky130_fd_sc_hd__or4_1'
Circuit sky130_fd_sc_hd__or4_1 contains 10 device instances.
  Class: sky130_fd_pr__nfet_01v8 instances:   5
  Class: sky130_fd_pr__pfet_01v8_hvt instances:   5
Circuit contains 13 nets.

Circuit sky130_fd_sc_hd__or4_1 contains no devices.

Contents of circuit 1:  Circuit: 'sky130_fd_sc_hd__and4_1'
Circuit sky130_fd_sc_hd__and4_1 contains 0 device instances.
Circuit contains 0 nets, and 9 disconnected pins.
Contents of circuit 2:  Circuit: 'sky130_fd_sc_hd__and4_1'
Circuit sky130_fd_sc_hd__and4_1 contains 10 device instances.
  Class: sky130_fd_pr__nfet_01v8 instances:   5
  Class: sky130_fd_pr__pfet_01v8_hvt instances:   5
Circuit contains 13 nets.

Circuit sky130_fd_sc_hd__and4_1 contains no devices.

Contents of circuit 1:  Circuit: 'sky130_fd_sc_hd__or3_1'
Circuit sky130_fd_sc_hd__or3_1 contains 0 device instances.
Circuit contains 0 nets, and 8 disconnected pins.
Contents of circuit 2:  Circuit: 'sky130_fd_sc_hd__or3_1'
Circuit sky130_fd_sc_hd__or3_1 contains 8 device instances.
  Class: sky130_fd_pr__nfet_01v8 instances:   4
  Class: sky130_fd_pr__pfet_01v8_hvt instances:   4
Circuit contains 11 nets.

Circuit sky130_fd_sc_hd__or3_1 contains no devices.

Contents of circuit 1:  Circuit: 'sky130_fd_sc_hd__or2_1'
Circuit sky130_fd_sc_hd__or2_1 contains 0 device instances.
Circuit contains 0 nets, and 7 disconnected pins.
Contents of circuit 2:  Circuit: 'sky130_fd_sc_hd__or2_1'
Circuit sky130_fd_sc_hd__or2_1 contains 6 device instances.
  Class: sky130_fd_pr__nfet_01v8 instances:   3
  Class: sky130_fd_pr__pfet_01v8_hvt instances:   3
Circuit contains 9 nets.

Circuit sky130_fd_sc_hd__or2_1 contains no devices.

Contents of circuit 1:  Circuit: 'sky130_fd_sc_hd__xor2_2'
Circuit sky130_fd_sc_hd__xor2_2 contains 0 device instances.
Circuit contains 0 nets, and 7 disconnected pins.
Contents of circuit 2:  Circuit: 'sky130_fd_sc_hd__xor2_2'
Circuit sky130_fd_sc_hd__xor2_2 contains 20 device instances.
  Class: sky130_fd_pr__nfet_01v8 instances:  10
  Class: sky130_fd_pr__pfet_01v8_hvt instances:  10
Circuit contains 11 nets.

Circuit sky130_fd_sc_hd__xor2_2 contains no devices.

Contents of circuit 1:  Circuit: 'sky130_fd_sc_hd__dfrtp_2'
Circuit sky130_fd_sc_hd__dfrtp_2 contains 0 device instances.
Circuit contains 0 nets, and 8 disconnected pins.
Contents of circuit 2:  Circuit: 'sky130_fd_sc_hd__dfrtp_2'
Circuit sky130_fd_sc_hd__dfrtp_2 contains 30 device instances.
  Class: sky130_fd_pr__nfet_01v8 instances:  11
  Class: sky130_fd_pr__pfet_01v8_hvt instances:  15
  Class: sky130_fd_pr__special_nfet_01v8 instances:   4
Circuit contains 21 nets.

Circuit sky130_fd_sc_hd__dfrtp_2 contains no devices.

Contents of circuit 1:  Circuit: 'sky130_fd_sc_hd__and2b_1'
Circuit sky130_fd_sc_hd__and2b_1 contains 0 device instances.
Circuit contains 0 nets, and 7 disconnected pins.
Contents of circuit 2:  Circuit: 'sky130_fd_sc_hd__and2b_1'
Circuit sky130_fd_sc_hd__and2b_1 contains 8 device instances.
  Class: sky130_fd_pr__nfet_01v8 instances:   4
  Class: sky130_fd_pr__pfet_01v8_hvt instances:   4
Circuit contains 10 nets.

Circuit sky130_fd_sc_hd__and2b_1 contains no devices.

Contents of circuit 1:  Circuit: 'sky130_fd_sc_hd__nand2_2'
Circuit sky130_fd_sc_hd__nand2_2 contains 0 device instances.
Circuit contains 0 nets, and 7 disconnected pins.
Contents of circuit 2:  Circuit: 'sky130_fd_sc_hd__nand2_2'
Circuit sky130_fd_sc_hd__nand2_2 contains 8 device instances.
  Class: sky130_fd_pr__nfet_01v8 instances:   4
  Class: sky130_fd_pr__pfet_01v8_hvt instances:   4
Circuit contains 8 nets.

Circuit sky130_fd_sc_hd__nand2_2 contains no devices.

Contents of circuit 1:  Circuit: 'sky130_fd_sc_hd__a221o_1'
Circuit sky130_fd_sc_hd__a221o_1 contains 0 device instances.
Circuit contains 0 nets, and 10 disconnected pins.
Contents of circuit 2:  Circuit: 'sky130_fd_sc_hd__a221o_1'
Circuit sky130_fd_sc_hd__a221o_1 contains 12 device instances.
  Class: sky130_fd_pr__nfet_01v8 instances:   6
  Class: sky130_fd_pr__pfet_01v8_hvt instances:   6
Circuit contains 15 nets.

Circuit sky130_fd_sc_hd__a221o_1 contains no devices.

Contents of circuit 1:  Circuit: 'sky130_fd_sc_hd__clkbuf_4'
Circuit sky130_fd_sc_hd__clkbuf_4 contains 0 device instances.
Circuit contains 0 nets, and 6 disconnected pins.
Contents of circuit 2:  Circuit: 'sky130_fd_sc_hd__clkbuf_4'
Circuit sky130_fd_sc_hd__clkbuf_4 contains 10 device instances.
  Class: sky130_fd_pr__nfet_01v8 instances:   5
  Class: sky130_fd_pr__pfet_01v8_hvt instances:   5
Circuit contains 7 nets.

Circuit sky130_fd_sc_hd__clkbuf_4 contains no devices.

Contents of circuit 1:  Circuit: 'sky130_fd_sc_hd__or4b_1'
Circuit sky130_fd_sc_hd__or4b_1 contains 0 device instances.
Circuit contains 0 nets, and 9 disconnected pins.
Contents of circuit 2:  Circuit: 'sky130_fd_sc_hd__or4b_1'
Circuit sky130_fd_sc_hd__or4b_1 contains 12 device instances.
  Class: sky130_fd_pr__nfet_01v8 instances:   6
  Class: sky130_fd_pr__pfet_01v8_hvt instances:   6
Circuit contains 14 nets.

Circuit sky130_fd_sc_hd__or4b_1 contains no devices.

Contents of circuit 1:  Circuit: 'sky130_fd_sc_hd__clkbuf_1'
Circuit sky130_fd_sc_hd__clkbuf_1 contains 0 device instances.
Circuit contains 0 nets, and 6 disconnected pins.
Contents of circuit 2:  Circuit: 'sky130_fd_sc_hd__clkbuf_1'
Circuit sky130_fd_sc_hd__clkbuf_1 contains 4 device instances.
  Class: sky130_fd_pr__nfet_01v8 instances:   2
  Class: sky130_fd_pr__pfet_01v8_hvt instances:   2
Circuit contains 7 nets.

Circuit sky130_fd_sc_hd__clkbuf_1 contains no devices.

Contents of circuit 1:  Circuit: 'sky130_fd_sc_hd__o31a_1'
Circuit sky130_fd_sc_hd__o31a_1 contains 0 device instances.
Circuit contains 0 nets, and 9 disconnected pins.
Contents of circuit 2:  Circuit: 'sky130_fd_sc_hd__o31a_1'
Circuit sky130_fd_sc_hd__o31a_1 contains 10 device instances.
  Class: sky130_fd_pr__nfet_01v8 instances:   5
  Class: sky130_fd_pr__pfet_01v8_hvt instances:   5
Circuit contains 13 nets.

Circuit sky130_fd_sc_hd__o31a_1 contains no devices.

Contents of circuit 1:  Circuit: 'sky130_fd_sc_hd__a2bb2o_1'
Circuit sky130_fd_sc_hd__a2bb2o_1 contains 0 device instances.
Circuit contains 0 nets, and 9 disconnected pins.
Contents of circuit 2:  Circuit: 'sky130_fd_sc_hd__a2bb2o_1'
Circuit sky130_fd_sc_hd__a2bb2o_1 contains 12 device instances.
  Class: sky130_fd_pr__nfet_01v8 instances:   6
  Class: sky130_fd_pr__pfet_01v8_hvt instances:   6
Circuit contains 14 nets.

Circuit sky130_fd_sc_hd__a2bb2o_1 contains no devices.

Contents of circuit 1:  Circuit: 'sky130_fd_sc_hd__o22ai_1'
Circuit sky130_fd_sc_hd__o22ai_1 contains 0 device instances.
Circuit contains 0 nets, and 9 disconnected pins.
Contents of circuit 2:  Circuit: 'sky130_fd_sc_hd__o22ai_1'
Circuit sky130_fd_sc_hd__o22ai_1 contains 8 device instances.
  Class: sky130_fd_pr__nfet_01v8 instances:   4
  Class: sky130_fd_pr__pfet_01v8_hvt instances:   4
Circuit contains 12 nets.

Circuit sky130_fd_sc_hd__o22ai_1 contains no devices.

Contents of circuit 1:  Circuit: 'sky130_fd_sc_hd__or3b_1'
Circuit sky130_fd_sc_hd__or3b_1 contains 0 device instances.
Circuit contains 0 nets, and 8 disconnected pins.
Contents of circuit 2:  Circuit: 'sky130_fd_sc_hd__or3b_1'
Circuit sky130_fd_sc_hd__or3b_1 contains 10 device instances.
  Class: sky130_fd_pr__nfet_01v8 instances:   5
  Class: sky130_fd_pr__pfet_01v8_hvt instances:   5
Circuit contains 12 nets.

Circuit sky130_fd_sc_hd__or3b_1 contains no devices.

Contents of circuit 1:  Circuit: 'sky130_fd_sc_hd__a21boi_2'
Circuit sky130_fd_sc_hd__a21boi_2 contains 0 device instances.
Circuit contains 0 nets, and 8 disconnected pins.
Contents of circuit 2:  Circuit: 'sky130_fd_sc_hd__a21boi_2'
Circuit sky130_fd_sc_hd__a21boi_2 contains 14 device instances.
  Class: sky130_fd_pr__nfet_01v8 instances:   7
  Class: sky130_fd_pr__pfet_01v8_hvt instances:   7
Circuit contains 12 nets.

Circuit sky130_fd_sc_hd__a21boi_2 contains no devices.

Contents of circuit 1:  Circuit: 'sky130_fd_sc_hd__o31ai_2'
Circuit sky130_fd_sc_hd__o31ai_2 contains 0 device instances.
Circuit contains 0 nets, and 9 disconnected pins.
Contents of circuit 2:  Circuit: 'sky130_fd_sc_hd__o31ai_2'
Circuit sky130_fd_sc_hd__o31ai_2 contains 16 device instances.
  Class: sky130_fd_pr__nfet_01v8 instances:   8
  Class: sky130_fd_pr__pfet_01v8_hvt instances:   8
Circuit contains 12 nets.

Circuit sky130_fd_sc_hd__o31ai_2 contains no devices.

Contents of circuit 1:  Circuit: 'sky130_fd_sc_hd__o31ai_1'
Circuit sky130_fd_sc_hd__o31ai_1 contains 0 device instances.
Circuit contains 0 nets, and 9 disconnected pins.
Contents of circuit 2:  Circuit: 'sky130_fd_sc_hd__o31ai_1'
Circuit sky130_fd_sc_hd__o31ai_1 contains 8 device instances.
  Class: sky130_fd_pr__nfet_01v8 instances:   4
  Class: sky130_fd_pr__pfet_01v8_hvt instances:   4
Circuit contains 12 nets.

Circuit sky130_fd_sc_hd__o31ai_1 contains no devices.

Contents of circuit 1:  Circuit: 'sky130_fd_sc_hd__o211ai_1'
Circuit sky130_fd_sc_hd__o211ai_1 contains 0 device instances.
Circuit contains 0 nets, and 9 disconnected pins.
Contents of circuit 2:  Circuit: 'sky130_fd_sc_hd__o211ai_1'
Circuit sky130_fd_sc_hd__o211ai_1 contains 8 device instances.
  Class: sky130_fd_pr__nfet_01v8 instances:   4
  Class: sky130_fd_pr__pfet_01v8_hvt instances:   4
Circuit contains 12 nets.

Circuit sky130_fd_sc_hd__o211ai_1 contains no devices.

Contents of circuit 1:  Circuit: 'sky130_fd_sc_hd__or3b_4'
Circuit sky130_fd_sc_hd__or3b_4 contains 0 device instances.
Circuit contains 0 nets, and 8 disconnected pins.
Contents of circuit 2:  Circuit: 'sky130_fd_sc_hd__or3b_4'
Circuit sky130_fd_sc_hd__or3b_4 contains 16 device instances.
  Class: sky130_fd_pr__nfet_01v8 instances:   8
  Class: sky130_fd_pr__pfet_01v8_hvt instances:   8
Circuit contains 12 nets.

Circuit sky130_fd_sc_hd__or3b_4 contains no devices.

Contents of circuit 1:  Circuit: 'sky130_fd_sc_hd__bufinv_16'
Circuit sky130_fd_sc_hd__bufinv_16 contains 0 device instances.
Circuit contains 0 nets, and 6 disconnected pins.
Contents of circuit 2:  Circuit: 'sky130_fd_sc_hd__bufinv_16'
Circuit sky130_fd_sc_hd__bufinv_16 contains 50 device instances.
  Class: sky130_fd_pr__nfet_01v8 instances:  25
  Class: sky130_fd_pr__pfet_01v8_hvt instances:  25
Circuit contains 8 nets.

Circuit sky130_fd_sc_hd__bufinv_16 contains no devices.

Contents of circuit 1:  Circuit: 'sky130_fd_sc_hd__and3b_2'
Circuit sky130_fd_sc_hd__and3b_2 contains 0 device instances.
Circuit contains 0 nets, and 8 disconnected pins.
Contents of circuit 2:  Circuit: 'sky130_fd_sc_hd__and3b_2'
Circuit sky130_fd_sc_hd__and3b_2 contains 12 device instances.
  Class: sky130_fd_pr__nfet_01v8 instances:   6
  Class: sky130_fd_pr__pfet_01v8_hvt instances:   6
Circuit contains 12 nets.

Circuit sky130_fd_sc_hd__and3b_2 contains no devices.

Contents of circuit 1:  Circuit: 'sky130_fd_sc_hd__and4bb_1'
Circuit sky130_fd_sc_hd__and4bb_1 contains 0 device instances.
Circuit contains 0 nets, and 9 disconnected pins.
Contents of circuit 2:  Circuit: 'sky130_fd_sc_hd__and4bb_1'
Circuit sky130_fd_sc_hd__and4bb_1 contains 14 device instances.
  Class: sky130_fd_pr__nfet_01v8 instances:   7
  Class: sky130_fd_pr__pfet_01v8_hvt instances:   7
Circuit contains 15 nets.

Circuit sky130_fd_sc_hd__and4bb_1 contains no devices.

Contents of circuit 1:  Circuit: 'sky130_fd_sc_hd__o21ba_1'
Circuit sky130_fd_sc_hd__o21ba_1 contains 0 device instances.
Circuit contains 0 nets, and 8 disconnected pins.
Contents of circuit 2:  Circuit: 'sky130_fd_sc_hd__o21ba_1'
Circuit sky130_fd_sc_hd__o21ba_1 contains 10 device instances.
  Class: sky130_fd_pr__nfet_01v8 instances:   5
  Class: sky130_fd_pr__pfet_01v8_hvt instances:   5
Circuit contains 12 nets.

Circuit sky130_fd_sc_hd__o21ba_1 contains no devices.

Contents of circuit 1:  Circuit: 'sky130_fd_sc_hd__clkinv_2'
Circuit sky130_fd_sc_hd__clkinv_2 contains 0 device instances.
Circuit contains 0 nets, and 6 disconnected pins.
Contents of circuit 2:  Circuit: 'sky130_fd_sc_hd__clkinv_2'
Circuit sky130_fd_sc_hd__clkinv_2 contains 5 device instances.
  Class: sky130_fd_pr__nfet_01v8 instances:   2
  Class: sky130_fd_pr__pfet_01v8_hvt instances:   3
Circuit contains 6 nets.

Circuit sky130_fd_sc_hd__clkinv_2 contains no devices.

Contents of circuit 1:  Circuit: 'sky130_fd_sc_hd__o22a_1'
Circuit sky130_fd_sc_hd__o22a_1 contains 0 device instances.
Circuit contains 0 nets, and 9 disconnected pins.
Contents of circuit 2:  Circuit: 'sky130_fd_sc_hd__o22a_1'
Circuit sky130_fd_sc_hd__o22a_1 contains 10 device instances.
  Class: sky130_fd_pr__nfet_01v8 instances:   5
  Class: sky130_fd_pr__pfet_01v8_hvt instances:   5
Circuit contains 13 nets.

Circuit sky130_fd_sc_hd__o22a_1 contains no devices.

Contents of circuit 1:  Circuit: 'sky130_fd_sc_hd__nand3_1'
Circuit sky130_fd_sc_hd__nand3_1 contains 0 device instances.
Circuit contains 0 nets, and 8 disconnected pins.
Contents of circuit 2:  Circuit: 'sky130_fd_sc_hd__nand3_1'
Circuit sky130_fd_sc_hd__nand3_1 contains 6 device instances.
  Class: sky130_fd_pr__nfet_01v8 instances:   3
  Class: sky130_fd_pr__pfet_01v8_hvt instances:   3
Circuit contains 10 nets.

Circuit sky130_fd_sc_hd__nand3_1 contains no devices.

Contents of circuit 1:  Circuit: 'sky130_fd_sc_hd__nor3b_1'
Circuit sky130_fd_sc_hd__nor3b_1 contains 0 device instances.
Circuit contains 0 nets, and 8 disconnected pins.
Contents of circuit 2:  Circuit: 'sky130_fd_sc_hd__nor3b_1'
Circuit sky130_fd_sc_hd__nor3b_1 contains 8 device instances.
  Class: sky130_fd_pr__nfet_01v8 instances:   4
  Class: sky130_fd_pr__pfet_01v8_hvt instances:   4
Circuit contains 11 nets.

Circuit sky130_fd_sc_hd__nor3b_1 contains no devices.

Contents of circuit 1:  Circuit: 'sky130_fd_sc_hd__o2111ai_1'
Circuit sky130_fd_sc_hd__o2111ai_1 contains 0 device instances.
Circuit contains 0 nets, and 10 disconnected pins.
Contents of circuit 2:  Circuit: 'sky130_fd_sc_hd__o2111ai_1'
Circuit sky130_fd_sc_hd__o2111ai_1 contains 10 device instances.
  Class: sky130_fd_pr__nfet_01v8 instances:   5
  Class: sky130_fd_pr__pfet_01v8_hvt instances:   5
Circuit contains 14 nets.

Circuit sky130_fd_sc_hd__o2111ai_1 contains no devices.

Contents of circuit 1:  Circuit: 'sky130_fd_sc_hd__clkbuf_16'
Circuit sky130_fd_sc_hd__clkbuf_16 contains 0 device instances.
Circuit contains 0 nets, and 6 disconnected pins.
Contents of circuit 2:  Circuit: 'sky130_fd_sc_hd__clkbuf_16'
Circuit sky130_fd_sc_hd__clkbuf_16 contains 40 device instances.
  Class: sky130_fd_pr__nfet_01v8 instances:  20
  Class: sky130_fd_pr__pfet_01v8_hvt instances:  20
Circuit contains 7 nets.

Circuit sky130_fd_sc_hd__clkbuf_16 contains no devices.

Contents of circuit 1:  Circuit: 'sky130_fd_sc_hd__nand3b_1'
Circuit sky130_fd_sc_hd__nand3b_1 contains 0 device instances.
Circuit contains 0 nets, and 8 disconnected pins.
Contents of circuit 2:  Circuit: 'sky130_fd_sc_hd__nand3b_1'
Circuit sky130_fd_sc_hd__nand3b_1 contains 8 device instances.
  Class: sky130_fd_pr__nfet_01v8 instances:   4
  Class: sky130_fd_pr__pfet_01v8_hvt instances:   4
Circuit contains 11 nets.

Circuit sky130_fd_sc_hd__nand3b_1 contains no devices.

Contents of circuit 1:  Circuit: 'sky130_fd_sc_hd__and3b_1'
Circuit sky130_fd_sc_hd__and3b_1 contains 0 device instances.
Circuit contains 0 nets, and 8 disconnected pins.
Contents of circuit 2:  Circuit: 'sky130_fd_sc_hd__and3b_1'
Circuit sky130_fd_sc_hd__and3b_1 contains 10 device instances.
  Class: sky130_fd_pr__nfet_01v8 instances:   5
  Class: sky130_fd_pr__pfet_01v8_hvt instances:   5
Circuit contains 12 nets.

Circuit sky130_fd_sc_hd__and3b_1 contains no devices.

Contents of circuit 1:  Circuit: 'sky130_fd_sc_hd__a2111o_1'
Circuit sky130_fd_sc_hd__a2111o_1 contains 0 device instances.
Circuit contains 0 nets, and 10 disconnected pins.
Contents of circuit 2:  Circuit: 'sky130_fd_sc_hd__a2111o_1'
Circuit sky130_fd_sc_hd__a2111o_1 contains 12 device instances.
  Class: sky130_fd_pr__nfet_01v8 instances:   6
  Class: sky130_fd_pr__pfet_01v8_hvt instances:   6
Circuit contains 15 nets.

Circuit sky130_fd_sc_hd__a2111o_1 contains no devices.

Contents of circuit 1:  Circuit: 'sky130_fd_sc_hd__a21oi_2'
Circuit sky130_fd_sc_hd__a21oi_2 contains 0 device instances.
Circuit contains 0 nets, and 8 disconnected pins.
Contents of circuit 2:  Circuit: 'sky130_fd_sc_hd__a21oi_2'
Circuit sky130_fd_sc_hd__a21oi_2 contains 12 device instances.
  Class: sky130_fd_pr__nfet_01v8 instances:   6
  Class: sky130_fd_pr__pfet_01v8_hvt instances:   6
Circuit contains 11 nets.

Circuit sky130_fd_sc_hd__a21oi_2 contains no devices.

Contents of circuit 1:  Circuit: 'sky130_fd_sc_hd__o221ai_4'
Circuit sky130_fd_sc_hd__o221ai_4 contains 0 device instances.
Circuit contains 0 nets, and 10 disconnected pins.
Contents of circuit 2:  Circuit: 'sky130_fd_sc_hd__o221ai_4'
Circuit sky130_fd_sc_hd__o221ai_4 contains 40 device instances.
  Class: sky130_fd_pr__nfet_01v8 instances:  20
  Class: sky130_fd_pr__pfet_01v8_hvt instances:  20
Circuit contains 14 nets.

Circuit sky130_fd_sc_hd__o221ai_4 contains no devices.

Contents of circuit 1:  Circuit: 'sky130_fd_sc_hd__a211oi_1'
Circuit sky130_fd_sc_hd__a211oi_1 contains 0 device instances.
Circuit contains 0 nets, and 9 disconnected pins.
Contents of circuit 2:  Circuit: 'sky130_fd_sc_hd__a211oi_1'
Circuit sky130_fd_sc_hd__a211oi_1 contains 8 device instances.
  Class: sky130_fd_pr__nfet_01v8 instances:   4
  Class: sky130_fd_pr__pfet_01v8_hvt instances:   4
Circuit contains 12 nets.

Circuit sky130_fd_sc_hd__a211oi_1 contains no devices.

Contents of circuit 1:  Circuit: 'sky130_fd_sc_hd__dfrtp_4'
Circuit sky130_fd_sc_hd__dfrtp_4 contains 0 device instances.
Circuit contains 0 nets, and 8 disconnected pins.
Contents of circuit 2:  Circuit: 'sky130_fd_sc_hd__dfrtp_4'
Circuit sky130_fd_sc_hd__dfrtp_4 contains 34 device instances.
  Class: sky130_fd_pr__nfet_01v8 instances:  13
  Class: sky130_fd_pr__pfet_01v8_hvt instances:  17
  Class: sky130_fd_pr__special_nfet_01v8 instances:   4
Circuit contains 21 nets.

Circuit sky130_fd_sc_hd__dfrtp_4 contains no devices.

Contents of circuit 1:  Circuit: 'sky130_fd_sc_hd__a21boi_1'
Circuit sky130_fd_sc_hd__a21boi_1 contains 0 device instances.
Circuit contains 0 nets, and 8 disconnected pins.
Contents of circuit 2:  Circuit: 'sky130_fd_sc_hd__a21boi_1'
Circuit sky130_fd_sc_hd__a21boi_1 contains 8 device instances.
  Class: sky130_fd_pr__nfet_01v8 instances:   4
  Class: sky130_fd_pr__pfet_01v8_hvt instances:   4
Circuit contains 11 nets.

Circuit sky130_fd_sc_hd__a21boi_1 contains no devices.

Contents of circuit 1:  Circuit: 'sky130_fd_sc_hd__o21a_1'
Circuit sky130_fd_sc_hd__o21a_1 contains 0 device instances.
Circuit contains 0 nets, and 8 disconnected pins.
Contents of circuit 2:  Circuit: 'sky130_fd_sc_hd__o21a_1'
Circuit sky130_fd_sc_hd__o21a_1 contains 8 device instances.
  Class: sky130_fd_pr__nfet_01v8 instances:   4
  Class: sky130_fd_pr__pfet_01v8_hvt instances:   4
Circuit contains 11 nets.

Circuit sky130_fd_sc_hd__o21a_1 contains no devices.

Contents of circuit 1:  Circuit: 'sky130_fd_sc_hd__buf_1'
Circuit sky130_fd_sc_hd__buf_1 contains 0 device instances.
Circuit contains 0 nets, and 6 disconnected pins.
Contents of circuit 2:  Circuit: 'sky130_fd_sc_hd__buf_1'
Circuit sky130_fd_sc_hd__buf_1 contains 4 device instances.
  Class: sky130_fd_pr__nfet_01v8 instances:   2
  Class: sky130_fd_pr__pfet_01v8_hvt instances:   2
Circuit contains 7 nets.

Circuit sky130_fd_sc_hd__buf_1 contains no devices.

Contents of circuit 1:  Circuit: 'sky130_fd_sc_hd__a22oi_2'
Circuit sky130_fd_sc_hd__a22oi_2 contains 0 device instances.
Circuit contains 0 nets, and 9 disconnected pins.
Contents of circuit 2:  Circuit: 'sky130_fd_sc_hd__a22oi_2'
Circuit sky130_fd_sc_hd__a22oi_2 contains 16 device instances.
  Class: sky130_fd_pr__nfet_01v8 instances:   8
  Class: sky130_fd_pr__pfet_01v8_hvt instances:   8
Circuit contains 12 nets.

Circuit sky130_fd_sc_hd__a22oi_2 contains no devices.

Contents of circuit 1:  Circuit: 'sky130_fd_sc_hd__nor2_2'
Circuit sky130_fd_sc_hd__nor2_2 contains 0 device instances.
Circuit contains 0 nets, and 7 disconnected pins.
Contents of circuit 2:  Circuit: 'sky130_fd_sc_hd__nor2_2'
Circuit sky130_fd_sc_hd__nor2_2 contains 8 device instances.
  Class: sky130_fd_pr__nfet_01v8 instances:   4
  Class: sky130_fd_pr__pfet_01v8_hvt instances:   4
Circuit contains 8 nets.

Circuit sky130_fd_sc_hd__nor2_2 contains no devices.

Contents of circuit 1:  Circuit: 'sky130_fd_sc_hd__o311a_1'
Circuit sky130_fd_sc_hd__o311a_1 contains 0 device instances.
Circuit contains 0 nets, and 10 disconnected pins.
Contents of circuit 2:  Circuit: 'sky130_fd_sc_hd__o311a_1'
Circuit sky130_fd_sc_hd__o311a_1 contains 12 device instances.
  Class: sky130_fd_pr__nfet_01v8 instances:   6
  Class: sky130_fd_pr__pfet_01v8_hvt instances:   6
Circuit contains 15 nets.

Circuit sky130_fd_sc_hd__o311a_1 contains no devices.

Contents of circuit 1:  Circuit: 'sky130_fd_sc_hd__o221ai_2'
Circuit sky130_fd_sc_hd__o221ai_2 contains 0 device instances.
Circuit contains 0 nets, and 10 disconnected pins.
Contents of circuit 2:  Circuit: 'sky130_fd_sc_hd__o221ai_2'
Circuit sky130_fd_sc_hd__o221ai_2 contains 20 device instances.
  Class: sky130_fd_pr__nfet_01v8 instances:  10
  Class: sky130_fd_pr__pfet_01v8_hvt instances:  10
Circuit contains 14 nets.

Circuit sky130_fd_sc_hd__o221ai_2 contains no devices.

Contents of circuit 1:  Circuit: 'sky130_fd_sc_hd__and4b_1'
Circuit sky130_fd_sc_hd__and4b_1 contains 0 device instances.
Circuit contains 0 nets, and 9 disconnected pins.
Contents of circuit 2:  Circuit: 'sky130_fd_sc_hd__and4b_1'
Circuit sky130_fd_sc_hd__and4b_1 contains 12 device instances.
  Class: sky130_fd_pr__nfet_01v8 instances:   6
  Class: sky130_fd_pr__pfet_01v8_hvt instances:   6
Circuit contains 14 nets.

Circuit sky130_fd_sc_hd__and4b_1 contains no devices.

Contents of circuit 1:  Circuit: 'sky130_fd_sc_hd__a22o_1'
Circuit sky130_fd_sc_hd__a22o_1 contains 0 device instances.
Circuit contains 0 nets, and 9 disconnected pins.
Contents of circuit 2:  Circuit: 'sky130_fd_sc_hd__a22o_1'
Circuit sky130_fd_sc_hd__a22o_1 contains 10 device instances.
  Class: sky130_fd_pr__nfet_01v8 instances:   5
  Class: sky130_fd_pr__pfet_01v8_hvt instances:   5
Circuit contains 13 nets.

Circuit sky130_fd_sc_hd__a22o_1 contains no devices.

Contents of circuit 1:  Circuit: 'sky130_fd_sc_hd__or4bb_1'
Circuit sky130_fd_sc_hd__or4bb_1 contains 0 device instances.
Circuit contains 0 nets, and 9 disconnected pins.
Contents of circuit 2:  Circuit: 'sky130_fd_sc_hd__or4bb_1'
Circuit sky130_fd_sc_hd__or4bb_1 contains 14 device instances.
  Class: sky130_fd_pr__nfet_01v8 instances:   7
  Class: sky130_fd_pr__pfet_01v8_hvt instances:   7
Circuit contains 15 nets.

Circuit sky130_fd_sc_hd__or4bb_1 contains no devices.

Contents of circuit 1:  Circuit: 'sky130_fd_sc_hd__buf_4'
Circuit sky130_fd_sc_hd__buf_4 contains 0 device instances.
Circuit contains 0 nets, and 6 disconnected pins.
Contents of circuit 2:  Circuit: 'sky130_fd_sc_hd__buf_4'
Circuit sky130_fd_sc_hd__buf_4 contains 10 device instances.
  Class: sky130_fd_pr__nfet_01v8 instances:   5
  Class: sky130_fd_pr__pfet_01v8_hvt instances:   5
Circuit contains 7 nets.

Circuit sky130_fd_sc_hd__buf_4 contains no devices.

Contents of circuit 1:  Circuit: 'sky130_fd_sc_hd__nand4_1'
Circuit sky130_fd_sc_hd__nand4_1 contains 0 device instances.
Circuit contains 0 nets, and 9 disconnected pins.
Contents of circuit 2:  Circuit: 'sky130_fd_sc_hd__nand4_1'
Circuit sky130_fd_sc_hd__nand4_1 contains 8 device instances.
  Class: sky130_fd_pr__nfet_01v8 instances:   4
  Class: sky130_fd_pr__pfet_01v8_hvt instances:   4
Circuit contains 12 nets.

Circuit sky130_fd_sc_hd__nand4_1 contains no devices.

Contents of circuit 1:  Circuit: 'sky130_fd_sc_hd__a41o_1'
Circuit sky130_fd_sc_hd__a41o_1 contains 0 device instances.
Circuit contains 0 nets, and 10 disconnected pins.
Contents of circuit 2:  Circuit: 'sky130_fd_sc_hd__a41o_1'
Circuit sky130_fd_sc_hd__a41o_1 contains 12 device instances.
  Class: sky130_fd_pr__nfet_01v8 instances:   6
  Class: sky130_fd_pr__pfet_01v8_hvt instances:   6
Circuit contains 15 nets.

Circuit sky130_fd_sc_hd__a41o_1 contains no devices.

Contents of circuit 1:  Circuit: 'sky130_fd_sc_hd__nand4b_1'
Circuit sky130_fd_sc_hd__nand4b_1 contains 0 device instances.
Circuit contains 0 nets, and 9 disconnected pins.
Contents of circuit 2:  Circuit: 'sky130_fd_sc_hd__nand4b_1'
Circuit sky130_fd_sc_hd__nand4b_1 contains 10 device instances.
  Class: sky130_fd_pr__nfet_01v8 instances:   5
  Class: sky130_fd_pr__pfet_01v8_hvt instances:   5
Circuit contains 13 nets.

Circuit sky130_fd_sc_hd__nand4b_1 contains no devices.

Contents of circuit 1:  Circuit: 'sky130_fd_sc_hd__nand4_2'
Circuit sky130_fd_sc_hd__nand4_2 contains 0 device instances.
Circuit contains 0 nets, and 9 disconnected pins.
Contents of circuit 2:  Circuit: 'sky130_fd_sc_hd__nand4_2'
Circuit sky130_fd_sc_hd__nand4_2 contains 16 device instances.
  Class: sky130_fd_pr__nfet_01v8 instances:   8
  Class: sky130_fd_pr__pfet_01v8_hvt instances:   8
Circuit contains 12 nets.

Circuit sky130_fd_sc_hd__nand4_2 contains no devices.

Contents of circuit 1:  Circuit: 'sky130_fd_sc_hd__a221oi_2'
Circuit sky130_fd_sc_hd__a221oi_2 contains 0 device instances.
Circuit contains 0 nets, and 10 disconnected pins.
Contents of circuit 2:  Circuit: 'sky130_fd_sc_hd__a221oi_2'
Circuit sky130_fd_sc_hd__a221oi_2 contains 20 device instances.
  Class: sky130_fd_pr__nfet_01v8 instances:  10
  Class: sky130_fd_pr__pfet_01v8_hvt instances:  10
Circuit contains 14 nets.

Circuit sky130_fd_sc_hd__a221oi_2 contains no devices.

Contents of circuit 1:  Circuit: 'sky130_fd_sc_hd__a311o_1'
Circuit sky130_fd_sc_hd__a311o_1 contains 0 device instances.
Circuit contains 0 nets, and 10 disconnected pins.
Contents of circuit 2:  Circuit: 'sky130_fd_sc_hd__a311o_1'
Circuit sky130_fd_sc_hd__a311o_1 contains 12 device instances.
  Class: sky130_fd_pr__nfet_01v8 instances:   6
  Class: sky130_fd_pr__pfet_01v8_hvt instances:   6
Circuit contains 15 nets.

Circuit sky130_fd_sc_hd__a311o_1 contains no devices.

Contents of circuit 1:  Circuit: 'sky130_fd_sc_hd__o32a_1'
Circuit sky130_fd_sc_hd__o32a_1 contains 0 device instances.
Circuit contains 0 nets, and 10 disconnected pins.
Contents of circuit 2:  Circuit: 'sky130_fd_sc_hd__o32a_1'
Circuit sky130_fd_sc_hd__o32a_1 contains 12 device instances.
  Class: sky130_fd_pr__nfet_01v8 instances:   6
  Class: sky130_fd_pr__pfet_01v8_hvt instances:   6
Circuit contains 15 nets.

Circuit sky130_fd_sc_hd__o32a_1 contains no devices.

Contents of circuit 1:  Circuit: 'sky130_fd_sc_hd__dlymetal6s2s_1'
Circuit sky130_fd_sc_hd__dlymetal6s2s_1 contains 0 device instances.
Circuit contains 0 nets, and 6 disconnected pins.
Contents of circuit 2:  Circuit: 'sky130_fd_sc_hd__dlymetal6s2s_1'
Circuit sky130_fd_sc_hd__dlymetal6s2s_1 contains 12 device instances.
  Class: sky130_fd_pr__nfet_01v8 instances:   6
  Class: sky130_fd_pr__pfet_01v8_hvt instances:   6
Circuit contains 11 nets.

Circuit sky130_fd_sc_hd__dlymetal6s2s_1 contains no devices.

Contents of circuit 1:  Circuit: 'team_00'
Circuit team_00 contains 10181 device instances.
  Class: sky130_fd_sc_hd__bufinv_16 instances:   1
  Class: sky130_fd_sc_hd__o2111ai_1 instances:   2
  Class: sky130_fd_sc_hd__a41o_1 instances:   2
  Class: sky130_fd_sc_hd__a31o_1 instances:  20
  Class: sky130_fd_sc_hd__a21o_1 instances:  22
  Class: sky130_fd_sc_hd__clkbuf_16 instances:   5
  Class: sky130_fd_sc_hd__o31ai_1 instances:   9
  Class: sky130_fd_sc_hd__o31ai_2 instances:   6
  Class: sky130_fd_sc_hd__or4_1 instances:  14
  Class: sky130_fd_sc_hd__nand4_1 instances:   1
  Class: sky130_fd_sc_hd__buf_1 instances:   8
  Class: sky130_fd_sc_hd__nand4_2 instances:   2
  Class: sky130_fd_sc_hd__buf_2 instances:  82
  Class: sky130_fd_sc_hd__buf_4 instances:   6
  Class: sky130_fd_sc_hd__a2bb2o_1 instances:   2
  Class: sky130_fd_sc_hd__and3b_1 instances:   5
  Class: sky130_fd_sc_hd__and3b_2 instances:   2
  Class: sky130_fd_sc_hd__xor2_1 instances:  25
  Class: sky130_fd_sc_hd__xor2_2 instances:  12
  Class: sky130_fd_sc_hd__o221ai_2 instances:   1
  Class: sky130_fd_sc_hd__o221ai_4 instances:   1
  Class: sky130_fd_sc_hd__dfrtp_1 instances:  22
  Class: sky130_fd_sc_hd__dfrtp_2 instances:   9
  Class: sky130_fd_sc_hd__dfrtp_4 instances:   5
  Class: sky130_fd_sc_hd__and4_1 instances:   6
  Class: sky130_fd_sc_hd__inv_2 instances:  34
  Class: sky130_fd_sc_hd__clkbuf_1 instances:  34
  Class: sky130_fd_sc_hd__clkbuf_2 instances:  17
  Class: sky130_fd_sc_hd__clkbuf_4 instances:  11
  Class: sky130_fd_sc_hd__or3_1 instances:   8
  Class: sky130_fd_sc_hd__nand3_1 instances:   2
  Class: sky130_fd_sc_hd__o21ba_1 instances:   5
  Class: sky130_fd_sc_hd__and2b_1 instances:   7
  Class: sky130_fd_sc_hd__conb_1 instances:  32
  Class: sky130_fd_sc_hd__a21boi_1 instances:   1
  Class: sky130_fd_sc_hd__a21boi_2 instances:   4
  Class: sky130_fd_sc_hd__nand4b_1 instances:   1
  Class: sky130_fd_sc_hd__a21bo_1 instances:   4
  Class: sky130_fd_sc_hd__a221oi_2 instances:   1
  Class: sky130_fd_sc_hd__clkinv_2 instances:   1
  Class: sky130_fd_sc_hd__and3_1 instances:  53
  Class: sky130_fd_sc_hd__a2111o_1 instances:   2
  Class: sky130_fd_sc_hd__decap_3 instances: 204
  Class: sky130_fd_sc_hd__or2_1 instances:  39
  Class: sky130_fd_sc_hd__or2_2 instances:   5
  Class: sky130_fd_sc_hd__nand2_1 instances:  76
  Class: sky130_fd_sc_hd__nand2_2 instances:   3
  Class: sky130_fd_sc_hd__nand3b_1 instances:   1
  Class: sky130_fd_sc_hd__a211oi_1 instances:   4
  Class: sky130_fd_sc_hd__and2_1 instances:  25
  Class: sky130_fd_sc_hd__or4b_1 instances:   7
  Class: sky130_fd_sc_hd__o32a_1 instances:   1
  Class: sky130_fd_sc_hd__o22a_1 instances:   2
  Class: sky130_fd_sc_hd__xnor2_1 instances:  37
  Class: sky130_fd_sc_hd__xnor2_2 instances:  22
  Class: sky130_fd_sc_hd__nor3b_1 instances:   1
  Class: sky130_fd_sc_hd__o221a_1 instances:   8
  Class: sky130_fd_sc_hd__o21bai_1 instances:   2
  Class: sky130_fd_sc_hd__o211a_1 instances:  15
  Class: sky130_fd_sc_hd__nand2b_1 instances:   4
  Class: sky130_fd_sc_hd__diode_2 instances: 284
  Class: sky130_fd_sc_hd__a221o_1 instances:   7
  Class: sky130_fd_sc_hd__a211o_1 instances:   7
  Class: sky130_fd_sc_hd__or3b_1 instances:  10
  Class: sky130_fd_sc_hd__or3b_4 instances:   1
  Class: sky130_fd_sc_hd__dlymetal6s2s_1 instances:   1
  Class: sky130_fd_sc_hd__or4bb_1 instances:   2
  Class: sky130_fd_sc_hd__nor3_1 instances:   2
  Class: sky130_fd_sc_hd__a22o_1 instances:   3
  Class: sky130_fd_sc_hd__o31a_1 instances:   8
  Class: sky130_fd_sc_hd__o21a_1 instances:   2
  Class: sky130_fd_sc_hd__o311a_1 instances:   1
  Class: sky130_fd_sc_hd__o22ai_1 instances:   2
  Class: sky130_fd_sc_hd__a22oi_2 instances:   1
  Class: sky130_fd_sc_hd__and4b_1 instances:   3
  Class: sky130_fd_sc_hd__o21ai_1 instances:  13
  Class: sky130_fd_sc_hd__tapvpwrvgnd_1 instances: 1144
  Class: sky130_fd_sc_hd__a21oi_1 instances:  25
  Class: sky130_fd_sc_hd__a21oi_2 instances:   2
  Class: sky130_fd_sc_hd__a311o_1 instances:   1
  Class: sky130_fd_sc_hd__fill_1 instances: 1312
  Class: sky130_fd_sc_hd__fill_2 instances: 1163
  Class: sky130_fd_sc_hd__fill_4 instances: 1075
  Class: sky130_fd_sc_hd__fill_8 instances: 181
  Class: sky130_ef_sc_hd__decap_40_12 instances: 3907
  Class: sky130_fd_sc_hd__o211ai_1 instances:   2
  Class: sky130_fd_sc_hd__and4bb_1 instances:   1
  Class: sky130_fd_sc_hd__nor2_1 instances:  77
  Class: sky130_fd_sc_hd__nor2_2 instances:   1
Circuit contains 966 nets, and 94 disconnected pins.
Contents of circuit 2:  Circuit: 'team_00'
Circuit team_00 contains 10181 device instances.
  Class: sky130_fd_sc_hd__bufinv_16 instances:   1
  Class: sky130_fd_sc_hd__o2111ai_1 instances:   2
  Class: sky130_fd_sc_hd__a41o_1 instances:   2
  Class: sky130_fd_sc_hd__a31o_1 instances:  20
  Class: sky130_fd_sc_hd__a21o_1 instances:  22
  Class: sky130_fd_sc_hd__clkbuf_16 instances:   5
  Class: sky130_fd_sc_hd__o31ai_1 instances:   9
  Class: sky130_fd_sc_hd__o31ai_2 instances:   6
  Class: sky130_fd_sc_hd__or4_1 instances:  14
  Class: sky130_fd_sc_hd__nand4_1 instances:   1
  Class: sky130_fd_sc_hd__buf_1 instances:   8
  Class: sky130_fd_sc_hd__nand4_2 instances:   2
  Class: sky130_fd_sc_hd__buf_2 instances:  82
  Class: sky130_fd_sc_hd__buf_4 instances:   6
  Class: sky130_fd_sc_hd__a2bb2o_1 instances:   2
  Class: sky130_fd_sc_hd__and3b_1 instances:   5
  Class: sky130_fd_sc_hd__and3b_2 instances:   2
  Class: sky130_fd_sc_hd__xor2_1 instances:  25
  Class: sky130_fd_sc_hd__xor2_2 instances:  12
  Class: sky130_fd_sc_hd__o221ai_2 instances:   1
  Class: sky130_fd_sc_hd__o221ai_4 instances:   1
  Class: sky130_fd_sc_hd__dfrtp_1 instances:  22
  Class: sky130_fd_sc_hd__dfrtp_2 instances:   9
  Class: sky130_fd_sc_hd__dfrtp_4 instances:   5
  Class: sky130_fd_sc_hd__and4_1 instances:   6
  Class: sky130_fd_sc_hd__inv_2 instances:  34
  Class: sky130_fd_sc_hd__clkbuf_1 instances:  34
  Class: sky130_fd_sc_hd__clkbuf_2 instances:  17
  Class: sky130_fd_sc_hd__clkbuf_4 instances:  11
  Class: sky130_fd_sc_hd__or3_1 instances:   8
  Class: sky130_fd_sc_hd__nand3_1 instances:   2
  Class: sky130_fd_sc_hd__o21ba_1 instances:   5
  Class: sky130_fd_sc_hd__and2b_1 instances:   7
  Class: sky130_fd_sc_hd__conb_1 instances:  32
  Class: sky130_fd_sc_hd__a21boi_1 instances:   1
  Class: sky130_fd_sc_hd__a21boi_2 instances:   4
  Class: sky130_fd_sc_hd__nand4b_1 instances:   1
  Class: sky130_fd_sc_hd__a21bo_1 instances:   4
  Class: sky130_fd_sc_hd__a221oi_2 instances:   1
  Class: sky130_fd_sc_hd__clkinv_2 instances:   1
  Class: sky130_fd_sc_hd__and3_1 instances:  53
  Class: sky130_fd_sc_hd__a2111o_1 instances:   2
  Class: sky130_fd_sc_hd__decap_3 instances: 204
  Class: sky130_fd_sc_hd__or2_1 instances:  39
  Class: sky130_fd_sc_hd__or2_2 instances:   5
  Class: sky130_fd_sc_hd__nand2_1 instances:  76
  Class: sky130_fd_sc_hd__nand2_2 instances:   3
  Class: sky130_fd_sc_hd__nand3b_1 instances:   1
  Class: sky130_fd_sc_hd__and2_1 instances:  25
  Class: sky130_fd_sc_hd__a211oi_1 instances:   4
  Class: sky130_fd_sc_hd__or4b_1 instances:   7
  Class: sky130_fd_sc_hd__o32a_1 instances:   1
  Class: sky130_fd_sc_hd__o22a_1 instances:   2
  Class: sky130_fd_sc_hd__xnor2_1 instances:  37
  Class: sky130_fd_sc_hd__xnor2_2 instances:  22
  Class: sky130_fd_sc_hd__nor3b_1 instances:   1
  Class: sky130_fd_sc_hd__o221a_1 instances:   8
  Class: sky130_fd_sc_hd__o21bai_1 instances:   2
  Class: sky130_fd_sc_hd__o211a_1 instances:  15
  Class: sky130_fd_sc_hd__nand2b_1 instances:   4
  Class: sky130_fd_sc_hd__diode_2 instances: 284
  Class: sky130_fd_sc_hd__a221o_1 instances:   7
  Class: sky130_fd_sc_hd__a211o_1 instances:   7
  Class: sky130_fd_sc_hd__or3b_1 instances:  10
  Class: sky130_fd_sc_hd__or3b_4 instances:   1
  Class: sky130_fd_sc_hd__dlymetal6s2s_1 instances:   1
  Class: sky130_fd_sc_hd__or4bb_1 instances:   2
  Class: sky130_fd_sc_hd__nor3_1 instances:   2
  Class: sky130_fd_sc_hd__a22o_1 instances:   3
  Class: sky130_fd_sc_hd__o31a_1 instances:   8
  Class: sky130_fd_sc_hd__o21a_1 instances:   2
  Class: sky130_fd_sc_hd__o311a_1 instances:   1
  Class: sky130_fd_sc_hd__o22ai_1 instances:   2
  Class: sky130_fd_sc_hd__a22oi_2 instances:   1
  Class: sky130_fd_sc_hd__and4b_1 instances:   3
  Class: sky130_fd_sc_hd__o21ai_1 instances:  13
  Class: sky130_fd_sc_hd__tapvpwrvgnd_1 instances: 1144
  Class: sky130_fd_sc_hd__a21oi_1 instances:  25
  Class: sky130_fd_sc_hd__a21oi_2 instances:   2
  Class: sky130_fd_sc_hd__a311o_1 instances:   1
  Class: sky130_fd_sc_hd__fill_1 instances: 1312
  Class: sky130_fd_sc_hd__fill_2 instances: 1163
  Class: sky130_fd_sc_hd__fill_4 instances: 1075
  Class: sky130_fd_sc_hd__fill_8 instances: 181
  Class: sky130_ef_sc_hd__decap_40_12 instances: 3907
  Class: sky130_fd_sc_hd__o211ai_1 instances:   2
  Class: sky130_fd_sc_hd__and4bb_1 instances:   1
  Class: sky130_fd_sc_hd__nor2_1 instances:  77
  Class: sky130_fd_sc_hd__nor2_2 instances:   1
Circuit contains 966 nets, and 94 disconnected pins.

Circuit was modified by parallel/series device merging.
New circuit summary:

Contents of circuit 1:  Circuit: 'team_00'
Circuit team_00 contains 973 device instances.
  Class: sky130_fd_sc_hd__bufinv_16 instances:   1
  Class: sky130_fd_sc_hd__o2111ai_1 instances:   2
  Class: sky130_fd_sc_hd__a41o_1 instances:   2
  Class: sky130_fd_sc_hd__a31o_1 instances:  20
  Class: sky130_fd_sc_hd__a21o_1 instances:  22
  Class: sky130_fd_sc_hd__clkbuf_16 instances:   5
  Class: sky130_fd_sc_hd__o31ai_1 instances:   9
  Class: sky130_fd_sc_hd__o31ai_2 instances:   6
  Class: sky130_fd_sc_hd__or4_1 instances:  14
  Class: sky130_fd_sc_hd__nand4_1 instances:   1
  Class: sky130_fd_sc_hd__buf_1 instances:   8
  Class: sky130_fd_sc_hd__nand4_2 instances:   2
  Class: sky130_fd_sc_hd__buf_2 instances:  82
  Class: sky130_fd_sc_hd__buf_4 instances:   6
  Class: sky130_fd_sc_hd__a2bb2o_1 instances:   2
  Class: sky130_fd_sc_hd__and3b_1 instances:   5
  Class: sky130_fd_sc_hd__and3b_2 instances:   2
  Class: sky130_fd_sc_hd__xor2_1 instances:  25
  Class: sky130_fd_sc_hd__xor2_2 instances:  12
  Class: sky130_fd_sc_hd__o221ai_2 instances:   1
  Class: sky130_fd_sc_hd__o221ai_4 instances:   1
  Class: sky130_fd_sc_hd__dfrtp_1 instances:  22
  Class: sky130_fd_sc_hd__dfrtp_2 instances:   9
  Class: sky130_fd_sc_hd__dfrtp_4 instances:   5
  Class: sky130_fd_sc_hd__and4_1 instances:   6
  Class: sky130_fd_sc_hd__inv_2 instances:  34
  Class: sky130_fd_sc_hd__clkbuf_1 instances:  34
  Class: sky130_fd_sc_hd__clkbuf_2 instances:  17
  Class: sky130_fd_sc_hd__clkbuf_4 instances:  11
  Class: sky130_fd_sc_hd__or3_1 instances:   8
  Class: sky130_fd_sc_hd__nand3_1 instances:   2
  Class: sky130_fd_sc_hd__o21ba_1 instances:   5
  Class: sky130_fd_sc_hd__and2b_1 instances:   7
  Class: sky130_fd_sc_hd__conb_1 instances:  32
  Class: sky130_fd_sc_hd__a21boi_1 instances:   1
  Class: sky130_fd_sc_hd__a21boi_2 instances:   4
  Class: sky130_fd_sc_hd__nand4b_1 instances:   1
  Class: sky130_fd_sc_hd__a21bo_1 instances:   4
  Class: sky130_fd_sc_hd__a221oi_2 instances:   1
  Class: sky130_fd_sc_hd__clkinv_2 instances:   1
  Class: sky130_fd_sc_hd__and3_1 instances:  53
  Class: sky130_fd_sc_hd__a2111o_1 instances:   2
  Class: sky130_fd_sc_hd__decap_3 instances:   1
  Class: sky130_fd_sc_hd__or2_1 instances:  39
  Class: sky130_fd_sc_hd__or2_2 instances:   5
  Class: sky130_fd_sc_hd__nand2_1 instances:  76
  Class: sky130_fd_sc_hd__nand2_2 instances:   3
  Class: sky130_fd_sc_hd__nand3b_1 instances:   1
  Class: sky130_fd_sc_hd__a211oi_1 instances:   4
  Class: sky130_fd_sc_hd__and2_1 instances:  25
  Class: sky130_fd_sc_hd__or4b_1 instances:   7
  Class: sky130_fd_sc_hd__o32a_1 instances:   1
  Class: sky130_fd_sc_hd__o22a_1 instances:   2
  Class: sky130_fd_sc_hd__xnor2_1 instances:  37
  Class: sky130_fd_sc_hd__xnor2_2 instances:  22
  Class: sky130_fd_sc_hd__nor3b_1 instances:   1
  Class: sky130_fd_sc_hd__o221a_1 instances:   8
  Class: sky130_fd_sc_hd__o21bai_1 instances:   2
  Class: sky130_fd_sc_hd__o211a_1 instances:  15
  Class: sky130_fd_sc_hd__nand2b_1 instances:   4
  Class: sky130_fd_sc_hd__diode_2 instances:  55
  Class: sky130_fd_sc_hd__a221o_1 instances:   7
  Class: sky130_fd_sc_hd__a211o_1 instances:   7
  Class: sky130_fd_sc_hd__or3b_1 instances:  10
  Class: sky130_fd_sc_hd__or3b_4 instances:   1
  Class: sky130_fd_sc_hd__dlymetal6s2s_1 instances:   1
  Class: sky130_fd_sc_hd__or4bb_1 instances:   2
  Class: sky130_fd_sc_hd__nor3_1 instances:   2
  Class: sky130_fd_sc_hd__a22o_1 instances:   3
  Class: sky130_fd_sc_hd__o31a_1 instances:   8
  Class: sky130_fd_sc_hd__o21a_1 instances:   2
  Class: sky130_fd_sc_hd__o311a_1 instances:   1
  Class: sky130_fd_sc_hd__o22ai_1 instances:   2
  Class: sky130_fd_sc_hd__a22oi_2 instances:   1
  Class: sky130_fd_sc_hd__and4b_1 instances:   3
  Class: sky130_fd_sc_hd__o21ai_1 instances:  13
  Class: sky130_fd_sc_hd__tapvpwrvgnd_1 instances:   1
  Class: sky130_fd_sc_hd__a21oi_1 instances:  25
  Class: sky130_fd_sc_hd__a21oi_2 instances:   2
  Class: sky130_fd_sc_hd__a311o_1 instances:   1
  Class: sky130_fd_sc_hd__fill_1 instances:   1
  Class: sky130_fd_sc_hd__fill_2 instances:   1
  Class: sky130_fd_sc_hd__fill_4 instances:   1
  Class: sky130_fd_sc_hd__fill_8 instances:   1
  Class: sky130_ef_sc_hd__decap_40_12 instances:   1
  Class: sky130_fd_sc_hd__o211ai_1 instances:   2
  Class: sky130_fd_sc_hd__and4bb_1 instances:   1
  Class: sky130_fd_sc_hd__nor2_1 instances:  77
  Class: sky130_fd_sc_hd__nor2_2 instances:   1
Circuit contains 966 nets, and 94 disconnected pins.
Contents of circuit 2:  Circuit: 'team_00'
Circuit team_00 contains 973 device instances.
  Class: sky130_fd_sc_hd__bufinv_16 instances:   1
  Class: sky130_fd_sc_hd__o2111ai_1 instances:   2
  Class: sky130_fd_sc_hd__a41o_1 instances:   2
  Class: sky130_fd_sc_hd__a31o_1 instances:  20
  Class: sky130_fd_sc_hd__a21o_1 instances:  22
  Class: sky130_fd_sc_hd__clkbuf_16 instances:   5
  Class: sky130_fd_sc_hd__o31ai_1 instances:   9
  Class: sky130_fd_sc_hd__o31ai_2 instances:   6
  Class: sky130_fd_sc_hd__or4_1 instances:  14
  Class: sky130_fd_sc_hd__nand4_1 instances:   1
  Class: sky130_fd_sc_hd__buf_1 instances:   8
  Class: sky130_fd_sc_hd__nand4_2 instances:   2
  Class: sky130_fd_sc_hd__buf_2 instances:  82
  Class: sky130_fd_sc_hd__buf_4 instances:   6
  Class: sky130_fd_sc_hd__a2bb2o_1 instances:   2
  Class: sky130_fd_sc_hd__and3b_1 instances:   5
  Class: sky130_fd_sc_hd__and3b_2 instances:   2
  Class: sky130_fd_sc_hd__xor2_1 instances:  25
  Class: sky130_fd_sc_hd__xor2_2 instances:  12
  Class: sky130_fd_sc_hd__o221ai_2 instances:   1
  Class: sky130_fd_sc_hd__o221ai_4 instances:   1
  Class: sky130_fd_sc_hd__dfrtp_1 instances:  22
  Class: sky130_fd_sc_hd__dfrtp_2 instances:   9
  Class: sky130_fd_sc_hd__dfrtp_4 instances:   5
  Class: sky130_fd_sc_hd__and4_1 instances:   6
  Class: sky130_fd_sc_hd__inv_2 instances:  34
  Class: sky130_fd_sc_hd__clkbuf_1 instances:  34
  Class: sky130_fd_sc_hd__clkbuf_2 instances:  17
  Class: sky130_fd_sc_hd__clkbuf_4 instances:  11
  Class: sky130_fd_sc_hd__or3_1 instances:   8
  Class: sky130_fd_sc_hd__nand3_1 instances:   2
  Class: sky130_fd_sc_hd__o21ba_1 instances:   5
  Class: sky130_fd_sc_hd__and2b_1 instances:   7
  Class: sky130_fd_sc_hd__conb_1 instances:  32
  Class: sky130_fd_sc_hd__a21boi_1 instances:   1
  Class: sky130_fd_sc_hd__a21boi_2 instances:   4
  Class: sky130_fd_sc_hd__nand4b_1 instances:   1
  Class: sky130_fd_sc_hd__a21bo_1 instances:   4
  Class: sky130_fd_sc_hd__a221oi_2 instances:   1
  Class: sky130_fd_sc_hd__clkinv_2 instances:   1
  Class: sky130_fd_sc_hd__and3_1 instances:  53
  Class: sky130_fd_sc_hd__a2111o_1 instances:   2
  Class: sky130_fd_sc_hd__decap_3 instances:   1
  Class: sky130_fd_sc_hd__or2_1 instances:  39
  Class: sky130_fd_sc_hd__or2_2 instances:   5
  Class: sky130_fd_sc_hd__nand2_1 instances:  76
  Class: sky130_fd_sc_hd__nand2_2 instances:   3
  Class: sky130_fd_sc_hd__nand3b_1 instances:   1
  Class: sky130_fd_sc_hd__and2_1 instances:  25
  Class: sky130_fd_sc_hd__a211oi_1 instances:   4
  Class: sky130_fd_sc_hd__or4b_1 instances:   7
  Class: sky130_fd_sc_hd__o32a_1 instances:   1
  Class: sky130_fd_sc_hd__o22a_1 instances:   2
  Class: sky130_fd_sc_hd__xnor2_1 instances:  37
  Class: sky130_fd_sc_hd__xnor2_2 instances:  22
  Class: sky130_fd_sc_hd__nor3b_1 instances:   1
  Class: sky130_fd_sc_hd__o221a_1 instances:   8
  Class: sky130_fd_sc_hd__o21bai_1 instances:   2
  Class: sky130_fd_sc_hd__o211a_1 instances:  15
  Class: sky130_fd_sc_hd__nand2b_1 instances:   4
  Class: sky130_fd_sc_hd__diode_2 instances:  55
  Class: sky130_fd_sc_hd__a221o_1 instances:   7
  Class: sky130_fd_sc_hd__a211o_1 instances:   7
  Class: sky130_fd_sc_hd__or3b_1 instances:  10
  Class: sky130_fd_sc_hd__or3b_4 instances:   1
  Class: sky130_fd_sc_hd__dlymetal6s2s_1 instances:   1
  Class: sky130_fd_sc_hd__or4bb_1 instances:   2
  Class: sky130_fd_sc_hd__nor3_1 instances:   2
  Class: sky130_fd_sc_hd__a22o_1 instances:   3
  Class: sky130_fd_sc_hd__o31a_1 instances:   8
  Class: sky130_fd_sc_hd__o21a_1 instances:   2
  Class: sky130_fd_sc_hd__o311a_1 instances:   1
  Class: sky130_fd_sc_hd__o22ai_1 instances:   2
  Class: sky130_fd_sc_hd__a22oi_2 instances:   1
  Class: sky130_fd_sc_hd__and4b_1 instances:   3
  Class: sky130_fd_sc_hd__o21ai_1 instances:  13
  Class: sky130_fd_sc_hd__tapvpwrvgnd_1 instances:   1
  Class: sky130_fd_sc_hd__a21oi_1 instances:  25
  Class: sky130_fd_sc_hd__a21oi_2 instances:   2
  Class: sky130_fd_sc_hd__a311o_1 instances:   1
  Class: sky130_fd_sc_hd__fill_1 instances:   1
  Class: sky130_fd_sc_hd__fill_2 instances:   1
  Class: sky130_fd_sc_hd__fill_4 instances:   1
  Class: sky130_fd_sc_hd__fill_8 instances:   1
  Class: sky130_ef_sc_hd__decap_40_12 instances:   1
  Class: sky130_fd_sc_hd__o211ai_1 instances:   2
  Class: sky130_fd_sc_hd__and4bb_1 instances:   1
  Class: sky130_fd_sc_hd__nor2_1 instances:  77
  Class: sky130_fd_sc_hd__nor2_2 instances:   1
Circuit contains 966 nets, and 94 disconnected pins.

Circuit 1 contains 973 devices, Circuit 2 contains 973 devices.
Circuit 1 contains 966 nets,    Circuit 2 contains 966 nets.


Final result: 
Circuits match uniquely.
.
Logging to file "/home/misrrael2003/nebula-iii/openlane/team_00/runs/25_09_10_21_20/69-netgen-lvs/reports/lvs.netgen.rpt" disabled
LVS Done.
