Clock: clk
Sources: clk 
Generated: no
Virtual: yes
Propagated: no
Period: 25.000000

===========================================================================
report_clock_properties
============================================================================
Clock                   Period          Waveform
----------------------------------------------------
clk                  25.000000    0.000000 12.500000

===========================================================================
report_clock_latency
============================================================================
Clock clk
rise -> rise
    min     max
0.000000 0.000000 source latency
0.451224         network latency _1027_/CLK
        0.463173 network latency _0952_/CLK
---------------
0.451224 0.463173 latency
        0.011949 skew

fall -> fall
    min     max
0.000000 0.000000 source latency
0.398535         network latency _1027_/CLK
        0.407652 network latency _0952_/CLK
---------------
0.398535 0.407652 latency
        0.009116 skew



===========================================================================
report_clock_min_period
============================================================================
clk period_min = 3.83 fmax = 260.91
