Clock: clk
Sources: clk 
Generated: no
Virtual: yes
Propagated: no
Period: 25.000000

===========================================================================
report_clock_properties
============================================================================
Clock                   Period          Waveform
----------------------------------------------------
clk                  25.000000    0.000000 12.500000

===========================================================================
report_clock_latency
============================================================================
Clock clk
rise -> rise
    min     max
0.000000 0.000000 source latency
0.461591         network latency _0974_/CLK
        0.475629 network latency _0952_/CLK
---------------
0.461591 0.475629 latency
        0.014039 skew

fall -> fall
    min     max
0.000000 0.000000 source latency
0.405312         network latency _0974_/CLK
        0.416168 network latency _0952_/CLK
---------------
0.405312 0.416168 latency
        0.010856 skew



===========================================================================
report_clock_min_period
============================================================================
clk period_min = 3.89 fmax = 256.89
