
===========================================================================
report_checks -unconstrained
===========================================================================
======================= min_tt_025C_1v80 Corner ===================================

Startpoint: nrst (input port clocked by clk)
Endpoint: _3423_ (recovery check against rising-edge clock clk)
Path Group: asynchronous
Path Type: max

Fanout         Cap        Slew       Delay        Time   Description
---------------------------------------------------------------------------------------------
                                  0.000000    0.000000   clock clk (rise edge)
                                  0.000000    0.000000   clock network delay (propagated)
                                 20.000000   20.000000 ^ input external delay
     2    0.014561    0.071447    0.048619   20.048620 ^ nrst (in)
                                                         nrst (net)
                      0.071448    0.000000   20.048620 ^ input70/A (sky130_fd_sc_hd__buf_2)
     5    0.052888    0.257587    0.268924   20.317543 ^ input70/X (sky130_fd_sc_hd__buf_2)
                                                         net70 (net)
                      0.257590    0.000750   20.318293 ^ fanout240/A (sky130_fd_sc_hd__clkbuf_2)
     5    0.041027    0.224601    0.295065   20.613359 ^ fanout240/X (sky130_fd_sc_hd__clkbuf_2)
                                                         net240 (net)
                      0.224601    0.000444   20.613802 ^ fanout239/A (sky130_fd_sc_hd__buf_2)
     6    0.057461    0.279681    0.330461   20.944263 ^ fanout239/X (sky130_fd_sc_hd__buf_2)
                                                         net239 (net)
                      0.279681    0.000835   20.945099 ^ fanout232/A (sky130_fd_sc_hd__clkbuf_2)
     6    0.030217    0.168814    0.261675   21.206774 ^ fanout232/X (sky130_fd_sc_hd__clkbuf_2)
                                                         net232 (net)
                      0.168814    0.000096   21.206869 ^ fanout231/A (sky130_fd_sc_hd__clkbuf_4)
    10    0.048750    0.153240    0.259220   21.466089 ^ fanout231/X (sky130_fd_sc_hd__clkbuf_4)
                                                         net231 (net)
                      0.153249    0.001275   21.467365 ^ _3423_/SET_B (sky130_fd_sc_hd__dfstp_1)
                                             21.467365   data arrival time

                                100.000000  100.000000   clock clk (rise edge)
                                  0.000000  100.000000   clock source latency
     1    0.032461    0.150932    0.105779  100.105774 ^ clk (in)
                                                         clk (net)
                      0.151009    0.000000  100.105774 ^ clkbuf_0_clk/A (sky130_fd_sc_hd__clkbuf_16)
     4    0.066136    0.084264    0.198348  100.304123 ^ clkbuf_0_clk/X (sky130_fd_sc_hd__clkbuf_16)
                                                         clknet_0_clk (net)
                      0.084272    0.000838  100.304962 ^ clkbuf_2_2__f_clk/A (sky130_fd_sc_hd__clkbuf_16)
     9    0.067343    0.084815    0.176421  100.481384 ^ clkbuf_2_2__f_clk/X (sky130_fd_sc_hd__clkbuf_16)
                                                         clknet_2_2__leaf_clk (net)
                      0.084824    0.000973  100.482353 ^ _3423_/CLK (sky130_fd_sc_hd__dfstp_1)
                                 -0.250000  100.232361   clock uncertainty
                                  0.000000  100.232361   clock reconvergence pessimism
                                  0.138180  100.370537   library recovery time
                                            100.370537   data required time
---------------------------------------------------------------------------------------------
                                            100.370537   data required time
                                            -21.467365   data arrival time
---------------------------------------------------------------------------------------------
                                             78.903175   slack (MET)


Startpoint: config_en (input port clocked by clk)
Endpoint: CBnorth_out[12] (output port clocked by clk)
Path Group: clk
Path Type: max

Fanout         Cap        Slew       Delay        Time   Description
---------------------------------------------------------------------------------------------
                                  0.000000    0.000000   clock clk (rise edge)
                                  0.000000    0.000000   clock network delay (propagated)
                                 20.000000   20.000000 ^ input external delay
     1    0.006453    0.035676    0.022574   20.022573 ^ config_en (in)
                                                         config_en (net)
                      0.035677    0.000000   20.022573 ^ input66/A (sky130_fd_sc_hd__buf_1)
     2    0.025175    0.297337    0.254330   20.276905 ^ input66/X (sky130_fd_sc_hd__buf_1)
                                                         net66 (net)
                      0.297337    0.000327   20.277231 ^ fanout289/A (sky130_fd_sc_hd__buf_2)
     6    0.061563    0.299488    0.361082   20.638313 ^ fanout289/X (sky130_fd_sc_hd__buf_2)
                                                         net289 (net)
                      0.299602    0.002434   20.640747 ^ fanout286/A (sky130_fd_sc_hd__buf_2)
     8    0.052383    0.256077    0.331989   20.972734 ^ fanout286/X (sky130_fd_sc_hd__buf_2)
                                                         net286 (net)
                      0.256077    0.000863   20.973598 ^ fanout281/A (sky130_fd_sc_hd__clkbuf_4)
    10    0.050162    0.157574    0.291223   21.264822 ^ fanout281/X (sky130_fd_sc_hd__clkbuf_4)
                                                         net281 (net)
                      0.157576    0.000876   21.265697 ^ _1620_/A (sky130_fd_sc_hd__inv_2)
    10    0.051554    0.124197    0.147610   21.413307 v _1620_/Y (sky130_fd_sc_hd__inv_2)
                                                         _1502_ (net)
                      0.124219    0.001414   21.414721 v _2096_/C1 (sky130_fd_sc_hd__o311a_2)
     5    0.028729    0.117603    0.206306   21.621027 v _2096_/X (sky130_fd_sc_hd__o311a_2)
                                                         _0730_ (net)
                      0.117606    0.000762   21.621790 v _2099_/A (sky130_fd_sc_hd__and2_2)
     8    0.046154    0.124469    0.292376   21.914165 v _2099_/X (sky130_fd_sc_hd__and2_2)
                                                         _0733_ (net)
                      0.124492    0.001698   21.915863 v _2100_/B1 (sky130_fd_sc_hd__o221a_1)
     1    0.003426    0.049069    0.253321   22.169184 v _2100_/X (sky130_fd_sc_hd__o221a_1)
                                                         _0734_ (net)
                      0.049069    0.000043   22.169228 v _2101_/B2 (sky130_fd_sc_hd__a221oi_1)
     1    0.002761    0.225989    0.256891   22.426119 ^ _2101_/Y (sky130_fd_sc_hd__a221oi_1)
                                                         _0735_ (net)
                      0.225989    0.000012   22.426130 ^ _2102_/B2 (sky130_fd_sc_hd__a221o_2)
     6    0.029683    0.160334    0.284093   22.710224 ^ _2102_/X (sky130_fd_sc_hd__a221o_2)
                                                         _0736_ (net)
                      0.160334    0.000608   22.710831 ^ _2107_/A (sky130_fd_sc_hd__nand2_2)
     8    0.040320    0.166726    0.181201   22.892033 v _2107_/Y (sky130_fd_sc_hd__nand2_2)
                                                         _0741_ (net)
                      0.166728    0.000526   22.892557 v _2146_/S (sky130_fd_sc_hd__mux2_1)
     1    0.003572    0.051849    0.249218   23.141775 ^ _2146_/X (sky130_fd_sc_hd__mux2_1)
                                                         _0780_ (net)
                      0.051849    0.000039   23.141815 ^ _2182_/A2 (sky130_fd_sc_hd__o211a_1)
     1    0.002631    0.040511    0.126857   23.268671 ^ _2182_/X (sky130_fd_sc_hd__o211a_1)
                                                         _0816_ (net)
                      0.040511    0.000011   23.268682 ^ _2233_/B2 (sky130_fd_sc_hd__o32a_2)
     3    0.033060    0.176299    0.228560   23.497242 ^ _2233_/X (sky130_fd_sc_hd__o32a_2)
                                                         _0867_ (net)
                      0.176299    0.000613   23.497854 ^ _2237_/A2 (sky130_fd_sc_hd__o211a_1)
     3    0.034190    0.287367    0.339234   23.837090 ^ _2237_/X (sky130_fd_sc_hd__o211a_1)
                                                         CB_0.le_outA (net)
                      0.287367    0.000584   23.837673 ^ fanout152/A (sky130_fd_sc_hd__buf_2)
     9    0.037846    0.187249    0.282496   24.120171 ^ fanout152/X (sky130_fd_sc_hd__buf_2)
                                                         net152 (net)
                      0.187253    0.001137   24.121307 ^ _1720_/A (sky130_fd_sc_hd__inv_2)
     4    0.011885    0.059764    0.076280   24.197586 v _1720_/Y (sky130_fd_sc_hd__inv_2)
                                                         _1602_ (net)
                      0.059764    0.000052   24.197638 v _1746_/A (sky130_fd_sc_hd__or3_1)
     1    0.002583    0.062829    0.363388   24.561026 v _1746_/X (sky130_fd_sc_hd__or3_1)
                                                         _0380_ (net)
                      0.062829    0.000021   24.561047 v _1747_/B1 (sky130_fd_sc_hd__o311a_1)
     1    0.007509    0.074268    0.147768   24.708815 v _1747_/X (sky130_fd_sc_hd__o311a_1)
                                                         _0381_ (net)
                      0.074268    0.000142   24.708958 v _1748_/B1 (sky130_fd_sc_hd__a211oi_2)
     2    0.013867    0.304428    0.320517   25.029474 ^ _1748_/Y (sky130_fd_sc_hd__a211oi_2)
                                                         _0382_ (net)
                      0.304428    0.000142   25.029617 ^ _2400_/B1 (sky130_fd_sc_hd__o21ai_4)
     9    0.041699    0.139226    0.179449   25.209066 v _2400_/Y (sky130_fd_sc_hd__o21ai_4)
                                                         _1030_ (net)
                      0.139289    0.002302   25.211369 v _2401_/B (sky130_fd_sc_hd__or2_1)
     1    0.003108    0.049752    0.240718   25.452085 v _2401_/X (sky130_fd_sc_hd__or2_1)
                                                         _1031_ (net)
                      0.049752    0.000032   25.452118 v _2417_/A2 (sky130_fd_sc_hd__a31o_1)
     1    0.001856    0.031986    0.193486   25.645603 v _2417_/X (sky130_fd_sc_hd__a31o_1)
                                                         _1047_ (net)
                      0.031986    0.000016   25.645620 v _2438_/B (sky130_fd_sc_hd__and4_2)
     6    0.067667    0.168269    0.331081   25.976700 v _2438_/X (sky130_fd_sc_hd__and4_2)
                                                         _1068_ (net)
                      0.168456    0.005036   25.981737 v _2483_/A1 (sky130_fd_sc_hd__o21ai_4)
     8    0.041938    0.323132    0.351994   26.333731 ^ _2483_/Y (sky130_fd_sc_hd__o21ai_4)
                                                         _1113_ (net)
                      0.323134    0.000611   26.334341 ^ _2522_/S (sky130_fd_sc_hd__mux2_1)
     1    0.007948    0.084337    0.224169   26.558512 ^ _2522_/X (sky130_fd_sc_hd__mux2_1)
                                                         _1152_ (net)
                      0.084337    0.000258   26.558769 ^ _2560_/A2 (sky130_fd_sc_hd__o211a_1)
     1    0.008559    0.083534    0.172832   26.731602 ^ _2560_/X (sky130_fd_sc_hd__o211a_1)
                                                         _1190_ (net)
                      0.083534    0.000229   26.731831 ^ _2606_/B2 (sky130_fd_sc_hd__o32a_1)
     3    0.014810    0.161035    0.217078   26.948908 ^ _2606_/X (sky130_fd_sc_hd__o32a_1)
                                                         _1236_ (net)
                      0.161035    0.000213   26.949121 ^ _2609_/A2 (sky130_fd_sc_hd__o211a_1)
     2    0.031034    0.261879    0.318201   27.267323 ^ _2609_/X (sky130_fd_sc_hd__o211a_1)
                                                         CB_1.le_outA (net)
                      0.261879    0.000309   27.267632 ^ fanout144/A (sky130_fd_sc_hd__clkbuf_4)
    10    0.056736    0.174948    0.306329   27.573959 ^ fanout144/X (sky130_fd_sc_hd__clkbuf_4)
                                                         net144 (net)
                      0.175005    0.003064   27.577024 ^ _1721_/A (sky130_fd_sc_hd__inv_2)
     3    0.029293    0.088597    0.112518   27.689543 v _1721_/Y (sky130_fd_sc_hd__inv_2)
                                                         _1603_ (net)
                      0.088622    0.001409   27.690950 v fanout143/A (sky130_fd_sc_hd__clkbuf_4)
    10    0.057995    0.119161    0.236614   27.927565 v fanout143/X (sky130_fd_sc_hd__clkbuf_4)
                                                         net143 (net)
                      0.119369    0.003499   27.931065 v _1839_/B (sky130_fd_sc_hd__and3b_1)
     2    0.005166    0.046967    0.202830   28.133894 v _1839_/X (sky130_fd_sc_hd__and3b_1)
                                                         _0473_ (net)
                      0.046967    0.000025   28.133919 v _1843_/C1 (sky130_fd_sc_hd__a221o_1)
     1    0.008344    0.079884    0.293072   28.426991 v _1843_/X (sky130_fd_sc_hd__a221o_1)
                                                         _0477_ (net)
                      0.079884    0.000217   28.427208 v _1855_/A2 (sky130_fd_sc_hd__a311o_2)
     6    0.031827    0.126479    0.465041   28.892250 v _1855_/X (sky130_fd_sc_hd__a311o_2)
                                                         _0489_ (net)
                      0.126481    0.000670   28.892920 v _1858_/A (sky130_fd_sc_hd__nor2_2)
     7    0.037465    0.410301    0.382002   29.274921 ^ _1858_/Y (sky130_fd_sc_hd__nor2_2)
                                                         _0492_ (net)
                      0.410302    0.000425   29.275345 ^ _2252_/B (sky130_fd_sc_hd__nand2_1)
     1    0.003582    0.080545    0.108413   29.383759 v _2252_/Y (sky130_fd_sc_hd__nand2_1)
                                                         _0884_ (net)
                      0.080545    0.000044   29.383802 v _2256_/A2 (sky130_fd_sc_hd__a31o_1)
     1    0.003216    0.038292    0.215623   29.599426 v _2256_/X (sky130_fd_sc_hd__a31o_1)
                                                         _0888_ (net)
                      0.038292    0.000043   29.599468 v _2265_/B (sky130_fd_sc_hd__and4_2)
     5    0.025407    0.087619    0.259186   29.858656 v _2265_/X (sky130_fd_sc_hd__and4_2)
                                                         _0897_ (net)
                      0.087625    0.000785   29.859440 v _2273_/A1 (sky130_fd_sc_hd__o21ai_4)
     9    0.036708    0.290855    0.298208   30.157648 ^ _2273_/Y (sky130_fd_sc_hd__o21ai_4)
                                                         _0905_ (net)
                      0.290857    0.000611   30.158258 ^ _2344_/S (sky130_fd_sc_hd__mux2_1)
     1    0.003731    0.051382    0.191918   30.350176 ^ _2344_/X (sky130_fd_sc_hd__mux2_1)
                                                         _0976_ (net)
                      0.051382    0.000046   30.350224 ^ _2345_/A2 (sky130_fd_sc_hd__o211a_1)
     1    0.002619    0.042347    0.126633   30.476856 ^ _2345_/X (sky130_fd_sc_hd__o211a_1)
                                                         _0977_ (net)
                      0.042347    0.000011   30.476866 ^ _2394_/B2 (sky130_fd_sc_hd__o32a_2)
     3    0.028437    0.153882    0.212449   30.689316 ^ _2394_/X (sky130_fd_sc_hd__o32a_2)
                                                         _1026_ (net)
                      0.153882    0.000558   30.689873 ^ _2397_/A2 (sky130_fd_sc_hd__o211a_1)
     2    0.033050    0.278069    0.328441   31.018314 ^ _2397_/X (sky130_fd_sc_hd__o211a_1)
                                                         CB_0.le_outB (net)
                      0.278069    0.000682   31.018997 ^ fanout148/A (sky130_fd_sc_hd__clkbuf_2)
     7    0.033633    0.186277    0.273225   31.292221 ^ fanout148/X (sky130_fd_sc_hd__clkbuf_2)
                                                         net148 (net)
                      0.186290    0.001723   31.293943 ^ _1758_/A (sky130_fd_sc_hd__or3b_1)
     2    0.008684    0.088556    0.176655   31.470600 ^ _1758_/X (sky130_fd_sc_hd__or3b_1)
                                                         _0392_ (net)
                      0.088556    0.000028   31.470629 ^ _1760_/A3 (sky130_fd_sc_hd__a31oi_2)
     1    0.009169    0.090059    0.117545   31.588173 v _1760_/Y (sky130_fd_sc_hd__a31oi_2)
                                                         _0394_ (net)
                      0.090060    0.000274   31.588446 v _1772_/B1 (sky130_fd_sc_hd__a311o_4)
     6    0.035048    0.100759    0.448519   32.036964 v _1772_/X (sky130_fd_sc_hd__a311o_4)
                                                         _0406_ (net)
                      0.100759    0.000227   32.037193 v _2404_/A (sky130_fd_sc_hd__nor2_4)
     9    0.043750    0.281999    0.281013   32.318207 ^ _2404_/Y (sky130_fd_sc_hd__nor2_4)
                                                         _1034_ (net)
                      0.282001    0.000764   32.318970 ^ _2635_/B (sky130_fd_sc_hd__nand2_1)
     1    0.004300    0.076621    0.104386   32.423355 v _2635_/Y (sky130_fd_sc_hd__nand2_1)
                                                         _1263_ (net)
                      0.076621    0.000064   32.423420 v _2637_/A3 (sky130_fd_sc_hd__a31o_1)
     1    0.002481    0.035127    0.219988   32.643406 v _2637_/X (sky130_fd_sc_hd__a31o_1)
                                                         _1265_ (net)
                      0.035127    0.000018   32.643425 v _2638_/D (sky130_fd_sc_hd__and4_2)
     5    0.033671    0.107491    0.302727   32.946152 v _2638_/X (sky130_fd_sc_hd__and4_2)
                                                         _1266_ (net)
                      0.107530    0.001908   32.948059 v _2646_/A1 (sky130_fd_sc_hd__o21ai_4)
     9    0.041292    0.318883    0.326693   33.274754 ^ _2646_/Y (sky130_fd_sc_hd__o21ai_4)
                                                         _1274_ (net)
                      0.318883    0.000274   33.275028 ^ _2748_/S (sky130_fd_sc_hd__mux2_1)
     1    0.004118    0.062135    0.366178   33.641205 v _2748_/X (sky130_fd_sc_hd__mux2_1)
                                                         _1376_ (net)
                      0.062135    0.000060   33.641266 v _2751_/A2 (sky130_fd_sc_hd__o211a_1)
     1    0.006555    0.055486    0.226080   33.867344 v _2751_/X (sky130_fd_sc_hd__o211a_1)
                                                         _1379_ (net)
                      0.055486    0.000171   33.867516 v _2765_/B1 (sky130_fd_sc_hd__o32a_1)
     3    0.018178    0.121720    0.251241   34.118755 v _2765_/X (sky130_fd_sc_hd__o32a_1)
                                                         _1393_ (net)
                      0.121720    0.000448   34.119205 v _2768_/A2 (sky130_fd_sc_hd__o211a_1)
     1    0.005303    0.049827    0.243464   34.362667 v _2768_/X (sky130_fd_sc_hd__o211a_1)
                                                         CB_1.le_outB (net)
                      0.049827    0.000110   34.362778 v fanout141/A (sky130_fd_sc_hd__clkbuf_2)
     6    0.040958    0.156066    0.208285   34.571064 v fanout141/X (sky130_fd_sc_hd__clkbuf_2)
                                                         net141 (net)
                      0.156066    0.000540   34.571602 v _1722_/A (sky130_fd_sc_hd__inv_2)
     4    0.014438    0.083119    0.125070   34.696674 ^ _1722_/Y (sky130_fd_sc_hd__inv_2)
                                                         _1604_ (net)
                      0.083119    0.000053   34.696728 ^ fanout138/A (sky130_fd_sc_hd__buf_2)
    10    0.043187    0.211768    0.241535   34.938263 ^ fanout138/X (sky130_fd_sc_hd__buf_2)
                                                         net138 (net)
                      0.211830    0.000323   34.938583 ^ _1781_/A1 (sky130_fd_sc_hd__o32ai_2)
     2    0.005451    0.074332    0.131717   35.070301 v _1781_/Y (sky130_fd_sc_hd__o32ai_2)
                                                         _0415_ (net)
                      0.074332    0.000046   35.070347 v _1783_/B2 (sky130_fd_sc_hd__o221a_1)
     1    0.002751    0.044874    0.210942   35.281288 v _1783_/X (sky130_fd_sc_hd__o221a_1)
                                                         _0417_ (net)
                      0.044874    0.000028   35.281319 v _1798_/A2 (sky130_fd_sc_hd__o311a_1)
     6    0.024073    0.139095    0.427864   35.709183 v _1798_/X (sky130_fd_sc_hd__o311a_1)
                                                         _0432_ (net)
                      0.139095    0.000664   35.709846 v _1801_/A (sky130_fd_sc_hd__and2_2)
     7    0.039128    0.109947    0.290409   36.000256 v _1801_/X (sky130_fd_sc_hd__and2_2)
                                                         _0435_ (net)
                      0.110005    0.002345   36.002602 v _2783_/A1 (sky130_fd_sc_hd__mux2_1)
     1    0.002842    0.055500    0.310425   36.313026 v _2783_/X (sky130_fd_sc_hd__mux2_1)
                                                         _1398_ (net)
                      0.055500    0.000032   36.313057 v _2784_/A1 (sky130_fd_sc_hd__mux2_1)
     1    0.015105    0.111121    0.362782   36.675838 v _2784_/X (sky130_fd_sc_hd__mux2_1)
                                                         net90 (net)
                      0.111122    0.000618   36.676460 v output90/A (sky130_fd_sc_hd__buf_2)
     1    0.038249    0.095228    0.217373   36.893833 v output90/X (sky130_fd_sc_hd__buf_2)
                                                         CBnorth_out[12] (net)
                      0.095228    0.000398   36.894230 v CBnorth_out[12] (out)
                                             36.894230   data arrival time

                                100.000000  100.000000   clock clk (rise edge)
                                  0.000000  100.000000   clock network delay (propagated)
                                 -0.250000   99.750000   clock uncertainty
                                  0.000000   99.750000   clock reconvergence pessimism
                                -20.000000   79.750000   output external delay
                                             79.750000   data required time
---------------------------------------------------------------------------------------------
                                             79.750000   data required time
                                            -36.894230   data arrival time
---------------------------------------------------------------------------------------------
                                             42.855766   slack (MET)




===========================================================================
report_checks --slack_max -0.01
============================================================================
======================= min_tt_025C_1v80 Corner ===================================

No paths found.


===========================================================================
 report_check_types -max_slew -max_cap -max_fanout -violators
============================================================================
======================= min_tt_025C_1v80 Corner ===================================

max fanout

Pin                                   Limit Fanout  Slack
---------------------------------------------------------
clkbuf_leaf_12_clk/X                     10     19     -9 (VIOLATED)
clkbuf_leaf_23_clk/X                     10     18     -8 (VIOLATED)
clkbuf_leaf_25_clk/X                     10     18     -8 (VIOLATED)
clkbuf_leaf_0_clk/X                      10     17     -7 (VIOLATED)
clkbuf_leaf_17_clk/X                     10     17     -7 (VIOLATED)
clkbuf_leaf_5_clk/X                      10     17     -7 (VIOLATED)
clkbuf_leaf_4_clk/X                      10     16     -6 (VIOLATED)
clkbuf_leaf_10_clk/X                     10     15     -5 (VIOLATED)
clkbuf_leaf_6_clk/X                      10     15     -5 (VIOLATED)
clkbuf_leaf_11_clk/X                     10     14     -4 (VIOLATED)
clkbuf_leaf_33_clk/X                     10     14     -4 (VIOLATED)
clkbuf_leaf_29_clk/X                     10     13     -3 (VIOLATED)
clkbuf_leaf_30_clk/X                     10     13     -3 (VIOLATED)
clkbuf_leaf_1_clk/X                      10     12     -2 (VIOLATED)
clkbuf_leaf_28_clk/X                     10     12     -2 (VIOLATED)
clkbuf_leaf_3_clk/X                      10     12     -2 (VIOLATED)
clkbuf_leaf_13_clk/X                     10     11        (VIOLATED)
clkbuf_leaf_15_clk/X                     10     11        (VIOLATED)
clkbuf_leaf_9_clk/X                      10     11        (VIOLATED)



===========================================================================
report_parasitic_annotation -report_unannotated
============================================================================
Found 35 unannotated drivers.
 _2769_/X
 _2771_/X
 _2773_/X
 _2775_/X
 clkload0/Y
 clkload1/Y
 clkload10/Y
 clkload11/Y
 clkload12/Y
 clkload13/Y
 clkload14/Y
 clkload15/Y
 clkload16/Y
 clkload17/Y
 clkload18/Y
 clkload19/Y
 clkload2/Y
 clkload20/Y
 clkload21/Y
 clkload22/X
 clkload23/Y
 clkload24/Y
 clkload25/Y
 clkload26/Y
 clkload27/Y
 clkload28/Y
 clkload29/Y
 clkload3/Y
 clkload30/Y
 clkload4/Y
 clkload5/Y
 clkload6/Y
 clkload7/Y
 clkload8/Y
 clkload9/Y
Found 0 partially unannotated drivers.

===========================================================================
max slew violation count 0
max fanout violation count 19
max cap violation count 0
============================================================================

===========================================================================
check_setup -verbose -unconstrained_endpoints -multiple_clock -no_clock -no_input_delay -loops -generated_clocks
===========================================================================
Warning: There are 8 unclocked register/latch pins.
  _3304_/CLK
  _3353_/CLK
  _3354_/CLK
  _3375_/CLK
  _3376_/CLK
  _3397_/CLK
  _3398_/CLK
  _3419_/CLK
Warning: There are 8 unconstrained endpoints.
  _3304_/D
  _3353_/D
  _3354_/D
  _3375_/D
  _3376_/D
  _3397_/D
  _3398_/D
  _3419_/D
Warning: There are 57 combinational loops in the design.
  _2560_/X
  _2606_/B2
  _2606_/X
  _2609_/A2
  _2609_/X
  fanout144/A
  fanout144/X
  _1721_/A
  _1721_/Y
  _2518_/A2
  _2518_/X
  _2519_/A3
  _2519_/X
  _2520_/B1
  _2520_/X
  _2560_/A1
  | loop cut point
  _2560_/X
  --------------------------------
  _2606_/X
  _2609_/A2
  _2609_/X
  fanout144/A
  fanout144/X
  _1721_/A
  _1721_/Y
  _2518_/A2
  _2518_/X
  _2519_/A3
  _2519_/X
  _2520_/B1
  _2520_/X
  _2594_/B1
  _2594_/X
  _2597_/A2
  _2597_/X
  _2606_/B1
  | loop cut point
  _2606_/X
  --------------------------------
  _2606_/X
  _2609_/A2
  _2609_/X
  fanout144/A
  fanout144/X
  _1721_/A
  _1721_/Y
  _2518_/A2
  _2518_/X
  _2519_/A3
  _2519_/X
  _2520_/B1
  _2520_/X
  _2601_/A1
  _2601_/X
  _2606_/A2
  | loop cut point
  _2606_/X
  --------------------------------
  _2606_/X
  _2609_/A2
  _2609_/X
  fanout144/A
  fanout144/X
  _1721_/A
  _1721_/Y
  _2518_/A2
  _2518_/X
  _2519_/A3
  _2519_/X
  _2520_/B1
  _2520_/X
  _2603_/B1
  _2603_/X
  _2605_/B1
  _2605_/X
  _2606_/A3
  | loop cut point
  _2606_/X
  --------------------------------
  _2560_/X
  _2606_/B2
  _2606_/X
  _2609_/A2
  _2609_/X
  fanout144/A
  fanout144/X
  _1721_/A
  _1721_/Y
  _2518_/A2
  _2518_/X
  _2519_/A3
  _2519_/X
  _2521_/B1
  _2521_/Y
  _2559_/B1
  _2559_/X
  _2560_/C1
  | loop cut point
  _2560_/X
  --------------------------------
  _2560_/X
  _2606_/B2
  _2606_/X
  _2609_/A2
  _2609_/X
  fanout144/A
  fanout144/X
  _1721_/A
  _1721_/Y
  _2554_/A2
  _2554_/X
  _2555_/A3
  _2555_/X
  _2557_/B1
  _2557_/Y
  _2560_/B1
  | loop cut point
  _2560_/X
  --------------------------------
  _2182_/X
  _2233_/B2
  _2233_/X
  _2237_/A2
  _2237_/X
  fanout152/A
  fanout152/X
  _1720_/A
  _1720_/Y
  _1746_/A
  _1746_/X
  _1747_/B1
  _1747_/X
  _1748_/B1
  _1748_/Y
  _2400_/B1
  _2400_/Y
  _2401_/B
  _2401_/X
  _2417_/A2
  _2417_/X
  _2438_/B
  _2438_/X
  _2483_/A1
  _2483_/Y
  _2522_/S
  _2522_/X
  _2560_/A2
  _2560_/X
  _2606_/B2
  _2606_/X
  _2609_/A2
  _2609_/X
  fanout144/A
  fanout144/X
  _1721_/A
  _1721_/Y
  fanout143/A
  fanout143/X
  _1839_/B
  _1839_/X
  _1843_/C1
  _1843_/X
  _1855_/A2
  _1855_/X
  _1858_/A
  _1858_/Y
  _2119_/B
  _2119_/Y
  _2123_/A2
  _2123_/X
  _2124_/D
  _2124_/X
  _2144_/A2
  _2144_/X
  _2182_/A1
  | loop cut point
  _2182_/X
  --------------------------------
  _2233_/X
  _2237_/A2
  _2237_/X
  fanout152/A
  fanout152/X
  _1720_/A
  _1720_/Y
  _1746_/A
  _1746_/X
  _1747_/B1
  _1747_/X
  _1748_/B1
  _1748_/Y
  _2400_/B1
  _2400_/Y
  _2401_/B
  _2401_/X
  _2417_/A2
  _2417_/X
  _2438_/B
  _2438_/X
  _2483_/A1
  _2483_/Y
  _2522_/S
  _2522_/X
  _2560_/A2
  _2560_/X
  _2606_/B2
  _2606_/X
  _2609_/A2
  _2609_/X
  fanout144/A
  fanout144/X
  _1721_/A
  _1721_/Y
  fanout143/A
  fanout143/X
  _1839_/B
  _1839_/X
  _1843_/C1
  _1843_/X
  _1855_/A2
  _1855_/X
  _1858_/A
  _1858_/Y
  _2119_/B
  _2119_/Y
  _2123_/A2
  _2123_/X
  _2124_/D
  _2124_/X
  _2144_/A2
  _2144_/X
  _2184_/B1
  _2184_/X
  _2224_/A2
  _2224_/X
  _2233_/B1
  | loop cut point
  _2233_/X
  --------------------------------
  _2233_/X
  _2237_/A2
  _2237_/X
  fanout152/A
  fanout152/X
  _1720_/A
  _1720_/Y
  _1746_/A
  _1746_/X
  _1747_/B1
  _1747_/X
  _1748_/B1
  _1748_/Y
  _2400_/B1
  _2400_/Y
  _2401_/B
  _2401_/X
  _2417_/A2
  _2417_/X
  _2438_/B
  _2438_/X
  _2483_/A1
  _2483_/Y
  _2522_/S
  _2522_/X
  _2560_/A2
  _2560_/X
  _2606_/B2
  _2606_/X
  _2609_/A2
  _2609_/X
  fanout144/A
  fanout144/X
  _1721_/A
  _1721_/Y
  fanout143/A
  fanout143/X
  _1839_/B
  _1839_/X
  _1843_/C1
  _1843_/X
  _1855_/A2
  _1855_/X
  _1858_/A
  _1858_/Y
  _2119_/B
  _2119_/Y
  _2123_/A2
  _2123_/X
  _2124_/D
  _2124_/X
  _2144_/A2
  _2144_/X
  _2228_/A1
  _2228_/X
  _2233_/A2
  | loop cut point
  _2233_/X
  --------------------------------
  _2233_/X
  _2237_/A2
  _2237_/X
  fanout152/A
  fanout152/X
  _1720_/A
  _1720_/Y
  _1746_/A
  _1746_/X
  _1747_/B1
  _1747_/X
  _1748_/B1
  _1748_/Y
  _2400_/B1
  _2400_/Y
  _2401_/B
  _2401_/X
  _2417_/A2
  _2417_/X
  _2438_/B
  _2438_/X
  _2483_/A1
  _2483_/Y
  _2522_/S
  _2522_/X
  _2560_/A2
  _2560_/X
  _2606_/B2
  _2606_/X
  _2609_/A2
  _2609_/X
  fanout144/A
  fanout144/X
  _1721_/A
  _1721_/Y
  fanout143/A
  fanout143/X
  _1839_/B
  _1839_/X
  _1843_/C1
  _1843_/X
  _1855_/A2
  _1855_/X
  _1858_/A
  _1858_/Y
  _2119_/B
  _2119_/Y
  _2123_/A2
  _2123_/X
  _2124_/D
  _2124_/X
  _2144_/A2
  _2144_/X
  _2232_/A1
  _2232_/X
  _2233_/A3
  | loop cut point
  _2233_/X
  --------------------------------
  _2182_/X
  _2233_/B2
  _2233_/X
  _2237_/A2
  _2237_/X
  fanout152/A
  fanout152/X
  _1720_/A
  _1720_/Y
  _1746_/A
  _1746_/X
  _1747_/B1
  _1747_/X
  _1748_/B1
  _1748_/Y
  _2400_/B1
  _2400_/Y
  _2401_/B
  _2401_/X
  _2417_/A2
  _2417_/X
  _2438_/B
  _2438_/X
  _2483_/A1
  _2483_/Y
  _2522_/S
  _2522_/X
  _2560_/A2
  _2560_/X
  _2606_/B2
  _2606_/X
  _2609_/A2
  _2609_/X
  fanout144/A
  fanout144/X
  _1721_/A
  _1721_/Y
  fanout143/A
  fanout143/X
  _1839_/B
  _1839_/X
  _1843_/C1
  _1843_/X
  _1855_/A2
  _1855_/X
  _1858_/A
  _1858_/Y
  _2119_/B
  _2119_/Y
  _2123_/A2
  _2123_/X
  _2124_/D
  _2124_/X
  _2145_/A2
  _2145_/Y
  _2181_/B1
  _2181_/X
  _2182_/C1
  | loop cut point
  _2182_/X
  --------------------------------
  _2182_/X
  _2233_/B2
  _2233_/X
  _2237_/A2
  _2237_/X
  fanout152/A
  fanout152/X
  _1720_/A
  _1720_/Y
  _1746_/A
  _1746_/X
  _1747_/B1
  _1747_/X
  _1748_/B1
  _1748_/Y
  _2400_/B1
  _2400_/Y
  _2401_/B
  _2401_/X
  _2417_/A2
  _2417_/X
  _2438_/B
  _2438_/X
  _2483_/A1
  _2483_/Y
  _2522_/S
  _2522_/X
  _2560_/A2
  _2560_/X
  _2606_/B2
  _2606_/X
  _2609_/A2
  _2609_/X
  fanout144/A
  fanout144/X
  _1721_/A
  _1721_/Y
  fanout143/A
  fanout143/X
  _1839_/B
  _1839_/X
  _1843_/C1
  _1843_/X
  _1855_/A2
  _1855_/X
  _1858_/A
  _1858_/Y
  _2158_/B
  _2158_/Y
  _2161_/A2
  _2161_/X
  _2162_/C
  _2162_/X
  _2179_/A1
  _2179_/Y
  _2182_/B1
  | loop cut point
  _2182_/X
  --------------------------------
  _2233_/X
  _2237_/A2
  _2237_/X
  fanout152/A
  fanout152/X
  _1720_/A
  _1720_/Y
  _1746_/A
  _1746_/X
  _1747_/B1
  _1747_/X
  _1748_/B1
  _1748_/Y
  _2400_/B1
  _2400_/Y
  _2401_/B
  _2401_/X
  _2417_/A2
  _2417_/X
  _2438_/B
  _2438_/X
  _2483_/A1
  _2483_/Y
  _2522_/S
  _2522_/X
  _2560_/A2
  _2560_/X
  _2606_/B2
  _2606_/X
  _2609_/A2
  _2609_/X
  fanout144/A
  fanout144/X
  _1721_/A
  _1721_/Y
  fanout143/A
  fanout143/X
  _1839_/B
  _1839_/X
  _1843_/C1
  _1843_/X
  _1855_/A2
  _1855_/X
  _1858_/A
  _1858_/Y
  _2192_/B
  _2192_/Y
  _2195_/A1
  _2195_/Y
  _2202_/A
  _2202_/X
  _2216_/B1
  _2216_/X
  _2223_/B1
  _2223_/X
  _2233_/A1
  | loop cut point
  _2233_/X
  --------------------------------
  _1747_/X
  _1748_/B1
  _1748_/Y
  _2400_/B1
  _2400_/Y
  _2401_/B
  _2401_/X
  _2417_/A2
  _2417_/X
  _2438_/B
  _2438_/X
  _2483_/A1
  _2483_/Y
  _2522_/S
  _2522_/X
  _2560_/A2
  _2560_/X
  _2606_/B2
  _2606_/X
  _2609_/A2
  _2609_/X
  fanout144/A
  fanout144/X
  _1721_/A
  _1721_/Y
  fanout143/A
  fanout143/X
  _1839_/B
  _1839_/X
  _1843_/C1
  _1843_/X
  _1855_/A2
  _1855_/X
  _1858_/A
  _1858_/Y
  _2252_/B
  _2252_/Y
  _2256_/A2
  _2256_/X
  _2265_/B
  _2265_/X
  _2273_/A1
  _2273_/Y
  _2309_/A2
  _2309_/X
  _2345_/C1
  _2345_/X
  _2394_/B2
  _2394_/X
  _2397_/A2
  _2397_/X
  fanout148/A
  fanout148/X
  _1745_/A
  _1745_/Y
  _1747_/A3
  | loop cut point
  _1747_/X
  --------------------------------
  _2265_/X
  _2273_/A1
  _2273_/Y
  _2309_/A2
  _2309_/X
  _2345_/C1
  _2345_/X
  _2394_/B2
  _2394_/X
  _2397_/A2
  _2397_/X
  fanout148/A
  fanout148/X
  _1758_/A
  _1758_/X
  _1760_/A3
  _1760_/Y
  _1772_/B1
  _1772_/X
  _1775_/A
  _1775_/Y
  _2262_/B
  _2262_/Y
  _2264_/A3
  _2264_/X
  _2265_/D
  | loop cut point
  _2265_/X
  --------------------------------
  _2345_/X
  _2394_/B2
  _2394_/X
  _2397_/A2
  _2397_/X
  fanout148/A
  fanout148/X
  _1758_/A
  _1758_/X
  _1760_/A3
  _1760_/Y
  _1772_/B1
  _1772_/X
  _1775_/A
  _1775_/Y
  _2311_/B
  _2311_/X
  _2316_/A3
  _2316_/X
  _2324_/A_N
  _2324_/X
  _2342_/A2
  _2342_/X
  _2345_/B1
  | loop cut point
  _2345_/X
  --------------------------------
  _2394_/X
  _2397_/A2
  _2397_/X
  fanout148/A
  fanout148/X
  _1758_/A
  _1758_/X
  _1760_/A3
  _1760_/Y
  _1772_/B1
  _1772_/X
  _1775_/A
  _1775_/Y
  _2311_/B
  _2311_/X
  _2316_/A3
  _2316_/X
  _2324_/A_N
  _2324_/X
  _2342_/A2
  _2342_/X
  _2389_/C1
  _2389_/X
  _2394_/A2
  | loop cut point
  _2394_/X
  --------------------------------
  _2394_/X
  _2397_/A2
  _2397_/X
  fanout148/A
  fanout148/X
  _1758_/A
  _1758_/X
  _1760_/A3
  _1760_/Y
  _1772_/B1
  _1772_/X
  _1775_/A
  _1775_/Y
  _2311_/B
  _2311_/X
  _2316_/A3
  _2316_/X
  _2324_/A_N
  _2324_/X
  _2343_/A2
  _2343_/Y
  _2385_/A1
  _2385_/X
  _2394_/B1
  | loop cut point
  _2394_/X
  --------------------------------
  _2394_/X
  _2397_/A2
  _2397_/X
  fanout148/A
  fanout148/X
  _1758_/A
  _1758_/X
  _1760_/A3
  _1760_/Y
  _1772_/B1
  _1772_/X
  _1775_/A
  _1775_/Y
  _2311_/B
  _2311_/X
  _2316_/A3
  _2316_/X
  _2324_/A_N
  _2324_/X
  _2343_/A2
  _2343_/Y
  _2393_/C1
  _2393_/X
  _2394_/A3
  | loop cut point
  _2394_/X
  --------------------------------
  _2394_/X
  _2397_/A2
  _2397_/X
  fanout148/A
  fanout148/X
  _1758_/A
  _1758_/X
  _1760_/A3
  _1760_/Y
  _1772_/B1
  _1772_/X
  _1775_/A
  _1775_/Y
  _2369_/A2
  _2369_/X
  _2371_/B2
  _2371_/X
  _2375_/B1
  _2375_/X
  _2376_/A2
  _2376_/X
  _2383_/A
  _2383_/Y
  _2394_/A1
  | loop cut point
  _2394_/X
  --------------------------------
  _2102_/X
  _2107_/A
  _2107_/Y
  _2146_/S
  _2146_/X
  _2182_/A2
  _2182_/X
  _2233_/B2
  _2233_/X
  _2237_/A2
  _2237_/X
  fanout152/A
  fanout152/X
  _1720_/A
  _1720_/Y
  _1746_/A
  _1746_/X
  _1747_/B1
  _1747_/X
  _1748_/B1
  _1748_/Y
  _2400_/B1
  _2400_/Y
  _2401_/B
  _2401_/X
  _2417_/A2
  _2417_/X
  _2438_/B
  _2438_/X
  _2483_/A1
  _2483_/Y
  _2522_/S
  _2522_/X
  _2560_/A2
  _2560_/X
  _2606_/B2
  _2606_/X
  _2609_/A2
  _2609_/X
  fanout144/A
  fanout144/X
  _1721_/A
  _1721_/Y
  fanout143/A
  fanout143/X
  _1839_/B
  _1839_/X
  _1843_/C1
  _1843_/X
  _1855_/A2
  _1855_/X
  _1858_/A
  _1858_/Y
  _2252_/B
  _2252_/Y
  _2256_/A2
  _2256_/X
  _2265_/B
  _2265_/X
  _2273_/A1
  _2273_/Y
  _2309_/A2
  _2309_/X
  _2345_/C1
  _2345_/X
  _2394_/B2
  _2394_/X
  _2397_/A2
  _2397_/X
  fanout148/A
  fanout148/X
  _1758_/A
  _1758_/X
  _1760_/A3
  _1760_/Y
  _1772_/B1
  _1772_/X
  _1776_/A2
  _1776_/X
  _1831_/A2
  _1831_/X
  _1834_/A1
  _1834_/X
  _2102_/A1
  | loop cut point
  _2102_/X
  --------------------------------
  _2309_/X
  _2345_/C1
  _2345_/X
  _2394_/B2
  _2394_/X
  _2397_/A2
  _2397_/X
  fanout148/A
  fanout148/X
  _1758_/A
  _1758_/X
  _1760_/A3
  _1760_/Y
  _1772_/B1
  _1772_/X
  _2290_/A2
  _2290_/Y
  _2292_/B2
  _2292_/X
  _2300_/A1
  _2300_/Y
  _2302_/B1
  _2302_/X
  _2306_/A
  _2306_/X
  _2309_/B1
  | loop cut point
  _2309_/X
  --------------------------------
  _2345_/X
  _2394_/B2
  _2394_/X
  _2397_/A2
  _2397_/X
  fanout148/A
  fanout148/X
  _1758_/A
  _1758_/X
  _1760_/A3
  _1760_/Y
  _1772_/B1
  _1772_/X
  _2290_/A2
  _2290_/Y
  _2292_/B2
  _2292_/X
  _2300_/A1
  _2300_/Y
  _2302_/B1
  _2302_/X
  _2307_/A
  _2307_/Y
  _2345_/A1
  | loop cut point
  _2345_/X
  --------------------------------
  _2417_/X
  _2438_/B
  _2438_/X
  _2483_/A1
  _2483_/Y
  _2522_/S
  _2522_/X
  _2560_/A2
  _2560_/X
  _2606_/B2
  _2606_/X
  _2609_/A2
  _2609_/X
  fanout144/A
  fanout144/X
  _1721_/A
  _1721_/Y
  fanout143/A
  fanout143/X
  _1839_/B
  _1839_/X
  _1843_/C1
  _1843_/X
  _1855_/A2
  _1855_/X
  _1858_/A
  _1858_/Y
  _2252_/B
  _2252_/Y
  _2256_/A2
  _2256_/X
  _2265_/B
  _2265_/X
  _2273_/A1
  _2273_/Y
  _2309_/A2
  _2309_/X
  _2345_/C1
  _2345_/X
  _2394_/B2
  _2394_/X
  _2397_/A2
  _2397_/X
  fanout148/A
  fanout148/X
  _1758_/A
  _1758_/X
  _1760_/A3
  _1760_/Y
  _1772_/B1
  _1772_/X
  _2404_/A
  _2404_/Y
  _2405_/B
  _2405_/Y
  _2417_/A3
  | loop cut point
  _2417_/X
  --------------------------------
  _2606_/X
  _2609_/A2
  _2609_/X
  fanout144/A
  fanout144/X
  _1721_/A
  _1721_/Y
  fanout143/A
  fanout143/X
  _1839_/B
  _1839_/X
  _1843_/C1
  _1843_/X
  _1855_/A2
  _1855_/X
  _1858_/A
  _1858_/Y
  _2252_/B
  _2252_/Y
  _2256_/A2
  _2256_/X
  _2265_/B
  _2265_/X
  _2273_/A1
  _2273_/Y
  _2309_/A2
  _2309_/X
  _2345_/C1
  _2345_/X
  _2394_/B2
  _2394_/X
  _2397_/A2
  _2397_/X
  fanout148/A
  fanout148/X
  _1758_/A
  _1758_/X
  _1760_/A3
  _1760_/Y
  _1772_/B1
  _1772_/X
  _2404_/A
  _2404_/Y
  _2575_/B
  _2575_/Y
  _2576_/B1
  _2576_/X
  _2579_/A_N
  _2579_/X
  _2587_/A_N
  _2587_/X
  _2592_/A3
  _2592_/Y
  _2606_/A1
  | loop cut point
  _2606_/X
  --------------------------------
  _2102_/X
  _2107_/A
  _2107_/Y
  _2146_/S
  _2146_/X
  _2182_/A2
  _2182_/X
  _2233_/B2
  _2233_/X
  _2237_/A2
  _2237_/X
  fanout152/A
  fanout152/X
  _1720_/A
  _1720_/Y
  _1746_/A
  _1746_/X
  _1747_/B1
  _1747_/X
  _1748_/B1
  _1748_/Y
  _2400_/B1
  _2400_/Y
  _2401_/B
  _2401_/X
  _2417_/A2
  _2417_/X
  _2438_/B
  _2438_/X
  _2483_/A1
  _2483_/Y
  _2522_/S
  _2522_/X
  _2560_/A2
  _2560_/X
  _2606_/B2
  _2606_/X
  _2609_/A2
  _2609_/X
  fanout144/A
  fanout144/X
  _1721_/A
  _1721_/Y
  fanout143/A
  fanout143/X
  _1839_/B
  _1839_/X
  _1843_/C1
  _1843_/X
  _1855_/A2
  _1855_/X
  _1858_/A
  _1858_/Y
  _2252_/B
  _2252_/Y
  _2256_/A2
  _2256_/X
  _2265_/B
  _2265_/X
  _2273_/A1
  _2273_/Y
  _2309_/A2
  _2309_/X
  _2345_/C1
  _2345_/X
  _2394_/B2
  _2394_/X
  _2397_/A2
  _2397_/X
  fanout148/A
  fanout148/X
  _1758_/A
  _1758_/X
  _1760_/A3
  _1760_/Y
  _1772_/B1
  _1772_/X
  _2404_/A
  _2404_/Y
  _2635_/B
  _2635_/Y
  _2637_/A3
  _2637_/X
  _2638_/D
  _2638_/X
  _2646_/A1
  _2646_/Y
  _2748_/S
  _2748_/X
  _2751_/A2
  _2751_/X
  _2765_/B1
  _2765_/X
  _2768_/A2
  _2768_/X
  fanout141/A
  fanout141/X
  _1722_/A
  _1722_/Y
  _1867_/A1
  _1867_/X
  _1869_/B2
  _1869_/X
  _1874_/A1
  _1874_/X
  _1877_/A
  _1877_/X
  _1879_/A2
  _1879_/Y
  _1918_/A1
  _1918_/Y
  _2102_/A2
  | loop cut point
  _2102_/X
  --------------------------------
  _2256_/X
  _2265_/B
  _2265_/X
  _2273_/A1
  _2273_/Y
  _2309_/A2
  _2309_/X
  _2345_/C1
  _2345_/X
  _2394_/B2
  _2394_/X
  _2397_/A2
  _2397_/X
  fanout148/A
  fanout148/X
  _1758_/A
  _1758_/X
  _1760_/A3
  _1760_/Y
  _1772_/B1
  _1772_/X
  _2404_/A
  _2404_/Y
  _2635_/B
  _2635_/Y
  _2637_/A3
  _2637_/X
  _2638_/D
  _2638_/X
  _2646_/A1
  _2646_/Y
  _2748_/S
  _2748_/X
  _2751_/A2
  _2751_/X
  _2765_/B1
  _2765_/X
  _2768_/A2
  _2768_/X
  fanout141/A
  fanout141/X
  _1722_/A
  _1722_/Y
  _1867_/A1
  _1867_/X
  _1869_/B2
  _1869_/X
  _1874_/A1
  _1874_/X
  _1877_/A
  _1877_/X
  _2253_/B
  _2253_/X
  _2256_/A3
  | loop cut point
  _2256_/X
  --------------------------------
  _2438_/X
  _2483_/A1
  _2483_/Y
  _2522_/S
  _2522_/X
  _2560_/A2
  _2560_/X
  _2606_/B2
  _2606_/X
  _2609_/A2
  _2609_/X
  fanout144/A
  fanout144/X
  _1721_/A
  _1721_/Y
  fanout143/A
  fanout143/X
  _1839_/B
  _1839_/X
  _1843_/C1
  _1843_/X
  _1855_/A2
  _1855_/X
  _1858_/A
  _1858_/Y
  _2252_/B
  _2252_/Y
  _2256_/A2
  _2256_/X
  _2265_/B
  _2265_/X
  _2273_/A1
  _2273_/Y
  _2309_/A2
  _2309_/X
  _2345_/C1
  _2345_/X
  _2394_/B2
  _2394_/X
  _2397_/A2
  _2397_/X
  fanout148/A
  fanout148/X
  _1758_/A
  _1758_/X
  _1760_/A3
  _1760_/Y
  _1772_/B1
  _1772_/X
  _2404_/A
  _2404_/Y
  _2635_/B
  _2635_/Y
  _2637_/A3
  _2637_/X
  _2638_/D
  _2638_/X
  _2646_/A1
  _2646_/Y
  _2748_/S
  _2748_/X
  _2751_/A2
  _2751_/X
  _2765_/B1
  _2765_/X
  _2768_/A2
  _2768_/X
  fanout141/A
  fanout141/X
  _1722_/A
  _1722_/Y
  _1867_/A1
  _1867_/X
  _1869_/B2
  _1869_/X
  _1874_/A1
  _1874_/X
  _2428_/A
  _2428_/X
  _2429_/B
  _2429_/X
  _2437_/A3
  _2437_/X
  _2438_/D
  | loop cut point
  _2438_/X
  --------------------------------
  _2638_/X
  _2646_/A1
  _2646_/Y
  _2748_/S
  _2748_/X
  _2751_/A2
  _2751_/X
  _2765_/B1
  _2765_/X
  _2768_/A2
  _2768_/X
  fanout141/A
  fanout141/X
  _1722_/A
  _1722_/Y
  _1867_/A1
  _1867_/X
  _1869_/B2
  _1869_/X
  _1874_/A1
  _1874_/X
  _2428_/A
  _2428_/X
  _2627_/B
  _2627_/X
  _2629_/A3
  _2629_/X
  _2638_/B
  | loop cut point
  _2638_/X
  --------------------------------
  _2751_/X
  _2765_/B1
  _2765_/X
  _2768_/A2
  _2768_/X
  fanout141/A
  fanout141/X
  _1722_/A
  _1722_/Y
  _1867_/A1
  _1867_/X
  _1869_/B2
  _1869_/X
  _1874_/A1
  _1874_/X
  _2428_/A
  _2428_/X
  _2648_/A2
  _2648_/X
  _2654_/A2
  _2654_/Y
  _2674_/A2
  _2674_/X
  _2678_/A2
  _2678_/Y
  _2751_/A1
  | loop cut point
  _2751_/X
  --------------------------------
  _2765_/X
  _2768_/A2
  _2768_/X
  fanout141/A
  fanout141/X
  _1722_/A
  _1722_/Y
  _1867_/A1
  _1867_/X
  _1869_/B2
  _1869_/X
  _1874_/A1
  _1874_/X
  _2428_/A
  _2428_/X
  _2648_/A2
  _2648_/X
  _2654_/A2
  _2654_/Y
  _2674_/A2
  _2674_/X
  _2678_/A2
  _2678_/Y
  _2753_/B1
  _2753_/X
  _2756_/A2
  _2756_/X
  _2765_/B2
  | loop cut point
  _2765_/X
  --------------------------------
  _2765_/X
  _2768_/A2
  _2768_/X
  fanout141/A
  fanout141/X
  _1722_/A
  _1722_/Y
  _1867_/A1
  _1867_/X
  _1869_/B2
  _1869_/X
  _1874_/A1
  _1874_/X
  _2428_/A
  _2428_/X
  _2648_/A2
  _2648_/X
  _2654_/A2
  _2654_/Y
  _2674_/A2
  _2674_/X
  _2678_/A2
  _2678_/Y
  _2760_/A1
  _2760_/X
  _2765_/A2
  | loop cut point
  _2765_/X
  --------------------------------
  _2765_/X
  _2768_/A2
  _2768_/X
  fanout141/A
  fanout141/X
  _1722_/A
  _1722_/Y
  _1867_/A1
  _1867_/X
  _1869_/B2
  _1869_/X
  _1874_/A1
  _1874_/X
  _2428_/A
  _2428_/X
  _2648_/A2
  _2648_/X
  _2654_/A2
  _2654_/Y
  _2674_/A2
  _2674_/X
  _2678_/A2
  _2678_/Y
  _2763_/B1
  _2763_/Y
  _2764_/B2
  _2764_/X
  _2765_/A3
  | loop cut point
  _2765_/X
  --------------------------------
  _2751_/X
  _2765_/B1
  _2765_/X
  _2768_/A2
  _2768_/X
  fanout141/A
  fanout141/X
  _1722_/A
  _1722_/Y
  _1867_/A1
  _1867_/X
  _1869_/B2
  _1869_/X
  _1874_/A1
  _1874_/X
  _2428_/A
  _2428_/X
  _2648_/A2
  _2648_/X
  _2654_/A2
  _2654_/Y
  _2674_/A2
  _2674_/X
  _2679_/A2
  _2679_/X
  _2750_/B1
  _2750_/X
  _2751_/B1
  | loop cut point
  _2751_/X
  --------------------------------
  _2751_/X
  _2765_/B1
  _2765_/X
  _2768_/A2
  _2768_/X
  fanout141/A
  fanout141/X
  _1722_/A
  _1722_/Y
  _1867_/A1
  _1867_/X
  _1869_/B2
  _1869_/X
  _1874_/A1
  _1874_/X
  _2428_/A
  _2428_/X
  _2681_/B
  _2681_/X
  _2687_/A3
  _2687_/X
  _2696_/B
  _2696_/X
  _2710_/B
  _2710_/Y
  _2714_/B1
  _2714_/X
  _2751_/C1
  | loop cut point
  _2751_/X
  --------------------------------
  _2765_/X
  _2768_/A2
  _2768_/X
  fanout141/A
  fanout141/X
  _1722_/A
  _1722_/Y
  _1867_/A1
  _1867_/X
  _1869_/B2
  _1869_/X
  _1874_/A1
  _1874_/X
  _2428_/A
  _2428_/X
  _2738_/B
  _2738_/X
  _2740_/A3
  _2740_/X
  _2741_/C
  _2741_/X
  _2746_/A3
  _2746_/X
  _2765_/A1
  | loop cut point
  _2765_/X
  --------------------------------
  _2256_/X
  _2265_/B
  _2265_/X
  _2273_/A1
  _2273_/Y
  _2309_/A2
  _2309_/X
  _2345_/C1
  _2345_/X
  _2394_/B2
  _2394_/X
  _2397_/A2
  _2397_/X
  fanout148/A
  fanout148/X
  _1758_/A
  _1758_/X
  _1760_/A3
  _1760_/Y
  _1772_/B1
  _1772_/X
  _2404_/A
  _2404_/Y
  _2635_/B
  _2635_/Y
  _2637_/A3
  _2637_/X
  _2638_/D
  _2638_/X
  _2646_/A1
  _2646_/Y
  _2748_/S
  _2748_/X
  _2751_/A2
  _2751_/X
  _2765_/B1
  _2765_/X
  _2768_/A2
  _2768_/X
  fanout141/A
  fanout141/X
  _1722_/A
  _1722_/Y
  _1881_/A1
  _1881_/X
  _1883_/B2
  _1883_/Y
  _1894_/A2
  _1894_/X
  _2254_/A1
  _2254_/Y
  _2255_/B1
  _2255_/X
  _2256_/B1
  | loop cut point
  _2256_/X
  --------------------------------
  _1748_/Y
  _2400_/B1
  _2400_/Y
  _2401_/B
  _2401_/X
  _2417_/A2
  _2417_/X
  _2438_/B
  _2438_/X
  _2483_/A1
  _2483_/Y
  _2522_/S
  _2522_/X
  _2560_/A2
  _2560_/X
  _2606_/B2
  _2606_/X
  _2609_/A2
  _2609_/X
  fanout144/A
  fanout144/X
  _1721_/A
  _1721_/Y
  fanout143/A
  fanout143/X
  _1839_/B
  _1839_/X
  _1843_/C1
  _1843_/X
  _1855_/A2
  _1855_/X
  _1858_/A
  _1858_/Y
  _2252_/B
  _2252_/Y
  _2256_/A2
  _2256_/X
  _2265_/B
  _2265_/X
  _2273_/A1
  _2273_/Y
  _2309_/A2
  _2309_/X
  _2345_/C1
  _2345_/X
  _2394_/B2
  _2394_/X
  _2397_/A2
  _2397_/X
  fanout148/A
  fanout148/X
  _1758_/A
  _1758_/X
  _1760_/A3
  _1760_/Y
  _1772_/B1
  _1772_/X
  _2404_/A
  _2404_/Y
  _2635_/B
  _2635_/Y
  _2637_/A3
  _2637_/X
  _2638_/D
  _2638_/X
  _2646_/A1
  _2646_/Y
  _2748_/S
  _2748_/X
  _2751_/A2
  _2751_/X
  _2765_/B1
  _2765_/X
  _2768_/A2
  _2768_/X
  fanout141/A
  fanout141/X
  _1722_/A
  _1722_/Y
  fanout138/A
  fanout138/X
  _1730_/A1
  _1730_/X
  _1734_/B2
  _1734_/X
  _1748_/A1
  | loop cut point
  _1748_/Y
  --------------------------------
  _1772_/X
  _2404_/A
  _2404_/Y
  _2635_/B
  _2635_/Y
  _2637_/A3
  _2637_/X
  _2638_/D
  _2638_/X
  _2646_/A1
  _2646_/Y
  _2748_/S
  _2748_/X
  _2751_/A2
  _2751_/X
  _2765_/B1
  _2765_/X
  _2768_/A2
  _2768_/X
  fanout141/A
  fanout141/X
  _1722_/A
  _1722_/Y
  fanout138/A
  fanout138/X
  _1765_/A1
  _1765_/X
  _1767_/B2
  _1767_/X
  _1772_/A2
  | loop cut point
  _1772_/X
  --------------------------------
  _2417_/X
  _2438_/B
  _2438_/X
  _2483_/A1
  _2483_/Y
  _2522_/S
  _2522_/X
  _2560_/A2
  _2560_/X
  _2606_/B2
  _2606_/X
  _2609_/A2
  _2609_/X
  fanout144/A
  fanout144/X
  _1721_/A
  _1721_/Y
  fanout143/A
  fanout143/X
  _1839_/B
  _1839_/X
  _1843_/C1
  _1843_/X
  _1855_/A2
  _1855_/X
  _1858_/A
  _1858_/Y
  _2252_/B
  _2252_/Y
  _2256_/A2
  _2256_/X
  _2265_/B
  _2265_/X
  _2273_/A1
  _2273_/Y
  _2309_/A2
  _2309_/X
  _2345_/C1
  _2345_/X
  _2394_/B2
  _2394_/X
  _2397_/A2
  _2397_/X
  fanout148/A
  fanout148/X
  _1758_/A
  _1758_/X
  _1760_/A3
  _1760_/Y
  _1772_/B1
  _1772_/X
  _2404_/A
  _2404_/Y
  _2635_/B
  _2635_/Y
  _2637_/A3
  _2637_/X
  _2638_/D
  _2638_/X
  _2646_/A1
  _2646_/Y
  _2748_/S
  _2748_/X
  _2751_/A2
  _2751_/X
  _2765_/B1
  _2765_/X
  _2768_/A2
  _2768_/X
  fanout141/A
  fanout141/X
  _1722_/A
  _1722_/Y
  fanout138/A
  fanout138/X
  _1781_/A1
  _1781_/Y
  _1783_/B2
  _1783_/X
  _1798_/A2
  _1798_/X
  _2408_/B
  _2408_/X
  _2416_/A1
  _2416_/Y
  _2417_/B1
  | loop cut point
  _2417_/X
  --------------------------------
  _2637_/X
  _2638_/D
  _2638_/X
  _2646_/A1
  _2646_/Y
  _2748_/S
  _2748_/X
  _2751_/A2
  _2751_/X
  _2765_/B1
  _2765_/X
  _2768_/A2
  _2768_/X
  fanout141/A
  fanout141/X
  _1722_/A
  _1722_/Y
  fanout138/A
  fanout138/X
  _1781_/A1
  _1781_/Y
  _1783_/B2
  _1783_/X
  _1798_/A2
  _1798_/X
  _2408_/B
  _2408_/X
  _2636_/A1
  _2636_/Y
  _2637_/B1
  | loop cut point
  _2637_/X
  --------------------------------
  _1843_/X
  _1855_/A2
  _1855_/X
  _1858_/A
  _1858_/Y
  _2252_/B
  _2252_/Y
  _2256_/A2
  _2256_/X
  _2265_/B
  _2265_/X
  _2273_/A1
  _2273_/Y
  _2309_/A2
  _2309_/X
  _2345_/C1
  _2345_/X
  _2394_/B2
  _2394_/X
  _2397_/A2
  _2397_/X
  fanout148/A
  fanout148/X
  _1758_/A
  _1758_/X
  _1760_/A3
  _1760_/Y
  _1772_/B1
  _1772_/X
  _2404_/A
  _2404_/Y
  _2635_/B
  _2635_/Y
  _2637_/A3
  _2637_/X
  _2638_/D
  _2638_/X
  _2646_/A1
  _2646_/Y
  _2748_/S
  _2748_/X
  _2751_/A2
  _2751_/X
  _2765_/B1
  _2765_/X
  _2768_/A2
  _2768_/X
  fanout141/A
  fanout141/X
  _1722_/A
  _1722_/Y
  fanout138/A
  fanout138/X
  _1838_/A1
  _1838_/X
  _1843_/B2
  | loop cut point
  _1843_/X
  --------------------------------
  _2102_/X
  _2107_/A
  _2107_/Y
  _2146_/S
  _2146_/X
  _2182_/A2
  _2182_/X
  _2233_/B2
  _2233_/X
  _2237_/A2
  _2237_/X
  fanout152/A
  fanout152/X
  _1720_/A
  _1720_/Y
  _1746_/A
  _1746_/X
  _1747_/B1
  _1747_/X
  _1748_/B1
  _1748_/Y
  _2400_/B1
  _2400_/Y
  _2401_/B
  _2401_/X
  _2417_/A2
  _2417_/X
  _2438_/B
  _2438_/X
  _2483_/A1
  _2483_/Y
  _2522_/S
  _2522_/X
  _2560_/A2
  _2560_/X
  _2606_/B2
  _2606_/X
  _2609_/A2
  _2609_/X
  fanout144/A
  fanout144/X
  _1721_/A
  _1721_/Y
  fanout143/A
  fanout143/X
  _1839_/B
  _1839_/X
  _1843_/C1
  _1843_/X
  _1855_/A2
  _1855_/X
  _1858_/A
  _1858_/Y
  _2252_/B
  _2252_/Y
  _2256_/A2
  _2256_/X
  _2265_/B
  _2265_/X
  _2273_/A1
  _2273_/Y
  _2309_/A2
  _2309_/X
  _2345_/C1
  _2345_/X
  _2394_/B2
  _2394_/X
  _2397_/A2
  _2397_/X
  fanout148/A
  fanout148/X
  _1758_/A
  _1758_/X
  _1760_/A3
  _1760_/Y
  _1772_/B1
  _1772_/X
  _2404_/A
  _2404_/Y
  _2635_/B
  _2635_/Y
  _2637_/A3
  _2637_/X
  _2638_/D
  _2638_/X
  _2646_/A1
  _2646_/Y
  _2748_/S
  _2748_/X
  _2751_/A2
  _2751_/X
  _2765_/B1
  _2765_/X
  _2768_/A2
  _2768_/X
  fanout141/A
  fanout141/X
  _1722_/A
  _1722_/Y
  fanout138/A
  fanout138/X
  _1994_/A1
  _1994_/X
  _1996_/B2
  _1996_/Y
  _2007_/A2
  _2007_/X
  _2011_/B1
  _2011_/X
  _2012_/A1_N
  _2012_/X
  _2013_/B1
  _2013_/X
  _2102_/B1
  | loop cut point
  _2102_/X
  --------------------------------
  _2273_/Y
  _2309_/A2
  _2309_/X
  _2345_/C1
  _2345_/X
  _2394_/B2
  _2394_/X
  _2397_/A2
  _2397_/X
  fanout148/A
  fanout148/X
  _1758_/A
  _1758_/X
  _1760_/A3
  _1760_/Y
  _1772_/B1
  _1772_/X
  _2404_/A
  _2404_/Y
  _2635_/B
  _2635_/Y
  _2637_/A3
  _2637_/X
  _2638_/D
  _2638_/X
  _2646_/A1
  _2646_/Y
  _2748_/S
  _2748_/X
  _2751_/A2
  _2751_/X
  _2765_/B1
  _2765_/X
  _2768_/A2
  _2768_/X
  fanout141/A
  fanout141/X
  _1722_/A
  _1722_/Y
  fanout138/A
  fanout138/X
  _1994_/A1
  _1994_/X
  _1996_/B2
  _1996_/Y
  _2007_/A2
  _2007_/X
  _2011_/B1
  _2011_/X
  _2243_/A2_N
  _2243_/X
  _2244_/B1
  _2244_/X
  _2266_/A1
  _2266_/X
  _2273_/A2
  | loop cut point
  _2273_/Y
  --------------------------------
  _2309_/X
  _2345_/C1
  _2345_/X
  _2394_/B2
  _2394_/X
  _2397_/A2
  _2397_/X
  fanout148/A
  fanout148/X
  _1758_/A
  _1758_/X
  _1760_/A3
  _1760_/Y
  _1772_/B1
  _1772_/X
  _2404_/A
  _2404_/Y
  _2635_/B
  _2635_/Y
  _2637_/A3
  _2637_/X
  _2638_/D
  _2638_/X
  _2646_/A1
  _2646_/Y
  _2748_/S
  _2748_/X
  _2751_/A2
  _2751_/X
  _2765_/B1
  _2765_/X
  _2768_/A2
  _2768_/X
  fanout141/A
  fanout141/X
  _1722_/A
  _1722_/Y
  fanout138/A
  fanout138/X
  _1994_/A1
  _1994_/X
  _1996_/B2
  _1996_/Y
  _2007_/A2
  _2007_/X
  _2011_/B1
  _2011_/X
  _2243_/A2_N
  _2243_/X
  _2244_/B1
  _2244_/X
  _2266_/A1
  _2266_/X
  _2308_/A2
  _2308_/X
  _2309_/C1
  | loop cut point
  _2309_/X
  --------------------------------
  _2483_/Y
  _2522_/S
  _2522_/X
  _2560_/A2
  _2560_/X
  _2606_/B2
  _2606_/X
  _2609_/A2
  _2609_/X
  fanout144/A
  fanout144/X
  _1721_/A
  _1721_/Y
  fanout143/A
  fanout143/X
  _1839_/B
  _1839_/X
  _1843_/C1
  _1843_/X
  _1855_/A2
  _1855_/X
  _1858_/A
  _1858_/Y
  _2252_/B
  _2252_/Y
  _2256_/A2
  _2256_/X
  _2265_/B
  _2265_/X
  _2273_/A1
  _2273_/Y
  _2309_/A2
  _2309_/X
  _2345_/C1
  _2345_/X
  _2394_/B2
  _2394_/X
  _2397_/A2
  _2397_/X
  fanout148/A
  fanout148/X
  _1758_/A
  _1758_/X
  _1760_/A3
  _1760_/Y
  _1772_/B1
  _1772_/X
  _2404_/A
  _2404_/Y
  _2635_/B
  _2635_/Y
  _2637_/A3
  _2637_/X
  _2638_/D
  _2638_/X
  _2646_/A1
  _2646_/Y
  _2748_/S
  _2748_/X
  _2751_/A2
  _2751_/X
  _2765_/B1
  _2765_/X
  _2768_/A2
  _2768_/X
  fanout141/A
  fanout141/X
  _1722_/A
  _1722_/Y
  fanout138/A
  fanout138/X
  _1994_/A1
  _1994_/X
  _1996_/B2
  _1996_/Y
  _2007_/A2
  _2007_/X
  _2453_/A
  _2453_/Y
  _2454_/B1
  _2454_/X
  _2455_/B1
  _2455_/X
  _2476_/A1
  _2476_/X
  _2483_/A2
  | loop cut point
  _2483_/Y
  --------------------------------
  _2646_/Y
  _2748_/S
  _2748_/X
  _2751_/A2
  _2751_/X
  _2765_/B1
  _2765_/X
  _2768_/A2
  _2768_/X
  fanout141/A
  fanout141/X
  _1722_/A
  _1722_/Y
  fanout138/A
  fanout138/X
  _1994_/A1
  _1994_/X
  _1996_/B2
  _1996_/Y
  _2007_/A2
  _2007_/X
  _2453_/A
  _2453_/Y
  _2616_/B2
  _2616_/X
  _2617_/B1
  _2617_/X
  _2639_/A1
  _2639_/X
  _2646_/A2
  | loop cut point
  _2646_/Y
  --------------------------------
  _2101_/Y
  _2102_/B2
  _2102_/X
  _2107_/A
  _2107_/Y
  _2146_/S
  _2146_/X
  _2182_/A2
  _2182_/X
  _2233_/B2
  _2233_/X
  _2237_/A2
  _2237_/X
  fanout152/A
  fanout152/X
  _1720_/A
  _1720_/Y
  _1746_/A
  _1746_/X
  _1747_/B1
  _1747_/X
  _1748_/B1
  _1748_/Y
  _2400_/B1
  _2400_/Y
  _2401_/B
  _2401_/X
  _2417_/A2
  _2417_/X
  _2438_/B
  _2438_/X
  _2483_/A1
  _2483_/Y
  _2522_/S
  _2522_/X
  _2560_/A2
  _2560_/X
  _2606_/B2
  _2606_/X
  _2609_/A2
  _2609_/X
  fanout144/A
  fanout144/X
  _1721_/A
  _1721_/Y
  fanout143/A
  fanout143/X
  _1839_/B
  _1839_/X
  _1843_/C1
  _1843_/X
  _1855_/A2
  _1855_/X
  _1858_/A
  _1858_/Y
  _2252_/B
  _2252_/Y
  _2256_/A2
  _2256_/X
  _2265_/B
  _2265_/X
  _2273_/A1
  _2273_/Y
  _2309_/A2
  _2309_/X
  _2345_/C1
  _2345_/X
  _2394_/B2
  _2394_/X
  _2397_/A2
  _2397_/X
  fanout148/A
  fanout148/X
  _1758_/A
  _1758_/X
  _1760_/A3
  _1760_/Y
  _1772_/B1
  _1772_/X
  _2404_/A
  _2404_/Y
  _2635_/B
  _2635_/Y
  _2637_/A3
  _2637_/X
  _2638_/D
  _2638_/X
  _2646_/A1
  _2646_/Y
  _2748_/S
  _2748_/X
  _2751_/A2
  _2751_/X
  _2765_/B1
  _2765_/X
  _2768_/A2
  _2768_/X
  fanout141/A
  fanout141/X
  _1722_/A
  _1722_/Y
  fanout138/A
  fanout138/X
  _2021_/A1
  _2021_/X
  _2025_/A2
  _2025_/Y
  _2038_/A1
  _2038_/X
  _2062_/A2
  _2062_/X
  _2063_/B1
  _2063_/X
  _2101_/B1
  | loop cut point
  _2101_/Y
  --------------------------------
  _2100_/X
  _2101_/B2
  _2101_/Y
  _2102_/B2
  _2102_/X
  _2107_/A
  _2107_/Y
  _2146_/S
  _2146_/X
  _2182_/A2
  _2182_/X
  _2233_/B2
  _2233_/X
  _2237_/A2
  _2237_/X
  fanout152/A
  fanout152/X
  _1720_/A
  _1720_/Y
  _1746_/A
  _1746_/X
  _1747_/B1
  _1747_/X
  _1748_/B1
  _1748_/Y
  _2400_/B1
  _2400_/Y
  _2401_/B
  _2401_/X
  _2417_/A2
  _2417_/X
  _2438_/B
  _2438_/X
  _2483_/A1
  _2483_/Y
  _2522_/S
  _2522_/X
  _2560_/A2
  _2560_/X
  _2606_/B2
  _2606_/X
  _2609_/A2
  _2609_/X
  fanout144/A
  fanout144/X
  _1721_/A
  _1721_/Y
  fanout143/A
  fanout143/X
  _1839_/B
  _1839_/X
  _1843_/C1
  _1843_/X
  _1855_/A2
  _1855_/X
  _1858_/A
  _1858_/Y
  _2252_/B
  _2252_/Y
  _2256_/A2
  _2256_/X
  _2265_/B
  _2265_/X
  _2273_/A1
  _2273_/Y
  _2309_/A2
  _2309_/X
  _2345_/C1
  _2345_/X
  _2394_/B2
  _2394_/X
  _2397_/A2
  _2397_/X
  fanout148/A
  fanout148/X
  _1758_/A
  _1758_/X
  _1760_/A3
  _1760_/Y
  _1772_/B1
  _1772_/X
  _2404_/A
  _2404_/Y
  _2635_/B
  _2635_/Y
  _2637_/A3
  _2637_/X
  _2638_/D
  _2638_/X
  _2646_/A1
  _2646_/Y
  _2748_/S
  _2748_/X
  _2751_/A2
  _2751_/X
  _2765_/B1
  _2765_/X
  _2768_/A2
  _2768_/X
  fanout141/A
  fanout141/X
  _1722_/A
  _1722_/Y
  fanout138/A
  fanout138/X
  _2065_/A1
  _2065_/X
  _2067_/B2
  _2067_/Y
  _2078_/A2
  _2078_/X
  _2081_/A
  _2081_/X
  _2100_/A2
  | loop cut point
  _2100_/X
  --------------------------------
  _2085_/Y
  _2096_/A2
  _2096_/X
  _2099_/A
  _2099_/X
  _2100_/B1
  _2100_/X
  _2101_/B2
  _2101_/Y
  _2102_/B2
  _2102_/X
  _2107_/A
  _2107_/Y
  _2146_/S
  _2146_/X
  _2182_/A2
  _2182_/X
  _2233_/B2
  _2233_/X
  _2237_/A2
  _2237_/X
  fanout152/A
  fanout152/X
  _1720_/A
  _1720_/Y
  _1746_/A
  _1746_/X
  _1747_/B1
  _1747_/X
  _1748_/B1
  _1748_/Y
  _2400_/B1
  _2400_/Y
  _2401_/B
  _2401_/X
  _2417_/A2
  _2417_/X
  _2438_/B
  _2438_/X
  _2483_/A1
  _2483_/Y
  _2522_/S
  _2522_/X
  _2560_/A2
  _2560_/X
  _2606_/B2
  _2606_/X
  _2609_/A2
  _2609_/X
  fanout144/A
  fanout144/X
  _1721_/A
  _1721_/Y
  fanout143/A
  fanout143/X
  _1839_/B
  _1839_/X
  _1843_/C1
  _1843_/X
  _1855_/A2
  _1855_/X
  _1858_/A
  _1858_/Y
  _2252_/B
  _2252_/Y
  _2256_/A2
  _2256_/X
  _2265_/B
  _2265_/X
  _2273_/A1
  _2273_/Y
  _2309_/A2
  _2309_/X
  _2345_/C1
  _2345_/X
  _2394_/B2
  _2394_/X
  _2397_/A2
  _2397_/X
  fanout148/A
  fanout148/X
  _1758_/A
  _1758_/X
  _1760_/A3
  _1760_/Y
  _1772_/B1
  _1772_/X
  _2404_/A
  _2404_/Y
  _2635_/B
  _2635_/Y
  _2637_/A3
  _2637_/X
  _2638_/D
  _2638_/X
  _2646_/A1
  _2646_/Y
  _2748_/S
  _2748_/X
  _2751_/A2
  _2751_/X
  _2765_/B1
  _2765_/X
  _2768_/A2
  _2768_/X
  fanout141/A
  fanout141/X
  _1722_/A
  _1722_/Y
  fanout138/A
  fanout138/X
  _2083_/A1
  _2083_/X
  _2085_/B2
  | loop cut point
  _2085_/Y
  --------------------------------
  _2107_/Y
  _2146_/S
  _2146_/X
  _2182_/A2
  _2182_/X
  _2233_/B2
  _2233_/X
  _2237_/A2
  _2237_/X
  fanout152/A
  fanout152/X
  _1720_/A
  _1720_/Y
  _1746_/A
  _1746_/X
  _1747_/B1
  _1747_/X
  _1748_/B1
  _1748_/Y
  _2400_/B1
  _2400_/Y
  _2401_/B
  _2401_/X
  _2417_/A2
  _2417_/X
  _2438_/B
  _2438_/X
  _2483_/A1
  _2483_/Y
  _2522_/S
  _2522_/X
  _2560_/A2
  _2560_/X
  _2606_/B2
  _2606_/X
  _2609_/A2
  _2609_/X
  fanout144/A
  fanout144/X
  _1721_/A
  _1721_/Y
  fanout143/A
  fanout143/X
  _1839_/B
  _1839_/X
  _1843_/C1
  _1843_/X
  _1855_/A2
  _1855_/X
  _1858_/A
  _1858_/Y
  _2252_/B
  _2252_/Y
  _2256_/A2
  _2256_/X
  _2265_/B
  _2265_/X
  _2273_/A1
  _2273_/Y
  _2309_/A2
  _2309_/X
  _2345_/C1
  _2345_/X
  _2394_/B2
  _2394_/X
  _2397_/A2
  _2397_/X
  fanout148/A
  fanout148/X
  _1758_/A
  _1758_/X
  _1760_/A3
  _1760_/Y
  _1772_/B1
  _1772_/X
  _2404_/A
  _2404_/Y
  _2635_/B
  _2635_/Y
  _2637_/A3
  _2637_/X
  _2638_/D
  _2638_/X
  _2646_/A1
  _2646_/Y
  _2748_/S
  _2748_/X
  _2751_/A2
  _2751_/X
  _2765_/B1
  _2765_/X
  _2768_/A2
  _2768_/X
  fanout141/A
  fanout141/X
  fanout140/A
  fanout140/X
  fanout139/A
  fanout139/X
  _2104_/A3
  _2104_/X
  _2105_/A
  _2105_/Y
  _2106_/B1
  _2106_/X
  _2107_/B
  | loop cut point
  _2107_/Y
  --------------------------------
  _2273_/Y
  _2309_/A2
  _2309_/X
  _2345_/C1
  _2345_/X
  _2394_/B2
  _2394_/X
  _2397_/A2
  _2397_/X
  fanout148/A
  fanout148/X
  _1758_/A
  _1758_/X
  _1760_/A3
  _1760_/Y
  _1772_/B1
  _1772_/X
  _2404_/A
  _2404_/Y
  _2635_/B
  _2635_/Y
  _2637_/A3
  _2637_/X
  _2638_/D
  _2638_/X
  _2646_/A1
  _2646_/Y
  _2748_/S
  _2748_/X
  _2751_/A2
  _2751_/X
  _2765_/B1
  _2765_/X
  _2768_/A2
  _2768_/X
  fanout141/A
  fanout141/X
  fanout140/A
  fanout140/X
  fanout139/A
  fanout139/X
  _2270_/B
  _2270_/Y
  _2271_/B1
  _2271_/X
  _2272_/A3
  _2272_/X
  _2273_/B1
  | loop cut point
  _2273_/Y
  --------------------------------
  _2483_/Y
  _2522_/S
  _2522_/X
  _2560_/A2
  _2560_/X
  _2606_/B2
  _2606_/X
  _2609_/A2
  _2609_/X
  fanout144/A
  fanout144/X
  _1721_/A
  _1721_/Y
  fanout143/A
  fanout143/X
  _1839_/B
  _1839_/X
  _1843_/C1
  _1843_/X
  _1855_/A2
  _1855_/X
  _1858_/A
  _1858_/Y
  _2252_/B
  _2252_/Y
  _2256_/A2
  _2256_/X
  _2265_/B
  _2265_/X
  _2273_/A1
  _2273_/Y
  _2309_/A2
  _2309_/X
  _2345_/C1
  _2345_/X
  _2394_/B2
  _2394_/X
  _2397_/A2
  _2397_/X
  fanout148/A
  fanout148/X
  _1758_/A
  _1758_/X
  _1760_/A3
  _1760_/Y
  _1772_/B1
  _1772_/X
  _2404_/A
  _2404_/Y
  _2635_/B
  _2635_/Y
  _2637_/A3
  _2637_/X
  _2638_/D
  _2638_/X
  _2646_/A1
  _2646_/Y
  _2748_/S
  _2748_/X
  _2751_/A2
  _2751_/X
  _2765_/B1
  _2765_/X
  _2768_/A2
  _2768_/X
  fanout141/A
  fanout141/X
  fanout140/A
  fanout140/X
  fanout139/A
  fanout139/X
  _2480_/B
  _2480_/Y
  _2481_/B1
  _2481_/X
  _2482_/A3
  _2482_/X
  _2483_/B1
  | loop cut point
  _2483_/Y
  --------------------------------
  _2646_/Y
  _2748_/S
  _2748_/X
  _2751_/A2
  _2751_/X
  _2765_/B1
  _2765_/X
  _2768_/A2
  _2768_/X
  fanout141/A
  fanout141/X
  fanout140/A
  fanout140/X
  fanout139/A
  fanout139/X
  _2643_/B
  _2643_/Y
  _2644_/B1
  _2644_/X
  _2645_/A3
  _2645_/X
  _2646_/B1
  | loop cut point
  _2646_/Y
  --------------------------------
  _2096_/X
  _2099_/A
  _2099_/X
  _2100_/B1
  _2100_/X
  _2101_/B2
  _2101_/Y
  _2102_/B2
  _2102_/X
  _2107_/A
  _2107_/Y
  _2146_/S
  _2146_/X
  _2182_/A2
  _2182_/X
  _2233_/B2
  _2233_/X
  _2237_/A2
  _2237_/X
  fanout152/A
  fanout152/X
  _1720_/A
  _1720_/Y
  _1746_/A
  _1746_/X
  _1747_/B1
  _1747_/X
  _1748_/B1
  _1748_/Y
  _2400_/B1
  _2400_/Y
  _2401_/B
  _2401_/X
  _2417_/A2
  _2417_/X
  _2438_/B
  _2438_/X
  _2483_/A1
  _2483_/Y
  _2522_/S
  _2522_/X
  _2560_/A2
  _2560_/X
  _2606_/B2
  _2606_/X
  _2609_/A2
  _2609_/X
  fanout144/A
  fanout144/X
  _1721_/A
  _1721_/Y
  fanout143/A
  fanout143/X
  _1839_/B
  _1839_/X
  _1843_/C1
  _1843_/X
  _1855_/A2
  _1855_/X
  _1858_/A
  _1858_/Y
  _2252_/B
  _2252_/Y
  _2256_/A2
  _2256_/X
  _2265_/B
  _2265_/X
  _2273_/A1
  _2273_/Y
  _2309_/A2
  _2309_/X
  _2345_/C1
  _2345_/X
  _2394_/B2
  _2394_/X
  _2397_/A2
  _2397_/X
  fanout148/A
  fanout148/X
  fanout146/A
  fanout146/X
  _2092_/A1
  _2092_/X
  _2095_/A1
  _2095_/X
  _2096_/B1
  | loop cut point
  _2096_/X
  --------------------------------
  _1855_/X
  _1858_/A
  _1858_/Y
  _2252_/B
  _2252_/Y
  _2256_/A2
  _2256_/X
  _2265_/B
  _2265_/X
  _2273_/A1
  _2273_/Y
  _2309_/A2
  _2309_/X
  _2345_/C1
  _2345_/X
  _2394_/B2
  _2394_/X
  _2397_/A2
  _2397_/X
  fanout148/A
  fanout148/X
  fanout147/A
  fanout147/X
  _1852_/B
  _1852_/X
  _1854_/A3
  _1854_/Y
  _1855_/B1
  | loop cut point
  _1855_/X
  --------------------------------
  _2085_/Y
  _2096_/A2
  _2096_/X
  _2099_/A
  _2099_/X
  _2100_/B1
  _2100_/X
  _2101_/B2
  _2101_/Y
  _2102_/B2
  _2102_/X
  _2107_/A
  _2107_/Y
  _2146_/S
  _2146_/X
  _2182_/A2
  _2182_/X
  _2233_/B2
  _2233_/X
  _2237_/A2
  _2237_/X
  fanout152/A
  fanout152/X
  _1720_/A
  _1720_/Y
  _1746_/A
  _1746_/X
  _1747_/B1
  _1747_/X
  _1748_/B1
  _1748_/Y
  _2400_/B1
  _2400_/Y
  _2401_/B
  _2401_/X
  _2417_/A2
  _2417_/X
  _2438_/B
  _2438_/X
  _2483_/A1
  _2483_/Y
  _2522_/S
  _2522_/X
  _2560_/A2
  _2560_/X
  _2606_/B2
  _2606_/X
  _2609_/A2
  _2609_/X
  fanout144/A
  fanout144/X
  _1721_/A
  _1721_/Y
  fanout143/A
  fanout143/X
  fanout142/A
  fanout142/X
  _2084_/A
  _2084_/X
  _2085_/C1
  | loop cut point
  _2085_/Y
  --------------------------------
