Clock: clk
Sources: clk 
Generated: no
Virtual: yes
Propagated: no
Period: 100.000000

===========================================================================
report_clock_properties
============================================================================
Clock                   Period          Waveform
----------------------------------------------------
clk                 100.000000    0.000000 50.000000

===========================================================================
report_clock_latency
============================================================================
Clock clk
rise -> rise
    min     max
0.000000 0.000000 source latency
0.563183         network latency _3576_/CLK
        20.472733 network latency _3398_/CLK
---------------
0.563183 20.472733 latency
        19.909548 skew

rise -> fall
    min     max
0.000000 0.000000 source latency
1.270235         network latency _3354_/CLK
        20.426260 network latency _3398_/CLK
---------------
1.270235 20.426260 latency
        19.156025 skew

fall -> fall
    min     max
0.000000 0.000000 source latency
0.470234         network latency _3576_/CLK
        0.661977 network latency _3342_/CLK
---------------
0.470234 0.661977 latency
        0.191744 skew



===========================================================================
report_clock_min_period
============================================================================
clk period_min = 2.53 fmax = 395.17
