Clock: clk
Sources: wb_clk_i 
Generated: no
Virtual: yes
Propagated: no
Period: 100.000000

===========================================================================
report_clock_properties
============================================================================
Clock                   Period          Waveform
----------------------------------------------------
clk                 100.000000    0.000000 50.000000

===========================================================================
report_clock_latency
============================================================================
Clock clk
rise -> rise
    min     max
4.650000 5.570000 source latency
6.170923         network latency _5675_/CLK
        7.246561 network latency mprj.team_08_Wrapper.team_08_WB.instance_to_wrap/clk
---------------
10.820923 12.816561 latency
        1.995638 skew

fall -> fall
    min     max
4.650000 5.570000 source latency
6.469083         network latency _5675_/CLK
        7.364328 network latency mprj.team_08_Wrapper.team_08_WB.instance_to_wrap/clk
---------------
11.119082 12.934328 latency
        1.815245 skew



===========================================================================
report_clock_min_period
============================================================================
clk period_min = 15.49 fmax = 64.54
