Clock: clk
Sources: clk 
Generated: no
Virtual: yes
Propagated: no
Period: 25.000000

===========================================================================
report_clock_properties
============================================================================
Clock                   Period          Waveform
----------------------------------------------------
clk                  25.000000    0.000000 12.500000

===========================================================================
report_clock_latency
============================================================================
Clock clk
rise -> rise
    min     max
0.000000 0.000000 source latency
0.466131         network latency _2712_/CLK
        0.494095 network latency _2794_/CLK
---------------
0.466131 0.494095 latency
        0.027964 skew

fall -> fall
    min     max
0.000000 0.000000 source latency
0.412051         network latency _2712_/CLK
        0.432483 network latency _2794_/CLK
---------------
0.412051 0.432483 latency
        0.020432 skew



===========================================================================
report_clock_min_period
============================================================================
clk period_min = 3.26 fmax = 306.48
