
===========================================================================
report_checks -unconstrained
===========================================================================
======================= max_ff_n40C_1v95 Corner ===================================

Startpoint: nrst (input port clocked by clk)
Endpoint: _0953_ (recovery check against rising-edge clock clk)
Path Group: asynchronous
Path Type: max

Fanout         Cap        Slew       Delay        Time   Description
---------------------------------------------------------------------------------------------
                                  0.000000    0.000000   clock clk (rise edge)
                                  0.000000    0.000000   clock network delay (propagated)
                                  5.000000    5.000000 ^ input external delay
     2    0.004525    0.020072    0.011833    5.011833 ^ nrst (in)
                                                         nrst (net)
                      0.020075    0.000000    5.011833 ^ input17/A (sky130_fd_sc_hd__dlymetal6s2s_1)
     7    0.029642    0.232098    0.192931    5.204763 ^ input17/X (sky130_fd_sc_hd__dlymetal6s2s_1)
                                                         net17 (net)
                      0.232140    0.002568    5.207331 ^ fanout39/A (sky130_fd_sc_hd__buf_2)
    15    0.043484    0.161122    0.191542    5.398873 ^ fanout39/X (sky130_fd_sc_hd__buf_2)
                                                         net39 (net)
                      0.161409    0.005564    5.404437 ^ fanout38/A (sky130_fd_sc_hd__clkbuf_4)
    21    0.071909    0.166671    0.208019    5.612456 ^ fanout38/X (sky130_fd_sc_hd__clkbuf_4)
                                                         net38 (net)
                      0.166742    0.002933    5.615389 ^ fanout37/A (sky130_fd_sc_hd__clkbuf_2)
     6    0.032132    0.137088    0.164389    5.779778 ^ fanout37/X (sky130_fd_sc_hd__clkbuf_2)
                                                         net37 (net)
                      0.137255    0.003899    5.783676 ^ _0953_/RESET_B (sky130_fd_sc_hd__dfrtp_1)
                                              5.783676   data arrival time

                                 25.000000   25.000000   clock clk (rise edge)
                                  0.000000   25.000000   clock source latency
     2    0.024352    0.085905    0.059673   25.059673 ^ clk (in)
                                                         clk (net)
                      0.085957    0.000000   25.059673 ^ clkbuf_0_clk/A (sky130_fd_sc_hd__clkbuf_16)
    17    0.104320    0.092507    0.144652   25.204325 ^ clkbuf_0_clk/X (sky130_fd_sc_hd__clkbuf_16)
                                                         clknet_0_clk (net)
                      0.093524    0.007731   25.212055 ^ clkbuf_3_7__f_clk/A (sky130_fd_sc_hd__clkbuf_16)
    13    0.046958    0.050475    0.117023   25.329079 ^ clkbuf_3_7__f_clk/X (sky130_fd_sc_hd__clkbuf_16)
                                                         clknet_3_7__leaf_clk (net)
                      0.050776    0.002791   25.331869 ^ _0953_/CLK (sky130_fd_sc_hd__dfrtp_1)
                                 -0.250000   25.081869   clock uncertainty
                                  0.000000   25.081869   clock reconvergence pessimism
                                  0.126832   25.208702   library recovery time
                                             25.208702   data required time
---------------------------------------------------------------------------------------------
                                             25.208702   data required time
                                             -5.783676   data arrival time
---------------------------------------------------------------------------------------------
                                             19.425026   slack (MET)


Startpoint: _0969_ (rising edge-triggered flip-flop clocked by clk)
Endpoint: gpio_out[17] (output port clocked by clk)
Path Group: clk
Path Type: max

Fanout         Cap        Slew       Delay        Time   Description
---------------------------------------------------------------------------------------------
                                  0.000000    0.000000   clock clk (rise edge)
                                  0.000000    0.000000   clock source latency
     2    0.024352    0.085905    0.059672    0.059672 ^ clk (in)
                                                         clk (net)
                      0.085957    0.000000    0.059672 ^ clkbuf_0_clk/A (sky130_fd_sc_hd__clkbuf_16)
    17    0.104320    0.092507    0.144653    0.204326 ^ clkbuf_0_clk/X (sky130_fd_sc_hd__clkbuf_16)
                                                         clknet_0_clk (net)
                      0.092700    0.003461    0.207787 ^ clkbuf_3_5__f_clk/A (sky130_fd_sc_hd__clkbuf_16)
    11    0.050288    0.052866    0.118439    0.326226 ^ clkbuf_3_5__f_clk/X (sky130_fd_sc_hd__clkbuf_16)
                                                         clknet_3_5__leaf_clk (net)
                      0.053303    0.003743    0.329969 ^ _0969_/CLK (sky130_fd_sc_hd__dfstp_1)
     4    0.011989    0.045629    0.247297    0.577266 v _0969_/Q (sky130_fd_sc_hd__dfstp_1)
                                                         MATMULT_INST.prod_adder.gen_for_loop[0].adder_n.a (net)
                      0.045655    0.001012    0.578278 v _0694_/B (sky130_fd_sc_hd__and2_1)
     3    0.010518    0.046814    0.125147    0.703425 v _0694_/X (sky130_fd_sc_hd__and2_1)
                                                         _0267_ (net)
                      0.046817    0.000418    0.703843 v _0695_/A2 (sky130_fd_sc_hd__o211a_1)
     2    0.003981    0.032235    0.135796    0.839640 v _0695_/X (sky130_fd_sc_hd__o211a_1)
                                                         _0268_ (net)
                      0.032235    0.000243    0.839883 v _0697_/B (sky130_fd_sc_hd__or2_1)
     2    0.005265    0.040443    0.129487    0.969370 v _0697_/X (sky130_fd_sc_hd__or2_1)
                                                         _0270_ (net)
                      0.040446    0.000358    0.969728 v _0698_/A2 (sky130_fd_sc_hd__a21o_1)
     2    0.005475    0.031756    0.122383    1.092110 v _0698_/X (sky130_fd_sc_hd__a21o_1)
                                                         _0271_ (net)
                      0.031760    0.000347    1.092458 v _0700_/A2 (sky130_fd_sc_hd__a21oi_1)
     3    0.011973    0.201332    0.186329    1.278786 ^ _0700_/Y (sky130_fd_sc_hd__a21oi_1)
                                                         _0273_ (net)
                      0.201336    0.000686    1.279472 ^ _0701_/A2 (sky130_fd_sc_hd__o21ai_1)
     3    0.008023    0.064565    0.069023    1.348495 v _0701_/Y (sky130_fd_sc_hd__o21ai_1)
                                                         _0274_ (net)
                      0.064571    0.000468    1.348963 v _0744_/C (sky130_fd_sc_hd__and3_1)
     1    0.001730    0.024193    0.118198    1.467161 v _0744_/X (sky130_fd_sc_hd__and3_1)
                                                         _0316_ (net)
                      0.024193    0.000078    1.467239 v _0746_/C (sky130_fd_sc_hd__or4_1)
     1    0.002544    0.051837    0.254569    1.721808 v _0746_/X (sky130_fd_sc_hd__or4_1)
                                                         _0318_ (net)
                      0.051837    0.000118    1.721926 v _0747_/C1 (sky130_fd_sc_hd__o211a_1)
     1    0.002568    0.027282    0.071775    1.793701 v _0747_/X (sky130_fd_sc_hd__o211a_1)
                                                         _0319_ (net)
                      0.027282    0.000185    1.793886 v _0748_/B1 (sky130_fd_sc_hd__o31ai_1)
     1    0.006264    0.194223    0.057029    1.850915 ^ _0748_/Y (sky130_fd_sc_hd__o31ai_1)
                                                         MATMULT_INST.serial_out (net)
                      0.194223    0.000371    1.851287 ^ _1110_/A (sky130_fd_sc_hd__clkbuf_1)
     1    0.002415    0.031389    0.057769    1.909056 ^ _1110_/X (sky130_fd_sc_hd__clkbuf_1)
                                                         net19 (net)
                      0.031389    0.000161    1.909217 ^ output19/A (sky130_fd_sc_hd__buf_2)
     1    0.033959    0.126832    0.135991    2.045208 ^ output19/X (sky130_fd_sc_hd__buf_2)
                                                         gpio_out[17] (net)
                      0.126861    0.001591    2.046799 ^ gpio_out[17] (out)
                                              2.046799   data arrival time

                                 25.000000   25.000000   clock clk (rise edge)
                                  0.000000   25.000000   clock network delay (propagated)
                                 -0.250000   24.750000   clock uncertainty
                                  0.000000   24.750000   clock reconvergence pessimism
                                 -5.000000   19.750000   output external delay
                                             19.750000   data required time
---------------------------------------------------------------------------------------------
                                             19.750000   data required time
                                             -2.046799   data arrival time
---------------------------------------------------------------------------------------------
                                             17.703201   slack (MET)




===========================================================================
report_checks --slack_max -0.01
============================================================================
======================= max_ff_n40C_1v95 Corner ===================================

No paths found.


===========================================================================
 report_check_types -max_slew -max_cap -max_fanout -violators
============================================================================
======================= max_ff_n40C_1v95 Corner ===================================

max fanout

Pin                                   Limit Fanout  Slack
---------------------------------------------------------
fanout24/X                               10     21    -11 (VIOLATED)
fanout38/X                               10     21    -11 (VIOLATED)
clkbuf_3_0__f_clk/X                      10     18     -8 (VIOLATED)
clkbuf_3_2__f_clk/X                      10     18     -8 (VIOLATED)
clkbuf_0_clk/X                           10     17     -7 (VIOLATED)
clkbuf_3_1__f_clk/X                      10     16     -6 (VIOLATED)
fanout39/X                               10     15     -5 (VIOLATED)
clkbuf_3_3__f_clk/X                      10     13     -3 (VIOLATED)
clkbuf_3_7__f_clk/X                      10     13     -3 (VIOLATED)
clkbuf_3_4__f_clk/X                      10     11        (VIOLATED)
clkbuf_3_5__f_clk/X                      10     11        (VIOLATED)
input5/X                                 10     11        (VIOLATED)
input7/X                                 10     11        (VIOLATED)



===========================================================================
report_parasitic_annotation -report_unannotated
============================================================================
Found 92 unannotated drivers.
 en
 gpio_in[16]
 gpio_in[17]
 gpio_in[18]
 gpio_in[19]
 gpio_in[20]
 gpio_in[21]
 gpio_in[22]
 gpio_in[23]
 gpio_in[24]
 gpio_in[25]
 gpio_in[26]
 gpio_in[27]
 gpio_in[28]
 gpio_in[29]
 gpio_in[30]
 gpio_in[31]
 gpio_in[32]
 gpio_in[33]
 clkload0/X
 clkload1/Y
 clkload2/Y
 clkload3/Y
 clkload4/Y
 clkload5/Y
 clkload6/Y
 team_07_100/HI
 team_07_101/HI
 team_07_102/HI
 team_07_103/LO
 team_07_104/LO
 team_07_105/LO
 team_07_40/HI
 team_07_41/HI
 team_07_42/HI
 team_07_43/HI
 team_07_44/HI
 team_07_45/HI
 team_07_46/HI
 team_07_47/HI
 team_07_48/HI
 team_07_49/HI
 team_07_50/HI
 team_07_51/HI
 team_07_52/HI
 team_07_53/HI
 team_07_54/HI
 team_07_55/HI
 team_07_56/HI
 team_07_57/HI
 team_07_58/HI
 team_07_59/HI
 team_07_60/HI
 team_07_61/HI
 team_07_62/HI
 team_07_63/HI
 team_07_64/HI
 team_07_65/HI
 team_07_66/HI
 team_07_67/HI
 team_07_68/HI
 team_07_69/HI
 team_07_70/HI
 team_07_71/HI
 team_07_72/HI
 team_07_73/HI
 team_07_74/HI
 team_07_75/HI
 team_07_76/HI
 team_07_77/HI
 team_07_78/HI
 team_07_79/HI
 team_07_80/HI
 team_07_81/HI
 team_07_82/HI
 team_07_83/HI
 team_07_84/HI
 team_07_85/HI
 team_07_86/HI
 team_07_87/HI
 team_07_88/HI
 team_07_89/HI
 team_07_90/HI
 team_07_91/HI
 team_07_92/HI
 team_07_93/HI
 team_07_94/HI
 team_07_95/HI
 team_07_96/HI
 team_07_97/HI
 team_07_98/HI
 team_07_99/HI
Found 0 partially unannotated drivers.

===========================================================================
max slew violation count 0
max fanout violation count 13
max cap violation count 0
============================================================================

===========================================================================
check_setup -verbose -unconstrained_endpoints -multiple_clock -no_clock -no_input_delay -loops -generated_clocks
===========================================================================
Warning: There are 66 unconstrained endpoints.
  gpio_oeb[0]
  gpio_oeb[10]
  gpio_oeb[11]
  gpio_oeb[12]
  gpio_oeb[13]
  gpio_oeb[14]
  gpio_oeb[15]
  gpio_oeb[16]
  gpio_oeb[17]
  gpio_oeb[18]
  gpio_oeb[19]
  gpio_oeb[1]
  gpio_oeb[20]
  gpio_oeb[21]
  gpio_oeb[22]
  gpio_oeb[23]
  gpio_oeb[24]
  gpio_oeb[25]
  gpio_oeb[26]
  gpio_oeb[27]
  gpio_oeb[28]
  gpio_oeb[29]
  gpio_oeb[2]
  gpio_oeb[30]
  gpio_oeb[31]
  gpio_oeb[32]
  gpio_oeb[33]
  gpio_oeb[3]
  gpio_oeb[4]
  gpio_oeb[5]
  gpio_oeb[6]
  gpio_oeb[7]
  gpio_oeb[8]
  gpio_oeb[9]
  gpio_out[0]
  gpio_out[10]
  gpio_out[11]
  gpio_out[12]
  gpio_out[13]
  gpio_out[14]
  gpio_out[15]
  gpio_out[18]
  gpio_out[19]
  gpio_out[1]
  gpio_out[20]
  gpio_out[21]
  gpio_out[22]
  gpio_out[23]
  gpio_out[24]
  gpio_out[25]
  gpio_out[26]
  gpio_out[27]
  gpio_out[28]
  gpio_out[29]
  gpio_out[2]
  gpio_out[30]
  gpio_out[31]
  gpio_out[32]
  gpio_out[33]
  gpio_out[3]
  gpio_out[4]
  gpio_out[5]
  gpio_out[6]
  gpio_out[7]
  gpio_out[8]
  gpio_out[9]
