Clock: clk
Sources: clk 
Generated: no
Virtual: yes
Propagated: no
Period: 25.000000

===========================================================================
report_clock_properties
============================================================================
Clock                   Period          Waveform
----------------------------------------------------
clk                  25.000000    0.000000 12.500000

===========================================================================
report_clock_latency
============================================================================
Clock clk
rise -> rise
    min     max
0.000000 0.000000 source latency
0.324988         network latency _0974_/CLK
        0.340634 network latency _0952_/CLK
---------------
0.324988 0.340634 latency
        0.015647 skew

fall -> fall
    min     max
0.000000 0.000000 source latency
0.281784         network latency _0974_/CLK
        0.294544 network latency _0952_/CLK
---------------
0.281784 0.294544 latency
        0.012760 skew



===========================================================================
report_clock_min_period
============================================================================
clk period_min = 2.34 fmax = 427.08
