┏━━━━━━━┳━━━━━━━━━┳━━━━━━━━━━┳━━━━━━━━━━━━━━┳━━━━━━━━━━━━━━━━━━━━┳━━━━━━━┓
┃ P / R ┃ Partial ┃ Required ┃ Net          ┃ Pin                ┃ Layer ┃
┡━━━━━━━╇━━━━━━━━━╇━━━━━━━━━━╇━━━━━━━━━━━━━━╇━━━━━━━━━━━━━━━━━━━━╇━━━━━━━┩
│ 12.11 │ 4845.78 │ 400.00   │ _06285_      │ fanout785/A        │ met3  │
│ 10.54 │ 4214.67 │ 400.00   │ _10593_      │ _12286_/C          │ met3  │
│ 10.32 │ 4127.24 │ 400.00   │ _08666_      │ _20758_/S          │ met3  │
│ 8.78  │ 3513.71 │ 400.00   │ _10496_      │ _12209_/A          │ met3  │
│ 8.05  │ 3220.65 │ 400.00   │ _09976_      │ _11662_/A2         │ met3  │
│ 7.69  │ 3076.19 │ 400.00   │ net1967      │ fanout1961/A       │ met3  │
│ 7.31  │ 2923.32 │ 400.00   │ _09817_      │ fanout1157/A       │ met3  │
│ 7.13  │ 2853.89 │ 400.00   │ _09785_      │ fanout1223/A       │ met3  │
│ 6.78  │ 2711.06 │ 400.00   │ _05229_      │ fanout1944/A       │ met3  │
│ 6.62  │ 2646.54 │ 400.00   │ net1299      │ _13934_/B          │ met3  │
│ 6.38  │ 2550.69 │ 400.00   │ net250       │ fanout247/A        │ met3  │
│ 6.36  │ 2545.50 │ 400.00   │ _08152_      │ fanout412/A        │ met3  │
│ 5.79  │ 2317.79 │ 400.00   │ _05259_      │ fanout1771/A       │ met2  │
│ 5.78  │ 2312.30 │ 400.00   │ _09600_      │ fanout1645/A       │ met3  │
│ 5.26  │ 2105.60 │ 400.00   │ net1298      │ _12760_/B1         │ met3  │
│ 5.14  │ 2056.60 │ 400.00   │ net2818      │ fanout2492/A       │ met3  │
│ 5.10  │ 2041.71 │ 400.00   │ _10986_      │ _12692_/C          │ met3  │
│ 5.03  │ 2011.99 │ 400.00   │ _05274_      │ _19093_/A          │ met3  │
│ 4.97  │ 1987.25 │ 400.00   │ _05237_      │ fanout1905/A       │ met3  │
│ 4.73  │ 1892.21 │ 400.00   │ net1643      │ fanout1640/A       │ met3  │
│ 4.69  │ 1875.68 │ 400.00   │ _05264_      │ fanout1752/A       │ met3  │
│ 4.69  │ 1875.68 │ 400.00   │ _05264_      │ fanout1753/A       │ met3  │
│ 4.55  │ 1819.72 │ 400.00   │ _07290_      │ fanout565/A        │ met3  │
│ 4.43  │ 1770.10 │ 400.00   │ _04649_      │ _13501_/D          │ met3  │
│ 4.37  │ 1748.91 │ 400.00   │ net1330      │ _12539_/B1         │ met3  │
│ 4.36  │ 1743.19 │ 400.00   │ net682       │ fanout681/A        │ met3  │
│ 4.34  │ 1736.56 │ 400.00   │ net189       │ fanout183/A        │ met3  │
│ 4.26  │ 1704.34 │ 400.00   │ net2826      │ _21804_/B1         │ met3  │
│ 4.26  │ 1704.18 │ 400.00   │ net250       │ _21687_/A2         │ met3  │
│ 4.19  │ 1677.32 │ 400.00   │ net851       │ _15500_/B          │ met3  │
│ 4.19  │ 1677.32 │ 400.00   │ net851       │ _15501_/A2         │ met3  │
│ 4.16  │ 1664.23 │ 400.00   │ _08599_      │ fanout347/A        │ met3  │
│ 4.03  │ 1612.24 │ 400.00   │ net707       │ fanout706/A        │ met3  │
│ 3.99  │ 1595.36 │ 400.00   │ net691       │ _17021_/B          │ met3  │
│ 3.99  │ 1595.36 │ 400.00   │ net691       │ fanout686/A        │ met3  │
│ 3.99  │ 1595.36 │ 400.00   │ net691       │ fanout690/A        │ met3  │
│ 3.97  │ 1586.10 │ 400.00   │ net422       │ _19660_/B          │ met3  │
│ 3.91  │ 1565.77 │ 400.00   │ _04871_      │ _13761_/A1         │ met3  │
│ 3.91  │ 1563.34 │ 400.00   │ net1901      │ _16209_/A          │ met3  │
│ 3.91  │ 1563.34 │ 400.00   │ net1901      │ fanout1890/A       │ met3  │
│ 3.84  │ 1534.64 │ 400.00   │ _09719_      │ fanout1400/A       │ met3  │
│ 3.80  │ 1521.16 │ 400.00   │ _10489_      │ _12211_/A1         │ met3  │
│ 3.75  │ 1498.48 │ 400.00   │ _10227_      │ _11924_/A          │ met3  │
│ 3.74  │ 1494.76 │ 400.00   │ net759       │ fanout752/A        │ met3  │
│ 3.69  │ 1477.36 │ 400.00   │ net506       │ fanout499/A        │ met3  │
│ 3.69  │ 1477.36 │ 400.00   │ net506       │ fanout502/A        │ met3  │
│ 3.69  │ 1476.72 │ 400.00   │ net1433      │ _12892_/B1         │ met3  │
│ 3.68  │ 1472.23 │ 400.00   │ _08872_      │ fanout305/A        │ met3  │
│ 3.61  │ 1445.12 │ 400.00   │ net1884      │ _17442_/A          │ met3  │
│ 3.61  │ 1445.12 │ 400.00   │ net1884      │ fanout1873/A       │ met3  │
│ 3.60  │ 1440.97 │ 400.00   │ net1177      │ fanout1175/A       │ met3  │
│ 3.59  │ 1436.41 │ 400.00   │ _05908_      │ _15411_/A2         │ met3  │
│ 3.59  │ 1436.41 │ 400.00   │ net992       │ fanout991/A        │ met3  │
│ 3.55  │ 1420.47 │ 400.00   │ _09783_      │ fanout1231/A       │ met3  │
│ 3.53  │ 1411.37 │ 400.00   │ net1613      │ _21151_/B          │ met3  │
│ 3.53  │ 1410.86 │ 400.00   │ net4         │ fanout2837/A       │ met3  │
│ 3.53  │ 1410.10 │ 400.00   │ net734       │ fanout733/A        │ met3  │
│ 3.49  │ 1395.77 │ 400.00   │ _09808_      │ fanout1173/A       │ met3  │
│ 3.47  │ 1387.35 │ 400.00   │ net1158      │ _11631_/B1         │ met3  │
│ 3.46  │ 1385.34 │ 400.00   │ _07012_      │ fanout633/A        │ met2  │
│ 3.44  │ 1374.13 │ 400.00   │ _06321_      │ fanout770/A        │ met3  │
│ 3.44  │ 1374.13 │ 400.00   │ _06321_      │ fanout772/A        │ met3  │
│ 3.38  │ 1353.44 │ 400.00   │ _09251_      │ fanout229/A        │ met3  │
│ 3.38  │ 1353.44 │ 400.00   │ _09251_      │ fanout233/A        │ met3  │
│ 3.38  │ 1353.05 │ 400.00   │ _09490_      │ fanout177/A        │ met3  │
│ 3.38  │ 1350.26 │ 400.00   │ net1483      │ _12752_/B1         │ met3  │
│ 3.38  │ 1350.26 │ 400.00   │ net1483      │ _13166_/A2         │ met3  │
│ 3.38  │ 1350.26 │ 400.00   │ net1483      │ _13420_/A2         │ met3  │
│ 3.37  │ 1347.52 │ 400.00   │ net560       │ fanout559/A        │ met3  │
│ 3.37  │ 1347.30 │ 400.00   │ net137       │ _19691_/A2         │ met3  │
│ 3.37  │ 1347.30 │ 400.00   │ net1334      │ _12071_/B1         │ met3  │
│ 3.33  │ 1333.43 │ 400.00   │ _07494_      │ fanout1032/A       │ met3  │
│ 3.31  │ 1323.43 │ 400.00   │ net620       │ _17697_/S          │ met3  │
│ 3.29  │ 1317.81 │ 400.00   │ net330       │ fanout323/A        │ met3  │
│ 3.29  │ 1317.81 │ 400.00   │ net330       │ fanout326/A        │ met3  │
│ 3.26  │ 1302.88 │ 400.00   │ net1307      │ _11437_/A2         │ met3  │
│ 3.25  │ 1301.41 │ 400.00   │ net573       │ fanout572/A        │ met3  │
│ 3.25  │ 1298.42 │ 400.00   │ net910       │ fanout907/A        │ met3  │
│ 3.25  │ 1298.13 │ 400.00   │ _11146_      │ _12847_/A2         │ met3  │
│ 3.19  │ 1277.93 │ 400.00   │ _05187_      │ _18006_/A          │ met3  │
│ 3.19  │ 1277.93 │ 400.00   │ _05187_      │ fanout2175/A       │ met3  │
│ 3.12  │ 1249.58 │ 400.00   │ net951       │ fanout948/A        │ met3  │
│ 3.04  │ 1217.84 │ 400.00   │ net802       │ fanout796/A        │ met3  │
│ 3.03  │ 1213.51 │ 400.00   │ net1468      │ _13197_/B1         │ met3  │
│ 3.03  │ 1213.15 │ 400.00   │ _09694_      │ fanout1462/A       │ met3  │
│ 3.03  │ 1213.11 │ 400.00   │ _08869_      │ fanout309/A        │ met3  │
│ 3.03  │ 1211.31 │ 400.00   │ net1203      │ _12024_/B1         │ met3  │
│ 3.03  │ 1211.31 │ 400.00   │ net1203      │ _12334_/B1         │ met3  │
│ 3.03  │ 1211.15 │ 400.00   │ net2136      │ _15516_/A          │ met3  │
│ 3.03  │ 1211.15 │ 400.00   │ net2136      │ _17412_/A          │ met3  │
│ 3.02  │ 1209.08 │ 400.00   │ net1546      │ fanout1545/A       │ met3  │
│ 3.02  │ 1208.92 │ 400.00   │ net1388      │ _11635_/B1         │ met3  │
│ 2.97  │ 1188.13 │ 400.00   │ _07567_      │ fanout524/A        │ met3  │
│ 2.97  │ 1187.47 │ 400.00   │ _09352_      │ fanout115/A        │ met3  │
│ 2.91  │ 1164.48 │ 400.00   │ net1464      │ fanout1463/A       │ met3  │
│ 2.91  │ 1164.44 │ 400.00   │ net418       │ fanout415/A        │ met3  │
│ 2.91  │ 1164.35 │ 400.00   │ net1647      │ _13732_/A2         │ met3  │
│ 2.91  │ 1164.35 │ 400.00   │ net1647      │ _13838_/A2         │ met3  │
│ 2.87  │ 1148.00 │ 400.00   │ net1017      │ _21310_/C          │ met3  │
│ 2.87  │ 1147.90 │ 400.00   │ net827       │ _15690_/S          │ met3  │
│ 2.86  │ 1145.58 │ 400.00   │ net1015      │ fanout1014/A       │ met3  │
│ 2.86  │ 1144.19 │ 400.00   │ _07534_      │ _18569_/A2         │ met3  │
│ 2.86  │ 1144.19 │ 400.00   │ _07534_      │ fanout527/A        │ met3  │
│ 2.86  │ 1143.81 │ 400.00   │ net544       │ _18420_/S          │ met3  │
│ 2.80  │ 1119.71 │ 400.00   │ _09011_      │ fanout280/A        │ met3  │
│ 2.80  │ 1119.71 │ 400.00   │ _09647_      │ fanout1564/A       │ met3  │
│ 2.80  │ 1119.71 │ 400.00   │ _09675_      │ _13187_/B1         │ met3  │
│ 2.80  │ 1119.71 │ 400.00   │ net985       │ _14365_/A2         │ met3  │
│ 2.77  │ 1107.03 │ 400.00   │ net379       │ fanout377/A        │ met3  │
│ 2.77  │ 1107.03 │ 400.00   │ net379       │ fanout378/A        │ met3  │
│ 2.76  │ 1102.13 │ 400.00   │ net1562      │ _11701_/A2         │ met3  │
│ 2.76  │ 1102.13 │ 400.00   │ net1562      │ _13793_/B1         │ met3  │
│ 2.75  │ 1101.54 │ 400.00   │ net934       │ fanout930/A        │ met3  │
│ 2.74  │ 1097.50 │ 400.00   │ net1225      │ _13124_/B1         │ met3  │
│ 2.74  │ 1097.50 │ 400.00   │ net1225      │ _13837_/B1         │ met3  │
│ 2.72  │ 1086.74 │ 400.00   │ net189       │ fanout182/A        │ met3  │
│ 2.72  │ 1086.74 │ 400.00   │ net189       │ fanout188/A        │ met3  │
│ 2.70  │ 1080.69 │ 400.00   │ _04529_      │ _13379_/D          │ met2  │
│ 2.69  │ 1075.73 │ 400.00   │ net828       │ _15640_/S          │ met3  │
│ 2.69  │ 1075.73 │ 400.00   │ net828       │ fanout825/A        │ met3  │
│ 2.69  │ 1075.10 │ 400.00   │ net1395      │ _12598_/B1         │ met3  │
│ 2.66  │ 1064.92 │ 400.00   │ net353       │ _20601_/S          │ met3  │
│ 2.65  │ 1060.38 │ 400.00   │ _10004_      │ _11708_/B          │ met3  │
│ 2.65  │ 1060.38 │ 400.00   │ _10038_      │ _11724_/D          │ met3  │
│ 2.64  │ 1055.03 │ 400.00   │ net172       │ _22460_/B          │ met3  │
│ 2.64  │ 1055.03 │ 400.00   │ net172       │ _22461_/A2         │ met3  │
│ 2.62  │ 1048.60 │ 400.00   │ net268       │ fanout267/A        │ met3  │
│ 2.60  │ 1041.92 │ 400.00   │ net591       │ fanout589/A        │ met3  │
│ 2.59  │ 1035.09 │ 400.00   │ net813       │ fanout812/A        │ met3  │
│ 2.59  │ 1035.05 │ 400.00   │ net1165      │ _12471_/B1         │ met3  │
│ 2.58  │ 1030.50 │ 400.00   │ net1160      │ _11682_/B1         │ met3  │
│ 2.46  │ 985.89  │ 400.00   │ net1668      │ _13143_/A2         │ met3  │
│ 2.45  │ 979.37  │ 400.00   │ net582       │ fanout578/A        │ met3  │
│ 2.43  │ 972.76  │ 400.00   │ _04979_      │ _13843_/C          │ met3  │
│ 2.38  │ 950.34  │ 400.00   │ net1225      │ _12778_/B1         │ met3  │
│ 2.36  │ 943.55  │ 400.00   │ net1426      │ _12094_/B1         │ met3  │
│ 2.36  │ 943.55  │ 400.00   │ net1426      │ _12590_/B1         │ met3  │
│ 2.36  │ 943.44  │ 400.00   │ _08423_      │ fanout1106/A       │ met3  │
│ 2.36  │ 942.31  │ 400.00   │ net494       │ fanout491/A        │ met3  │
│ 2.36  │ 942.31  │ 400.00   │ net494       │ fanout493/A        │ met3  │
│ 2.35  │ 939.85  │ 400.00   │ _06563_      │ _19006_/A3         │ met3  │
│ 2.35  │ 939.85  │ 400.00   │ _06563_      │ fanout1044/A       │ met3  │
│ 2.30  │ 921.31  │ 400.00   │ net1046      │ _19022_/A3         │ met3  │
│ 2.30  │ 921.31  │ 400.00   │ net1046      │ _19024_/A3         │ met3  │
│ 2.29  │ 6755.43 │ 2956.40  │ _10593_      │ _12286_/C          │ met4  │
│ 2.28  │ 913.56  │ 400.00   │ net1450      │ fanout1448/A       │ met3  │
│ 2.28  │ 913.56  │ 400.00   │ net1450      │ fanout1449/A       │ met3  │
│ 2.25  │ 901.27  │ 400.00   │ _07672_      │ fanout146/A        │ met3  │
│ 2.25  │ 901.24  │ 400.00   │ net1472      │ _13772_/A2         │ met3  │
│ 2.23  │ 891.72  │ 400.00   │ _09011_      │ fanout282/A        │ met3  │
│ 2.22  │ 889.15  │ 400.00   │ net1293      │ fanout1290/A       │ met3  │
│ 2.19  │ 874.55  │ 400.00   │ net1644      │ _11573_/A2         │ met3  │
│ 2.19  │ 874.55  │ 400.00   │ net1644      │ _12029_/A2         │ met3  │
│ 2.19  │ 874.41  │ 400.00   │ net117       │ _22112_/A2         │ met3  │
│ 2.19  │ 874.41  │ 400.00   │ net117       │ _22113_/A2         │ met3  │
│ 2.18  │ 870.97  │ 400.00   │ _06840_      │ fanout667/A        │ met3  │
│ 2.16  │ 865.45  │ 400.00   │ _06702_      │ fanout693/A        │ met3  │
│ 2.15  │ 860.99  │ 400.00   │ _09743_      │ fanout1336/A       │ met3  │
│ 2.14  │ 857.90  │ 400.00   │ _05231_      │ fanout1935/A       │ met3  │
│ 2.14  │ 857.90  │ 400.00   │ _05231_      │ fanout1937/A       │ met3  │
│ 2.14  │ 856.57  │ 400.00   │ net1265      │ _12121_/B1         │ met3  │
│ 2.14  │ 855.85  │ 400.00   │ _07876_      │ fanout464/A        │ met3  │
│ 2.13  │ 852.23  │ 400.00   │ net1314      │ _12008_/B1         │ met3  │
│ 2.13  │ 852.07  │ 400.00   │ _05063_      │ _13921_/A2         │ met3  │
│ 2.13  │ 852.07  │ 400.00   │ net1405      │ _12886_/A2         │ met3  │
│ 2.13  │ 852.06  │ 400.00   │ _05840_      │ fanout876/A        │ met3  │
│ 2.13  │ 852.06  │ 400.00   │ _05840_      │ fanout878/A        │ met3  │
│ 2.12  │ 850.00  │ 400.00   │ net637       │ _17519_/S          │ met3  │
│ 2.11  │ 6247.24 │ 2956.40  │ _04680_      │ _13532_/C          │ met3  │
│ 2.10  │ 840.30  │ 400.00   │ _07184_      │ fanout597/A        │ met3  │
│ 2.09  │ 834.59  │ 400.00   │ _09712_      │ fanout1420/A       │ met3  │
│ 2.04  │ 817.94  │ 400.00   │ _09558_      │ _13763_/B          │ met1  │
│ 2.04  │ 817.51  │ 400.00   │ net1161      │ fanout1159/A       │ met3  │
│ 2.04  │ 817.51  │ 400.00   │ net1161      │ fanout1160/A       │ met3  │
│ 2.02  │ 807.47  │ 400.00   │ net137       │ _19661_/A2         │ met3  │
│ 2.02  │ 807.47  │ 400.00   │ net1150      │ _17182_/A2         │ met3  │
│ 2.02  │ 806.35  │ 400.00   │ _10826_      │ _12522_/D          │ met3  │
│ 2.01  │ 803.68  │ 400.00   │ net616       │ fanout611/A        │ met3  │
│ 1.99  │ 797.52  │ 400.00   │ _09602_      │ _13771_/B          │ met3  │
│ 1.99  │ 797.52  │ 400.00   │ _10118_      │ _11820_/B          │ met3  │
│ 1.99  │ 797.52  │ 400.00   │ _10791_      │ _12487_/D          │ met3  │
│ 1.99  │ 797.52  │ 400.00   │ net413       │ _19813_/B          │ met3  │
│ 1.98  │ 790.11  │ 400.00   │ net1732      │ _18456_/A0         │ met1  │
│ 1.96  │ 782.76  │ 400.00   │ net1006      │ fanout1005/A       │ met3  │
│ 1.95  │ 781.53  │ 400.00   │ _09782_      │ _13997_/B          │ met2  │
│ 1.95  │ 780.54  │ 400.00   │ net1854      │ _15684_/A0         │ met1  │
│ 1.92  │ 767.42  │ 400.00   │ net1414      │ _12127_/A2         │ met3  │
│ 1.92  │ 767.32  │ 400.00   │ _07912_      │ fanout460/A        │ met3  │
│ 1.92  │ 766.63  │ 400.00   │ _05259_      │ fanout1771/A       │ met1  │
│ 1.91  │ 764.77  │ 400.00   │ net1149      │ _20117_/B          │ met3  │
│ 1.91  │ 764.77  │ 400.00   │ net1149      │ _20118_/A2         │ met3  │
│ 1.91  │ 764.77  │ 400.00   │ net1149      │ fanout1148/A       │ met3  │
│ 1.91  │ 764.26  │ 400.00   │ net1850      │ _16816_/A0         │ met1  │
│ 1.91  │ 762.86  │ 400.00   │ _09860_      │ _11586_/A1         │ met3  │
│ 1.90  │ 759.55  │ 400.00   │ net334       │ fanout332/A        │ met3  │
│ 1.89  │ 754.37  │ 400.00   │ net1203      │ fanout1202/A       │ met3  │
│ 1.88  │ 753.01  │ 400.00   │ net198       │ fanout195/A        │ met3  │
│ 1.88  │ 753.01  │ 400.00   │ net198       │ fanout196/A        │ met3  │
│ 1.86  │ 742.88  │ 400.00   │ net151       │ _18467_/A2         │ met3  │
│ 1.86  │ 742.88  │ 400.00   │ net151       │ fanout150/A        │ met3  │
│ 1.83  │ 730.93  │ 400.00   │ _07567_      │ fanout519/A        │ met3  │
│ 1.82  │ 727.92  │ 400.00   │ net488       │ _18973_/A2         │ met2  │
│ 1.81  │ 723.01  │ 400.00   │ net268       │ fanout264/A        │ met3  │
│ 1.80  │ 720.50  │ 400.00   │ net1150      │ _17183_/A2         │ met3  │
│ 1.80  │ 720.50  │ 400.00   │ net1150      │ _17198_/A2         │ met3  │
│ 1.80  │ 718.92  │ 400.00   │ net172       │ fanout164/A        │ met3  │
│ 1.80  │ 718.67  │ 400.00   │ _09580_      │ _13765_/B          │ met3  │
│ 1.80  │ 718.42  │ 400.00   │ net1370      │ _13426_/B1         │ met3  │
│ 1.80  │ 718.25  │ 400.00   │ net1432      │ _12592_/A2         │ met3  │
│ 1.79  │ 715.80  │ 400.00   │ net1002      │ _14171_/B          │ met3  │
│ 1.79  │ 715.80  │ 400.00   │ net1002      │ fanout996/A        │ met3  │
│ 1.79  │ 715.80  │ 400.00   │ net1002      │ fanout997/A        │ met3  │
│ 1.79  │ 715.80  │ 400.00   │ net1002      │ fanout1000/A       │ met3  │
│ 1.78  │ 711.10  │ 400.00   │ _05223_      │ fanout1980/A       │ met3  │
│ 1.78  │ 711.10  │ 400.00   │ _05223_      │ fanout1981/A       │ met3  │
│ 1.78  │ 711.10  │ 400.00   │ _05223_      │ fanout1983/A       │ met3  │
│ 1.77  │ 709.90  │ 400.00   │ _10710_      │ _12405_/D          │ met3  │
│ 1.77  │ 708.53  │ 400.00   │ _09784_      │ fanout1229/A       │ met3  │
│ 1.77  │ 708.38  │ 400.00   │ net437       │ _19502_/B          │ met3  │
│ 1.77  │ 708.38  │ 400.00   │ net437       │ _19503_/A2         │ met3  │
│ 1.77  │ 708.38  │ 400.00   │ net437       │ _19508_/B          │ met3  │
│ 1.77  │ 708.38  │ 400.00   │ net437       │ _19509_/A2         │ met3  │
│ 1.77  │ 708.38  │ 400.00   │ net437       │ _19539_/A2         │ met3  │
│ 1.77  │ 708.38  │ 400.00   │ net1025      │ fanout1024/A       │ met3  │
│ 1.76  │ 705.43  │ 400.00   │ net1905      │ _17703_/A0         │ met3  │
│ 1.76  │ 705.43  │ 400.00   │ net1905      │ _18239_/A0         │ met3  │
│ 1.75  │ 5187.05 │ 2956.40  │ _10110_      │ _11820_/A          │ met3  │
│ 1.75  │ 701.43  │ 400.00   │ _07672_      │ fanout149/A        │ met3  │
│ 1.75  │ 701.25  │ 400.00   │ _10367_      │ _12057_/D          │ met2  │
│ 1.75  │ 700.57  │ 400.00   │ net1361      │ _11416_/A2         │ met3  │
│ 1.75  │ 700.57  │ 400.00   │ net1361      │ _12465_/A2         │ met3  │
│ 1.75  │ 700.57  │ 400.00   │ net1361      │ _13421_/B1         │ met3  │
│ 1.74  │ 695.97  │ 400.00   │ net329       │ _20850_/B          │ met3  │
│ 1.74  │ 695.97  │ 400.00   │ net329       │ _20851_/A2         │ met3  │
│ 1.74  │ 695.90  │ 400.00   │ net1637      │ _12777_/A2         │ met3  │
│ 1.74  │ 695.90  │ 400.00   │ net1637      │ fanout1636/A       │ met3  │
│ 1.72  │ 689.70  │ 400.00   │ net2270      │ _11508_/B          │ met3  │
│ 1.72  │ 689.70  │ 400.00   │ net2270      │ _12613_/B          │ met3  │
│ 1.72  │ 689.70  │ 400.00   │ net2270      │ _14003_/A2         │ met3  │
│ 1.72  │ 688.52  │ 400.00   │ net110       │ _22101_/B1         │ met3  │
│ 1.72  │ 688.52  │ 400.00   │ net110       │ _22112_/B1         │ met3  │
│ 1.72  │ 688.52  │ 400.00   │ net110       │ _22113_/B1         │ met3  │
│ 1.70  │ 681.35  │ 400.00   │ net553       │ _18271_/S          │ met3  │
│ 1.70  │ 681.35  │ 400.00   │ net553       │ _18277_/S          │ met3  │
│ 1.70  │ 679.10  │ 400.00   │ _09627_      │ fanout1606/A       │ met3  │
│ 1.70  │ 679.10  │ 400.00   │ net133       │ fanout132/A        │ met3  │
│ 1.70  │ 679.10  │ 400.00   │ net192       │ fanout191/A        │ met3  │
│ 1.70  │ 679.10  │ 400.00   │ net456       │ fanout455/A        │ met3  │
│ 1.70  │ 679.04  │ 400.00   │ _06250_      │ fanout787/A        │ met3  │
│ 1.69  │ 5004.80 │ 2956.40  │ _04154_      │ _13000_/A2         │ met3  │
│ 1.69  │ 675.89  │ 400.00   │ net1607      │ _11633_/A2         │ met3  │
│ 1.69  │ 675.89  │ 400.00   │ net1607      │ _12185_/A2         │ met3  │
│ 1.68  │ 673.81  │ 400.00   │ net1182      │ _13029_/B1         │ met3  │
│ 1.68  │ 673.75  │ 400.00   │ net671       │ _17253_/A2         │ met3  │
│ 1.68  │ 673.75  │ 400.00   │ net671       │ fanout670/A        │ met3  │
│ 1.68  │ 673.60  │ 400.00   │ net1260      │ _11693_/B1         │ met3  │
│ 1.68  │ 673.60  │ 400.00   │ net1260      │ _11961_/B1         │ met3  │
│ 1.68  │ 673.60  │ 400.00   │ net1554      │ _13729_/B1         │ met3  │
│ 1.68  │ 673.60  │ 400.00   │ net1554      │ _13836_/A2         │ met3  │
│ 1.67  │ 668.29  │ 400.00   │ net1018      │ _21336_/C          │ met1  │
│ 1.65  │ 661.94  │ 400.00   │ net2052      │ _19251_/A          │ met1  │
│ 1.65  │ 660.72  │ 400.00   │ net463       │ _19243_/B          │ met2  │
│ 1.65  │ 660.15  │ 400.00   │ net1398      │ _12346_/A2         │ met3  │
│ 1.65  │ 660.15  │ 400.00   │ net1398      │ fanout1397/A       │ met3  │
│ 1.65  │ 658.70  │ 400.00   │ net234       │ _21859_/S          │ met3  │
│ 1.65  │ 658.70  │ 400.00   │ net234       │ _21871_/S          │ met3  │
│ 1.65  │ 658.70  │ 400.00   │ net234       │ _21875_/S          │ met3  │
│ 1.64  │ 654.71  │ 400.00   │ _09046_      │ _21541_/A2         │ met3  │
│ 1.64  │ 654.71  │ 400.00   │ _09046_      │ fanout276/A        │ met3  │
│ 1.63  │ 650.54  │ 400.00   │ _09747_      │ fanout1323/A       │ met3  │
│ 1.62  │ 649.16  │ 400.00   │ net682       │ fanout679/A        │ met3  │
│ 1.62  │ 649.16  │ 400.00   │ net682       │ fanout680/A        │ met3  │
│ 1.60  │ 638.58  │ 400.00   │ _09838_      │ _11525_/C          │ met1  │
│ 1.59  │ 638.00  │ 400.00   │ _06285_      │ fanout779/A        │ met3  │
│ 1.59  │ 637.96  │ 400.00   │ _06147_      │ fanout804/A        │ met3  │
│ 1.59  │ 635.67  │ 400.00   │ net2830      │ _11284_/B          │ met1  │
│ 1.58  │ 633.50  │ 400.00   │ _06424_      │ fanout748/A        │ met3  │
│ 1.58  │ 633.50  │ 400.00   │ _06873_      │ fanout661/A        │ met3  │
│ 1.58  │ 633.50  │ 400.00   │ net1575      │ _13211_/A2         │ met3  │
│ 1.58  │ 631.27  │ 400.00   │ net1519      │ _11356_/A2         │ met3  │
│ 1.58  │ 631.27  │ 400.00   │ net1519      │ _12037_/A2         │ met3  │
│ 1.58  │ 631.05  │ 400.00   │ _09836_      │ _11525_/B          │ met3  │
│ 1.57  │ 629.17  │ 400.00   │ net1118      │ fanout1113/A       │ met3  │
│ 1.57  │ 629.17  │ 400.00   │ net1568      │ _12012_/B1         │ met3  │
│ 1.57  │ 629.17  │ 400.00   │ net1568      │ _12246_/A2         │ met3  │
│ 1.57  │ 629.04  │ 400.00   │ net198       │ fanout193/A        │ met3  │
│ 1.57  │ 629.04  │ 400.00   │ net1468      │ _13010_/A2         │ met3  │
│ 1.57  │ 627.27  │ 400.00   │ _09616_      │ fanout1626/A       │ met3  │
│ 1.57  │ 627.27  │ 400.00   │ net242       │ fanout241/A        │ met3  │
│ 1.56  │ 624.83  │ 400.00   │ net2140      │ _16782_/A0         │ met1  │
│ 1.55  │ 619.37  │ 400.00   │ net411       │ _19775_/B          │ met3  │
│ 1.55  │ 619.37  │ 400.00   │ net411       │ _19783_/B          │ met3  │
│ 1.55  │ 619.37  │ 400.00   │ net411       │ _19791_/B          │ met3  │
│ 1.54  │ 617.76  │ 400.00   │ net350       │ _20557_/S          │ met3  │
│ 1.54  │ 617.76  │ 400.00   │ net350       │ _20579_/S          │ met3  │
│ 1.54  │ 616.21  │ 400.00   │ net388       │ _20023_/S          │ met1  │
│ 1.54  │ 615.74  │ 400.00   │ net1672      │ _12071_/A2         │ met3  │
│ 1.54  │ 615.74  │ 400.00   │ net1672      │ _13109_/A2         │ met3  │
│ 1.54  │ 615.74  │ 400.00   │ net1672      │ _13721_/A2         │ met3  │
│ 1.54  │ 615.74  │ 400.00   │ net1672      │ _13797_/A2         │ met3  │
│ 1.53  │ 610.62  │ 400.00   │ net1595      │ _12301_/A2         │ met1  │
│ 1.52  │ 606.76  │ 400.00   │ net233       │ _21945_/B          │ met3  │
│ 1.52  │ 606.76  │ 400.00   │ net233       │ _21946_/A2         │ met3  │
│ 1.52  │ 606.69  │ 400.00   │ net1277      │ _13485_/B1         │ met3  │
│ 1.52  │ 606.69  │ 400.00   │ net1277      │ _13906_/B1         │ met3  │
│ 1.51  │ 604.63  │ 400.00   │ net463       │ _19239_/B          │ met3  │
│ 1.51  │ 604.63  │ 400.00   │ net463       │ _19243_/B          │ met3  │
│ 1.51  │ 604.63  │ 400.00   │ net463       │ _19247_/B          │ met3  │
│ 1.51  │ 604.63  │ 400.00   │ net463       │ _19281_/B          │ met3  │
│ 1.51  │ 604.48  │ 400.00   │ net1668      │ _11516_/A2         │ met3  │
│ 1.51  │ 604.48  │ 400.00   │ net1668      │ _11649_/A2         │ met3  │
│ 1.51  │ 604.04  │ 400.00   │ net2832      │ _11284_/A_N        │ met1  │
│ 1.51  │ 603.91  │ 400.00   │ _09354_      │ fanout209/A        │ met3  │
│ 1.51  │ 603.91  │ 400.00   │ _09354_      │ fanout212/A        │ met3  │
│ 1.50  │ 599.86  │ 400.00   │ net1427      │ _13183_/A2         │ met1  │
│ 1.50  │ 599.28  │ 400.00   │ net1322      │ _12061_/B1         │ met3  │
│ 1.50  │ 599.28  │ 400.00   │ net1322      │ _12673_/B1         │ met3  │
│ 1.50  │ 599.28  │ 400.00   │ net1322      │ _12864_/A2         │ met3  │
│ 1.50  │ 599.02  │ 400.00   │ net476       │ _19100_/B          │ met3  │
│ 1.50  │ 599.02  │ 400.00   │ net476       │ _19101_/A2         │ met3  │
│ 1.50  │ 599.02  │ 400.00   │ net476       │ _19133_/A2         │ met3  │
│ 1.50  │ 599.02  │ 400.00   │ net476       │ fanout473/A        │ met3  │
│ 1.50  │ 599.02  │ 400.00   │ net476       │ fanout475/A        │ met3  │
│ 1.50  │ 598.78  │ 400.00   │ _09779_      │ fanout1244/A       │ met3  │
│ 1.50  │ 598.57  │ 400.00   │ _09597_      │ _11665_/C          │ met1  │
│ 1.49  │ 595.82  │ 400.00   │ net2236      │ _13763_/C          │ met1  │
│ 1.49  │ 595.69  │ 400.00   │ net793       │ fanout791/A        │ met3  │
│ 1.49  │ 595.69  │ 400.00   │ net793       │ fanout792/A        │ met3  │
│ 1.48  │ 593.48  │ 400.00   │ net416       │ _19712_/B          │ met1  │
│ 1.48  │ 592.00  │ 400.00   │ net387       │ _20052_/B          │ met1  │
│ 1.48  │ 591.98  │ 400.00   │ net660       │ fanout659/A        │ met1  │
│ 1.47  │ 589.06  │ 400.00   │ net1456      │ _12431_/A2         │ met3  │
│ 1.47  │ 586.67  │ 400.00   │ net1532      │ _11346_/B1         │ met3  │
│ 1.47  │ 586.67  │ 400.00   │ net1532      │ _13157_/A2         │ met3  │
│ 1.46  │ 584.44  │ 400.00   │ _09743_      │ fanout1337/A       │ met3  │
│ 1.46  │ 584.44  │ 400.00   │ net128       │ _19814_/A2         │ met3  │
│ 1.46  │ 584.44  │ 400.00   │ net238       │ fanout235/A        │ met3  │
│ 1.46  │ 584.44  │ 400.00   │ net1468      │ _12706_/A2         │ met3  │
│ 1.46  │ 583.20  │ 400.00   │ net189       │ fanout182/A        │ met2  │
│ 1.46  │ 582.25  │ 400.00   │ _09663_      │ _12987_/A2         │ met3  │
│ 1.46  │ 582.25  │ 400.00   │ _09663_      │ fanout1534/A       │ met3  │
│ 1.45  │ 578.16  │ 400.00   │ _09681_      │ fanout1490/A       │ met2  │
│ 1.44  │ 575.82  │ 400.00   │ net232       │ fanout231/A        │ met1  │
│ 1.44  │ 575.47  │ 400.00   │ net1281      │ fanout1280/A       │ met3  │
│ 1.44  │ 575.44  │ 400.00   │ _08769_      │ fanout321/A        │ met3  │
│ 1.44  │ 574.06  │ 400.00   │ clknet_0_clk │ clkbuf_2_2_0_clk/A │ met3  │
│ 1.44  │ 574.06  │ 400.00   │ clknet_0_clk │ clkbuf_2_3_0_clk/A │ met3  │
│ 1.43  │ 573.37  │ 400.00   │ net1160      │ _11899_/B1         │ met3  │
│ 1.43  │ 573.37  │ 400.00   │ net1160      │ _12542_/B1         │ met3  │
│ 1.43  │ 573.37  │ 400.00   │ net1160      │ _12881_/B1         │ met3  │
│ 1.43  │ 573.37  │ 400.00   │ net1160      │ _13785_/B1         │ met3  │
│ 1.43  │ 572.58  │ 400.00   │ net1434      │ _13064_/A2         │ met3  │
│ 1.43  │ 572.58  │ 400.00   │ net1434      │ fanout1431/A       │ met3  │
│ 1.42  │ 569.69  │ 400.00   │ net1201      │ _13690_/B1         │ met2  │
│ 1.42  │ 568.34  │ 400.00   │ net1550      │ _12848_/B1         │ met3  │
│ 1.42  │ 568.34  │ 400.00   │ net1550      │ _13122_/A2         │ met3  │
│ 1.42  │ 568.34  │ 400.00   │ net1550      │ _13730_/A2         │ met3  │
│ 1.42  │ 568.34  │ 400.00   │ net1550      │ _13837_/A2         │ met3  │
│ 1.42  │ 568.34  │ 400.00   │ net1550      │ fanout1549/A       │ met3  │
│ 1.42  │ 568.14  │ 400.00   │ net530       │ fanout529/A        │ met1  │
│ 1.42  │ 566.61  │ 400.00   │ net1450      │ _11381_/B1         │ met3  │
│ 1.42  │ 566.61  │ 400.00   │ net1450      │ _13176_/B1         │ met3  │
│ 1.41  │ 564.53  │ 400.00   │ net1505      │ _12753_/A2         │ met3  │
│ 1.41  │ 564.53  │ 400.00   │ net1505      │ _13555_/A2         │ met3  │
│ 1.41  │ 562.17  │ 400.00   │ net1641      │ _11725_/B1         │ met3  │
│ 1.41  │ 562.17  │ 400.00   │ net1641      │ _12861_/A2         │ met3  │
│ 1.41  │ 562.08  │ 400.00   │ _08869_      │ fanout307/A        │ met3  │
│ 1.40  │ 4153.14 │ 2956.40  │ _04229_      │ _13075_/C          │ met3  │
│ 1.40  │ 4144.38 │ 2956.40  │ _04122_      │ _12967_/D          │ met4  │
│ 1.40  │ 560.26  │ 400.00   │ net803       │ fanout798/A        │ met3  │
│ 1.40  │ 560.26  │ 400.00   │ net803       │ fanout801/A        │ met3  │
│ 1.40  │ 559.20  │ 400.00   │ net1670      │ _12016_/A2         │ met3  │
│ 1.40  │ 559.20  │ 400.00   │ net1670      │ _12321_/A2         │ met3  │
│ 1.40  │ 559.20  │ 400.00   │ net1670      │ fanout1669/A       │ met3  │
│ 1.39  │ 557.39  │ 400.00   │ net1883      │ fanout1882/A       │ met1  │
│ 1.39  │ 556.49  │ 400.00   │ net535       │ _18509_/S          │ met3  │
│ 1.39  │ 556.49  │ 400.00   │ net535       │ _18551_/S          │ met3  │
│ 1.39  │ 556.11  │ 400.00   │ net1491      │ _13429_/A2         │ met2  │
│ 1.38  │ 553.89  │ 400.00   │ net1611      │ _13471_/A2         │ met1  │
│ 1.38  │ 553.74  │ 400.00   │ _05208_      │ fanout2065/A       │ met1  │
│ 1.38  │ 553.31  │ 400.00   │ net1022      │ _18834_/A3         │ met3  │
│ 1.38  │ 552.13  │ 400.00   │ _09630_      │ fanout1601/A       │ met3  │
│ 1.38  │ 552.02  │ 400.00   │ net909       │ _14961_/A2         │ met1  │
│ 1.38  │ 550.83  │ 400.00   │ net413       │ _19803_/B          │ met1  │
│ 1.38  │ 550.00  │ 400.00   │ net1786      │ _18450_/A0         │ met1  │
│ 1.37  │ 548.78  │ 400.00   │ _09624_      │ fanout1610/A       │ met3  │
│ 1.37  │ 548.58  │ 400.00   │ net1731      │ fanout1727/A       │ met2  │
│ 1.37  │ 4048.00 │ 2956.40  │ _04475_      │ _13380_/A          │ met4  │
│ 1.37  │ 546.87  │ 400.00   │ _07499_      │ fanout533/A        │ met3  │
│ 1.37  │ 546.87  │ 400.00   │ _09784_      │ fanout1227/A       │ met3  │
│ 1.37  │ 546.87  │ 400.00   │ net110       │ fanout109/A        │ met3  │
│ 1.36  │ 544.72  │ 400.00   │ net1903      │ _15743_/A0         │ met1  │
│ 1.36  │ 544.32  │ 400.00   │ _07705_      │ fanout494/A        │ met3  │
│ 1.35  │ 539.99  │ 400.00   │ net126       │ _19810_/A2         │ met3  │
│ 1.35  │ 539.99  │ 400.00   │ net1232      │ _13339_/B1         │ met3  │
│ 1.35  │ 539.99  │ 400.00   │ net1525      │ _12574_/A2         │ met3  │
│ 1.35  │ 539.96  │ 400.00   │ net1293      │ _13823_/A2         │ met3  │
│ 1.35  │ 539.83  │ 400.00   │ net317       │ fanout312/A        │ met3  │
│ 1.35  │ 539.83  │ 400.00   │ net1504      │ _13082_/A2         │ met3  │
│ 1.35  │ 539.83  │ 400.00   │ net1508      │ _12110_/B1         │ met3  │
│ 1.35  │ 539.83  │ 400.00   │ net1508      │ _13391_/B1         │ met3  │
│ 1.35  │ 539.83  │ 400.00   │ net1508      │ _13598_/B1         │ met3  │
│ 1.35  │ 539.78  │ 400.00   │ net1676      │ _12015_/A2         │ met3  │
│ 1.35  │ 539.78  │ 400.00   │ net1676      │ _12475_/A2         │ met3  │
│ 1.35  │ 539.60  │ 400.00   │ net321       │ _21015_/S          │ met1  │
│ 1.35  │ 539.05  │ 400.00   │ net637       │ _17515_/S          │ met3  │
│ 1.35  │ 538.05  │ 400.00   │ net343       │ _20707_/B          │ met3  │
│ 1.35  │ 538.05  │ 400.00   │ net343       │ _20708_/A2         │ met3  │
│ 1.35  │ 538.05  │ 400.00   │ net343       │ fanout340/A        │ met3  │
│ 1.34  │ 537.65  │ 400.00   │ net1556      │ _12002_/A2         │ met3  │
│ 1.34  │ 537.65  │ 400.00   │ net1556      │ _12492_/A2         │ met3  │
│ 1.34  │ 537.13  │ 400.00   │ net1888      │ _18307_/A0         │ met3  │
│ 1.34  │ 537.13  │ 400.00   │ net1888      │ _20665_/A0         │ met3  │
│ 1.34  │ 537.13  │ 400.00   │ net1888      │ _22103_/A1         │ met3  │
│ 1.34  │ 536.72  │ 400.00   │ net1637      │ _12777_/A2         │ met2  │
│ 1.34  │ 534.76  │ 400.00   │ net362       │ fanout354/A        │ met3  │
│ 1.34  │ 534.76  │ 400.00   │ net362       │ fanout355/A        │ met3  │
│ 1.34  │ 534.67  │ 400.00   │ _04529_      │ _13379_/D          │ met3  │
│ 1.33  │ 530.32  │ 400.00   │ _08666_      │ _20782_/S          │ met3  │
│ 1.32  │ 528.90  │ 400.00   │ net294       │ fanout290/A        │ met3  │
│ 1.31  │ 524.95  │ 400.00   │ net1388      │ _11575_/B1         │ met3  │
│ 1.31  │ 524.95  │ 400.00   │ net1388      │ _12030_/B1         │ met3  │
│ 1.31  │ 524.95  │ 400.00   │ net1388      │ _13353_/B1         │ met3  │
│ 1.31  │ 3872.76 │ 2956.40  │ _10496_      │ _12209_/A          │ met4  │
│ 1.31  │ 523.61  │ 400.00   │ net808       │ fanout807/A        │ met3  │
│ 1.31  │ 523.61  │ 400.00   │ net873       │ fanout868/A        │ met3  │
│ 1.31  │ 523.61  │ 400.00   │ net1657      │ fanout1656/A       │ met3  │
│ 1.31  │ 523.28  │ 400.00   │ _10909_      │ _12606_/D          │ met1  │
│ 1.31  │ 522.01  │ 400.00   │ net161       │ _14509_/A2         │ met3  │
│ 1.31  │ 522.01  │ 400.00   │ net161       │ _14519_/A2         │ met3  │
│ 1.31  │ 522.01  │ 400.00   │ net161       │ fanout160/A        │ met3  │
│ 1.30  │ 519.19  │ 400.00   │ net1287      │ _11444_/B1         │ met1  │
│ 1.30  │ 518.63  │ 400.00   │ net1588      │ _11318_/B1         │ met3  │
│ 1.30  │ 518.63  │ 400.00   │ net1588      │ _11606_/A2         │ met3  │
│ 1.30  │ 518.63  │ 400.00   │ net1588      │ _13451_/A2         │ met3  │
│ 1.30  │ 518.63  │ 400.00   │ net1588      │ fanout1587/A       │ met3  │
│ 1.29  │ 517.56  │ 400.00   │ _09700_      │ fanout1443/A       │ met3  │
│ 1.29  │ 515.49  │ 400.00   │ net1015      │ _21754_/A2         │ met3  │
│ 1.29  │ 515.49  │ 400.00   │ net1015      │ _21798_/A2         │ met3  │
│ 1.28  │ 3785.14 │ 2956.40  │ _10710_      │ _12405_/D          │ met4  │
│ 1.28  │ 511.95  │ 400.00   │ net1565      │ _11813_/A2         │ met1  │
│ 1.28  │ 511.52  │ 400.00   │ net123       │ _21341_/A2         │ met2  │
│ 1.28  │ 511.14  │ 400.00   │ _04154_      │ _13000_/A2         │ met2  │
│ 1.28  │ 510.07  │ 400.00   │ net1247      │ _11990_/A2         │ met3  │
│ 1.28  │ 510.07  │ 400.00   │ net1247      │ _12335_/B1         │ met3  │
│ 1.28  │ 510.07  │ 400.00   │ net1247      │ _13185_/B1         │ met3  │
│ 1.26  │ 503.49  │ 400.00   │ net764       │ fanout763/A        │ met1  │
│ 1.26  │ 503.23  │ 400.00   │ _09285_      │ fanout1086/A       │ met2  │
│ 1.25  │ 499.81  │ 400.00   │ net1514      │ _12310_/B1         │ met3  │
│ 1.24  │ 497.55  │ 400.00   │ net1355      │ _11643_/B1         │ met3  │
│ 1.24  │ 497.55  │ 400.00   │ net1355      │ _12153_/B1         │ met3  │
│ 1.24  │ 497.07  │ 400.00   │ net432       │ fanout431/A        │ met1  │
│ 1.24  │ 495.39  │ 400.00   │ _05702_      │ _15017_/A2         │ met3  │
│ 1.24  │ 495.32  │ 400.00   │ net1327      │ _11431_/B1         │ met3  │
│ 1.24  │ 495.32  │ 400.00   │ net1327      │ _12025_/C1         │ met3  │
│ 1.24  │ 495.24  │ 400.00   │ net353       │ fanout351/A        │ met3  │
│ 1.24  │ 495.22  │ 400.00   │ net1298      │ _12355_/B1         │ met3  │
│ 1.24  │ 495.22  │ 400.00   │ net1483      │ fanout1482/A       │ met3  │
│ 1.24  │ 495.21  │ 400.00   │ net1524      │ _11353_/B1         │ met3  │
│ 1.24  │ 495.21  │ 400.00   │ net1524      │ _12021_/A2         │ met3  │
│ 1.24  │ 495.21  │ 400.00   │ net1524      │ _13173_/A2         │ met3  │
│ 1.24  │ 495.21  │ 400.00   │ net1524      │ fanout1522/A       │ met3  │
│ 1.24  │ 495.19  │ 400.00   │ net1374      │ _12151_/A2         │ met3  │
│ 1.24  │ 495.19  │ 400.00   │ net1374      │ _13388_/A2         │ met3  │
│ 1.24  │ 494.81  │ 400.00   │ net881       │ _15301_/A2         │ met1  │
│ 1.24  │ 494.16  │ 400.00   │ net1465      │ _11736_/B1         │ met3  │
│ 1.24  │ 494.16  │ 400.00   │ net1465      │ _11792_/A2         │ met3  │
│ 1.24  │ 494.16  │ 400.00   │ net1465      │ _11941_/A2         │ met3  │
│ 1.24  │ 494.16  │ 400.00   │ net1465      │ _12131_/B1         │ met3  │
│ 1.23  │ 493.73  │ 400.00   │ net1332      │ _11427_/B1         │ met3  │
│ 1.23  │ 493.73  │ 400.00   │ net1332      │ _12024_/A2         │ met3  │
│ 1.23  │ 493.73  │ 400.00   │ net1332      │ _12456_/B1         │ met3  │
│ 1.23  │ 493.01  │ 400.00   │ net1295      │ _11440_/B1         │ met3  │
│ 1.23  │ 493.01  │ 400.00   │ net1295      │ _12015_/B1         │ met3  │
│ 1.23  │ 493.01  │ 400.00   │ net1295      │ _13307_/A2         │ met3  │
│ 1.23  │ 493.01  │ 400.00   │ net1295      │ fanout1294/A       │ met3  │
│ 1.23  │ 492.98  │ 400.00   │ net1167      │ _11495_/B1         │ met3  │
│ 1.23  │ 492.98  │ 400.00   │ net1167      │ _13449_/B1         │ met3  │
│ 1.23  │ 492.33  │ 400.00   │ net220       │ _22061_/B          │ met3  │
│ 1.23  │ 492.33  │ 400.00   │ net220       │ _22062_/A2         │ met3  │
│ 1.23  │ 492.33  │ 400.00   │ net220       │ _22068_/A2         │ met3  │
│ 1.23  │ 492.33  │ 400.00   │ net220       │ fanout219/A        │ met3  │
│ 1.23  │ 3636.19 │ 2956.40  │ _10807_      │ _12522_/B          │ met3  │
│ 1.23  │ 491.63  │ 400.00   │ _09976_      │ _11662_/A2         │ met2  │
│ 1.23  │ 491.50  │ 400.00   │ net1373      │ fanout1372/A       │ met1  │
│ 1.22  │ 486.54  │ 400.00   │ net1356      │ _11640_/A2         │ met1  │
│ 1.21  │ 482.94  │ 400.00   │ net1968      │ _18165_/A0         │ met1  │
│ 1.20  │ 481.54  │ 400.00   │ net1353      │ _14300_/A_N        │ met1  │
│ 1.20  │ 480.55  │ 400.00   │ net972       │ fanout969/A        │ met2  │
│ 1.19  │ 477.41  │ 400.00   │ _06250_      │ fanout788/A        │ met3  │
│ 1.19  │ 477.15  │ 400.00   │ net2202      │ fanout2201/A       │ met3  │
│ 1.19  │ 477.00  │ 400.00   │ net362       │ fanout357/A        │ met3  │
│ 1.19  │ 476.62  │ 400.00   │ net148       │ _18843_/A2         │ met1  │
│ 1.19  │ 476.48  │ 400.00   │ net1352      │ _11996_/B1         │ met3  │
│ 1.19  │ 476.48  │ 400.00   │ net1352      │ _12734_/B1         │ met3  │
│ 1.19  │ 476.48  │ 400.00   │ net1352      │ _13038_/B1         │ met3  │
│ 1.19  │ 476.48  │ 400.00   │ net1352      │ _13196_/A2         │ met3  │
│ 1.19  │ 476.48  │ 400.00   │ net1352      │ _13319_/B1         │ met3  │
│ 1.19  │ 474.25  │ 400.00   │ net308       │ _21302_/B          │ met1  │
│ 1.18  │ 473.00  │ 400.00   │ net2122      │ _19775_/A          │ met1  │
│ 1.18  │ 472.87  │ 400.00   │ net910       │ _14942_/B          │ met3  │
│ 1.18  │ 472.87  │ 400.00   │ net910       │ _14943_/A2         │ met3  │
│ 1.18  │ 471.96  │ 400.00   │ net1820      │ fanout1817/A       │ met3  │
│ 1.18  │ 471.83  │ 400.00   │ net297       │ _21238_/S          │ met3  │
│ 1.18  │ 471.83  │ 400.00   │ net297       │ _21254_/S          │ met3  │
│ 1.18  │ 471.83  │ 400.00   │ net297       │ _21270_/S          │ met3  │
│ 1.18  │ 470.88  │ 400.00   │ net607       │ _17859_/B          │ met3  │
│ 1.18  │ 470.88  │ 400.00   │ net607       │ _17860_/A2         │ met3  │
│ 1.18  │ 470.64  │ 400.00   │ net1325      │ _11821_/A2         │ met3  │
│ 1.18  │ 470.64  │ 400.00   │ net1325      │ _12210_/A2         │ met3  │
│ 1.17  │ 469.35  │ 400.00   │ net2236      │ fanout2235/A       │ met1  │
│ 1.17  │ 466.96  │ 400.00   │ net1158      │ _12026_/B1         │ met3  │
│ 1.17  │ 466.96  │ 400.00   │ net1158      │ _13209_/B1         │ met3  │
│ 1.17  │ 466.96  │ 400.00   │ net1158      │ _13349_/B1         │ met3  │
│ 1.16  │ 465.91  │ 400.00   │ net502       │ fanout501/A        │ met1  │
│ 1.16  │ 465.50  │ 400.00   │ net1318      │ _11713_/B1         │ met3  │
│ 1.16  │ 465.50  │ 400.00   │ net1318      │ _12081_/A2         │ met3  │
│ 1.16  │ 465.50  │ 400.00   │ net1318      │ _13719_/A2         │ met3  │
│ 1.16  │ 464.69  │ 400.00   │ net1204      │ _11727_/B1         │ met3  │
│ 1.16  │ 464.69  │ 400.00   │ net1204      │ _12087_/B1         │ met3  │
│ 1.16  │ 464.69  │ 400.00   │ net1204      │ _12155_/B1         │ met3  │
│ 1.16  │ 464.69  │ 400.00   │ net1204      │ _12406_/B1         │ met3  │
│ 1.16  │ 464.69  │ 400.00   │ net1204      │ _12968_/B1         │ met3  │
│ 1.16  │ 464.69  │ 400.00   │ net1204      │ _13800_/B1         │ met3  │
│ 1.16  │ 464.47  │ 400.00   │ net1664      │ fanout1660/A       │ met3  │
│ 1.16  │ 464.47  │ 400.00   │ net1664      │ fanout1661/A       │ met3  │
│ 1.16  │ 3425.90 │ 2956.40  │ _10572_      │ _12286_/B          │ met3  │
│ 1.15  │ 459.67  │ 400.00   │ net748       │ fanout747/A        │ met3  │
│ 1.14  │ 457.12  │ 400.00   │ net1553      │ _12485_/A2         │ met1  │
│ 1.14  │ 455.81  │ 400.00   │ _04475_      │ _13380_/A          │ met3  │
│ 1.14  │ 455.81  │ 400.00   │ net2267      │ _11670_/B          │ met3  │
│ 1.14  │ 455.24  │ 400.00   │ _09776_      │ fanout1253/A       │ met3  │
│ 1.14  │ 455.18  │ 400.00   │ _09753_      │ fanout1309/A       │ met3  │
│ 1.14  │ 455.08  │ 400.00   │ net1550      │ _13259_/B1         │ met3  │
│ 1.14  │ 454.82  │ 400.00   │ net1341      │ _11704_/B1         │ met1  │
│ 1.14  │ 454.03  │ 400.00   │ _10965_      │ _12665_/B          │ met1  │
│ 1.13  │ 3347.05 │ 2956.40  │ _04798_      │ _13652_/D          │ met4  │
│ 1.13  │ 3347.05 │ 2956.40  │ _10227_      │ _11924_/A          │ met4  │
│ 1.13  │ 452.60  │ 400.00   │ net1297      │ _13110_/A2         │ met2  │
│ 1.13  │ 3338.29 │ 2956.40  │ _04632_      │ _13501_/B          │ met3  │
│ 1.13  │ 3338.29 │ 2956.40  │ _09943_      │ _11628_/D          │ met4  │
│ 1.13  │ 450.73  │ 400.00   │ net156       │ _14511_/B1         │ met3  │
│ 1.13  │ 450.73  │ 400.00   │ net156       │ fanout154/A        │ met3  │
│ 1.13  │ 450.62  │ 400.00   │ _05179_      │ fanout1007/A       │ met3  │
│ 1.13  │ 450.62  │ 400.00   │ net1118      │ _20268_/A2         │ met3  │
│ 1.13  │ 450.62  │ 400.00   │ net1474      │ _12857_/A2         │ met3  │
│ 1.13  │ 450.59  │ 400.00   │ net582       │ _18062_/B          │ met3  │
│ 1.13  │ 450.59  │ 400.00   │ net582       │ fanout580/A        │ met3  │
│ 1.12  │ 449.49  │ 400.00   │ net1289      │ _12617_/B1         │ met3  │
│ 1.12  │ 449.49  │ 400.00   │ net1289      │ _12888_/A2         │ met3  │
│ 1.12  │ 449.49  │ 400.00   │ net1289      │ _13245_/B1         │ met3  │
│ 1.12  │ 449.49  │ 400.00   │ net1289      │ _13828_/B1         │ met3  │
│ 1.12  │ 449.40  │ 400.00   │ net790       │ _15970_/S          │ met1  │
│ 1.12  │ 449.08  │ 400.00   │ net1387      │ _11768_/B1         │ met3  │
│ 1.12  │ 449.08  │ 400.00   │ net1387      │ _12900_/B1         │ met3  │
│ 1.12  │ 449.08  │ 400.00   │ net1387      │ _13096_/B1         │ met3  │
│ 1.12  │ 449.07  │ 400.00   │ net298       │ fanout295/A        │ met3  │
│ 1.12  │ 449.07  │ 400.00   │ net298       │ fanout296/A        │ met3  │
│ 1.12  │ 448.97  │ 400.00   │ _07149_      │ fanout606/A        │ met1  │
│ 1.12  │ 448.47  │ 400.00   │ _08872_      │ fanout301/A        │ met3  │
│ 1.12  │ 448.45  │ 400.00   │ net1277      │ fanout1274/A       │ met3  │
│ 1.12  │ 447.27  │ 400.00   │ _09625_      │ _11670_/C          │ met1  │
│ 1.12  │ 447.05  │ 400.00   │ _10049_      │ _11744_/B          │ met3  │
│ 1.12  │ 447.05  │ 400.00   │ _10743_      │ _12438_/C          │ met3  │
│ 1.11  │ 445.88  │ 400.00   │ net1347      │ fanout1345/A       │ met3  │
│ 1.11  │ 443.08  │ 400.00   │ _04438_      │ _13293_/A          │ met1  │
│ 1.10  │ 441.61  │ 400.00   │ net1749      │ fanout1748/A       │ met1  │
│ 1.10  │ 440.24  │ 400.00   │ net415       │ _19742_/B          │ met1  │
│ 1.10  │ 440.05  │ 400.00   │ net985       │ fanout980/A        │ met3  │
│ 1.10  │ 440.05  │ 400.00   │ net985       │ fanout984/A        │ met3  │
│ 1.10  │ 439.58  │ 400.00   │ net1858      │ fanout1856/A       │ met1  │
│ 1.10  │ 439.23  │ 400.00   │ net2817      │ fanout2761/A       │ met1  │
│ 1.09  │ 438.00  │ 400.00   │ _09794_      │ fanout1206/A       │ met3  │
│ 1.09  │ 438.00  │ 400.00   │ _09794_      │ fanout1209/A       │ met3  │
│ 1.09  │ 437.98  │ 400.00   │ net832       │ fanout831/A        │ met1  │
│ 1.09  │ 437.68  │ 400.00   │ net420       │ _19652_/B          │ met1  │
│ 1.09  │ 436.83  │ 400.00   │ net1403      │ _12379_/A2         │ met1  │
│ 1.09  │ 436.68  │ 400.00   │ net1201      │ _13690_/B1         │ met3  │
│ 1.09  │ 436.68  │ 400.00   │ net1201      │ _15637_/B          │ met3  │
│ 1.09  │ 436.68  │ 400.00   │ net1201      │ fanout1199/A       │ met3  │
│ 1.09  │ 436.68  │ 400.00   │ net1201      │ fanout1200/A       │ met3  │
│ 1.09  │ 436.06  │ 400.00   │ net1164      │ _12073_/B1         │ met1  │
│ 1.09  │ 435.53  │ 400.00   │ net1460      │ _11639_/A2         │ met2  │
│ 1.09  │ 434.69  │ 400.00   │ _10311_      │ _12058_/B          │ met1  │
│ 1.09  │ 434.69  │ 400.00   │ net979       │ _14358_/B          │ met1  │
│ 1.09  │ 434.46  │ 400.00   │ net1395      │ fanout1393/A       │ met3  │
│ 1.09  │ 434.46  │ 400.00   │ net1395      │ fanout1394/A       │ met3  │
│ 1.08  │ 433.54  │ 400.00   │ net1106      │ fanout1104/A       │ met1  │
│ 1.08  │ 432.86  │ 400.00   │ net1060      │ _19004_/A2         │ met3  │
│ 1.08  │ 432.86  │ 400.00   │ net1060      │ fanout1059/A       │ met3  │
│ 1.08  │ 2996.57 │ 2780.80  │ _10935_      │ _12640_/C          │ met3  │
│ 1.08  │ 430.98  │ 400.00   │ net1222      │ _11468_/B1         │ met3  │
│ 1.08  │ 430.98  │ 400.00   │ net1222      │ _11573_/B1         │ met3  │
│ 1.08  │ 430.98  │ 400.00   │ net1222      │ _12029_/B1         │ met3  │
│ 1.08  │ 430.98  │ 400.00   │ net1222      │ _12359_/B1         │ met3  │
│ 1.08  │ 430.98  │ 400.00   │ net1222      │ _13461_/B1         │ met3  │
│ 1.08  │ 430.84  │ 400.00   │ net399       │ fanout398/A        │ met3  │
│ 1.08  │ 430.64  │ 400.00   │ net1574      │ _13586_/B1         │ met3  │
│ 1.08  │ 430.64  │ 400.00   │ net1574      │ _19893_/A          │ met3  │
│ 1.08  │ 430.09  │ 400.00   │ net1734      │ _18559_/A0         │ met3  │
│ 1.08  │ 430.09  │ 400.00   │ net1734      │ fanout1733/A       │ met3  │
│ 1.07  │ 429.85  │ 400.00   │ net826       │ _15676_/S          │ met1  │
│ 1.07  │ 429.84  │ 400.00   │ net968       │ _14474_/B          │ met3  │
│ 1.07  │ 429.84  │ 400.00   │ net968       │ _14475_/A2         │ met3  │
│ 1.07  │ 429.84  │ 400.00   │ net968       │ fanout961/A        │ met3  │
│ 1.07  │ 429.84  │ 400.00   │ net968       │ fanout962/A        │ met3  │
│ 1.07  │ 429.72  │ 400.00   │ net1769      │ _18452_/A0         │ met1  │
│ 1.07  │ 428.35  │ 400.00   │ net1350      │ _11528_/A2         │ met3  │
│ 1.07  │ 428.35  │ 400.00   │ net1350      │ _13100_/B1         │ met3  │
│ 1.07  │ 428.32  │ 400.00   │ net1211      │ _12466_/B1         │ met3  │
│ 1.07  │ 428.32  │ 400.00   │ net1211      │ _13450_/A2         │ met3  │
│ 1.07  │ 428.27  │ 400.00   │ _07912_      │ fanout459/A        │ met3  │
│ 1.07  │ 427.57  │ 400.00   │ net332       │ _20804_/S          │ met1  │
│ 1.07  │ 426.07  │ 400.00   │ net1586      │ _12684_/A2         │ met3  │
│ 1.07  │ 426.07  │ 400.00   │ net1586      │ _13806_/A2         │ met3  │
│ 1.06  │ 425.94  │ 400.00   │ net1543      │ _11343_/A2         │ met1  │
│ 1.06  │ 425.94  │ 400.00   │ net1543      │ _13898_/A2         │ met1  │
│ 1.06  │ 425.68  │ 400.00   │ net708       │ _16653_/B          │ met1  │
│ 1.06  │ 425.13  │ 400.00   │ _06840_      │ fanout671/A        │ met3  │
│ 1.06  │ 425.13  │ 400.00   │ net573       │ fanout571/A        │ met3  │
│ 1.06  │ 424.58  │ 400.00   │ net1528      │ _11754_/A2         │ met1  │
│ 1.06  │ 423.73  │ 400.00   │ net762       │ fanout761/A        │ met1  │
│ 1.05  │ 421.22  │ 400.00   │ net1366      │ _11726_/B1         │ met1  │
│ 1.05  │ 419.98  │ 400.00   │ _08153_      │ fanout128/A        │ met3  │
│ 1.05  │ 419.94  │ 400.00   │ net144       │ _19176_/A2         │ met1  │
│ 1.05  │ 419.07  │ 400.00   │ net1509      │ _13098_/B1         │ met1  │
│ 1.05  │ 418.50  │ 400.00   │ _06147_      │ fanout805/A        │ met3  │
│ 1.05  │ 418.50  │ 400.00   │ _06147_      │ fanout808/A        │ met3  │
│ 1.05  │ 418.15  │ 400.00   │ net1494      │ _12648_/A2         │ met1  │
│ 1.04  │ 417.30  │ 400.00   │ _09753_      │ fanout1308/A       │ met3  │
│ 1.04  │ 414.82  │ 400.00   │ _09592_      │ fanout1658/A       │ met3  │
│ 1.04  │ 414.82  │ 400.00   │ _09592_      │ fanout1659/A       │ met3  │
│ 1.04  │ 414.74  │ 400.00   │ net1615      │ _11311_/A2         │ met1  │
│ 1.03  │ 413.55  │ 400.00   │ net1665      │ _12255_/A2         │ met1  │
│ 1.03  │ 413.51  │ 400.00   │ net836       │ _15604_/A2         │ met3  │
│ 1.03  │ 413.51  │ 400.00   │ net836       │ _15607_/B          │ met3  │
│ 1.03  │ 413.51  │ 400.00   │ net836       │ _15608_/A2         │ met3  │
│ 1.03  │ 413.51  │ 400.00   │ net836       │ _15609_/B          │ met3  │
│ 1.03  │ 413.51  │ 400.00   │ net836       │ fanout833/A        │ met3  │
│ 1.03  │ 413.51  │ 400.00   │ net836       │ fanout835/A        │ met3  │
│ 1.03  │ 412.04  │ 400.00   │ net1018      │ _21286_/C          │ met3  │
│ 1.03  │ 412.04  │ 400.00   │ net1018      │ _21308_/C          │ met3  │
│ 1.03  │ 412.04  │ 400.00   │ net1018      │ _21336_/C          │ met3  │
│ 1.03  │ 411.74  │ 400.00   │ net632       │ _17540_/S          │ met1  │
│ 1.03  │ 411.74  │ 400.00   │ net632       │ _17570_/S          │ met1  │
│ 1.03  │ 410.57  │ 400.00   │ net1322      │ _11669_/B1         │ met3  │
│ 1.03  │ 410.02  │ 400.00   │ net1351      │ _11827_/A2         │ met3  │
│ 1.03  │ 410.02  │ 400.00   │ net1351      │ _13906_/A2         │ met3  │
│ 1.03  │ 410.02  │ 400.00   │ net1351      │ fanout1348/A       │ met3  │
│ 1.02  │ 408.66  │ 400.00   │ net371       │ _20431_/B          │ met3  │
│ 1.02  │ 408.66  │ 400.00   │ net371       │ _20432_/A2         │ met3  │
│ 1.02  │ 408.66  │ 400.00   │ net371       │ fanout366/A        │ met3  │
│ 1.02  │ 407.98  │ 400.00   │ net1120      │ _17168_/B1         │ met3  │
│ 1.02  │ 407.98  │ 400.00   │ net1120      │ _17169_/B1         │ met3  │
│ 1.02  │ 407.98  │ 400.00   │ net1120      │ _17175_/B1         │ met3  │
│ 1.02  │ 407.98  │ 400.00   │ net1120      │ _17178_/B1         │ met3  │
│ 1.02  │ 407.98  │ 400.00   │ net1120      │ _17179_/B1         │ met3  │
│ 1.02  │ 407.98  │ 400.00   │ net1120      │ _17183_/B1         │ met3  │
│ 1.02  │ 407.98  │ 400.00   │ net1120      │ _17190_/B1         │ met3  │
│ 1.02  │ 407.98  │ 400.00   │ net1120      │ _17193_/B1         │ met3  │
│ 1.02  │ 407.98  │ 400.00   │ net1120      │ _17198_/B1         │ met3  │
│ 1.02  │ 406.66  │ 400.00   │ _09656_      │ fanout1551/A       │ met3  │
│ 1.02  │ 406.66  │ 400.00   │ _09656_      │ fanout1552/A       │ met3  │
│ 1.02  │ 406.17  │ 400.00   │ net1546      │ _12889_/B1         │ met3  │
│ 1.02  │ 406.17  │ 400.00   │ net1599      │ _12042_/A2         │ met3  │
│ 1.02  │ 406.08  │ 400.00   │ _10791_      │ _12487_/D          │ met1  │
│ 1.02  │ 406.01  │ 400.00   │ _04989_      │ _13845_/C1         │ met3  │
│ 1.02  │ 406.01  │ 400.00   │ _07877_      │ fanout139/A        │ met3  │
│ 1.02  │ 406.01  │ 400.00   │ net1283      │ _12905_/B1         │ met3  │
│ 1.02  │ 406.01  │ 400.00   │ net1530      │ _13204_/A2         │ met3  │
│ 1.01  │ 404.88  │ 400.00   │ net942       │ fanout941/A        │ met1  │
│ 1.01  │ 404.52  │ 400.00   │ net1480      │ _11369_/B1         │ met3  │
│ 1.01  │ 404.52  │ 400.00   │ net1480      │ _11873_/B1         │ met3  │
│ 1.01  │ 404.52  │ 400.00   │ net1480      │ _12037_/B1         │ met3  │
│ 1.01  │ 404.52  │ 400.00   │ net1480      │ _12337_/A2         │ met3  │
│ 1.01  │ 404.52  │ 400.00   │ net1480      │ _13592_/A2         │ met3  │
│ 1.01  │ 404.52  │ 400.00   │ net1480      │ _13899_/B1         │ met3  │
│ 1.01  │ 404.02  │ 400.00   │ _07494_      │ fanout1032/A       │ met2  │
│ 1.01  │ 403.73  │ 400.00   │ net1444      │ _11582_/A2         │ met3  │
│ 1.01  │ 403.73  │ 400.00   │ net1444      │ _13421_/A2         │ met3  │
│ 1.01  │ 403.14  │ 400.00   │ net789       │ _16086_/S          │ met3  │
│ 1.00  │ 401.89  │ 400.00   │ net1836      │ _16884_/A0         │ met1  │
│ 1.00  │ 401.89  │ 400.00   │ net1836      │ _19809_/A          │ met1  │
│ 1.00  │ 401.67  │ 400.00   │ net1107      │ _20306_/A2         │ met1  │
│ 1.00  │ 400.39  │ 400.00   │ net1251      │ _14739_/C          │ met1  │
│ 1.00  │ 400.00  │ 400.00   │ net1276      │ _12555_/B1         │ met1  │
└───────┴─────────┴──────────┴──────────────┴────────────────────┴───────┘
