
===========================================================================
report_checks -unconstrained
===========================================================================
======================= min_ss_100C_1v60 Corner ===================================

Startpoint: nrst (input port clocked by clk)
Endpoint: _3423_ (recovery check against rising-edge clock clk)
Path Group: asynchronous
Path Type: max

Fanout         Cap        Slew       Delay        Time   Description
---------------------------------------------------------------------------------------------
                                  0.000000    0.000000   clock clk (rise edge)
                                  0.000000    0.000000   clock network delay (propagated)
                                 20.000000   20.000000 ^ input external delay
     2    0.014614    0.112758    0.075325   20.075325 ^ nrst (in)
                                                         nrst (net)
                      0.112758    0.000000   20.075325 ^ input70/A (sky130_fd_sc_hd__buf_2)
     5    0.052875    0.410380    0.462101   20.537426 ^ input70/X (sky130_fd_sc_hd__buf_2)
                                                         net70 (net)
                      0.410380    0.000750   20.538176 ^ fanout240/A (sky130_fd_sc_hd__clkbuf_2)
     5    0.040909    0.349190    0.532992   21.071169 ^ fanout240/X (sky130_fd_sc_hd__clkbuf_2)
                                                         net240 (net)
                      0.349190    0.000442   21.071611 ^ fanout239/A (sky130_fd_sc_hd__buf_2)
     6    0.057342    0.443906    0.586738   21.658348 ^ fanout239/X (sky130_fd_sc_hd__buf_2)
                                                         net239 (net)
                      0.443906    0.000833   21.659182 ^ fanout232/A (sky130_fd_sc_hd__clkbuf_2)
     6    0.029065    0.254235    0.478146   22.137327 ^ fanout232/X (sky130_fd_sc_hd__clkbuf_2)
                                                         net232 (net)
                      0.254235    0.000092   22.137419 ^ fanout231/A (sky130_fd_sc_hd__clkbuf_4)
    10    0.045250    0.227638    0.448441   22.585861 ^ fanout231/X (sky130_fd_sc_hd__clkbuf_4)
                                                         net231 (net)
                      0.227641    0.001180   22.587040 ^ _3423_/SET_B (sky130_fd_sc_hd__dfstp_1)
                                             22.587040   data arrival time

                                100.000000  100.000000   clock clk (rise edge)
                                  0.000000  100.000000   clock source latency
     1    0.032461    0.237314    0.164775  100.164772 ^ clk (in)
                                                         clk (net)
                      0.237363    0.000000  100.164772 ^ clkbuf_0_clk/A (sky130_fd_sc_hd__clkbuf_16)
     4    0.066136    0.129278    0.354945  100.519714 ^ clkbuf_0_clk/X (sky130_fd_sc_hd__clkbuf_16)
                                                         clknet_0_clk (net)
                      0.129282    0.000846  100.520561 ^ clkbuf_2_2__f_clk/A (sky130_fd_sc_hd__clkbuf_16)
     9    0.067253    0.130538    0.307175  100.827736 ^ clkbuf_2_2__f_clk/X (sky130_fd_sc_hd__clkbuf_16)
                                                         clknet_2_2__leaf_clk (net)
                      0.130543    0.000973  100.828712 ^ _3423_/CLK (sky130_fd_sc_hd__dfstp_1)
                                 -0.250000  100.578712   clock uncertainty
                                  0.000000  100.578712   clock reconvergence pessimism
                                  0.266331  100.845047   library recovery time
                                            100.845047   data required time
---------------------------------------------------------------------------------------------
                                            100.845047   data required time
                                            -22.587040   data arrival time
---------------------------------------------------------------------------------------------
                                             78.258003   slack (MET)


Startpoint: config_en (input port clocked by clk)
Endpoint: CBnorth_out[12] (output port clocked by clk)
Path Group: clk
Path Type: max

Fanout         Cap        Slew       Delay        Time   Description
---------------------------------------------------------------------------------------------
                                  0.000000    0.000000   clock clk (rise edge)
                                  0.000000    0.000000   clock network delay (propagated)
                                 20.000000   20.000000 ^ input external delay
     1    0.006387    0.056567    0.034492   20.034492 ^ config_en (in)
                                                         config_en (net)
                      0.056568    0.000000   20.034492 ^ input66/A (sky130_fd_sc_hd__buf_1)
     2    0.025114    0.477229    0.434834   20.469326 ^ input66/X (sky130_fd_sc_hd__buf_1)
                                                         net66 (net)
                      0.477229    0.000325   20.469652 ^ fanout289/A (sky130_fd_sc_hd__buf_2)
     6    0.061130    0.471045    0.655392   21.125044 ^ fanout289/X (sky130_fd_sc_hd__buf_2)
                                                         net289 (net)
                      0.471051    0.002416   21.127459 ^ fanout286/A (sky130_fd_sc_hd__buf_2)
     8    0.052093    0.405150    0.605823   21.733282 ^ fanout286/X (sky130_fd_sc_hd__buf_2)
                                                         net286 (net)
                      0.405150    0.000860   21.734142 ^ fanout281/A (sky130_fd_sc_hd__clkbuf_4)
    10    0.048653    0.243577    0.525375   22.259518 ^ fanout281/X (sky130_fd_sc_hd__clkbuf_4)
                                                         net281 (net)
                      0.243577    0.000851   22.260368 ^ _1620_/A (sky130_fd_sc_hd__inv_2)
    10    0.051767    0.228361    0.284903   22.545271 v _1620_/Y (sky130_fd_sc_hd__inv_2)
                                                         _1502_ (net)
                      0.228366    0.001421   22.546692 v _2096_/C1 (sky130_fd_sc_hd__o311a_2)
     5    0.028657    0.206474    0.390479   22.937172 v _2096_/X (sky130_fd_sc_hd__o311a_2)
                                                         _0730_ (net)
                      0.206474    0.000760   22.937931 v _2099_/A (sky130_fd_sc_hd__and2_2)
     8    0.046257    0.239633    0.594577   23.532509 v _2099_/X (sky130_fd_sc_hd__and2_2)
                                                         _0733_ (net)
                      0.239642    0.001704   23.534212 v _2100_/B1 (sky130_fd_sc_hd__o221a_1)
     1    0.003465    0.098786    0.502627   24.036839 v _2100_/X (sky130_fd_sc_hd__o221a_1)
                                                         _0734_ (net)
                      0.098786    0.000043   24.036882 v _2101_/B2 (sky130_fd_sc_hd__a221oi_1)
     1    0.002758    0.371003    0.450264   24.487146 ^ _2101_/Y (sky130_fd_sc_hd__a221oi_1)
                                                         _0735_ (net)
                      0.371003    0.000012   24.487158 ^ _2102_/B2 (sky130_fd_sc_hd__a221o_2)
     6    0.029332    0.261283    0.565358   25.052515 ^ _2102_/X (sky130_fd_sc_hd__a221o_2)
                                                         _0736_ (net)
                      0.261283    0.000600   25.053116 ^ _2107_/A (sky130_fd_sc_hd__nand2_2)
     8    0.040230    0.347804    0.379217   25.432333 v _2107_/Y (sky130_fd_sc_hd__nand2_2)
                                                         _0741_ (net)
                      0.347804    0.000522   25.432856 v _2146_/S (sky130_fd_sc_hd__mux2_1)
     1    0.003560    0.089320    0.521483   25.954338 ^ _2146_/X (sky130_fd_sc_hd__mux2_1)
                                                         _0780_ (net)
                      0.089320    0.000039   25.954376 ^ _2182_/A2 (sky130_fd_sc_hd__o211a_1)
     1    0.002635    0.074210    0.277820   26.232197 ^ _2182_/X (sky130_fd_sc_hd__o211a_1)
                                                         _0816_ (net)
                      0.074210    0.000011   26.232208 ^ _2233_/B2 (sky130_fd_sc_hd__o32a_2)
     3    0.032904    0.287186    0.433076   26.665283 ^ _2233_/X (sky130_fd_sc_hd__o32a_2)
                                                         _0867_ (net)
                      0.287186    0.000609   26.665894 ^ _2237_/A2 (sky130_fd_sc_hd__o211a_1)
     3    0.034060    0.456771    0.645061   27.310955 ^ _2237_/X (sky130_fd_sc_hd__o211a_1)
                                                         CB_0.le_outA (net)
                      0.456771    0.000583   27.311537 ^ fanout152/A (sky130_fd_sc_hd__buf_2)
     9    0.037309    0.295930    0.522132   27.833668 ^ fanout152/X (sky130_fd_sc_hd__buf_2)
                                                         net152 (net)
                      0.295930    0.001124   27.834793 ^ _1720_/A (sky130_fd_sc_hd__inv_2)
     4    0.011776    0.090773    0.167233   28.002026 v _1720_/Y (sky130_fd_sc_hd__inv_2)
                                                         _1602_ (net)
                      0.090773    0.000052   28.002077 v _1746_/A (sky130_fd_sc_hd__or3_1)
     1    0.002608    0.136657    0.840096   28.842175 v _1746_/X (sky130_fd_sc_hd__or3_1)
                                                         _0380_ (net)
                      0.136657    0.000023   28.842197 v _1747_/B1 (sky130_fd_sc_hd__o311a_1)
     1    0.007590    0.135242    0.293344   29.135542 v _1747_/X (sky130_fd_sc_hd__o311a_1)
                                                         _0381_ (net)
                      0.135242    0.000144   29.135685 v _1748_/B1 (sky130_fd_sc_hd__a211oi_2)
     2    0.013843    0.514484    0.550566   29.686251 ^ _1748_/Y (sky130_fd_sc_hd__a211oi_2)
                                                         _0382_ (net)
                      0.514484    0.000142   29.686394 ^ _2400_/B1 (sky130_fd_sc_hd__o21ai_4)
     9    0.041589    0.249805    0.388388   30.074781 v _2400_/Y (sky130_fd_sc_hd__o21ai_4)
                                                         _1030_ (net)
                      0.249822    0.002299   30.077080 v _2401_/B (sky130_fd_sc_hd__or2_1)
     1    0.003139    0.099923    0.533852   30.610931 v _2401_/X (sky130_fd_sc_hd__or2_1)
                                                         _1031_ (net)
                      0.099923    0.000032   30.610964 v _2417_/A2 (sky130_fd_sc_hd__a31o_1)
     1    0.001805    0.056979    0.364960   30.975924 v _2417_/X (sky130_fd_sc_hd__a31o_1)
                                                         _1047_ (net)
                      0.056979    0.000014   30.975937 v _2438_/B (sky130_fd_sc_hd__and4_2)
     6    0.067941    0.315235    0.685112   31.661049 v _2438_/X (sky130_fd_sc_hd__and4_2)
                                                         _1068_ (net)
                      0.315321    0.005070   31.666119 v _2483_/A1 (sky130_fd_sc_hd__o21ai_4)
     8    0.041401    0.509629    0.600398   32.266518 ^ _2483_/Y (sky130_fd_sc_hd__o21ai_4)
                                                         _1113_ (net)
                      0.509629    0.000600   32.267117 ^ _2522_/S (sky130_fd_sc_hd__mux2_1)
     1    0.007936    0.140735    0.454492   32.721611 ^ _2522_/X (sky130_fd_sc_hd__mux2_1)
                                                         _1152_ (net)
                      0.140735    0.000256   32.721867 ^ _2560_/A2 (sky130_fd_sc_hd__o211a_1)
     1    0.008550    0.140466    0.360583   33.082447 ^ _2560_/X (sky130_fd_sc_hd__o211a_1)
                                                         _1190_ (net)
                      0.140466    0.000231   33.082680 ^ _2606_/B2 (sky130_fd_sc_hd__o32a_1)
     3    0.014654    0.258611    0.409912   33.492592 ^ _2606_/X (sky130_fd_sc_hd__o32a_1)
                                                         _1236_ (net)
                      0.258611    0.000213   33.492805 ^ _2609_/A2 (sky130_fd_sc_hd__o211a_1)
     2    0.030923    0.417889    0.607884   34.100689 ^ _2609_/X (sky130_fd_sc_hd__o211a_1)
                                                         CB_1.le_outA (net)
                      0.417889    0.000309   34.100998 ^ fanout144/A (sky130_fd_sc_hd__clkbuf_4)
    10    0.056272    0.276735    0.555467   34.656464 ^ fanout144/X (sky130_fd_sc_hd__clkbuf_4)
                                                         net144 (net)
                      0.276766    0.003048   34.659512 ^ _1721_/A (sky130_fd_sc_hd__inv_2)
     3    0.029398    0.146959    0.229029   34.888542 v _1721_/Y (sky130_fd_sc_hd__inv_2)
                                                         _1603_ (net)
                      0.146971    0.001414   34.889954 v fanout143/A (sky130_fd_sc_hd__clkbuf_4)
    10    0.058147    0.215115    0.420780   35.310734 v fanout143/X (sky130_fd_sc_hd__clkbuf_4)
                                                         net143 (net)
                      0.215177    0.003496   35.314232 v _1839_/B (sky130_fd_sc_hd__and3b_1)
     2    0.005271    0.094163    0.422968   35.737198 v _1839_/X (sky130_fd_sc_hd__and3b_1)
                                                         _0473_ (net)
                      0.094163    0.000025   35.737225 v _1843_/C1 (sky130_fd_sc_hd__a221o_1)
     1    0.008380    0.145102    0.563379   36.300602 v _1843_/X (sky130_fd_sc_hd__a221o_1)
                                                         _0477_ (net)
                      0.145102    0.000217   36.300819 v _1855_/A2 (sky130_fd_sc_hd__a311o_2)
     6    0.032045    0.219997    0.878735   37.179554 v _1855_/X (sky130_fd_sc_hd__a311o_2)
                                                         _0489_ (net)
                      0.219997    0.000675   37.180229 v _1858_/A (sky130_fd_sc_hd__nor2_2)
     7    0.037398    0.668566    0.645777   37.826008 ^ _1858_/Y (sky130_fd_sc_hd__nor2_2)
                                                         _0492_ (net)
                      0.668566    0.000423   37.826427 ^ _2252_/B (sky130_fd_sc_hd__nand2_1)
     1    0.003613    0.144525    0.296954   38.123383 v _2252_/Y (sky130_fd_sc_hd__nand2_1)
                                                         _0884_ (net)
                      0.144525    0.000043   38.123425 v _2256_/A2 (sky130_fd_sc_hd__a31o_1)
     1    0.003165    0.068423    0.400831   38.524258 v _2256_/X (sky130_fd_sc_hd__a31o_1)
                                                         _0888_ (net)
                      0.068423    0.000043   38.524300 v _2265_/B (sky130_fd_sc_hd__and4_2)
     5    0.025648    0.165259    0.543942   39.068241 v _2265_/X (sky130_fd_sc_hd__and4_2)
                                                         _0897_ (net)
                      0.165260    0.000792   39.069035 v _2273_/A1 (sky130_fd_sc_hd__o21ai_4)
     9    0.036069    0.454986    0.500144   39.569176 ^ _2273_/Y (sky130_fd_sc_hd__o21ai_4)
                                                         _0905_ (net)
                      0.454988    0.000597   39.569775 ^ _2344_/S (sky130_fd_sc_hd__mux2_1)
     1    0.003451    0.116907    0.828347   40.398121 v _2344_/X (sky130_fd_sc_hd__mux2_1)
                                                         _0976_ (net)
                      0.116907    0.000043   40.398163 v _2345_/A2 (sky130_fd_sc_hd__o211a_1)
     1    0.002410    0.069515    0.386748   40.784912 v _2345_/X (sky130_fd_sc_hd__o211a_1)
                                                         _0977_ (net)
                      0.069515    0.000011   40.784924 v _2394_/B2 (sky130_fd_sc_hd__o32a_2)
     3    0.027755    0.192523    0.477176   41.262100 v _2394_/X (sky130_fd_sc_hd__o32a_2)
                                                         _1026_ (net)
                      0.192523    0.000544   41.262642 v _2397_/A2 (sky130_fd_sc_hd__o211a_1)
     2    0.032624    0.322617    0.659025   41.921669 v _2397_/X (sky130_fd_sc_hd__o211a_1)
                                                         CB_0.le_outB (net)
                      0.322617    0.000671   41.922340 v fanout148/A (sky130_fd_sc_hd__clkbuf_2)
     7    0.032212    0.228724    0.438270   42.360607 v fanout148/X (sky130_fd_sc_hd__clkbuf_2)
                                                         net148 (net)
                      0.228732    0.001645   42.362255 v _1758_/A (sky130_fd_sc_hd__or3b_1)
     2    0.008121    0.198629    0.991580   43.353832 v _1758_/X (sky130_fd_sc_hd__or3b_1)
                                                         _0392_ (net)
                      0.198629    0.000028   43.353863 v _1760_/A3 (sky130_fd_sc_hd__a31oi_2)
     1    0.009873    0.301614    0.426049   43.779911 ^ _1760_/Y (sky130_fd_sc_hd__a31oi_2)
                                                         _0394_ (net)
                      0.301614    0.000295   43.780205 ^ _1772_/B1 (sky130_fd_sc_hd__a311o_4)
     6    0.037031    0.232500    0.401020   44.181225 ^ _1772_/X (sky130_fd_sc_hd__a311o_4)
                                                         _0406_ (net)
                      0.232500    0.000242   44.181465 ^ _2404_/A (sky130_fd_sc_hd__nor2_4)
     9    0.042093    0.119008    0.196419   44.377884 v _2404_/Y (sky130_fd_sc_hd__nor2_4)
                                                         _1034_ (net)
                      0.119009    0.000735   44.378620 v _2635_/B (sky130_fd_sc_hd__nand2_1)
     1    0.004534    0.102569    0.140606   44.519226 ^ _2635_/Y (sky130_fd_sc_hd__nand2_1)
                                                         _1263_ (net)
                      0.102569    0.000068   44.519295 ^ _2637_/A3 (sky130_fd_sc_hd__a31o_1)
     1    0.002518    0.079951    0.302439   44.821732 ^ _2637_/X (sky130_fd_sc_hd__a31o_1)
                                                         _1265_ (net)
                      0.079951    0.000018   44.821751 ^ _2638_/D (sky130_fd_sc_hd__and4_2)
     5    0.035461    0.340304    0.714316   45.536068 ^ _2638_/X (sky130_fd_sc_hd__and4_2)
                                                         _1266_ (net)
                      0.340310    0.002029   45.538094 ^ _2646_/A1 (sky130_fd_sc_hd__o21ai_4)
     9    0.038839    0.206816    0.312887   45.850983 v _2646_/Y (sky130_fd_sc_hd__o21ai_4)
                                                         _1274_ (net)
                      0.206816    0.000256   45.851238 v _2748_/S (sky130_fd_sc_hd__mux2_1)
     1    0.004158    0.125374    0.765862   46.617100 v _2748_/X (sky130_fd_sc_hd__mux2_1)
                                                         _1376_ (net)
                      0.125374    0.000060   46.617161 v _2751_/A2 (sky130_fd_sc_hd__o211a_1)
     1    0.006591    0.104295    0.435183   47.052345 v _2751_/X (sky130_fd_sc_hd__o211a_1)
                                                         _1379_ (net)
                      0.104295    0.000174   47.052517 v _2765_/B1 (sky130_fd_sc_hd__o32a_1)
     3    0.018134    0.227337    0.495454   47.547974 v _2765_/X (sky130_fd_sc_hd__o32a_1)
                                                         _1393_ (net)
                      0.227337    0.000448   47.548420 v _2768_/A2 (sky130_fd_sc_hd__o211a_1)
     1    0.005326    0.094052    0.467381   48.015800 v _2768_/X (sky130_fd_sc_hd__o211a_1)
                                                         CB_1.le_outB (net)
                      0.094052    0.000110   48.015911 v fanout141/A (sky130_fd_sc_hd__clkbuf_2)
     6    0.040899    0.284357    0.380435   48.396347 v fanout141/X (sky130_fd_sc_hd__clkbuf_2)
                                                         net141 (net)
                      0.284357    0.000540   48.396885 v _1722_/A (sky130_fd_sc_hd__inv_2)
     4    0.014363    0.139772    0.217653   48.614540 ^ _1722_/Y (sky130_fd_sc_hd__inv_2)
                                                         _1604_ (net)
                      0.139772    0.000053   48.614594 ^ fanout138/A (sky130_fd_sc_hd__buf_2)
    10    0.043153    0.338251    0.423352   49.037945 ^ fanout138/X (sky130_fd_sc_hd__buf_2)
                                                         net138 (net)
                      0.338251    0.000323   49.038269 ^ _1781_/A1 (sky130_fd_sc_hd__o32ai_2)
     2    0.005521    0.134985    0.285461   49.323730 v _1781_/Y (sky130_fd_sc_hd__o32ai_2)
                                                         _0415_ (net)
                      0.134985    0.000046   49.323776 v _1783_/B2 (sky130_fd_sc_hd__o221a_1)
     1    0.002792    0.094291    0.418378   49.742153 v _1783_/X (sky130_fd_sc_hd__o221a_1)
                                                         _0417_ (net)
                      0.094291    0.000028   49.742180 v _1798_/A2 (sky130_fd_sc_hd__o311a_1)
     6    0.023923    0.261717    0.814850   50.557034 v _1798_/X (sky130_fd_sc_hd__o311a_1)
                                                         _0432_ (net)
                      0.261717    0.000661   50.557693 v _1801_/A (sky130_fd_sc_hd__and2_2)
     7    0.039214    0.212044    0.597449   51.155144 v _1801_/X (sky130_fd_sc_hd__and2_2)
                                                         _0435_ (net)
                      0.212068    0.002352   51.157494 v _2783_/A1 (sky130_fd_sc_hd__mux2_1)
     1    0.002800    0.113794    0.705349   51.862843 v _2783_/X (sky130_fd_sc_hd__mux2_1)
                                                         _1398_ (net)
                      0.113794    0.000032   51.862873 v _2784_/A1 (sky130_fd_sc_hd__mux2_1)
     1    0.015083    0.217367    0.812374   52.675247 v _2784_/X (sky130_fd_sc_hd__mux2_1)
                                                         net90 (net)
                      0.217367    0.000615   52.675865 v output90/A (sky130_fd_sc_hd__buf_2)
     1    0.038249    0.181754    0.428344   53.104206 v output90/X (sky130_fd_sc_hd__buf_2)
                                                         CBnorth_out[12] (net)
                      0.181754    0.000398   53.104607 v CBnorth_out[12] (out)
                                             53.104607   data arrival time

                                100.000000  100.000000   clock clk (rise edge)
                                  0.000000  100.000000   clock network delay (propagated)
                                 -0.250000   99.750000   clock uncertainty
                                  0.000000   99.750000   clock reconvergence pessimism
                                -20.000000   79.750000   output external delay
                                             79.750000   data required time
---------------------------------------------------------------------------------------------
                                             79.750000   data required time
                                            -53.104607   data arrival time
---------------------------------------------------------------------------------------------
                                             26.645393   slack (MET)




===========================================================================
report_checks --slack_max -0.01
============================================================================
======================= min_ss_100C_1v60 Corner ===================================

No paths found.


===========================================================================
 report_check_types -max_slew -max_cap -max_fanout -violators
============================================================================
======================= min_ss_100C_1v60 Corner ===================================

max slew

Pin                                        Limit        Slew       Slack
------------------------------------------------------------------------
_2747_/Y                                0.750000    1.123448   -0.373448 (VIOLATED)
_2756_/B1                               0.750000    1.123448   -0.373448 (VIOLATED)
_2557_/Y                                0.750000    0.889116   -0.139116 (VIOLATED)
_2560_/B1                               0.750000    0.889116   -0.139116 (VIOLATED)
_2601_/C1                               0.750000    0.889116   -0.139116 (VIOLATED)
ANTENNA_18/DIODE                        0.750000    0.847347   -0.097347 (VIOLATED)
_2876_/Y                                0.750000    0.847347   -0.097347 (VIOLATED)
output132/A                             0.750000    0.847347   -0.097347 (VIOLATED)
_2592_/Y                                0.750000    0.847187   -0.097187 (VIOLATED)
_2606_/A1                               0.750000    0.847187   -0.097187 (VIOLATED)

max fanout

Pin                                   Limit Fanout  Slack
---------------------------------------------------------
clkbuf_leaf_12_clk/X                     10     19     -9 (VIOLATED)
clkbuf_leaf_23_clk/X                     10     18     -8 (VIOLATED)
clkbuf_leaf_25_clk/X                     10     18     -8 (VIOLATED)
clkbuf_leaf_0_clk/X                      10     17     -7 (VIOLATED)
clkbuf_leaf_17_clk/X                     10     17     -7 (VIOLATED)
clkbuf_leaf_5_clk/X                      10     17     -7 (VIOLATED)
clkbuf_leaf_4_clk/X                      10     16     -6 (VIOLATED)
clkbuf_leaf_10_clk/X                     10     15     -5 (VIOLATED)
clkbuf_leaf_6_clk/X                      10     15     -5 (VIOLATED)
clkbuf_leaf_11_clk/X                     10     14     -4 (VIOLATED)
clkbuf_leaf_33_clk/X                     10     14     -4 (VIOLATED)
clkbuf_leaf_29_clk/X                     10     13     -3 (VIOLATED)
clkbuf_leaf_30_clk/X                     10     13     -3 (VIOLATED)
clkbuf_leaf_1_clk/X                      10     12     -2 (VIOLATED)
clkbuf_leaf_28_clk/X                     10     12     -2 (VIOLATED)
clkbuf_leaf_3_clk/X                      10     12     -2 (VIOLATED)
clkbuf_leaf_13_clk/X                     10     11        (VIOLATED)
clkbuf_leaf_15_clk/X                     10     11        (VIOLATED)
clkbuf_leaf_9_clk/X                      10     11        (VIOLATED)



===========================================================================
report_parasitic_annotation -report_unannotated
============================================================================
Found 35 unannotated drivers.
 _2769_/X
 _2771_/X
 _2773_/X
 _2775_/X
 clkload0/Y
 clkload1/Y
 clkload10/Y
 clkload11/Y
 clkload12/Y
 clkload13/Y
 clkload14/Y
 clkload15/Y
 clkload16/Y
 clkload17/Y
 clkload18/Y
 clkload19/Y
 clkload2/Y
 clkload20/Y
 clkload21/Y
 clkload22/X
 clkload23/Y
 clkload24/Y
 clkload25/Y
 clkload26/Y
 clkload27/Y
 clkload28/Y
 clkload29/Y
 clkload3/Y
 clkload30/Y
 clkload4/Y
 clkload5/Y
 clkload6/Y
 clkload7/Y
 clkload8/Y
 clkload9/Y
Found 0 partially unannotated drivers.

===========================================================================
max slew violation count 10
max fanout violation count 19
max cap violation count 0
============================================================================

===========================================================================
check_setup -verbose -unconstrained_endpoints -multiple_clock -no_clock -no_input_delay -loops -generated_clocks
===========================================================================
Warning: There are 8 unclocked register/latch pins.
  _3304_/CLK
  _3353_/CLK
  _3354_/CLK
  _3375_/CLK
  _3376_/CLK
  _3397_/CLK
  _3398_/CLK
  _3419_/CLK
Warning: There are 8 unconstrained endpoints.
  _3304_/D
  _3353_/D
  _3354_/D
  _3375_/D
  _3376_/D
  _3397_/D
  _3398_/D
  _3419_/D
Warning: There are 57 combinational loops in the design.
  _2560_/X
  _2606_/B2
  _2606_/X
  _2609_/A2
  _2609_/X
  fanout144/A
  fanout144/X
  _1721_/A
  _1721_/Y
  _2518_/A2
  _2518_/X
  _2519_/A3
  _2519_/X
  _2520_/B1
  _2520_/X
  _2560_/A1
  | loop cut point
  _2560_/X
  --------------------------------
  _2606_/X
  _2609_/A2
  _2609_/X
  fanout144/A
  fanout144/X
  _1721_/A
  _1721_/Y
  _2518_/A2
  _2518_/X
  _2519_/A3
  _2519_/X
  _2520_/B1
  _2520_/X
  _2594_/B1
  _2594_/X
  _2597_/A2
  _2597_/X
  _2606_/B1
  | loop cut point
  _2606_/X
  --------------------------------
  _2606_/X
  _2609_/A2
  _2609_/X
  fanout144/A
  fanout144/X
  _1721_/A
  _1721_/Y
  _2518_/A2
  _2518_/X
  _2519_/A3
  _2519_/X
  _2520_/B1
  _2520_/X
  _2601_/A1
  _2601_/X
  _2606_/A2
  | loop cut point
  _2606_/X
  --------------------------------
  _2606_/X
  _2609_/A2
  _2609_/X
  fanout144/A
  fanout144/X
  _1721_/A
  _1721_/Y
  _2518_/A2
  _2518_/X
  _2519_/A3
  _2519_/X
  _2520_/B1
  _2520_/X
  _2603_/B1
  _2603_/X
  _2605_/B1
  _2605_/X
  _2606_/A3
  | loop cut point
  _2606_/X
  --------------------------------
  _2560_/X
  _2606_/B2
  _2606_/X
  _2609_/A2
  _2609_/X
  fanout144/A
  fanout144/X
  _1721_/A
  _1721_/Y
  _2518_/A2
  _2518_/X
  _2519_/A3
  _2519_/X
  _2521_/B1
  _2521_/Y
  _2559_/B1
  _2559_/X
  _2560_/C1
  | loop cut point
  _2560_/X
  --------------------------------
  _2560_/X
  _2606_/B2
  _2606_/X
  _2609_/A2
  _2609_/X
  fanout144/A
  fanout144/X
  _1721_/A
  _1721_/Y
  _2554_/A2
  _2554_/X
  _2555_/A3
  _2555_/X
  _2557_/B1
  _2557_/Y
  _2560_/B1
  | loop cut point
  _2560_/X
  --------------------------------
  _2182_/X
  _2233_/B2
  _2233_/X
  _2237_/A2
  _2237_/X
  fanout152/A
  fanout152/X
  _1720_/A
  _1720_/Y
  _1746_/A
  _1746_/X
  _1747_/B1
  _1747_/X
  _1748_/B1
  _1748_/Y
  _2400_/B1
  _2400_/Y
  _2401_/B
  _2401_/X
  _2417_/A2
  _2417_/X
  _2438_/B
  _2438_/X
  _2483_/A1
  _2483_/Y
  _2522_/S
  _2522_/X
  _2560_/A2
  _2560_/X
  _2606_/B2
  _2606_/X
  _2609_/A2
  _2609_/X
  fanout144/A
  fanout144/X
  _1721_/A
  _1721_/Y
  fanout143/A
  fanout143/X
  _1839_/B
  _1839_/X
  _1843_/C1
  _1843_/X
  _1855_/A2
  _1855_/X
  _1858_/A
  _1858_/Y
  _2119_/B
  _2119_/Y
  _2123_/A2
  _2123_/X
  _2124_/D
  _2124_/X
  _2144_/A2
  _2144_/X
  _2182_/A1
  | loop cut point
  _2182_/X
  --------------------------------
  _2233_/X
  _2237_/A2
  _2237_/X
  fanout152/A
  fanout152/X
  _1720_/A
  _1720_/Y
  _1746_/A
  _1746_/X
  _1747_/B1
  _1747_/X
  _1748_/B1
  _1748_/Y
  _2400_/B1
  _2400_/Y
  _2401_/B
  _2401_/X
  _2417_/A2
  _2417_/X
  _2438_/B
  _2438_/X
  _2483_/A1
  _2483_/Y
  _2522_/S
  _2522_/X
  _2560_/A2
  _2560_/X
  _2606_/B2
  _2606_/X
  _2609_/A2
  _2609_/X
  fanout144/A
  fanout144/X
  _1721_/A
  _1721_/Y
  fanout143/A
  fanout143/X
  _1839_/B
  _1839_/X
  _1843_/C1
  _1843_/X
  _1855_/A2
  _1855_/X
  _1858_/A
  _1858_/Y
  _2119_/B
  _2119_/Y
  _2123_/A2
  _2123_/X
  _2124_/D
  _2124_/X
  _2144_/A2
  _2144_/X
  _2184_/B1
  _2184_/X
  _2224_/A2
  _2224_/X
  _2233_/B1
  | loop cut point
  _2233_/X
  --------------------------------
  _2233_/X
  _2237_/A2
  _2237_/X
  fanout152/A
  fanout152/X
  _1720_/A
  _1720_/Y
  _1746_/A
  _1746_/X
  _1747_/B1
  _1747_/X
  _1748_/B1
  _1748_/Y
  _2400_/B1
  _2400_/Y
  _2401_/B
  _2401_/X
  _2417_/A2
  _2417_/X
  _2438_/B
  _2438_/X
  _2483_/A1
  _2483_/Y
  _2522_/S
  _2522_/X
  _2560_/A2
  _2560_/X
  _2606_/B2
  _2606_/X
  _2609_/A2
  _2609_/X
  fanout144/A
  fanout144/X
  _1721_/A
  _1721_/Y
  fanout143/A
  fanout143/X
  _1839_/B
  _1839_/X
  _1843_/C1
  _1843_/X
  _1855_/A2
  _1855_/X
  _1858_/A
  _1858_/Y
  _2119_/B
  _2119_/Y
  _2123_/A2
  _2123_/X
  _2124_/D
  _2124_/X
  _2144_/A2
  _2144_/X
  _2228_/A1
  _2228_/X
  _2233_/A2
  | loop cut point
  _2233_/X
  --------------------------------
  _2233_/X
  _2237_/A2
  _2237_/X
  fanout152/A
  fanout152/X
  _1720_/A
  _1720_/Y
  _1746_/A
  _1746_/X
  _1747_/B1
  _1747_/X
  _1748_/B1
  _1748_/Y
  _2400_/B1
  _2400_/Y
  _2401_/B
  _2401_/X
  _2417_/A2
  _2417_/X
  _2438_/B
  _2438_/X
  _2483_/A1
  _2483_/Y
  _2522_/S
  _2522_/X
  _2560_/A2
  _2560_/X
  _2606_/B2
  _2606_/X
  _2609_/A2
  _2609_/X
  fanout144/A
  fanout144/X
  _1721_/A
  _1721_/Y
  fanout143/A
  fanout143/X
  _1839_/B
  _1839_/X
  _1843_/C1
  _1843_/X
  _1855_/A2
  _1855_/X
  _1858_/A
  _1858_/Y
  _2119_/B
  _2119_/Y
  _2123_/A2
  _2123_/X
  _2124_/D
  _2124_/X
  _2144_/A2
  _2144_/X
  _2232_/A1
  _2232_/X
  _2233_/A3
  | loop cut point
  _2233_/X
  --------------------------------
  _2182_/X
  _2233_/B2
  _2233_/X
  _2237_/A2
  _2237_/X
  fanout152/A
  fanout152/X
  _1720_/A
  _1720_/Y
  _1746_/A
  _1746_/X
  _1747_/B1
  _1747_/X
  _1748_/B1
  _1748_/Y
  _2400_/B1
  _2400_/Y
  _2401_/B
  _2401_/X
  _2417_/A2
  _2417_/X
  _2438_/B
  _2438_/X
  _2483_/A1
  _2483_/Y
  _2522_/S
  _2522_/X
  _2560_/A2
  _2560_/X
  _2606_/B2
  _2606_/X
  _2609_/A2
  _2609_/X
  fanout144/A
  fanout144/X
  _1721_/A
  _1721_/Y
  fanout143/A
  fanout143/X
  _1839_/B
  _1839_/X
  _1843_/C1
  _1843_/X
  _1855_/A2
  _1855_/X
  _1858_/A
  _1858_/Y
  _2119_/B
  _2119_/Y
  _2123_/A2
  _2123_/X
  _2124_/D
  _2124_/X
  _2145_/A2
  _2145_/Y
  _2181_/B1
  _2181_/X
  _2182_/C1
  | loop cut point
  _2182_/X
  --------------------------------
  _2182_/X
  _2233_/B2
  _2233_/X
  _2237_/A2
  _2237_/X
  fanout152/A
  fanout152/X
  _1720_/A
  _1720_/Y
  _1746_/A
  _1746_/X
  _1747_/B1
  _1747_/X
  _1748_/B1
  _1748_/Y
  _2400_/B1
  _2400_/Y
  _2401_/B
  _2401_/X
  _2417_/A2
  _2417_/X
  _2438_/B
  _2438_/X
  _2483_/A1
  _2483_/Y
  _2522_/S
  _2522_/X
  _2560_/A2
  _2560_/X
  _2606_/B2
  _2606_/X
  _2609_/A2
  _2609_/X
  fanout144/A
  fanout144/X
  _1721_/A
  _1721_/Y
  fanout143/A
  fanout143/X
  _1839_/B
  _1839_/X
  _1843_/C1
  _1843_/X
  _1855_/A2
  _1855_/X
  _1858_/A
  _1858_/Y
  _2158_/B
  _2158_/Y
  _2161_/A2
  _2161_/X
  _2162_/C
  _2162_/X
  _2179_/A1
  _2179_/Y
  _2182_/B1
  | loop cut point
  _2182_/X
  --------------------------------
  _2233_/X
  _2237_/A2
  _2237_/X
  fanout152/A
  fanout152/X
  _1720_/A
  _1720_/Y
  _1746_/A
  _1746_/X
  _1747_/B1
  _1747_/X
  _1748_/B1
  _1748_/Y
  _2400_/B1
  _2400_/Y
  _2401_/B
  _2401_/X
  _2417_/A2
  _2417_/X
  _2438_/B
  _2438_/X
  _2483_/A1
  _2483_/Y
  _2522_/S
  _2522_/X
  _2560_/A2
  _2560_/X
  _2606_/B2
  _2606_/X
  _2609_/A2
  _2609_/X
  fanout144/A
  fanout144/X
  _1721_/A
  _1721_/Y
  fanout143/A
  fanout143/X
  _1839_/B
  _1839_/X
  _1843_/C1
  _1843_/X
  _1855_/A2
  _1855_/X
  _1858_/A
  _1858_/Y
  _2192_/B
  _2192_/Y
  _2195_/A1
  _2195_/Y
  _2202_/A
  _2202_/X
  _2216_/B1
  _2216_/X
  _2223_/B1
  _2223_/X
  _2233_/A1
  | loop cut point
  _2233_/X
  --------------------------------
  _1747_/X
  _1748_/B1
  _1748_/Y
  _2400_/B1
  _2400_/Y
  _2401_/B
  _2401_/X
  _2417_/A2
  _2417_/X
  _2438_/B
  _2438_/X
  _2483_/A1
  _2483_/Y
  _2522_/S
  _2522_/X
  _2560_/A2
  _2560_/X
  _2606_/B2
  _2606_/X
  _2609_/A2
  _2609_/X
  fanout144/A
  fanout144/X
  _1721_/A
  _1721_/Y
  fanout143/A
  fanout143/X
  _1839_/B
  _1839_/X
  _1843_/C1
  _1843_/X
  _1855_/A2
  _1855_/X
  _1858_/A
  _1858_/Y
  _2252_/B
  _2252_/Y
  _2256_/A2
  _2256_/X
  _2265_/B
  _2265_/X
  _2273_/A1
  _2273_/Y
  _2309_/A2
  _2309_/X
  _2345_/C1
  _2345_/X
  _2394_/B2
  _2394_/X
  _2397_/A2
  _2397_/X
  fanout148/A
  fanout148/X
  _1745_/A
  _1745_/Y
  _1747_/A3
  | loop cut point
  _1747_/X
  --------------------------------
  _2265_/X
  _2273_/A1
  _2273_/Y
  _2309_/A2
  _2309_/X
  _2345_/C1
  _2345_/X
  _2394_/B2
  _2394_/X
  _2397_/A2
  _2397_/X
  fanout148/A
  fanout148/X
  _1758_/A
  _1758_/X
  _1760_/A3
  _1760_/Y
  _1772_/B1
  _1772_/X
  _1775_/A
  _1775_/Y
  _2262_/B
  _2262_/Y
  _2264_/A3
  _2264_/X
  _2265_/D
  | loop cut point
  _2265_/X
  --------------------------------
  _2345_/X
  _2394_/B2
  _2394_/X
  _2397_/A2
  _2397_/X
  fanout148/A
  fanout148/X
  _1758_/A
  _1758_/X
  _1760_/A3
  _1760_/Y
  _1772_/B1
  _1772_/X
  _1775_/A
  _1775_/Y
  _2311_/B
  _2311_/X
  _2316_/A3
  _2316_/X
  _2324_/A_N
  _2324_/X
  _2342_/A2
  _2342_/X
  _2345_/B1
  | loop cut point
  _2345_/X
  --------------------------------
  _2394_/X
  _2397_/A2
  _2397_/X
  fanout148/A
  fanout148/X
  _1758_/A
  _1758_/X
  _1760_/A3
  _1760_/Y
  _1772_/B1
  _1772_/X
  _1775_/A
  _1775_/Y
  _2311_/B
  _2311_/X
  _2316_/A3
  _2316_/X
  _2324_/A_N
  _2324_/X
  _2342_/A2
  _2342_/X
  _2389_/C1
  _2389_/X
  _2394_/A2
  | loop cut point
  _2394_/X
  --------------------------------
  _2394_/X
  _2397_/A2
  _2397_/X
  fanout148/A
  fanout148/X
  _1758_/A
  _1758_/X
  _1760_/A3
  _1760_/Y
  _1772_/B1
  _1772_/X
  _1775_/A
  _1775_/Y
  _2311_/B
  _2311_/X
  _2316_/A3
  _2316_/X
  _2324_/A_N
  _2324_/X
  _2343_/A2
  _2343_/Y
  _2385_/A1
  _2385_/X
  _2394_/B1
  | loop cut point
  _2394_/X
  --------------------------------
  _2394_/X
  _2397_/A2
  _2397_/X
  fanout148/A
  fanout148/X
  _1758_/A
  _1758_/X
  _1760_/A3
  _1760_/Y
  _1772_/B1
  _1772_/X
  _1775_/A
  _1775_/Y
  _2311_/B
  _2311_/X
  _2316_/A3
  _2316_/X
  _2324_/A_N
  _2324_/X
  _2343_/A2
  _2343_/Y
  _2393_/C1
  _2393_/X
  _2394_/A3
  | loop cut point
  _2394_/X
  --------------------------------
  _2394_/X
  _2397_/A2
  _2397_/X
  fanout148/A
  fanout148/X
  _1758_/A
  _1758_/X
  _1760_/A3
  _1760_/Y
  _1772_/B1
  _1772_/X
  _1775_/A
  _1775_/Y
  _2369_/A2
  _2369_/X
  _2371_/B2
  _2371_/X
  _2375_/B1
  _2375_/X
  _2376_/A2
  _2376_/X
  _2383_/A
  _2383_/Y
  _2394_/A1
  | loop cut point
  _2394_/X
  --------------------------------
  _2102_/X
  _2107_/A
  _2107_/Y
  _2146_/S
  _2146_/X
  _2182_/A2
  _2182_/X
  _2233_/B2
  _2233_/X
  _2237_/A2
  _2237_/X
  fanout152/A
  fanout152/X
  _1720_/A
  _1720_/Y
  _1746_/A
  _1746_/X
  _1747_/B1
  _1747_/X
  _1748_/B1
  _1748_/Y
  _2400_/B1
  _2400_/Y
  _2401_/B
  _2401_/X
  _2417_/A2
  _2417_/X
  _2438_/B
  _2438_/X
  _2483_/A1
  _2483_/Y
  _2522_/S
  _2522_/X
  _2560_/A2
  _2560_/X
  _2606_/B2
  _2606_/X
  _2609_/A2
  _2609_/X
  fanout144/A
  fanout144/X
  _1721_/A
  _1721_/Y
  fanout143/A
  fanout143/X
  _1839_/B
  _1839_/X
  _1843_/C1
  _1843_/X
  _1855_/A2
  _1855_/X
  _1858_/A
  _1858_/Y
  _2252_/B
  _2252_/Y
  _2256_/A2
  _2256_/X
  _2265_/B
  _2265_/X
  _2273_/A1
  _2273_/Y
  _2309_/A2
  _2309_/X
  _2345_/C1
  _2345_/X
  _2394_/B2
  _2394_/X
  _2397_/A2
  _2397_/X
  fanout148/A
  fanout148/X
  _1758_/A
  _1758_/X
  _1760_/A3
  _1760_/Y
  _1772_/B1
  _1772_/X
  _1776_/A2
  _1776_/X
  _1831_/A2
  _1831_/X
  _1834_/A1
  _1834_/X
  _2102_/A1
  | loop cut point
  _2102_/X
  --------------------------------
  _2309_/X
  _2345_/C1
  _2345_/X
  _2394_/B2
  _2394_/X
  _2397_/A2
  _2397_/X
  fanout148/A
  fanout148/X
  _1758_/A
  _1758_/X
  _1760_/A3
  _1760_/Y
  _1772_/B1
  _1772_/X
  _2290_/A2
  _2290_/Y
  _2292_/B2
  _2292_/X
  _2300_/A1
  _2300_/Y
  _2302_/B1
  _2302_/X
  _2306_/A
  _2306_/X
  _2309_/B1
  | loop cut point
  _2309_/X
  --------------------------------
  _2345_/X
  _2394_/B2
  _2394_/X
  _2397_/A2
  _2397_/X
  fanout148/A
  fanout148/X
  _1758_/A
  _1758_/X
  _1760_/A3
  _1760_/Y
  _1772_/B1
  _1772_/X
  _2290_/A2
  _2290_/Y
  _2292_/B2
  _2292_/X
  _2300_/A1
  _2300_/Y
  _2302_/B1
  _2302_/X
  _2307_/A
  _2307_/Y
  _2345_/A1
  | loop cut point
  _2345_/X
  --------------------------------
  _2417_/X
  _2438_/B
  _2438_/X
  _2483_/A1
  _2483_/Y
  _2522_/S
  _2522_/X
  _2560_/A2
  _2560_/X
  _2606_/B2
  _2606_/X
  _2609_/A2
  _2609_/X
  fanout144/A
  fanout144/X
  _1721_/A
  _1721_/Y
  fanout143/A
  fanout143/X
  _1839_/B
  _1839_/X
  _1843_/C1
  _1843_/X
  _1855_/A2
  _1855_/X
  _1858_/A
  _1858_/Y
  _2252_/B
  _2252_/Y
  _2256_/A2
  _2256_/X
  _2265_/B
  _2265_/X
  _2273_/A1
  _2273_/Y
  _2309_/A2
  _2309_/X
  _2345_/C1
  _2345_/X
  _2394_/B2
  _2394_/X
  _2397_/A2
  _2397_/X
  fanout148/A
  fanout148/X
  _1758_/A
  _1758_/X
  _1760_/A3
  _1760_/Y
  _1772_/B1
  _1772_/X
  _2404_/A
  _2404_/Y
  _2405_/B
  _2405_/Y
  _2417_/A3
  | loop cut point
  _2417_/X
  --------------------------------
  _2606_/X
  _2609_/A2
  _2609_/X
  fanout144/A
  fanout144/X
  _1721_/A
  _1721_/Y
  fanout143/A
  fanout143/X
  _1839_/B
  _1839_/X
  _1843_/C1
  _1843_/X
  _1855_/A2
  _1855_/X
  _1858_/A
  _1858_/Y
  _2252_/B
  _2252_/Y
  _2256_/A2
  _2256_/X
  _2265_/B
  _2265_/X
  _2273_/A1
  _2273_/Y
  _2309_/A2
  _2309_/X
  _2345_/C1
  _2345_/X
  _2394_/B2
  _2394_/X
  _2397_/A2
  _2397_/X
  fanout148/A
  fanout148/X
  _1758_/A
  _1758_/X
  _1760_/A3
  _1760_/Y
  _1772_/B1
  _1772_/X
  _2404_/A
  _2404_/Y
  _2575_/B
  _2575_/Y
  _2576_/B1
  _2576_/X
  _2579_/A_N
  _2579_/X
  _2587_/A_N
  _2587_/X
  _2592_/A3
  _2592_/Y
  _2606_/A1
  | loop cut point
  _2606_/X
  --------------------------------
  _2102_/X
  _2107_/A
  _2107_/Y
  _2146_/S
  _2146_/X
  _2182_/A2
  _2182_/X
  _2233_/B2
  _2233_/X
  _2237_/A2
  _2237_/X
  fanout152/A
  fanout152/X
  _1720_/A
  _1720_/Y
  _1746_/A
  _1746_/X
  _1747_/B1
  _1747_/X
  _1748_/B1
  _1748_/Y
  _2400_/B1
  _2400_/Y
  _2401_/B
  _2401_/X
  _2417_/A2
  _2417_/X
  _2438_/B
  _2438_/X
  _2483_/A1
  _2483_/Y
  _2522_/S
  _2522_/X
  _2560_/A2
  _2560_/X
  _2606_/B2
  _2606_/X
  _2609_/A2
  _2609_/X
  fanout144/A
  fanout144/X
  _1721_/A
  _1721_/Y
  fanout143/A
  fanout143/X
  _1839_/B
  _1839_/X
  _1843_/C1
  _1843_/X
  _1855_/A2
  _1855_/X
  _1858_/A
  _1858_/Y
  _2252_/B
  _2252_/Y
  _2256_/A2
  _2256_/X
  _2265_/B
  _2265_/X
  _2273_/A1
  _2273_/Y
  _2309_/A2
  _2309_/X
  _2345_/C1
  _2345_/X
  _2394_/B2
  _2394_/X
  _2397_/A2
  _2397_/X
  fanout148/A
  fanout148/X
  _1758_/A
  _1758_/X
  _1760_/A3
  _1760_/Y
  _1772_/B1
  _1772_/X
  _2404_/A
  _2404_/Y
  _2635_/B
  _2635_/Y
  _2637_/A3
  _2637_/X
  _2638_/D
  _2638_/X
  _2646_/A1
  _2646_/Y
  _2748_/S
  _2748_/X
  _2751_/A2
  _2751_/X
  _2765_/B1
  _2765_/X
  _2768_/A2
  _2768_/X
  fanout141/A
  fanout141/X
  _1722_/A
  _1722_/Y
  _1867_/A1
  _1867_/X
  _1869_/B2
  _1869_/X
  _1874_/A1
  _1874_/X
  _1877_/A
  _1877_/X
  _1879_/A2
  _1879_/Y
  _1918_/A1
  _1918_/Y
  _2102_/A2
  | loop cut point
  _2102_/X
  --------------------------------
  _2256_/X
  _2265_/B
  _2265_/X
  _2273_/A1
  _2273_/Y
  _2309_/A2
  _2309_/X
  _2345_/C1
  _2345_/X
  _2394_/B2
  _2394_/X
  _2397_/A2
  _2397_/X
  fanout148/A
  fanout148/X
  _1758_/A
  _1758_/X
  _1760_/A3
  _1760_/Y
  _1772_/B1
  _1772_/X
  _2404_/A
  _2404_/Y
  _2635_/B
  _2635_/Y
  _2637_/A3
  _2637_/X
  _2638_/D
  _2638_/X
  _2646_/A1
  _2646_/Y
  _2748_/S
  _2748_/X
  _2751_/A2
  _2751_/X
  _2765_/B1
  _2765_/X
  _2768_/A2
  _2768_/X
  fanout141/A
  fanout141/X
  _1722_/A
  _1722_/Y
  _1867_/A1
  _1867_/X
  _1869_/B2
  _1869_/X
  _1874_/A1
  _1874_/X
  _1877_/A
  _1877_/X
  _2253_/B
  _2253_/X
  _2256_/A3
  | loop cut point
  _2256_/X
  --------------------------------
  _2438_/X
  _2483_/A1
  _2483_/Y
  _2522_/S
  _2522_/X
  _2560_/A2
  _2560_/X
  _2606_/B2
  _2606_/X
  _2609_/A2
  _2609_/X
  fanout144/A
  fanout144/X
  _1721_/A
  _1721_/Y
  fanout143/A
  fanout143/X
  _1839_/B
  _1839_/X
  _1843_/C1
  _1843_/X
  _1855_/A2
  _1855_/X
  _1858_/A
  _1858_/Y
  _2252_/B
  _2252_/Y
  _2256_/A2
  _2256_/X
  _2265_/B
  _2265_/X
  _2273_/A1
  _2273_/Y
  _2309_/A2
  _2309_/X
  _2345_/C1
  _2345_/X
  _2394_/B2
  _2394_/X
  _2397_/A2
  _2397_/X
  fanout148/A
  fanout148/X
  _1758_/A
  _1758_/X
  _1760_/A3
  _1760_/Y
  _1772_/B1
  _1772_/X
  _2404_/A
  _2404_/Y
  _2635_/B
  _2635_/Y
  _2637_/A3
  _2637_/X
  _2638_/D
  _2638_/X
  _2646_/A1
  _2646_/Y
  _2748_/S
  _2748_/X
  _2751_/A2
  _2751_/X
  _2765_/B1
  _2765_/X
  _2768_/A2
  _2768_/X
  fanout141/A
  fanout141/X
  _1722_/A
  _1722_/Y
  _1867_/A1
  _1867_/X
  _1869_/B2
  _1869_/X
  _1874_/A1
  _1874_/X
  _2428_/A
  _2428_/X
  _2429_/B
  _2429_/X
  _2437_/A3
  _2437_/X
  _2438_/D
  | loop cut point
  _2438_/X
  --------------------------------
  _2638_/X
  _2646_/A1
  _2646_/Y
  _2748_/S
  _2748_/X
  _2751_/A2
  _2751_/X
  _2765_/B1
  _2765_/X
  _2768_/A2
  _2768_/X
  fanout141/A
  fanout141/X
  _1722_/A
  _1722_/Y
  _1867_/A1
  _1867_/X
  _1869_/B2
  _1869_/X
  _1874_/A1
  _1874_/X
  _2428_/A
  _2428_/X
  _2627_/B
  _2627_/X
  _2629_/A3
  _2629_/X
  _2638_/B
  | loop cut point
  _2638_/X
  --------------------------------
  _2751_/X
  _2765_/B1
  _2765_/X
  _2768_/A2
  _2768_/X
  fanout141/A
  fanout141/X
  _1722_/A
  _1722_/Y
  _1867_/A1
  _1867_/X
  _1869_/B2
  _1869_/X
  _1874_/A1
  _1874_/X
  _2428_/A
  _2428_/X
  _2648_/A2
  _2648_/X
  _2654_/A2
  _2654_/Y
  _2674_/A2
  _2674_/X
  _2678_/A2
  _2678_/Y
  _2751_/A1
  | loop cut point
  _2751_/X
  --------------------------------
  _2765_/X
  _2768_/A2
  _2768_/X
  fanout141/A
  fanout141/X
  _1722_/A
  _1722_/Y
  _1867_/A1
  _1867_/X
  _1869_/B2
  _1869_/X
  _1874_/A1
  _1874_/X
  _2428_/A
  _2428_/X
  _2648_/A2
  _2648_/X
  _2654_/A2
  _2654_/Y
  _2674_/A2
  _2674_/X
  _2678_/A2
  _2678_/Y
  _2753_/B1
  _2753_/X
  _2756_/A2
  _2756_/X
  _2765_/B2
  | loop cut point
  _2765_/X
  --------------------------------
  _2765_/X
  _2768_/A2
  _2768_/X
  fanout141/A
  fanout141/X
  _1722_/A
  _1722_/Y
  _1867_/A1
  _1867_/X
  _1869_/B2
  _1869_/X
  _1874_/A1
  _1874_/X
  _2428_/A
  _2428_/X
  _2648_/A2
  _2648_/X
  _2654_/A2
  _2654_/Y
  _2674_/A2
  _2674_/X
  _2678_/A2
  _2678_/Y
  _2760_/A1
  _2760_/X
  _2765_/A2
  | loop cut point
  _2765_/X
  --------------------------------
  _2765_/X
  _2768_/A2
  _2768_/X
  fanout141/A
  fanout141/X
  _1722_/A
  _1722_/Y
  _1867_/A1
  _1867_/X
  _1869_/B2
  _1869_/X
  _1874_/A1
  _1874_/X
  _2428_/A
  _2428_/X
  _2648_/A2
  _2648_/X
  _2654_/A2
  _2654_/Y
  _2674_/A2
  _2674_/X
  _2678_/A2
  _2678_/Y
  _2763_/B1
  _2763_/Y
  _2764_/B2
  _2764_/X
  _2765_/A3
  | loop cut point
  _2765_/X
  --------------------------------
  _2751_/X
  _2765_/B1
  _2765_/X
  _2768_/A2
  _2768_/X
  fanout141/A
  fanout141/X
  _1722_/A
  _1722_/Y
  _1867_/A1
  _1867_/X
  _1869_/B2
  _1869_/X
  _1874_/A1
  _1874_/X
  _2428_/A
  _2428_/X
  _2648_/A2
  _2648_/X
  _2654_/A2
  _2654_/Y
  _2674_/A2
  _2674_/X
  _2679_/A2
  _2679_/X
  _2750_/B1
  _2750_/X
  _2751_/B1
  | loop cut point
  _2751_/X
  --------------------------------
  _2751_/X
  _2765_/B1
  _2765_/X
  _2768_/A2
  _2768_/X
  fanout141/A
  fanout141/X
  _1722_/A
  _1722_/Y
  _1867_/A1
  _1867_/X
  _1869_/B2
  _1869_/X
  _1874_/A1
  _1874_/X
  _2428_/A
  _2428_/X
  _2681_/B
  _2681_/X
  _2687_/A3
  _2687_/X
  _2696_/B
  _2696_/X
  _2710_/B
  _2710_/Y
  _2714_/B1
  _2714_/X
  _2751_/C1
  | loop cut point
  _2751_/X
  --------------------------------
  _2765_/X
  _2768_/A2
  _2768_/X
  fanout141/A
  fanout141/X
  _1722_/A
  _1722_/Y
  _1867_/A1
  _1867_/X
  _1869_/B2
  _1869_/X
  _1874_/A1
  _1874_/X
  _2428_/A
  _2428_/X
  _2738_/B
  _2738_/X
  _2740_/A3
  _2740_/X
  _2741_/C
  _2741_/X
  _2746_/A3
  _2746_/X
  _2765_/A1
  | loop cut point
  _2765_/X
  --------------------------------
  _2256_/X
  _2265_/B
  _2265_/X
  _2273_/A1
  _2273_/Y
  _2309_/A2
  _2309_/X
  _2345_/C1
  _2345_/X
  _2394_/B2
  _2394_/X
  _2397_/A2
  _2397_/X
  fanout148/A
  fanout148/X
  _1758_/A
  _1758_/X
  _1760_/A3
  _1760_/Y
  _1772_/B1
  _1772_/X
  _2404_/A
  _2404_/Y
  _2635_/B
  _2635_/Y
  _2637_/A3
  _2637_/X
  _2638_/D
  _2638_/X
  _2646_/A1
  _2646_/Y
  _2748_/S
  _2748_/X
  _2751_/A2
  _2751_/X
  _2765_/B1
  _2765_/X
  _2768_/A2
  _2768_/X
  fanout141/A
  fanout141/X
  _1722_/A
  _1722_/Y
  _1881_/A1
  _1881_/X
  _1883_/B2
  _1883_/Y
  _1894_/A2
  _1894_/X
  _2254_/A1
  _2254_/Y
  _2255_/B1
  _2255_/X
  _2256_/B1
  | loop cut point
  _2256_/X
  --------------------------------
  _1748_/Y
  _2400_/B1
  _2400_/Y
  _2401_/B
  _2401_/X
  _2417_/A2
  _2417_/X
  _2438_/B
  _2438_/X
  _2483_/A1
  _2483_/Y
  _2522_/S
  _2522_/X
  _2560_/A2
  _2560_/X
  _2606_/B2
  _2606_/X
  _2609_/A2
  _2609_/X
  fanout144/A
  fanout144/X
  _1721_/A
  _1721_/Y
  fanout143/A
  fanout143/X
  _1839_/B
  _1839_/X
  _1843_/C1
  _1843_/X
  _1855_/A2
  _1855_/X
  _1858_/A
  _1858_/Y
  _2252_/B
  _2252_/Y
  _2256_/A2
  _2256_/X
  _2265_/B
  _2265_/X
  _2273_/A1
  _2273_/Y
  _2309_/A2
  _2309_/X
  _2345_/C1
  _2345_/X
  _2394_/B2
  _2394_/X
  _2397_/A2
  _2397_/X
  fanout148/A
  fanout148/X
  _1758_/A
  _1758_/X
  _1760_/A3
  _1760_/Y
  _1772_/B1
  _1772_/X
  _2404_/A
  _2404_/Y
  _2635_/B
  _2635_/Y
  _2637_/A3
  _2637_/X
  _2638_/D
  _2638_/X
  _2646_/A1
  _2646_/Y
  _2748_/S
  _2748_/X
  _2751_/A2
  _2751_/X
  _2765_/B1
  _2765_/X
  _2768_/A2
  _2768_/X
  fanout141/A
  fanout141/X
  _1722_/A
  _1722_/Y
  fanout138/A
  fanout138/X
  _1730_/A1
  _1730_/X
  _1734_/B2
  _1734_/X
  _1748_/A1
  | loop cut point
  _1748_/Y
  --------------------------------
  _1772_/X
  _2404_/A
  _2404_/Y
  _2635_/B
  _2635_/Y
  _2637_/A3
  _2637_/X
  _2638_/D
  _2638_/X
  _2646_/A1
  _2646_/Y
  _2748_/S
  _2748_/X
  _2751_/A2
  _2751_/X
  _2765_/B1
  _2765_/X
  _2768_/A2
  _2768_/X
  fanout141/A
  fanout141/X
  _1722_/A
  _1722_/Y
  fanout138/A
  fanout138/X
  _1765_/A1
  _1765_/X
  _1767_/B2
  _1767_/X
  _1772_/A2
  | loop cut point
  _1772_/X
  --------------------------------
  _2417_/X
  _2438_/B
  _2438_/X
  _2483_/A1
  _2483_/Y
  _2522_/S
  _2522_/X
  _2560_/A2
  _2560_/X
  _2606_/B2
  _2606_/X
  _2609_/A2
  _2609_/X
  fanout144/A
  fanout144/X
  _1721_/A
  _1721_/Y
  fanout143/A
  fanout143/X
  _1839_/B
  _1839_/X
  _1843_/C1
  _1843_/X
  _1855_/A2
  _1855_/X
  _1858_/A
  _1858_/Y
  _2252_/B
  _2252_/Y
  _2256_/A2
  _2256_/X
  _2265_/B
  _2265_/X
  _2273_/A1
  _2273_/Y
  _2309_/A2
  _2309_/X
  _2345_/C1
  _2345_/X
  _2394_/B2
  _2394_/X
  _2397_/A2
  _2397_/X
  fanout148/A
  fanout148/X
  _1758_/A
  _1758_/X
  _1760_/A3
  _1760_/Y
  _1772_/B1
  _1772_/X
  _2404_/A
  _2404_/Y
  _2635_/B
  _2635_/Y
  _2637_/A3
  _2637_/X
  _2638_/D
  _2638_/X
  _2646_/A1
  _2646_/Y
  _2748_/S
  _2748_/X
  _2751_/A2
  _2751_/X
  _2765_/B1
  _2765_/X
  _2768_/A2
  _2768_/X
  fanout141/A
  fanout141/X
  _1722_/A
  _1722_/Y
  fanout138/A
  fanout138/X
  _1781_/A1
  _1781_/Y
  _1783_/B2
  _1783_/X
  _1798_/A2
  _1798_/X
  _2408_/B
  _2408_/X
  _2416_/A1
  _2416_/Y
  _2417_/B1
  | loop cut point
  _2417_/X
  --------------------------------
  _2637_/X
  _2638_/D
  _2638_/X
  _2646_/A1
  _2646_/Y
  _2748_/S
  _2748_/X
  _2751_/A2
  _2751_/X
  _2765_/B1
  _2765_/X
  _2768_/A2
  _2768_/X
  fanout141/A
  fanout141/X
  _1722_/A
  _1722_/Y
  fanout138/A
  fanout138/X
  _1781_/A1
  _1781_/Y
  _1783_/B2
  _1783_/X
  _1798_/A2
  _1798_/X
  _2408_/B
  _2408_/X
  _2636_/A1
  _2636_/Y
  _2637_/B1
  | loop cut point
  _2637_/X
  --------------------------------
  _1843_/X
  _1855_/A2
  _1855_/X
  _1858_/A
  _1858_/Y
  _2252_/B
  _2252_/Y
  _2256_/A2
  _2256_/X
  _2265_/B
  _2265_/X
  _2273_/A1
  _2273_/Y
  _2309_/A2
  _2309_/X
  _2345_/C1
  _2345_/X
  _2394_/B2
  _2394_/X
  _2397_/A2
  _2397_/X
  fanout148/A
  fanout148/X
  _1758_/A
  _1758_/X
  _1760_/A3
  _1760_/Y
  _1772_/B1
  _1772_/X
  _2404_/A
  _2404_/Y
  _2635_/B
  _2635_/Y
  _2637_/A3
  _2637_/X
  _2638_/D
  _2638_/X
  _2646_/A1
  _2646_/Y
  _2748_/S
  _2748_/X
  _2751_/A2
  _2751_/X
  _2765_/B1
  _2765_/X
  _2768_/A2
  _2768_/X
  fanout141/A
  fanout141/X
  _1722_/A
  _1722_/Y
  fanout138/A
  fanout138/X
  _1838_/A1
  _1838_/X
  _1843_/B2
  | loop cut point
  _1843_/X
  --------------------------------
  _2102_/X
  _2107_/A
  _2107_/Y
  _2146_/S
  _2146_/X
  _2182_/A2
  _2182_/X
  _2233_/B2
  _2233_/X
  _2237_/A2
  _2237_/X
  fanout152/A
  fanout152/X
  _1720_/A
  _1720_/Y
  _1746_/A
  _1746_/X
  _1747_/B1
  _1747_/X
  _1748_/B1
  _1748_/Y
  _2400_/B1
  _2400_/Y
  _2401_/B
  _2401_/X
  _2417_/A2
  _2417_/X
  _2438_/B
  _2438_/X
  _2483_/A1
  _2483_/Y
  _2522_/S
  _2522_/X
  _2560_/A2
  _2560_/X
  _2606_/B2
  _2606_/X
  _2609_/A2
  _2609_/X
  fanout144/A
  fanout144/X
  _1721_/A
  _1721_/Y
  fanout143/A
  fanout143/X
  _1839_/B
  _1839_/X
  _1843_/C1
  _1843_/X
  _1855_/A2
  _1855_/X
  _1858_/A
  _1858_/Y
  _2252_/B
  _2252_/Y
  _2256_/A2
  _2256_/X
  _2265_/B
  _2265_/X
  _2273_/A1
  _2273_/Y
  _2309_/A2
  _2309_/X
  _2345_/C1
  _2345_/X
  _2394_/B2
  _2394_/X
  _2397_/A2
  _2397_/X
  fanout148/A
  fanout148/X
  _1758_/A
  _1758_/X
  _1760_/A3
  _1760_/Y
  _1772_/B1
  _1772_/X
  _2404_/A
  _2404_/Y
  _2635_/B
  _2635_/Y
  _2637_/A3
  _2637_/X
  _2638_/D
  _2638_/X
  _2646_/A1
  _2646_/Y
  _2748_/S
  _2748_/X
  _2751_/A2
  _2751_/X
  _2765_/B1
  _2765_/X
  _2768_/A2
  _2768_/X
  fanout141/A
  fanout141/X
  _1722_/A
  _1722_/Y
  fanout138/A
  fanout138/X
  _1994_/A1
  _1994_/X
  _1996_/B2
  _1996_/Y
  _2007_/A2
  _2007_/X
  _2011_/B1
  _2011_/X
  _2012_/A1_N
  _2012_/X
  _2013_/B1
  _2013_/X
  _2102_/B1
  | loop cut point
  _2102_/X
  --------------------------------
  _2273_/Y
  _2309_/A2
  _2309_/X
  _2345_/C1
  _2345_/X
  _2394_/B2
  _2394_/X
  _2397_/A2
  _2397_/X
  fanout148/A
  fanout148/X
  _1758_/A
  _1758_/X
  _1760_/A3
  _1760_/Y
  _1772_/B1
  _1772_/X
  _2404_/A
  _2404_/Y
  _2635_/B
  _2635_/Y
  _2637_/A3
  _2637_/X
  _2638_/D
  _2638_/X
  _2646_/A1
  _2646_/Y
  _2748_/S
  _2748_/X
  _2751_/A2
  _2751_/X
  _2765_/B1
  _2765_/X
  _2768_/A2
  _2768_/X
  fanout141/A
  fanout141/X
  _1722_/A
  _1722_/Y
  fanout138/A
  fanout138/X
  _1994_/A1
  _1994_/X
  _1996_/B2
  _1996_/Y
  _2007_/A2
  _2007_/X
  _2011_/B1
  _2011_/X
  _2243_/A2_N
  _2243_/X
  _2244_/B1
  _2244_/X
  _2266_/A1
  _2266_/X
  _2273_/A2
  | loop cut point
  _2273_/Y
  --------------------------------
  _2309_/X
  _2345_/C1
  _2345_/X
  _2394_/B2
  _2394_/X
  _2397_/A2
  _2397_/X
  fanout148/A
  fanout148/X
  _1758_/A
  _1758_/X
  _1760_/A3
  _1760_/Y
  _1772_/B1
  _1772_/X
  _2404_/A
  _2404_/Y
  _2635_/B
  _2635_/Y
  _2637_/A3
  _2637_/X
  _2638_/D
  _2638_/X
  _2646_/A1
  _2646_/Y
  _2748_/S
  _2748_/X
  _2751_/A2
  _2751_/X
  _2765_/B1
  _2765_/X
  _2768_/A2
  _2768_/X
  fanout141/A
  fanout141/X
  _1722_/A
  _1722_/Y
  fanout138/A
  fanout138/X
  _1994_/A1
  _1994_/X
  _1996_/B2
  _1996_/Y
  _2007_/A2
  _2007_/X
  _2011_/B1
  _2011_/X
  _2243_/A2_N
  _2243_/X
  _2244_/B1
  _2244_/X
  _2266_/A1
  _2266_/X
  _2308_/A2
  _2308_/X
  _2309_/C1
  | loop cut point
  _2309_/X
  --------------------------------
  _2483_/Y
  _2522_/S
  _2522_/X
  _2560_/A2
  _2560_/X
  _2606_/B2
  _2606_/X
  _2609_/A2
  _2609_/X
  fanout144/A
  fanout144/X
  _1721_/A
  _1721_/Y
  fanout143/A
  fanout143/X
  _1839_/B
  _1839_/X
  _1843_/C1
  _1843_/X
  _1855_/A2
  _1855_/X
  _1858_/A
  _1858_/Y
  _2252_/B
  _2252_/Y
  _2256_/A2
  _2256_/X
  _2265_/B
  _2265_/X
  _2273_/A1
  _2273_/Y
  _2309_/A2
  _2309_/X
  _2345_/C1
  _2345_/X
  _2394_/B2
  _2394_/X
  _2397_/A2
  _2397_/X
  fanout148/A
  fanout148/X
  _1758_/A
  _1758_/X
  _1760_/A3
  _1760_/Y
  _1772_/B1
  _1772_/X
  _2404_/A
  _2404_/Y
  _2635_/B
  _2635_/Y
  _2637_/A3
  _2637_/X
  _2638_/D
  _2638_/X
  _2646_/A1
  _2646_/Y
  _2748_/S
  _2748_/X
  _2751_/A2
  _2751_/X
  _2765_/B1
  _2765_/X
  _2768_/A2
  _2768_/X
  fanout141/A
  fanout141/X
  _1722_/A
  _1722_/Y
  fanout138/A
  fanout138/X
  _1994_/A1
  _1994_/X
  _1996_/B2
  _1996_/Y
  _2007_/A2
  _2007_/X
  _2453_/A
  _2453_/Y
  _2454_/B1
  _2454_/X
  _2455_/B1
  _2455_/X
  _2476_/A1
  _2476_/X
  _2483_/A2
  | loop cut point
  _2483_/Y
  --------------------------------
  _2646_/Y
  _2748_/S
  _2748_/X
  _2751_/A2
  _2751_/X
  _2765_/B1
  _2765_/X
  _2768_/A2
  _2768_/X
  fanout141/A
  fanout141/X
  _1722_/A
  _1722_/Y
  fanout138/A
  fanout138/X
  _1994_/A1
  _1994_/X
  _1996_/B2
  _1996_/Y
  _2007_/A2
  _2007_/X
  _2453_/A
  _2453_/Y
  _2616_/B2
  _2616_/X
  _2617_/B1
  _2617_/X
  _2639_/A1
  _2639_/X
  _2646_/A2
  | loop cut point
  _2646_/Y
  --------------------------------
  _2101_/Y
  _2102_/B2
  _2102_/X
  _2107_/A
  _2107_/Y
  _2146_/S
  _2146_/X
  _2182_/A2
  _2182_/X
  _2233_/B2
  _2233_/X
  _2237_/A2
  _2237_/X
  fanout152/A
  fanout152/X
  _1720_/A
  _1720_/Y
  _1746_/A
  _1746_/X
  _1747_/B1
  _1747_/X
  _1748_/B1
  _1748_/Y
  _2400_/B1
  _2400_/Y
  _2401_/B
  _2401_/X
  _2417_/A2
  _2417_/X
  _2438_/B
  _2438_/X
  _2483_/A1
  _2483_/Y
  _2522_/S
  _2522_/X
  _2560_/A2
  _2560_/X
  _2606_/B2
  _2606_/X
  _2609_/A2
  _2609_/X
  fanout144/A
  fanout144/X
  _1721_/A
  _1721_/Y
  fanout143/A
  fanout143/X
  _1839_/B
  _1839_/X
  _1843_/C1
  _1843_/X
  _1855_/A2
  _1855_/X
  _1858_/A
  _1858_/Y
  _2252_/B
  _2252_/Y
  _2256_/A2
  _2256_/X
  _2265_/B
  _2265_/X
  _2273_/A1
  _2273_/Y
  _2309_/A2
  _2309_/X
  _2345_/C1
  _2345_/X
  _2394_/B2
  _2394_/X
  _2397_/A2
  _2397_/X
  fanout148/A
  fanout148/X
  _1758_/A
  _1758_/X
  _1760_/A3
  _1760_/Y
  _1772_/B1
  _1772_/X
  _2404_/A
  _2404_/Y
  _2635_/B
  _2635_/Y
  _2637_/A3
  _2637_/X
  _2638_/D
  _2638_/X
  _2646_/A1
  _2646_/Y
  _2748_/S
  _2748_/X
  _2751_/A2
  _2751_/X
  _2765_/B1
  _2765_/X
  _2768_/A2
  _2768_/X
  fanout141/A
  fanout141/X
  _1722_/A
  _1722_/Y
  fanout138/A
  fanout138/X
  _2021_/A1
  _2021_/X
  _2025_/A2
  _2025_/Y
  _2038_/A1
  _2038_/X
  _2062_/A2
  _2062_/X
  _2063_/B1
  _2063_/X
  _2101_/B1
  | loop cut point
  _2101_/Y
  --------------------------------
  _2100_/X
  _2101_/B2
  _2101_/Y
  _2102_/B2
  _2102_/X
  _2107_/A
  _2107_/Y
  _2146_/S
  _2146_/X
  _2182_/A2
  _2182_/X
  _2233_/B2
  _2233_/X
  _2237_/A2
  _2237_/X
  fanout152/A
  fanout152/X
  _1720_/A
  _1720_/Y
  _1746_/A
  _1746_/X
  _1747_/B1
  _1747_/X
  _1748_/B1
  _1748_/Y
  _2400_/B1
  _2400_/Y
  _2401_/B
  _2401_/X
  _2417_/A2
  _2417_/X
  _2438_/B
  _2438_/X
  _2483_/A1
  _2483_/Y
  _2522_/S
  _2522_/X
  _2560_/A2
  _2560_/X
  _2606_/B2
  _2606_/X
  _2609_/A2
  _2609_/X
  fanout144/A
  fanout144/X
  _1721_/A
  _1721_/Y
  fanout143/A
  fanout143/X
  _1839_/B
  _1839_/X
  _1843_/C1
  _1843_/X
  _1855_/A2
  _1855_/X
  _1858_/A
  _1858_/Y
  _2252_/B
  _2252_/Y
  _2256_/A2
  _2256_/X
  _2265_/B
  _2265_/X
  _2273_/A1
  _2273_/Y
  _2309_/A2
  _2309_/X
  _2345_/C1
  _2345_/X
  _2394_/B2
  _2394_/X
  _2397_/A2
  _2397_/X
  fanout148/A
  fanout148/X
  _1758_/A
  _1758_/X
  _1760_/A3
  _1760_/Y
  _1772_/B1
  _1772_/X
  _2404_/A
  _2404_/Y
  _2635_/B
  _2635_/Y
  _2637_/A3
  _2637_/X
  _2638_/D
  _2638_/X
  _2646_/A1
  _2646_/Y
  _2748_/S
  _2748_/X
  _2751_/A2
  _2751_/X
  _2765_/B1
  _2765_/X
  _2768_/A2
  _2768_/X
  fanout141/A
  fanout141/X
  _1722_/A
  _1722_/Y
  fanout138/A
  fanout138/X
  _2065_/A1
  _2065_/X
  _2067_/B2
  _2067_/Y
  _2078_/A2
  _2078_/X
  _2081_/A
  _2081_/X
  _2100_/A2
  | loop cut point
  _2100_/X
  --------------------------------
  _2085_/Y
  _2096_/A2
  _2096_/X
  _2099_/A
  _2099_/X
  _2100_/B1
  _2100_/X
  _2101_/B2
  _2101_/Y
  _2102_/B2
  _2102_/X
  _2107_/A
  _2107_/Y
  _2146_/S
  _2146_/X
  _2182_/A2
  _2182_/X
  _2233_/B2
  _2233_/X
  _2237_/A2
  _2237_/X
  fanout152/A
  fanout152/X
  _1720_/A
  _1720_/Y
  _1746_/A
  _1746_/X
  _1747_/B1
  _1747_/X
  _1748_/B1
  _1748_/Y
  _2400_/B1
  _2400_/Y
  _2401_/B
  _2401_/X
  _2417_/A2
  _2417_/X
  _2438_/B
  _2438_/X
  _2483_/A1
  _2483_/Y
  _2522_/S
  _2522_/X
  _2560_/A2
  _2560_/X
  _2606_/B2
  _2606_/X
  _2609_/A2
  _2609_/X
  fanout144/A
  fanout144/X
  _1721_/A
  _1721_/Y
  fanout143/A
  fanout143/X
  _1839_/B
  _1839_/X
  _1843_/C1
  _1843_/X
  _1855_/A2
  _1855_/X
  _1858_/A
  _1858_/Y
  _2252_/B
  _2252_/Y
  _2256_/A2
  _2256_/X
  _2265_/B
  _2265_/X
  _2273_/A1
  _2273_/Y
  _2309_/A2
  _2309_/X
  _2345_/C1
  _2345_/X
  _2394_/B2
  _2394_/X
  _2397_/A2
  _2397_/X
  fanout148/A
  fanout148/X
  _1758_/A
  _1758_/X
  _1760_/A3
  _1760_/Y
  _1772_/B1
  _1772_/X
  _2404_/A
  _2404_/Y
  _2635_/B
  _2635_/Y
  _2637_/A3
  _2637_/X
  _2638_/D
  _2638_/X
  _2646_/A1
  _2646_/Y
  _2748_/S
  _2748_/X
  _2751_/A2
  _2751_/X
  _2765_/B1
  _2765_/X
  _2768_/A2
  _2768_/X
  fanout141/A
  fanout141/X
  _1722_/A
  _1722_/Y
  fanout138/A
  fanout138/X
  _2083_/A1
  _2083_/X
  _2085_/B2
  | loop cut point
  _2085_/Y
  --------------------------------
  _2107_/Y
  _2146_/S
  _2146_/X
  _2182_/A2
  _2182_/X
  _2233_/B2
  _2233_/X
  _2237_/A2
  _2237_/X
  fanout152/A
  fanout152/X
  _1720_/A
  _1720_/Y
  _1746_/A
  _1746_/X
  _1747_/B1
  _1747_/X
  _1748_/B1
  _1748_/Y
  _2400_/B1
  _2400_/Y
  _2401_/B
  _2401_/X
  _2417_/A2
  _2417_/X
  _2438_/B
  _2438_/X
  _2483_/A1
  _2483_/Y
  _2522_/S
  _2522_/X
  _2560_/A2
  _2560_/X
  _2606_/B2
  _2606_/X
  _2609_/A2
  _2609_/X
  fanout144/A
  fanout144/X
  _1721_/A
  _1721_/Y
  fanout143/A
  fanout143/X
  _1839_/B
  _1839_/X
  _1843_/C1
  _1843_/X
  _1855_/A2
  _1855_/X
  _1858_/A
  _1858_/Y
  _2252_/B
  _2252_/Y
  _2256_/A2
  _2256_/X
  _2265_/B
  _2265_/X
  _2273_/A1
  _2273_/Y
  _2309_/A2
  _2309_/X
  _2345_/C1
  _2345_/X
  _2394_/B2
  _2394_/X
  _2397_/A2
  _2397_/X
  fanout148/A
  fanout148/X
  _1758_/A
  _1758_/X
  _1760_/A3
  _1760_/Y
  _1772_/B1
  _1772_/X
  _2404_/A
  _2404_/Y
  _2635_/B
  _2635_/Y
  _2637_/A3
  _2637_/X
  _2638_/D
  _2638_/X
  _2646_/A1
  _2646_/Y
  _2748_/S
  _2748_/X
  _2751_/A2
  _2751_/X
  _2765_/B1
  _2765_/X
  _2768_/A2
  _2768_/X
  fanout141/A
  fanout141/X
  fanout140/A
  fanout140/X
  fanout139/A
  fanout139/X
  _2104_/A3
  _2104_/X
  _2105_/A
  _2105_/Y
  _2106_/B1
  _2106_/X
  _2107_/B
  | loop cut point
  _2107_/Y
  --------------------------------
  _2273_/Y
  _2309_/A2
  _2309_/X
  _2345_/C1
  _2345_/X
  _2394_/B2
  _2394_/X
  _2397_/A2
  _2397_/X
  fanout148/A
  fanout148/X
  _1758_/A
  _1758_/X
  _1760_/A3
  _1760_/Y
  _1772_/B1
  _1772_/X
  _2404_/A
  _2404_/Y
  _2635_/B
  _2635_/Y
  _2637_/A3
  _2637_/X
  _2638_/D
  _2638_/X
  _2646_/A1
  _2646_/Y
  _2748_/S
  _2748_/X
  _2751_/A2
  _2751_/X
  _2765_/B1
  _2765_/X
  _2768_/A2
  _2768_/X
  fanout141/A
  fanout141/X
  fanout140/A
  fanout140/X
  fanout139/A
  fanout139/X
  _2270_/B
  _2270_/Y
  _2271_/B1
  _2271_/X
  _2272_/A3
  _2272_/X
  _2273_/B1
  | loop cut point
  _2273_/Y
  --------------------------------
  _2483_/Y
  _2522_/S
  _2522_/X
  _2560_/A2
  _2560_/X
  _2606_/B2
  _2606_/X
  _2609_/A2
  _2609_/X
  fanout144/A
  fanout144/X
  _1721_/A
  _1721_/Y
  fanout143/A
  fanout143/X
  _1839_/B
  _1839_/X
  _1843_/C1
  _1843_/X
  _1855_/A2
  _1855_/X
  _1858_/A
  _1858_/Y
  _2252_/B
  _2252_/Y
  _2256_/A2
  _2256_/X
  _2265_/B
  _2265_/X
  _2273_/A1
  _2273_/Y
  _2309_/A2
  _2309_/X
  _2345_/C1
  _2345_/X
  _2394_/B2
  _2394_/X
  _2397_/A2
  _2397_/X
  fanout148/A
  fanout148/X
  _1758_/A
  _1758_/X
  _1760_/A3
  _1760_/Y
  _1772_/B1
  _1772_/X
  _2404_/A
  _2404_/Y
  _2635_/B
  _2635_/Y
  _2637_/A3
  _2637_/X
  _2638_/D
  _2638_/X
  _2646_/A1
  _2646_/Y
  _2748_/S
  _2748_/X
  _2751_/A2
  _2751_/X
  _2765_/B1
  _2765_/X
  _2768_/A2
  _2768_/X
  fanout141/A
  fanout141/X
  fanout140/A
  fanout140/X
  fanout139/A
  fanout139/X
  _2480_/B
  _2480_/Y
  _2481_/B1
  _2481_/X
  _2482_/A3
  _2482_/X
  _2483_/B1
  | loop cut point
  _2483_/Y
  --------------------------------
  _2646_/Y
  _2748_/S
  _2748_/X
  _2751_/A2
  _2751_/X
  _2765_/B1
  _2765_/X
  _2768_/A2
  _2768_/X
  fanout141/A
  fanout141/X
  fanout140/A
  fanout140/X
  fanout139/A
  fanout139/X
  _2643_/B
  _2643_/Y
  _2644_/B1
  _2644_/X
  _2645_/A3
  _2645_/X
  _2646_/B1
  | loop cut point
  _2646_/Y
  --------------------------------
  _2096_/X
  _2099_/A
  _2099_/X
  _2100_/B1
  _2100_/X
  _2101_/B2
  _2101_/Y
  _2102_/B2
  _2102_/X
  _2107_/A
  _2107_/Y
  _2146_/S
  _2146_/X
  _2182_/A2
  _2182_/X
  _2233_/B2
  _2233_/X
  _2237_/A2
  _2237_/X
  fanout152/A
  fanout152/X
  _1720_/A
  _1720_/Y
  _1746_/A
  _1746_/X
  _1747_/B1
  _1747_/X
  _1748_/B1
  _1748_/Y
  _2400_/B1
  _2400_/Y
  _2401_/B
  _2401_/X
  _2417_/A2
  _2417_/X
  _2438_/B
  _2438_/X
  _2483_/A1
  _2483_/Y
  _2522_/S
  _2522_/X
  _2560_/A2
  _2560_/X
  _2606_/B2
  _2606_/X
  _2609_/A2
  _2609_/X
  fanout144/A
  fanout144/X
  _1721_/A
  _1721_/Y
  fanout143/A
  fanout143/X
  _1839_/B
  _1839_/X
  _1843_/C1
  _1843_/X
  _1855_/A2
  _1855_/X
  _1858_/A
  _1858_/Y
  _2252_/B
  _2252_/Y
  _2256_/A2
  _2256_/X
  _2265_/B
  _2265_/X
  _2273_/A1
  _2273_/Y
  _2309_/A2
  _2309_/X
  _2345_/C1
  _2345_/X
  _2394_/B2
  _2394_/X
  _2397_/A2
  _2397_/X
  fanout148/A
  fanout148/X
  fanout146/A
  fanout146/X
  _2092_/A1
  _2092_/X
  _2095_/A1
  _2095_/X
  _2096_/B1
  | loop cut point
  _2096_/X
  --------------------------------
  _1855_/X
  _1858_/A
  _1858_/Y
  _2252_/B
  _2252_/Y
  _2256_/A2
  _2256_/X
  _2265_/B
  _2265_/X
  _2273_/A1
  _2273_/Y
  _2309_/A2
  _2309_/X
  _2345_/C1
  _2345_/X
  _2394_/B2
  _2394_/X
  _2397_/A2
  _2397_/X
  fanout148/A
  fanout148/X
  fanout147/A
  fanout147/X
  _1852_/B
  _1852_/X
  _1854_/A3
  _1854_/Y
  _1855_/B1
  | loop cut point
  _1855_/X
  --------------------------------
  _2085_/Y
  _2096_/A2
  _2096_/X
  _2099_/A
  _2099_/X
  _2100_/B1
  _2100_/X
  _2101_/B2
  _2101_/Y
  _2102_/B2
  _2102_/X
  _2107_/A
  _2107_/Y
  _2146_/S
  _2146_/X
  _2182_/A2
  _2182_/X
  _2233_/B2
  _2233_/X
  _2237_/A2
  _2237_/X
  fanout152/A
  fanout152/X
  _1720_/A
  _1720_/Y
  _1746_/A
  _1746_/X
  _1747_/B1
  _1747_/X
  _1748_/B1
  _1748_/Y
  _2400_/B1
  _2400_/Y
  _2401_/B
  _2401_/X
  _2417_/A2
  _2417_/X
  _2438_/B
  _2438_/X
  _2483_/A1
  _2483_/Y
  _2522_/S
  _2522_/X
  _2560_/A2
  _2560_/X
  _2606_/B2
  _2606_/X
  _2609_/A2
  _2609_/X
  fanout144/A
  fanout144/X
  _1721_/A
  _1721_/Y
  fanout143/A
  fanout143/X
  fanout142/A
  fanout142/X
  _2084_/A
  _2084_/X
  _2085_/C1
  | loop cut point
  _2085_/Y
  --------------------------------
