Clock: clk
Sources: clk 
Generated: no
Virtual: yes
Propagated: no
Period: 100.000000

===========================================================================
report_clock_properties
============================================================================
Clock                   Period          Waveform
----------------------------------------------------
clk                 100.000000    0.000000 50.000000

===========================================================================
report_clock_latency
============================================================================
Clock clk
rise -> rise
    min     max
0.000000 0.000000 source latency
0.828712         network latency _3423_/CLK
        20.857349 network latency _3398_/CLK
---------------
0.828712 20.857349 latency
        20.028637 skew

rise -> fall
    min     max
0.000000 0.000000 source latency
2.174899         network latency _3375_/CLK
        20.799070 network latency _3398_/CLK
---------------
2.174899 20.799070 latency
        18.624170 skew

fall -> fall
    min     max
0.000000 0.000000 source latency
0.744887         network latency _3423_/CLK
        1.090115 network latency _3340_/CLK
---------------
0.744887 1.090115 latency
        0.345228 skew



===========================================================================
report_clock_min_period
============================================================================
clk period_min = 5.06 fmax = 197.55
