
===========================================================================
report_checks -unconstrained
===========================================================================
======================= nom_ff_n40C_1v95 Corner ===================================

Startpoint: nrst (input port clocked by clk)
Endpoint: _8598_ (recovery check against rising-edge clock clk)
Path Group: asynchronous
Path Type: max

Fanout         Cap        Slew       Delay        Time   Description
---------------------------------------------------------------------------------------------
                                  0.000000    0.000000   clock clk (rise edge)
                                  0.000000    0.000000   clock network delay (propagated)
                                  5.000000    5.000000 ^ input external delay
     2    0.004289    0.019240    0.011135    5.011135 ^ nrst (in)
                                                         nrst (net)
                      0.019240    0.000000    5.011135 ^ input19/A (sky130_fd_sc_hd__clkbuf_2)
     5    0.047036    0.197043    0.176164    5.187299 ^ input19/X (sky130_fd_sc_hd__clkbuf_2)
                                                         net19 (net)
                      0.197141    0.003598    5.190897 ^ fanout353/A (sky130_fd_sc_hd__clkbuf_4)
    13    0.074305    0.170558    0.224353    5.415250 ^ fanout353/X (sky130_fd_sc_hd__clkbuf_4)
                                                         net353 (net)
                      0.170658    0.002211    5.417460 ^ fanout348/A (sky130_fd_sc_hd__clkbuf_4)
    21    0.072344    0.167205    0.213793    5.631253 ^ fanout348/X (sky130_fd_sc_hd__clkbuf_4)
                                                         net348 (net)
                      0.167233    0.001812    5.633065 ^ fanout347/A (sky130_fd_sc_hd__buf_2)
     8    0.048369    0.178230    0.198287    5.831352 ^ fanout347/X (sky130_fd_sc_hd__buf_2)
                                                         net347 (net)
                      0.178238    0.000977    5.832328 ^ fanout346/A (sky130_fd_sc_hd__clkbuf_4)
    10    0.052129    0.123401    0.187920    6.020248 ^ fanout346/X (sky130_fd_sc_hd__clkbuf_4)
                                                         net346 (net)
                      0.123410    0.001166    6.021414 ^ _8598_/RESET_B (sky130_fd_sc_hd__dfrtp_2)
                                              6.021414   data arrival time

                                 25.000000   25.000000   clock clk (rise edge)
                                  0.000000   25.000000   clock source latency
     2    0.047472    0.162744    0.113555   25.113554 ^ clk (in)
                                                         clk (net)
                      0.162783    0.000000   25.113554 ^ clkbuf_0_clk/A (sky130_fd_sc_hd__clkbuf_16)
    33    0.185218    0.152777    0.201455   25.315010 ^ clkbuf_0_clk/X (sky130_fd_sc_hd__clkbuf_16)
                                                         clknet_0_clk (net)
                      0.152941    0.004135   25.319145 ^ clkbuf_4_8_0_clk/A (sky130_fd_sc_hd__clkbuf_8)
    11    0.038580    0.060843    0.134538   25.453682 ^ clkbuf_4_8_0_clk/X (sky130_fd_sc_hd__clkbuf_8)
                                                         clknet_4_8_0_clk (net)
                      0.060891    0.001537   25.455219 ^ _8598_/CLK (sky130_fd_sc_hd__dfrtp_2)
                                 -0.250000   25.205219   clock uncertainty
                                  0.000000   25.205219   clock reconvergence pessimism
                                  0.114662   25.319881   library recovery time
                                             25.319881   data required time
---------------------------------------------------------------------------------------------
                                             25.319881   data required time
                                             -6.021414   data arrival time
---------------------------------------------------------------------------------------------
                                             19.298468   slack (MET)


Startpoint: gpio_in[6] (input port clocked by clk)
Endpoint: _8685_ (rising edge-triggered flip-flop clocked by clk)
Path Group: clk
Path Type: max

Fanout         Cap        Slew       Delay        Time   Description
---------------------------------------------------------------------------------------------
                                  0.000000    0.000000   clock clk (rise edge)
                                  0.000000    0.000000   clock network delay (propagated)
                                  5.000000    5.000000 ^ input external delay
     2    0.004782    0.020980    0.012439    5.012439 ^ gpio_in[6] (in)
                                                         gpio_in[6] (net)
                      0.020980    0.000000    5.012439 ^ input15/A (sky130_fd_sc_hd__buf_2)
    13    0.074508    0.271888    0.231065    5.243504 ^ input15/X (sky130_fd_sc_hd__buf_2)
                                                         net15 (net)
                      0.271962    0.003750    5.247254 ^ _4272_/A0 (sky130_fd_sc_hd__mux2_4)
     9    0.036802    0.090650    0.181412    5.428667 ^ _4272_/X (sky130_fd_sc_hd__mux2_4)
                                                         PID_INST.k3_calc.d1.y[4] (net)
                      0.090662    0.001086    5.429753 ^ fanout175/A (sky130_fd_sc_hd__buf_2)
    19    0.055296    0.203365    0.203004    5.632757 ^ fanout175/X (sky130_fd_sc_hd__buf_2)
                                                         net175 (net)
                      0.203439    0.003236    5.635993 ^ fanout174/A (sky130_fd_sc_hd__buf_2)
    10    0.036177    0.135327    0.172434    5.808427 ^ fanout174/X (sky130_fd_sc_hd__buf_2)
                                                         net174 (net)
                      0.135357    0.001674    5.810101 ^ _4680_/A (sky130_fd_sc_hd__and4_1)
     4    0.010123    0.083153    0.155565    5.965666 ^ _4680_/X (sky130_fd_sc_hd__and4_1)
                                                         _3956_ (net)
                      0.083153    0.000123    5.965790 ^ _4696_/A_N (sky130_fd_sc_hd__and4bb_1)
     3    0.006956    0.042897    0.130619    6.096408 v _4696_/X (sky130_fd_sc_hd__and4bb_1)
                                                         _3972_ (net)
                      0.042897    0.000194    6.096602 v _4698_/C (sky130_fd_sc_hd__or4_4)
     3    0.009820    0.064908    0.295864    6.392466 v _4698_/X (sky130_fd_sc_hd__or4_4)
                                                         _3974_ (net)
                      0.064908    0.000202    6.392667 v _4706_/A1 (sky130_fd_sc_hd__a21o_1)
     2    0.005587    0.032094    0.116736    6.509403 v _4706_/X (sky130_fd_sc_hd__a21o_1)
                                                         _3982_ (net)
                      0.032094    0.000146    6.509550 v _4723_/B2 (sky130_fd_sc_hd__a22o_1)
     1    0.002649    0.025514    0.090972    6.600522 v _4723_/X (sky130_fd_sc_hd__a22o_1)
                                                         _3999_ (net)
                      0.025514    0.000075    6.600597 v _4725_/A2 (sky130_fd_sc_hd__a31o_1)
     2    0.007972    0.043416    0.143731    6.744328 v _4725_/X (sky130_fd_sc_hd__a31o_1)
                                                         _4001_ (net)
                      0.043417    0.000181    6.744509 v _4727_/B2 (sky130_fd_sc_hd__o22a_1)
     1    0.004346    0.031610    0.099347    6.843856 v _4727_/X (sky130_fd_sc_hd__o22a_1)
                                                         _4003_ (net)
                      0.031617    0.000125    6.843981 v _4728_/B2 (sky130_fd_sc_hd__a22oi_2)
     2    0.007273    0.090745    0.080856    6.924837 ^ _4728_/Y (sky130_fd_sc_hd__a22oi_2)
                                                         _4004_ (net)
                      0.090745    0.000178    6.925014 ^ _4731_/A (sky130_fd_sc_hd__nand2_1)
     1    0.004133    0.036008    0.037501    6.962515 v _4731_/Y (sky130_fd_sc_hd__nand2_1)
                                                         _4007_ (net)
                      0.036008    0.000132    6.962646 v _4732_/B1 (sky130_fd_sc_hd__o31a_1)
     1    0.002493    0.033117    0.061652    7.024298 v _4732_/X (sky130_fd_sc_hd__o31a_1)
                                                         _4008_ (net)
                      0.033117    0.000049    7.024347 v _4733_/B2 (sky130_fd_sc_hd__a221o_1)
     1    0.002565    0.031872    0.150086    7.174433 v _4733_/X (sky130_fd_sc_hd__a221o_1)
                                                         _4009_ (net)
                      0.031872    0.000051    7.174484 v _4734_/A1 (sky130_fd_sc_hd__a31o_1)
     4    0.014958    0.062644    0.144381    7.318865 v _4734_/X (sky130_fd_sc_hd__a31o_1)
                                                         _4010_ (net)
                      0.062650    0.000678    7.319542 v _4856_/A1 (sky130_fd_sc_hd__a221o_1)
     2    0.008424    0.052473    0.193142    7.512685 v _4856_/X (sky130_fd_sc_hd__a221o_1)
                                                         _4132_ (net)
                      0.052474    0.000231    7.512916 v _4861_/A1 (sky130_fd_sc_hd__a31o_1)
     2    0.011660    0.053160    0.143988    7.656904 v _4861_/X (sky130_fd_sc_hd__a31o_1)
                                                         _4137_ (net)
                      0.053160    0.000237    7.657141 v _5006_/A1 (sky130_fd_sc_hd__a21o_1)
     3    0.014297    0.056263    0.136638    7.793779 v _5006_/X (sky130_fd_sc_hd__a21o_1)
                                                         _0094_ (net)
                      0.056267    0.000518    7.794297 v _5086_/A1 (sky130_fd_sc_hd__a21bo_1)
     2    0.010857    0.048305    0.137178    7.931475 v _5086_/X (sky130_fd_sc_hd__a21bo_1)
                                                         _0174_ (net)
                      0.048308    0.000423    7.931898 v _5092_/A2 (sky130_fd_sc_hd__a21o_1)
     4    0.018292    0.067618    0.160807    8.092706 v _5092_/X (sky130_fd_sc_hd__a21o_1)
                                                         _0180_ (net)
                      0.067620    0.000416    8.093122 v _5349_/A3 (sky130_fd_sc_hd__a31o_4)
     3    0.030748    0.050430    0.194508    8.287629 v _5349_/X (sky130_fd_sc_hd__a31o_4)
                                                         _0437_ (net)
                      0.050439    0.000679    8.288308 v _6106_/A2 (sky130_fd_sc_hd__a211o_4)
     3    0.016830    0.049349    0.229202    8.517510 v _6106_/X (sky130_fd_sc_hd__a211o_4)
                                                         _1194_ (net)
                      0.049352    0.000465    8.517975 v _6107_/C (sky130_fd_sc_hd__nand3_4)
     5    0.036456    0.108408    0.107844    8.625819 ^ _6107_/Y (sky130_fd_sc_hd__nand3_4)
                                                         _1195_ (net)
                      0.108430    0.001178    8.626997 ^ _6520_/A1 (sky130_fd_sc_hd__a311o_4)
     6    0.040717    0.119450    0.191311    8.818308 ^ _6520_/X (sky130_fd_sc_hd__a311o_4)
                                                         _1606_ (net)
                      0.119513    0.000656    8.818964 ^ _6681_/A2 (sky130_fd_sc_hd__a21o_2)
     9    0.046834    0.178097    0.200675    9.019640 ^ _6681_/X (sky130_fd_sc_hd__a21o_2)
                                                         _1770_ (net)
                      0.178099    0.000498    9.020138 ^ _6968_/A2 (sky130_fd_sc_hd__a21o_2)
    15    0.054837    0.207480    0.225633    9.245770 ^ _6968_/X (sky130_fd_sc_hd__a21o_2)
                                                         _2069_ (net)
                      0.207486    0.000955    9.246725 ^ _7054_/B1 (sky130_fd_sc_hd__o21a_1)
     1    0.009639    0.075101    0.097560    9.344286 ^ _7054_/X (sky130_fd_sc_hd__o21a_1)
                                                         _2159_ (net)
                      0.075101    0.000303    9.344588 ^ _7080_/A (sky130_fd_sc_hd__xnor2_2)
     5    0.029625    0.298006    0.139823    9.484412 ^ _7080_/Y (sky130_fd_sc_hd__xnor2_2)
                                                         _2187_ (net)
                      0.298018    0.001522    9.485934 ^ fanout37/A (sky130_fd_sc_hd__clkbuf_4)
    21    0.064401    0.149331    0.224030    9.709964 ^ fanout37/X (sky130_fd_sc_hd__clkbuf_4)
                                                         net37 (net)
                      0.149649    0.005593    9.715557 ^ _7081_/B (sky130_fd_sc_hd__nor2_1)
     1    0.009239    0.062325    0.054634    9.770190 v _7081_/Y (sky130_fd_sc_hd__nor2_1)
                                                         _2188_ (net)
                      0.062326    0.000291    9.770482 v _7090_/A (sky130_fd_sc_hd__xnor2_2)
     2    0.017233    0.193516    0.192848    9.963330 ^ _7090_/Y (sky130_fd_sc_hd__xnor2_2)
                                                         _2197_ (net)
                      0.193527    0.001130    9.964459 ^ _7091_/B (sky130_fd_sc_hd__xnor2_1)
     2    0.007019    0.060931    0.068647   10.033107 v _7091_/Y (sky130_fd_sc_hd__xnor2_1)
                                                         _2198_ (net)
                      0.060931    0.000208   10.033315 v _7093_/B (sky130_fd_sc_hd__xnor2_1)
     2    0.007981    0.082315    0.105607   10.138922 v _7093_/Y (sky130_fd_sc_hd__xnor2_1)
                                                         _2200_ (net)
                      0.082315    0.000163   10.139085 v _7144_/A (sky130_fd_sc_hd__xnor2_1)
     2    0.012723    0.220482    0.220481   10.359565 ^ _7144_/Y (sky130_fd_sc_hd__xnor2_1)
                                                         _2255_ (net)
                      0.220483    0.000359   10.359924 ^ _7147_/A (sky130_fd_sc_hd__xor2_2)
     2    0.014814    0.162457    0.148825   10.508749 ^ _7147_/X (sky130_fd_sc_hd__xor2_2)
                                                         _2258_ (net)
                      0.162457    0.000395   10.509144 ^ _7148_/B (sky130_fd_sc_hd__xnor2_2)
     3    0.015059    0.063502    0.070457   10.579601 v _7148_/Y (sky130_fd_sc_hd__xnor2_2)
                                                         _2259_ (net)
                      0.063506    0.000434   10.580036 v _7150_/A (sky130_fd_sc_hd__xor2_2)
     3    0.015329    0.093341    0.139765   10.719800 v _7150_/X (sky130_fd_sc_hd__xor2_2)
                                                         _2261_ (net)
                      0.093342    0.000226   10.720026 v _7404_/B1 (sky130_fd_sc_hd__a2bb2o_2)
     1    0.005671    0.036684    0.182776   10.902802 v _7404_/X (sky130_fd_sc_hd__a2bb2o_2)
                                                         _2531_ (net)
                      0.036684    0.000189   10.902991 v _7405_/B (sky130_fd_sc_hd__xor2_1)
     2    0.006741    0.059381    0.099126   11.002118 v _7405_/X (sky130_fd_sc_hd__xor2_1)
                                                         _2532_ (net)
                      0.059381    0.000191   11.002309 v _7407_/B (sky130_fd_sc_hd__xor2_1)
     2    0.007156    0.070738    0.108829   11.111138 v _7407_/X (sky130_fd_sc_hd__xor2_1)
                                                         _2534_ (net)
                      0.070738    0.000130   11.111268 v _7574_/A2 (sky130_fd_sc_hd__a21o_1)
     3    0.014245    0.056135    0.158587   11.269855 v _7574_/X (sky130_fd_sc_hd__a21o_1)
                                                         _2711_ (net)
                      0.056142    0.000648   11.270503 v _7737_/A1 (sky130_fd_sc_hd__a211o_1)
     3    0.013960    0.067963    0.202083   11.472586 v _7737_/X (sky130_fd_sc_hd__a211o_1)
                                                         _2874_ (net)
                      0.067970    0.000730   11.473316 v _8197_/A1 (sky130_fd_sc_hd__a31o_1)
     3    0.013508    0.058455    0.154547   11.627863 v _8197_/X (sky130_fd_sc_hd__a31o_1)
                                                         _3355_ (net)
                      0.058460    0.000608   11.628471 v _8468_/A3 (sky130_fd_sc_hd__a31o_1)
     2    0.008393    0.044668    0.164739   11.793210 v _8468_/X (sky130_fd_sc_hd__a31o_1)
                                                         _3646_ (net)
                      0.044669    0.000249   11.793459 v _8472_/A3 (sky130_fd_sc_hd__a31o_1)
     1    0.005706    0.036214    0.150119   11.943578 v _8472_/X (sky130_fd_sc_hd__a31o_1)
                                                         _3649_ (net)
                      0.036215    0.000189   11.943768 v _8561_/A (sky130_fd_sc_hd__xnor2_1)
     1    0.002463    0.032471    0.077329   12.021096 v _8561_/Y (sky130_fd_sc_hd__xnor2_1)
                                                         _3746_ (net)
                      0.032471    0.000050   12.021146 v _8562_/A1 (sky130_fd_sc_hd__mux2_1)
     1    0.002344    0.036188    0.143944   12.165090 v _8562_/X (sky130_fd_sc_hd__mux2_1)
                                                         _0074_ (net)
                      0.036188    0.000067   12.165156 v _8685_/D (sky130_fd_sc_hd__dfrtp_1)
                                             12.165156   data arrival time

                                 25.000000   25.000000   clock clk (rise edge)
                                  0.000000   25.000000   clock source latency
     2    0.047472    0.162744    0.113555   25.113554 ^ clk (in)
                                                         clk (net)
                      0.162783    0.000000   25.113554 ^ clkbuf_0_clk/A (sky130_fd_sc_hd__clkbuf_16)
    33    0.185218    0.152777    0.201455   25.315010 ^ clkbuf_0_clk/X (sky130_fd_sc_hd__clkbuf_16)
                                                         clknet_0_clk (net)
                      0.153856    0.010271   25.325281 ^ clkbuf_4_7_0_clk/A (sky130_fd_sc_hd__clkbuf_8)
    10    0.039235    0.061655    0.135312   25.460592 ^ clkbuf_4_7_0_clk/X (sky130_fd_sc_hd__clkbuf_8)
                                                         clknet_4_7_0_clk (net)
                      0.061686    0.001265   25.461857 ^ _8685_/CLK (sky130_fd_sc_hd__dfrtp_1)
                                 -0.250000   25.211859   clock uncertainty
                                  0.000000   25.211859   clock reconvergence pessimism
                                 -0.071082   25.140778   library setup time
                                             25.140778   data required time
---------------------------------------------------------------------------------------------
                                             25.140778   data required time
                                            -12.165156   data arrival time
---------------------------------------------------------------------------------------------
                                             12.975621   slack (MET)




===========================================================================
report_checks --slack_max -0.01
============================================================================
======================= nom_ff_n40C_1v95 Corner ===================================

No paths found.


===========================================================================
 report_check_types -max_slew -max_cap -max_fanout -violators
============================================================================
======================= nom_ff_n40C_1v95 Corner ===================================

max fanout

Pin                                   Limit Fanout  Slack
---------------------------------------------------------
clkbuf_0_clk/X                           10     33    -23 (VIOLATED)
clkbuf_4_1_0_clk/X                       10     23    -13 (VIOLATED)
_4309_/Y                                 10     21    -11 (VIOLATED)
_4325_/Y                                 10     21    -11 (VIOLATED)
_6970_/Y                                 10     21    -11 (VIOLATED)
fanout100/X                              10     21    -11 (VIOLATED)
fanout101/X                              10     21    -11 (VIOLATED)
fanout103/X                              10     21    -11 (VIOLATED)
fanout104/X                              10     21    -11 (VIOLATED)
fanout105/X                              10     21    -11 (VIOLATED)
fanout107/X                              10     21    -11 (VIOLATED)
fanout109/X                              10     21    -11 (VIOLATED)
fanout110/X                              10     21    -11 (VIOLATED)
fanout111/X                              10     21    -11 (VIOLATED)
fanout114/X                              10     21    -11 (VIOLATED)
fanout115/X                              10     21    -11 (VIOLATED)
fanout117/X                              10     21    -11 (VIOLATED)
fanout122/X                              10     21    -11 (VIOLATED)
fanout123/X                              10     21    -11 (VIOLATED)
fanout125/X                              10     21    -11 (VIOLATED)
fanout127/X                              10     21    -11 (VIOLATED)
fanout128/X                              10     21    -11 (VIOLATED)
fanout129/X                              10     21    -11 (VIOLATED)
fanout136/X                              10     21    -11 (VIOLATED)
fanout139/X                              10     21    -11 (VIOLATED)
fanout141/X                              10     21    -11 (VIOLATED)
fanout149/X                              10     21    -11 (VIOLATED)
fanout152/X                              10     21    -11 (VIOLATED)
fanout153/X                              10     21    -11 (VIOLATED)
fanout160/X                              10     21    -11 (VIOLATED)
fanout172/X                              10     21    -11 (VIOLATED)
fanout173/X                              10     21    -11 (VIOLATED)
fanout176/X                              10     21    -11 (VIOLATED)
fanout177/X                              10     21    -11 (VIOLATED)
fanout183/X                              10     21    -11 (VIOLATED)
fanout188/X                              10     21    -11 (VIOLATED)
fanout194/X                              10     21    -11 (VIOLATED)
fanout195/X                              10     21    -11 (VIOLATED)
fanout198/X                              10     21    -11 (VIOLATED)
fanout200/X                              10     21    -11 (VIOLATED)
fanout202/X                              10     21    -11 (VIOLATED)
fanout204/X                              10     21    -11 (VIOLATED)
fanout210/X                              10     21    -11 (VIOLATED)
fanout212/X                              10     21    -11 (VIOLATED)
fanout214/X                              10     21    -11 (VIOLATED)
fanout216/X                              10     21    -11 (VIOLATED)
fanout218/X                              10     21    -11 (VIOLATED)
fanout220/X                              10     21    -11 (VIOLATED)
fanout222/X                              10     21    -11 (VIOLATED)
fanout224/X                              10     21    -11 (VIOLATED)
fanout226/X                              10     21    -11 (VIOLATED)
fanout228/X                              10     21    -11 (VIOLATED)
fanout232/X                              10     21    -11 (VIOLATED)
fanout237/X                              10     21    -11 (VIOLATED)
fanout238/X                              10     21    -11 (VIOLATED)
fanout241/X                              10     21    -11 (VIOLATED)
fanout245/X                              10     21    -11 (VIOLATED)
fanout249/X                              10     21    -11 (VIOLATED)
fanout256/X                              10     21    -11 (VIOLATED)
fanout259/X                              10     21    -11 (VIOLATED)
fanout265/X                              10     21    -11 (VIOLATED)
fanout270/X                              10     21    -11 (VIOLATED)
fanout272/X                              10     21    -11 (VIOLATED)
fanout275/X                              10     21    -11 (VIOLATED)
fanout279/X                              10     21    -11 (VIOLATED)
fanout282/X                              10     21    -11 (VIOLATED)
fanout290/X                              10     21    -11 (VIOLATED)
fanout293/X                              10     21    -11 (VIOLATED)
fanout295/X                              10     21    -11 (VIOLATED)
fanout297/X                              10     21    -11 (VIOLATED)
fanout298/X                              10     21    -11 (VIOLATED)
fanout300/X                              10     21    -11 (VIOLATED)
fanout302/X                              10     21    -11 (VIOLATED)
fanout303/X                              10     21    -11 (VIOLATED)
fanout310/X                              10     21    -11 (VIOLATED)
fanout314/X                              10     21    -11 (VIOLATED)
fanout323/X                              10     21    -11 (VIOLATED)
fanout327/X                              10     21    -11 (VIOLATED)
fanout331/X                              10     21    -11 (VIOLATED)
fanout341/X                              10     21    -11 (VIOLATED)
fanout348/X                              10     21    -11 (VIOLATED)
fanout351/X                              10     21    -11 (VIOLATED)
fanout352/X                              10     21    -11 (VIOLATED)
fanout354/X                              10     21    -11 (VIOLATED)
fanout355/X                              10     21    -11 (VIOLATED)
fanout37/X                               10     21    -11 (VIOLATED)
fanout39/X                               10     21    -11 (VIOLATED)
fanout40/X                               10     21    -11 (VIOLATED)
fanout42/X                               10     21    -11 (VIOLATED)
fanout48/X                               10     21    -11 (VIOLATED)
fanout49/X                               10     21    -11 (VIOLATED)
fanout50/X                               10     21    -11 (VIOLATED)
fanout51/X                               10     21    -11 (VIOLATED)
fanout52/X                               10     21    -11 (VIOLATED)
fanout53/X                               10     21    -11 (VIOLATED)
fanout54/X                               10     21    -11 (VIOLATED)
fanout55/X                               10     21    -11 (VIOLATED)
fanout56/X                               10     21    -11 (VIOLATED)
fanout57/X                               10     21    -11 (VIOLATED)
fanout61/X                               10     21    -11 (VIOLATED)
fanout71/X                               10     21    -11 (VIOLATED)
fanout73/X                               10     21    -11 (VIOLATED)
fanout75/X                               10     21    -11 (VIOLATED)
fanout77/X                               10     21    -11 (VIOLATED)
fanout79/X                               10     21    -11 (VIOLATED)
fanout80/X                               10     21    -11 (VIOLATED)
fanout81/X                               10     21    -11 (VIOLATED)
fanout82/X                               10     21    -11 (VIOLATED)
fanout83/X                               10     21    -11 (VIOLATED)
fanout84/X                               10     21    -11 (VIOLATED)
fanout86/X                               10     21    -11 (VIOLATED)
fanout92/X                               10     21    -11 (VIOLATED)
fanout93/X                               10     21    -11 (VIOLATED)
fanout95/X                               10     21    -11 (VIOLATED)
fanout96/X                               10     21    -11 (VIOLATED)
fanout98/X                               10     21    -11 (VIOLATED)
fanout99/X                               10     21    -11 (VIOLATED)
_4283_/Y                                 10     19     -9 (VIOLATED)
_4293_/Y                                 10     19     -9 (VIOLATED)
_4307_/Y                                 10     19     -9 (VIOLATED)
_4318_/Y                                 10     19     -9 (VIOLATED)
_4319_/Y                                 10     19     -9 (VIOLATED)
_4321_/Y                                 10     19     -9 (VIOLATED)
fanout154/X                              10     19     -9 (VIOLATED)
fanout168/X                              10     19     -9 (VIOLATED)
fanout175/X                              10     19     -9 (VIOLATED)
fanout203/X                              10     19     -9 (VIOLATED)
fanout223/X                              10     19     -9 (VIOLATED)
fanout227/X                              10     19     -9 (VIOLATED)
fanout230/X                              10     19     -9 (VIOLATED)
fanout248/X                              10     19     -9 (VIOLATED)
fanout252/X                              10     19     -9 (VIOLATED)
fanout262/X                              10     19     -9 (VIOLATED)
fanout268/X                              10     19     -9 (VIOLATED)
fanout320/X                              10     19     -9 (VIOLATED)
fanout335/X                              10     19     -9 (VIOLATED)
fanout64/X                               10     19     -9 (VIOLATED)
_4296_/Y                                 10     17     -7 (VIOLATED)
fanout178/X                              10     17     -7 (VIOLATED)
fanout261/X                              10     17     -7 (VIOLATED)
fanout264/X                              10     17     -7 (VIOLATED)
fanout269/X                              10     17     -7 (VIOLATED)
fanout276/X                              10     17     -7 (VIOLATED)
fanout316/X                              10     17     -7 (VIOLATED)
fanout326/X                              10     17     -7 (VIOLATED)
fanout342/X                              10     17     -7 (VIOLATED)
fanout356/X                              10     17     -7 (VIOLATED)
fanout97/X                               10     17     -7 (VIOLATED)
input9/X                                 10     17     -7 (VIOLATED)
_6683_/Y                                 10     15     -5 (VIOLATED)
_6968_/X                                 10     15     -5 (VIOLATED)
clkbuf_4_15_0_clk/X                      10     15     -5 (VIOLATED)
fanout131/X                              10     15     -5 (VIOLATED)
fanout132/X                              10     15     -5 (VIOLATED)
fanout134/X                              10     15     -5 (VIOLATED)
fanout135/X                              10     15     -5 (VIOLATED)
fanout138/X                              10     15     -5 (VIOLATED)
fanout165/X                              10     15     -5 (VIOLATED)
fanout182/X                              10     15     -5 (VIOLATED)
fanout184/X                              10     15     -5 (VIOLATED)
fanout209/X                              10     15     -5 (VIOLATED)
fanout213/X                              10     15     -5 (VIOLATED)
fanout217/X                              10     15     -5 (VIOLATED)
fanout219/X                              10     15     -5 (VIOLATED)
fanout231/X                              10     15     -5 (VIOLATED)
fanout244/X                              10     15     -5 (VIOLATED)
fanout271/X                              10     15     -5 (VIOLATED)
fanout285/X                              10     15     -5 (VIOLATED)
fanout296/X                              10     15     -5 (VIOLATED)
fanout301/X                              10     15     -5 (VIOLATED)
fanout306/X                              10     15     -5 (VIOLATED)
fanout318/X                              10     15     -5 (VIOLATED)
fanout329/X                              10     15     -5 (VIOLATED)
fanout78/X                               10     15     -5 (VIOLATED)
_6109_/Y                                 10     13     -3 (VIOLATED)
clkbuf_4_10_0_clk/X                      10     13     -3 (VIOLATED)
clkbuf_4_2_0_clk/X                       10     13     -3 (VIOLATED)
clkbuf_4_5_0_clk/X                       10     13     -3 (VIOLATED)
fanout120/X                              10     13     -3 (VIOLATED)
fanout169/X                              10     13     -3 (VIOLATED)
fanout221/X                              10     13     -3 (VIOLATED)
fanout240/X                              10     13     -3 (VIOLATED)
fanout246/X                              10     13     -3 (VIOLATED)
fanout274/X                              10     13     -3 (VIOLATED)
fanout281/X                              10     13     -3 (VIOLATED)
fanout283/X                              10     13     -3 (VIOLATED)
fanout304/X                              10     13     -3 (VIOLATED)
fanout309/X                              10     13     -3 (VIOLATED)
fanout313/X                              10     13     -3 (VIOLATED)
fanout353/X                              10     13     -3 (VIOLATED)
fanout47/X                               10     13     -3 (VIOLATED)
input11/X                                10     13     -3 (VIOLATED)
input12/X                                10     13     -3 (VIOLATED)
input13/X                                10     13     -3 (VIOLATED)
input14/X                                10     13     -3 (VIOLATED)
input15/X                                10     13     -3 (VIOLATED)
input16/X                                10     13     -3 (VIOLATED)
input17/X                                10     13     -3 (VIOLATED)
input18/X                                10     13     -3 (VIOLATED)
input2/X                                 10     13     -3 (VIOLATED)
input3/X                                 10     13     -3 (VIOLATED)
input4/X                                 10     13     -3 (VIOLATED)
input5/X                                 10     13     -3 (VIOLATED)
input6/X                                 10     13     -3 (VIOLATED)
input7/X                                 10     13     -3 (VIOLATED)
input8/X                                 10     13     -3 (VIOLATED)
_4304_/Y                                 10     11        (VIOLATED)
_4354_/X                                 10     11        (VIOLATED)
_4519_/Y                                 10     11        (VIOLATED)
_4747_/Y                                 10     11        (VIOLATED)
clkbuf_4_0_0_clk/X                       10     11        (VIOLATED)
clkbuf_4_8_0_clk/X                       10     11        (VIOLATED)
fanout121/X                              10     11        (VIOLATED)
fanout150/X                              10     11        (VIOLATED)
fanout197/X                              10     11        (VIOLATED)
fanout211/X                              10     11        (VIOLATED)
fanout215/X                              10     11        (VIOLATED)
fanout242/X                              10     11        (VIOLATED)
fanout286/X                              10     11        (VIOLATED)
fanout299/X                              10     11        (VIOLATED)
fanout311/X                              10     11        (VIOLATED)
fanout322/X                              10     11        (VIOLATED)
fanout324/X                              10     11        (VIOLATED)
fanout333/X                              10     11        (VIOLATED)
fanout340/X                              10     11        (VIOLATED)
fanout345/X                              10     11        (VIOLATED)
fanout87/X                               10     11        (VIOLATED)
fanout94/X                               10     11        (VIOLATED)



===========================================================================
report_parasitic_annotation -report_unannotated
============================================================================
Found 84 unannotated drivers.
 en
 gpio_in[18]
 gpio_in[19]
 gpio_in[20]
 gpio_in[21]
 gpio_in[22]
 gpio_in[23]
 gpio_in[24]
 gpio_in[25]
 gpio_in[26]
 gpio_in[27]
 gpio_in[28]
 gpio_in[29]
 gpio_in[30]
 gpio_in[31]
 gpio_in[32]
 gpio_in[33]
 clkload0/Y
 clkload1/Y
 clkload10/Y
 clkload11/Y
 clkload12/Y
 clkload13/Y
 clkload14/Y
 clkload2/X
 clkload3/Y
 clkload4/Y
 clkload5/Y
 clkload6/Y
 clkload7/Y
 clkload8/Y
 clkload9/Y
 team_03_357/HI
 team_03_358/HI
 team_03_359/HI
 team_03_360/HI
 team_03_361/HI
 team_03_362/HI
 team_03_363/HI
 team_03_364/HI
 team_03_365/HI
 team_03_366/HI
 team_03_367/HI
 team_03_368/HI
 team_03_369/HI
 team_03_370/HI
 team_03_371/HI
 team_03_372/HI
 team_03_373/HI
 team_03_374/HI
 team_03_375/HI
 team_03_376/HI
 team_03_377/HI
 team_03_378/HI
 team_03_379/HI
 team_03_380/HI
 team_03_381/HI
 team_03_382/HI
 team_03_383/HI
 team_03_384/HI
 team_03_385/HI
 team_03_386/HI
 team_03_387/HI
 team_03_388/HI
 team_03_389/HI
 team_03_390/HI
 team_03_391/HI
 team_03_392/HI
 team_03_393/LO
 team_03_394/LO
 team_03_395/LO
 team_03_396/LO
 team_03_397/LO
 team_03_398/LO
 team_03_399/LO
 team_03_400/LO
 team_03_401/LO
 team_03_402/LO
 team_03_403/LO
 team_03_404/LO
 team_03_405/LO
 team_03_406/LO
 team_03_407/LO
 team_03_408/LO
Found 0 partially unannotated drivers.

===========================================================================
max slew violation count 0
max fanout violation count 228
max cap violation count 0
============================================================================

===========================================================================
check_setup -verbose -unconstrained_endpoints -multiple_clock -no_clock -no_input_delay -loops -generated_clocks
===========================================================================
Warning: There are 52 unconstrained endpoints.
  gpio_oeb[0]
  gpio_oeb[10]
  gpio_oeb[11]
  gpio_oeb[12]
  gpio_oeb[13]
  gpio_oeb[14]
  gpio_oeb[15]
  gpio_oeb[16]
  gpio_oeb[17]
  gpio_oeb[18]
  gpio_oeb[19]
  gpio_oeb[1]
  gpio_oeb[20]
  gpio_oeb[21]
  gpio_oeb[22]
  gpio_oeb[23]
  gpio_oeb[24]
  gpio_oeb[25]
  gpio_oeb[26]
  gpio_oeb[27]
  gpio_oeb[28]
  gpio_oeb[29]
  gpio_oeb[2]
  gpio_oeb[30]
  gpio_oeb[31]
  gpio_oeb[32]
  gpio_oeb[33]
  gpio_oeb[3]
  gpio_oeb[4]
  gpio_oeb[5]
  gpio_oeb[6]
  gpio_oeb[7]
  gpio_oeb[8]
  gpio_oeb[9]
  gpio_out[0]
  gpio_out[10]
  gpio_out[11]
  gpio_out[12]
  gpio_out[13]
  gpio_out[14]
  gpio_out[15]
  gpio_out[16]
  gpio_out[17]
  gpio_out[1]
  gpio_out[2]
  gpio_out[3]
  gpio_out[4]
  gpio_out[5]
  gpio_out[6]
  gpio_out[7]
  gpio_out[8]
  gpio_out[9]
