Clock: clk
Sources: clk 
Generated: no
Virtual: yes
Propagated: no
Period: 25.000000

===========================================================================
report_clock_properties
============================================================================
Clock                   Period          Waveform
----------------------------------------------------
clk                  25.000000    0.000000 12.500000

===========================================================================
report_clock_latency
============================================================================
Clock clk
rise -> rise
    min     max
0.000000 0.000000 source latency
0.449169         network latency _8646_/CLK
        0.478941 network latency _8619_/CLK
---------------
0.449169 0.478941 latency
        0.029772 skew

fall -> fall
    min     max
0.000000 0.000000 source latency
0.357264         network latency _8646_/CLK
        0.379356 network latency _8619_/CLK
---------------
0.357264 0.379356 latency
        0.022092 skew



===========================================================================
report_clock_min_period
============================================================================
clk period_min = 8.27 fmax = 120.87
