Clock: clk
Sources: clk 
Generated: no
Virtual: yes
Propagated: no
Period: 100.000000

===========================================================================
report_clock_properties
============================================================================
Clock                   Period          Waveform
----------------------------------------------------
clk                 100.000000    0.000000 50.000000

===========================================================================
report_clock_latency
============================================================================
Clock clk
rise -> rise
    min     max
0.000000 0.000000 source latency
1.797268         network latency _16549_/CLK
        2.238453 network latency _16277_/CLK
---------------
1.797268 2.238453 latency
        0.441185 skew

rise -> fall
    min     max
0.000000 0.000000 source latency
1.888271         network latency _15098_/CLK
        2.396574 network latency _15575_/CLK
---------------
1.888271 2.396574 latency
        0.508303 skew

fall -> rise
    min     max
0.000000 0.000000 source latency
1.488708         network latency _15098_/CLK
        1.922182 network latency _15575_/CLK
---------------
1.488708 1.922182 latency
        0.433474 skew

fall -> fall
    min     max
0.000000 0.000000 source latency
1.389623         network latency _16549_/CLK
        1.781675 network latency _16389_/CLK
---------------
1.389623 1.781675 latency
        0.392053 skew



===========================================================================
report_clock_min_period
============================================================================
clk period_min = 28.16 fmax = 35.51
