
===========================================================================
report_checks -unconstrained
===========================================================================
======================= nom_ff_n40C_1v95 Corner ===================================

Startpoint: nrst (input port clocked by clk)
Endpoint: _1289_ (recovery check against rising-edge clock clk)
Path Group: asynchronous
Path Type: max

Fanout         Cap        Slew       Delay        Time   Description
---------------------------------------------------------------------------------------------
                                  0.000000    0.000000   clock clk (rise edge)
                                  0.000000    0.000000   clock network delay (propagated)
                                  5.000000    5.000000 ^ input external delay
     2    0.003594    0.016767    0.009322    5.009322 ^ nrst (in)
                                                         nrst (net)
                      0.016768    0.000000    5.009322 ^ input6/A (sky130_fd_sc_hd__buf_2)
     5    0.045630    0.169025    0.157971    5.167293 ^ input6/X (sky130_fd_sc_hd__buf_2)
                                                         net6 (net)
                      0.169302    0.005609    5.172902 ^ fanout125/A (sky130_fd_sc_hd__buf_4)
    21    0.087471    0.183068    0.199161    5.372063 ^ fanout125/X (sky130_fd_sc_hd__buf_4)
                                                         net125 (net)
                      0.183125    0.002736    5.374799 ^ fanout124/A (sky130_fd_sc_hd__clkbuf_4)
    21    0.070485    0.162135    0.215618    5.590417 ^ fanout124/X (sky130_fd_sc_hd__clkbuf_4)
                                                         net124 (net)
                      0.162306    0.004311    5.594728 ^ fanout122/A (sky130_fd_sc_hd__clkbuf_4)
    21    0.067875    0.157049    0.207077    5.801805 ^ fanout122/X (sky130_fd_sc_hd__clkbuf_4)
                                                         net122 (net)
                      0.157349    0.005612    5.807417 ^ _1289_/RESET_B (sky130_fd_sc_hd__dfrtp_4)
                                              5.807417   data arrival time

                                 25.000000   25.000000   clock clk (rise edge)
                                  0.000000   25.000000   clock source latency
     2    0.029660    0.103811    0.072259   25.072258 ^ clk (in)
                                                         clk (net)
                      0.103856    0.000000   25.072258 ^ clkbuf_0_clk/A (sky130_fd_sc_hd__clkbuf_16)
     9    0.058859    0.059184    0.126768   25.199026 ^ clkbuf_0_clk/X (sky130_fd_sc_hd__clkbuf_16)
                                                         clknet_0_clk (net)
                      0.059214    0.001263   25.200289 ^ clkbuf_2_0__f_clk/A (sky130_fd_sc_hd__clkbuf_16)
    10    0.041210    0.045992    0.105135   25.305424 ^ clkbuf_2_0__f_clk/X (sky130_fd_sc_hd__clkbuf_16)
                                                         clknet_2_0__leaf_clk (net)
                      0.046262    0.002320   25.307745 ^ _1289_/CLK (sky130_fd_sc_hd__dfrtp_4)
                                 -0.250000   25.057745   clock uncertainty
                                  0.000000   25.057745   clock reconvergence pessimism
                                  0.093682   25.151426   library recovery time
                                             25.151426   data required time
---------------------------------------------------------------------------------------------
                                             25.151426   data required time
                                             -5.807417   data arrival time
---------------------------------------------------------------------------------------------
                                             19.344009   slack (MET)


Startpoint: en (input port clocked by clk)
Endpoint: gpio_out[2] (output port clocked by clk)
Path Group: clk
Path Type: max

Fanout         Cap        Slew       Delay        Time   Description
---------------------------------------------------------------------------------------------
                                  0.000000    0.000000   clock clk (rise edge)
                                  0.000000    0.000000   clock network delay (propagated)
                                  5.000000    5.000000 ^ input external delay
     2    0.003337    0.015844    0.008645    5.008645 ^ en (in)
                                                         en (net)
                      0.015844    0.000000    5.008645 ^ input1/A (sky130_fd_sc_hd__dlymetal6s2s_1)
     5    0.024320    0.195223    0.166390    5.175035 ^ input1/X (sky130_fd_sc_hd__dlymetal6s2s_1)
                                                         net1 (net)
                      0.195246    0.001734    5.176769 ^ _1236_/A (sky130_fd_sc_hd__and3_1)
     2    0.012445    0.100413    0.158969    5.335738 ^ _1236_/X (sky130_fd_sc_hd__and3_1)
                                                         _0592_ (net)
                      0.100413    0.000281    5.336019 ^ _1237_/B1 (sky130_fd_sc_hd__o31ai_4)
     7    0.021420    0.063513    0.046772    5.382791 v _1237_/Y (sky130_fd_sc_hd__o31ai_4)
                                                         _0593_ (net)
                      0.063516    0.000543    5.383334 v _1239_/B (sky130_fd_sc_hd__or2_1)
     3    0.007974    0.049259    0.150492    5.533826 v _1239_/X (sky130_fd_sc_hd__or2_1)
                                                         _0595_ (net)
                      0.049259    0.000135    5.533961 v _1240_/B (sky130_fd_sc_hd__or2_1)
     4    0.012473    0.062192    0.160394    5.694355 v _1240_/X (sky130_fd_sc_hd__or2_1)
                                                         _0596_ (net)
                      0.062192    0.000233    5.694589 v _1241_/B (sky130_fd_sc_hd__nor2_1)
     1    0.014640    0.193759    0.168268    5.862856 ^ _1241_/Y (sky130_fd_sc_hd__nor2_1)
                                                         net78 (net)
                      0.193768    0.001100    5.863956 ^ output78/A (sky130_fd_sc_hd__buf_2)
     1    0.034060    0.127755    0.166720    6.030677 ^ output78/X (sky130_fd_sc_hd__buf_2)
                                                         gpio_out[2] (net)
                      0.127756    0.000615    6.031292 ^ gpio_out[2] (out)
                                              6.031292   data arrival time

                                 25.000000   25.000000   clock clk (rise edge)
                                  0.000000   25.000000   clock network delay (propagated)
                                 -0.250000   24.750000   clock uncertainty
                                  0.000000   24.750000   clock reconvergence pessimism
                                 -5.000000   19.750000   output external delay
                                             19.750000   data required time
---------------------------------------------------------------------------------------------
                                             19.750000   data required time
                                             -6.031292   data arrival time
---------------------------------------------------------------------------------------------
                                             13.718707   slack (MET)




===========================================================================
report_checks --slack_max -0.01
============================================================================
======================= nom_ff_n40C_1v95 Corner ===================================

No paths found.


===========================================================================
 report_check_types -max_slew -max_cap -max_fanout -violators
============================================================================
======================= nom_ff_n40C_1v95 Corner ===================================

max fanout

Pin                                   Limit Fanout  Slack
---------------------------------------------------------
clkbuf_2_1__f_clk/X                      10     25    -15 (VIOLATED)
_0616_/Y                                 10     21    -11 (VIOLATED)
_1005_/X                                 10     21    -11 (VIOLATED)
fanout103/X                              10     21    -11 (VIOLATED)
fanout110/X                              10     21    -11 (VIOLATED)
fanout122/X                              10     21    -11 (VIOLATED)
fanout124/X                              10     21    -11 (VIOLATED)
fanout125/X                              10     21    -11 (VIOLATED)
fanout126/X                              10     21    -11 (VIOLATED)
fanout127/X                              10     21    -11 (VIOLATED)
fanout90/X                               10     21    -11 (VIOLATED)
input11/X                                10     21    -11 (VIOLATED)
input12/X                                10     21    -11 (VIOLATED)
input15/X                                10     21    -11 (VIOLATED)
input8/X                                 10     21    -11 (VIOLATED)
clkbuf_2_2__f_clk/X                      10     19     -9 (VIOLATED)
input14/X                                10     19     -9 (VIOLATED)
input17/X                                10     19     -9 (VIOLATED)
input18/X                                10     19     -9 (VIOLATED)
clkbuf_2_3__f_clk/X                      10     17     -7 (VIOLATED)
fanout120/X                              10     17     -7 (VIOLATED)
input19/X                                10     17     -7 (VIOLATED)
_0632_/X                                 10     15     -5 (VIOLATED)



===========================================================================
report_parasitic_annotation -report_unannotated
============================================================================
Found 129 unannotated drivers.
 gpio_in[0]
 gpio_in[10]
 gpio_in[11]
 gpio_in[12]
 gpio_in[13]
 gpio_in[14]
 gpio_in[15]
 gpio_in[16]
 gpio_in[17]
 gpio_in[18]
 gpio_in[19]
 gpio_in[1]
 gpio_in[20]
 gpio_in[21]
 gpio_in[22]
 gpio_in[23]
 gpio_in[24]
 gpio_in[25]
 gpio_in[26]
 gpio_in[27]
 gpio_in[28]
 gpio_in[29]
 gpio_in[2]
 gpio_in[30]
 gpio_in[31]
 gpio_in[32]
 gpio_in[33]
 gpio_in[3]
 gpio_in[4]
 gpio_in[5]
 gpio_in[6]
 gpio_in[7]
 gpio_in[8]
 gpio_in[9]
 la_data_in[10]
 la_data_in[11]
 la_data_in[12]
 la_data_in[13]
 la_data_in[14]
 la_data_in[15]
 la_data_in[16]
 la_data_in[17]
 la_data_in[18]
 la_data_in[19]
 la_data_in[20]
 la_data_in[21]
 la_data_in[22]
 la_data_in[23]
 la_data_in[24]
 la_data_in[25]
 la_data_in[26]
 la_data_in[27]
 la_data_in[28]
 la_data_in[29]
 la_data_in[2]
 la_data_in[30]
 la_data_in[31]
 la_data_in[3]
 la_data_in[4]
 la_data_in[5]
 la_data_in[6]
 la_data_in[7]
 la_data_in[8]
 la_data_in[9]
 la_oenb[10]
 la_oenb[11]
 la_oenb[12]
 la_oenb[13]
 la_oenb[14]
 la_oenb[15]
 la_oenb[16]
 la_oenb[17]
 la_oenb[18]
 la_oenb[19]
 la_oenb[20]
 la_oenb[21]
 la_oenb[22]
 la_oenb[23]
 la_oenb[24]
 la_oenb[25]
 la_oenb[26]
 la_oenb[27]
 la_oenb[28]
 la_oenb[29]
 la_oenb[2]
 la_oenb[30]
 la_oenb[31]
 la_oenb[3]
 la_oenb[4]
 la_oenb[5]
 la_oenb[6]
 la_oenb[7]
 la_oenb[8]
 la_oenb[9]
 clkload0/Y
 clkload1/Y
 clkload2/Y
 team_00_128/HI
 team_00_129/HI
 team_00_130/HI
 team_00_131/HI
 team_00_132/HI
 team_00_133/HI
 team_00_134/HI
 team_00_135/HI
 team_00_136/HI
 team_00_137/HI
 team_00_138/HI
 team_00_139/HI
 team_00_140/HI
 team_00_141/HI
 team_00_142/HI
 team_00_143/HI
 team_00_144/HI
 team_00_145/HI
 team_00_146/HI
 team_00_147/HI
 team_00_148/HI
 team_00_149/HI
 team_00_150/HI
 team_00_151/HI
 team_00_152/HI
 team_00_153/HI
 team_00_154/HI
 team_00_155/HI
 team_00_156/HI
 team_00_157/HI
 team_00_158/HI
 team_00_159/HI
Found 0 partially unannotated drivers.

===========================================================================
max slew violation count 0
max fanout violation count 23
max cap violation count 0
============================================================================

===========================================================================
check_setup -verbose -unconstrained_endpoints -multiple_clock -no_clock -no_input_delay -loops -generated_clocks
===========================================================================
Warning: There are 32 unconstrained endpoints.
  la_data_out[0]
  la_data_out[10]
  la_data_out[11]
  la_data_out[12]
  la_data_out[13]
  la_data_out[14]
  la_data_out[15]
  la_data_out[16]
  la_data_out[17]
  la_data_out[18]
  la_data_out[19]
  la_data_out[1]
  la_data_out[20]
  la_data_out[21]
  la_data_out[22]
  la_data_out[23]
  la_data_out[24]
  la_data_out[25]
  la_data_out[26]
  la_data_out[27]
  la_data_out[28]
  la_data_out[29]
  la_data_out[2]
  la_data_out[30]
  la_data_out[31]
  la_data_out[3]
  la_data_out[4]
  la_data_out[5]
  la_data_out[6]
  la_data_out[7]
  la_data_out[8]
  la_data_out[9]
