Clock: clk
Sources: clk 
Generated: no
Virtual: yes
Propagated: no
Period: 25.000000

===========================================================================
report_clock_properties
============================================================================
Clock                   Period          Waveform
----------------------------------------------------
clk                  25.000000    0.000000 12.500000

===========================================================================
report_clock_latency
============================================================================
Clock clk
rise -> rise
    min     max
0.000000 0.000000 source latency
0.306369         network latency _1294_/CLK
        0.323912 network latency _1305_/CLK
---------------
0.306369 0.323912 latency
        0.017543 skew

fall -> fall
    min     max
0.000000 0.000000 source latency
0.266129         network latency _1294_/CLK
        0.279134 network latency _1305_/CLK
---------------
0.266129 0.279134 latency
        0.013005 skew



===========================================================================
report_clock_min_period
============================================================================
clk period_min = 3.50 fmax = 286.08
