Clock: clk
Sources: clk 
Generated: no
Virtual: yes
Propagated: no
Period: 25.000000

===========================================================================
report_clock_properties
============================================================================
Clock                   Period          Waveform
----------------------------------------------------
clk                  25.000000    0.000000 12.500000

===========================================================================
report_clock_latency
============================================================================
Clock clk
rise -> rise
    min     max
0.000000 0.000000 source latency
0.288001         network latency _436_/CLK
        0.506908 network latency _479_/CLK
---------------
0.288001 0.506908 latency
        0.218907 skew

rise -> fall
    min     max
0.000000 0.000000 source latency
0.526180         network latency _478_/CLK
        0.526199 network latency _479_/CLK
---------------
0.526180 0.526199 latency
        0.000019 skew

fall -> fall
    min     max
0.000000 0.000000 source latency
0.258437         network latency _436_/CLK
        0.264962 network latency _467_/CLK
---------------
0.258437 0.264962 latency
        0.006525 skew



===========================================================================
report_clock_min_period
============================================================================
clk period_min = 1.81 fmax = 551.00
