
===========================================================================
report_checks -unconstrained
===========================================================================
======================= min_ff_n40C_1v95 Corner ===================================

Startpoint: nrst (input port clocked by clk)
Endpoint: _1289_ (recovery check against rising-edge clock clk)
Path Group: asynchronous
Path Type: max

Fanout         Cap        Slew       Delay        Time   Description
---------------------------------------------------------------------------------------------
                                  0.000000    0.000000   clock clk (rise edge)
                                  0.000000    0.000000   clock network delay (propagated)
                                  5.000000    5.000000 ^ input external delay
     2    0.003535    0.016554    0.009151    5.009151 ^ nrst (in)
                                                         nrst (net)
                      0.016554    0.000000    5.009151 ^ input6/A (sky130_fd_sc_hd__buf_2)
     5    0.042612    0.158210    0.151472    5.160623 ^ input6/X (sky130_fd_sc_hd__buf_2)
                                                         net6 (net)
                      0.158363    0.004045    5.164668 ^ fanout125/A (sky130_fd_sc_hd__buf_4)
    21    0.083385    0.174659    0.194580    5.359248 ^ fanout125/X (sky130_fd_sc_hd__buf_4)
                                                         net125 (net)
                      0.174674    0.001405    5.360653 ^ fanout124/A (sky130_fd_sc_hd__clkbuf_4)
    21    0.067580    0.156327    0.210693    5.571346 ^ fanout124/X (sky130_fd_sc_hd__clkbuf_4)
                                                         net124 (net)
                      0.156386    0.002496    5.573842 ^ fanout122/A (sky130_fd_sc_hd__clkbuf_4)
    21    0.065644    0.151454    0.203963    5.777805 ^ fanout122/X (sky130_fd_sc_hd__clkbuf_4)
                                                         net122 (net)
                      0.151574    0.003497    5.781302 ^ _1289_/RESET_B (sky130_fd_sc_hd__dfrtp_4)
                                              5.781302   data arrival time

                                 25.000000   25.000000   clock clk (rise edge)
                                  0.000000   25.000000   clock source latency
     2    0.028241    0.099069    0.068674   25.068674 ^ clk (in)
                                                         clk (net)
                      0.099094    0.000000   25.068674 ^ clkbuf_0_clk/A (sky130_fd_sc_hd__clkbuf_16)
     9    0.056804    0.057547    0.124773   25.193447 ^ clkbuf_0_clk/X (sky130_fd_sc_hd__clkbuf_16)
                                                         clknet_0_clk (net)
                      0.057549    0.000473   25.193918 ^ clkbuf_2_0__f_clk/A (sky130_fd_sc_hd__clkbuf_16)
    10    0.039598    0.044821    0.104096   25.298016 ^ clkbuf_2_0__f_clk/X (sky130_fd_sc_hd__clkbuf_16)
                                                         clknet_2_0__leaf_clk (net)
                      0.044919    0.001494   25.299509 ^ _1289_/CLK (sky130_fd_sc_hd__dfrtp_4)
                                 -0.250000   25.049509   clock uncertainty
                                  0.000000   25.049509   clock reconvergence pessimism
                                  0.095292   25.144800   library recovery time
                                             25.144800   data required time
---------------------------------------------------------------------------------------------
                                             25.144800   data required time
                                             -5.781302   data arrival time
---------------------------------------------------------------------------------------------
                                             19.363499   slack (MET)


Startpoint: en (input port clocked by clk)
Endpoint: gpio_out[2] (output port clocked by clk)
Path Group: clk
Path Type: max

Fanout         Cap        Slew       Delay        Time   Description
---------------------------------------------------------------------------------------------
                                  0.000000    0.000000   clock clk (rise edge)
                                  0.000000    0.000000   clock network delay (propagated)
                                  5.000000    5.000000 ^ input external delay
     2    0.003297    0.015694    0.008521    5.008521 ^ en (in)
                                                         en (net)
                      0.015694    0.000000    5.008521 ^ input1/A (sky130_fd_sc_hd__dlymetal6s2s_1)
     5    0.023053    0.186269    0.160381    5.168902 ^ input1/X (sky130_fd_sc_hd__dlymetal6s2s_1)
                                                         net1 (net)
                      0.186279    0.001132    5.170034 ^ _1236_/A (sky130_fd_sc_hd__and3_1)
     2    0.012274    0.099099    0.157337    5.327372 ^ _1236_/X (sky130_fd_sc_hd__and3_1)
                                                         _0592_ (net)
                      0.099099    0.000101    5.327473 ^ _1237_/B1 (sky130_fd_sc_hd__o31ai_4)
     7    0.020928    0.062684    0.046127    5.373600 v _1237_/Y (sky130_fd_sc_hd__o31ai_4)
                                                         _0593_ (net)
                      0.062685    0.000257    5.373857 v _1239_/B (sky130_fd_sc_hd__or2_1)
     3    0.007764    0.048497    0.149431    5.523288 v _1239_/X (sky130_fd_sc_hd__or2_1)
                                                         _0595_ (net)
                      0.048497    0.000039    5.523327 v _1240_/B (sky130_fd_sc_hd__or2_1)
     4    0.012066    0.060996    0.159092    5.682419 v _1240_/X (sky130_fd_sc_hd__or2_1)
                                                         _0596_ (net)
                      0.060996    0.000077    5.682497 v _1241_/B (sky130_fd_sc_hd__nor2_1)
     1    0.013559    0.180689    0.158640    5.841136 ^ _1241_/Y (sky130_fd_sc_hd__nor2_1)
                                                         net78 (net)
                      0.180693    0.000739    5.841876 ^ output78/A (sky130_fd_sc_hd__buf_2)
     1    0.034014    0.127453    0.165564    6.007440 ^ output78/X (sky130_fd_sc_hd__buf_2)
                                                         gpio_out[2] (net)
                      0.127453    0.000166    6.007606 ^ gpio_out[2] (out)
                                              6.007606   data arrival time

                                 25.000000   25.000000   clock clk (rise edge)
                                  0.000000   25.000000   clock network delay (propagated)
                                 -0.250000   24.750000   clock uncertainty
                                  0.000000   24.750000   clock reconvergence pessimism
                                 -5.000000   19.750000   output external delay
                                             19.750000   data required time
---------------------------------------------------------------------------------------------
                                             19.750000   data required time
                                             -6.007606   data arrival time
---------------------------------------------------------------------------------------------
                                             13.742394   slack (MET)




===========================================================================
report_checks --slack_max -0.01
============================================================================
======================= min_ff_n40C_1v95 Corner ===================================

No paths found.


===========================================================================
 report_check_types -max_slew -max_cap -max_fanout -violators
============================================================================
======================= min_ff_n40C_1v95 Corner ===================================

max fanout

Pin                                   Limit Fanout  Slack
---------------------------------------------------------
clkbuf_2_1__f_clk/X                      10     25    -15 (VIOLATED)
_0616_/Y                                 10     21    -11 (VIOLATED)
_1005_/X                                 10     21    -11 (VIOLATED)
fanout103/X                              10     21    -11 (VIOLATED)
fanout110/X                              10     21    -11 (VIOLATED)
fanout122/X                              10     21    -11 (VIOLATED)
fanout124/X                              10     21    -11 (VIOLATED)
fanout125/X                              10     21    -11 (VIOLATED)
fanout126/X                              10     21    -11 (VIOLATED)
fanout127/X                              10     21    -11 (VIOLATED)
fanout90/X                               10     21    -11 (VIOLATED)
input11/X                                10     21    -11 (VIOLATED)
input12/X                                10     21    -11 (VIOLATED)
input15/X                                10     21    -11 (VIOLATED)
input8/X                                 10     21    -11 (VIOLATED)
clkbuf_2_2__f_clk/X                      10     19     -9 (VIOLATED)
input14/X                                10     19     -9 (VIOLATED)
input17/X                                10     19     -9 (VIOLATED)
input18/X                                10     19     -9 (VIOLATED)
clkbuf_2_3__f_clk/X                      10     17     -7 (VIOLATED)
fanout120/X                              10     17     -7 (VIOLATED)
input19/X                                10     17     -7 (VIOLATED)
_0632_/X                                 10     15     -5 (VIOLATED)



===========================================================================
report_parasitic_annotation -report_unannotated
============================================================================
Found 129 unannotated drivers.
 gpio_in[0]
 gpio_in[10]
 gpio_in[11]
 gpio_in[12]
 gpio_in[13]
 gpio_in[14]
 gpio_in[15]
 gpio_in[16]
 gpio_in[17]
 gpio_in[18]
 gpio_in[19]
 gpio_in[1]
 gpio_in[20]
 gpio_in[21]
 gpio_in[22]
 gpio_in[23]
 gpio_in[24]
 gpio_in[25]
 gpio_in[26]
 gpio_in[27]
 gpio_in[28]
 gpio_in[29]
 gpio_in[2]
 gpio_in[30]
 gpio_in[31]
 gpio_in[32]
 gpio_in[33]
 gpio_in[3]
 gpio_in[4]
 gpio_in[5]
 gpio_in[6]
 gpio_in[7]
 gpio_in[8]
 gpio_in[9]
 la_data_in[10]
 la_data_in[11]
 la_data_in[12]
 la_data_in[13]
 la_data_in[14]
 la_data_in[15]
 la_data_in[16]
 la_data_in[17]
 la_data_in[18]
 la_data_in[19]
 la_data_in[20]
 la_data_in[21]
 la_data_in[22]
 la_data_in[23]
 la_data_in[24]
 la_data_in[25]
 la_data_in[26]
 la_data_in[27]
 la_data_in[28]
 la_data_in[29]
 la_data_in[2]
 la_data_in[30]
 la_data_in[31]
 la_data_in[3]
 la_data_in[4]
 la_data_in[5]
 la_data_in[6]
 la_data_in[7]
 la_data_in[8]
 la_data_in[9]
 la_oenb[10]
 la_oenb[11]
 la_oenb[12]
 la_oenb[13]
 la_oenb[14]
 la_oenb[15]
 la_oenb[16]
 la_oenb[17]
 la_oenb[18]
 la_oenb[19]
 la_oenb[20]
 la_oenb[21]
 la_oenb[22]
 la_oenb[23]
 la_oenb[24]
 la_oenb[25]
 la_oenb[26]
 la_oenb[27]
 la_oenb[28]
 la_oenb[29]
 la_oenb[2]
 la_oenb[30]
 la_oenb[31]
 la_oenb[3]
 la_oenb[4]
 la_oenb[5]
 la_oenb[6]
 la_oenb[7]
 la_oenb[8]
 la_oenb[9]
 clkload0/Y
 clkload1/Y
 clkload2/Y
 team_00_128/HI
 team_00_129/HI
 team_00_130/HI
 team_00_131/HI
 team_00_132/HI
 team_00_133/HI
 team_00_134/HI
 team_00_135/HI
 team_00_136/HI
 team_00_137/HI
 team_00_138/HI
 team_00_139/HI
 team_00_140/HI
 team_00_141/HI
 team_00_142/HI
 team_00_143/HI
 team_00_144/HI
 team_00_145/HI
 team_00_146/HI
 team_00_147/HI
 team_00_148/HI
 team_00_149/HI
 team_00_150/HI
 team_00_151/HI
 team_00_152/HI
 team_00_153/HI
 team_00_154/HI
 team_00_155/HI
 team_00_156/HI
 team_00_157/HI
 team_00_158/HI
 team_00_159/HI
Found 0 partially unannotated drivers.

===========================================================================
max slew violation count 0
max fanout violation count 23
max cap violation count 0
============================================================================

===========================================================================
check_setup -verbose -unconstrained_endpoints -multiple_clock -no_clock -no_input_delay -loops -generated_clocks
===========================================================================
Warning: There are 32 unconstrained endpoints.
  la_data_out[0]
  la_data_out[10]
  la_data_out[11]
  la_data_out[12]
  la_data_out[13]
  la_data_out[14]
  la_data_out[15]
  la_data_out[16]
  la_data_out[17]
  la_data_out[18]
  la_data_out[19]
  la_data_out[1]
  la_data_out[20]
  la_data_out[21]
  la_data_out[22]
  la_data_out[23]
  la_data_out[24]
  la_data_out[25]
  la_data_out[26]
  la_data_out[27]
  la_data_out[28]
  la_data_out[29]
  la_data_out[2]
  la_data_out[30]
  la_data_out[31]
  la_data_out[3]
  la_data_out[4]
  la_data_out[5]
  la_data_out[6]
  la_data_out[7]
  la_data_out[8]
  la_data_out[9]
