Clock: clk
Sources: clk 
Generated: no
Virtual: yes
Propagated: no
Period: 25.000000

===========================================================================
report_clock_properties
============================================================================
Clock                   Period          Waveform
----------------------------------------------------
clk                  25.000000    0.000000 12.500000

===========================================================================
report_clock_latency
============================================================================
Clock clk
rise -> rise
    min     max
0.000000 0.000000 source latency
0.268857         network latency _1295_/CLK
        0.273317 network latency _1287_/CLK
---------------
0.268857 0.273317 latency
        0.004460 skew

fall -> fall
    min     max
0.000000 0.000000 source latency
0.241805         network latency _1295_/CLK
        0.245179 network latency _1287_/CLK
---------------
0.241805 0.245179 latency
        0.003374 skew



===========================================================================
report_clock_min_period
============================================================================
clk period_min = 3.35 fmax = 298.10
