Reading technology LEF file at '/home/ajwey/CI2605_stuff/nebula-iii/dependencies/pdks/sky130A/libs.ref/sky130_fd_sc_hd/techlef/sky130_fd_sc_hd__min.tlef'…
[INFO ODB-0227] LEF file: /home/ajwey/CI2605_stuff/nebula-iii/dependencies/pdks/sky130A/libs.ref/sky130_fd_sc_hd/techlef/sky130_fd_sc_hd__min.tlef, created 14 layers, 25 vias
Reading cell LEF file at '/home/ajwey/CI2605_stuff/nebula-iii/dependencies/pdks/sky130A/libs.ref/sky130_fd_sc_hd/lef/sky130_ef_sc_hd.lef'…
[WARNING ODB-0220] WARNING (LEFPARS-2008): NOWIREEXTENSIONATPIN statement is obsolete in version 5.6 or later.
The NOWIREEXTENSIONATPIN statement will be ignored. See file /home/ajwey/CI2605_stuff/nebula-iii/dependencies/pdks/sky130A/libs.ref/sky130_fd_sc_hd/lef/sky130_ef_sc_hd.lef at line 2.

[INFO ODB-0227] LEF file: /home/ajwey/CI2605_stuff/nebula-iii/dependencies/pdks/sky130A/libs.ref/sky130_fd_sc_hd/lef/sky130_ef_sc_hd.lef, created 8 library cells
Reading cell LEF file at '/home/ajwey/CI2605_stuff/nebula-iii/dependencies/pdks/sky130A/libs.ref/sky130_fd_sc_hd/lef/sky130_fd_sc_hd.lef'…
[WARNING ODB-0220] WARNING (LEFPARS-2008): NOWIREEXTENSIONATPIN statement is obsolete in version 5.6 or later.
The NOWIREEXTENSIONATPIN statement will be ignored. See file /home/ajwey/CI2605_stuff/nebula-iii/dependencies/pdks/sky130A/libs.ref/sky130_fd_sc_hd/lef/sky130_fd_sc_hd.lef at line 2.

[INFO ODB-0227] LEF file: /home/ajwey/CI2605_stuff/nebula-iii/dependencies/pdks/sky130A/libs.ref/sky130_fd_sc_hd/lef/sky130_fd_sc_hd.lef, created 437 library cells
[INFO ODB-0127] Reading DEF file: /home/ajwey/CI2605_stuff/nebula-iii/openlane/ffram/runs/26_03_04_19_34/53-odb-cellfrequencytables/ffram.def
[INFO ODB-0128] Design: ffram
[INFO ODB-0130]     Created 109 pins.
[INFO ODB-0131]     Created 80393 components and 403492 component-terminals.
[INFO ODB-0132]     Created 2 special nets and 308270 connections.
[INFO ODB-0133]     Created 22083 nets and 94786 connections.
[INFO ODB-0134] Finished DEF file: /home/ajwey/CI2605_stuff/nebula-iii/openlane/ffram/runs/26_03_04_19_34/53-odb-cellfrequencytables/ffram.def
Using RCX ruleset '/home/ajwey/CI2605_stuff/nebula-iii/dependencies/pdks/sky130A/libs.tech/openlane/rules.openrcx.sky130A.min.calibre'…
[INFO RCX-0431] Defined process_corner CURRENT_CORNER with ext_model_index 0
[INFO RCX-0029] Defined extraction corner CURRENT_CORNER
[INFO RCX-0435] Reading extraction model file /home/ajwey/CI2605_stuff/nebula-iii/dependencies/pdks/sky130A/libs.tech/openlane/rules.openrcx.sky130A.min.calibre ...
[INFO RCX-0436] RC segment generation ffram (max_merge_res 50.0) ...
[INFO RCX-0040] Final 127785 rc segments
[INFO RCX-0439] Coupling Cap extraction ffram ...
[INFO RCX-0440] Coupling threshhold is 0.1000 fF, coupling capacitance less than 0.1000 fF will be grounded.
[INFO RCX-0442] 51% of 255366 wires extracted
[INFO RCX-0442] 100% of 255366 wires extracted
[INFO RCX-0045] Extract 22083 nets, 149868 rsegs, 149868 caps, 336636 ccs
Setting global connections for newly added cells…
[INFO] Setting global connections...
Updating metrics…
Cell type report:                       Count       Area
  Fill cell                             30470  168725.57
  Tap cell                               6651    8321.73
  Antenna cell                          20828   52119.99
  Standard cell                         22444  237221.26
  Total                                 80393  466388.55
Writing extracted parasitics to '/home/ajwey/CI2605_stuff/nebula-iii/openlane/ffram/runs/26_03_04_19_34/54-openroad-rcx/min/ffram.min.spef'…
[INFO RCX-0443] 22083 nets finished
