Reading OpenROAD database at '/home/ajwey/CI2605_stuff/nebula-iii/openlane/ffram/runs/26_03_04_19_21/20-openroad-generatepdn/ffram.odb'…
Reading library file at '/home/ajwey/CI2605_stuff/nebula-iii/dependencies/pdks/sky130A/libs.ref/sky130_fd_sc_hd/lib/sky130_fd_sc_hd__tt_025C_1v80.lib'…
Reading design constraints file at '/nix/store/svkrfkkpaij5qb9xjbcwfymcd4s8hczv-python3-3.11.9-env/lib/python3.11/site-packages/librelane/scripts/base.sdc'…
[INFO] Using clock clk…
[INFO] Setting output delay to: 5
[INFO] Setting input delay to: 5
[INFO] Setting load to: 0.033442
[INFO] Setting clock uncertainty to: 0.25
[INFO] Setting clock transition to: 0.1499999999999999944488848768742172978818416595458984375
[INFO] Setting timing derate to: 5%
+ global_placement -density 0.5 -skip_io -pad_right 0 -pad_left 0 -init_wirelength_coef 0.25
[INFO GPL-0002] DBU: 1000
[INFO GPL-0003] SiteSize: (  0.460  2.720 ) um
[INFO GPL-0004] CoreBBox: (  5.520 10.880 ) ( 694.140 688.160 ) um
[INFO GPL-0006] NumInstances:             22516
[INFO GPL-0007] NumPlaceInstances:        15367
[INFO GPL-0008] NumFixedInstances:         7149
[INFO GPL-0009] NumDummyInstances:            0
[INFO GPL-0010] NumNets:                  15442
[INFO GPL-0011] NumPins:                  60240
[INFO GPL-0012] DieBBox:  (  0.000  0.000 ) ( 700.000 700.000 ) um
[INFO GPL-0013] CoreBBox: (  5.520 10.880 ) ( 694.140 688.160 ) um
[INFO GPL-0016] CoreArea:            466388.554 um^2
[INFO GPL-0017] NonPlaceInstsArea:    10191.024 um^2
[INFO GPL-0018] PlaceInstsArea:      187130.723 um^2
[INFO GPL-0019] Util:                    41.020 %
[INFO GPL-0020] StdInstsArea:        187130.723 um^2
[INFO GPL-0021] MacroInstsArea:           0.000 um^2
[INFO GPL-0031] FillerInit:NumGCells:     18780
[INFO GPL-0032] FillerInit:NumGNets:      15442
[INFO GPL-0033] FillerInit:NumGPins:      60240
[INFO GPL-0023] TargetDensity:            0.500
[INFO GPL-0024] AvrgPlaceInstArea:       12.177 um^2
[INFO GPL-0025] IdealBinArea:            24.355 um^2
[INFO GPL-0026] IdealBinCnt:              19149
[INFO GPL-0027] TotalBinArea:        466388.554 um^2
[INFO GPL-0028] BinCnt:       128    128
[INFO GPL-0029] BinSize: (  5.380  5.292 )
[INFO GPL-0030] NumBins: 16384
[NesterovSolve] Iter:    1 overflow: 1.000 HPWL: 48061419
[NesterovSolve] Iter:   10 overflow: 0.999 HPWL: 32255633
[NesterovSolve] Iter:   20 overflow: 0.999 HPWL: 31760828
[NesterovSolve] Iter:   30 overflow: 0.999 HPWL: 31800418
[NesterovSolve] Iter:   40 overflow: 0.999 HPWL: 31800408
[NesterovSolve] Iter:   50 overflow: 0.999 HPWL: 31772570
[NesterovSolve] Iter:   60 overflow: 0.999 HPWL: 31778539
[NesterovSolve] Iter:   70 overflow: 0.999 HPWL: 31775317
[NesterovSolve] Iter:   80 overflow: 0.999 HPWL: 31763150
[NesterovSolve] Iter:   90 overflow: 0.999 HPWL: 31757979
[NesterovSolve] Iter:  100 overflow: 0.999 HPWL: 31768561
[NesterovSolve] Iter:  110 overflow: 0.999 HPWL: 31860318
[NesterovSolve] Iter:  120 overflow: 0.999 HPWL: 32409463
[NesterovSolve] Iter:  130 overflow: 0.999 HPWL: 34856965
[NesterovSolve] Iter:  140 overflow: 0.998 HPWL: 42703951
[NesterovSolve] Iter:  150 overflow: 0.996 HPWL: 55335810
[NesterovSolve] Iter:  160 overflow: 0.994 HPWL: 65494356
[NesterovSolve] Iter:  170 overflow: 0.991 HPWL: 73961830
[NesterovSolve] Iter:  180 overflow: 0.987 HPWL: 86166504
[NesterovSolve] Iter:  190 overflow: 0.981 HPWL: 103705759
[NesterovSolve] Iter:  200 overflow: 0.971 HPWL: 124448923
[NesterovSolve] Iter:  210 overflow: 0.958 HPWL: 147493666
[NesterovSolve] Iter:  220 overflow: 0.940 HPWL: 174207364
[NesterovSolve] Iter:  230 overflow: 0.916 HPWL: 203416873
[NesterovSolve] Iter:  240 overflow: 0.887 HPWL: 233585453
[NesterovSolve] Iter:  250 overflow: 0.851 HPWL: 265103772
[NesterovSolve] Iter:  260 overflow: 0.807 HPWL: 293796451
[NesterovSolve] Iter:  270 overflow: 0.755 HPWL: 319148123
[NesterovSolve] Iter:  280 overflow: 0.693 HPWL: 339189300
[NesterovSolve] Iter:  290 overflow: 0.630 HPWL: 359928313
[NesterovSolve] Iter:  300 overflow: 0.561 HPWL: 398105999
[NesterovSolve] Iter:  310 overflow: 0.525 HPWL: 420886721
[NesterovSolve] Iter:  320 overflow: 0.487 HPWL: 424089157
[NesterovSolve] Iter:  330 overflow: 0.466 HPWL: 418180750
[NesterovSolve] Iter:  340 overflow: 0.424 HPWL: 430114001
[NesterovSolve] Iter:  350 overflow: 0.394 HPWL: 428264051
[NesterovSolve] Iter:  360 overflow: 0.364 HPWL: 421727896
[NesterovSolve] Iter:  370 overflow: 0.332 HPWL: 420811790
[NesterovSolve] Iter:  380 overflow: 0.307 HPWL: 417152331
[NesterovSolve] Iter:  390 overflow: 0.277 HPWL: 415671265
[NesterovSolve] Iter:  400 overflow: 0.252 HPWL: 414972909
[NesterovSolve] Iter:  410 overflow: 0.225 HPWL: 414876263
[NesterovSolve] Iter:  420 overflow: 0.196 HPWL: 415048856
[NesterovSolve] Iter:  430 overflow: 0.170 HPWL: 415600438
[NesterovSolve] Iter:  440 overflow: 0.147 HPWL: 416213831
[NesterovSolve] Iter:  450 overflow: 0.124 HPWL: 416924466
[NesterovSolve] Iter:  460 overflow: 0.105 HPWL: 417557638
[NesterovSolve] Finished with Overflow: 0.098899
[INFO] Setting RC values…
Setting global connections for newly added cells…
[INFO] Setting global connections...
Updating metrics…
Cell type report:                       Count       Area
  Fill cell                               498    1869.29
  Tap cell                               6651    8321.73
  Inverter                                  4      15.01
  Sequential cell                        4096   87123.56
  Multi-Input combinational cell        11267   99992.15
  Total                                 22516  197321.75
Writing OpenROAD database to '/home/ajwey/CI2605_stuff/nebula-iii/openlane/ffram/runs/26_03_04_19_21/23-openroad-globalplacementskipio/ffram.odb'…
Writing netlist to '/home/ajwey/CI2605_stuff/nebula-iii/openlane/ffram/runs/26_03_04_19_21/23-openroad-globalplacementskipio/ffram.nl.v'…
Writing powered netlist to '/home/ajwey/CI2605_stuff/nebula-iii/openlane/ffram/runs/26_03_04_19_21/23-openroad-globalplacementskipio/ffram.pnl.v'…
Writing layout to '/home/ajwey/CI2605_stuff/nebula-iii/openlane/ffram/runs/26_03_04_19_21/23-openroad-globalplacementskipio/ffram.def'…
Writing timing constraints to '/home/ajwey/CI2605_stuff/nebula-iii/openlane/ffram/runs/26_03_04_19_21/23-openroad-globalplacementskipio/ffram.sdc'…
