
===========================================================================
report_checks -unconstrained
===========================================================================
======================= max_ff_n40C_1v95 Corner ===================================

Startpoint: nrst (input port clocked by clk)
Endpoint: _1301_ (recovery check against rising-edge clock clk)
Path Group: asynchronous
Path Type: max

Fanout         Cap        Slew       Delay        Time   Description
---------------------------------------------------------------------------------------------
                                  0.000000    0.000000   clock clk (rise edge)
                                  0.000000    0.000000   clock network delay (propagated)
                                  5.000000    5.000000 ^ input external delay
     2    0.004888    0.021307    0.012747    5.012747 ^ nrst (in)
                                                         nrst (net)
                      0.021310    0.000000    5.012747 ^ input6/A (sky130_fd_sc_hd__clkbuf_2)
     7    0.037135    0.157121    0.148250    5.160996 ^ input6/X (sky130_fd_sc_hd__clkbuf_2)
                                                         net6 (net)
                      0.157386    0.005262    5.166258 ^ fanout123/A (sky130_fd_sc_hd__clkbuf_4)
    21    0.069176    0.159890    0.208477    5.374735 ^ fanout123/X (sky130_fd_sc_hd__clkbuf_4)
                                                         net123 (net)
                      0.160317    0.006702    5.381437 ^ fanout122/A (sky130_fd_sc_hd__clkbuf_4)
    10    0.053631    0.126647    0.185530    5.566967 ^ fanout122/X (sky130_fd_sc_hd__clkbuf_4)
                                                         net122 (net)
                      0.126677    0.001629    5.568596 ^ _1301_/RESET_B (sky130_fd_sc_hd__dfrtp_4)
                                              5.568596   data arrival time

                                 25.000000   25.000000   clock clk (rise edge)
                                  0.000000   25.000000   clock source latency
     2    0.025074    0.088560    0.061284   25.061283 ^ clk (in)
                                                         clk (net)
                      0.088587    0.000000   25.061283 ^ clkbuf_0_clk/A (sky130_fd_sc_hd__clkbuf_16)
     4    0.041701    0.046724    0.113172   25.174456 ^ clkbuf_0_clk/X (sky130_fd_sc_hd__clkbuf_16)
                                                         clknet_0_clk (net)
                      0.046806    0.001640   25.176094 ^ clkbuf_2_3__f_clk/A (sky130_fd_sc_hd__clkbuf_16)
    12    0.046526    0.049742    0.104412   25.280508 ^ clkbuf_2_3__f_clk/X (sky130_fd_sc_hd__clkbuf_16)
                                                         clknet_2_3__leaf_clk (net)
                      0.049956    0.002290   25.282797 ^ _1301_/CLK (sky130_fd_sc_hd__dfrtp_4)
                                 -0.250000   25.032799   clock uncertainty
                                  0.000000   25.032799   clock reconvergence pessimism
                                  0.103943   25.136742   library recovery time
                                             25.136742   data required time
---------------------------------------------------------------------------------------------
                                             25.136742   data required time
                                             -5.568596   data arrival time
---------------------------------------------------------------------------------------------
                                             19.568146   slack (MET)


Startpoint: en (input port clocked by clk)
Endpoint: gpio_out[1] (output port clocked by clk)
Path Group: clk
Path Type: max

Fanout         Cap        Slew       Delay        Time   Description
---------------------------------------------------------------------------------------------
                                  0.000000    0.000000   clock clk (rise edge)
                                  0.000000    0.000000   clock network delay (propagated)
                                  5.000000    5.000000 ^ input external delay
     2    0.004346    0.019417    0.011344    5.011344 ^ en (in)
                                                         en (net)
                      0.019419    0.000000    5.011344 ^ input1/A (sky130_fd_sc_hd__clkbuf_2)
    11    0.038166    0.161350    0.149752    5.161096 ^ input1/X (sky130_fd_sc_hd__clkbuf_2)
                                                         net1 (net)
                      0.161812    0.007005    5.168101 ^ _0606_/A (sky130_fd_sc_hd__inv_2)
     7    0.031127    0.076678    0.069813    5.237914 v _0606_/Y (sky130_fd_sc_hd__inv_2)
                                                         net48 (net)
                      0.076789    0.002458    5.240372 v fanout118/A (sky130_fd_sc_hd__buf_2)
    21    0.053941    0.091230    0.156521    5.396893 v fanout118/X (sky130_fd_sc_hd__buf_2)
                                                         net118 (net)
                      0.091699    0.005360    5.402253 v fanout117/A (sky130_fd_sc_hd__buf_2)
    10    0.036007    0.066840    0.141146    5.543399 v fanout117/X (sky130_fd_sc_hd__buf_2)
                                                         net117 (net)
                      0.066855    0.000878    5.544277 v _1232_/B (sky130_fd_sc_hd__or3_1)
     1    0.001998    0.038917    0.198475    5.742751 v _1232_/X (sky130_fd_sc_hd__or3_1)
                                                         _0589_ (net)
                      0.038917    0.000144    5.742895 v _1233_/B (sky130_fd_sc_hd__or4b_1)
     1    0.005316    0.063948    0.297125    6.040020 v _1233_/X (sky130_fd_sc_hd__or4b_1)
                                                         _0590_ (net)
                      0.063972    0.000403    6.040423 v _1234_/A (sky130_fd_sc_hd__inv_2)
     1    0.002312    0.022033    0.036112    6.076535 ^ _1234_/Y (sky130_fd_sc_hd__inv_2)
                                                         net67 (net)
                      0.022033    0.000158    6.076694 ^ output67/A (sky130_fd_sc_hd__buf_2)
     1    0.034305    0.128078    0.134017    6.210711 ^ output67/X (sky130_fd_sc_hd__buf_2)
                                                         gpio_out[1] (net)
                      0.128107    0.001611    6.212321 ^ gpio_out[1] (out)
                                              6.212321   data arrival time

                                 25.000000   25.000000   clock clk (rise edge)
                                  0.000000   25.000000   clock network delay (propagated)
                                 -0.250000   24.750000   clock uncertainty
                                  0.000000   24.750000   clock reconvergence pessimism
                                 -5.000000   19.750000   output external delay
                                             19.750000   data required time
---------------------------------------------------------------------------------------------
                                             19.750000   data required time
                                             -6.212321   data arrival time
---------------------------------------------------------------------------------------------
                                             13.537678   slack (MET)




===========================================================================
report_checks --slack_max -0.01
============================================================================
======================= max_ff_n40C_1v95 Corner ===================================

No paths found.


===========================================================================
 report_check_types -max_slew -max_cap -max_fanout -violators
============================================================================
======================= max_ff_n40C_1v95 Corner ===================================

max fanout

Pin                                   Limit Fanout  Slack
---------------------------------------------------------
_1005_/X                                 10     21    -11 (VIOLATED)
fanout114/X                              10     21    -11 (VIOLATED)
fanout118/X                              10     21    -11 (VIOLATED)
fanout123/X                              10     21    -11 (VIOLATED)
fanout124/X                              10     21    -11 (VIOLATED)
fanout90/X                               10     21    -11 (VIOLATED)
fanout98/X                               10     21    -11 (VIOLATED)
input12/X                                10     21    -11 (VIOLATED)
input15/X                                10     21    -11 (VIOLATED)
input8/X                                 10     21    -11 (VIOLATED)
input14/X                                10     19     -9 (VIOLATED)
input18/X                                10     19     -9 (VIOLATED)
_0949_/X                                 10     13     -3 (VIOLATED)
_0962_/X                                 10     13     -3 (VIOLATED)
clkbuf_2_3__f_clk/X                      10     12     -2 (VIOLATED)
_0950_/Y                                 10     11        (VIOLATED)
input1/X                                 10     11        (VIOLATED)



===========================================================================
report_parasitic_annotation -report_unannotated
============================================================================
Found 129 unannotated drivers.
 gpio_in[0]
 gpio_in[10]
 gpio_in[11]
 gpio_in[12]
 gpio_in[13]
 gpio_in[14]
 gpio_in[15]
 gpio_in[16]
 gpio_in[17]
 gpio_in[18]
 gpio_in[19]
 gpio_in[1]
 gpio_in[20]
 gpio_in[21]
 gpio_in[22]
 gpio_in[23]
 gpio_in[24]
 gpio_in[25]
 gpio_in[26]
 gpio_in[27]
 gpio_in[28]
 gpio_in[29]
 gpio_in[2]
 gpio_in[30]
 gpio_in[31]
 gpio_in[32]
 gpio_in[33]
 gpio_in[3]
 gpio_in[4]
 gpio_in[5]
 gpio_in[6]
 gpio_in[7]
 gpio_in[8]
 gpio_in[9]
 la_data_in[10]
 la_data_in[11]
 la_data_in[12]
 la_data_in[13]
 la_data_in[14]
 la_data_in[15]
 la_data_in[16]
 la_data_in[17]
 la_data_in[18]
 la_data_in[19]
 la_data_in[20]
 la_data_in[21]
 la_data_in[22]
 la_data_in[23]
 la_data_in[24]
 la_data_in[25]
 la_data_in[26]
 la_data_in[27]
 la_data_in[28]
 la_data_in[29]
 la_data_in[2]
 la_data_in[30]
 la_data_in[31]
 la_data_in[3]
 la_data_in[4]
 la_data_in[5]
 la_data_in[6]
 la_data_in[7]
 la_data_in[8]
 la_data_in[9]
 la_oenb[10]
 la_oenb[11]
 la_oenb[12]
 la_oenb[13]
 la_oenb[14]
 la_oenb[15]
 la_oenb[16]
 la_oenb[17]
 la_oenb[18]
 la_oenb[19]
 la_oenb[20]
 la_oenb[21]
 la_oenb[22]
 la_oenb[23]
 la_oenb[24]
 la_oenb[25]
 la_oenb[26]
 la_oenb[27]
 la_oenb[28]
 la_oenb[29]
 la_oenb[2]
 la_oenb[30]
 la_oenb[31]
 la_oenb[3]
 la_oenb[4]
 la_oenb[5]
 la_oenb[6]
 la_oenb[7]
 la_oenb[8]
 la_oenb[9]
 clkload0/Y
 clkload1/Y
 clkload2/Y
 team_00_126/HI
 team_00_127/HI
 team_00_128/HI
 team_00_129/HI
 team_00_130/HI
 team_00_131/HI
 team_00_132/HI
 team_00_133/HI
 team_00_134/HI
 team_00_135/HI
 team_00_136/HI
 team_00_137/HI
 team_00_138/HI
 team_00_139/HI
 team_00_140/HI
 team_00_141/HI
 team_00_142/HI
 team_00_143/HI
 team_00_144/HI
 team_00_145/HI
 team_00_146/HI
 team_00_147/HI
 team_00_148/HI
 team_00_149/HI
 team_00_150/HI
 team_00_151/HI
 team_00_152/HI
 team_00_153/HI
 team_00_154/HI
 team_00_155/HI
 team_00_156/HI
 team_00_157/HI
Found 0 partially unannotated drivers.

===========================================================================
max slew violation count 0
max fanout violation count 17
max cap violation count 0
============================================================================

===========================================================================
check_setup -verbose -unconstrained_endpoints -multiple_clock -no_clock -no_input_delay -loops -generated_clocks
===========================================================================
Warning: There are 32 unconstrained endpoints.
  la_data_out[0]
  la_data_out[10]
  la_data_out[11]
  la_data_out[12]
  la_data_out[13]
  la_data_out[14]
  la_data_out[15]
  la_data_out[16]
  la_data_out[17]
  la_data_out[18]
  la_data_out[19]
  la_data_out[1]
  la_data_out[20]
  la_data_out[21]
  la_data_out[22]
  la_data_out[23]
  la_data_out[24]
  la_data_out[25]
  la_data_out[26]
  la_data_out[27]
  la_data_out[28]
  la_data_out[29]
  la_data_out[2]
  la_data_out[30]
  la_data_out[31]
  la_data_out[3]
  la_data_out[4]
  la_data_out[5]
  la_data_out[6]
  la_data_out[7]
  la_data_out[8]
  la_data_out[9]
