Clock: clk
Sources: clk 
Generated: no
Virtual: yes
Propagated: no
Period: 25.000000

===========================================================================
report_clock_properties
============================================================================
Clock                   Period          Waveform
----------------------------------------------------
clk                  25.000000    0.000000 12.500000

===========================================================================
report_clock_latency
============================================================================
Clock clk
rise -> rise
    min     max
0.000000 0.000000 source latency
0.314778         network latency _1294_/CLK
        0.335099 network latency _1305_/CLK
---------------
0.314778 0.335099 latency
        0.020321 skew

fall -> fall
    min     max
0.000000 0.000000 source latency
0.271974         network latency _1294_/CLK
        0.287404 network latency _1305_/CLK
---------------
0.271974 0.287404 latency
        0.015429 skew



===========================================================================
report_clock_min_period
============================================================================
clk period_min = 3.55 fmax = 281.84
