Clock: clk
Sources: clk 
Generated: no
Virtual: yes
Propagated: no
Period: 25.000000

===========================================================================
report_clock_properties
============================================================================
Clock                   Period          Waveform
----------------------------------------------------
clk                  25.000000    0.000000 12.500000

===========================================================================
report_clock_latency
============================================================================
Clock clk
rise -> rise
    min     max
0.000000 0.000000 source latency
0.416689         network latency _436_/CLK
        0.758058 network latency _479_/CLK
---------------
0.416689 0.758058 latency
        0.341369 skew

rise -> fall
    min     max
0.000000 0.000000 source latency
0.791072         network latency _478_/CLK
        0.791090 network latency _479_/CLK
---------------
0.791072 0.791090 latency
        0.000019 skew

fall -> fall
    min     max
0.000000 0.000000 source latency
0.378576         network latency _436_/CLK
        0.385266 network latency _467_/CLK
---------------
0.378576 0.385266 latency
        0.006690 skew



===========================================================================
report_clock_min_period
============================================================================
clk period_min = 2.99 fmax = 333.94
