
===========================================================================
report_checks -unconstrained
===========================================================================
======================= min_ff_n40C_1v95 Corner ===================================

Startpoint: nrst (input port clocked by clk)
Endpoint: _3423_ (recovery check against rising-edge clock clk)
Path Group: asynchronous
Path Type: max

Fanout         Cap        Slew       Delay        Time   Description
---------------------------------------------------------------------------------------------
                                  0.000000    0.000000   clock clk (rise edge)
                                  0.000000    0.000000   clock network delay (propagated)
                                 20.000000   20.000000 ^ input external delay
     2    0.014537    0.053628    0.036122   20.036123 ^ nrst (in)
                                                         nrst (net)
                      0.053630    0.000000   20.036123 ^ input70/A (sky130_fd_sc_hd__buf_2)
     5    0.052975    0.194950    0.190092   20.226213 ^ input70/X (sky130_fd_sc_hd__buf_2)
                                                         net70 (net)
                      0.194954    0.000753   20.226967 ^ fanout240/A (sky130_fd_sc_hd__clkbuf_2)
     5    0.041241    0.173371    0.193729   20.420696 ^ fanout240/X (sky130_fd_sc_hd__clkbuf_2)
                                                         net240 (net)
                      0.173373    0.000446   20.421143 ^ fanout239/A (sky130_fd_sc_hd__buf_2)
     6    0.057699    0.211545    0.222597   20.643740 ^ fanout239/X (sky130_fd_sc_hd__buf_2)
                                                         net239 (net)
                      0.211549    0.000838   20.644579 ^ fanout232/A (sky130_fd_sc_hd__clkbuf_2)
     6    0.030413    0.130303    0.165597   20.810175 ^ fanout232/X (sky130_fd_sc_hd__clkbuf_2)
                                                         net232 (net)
                      0.130303    0.000096   20.810272 ^ fanout231/A (sky130_fd_sc_hd__clkbuf_4)
    10    0.049600    0.117459    0.176220   20.986492 ^ fanout231/X (sky130_fd_sc_hd__clkbuf_4)
                                                         net231 (net)
                      0.117472    0.001299   20.987789 ^ _3423_/SET_B (sky130_fd_sc_hd__dfstp_1)
                                             20.987789   data arrival time

                                100.000000  100.000000   clock clk (rise edge)
                                  0.000000  100.000000   clock source latency
     1    0.032530    0.112955    0.079226  100.079224 ^ clk (in)
                                                         clk (net)
                      0.113059    0.000000  100.079224 ^ clkbuf_0_clk/A (sky130_fd_sc_hd__clkbuf_16)
     4    0.066412    0.064602    0.133845  100.213066 ^ clkbuf_0_clk/X (sky130_fd_sc_hd__clkbuf_16)
                                                         clknet_0_clk (net)
                      0.064613    0.000846  100.213913 ^ clkbuf_2_2__f_clk/A (sky130_fd_sc_hd__clkbuf_16)
     9    0.067587    0.064973    0.121446  100.335358 ^ clkbuf_2_2__f_clk/X (sky130_fd_sc_hd__clkbuf_16)
                                                         clknet_2_2__leaf_clk (net)
                      0.064988    0.000988  100.336349 ^ _3423_/CLK (sky130_fd_sc_hd__dfstp_1)
                                 -0.250000  100.086349   clock uncertainty
                                  0.000000  100.086349   clock reconvergence pessimism
                                  0.091506  100.177856   library recovery time
                                            100.177856   data required time
---------------------------------------------------------------------------------------------
                                            100.177856   data required time
                                            -20.987789   data arrival time
---------------------------------------------------------------------------------------------
                                             79.190063   slack (MET)


Startpoint: config_en (input port clocked by clk)
Endpoint: CBnorth_out[12] (output port clocked by clk)
Path Group: clk
Path Type: max

Fanout         Cap        Slew       Delay        Time   Description
---------------------------------------------------------------------------------------------
                                  0.000000    0.000000   clock clk (rise edge)
                                  0.000000    0.000000   clock network delay (propagated)
                                 20.000000   20.000000 ^ input external delay
     1    0.006520    0.026785    0.016675   20.016676 ^ config_en (in)
                                                         config_en (net)
                      0.026786    0.000000   20.016676 ^ input66/A (sky130_fd_sc_hd__buf_1)
     2    0.025277    0.223013    0.182249   20.198923 ^ input66/X (sky130_fd_sc_hd__buf_1)
                                                         net66 (net)
                      0.223013    0.000329   20.199253 ^ fanout289/A (sky130_fd_sc_hd__buf_2)
     6    0.062071    0.227169    0.237296   20.436548 ^ fanout289/X (sky130_fd_sc_hd__buf_2)
                                                         net289 (net)
                      0.227207    0.002455   20.439005 ^ fanout286/A (sky130_fd_sc_hd__buf_2)
     8    0.052818    0.194022    0.215810   20.654814 ^ fanout286/X (sky130_fd_sc_hd__buf_2)
                                                         net286 (net)
                      0.194027    0.000870   20.655684 ^ fanout281/A (sky130_fd_sc_hd__clkbuf_4)
    10    0.051666    0.122593    0.189807   20.845491 ^ fanout281/X (sky130_fd_sc_hd__clkbuf_4)
                                                         net281 (net)
                      0.122597    0.000902   20.846394 ^ _1620_/A (sky130_fd_sc_hd__inv_2)
    10    0.052099    0.089759    0.097110   20.943504 v _1620_/Y (sky130_fd_sc_hd__inv_2)
                                                         _1502_ (net)
                      0.089792    0.001428   20.944931 v _2096_/C1 (sky130_fd_sc_hd__o311a_2)
     5    0.029042    0.084288    0.132063   21.076996 v _2096_/X (sky130_fd_sc_hd__o311a_2)
                                                         _0730_ (net)
                      0.084294    0.000767   21.077763 v _2099_/A (sky130_fd_sc_hd__and2_2)
     8    0.046396    0.088125    0.191873   21.269636 v _2099_/X (sky130_fd_sc_hd__and2_2)
                                                         _0733_ (net)
                      0.088161    0.001707   21.271343 v _2100_/B1 (sky130_fd_sc_hd__o221a_1)
     1    0.003457    0.035026    0.155957   21.427299 v _2100_/X (sky130_fd_sc_hd__o221a_1)
                                                         _0734_ (net)
                      0.035026    0.000043   21.427341 v _2101_/B2 (sky130_fd_sc_hd__a221oi_1)
     1    0.002783    0.125160    0.132163   21.559505 ^ _2101_/Y (sky130_fd_sc_hd__a221oi_1)
                                                         _0735_ (net)
                      0.125160    0.000012   21.559517 ^ _2102_/B2 (sky130_fd_sc_hd__a221o_2)
     6    0.030127    0.119633    0.169072   21.728590 ^ _2102_/X (sky130_fd_sc_hd__a221o_2)
                                                         _0736_ (net)
                      0.119634    0.000616   21.729206 ^ _2107_/A (sky130_fd_sc_hd__nand2_2)
     8    0.040865    0.112342    0.111822   21.841028 v _2107_/Y (sky130_fd_sc_hd__nand2_2)
                                                         _0741_ (net)
                      0.112345    0.000535   21.841562 v _2146_/S (sky130_fd_sc_hd__mux2_1)
     1    0.003590    0.035334    0.159142   22.000704 ^ _2146_/X (sky130_fd_sc_hd__mux2_1)
                                                         _0780_ (net)
                      0.035334    0.000041   22.000746 ^ _2182_/A2 (sky130_fd_sc_hd__o211a_1)
     1    0.002728    0.027422    0.075644   22.076389 ^ _2182_/X (sky130_fd_sc_hd__o211a_1)
                                                         _0816_ (net)
                      0.027422    0.000012   22.076403 ^ _2233_/B2 (sky130_fd_sc_hd__o32a_2)
     3    0.033288    0.129753    0.133866   22.210268 ^ _2233_/X (sky130_fd_sc_hd__o32a_2)
                                                         _0867_ (net)
                      0.129757    0.000618   22.210886 ^ _2237_/A2 (sky130_fd_sc_hd__o211a_1)
     3    0.034369    0.218063    0.226438   22.437325 ^ _2237_/X (sky130_fd_sc_hd__o211a_1)
                                                         CB_0.le_outA (net)
                      0.218065    0.000588   22.437912 ^ fanout152/A (sky130_fd_sc_hd__buf_2)
     9    0.038588    0.143643    0.180304   22.618216 ^ fanout152/X (sky130_fd_sc_hd__buf_2)
                                                         net152 (net)
                      0.143703    0.001153   22.619368 ^ _1720_/A (sky130_fd_sc_hd__inv_2)
     4    0.012184    0.046057    0.038167   22.657536 v _1720_/Y (sky130_fd_sc_hd__inv_2)
                                                         _1602_ (net)
                      0.046057    0.000053   22.657589 v _1746_/A (sky130_fd_sc_hd__or3_1)
     1    0.002616    0.041587    0.210727   22.868317 v _1746_/X (sky130_fd_sc_hd__or3_1)
                                                         _0380_ (net)
                      0.041587    0.000023   22.868340 v _1747_/B1 (sky130_fd_sc_hd__o311a_1)
     1    0.007602    0.053902    0.091644   22.959984 v _1747_/X (sky130_fd_sc_hd__o311a_1)
                                                         _0381_ (net)
                      0.053902    0.000144   22.960127 v _1748_/B1 (sky130_fd_sc_hd__a211oi_2)
     2    0.014066    0.221437    0.167161   23.127287 ^ _1748_/Y (sky130_fd_sc_hd__a211oi_2)
                                                         _0382_ (net)
                      0.221437    0.000144   23.127432 ^ _2400_/B1 (sky130_fd_sc_hd__o21ai_4)
     9    0.042182    0.091358    0.081554   23.208986 v _2400_/Y (sky130_fd_sc_hd__o21ai_4)
                                                         _1030_ (net)
                      0.091457    0.002329   23.211315 v _2401_/B (sky130_fd_sc_hd__or2_1)
     1    0.003117    0.033470    0.141727   23.353041 v _2401_/X (sky130_fd_sc_hd__or2_1)
                                                         _1031_ (net)
                      0.033470    0.000032   23.353073 v _2417_/A2 (sky130_fd_sc_hd__a31o_1)
     1    0.001938    0.023793    0.123341   23.476414 v _2417_/X (sky130_fd_sc_hd__a31o_1)
                                                         _1047_ (net)
                      0.023793    0.000016   23.476431 v _2438_/B (sky130_fd_sc_hd__and4_2)
     6    0.067720    0.119430    0.217446   23.693876 v _2438_/X (sky130_fd_sc_hd__and4_2)
                                                         _1068_ (net)
                      0.119803    0.005032   23.698908 v _2483_/A1 (sky130_fd_sc_hd__o21ai_4)
     8    0.042526    0.242904    0.248599   23.947508 ^ _2483_/Y (sky130_fd_sc_hd__o21ai_4)
                                                         _1113_ (net)
                      0.242907    0.000620   23.948128 ^ _2522_/S (sky130_fd_sc_hd__mux2_1)
     1    0.007966    0.062089    0.132221   24.080349 ^ _2522_/X (sky130_fd_sc_hd__mux2_1)
                                                         _1152_ (net)
                      0.062089    0.000258   24.080606 ^ _2560_/A2 (sky130_fd_sc_hd__o211a_1)
     1    0.008667    0.061637    0.107375   24.187983 ^ _2560_/X (sky130_fd_sc_hd__o211a_1)
                                                         _1190_ (net)
                      0.061637    0.000233   24.188215 ^ _2606_/B2 (sky130_fd_sc_hd__o32a_1)
     3    0.015038    0.120159    0.126578   24.314793 ^ _2606_/X (sky130_fd_sc_hd__o32a_1)
                                                         _1236_ (net)
                      0.120159    0.000213   24.315006 ^ _2609_/A2 (sky130_fd_sc_hd__o211a_1)
     2    0.031189    0.198570    0.211838   24.526844 ^ _2609_/X (sky130_fd_sc_hd__o211a_1)
                                                         CB_1.le_outA (net)
                      0.198571    0.000311   24.527155 ^ fanout144/A (sky130_fd_sc_hd__clkbuf_4)
    10    0.057375    0.134749    0.199208   24.726362 ^ fanout144/X (sky130_fd_sc_hd__clkbuf_4)
                                                         net144 (net)
                      0.134854    0.003082   24.729445 ^ _1721_/A (sky130_fd_sc_hd__inv_2)
     3    0.029368    0.067022    0.066759   24.796204 v _1721_/Y (sky130_fd_sc_hd__inv_2)
                                                         _1603_ (net)
                      0.067065    0.001412   24.797615 v fanout143/A (sky130_fd_sc_hd__clkbuf_4)
    10    0.058371    0.086859    0.162448   24.960064 v fanout143/X (sky130_fd_sc_hd__clkbuf_4)
                                                         net143 (net)
                      0.087100    0.003526   24.963589 v _1839_/B (sky130_fd_sc_hd__and3b_1)
     2    0.005329    0.034807    0.130864   25.094454 v _1839_/X (sky130_fd_sc_hd__and3b_1)
                                                         _0473_ (net)
                      0.034807    0.000025   25.094479 v _1843_/C1 (sky130_fd_sc_hd__a221o_1)
     1    0.008348    0.052303    0.113948   25.208426 v _1843_/X (sky130_fd_sc_hd__a221o_1)
                                                         _0477_ (net)
                      0.052303    0.000217   25.208643 v _1855_/A2 (sky130_fd_sc_hd__a311o_2)
     6    0.031937    0.089139    0.291282   25.499926 v _1855_/X (sky130_fd_sc_hd__a311o_2)
                                                         _0489_ (net)
                      0.089142    0.000671   25.500597 v _1858_/A (sky130_fd_sc_hd__nor2_2)
     7    0.037464    0.295562    0.266860   25.767456 ^ _1858_/Y (sky130_fd_sc_hd__nor2_2)
                                                         _0492_ (net)
                      0.295562    0.000425   25.767881 ^ _2252_/B (sky130_fd_sc_hd__nand2_1)
     1    0.003591    0.058516    0.040517   25.808397 v _2252_/Y (sky130_fd_sc_hd__nand2_1)
                                                         _0884_ (net)
                      0.058516    0.000044   25.808443 v _2256_/A2 (sky130_fd_sc_hd__a31o_1)
     1    0.003298    0.028214    0.139559   25.948002 v _2256_/X (sky130_fd_sc_hd__a31o_1)
                                                         _0888_ (net)
                      0.028214    0.000044   25.948046 v _2265_/B (sky130_fd_sc_hd__and4_2)
     5    0.025450    0.062789    0.166491   26.114536 v _2265_/X (sky130_fd_sc_hd__and4_2)
                                                         _0897_ (net)
                      0.062798    0.000787   26.115324 v _2273_/A1 (sky130_fd_sc_hd__o21ai_4)
     9    0.037401    0.219529    0.212536   26.327860 ^ _2273_/Y (sky130_fd_sc_hd__o21ai_4)
                                                         _0905_ (net)
                      0.219532    0.000629   26.328489 ^ _2344_/S (sky130_fd_sc_hd__mux2_1)
     1    0.003433    0.040649    0.196342   26.524832 v _2344_/X (sky130_fd_sc_hd__mux2_1)
                                                         _0976_ (net)
                      0.040649    0.000041   26.524872 v _2345_/A2 (sky130_fd_sc_hd__o211a_1)
     1    0.002399    0.026753    0.125935   26.650806 v _2345_/X (sky130_fd_sc_hd__o211a_1)
                                                         _0977_ (net)
                      0.026753    0.000011   26.650818 v _2394_/B2 (sky130_fd_sc_hd__o32a_2)
     3    0.028003    0.060317    0.143061   26.793879 v _2394_/X (sky130_fd_sc_hd__o32a_2)
                                                         _1026_ (net)
                      0.060321    0.000547   26.794426 v _2397_/A2 (sky130_fd_sc_hd__o211a_1)
     2    0.032813    0.112672    0.222281   27.016706 v _2397_/X (sky130_fd_sc_hd__o211a_1)
                                                         CB_0.le_outB (net)
                      0.112674    0.000675   27.017382 v fanout148/A (sky130_fd_sc_hd__clkbuf_2)
     7    0.032677    0.088257    0.156662   27.174044 v fanout148/X (sky130_fd_sc_hd__clkbuf_2)
                                                         net148 (net)
                      0.088294    0.001668   27.175711 v _1758_/A (sky130_fd_sc_hd__or3b_1)
     2    0.008067    0.063357    0.253108   27.428820 v _1758_/X (sky130_fd_sc_hd__or3b_1)
                                                         _0392_ (net)
                      0.063357    0.000027   27.428846 v _1760_/A3 (sky130_fd_sc_hd__a31oi_2)
     1    0.009954    0.147678    0.173705   27.602551 ^ _1760_/Y (sky130_fd_sc_hd__a31oi_2)
                                                         _0394_ (net)
                      0.147678    0.000298   27.602848 ^ _1772_/B1 (sky130_fd_sc_hd__a311o_4)
     6    0.037393    0.111466    0.133248   27.736097 ^ _1772_/X (sky130_fd_sc_hd__a311o_4)
                                                         _0406_ (net)
                      0.111466    0.000243   27.736340 ^ _2404_/A (sky130_fd_sc_hd__nor2_4)
     9    0.042178    0.058554    0.062814   27.799154 v _2404_/Y (sky130_fd_sc_hd__nor2_4)
                                                         _1034_ (net)
                      0.058572    0.000735   27.799889 v _2635_/B (sky130_fd_sc_hd__nand2_1)
     1    0.004563    0.047216    0.062348   27.862238 ^ _2635_/Y (sky130_fd_sc_hd__nand2_1)
                                                         _1263_ (net)
                      0.047216    0.000068   27.862305 ^ _2637_/A3 (sky130_fd_sc_hd__a31o_1)
     1    0.002676    0.031128    0.081213   27.943518 ^ _2637_/X (sky130_fd_sc_hd__a31o_1)
                                                         _1265_ (net)
                      0.031128    0.000020   27.943539 ^ _2638_/D (sky130_fd_sc_hd__and4_2)
     5    0.035618    0.146336    0.216726   28.160265 ^ _2638_/X (sky130_fd_sc_hd__and4_2)
                                                         _1266_ (net)
                      0.146365    0.002036   28.162300 ^ _2646_/A1 (sky130_fd_sc_hd__o21ai_4)
     9    0.039638    0.077467    0.085766   28.248066 v _2646_/Y (sky130_fd_sc_hd__o21ai_4)
                                                         _1274_ (net)
                      0.077467    0.000263   28.248329 v _2748_/S (sky130_fd_sc_hd__mux2_1)
     1    0.004140    0.043436    0.200334   28.448664 v _2748_/X (sky130_fd_sc_hd__mux2_1)
                                                         _1376_ (net)
                      0.043436    0.000060   28.448723 v _2751_/A2 (sky130_fd_sc_hd__o211a_1)
     1    0.006584    0.039483    0.143739   28.592463 v _2751_/X (sky130_fd_sc_hd__o211a_1)
                                                         _1379_ (net)
                      0.039483    0.000172   28.592634 v _2765_/B1 (sky130_fd_sc_hd__o32a_1)
     3    0.018382    0.068795    0.147946   28.740580 v _2765_/X (sky130_fd_sc_hd__o32a_1)
                                                         _1393_ (net)
                      0.068797    0.000453   28.741034 v _2768_/A2 (sky130_fd_sc_hd__o211a_1)
     1    0.005341    0.035839    0.149102   28.890135 v _2768_/X (sky130_fd_sc_hd__o211a_1)
                                                         CB_1.le_outB (net)
                      0.035839    0.000110   28.890245 v fanout141/A (sky130_fd_sc_hd__clkbuf_2)
     6    0.041272    0.108218    0.142530   29.032776 v fanout141/X (sky130_fd_sc_hd__clkbuf_2)
                                                         net141 (net)
                      0.108219    0.000544   29.033319 v _1722_/A (sky130_fd_sc_hd__inv_2)
     4    0.014569    0.062076    0.087914   29.121233 ^ _1722_/Y (sky130_fd_sc_hd__inv_2)
                                                         _1604_ (net)
                      0.062076    0.000053   29.121286 ^ fanout138/A (sky130_fd_sc_hd__buf_2)
    10    0.043325    0.160326    0.168335   29.289621 ^ fanout138/X (sky130_fd_sc_hd__buf_2)
                                                         net138 (net)
                      0.160326    0.000323   29.289944 ^ _1781_/A1 (sky130_fd_sc_hd__o32ai_2)
     2    0.005490    0.054452    0.060995   29.350939 v _1781_/Y (sky130_fd_sc_hd__o32ai_2)
                                                         _0415_ (net)
                      0.054452    0.000044   29.350983 v _1783_/B2 (sky130_fd_sc_hd__o221a_1)
     1    0.002758    0.032393    0.127827   29.478809 v _1783_/X (sky130_fd_sc_hd__o221a_1)
                                                         _0417_ (net)
                      0.032393    0.000027   29.478836 v _1798_/A2 (sky130_fd_sc_hd__o311a_1)
     6    0.024454    0.102327    0.271916   29.750751 v _1798_/X (sky130_fd_sc_hd__o311a_1)
                                                         _0432_ (net)
                      0.102331    0.000675   29.751427 v _1801_/A (sky130_fd_sc_hd__and2_2)
     7    0.039347    0.081692    0.189551   29.940979 v _1801_/X (sky130_fd_sc_hd__and2_2)
                                                         _0435_ (net)
                      0.081777    0.002359   29.943338 v _2783_/A1 (sky130_fd_sc_hd__mux2_1)
     1    0.002933    0.038428    0.164146   30.107483 v _2783_/X (sky130_fd_sc_hd__mux2_1)
                                                         _1398_ (net)
                      0.038428    0.000032   30.107515 v _2784_/A1 (sky130_fd_sc_hd__mux2_1)
     1    0.015177    0.081616    0.201162   30.308678 v _2784_/X (sky130_fd_sc_hd__mux2_1)
                                                         net90 (net)
                      0.081619    0.000622   30.309299 v output90/A (sky130_fd_sc_hd__buf_2)
     1    0.038249    0.068639    0.143338   30.452637 v output90/X (sky130_fd_sc_hd__buf_2)
                                                         CBnorth_out[12] (net)
                      0.068640    0.000398   30.453035 v CBnorth_out[12] (out)
                                             30.453035   data arrival time

                                100.000000  100.000000   clock clk (rise edge)
                                  0.000000  100.000000   clock network delay (propagated)
                                 -0.250000   99.750000   clock uncertainty
                                  0.000000   99.750000   clock reconvergence pessimism
                                -20.000000   79.750000   output external delay
                                             79.750000   data required time
---------------------------------------------------------------------------------------------
                                             79.750000   data required time
                                            -30.453035   data arrival time
---------------------------------------------------------------------------------------------
                                             49.296963   slack (MET)




===========================================================================
report_checks --slack_max -0.01
============================================================================
======================= min_ff_n40C_1v95 Corner ===================================

No paths found.


===========================================================================
 report_check_types -max_slew -max_cap -max_fanout -violators
============================================================================
======================= min_ff_n40C_1v95 Corner ===================================

max fanout

Pin                                   Limit Fanout  Slack
---------------------------------------------------------
clkbuf_leaf_12_clk/X                     10     19     -9 (VIOLATED)
clkbuf_leaf_23_clk/X                     10     18     -8 (VIOLATED)
clkbuf_leaf_25_clk/X                     10     18     -8 (VIOLATED)
clkbuf_leaf_0_clk/X                      10     17     -7 (VIOLATED)
clkbuf_leaf_17_clk/X                     10     17     -7 (VIOLATED)
clkbuf_leaf_5_clk/X                      10     17     -7 (VIOLATED)
clkbuf_leaf_4_clk/X                      10     16     -6 (VIOLATED)
clkbuf_leaf_10_clk/X                     10     15     -5 (VIOLATED)
clkbuf_leaf_6_clk/X                      10     15     -5 (VIOLATED)
clkbuf_leaf_11_clk/X                     10     14     -4 (VIOLATED)
clkbuf_leaf_33_clk/X                     10     14     -4 (VIOLATED)
clkbuf_leaf_29_clk/X                     10     13     -3 (VIOLATED)
clkbuf_leaf_30_clk/X                     10     13     -3 (VIOLATED)
clkbuf_leaf_1_clk/X                      10     12     -2 (VIOLATED)
clkbuf_leaf_28_clk/X                     10     12     -2 (VIOLATED)
clkbuf_leaf_3_clk/X                      10     12     -2 (VIOLATED)
clkbuf_leaf_13_clk/X                     10     11        (VIOLATED)
clkbuf_leaf_15_clk/X                     10     11        (VIOLATED)
clkbuf_leaf_9_clk/X                      10     11        (VIOLATED)



===========================================================================
report_parasitic_annotation -report_unannotated
============================================================================
Found 35 unannotated drivers.
 _2769_/X
 _2771_/X
 _2773_/X
 _2775_/X
 clkload0/Y
 clkload1/Y
 clkload10/Y
 clkload11/Y
 clkload12/Y
 clkload13/Y
 clkload14/Y
 clkload15/Y
 clkload16/Y
 clkload17/Y
 clkload18/Y
 clkload19/Y
 clkload2/Y
 clkload20/Y
 clkload21/Y
 clkload22/X
 clkload23/Y
 clkload24/Y
 clkload25/Y
 clkload26/Y
 clkload27/Y
 clkload28/Y
 clkload29/Y
 clkload3/Y
 clkload30/Y
 clkload4/Y
 clkload5/Y
 clkload6/Y
 clkload7/Y
 clkload8/Y
 clkload9/Y
Found 0 partially unannotated drivers.

===========================================================================
max slew violation count 0
max fanout violation count 19
max cap violation count 0
============================================================================

===========================================================================
check_setup -verbose -unconstrained_endpoints -multiple_clock -no_clock -no_input_delay -loops -generated_clocks
===========================================================================
Warning: There are 8 unclocked register/latch pins.
  _3304_/CLK
  _3353_/CLK
  _3354_/CLK
  _3375_/CLK
  _3376_/CLK
  _3397_/CLK
  _3398_/CLK
  _3419_/CLK
Warning: There are 8 unconstrained endpoints.
  _3304_/D
  _3353_/D
  _3354_/D
  _3375_/D
  _3376_/D
  _3397_/D
  _3398_/D
  _3419_/D
Warning: There are 57 combinational loops in the design.
  _2560_/X
  _2606_/B2
  _2606_/X
  _2609_/A2
  _2609_/X
  fanout144/A
  fanout144/X
  _1721_/A
  _1721_/Y
  _2518_/A2
  _2518_/X
  _2519_/A3
  _2519_/X
  _2520_/B1
  _2520_/X
  _2560_/A1
  | loop cut point
  _2560_/X
  --------------------------------
  _2606_/X
  _2609_/A2
  _2609_/X
  fanout144/A
  fanout144/X
  _1721_/A
  _1721_/Y
  _2518_/A2
  _2518_/X
  _2519_/A3
  _2519_/X
  _2520_/B1
  _2520_/X
  _2594_/B1
  _2594_/X
  _2597_/A2
  _2597_/X
  _2606_/B1
  | loop cut point
  _2606_/X
  --------------------------------
  _2606_/X
  _2609_/A2
  _2609_/X
  fanout144/A
  fanout144/X
  _1721_/A
  _1721_/Y
  _2518_/A2
  _2518_/X
  _2519_/A3
  _2519_/X
  _2520_/B1
  _2520_/X
  _2601_/A1
  _2601_/X
  _2606_/A2
  | loop cut point
  _2606_/X
  --------------------------------
  _2606_/X
  _2609_/A2
  _2609_/X
  fanout144/A
  fanout144/X
  _1721_/A
  _1721_/Y
  _2518_/A2
  _2518_/X
  _2519_/A3
  _2519_/X
  _2520_/B1
  _2520_/X
  _2603_/B1
  _2603_/X
  _2605_/B1
  _2605_/X
  _2606_/A3
  | loop cut point
  _2606_/X
  --------------------------------
  _2560_/X
  _2606_/B2
  _2606_/X
  _2609_/A2
  _2609_/X
  fanout144/A
  fanout144/X
  _1721_/A
  _1721_/Y
  _2518_/A2
  _2518_/X
  _2519_/A3
  _2519_/X
  _2521_/B1
  _2521_/Y
  _2559_/B1
  _2559_/X
  _2560_/C1
  | loop cut point
  _2560_/X
  --------------------------------
  _2560_/X
  _2606_/B2
  _2606_/X
  _2609_/A2
  _2609_/X
  fanout144/A
  fanout144/X
  _1721_/A
  _1721_/Y
  _2554_/A2
  _2554_/X
  _2555_/A3
  _2555_/X
  _2557_/B1
  _2557_/Y
  _2560_/B1
  | loop cut point
  _2560_/X
  --------------------------------
  _2182_/X
  _2233_/B2
  _2233_/X
  _2237_/A2
  _2237_/X
  fanout152/A
  fanout152/X
  _1720_/A
  _1720_/Y
  _1746_/A
  _1746_/X
  _1747_/B1
  _1747_/X
  _1748_/B1
  _1748_/Y
  _2400_/B1
  _2400_/Y
  _2401_/B
  _2401_/X
  _2417_/A2
  _2417_/X
  _2438_/B
  _2438_/X
  _2483_/A1
  _2483_/Y
  _2522_/S
  _2522_/X
  _2560_/A2
  _2560_/X
  _2606_/B2
  _2606_/X
  _2609_/A2
  _2609_/X
  fanout144/A
  fanout144/X
  _1721_/A
  _1721_/Y
  fanout143/A
  fanout143/X
  _1839_/B
  _1839_/X
  _1843_/C1
  _1843_/X
  _1855_/A2
  _1855_/X
  _1858_/A
  _1858_/Y
  _2119_/B
  _2119_/Y
  _2123_/A2
  _2123_/X
  _2124_/D
  _2124_/X
  _2144_/A2
  _2144_/X
  _2182_/A1
  | loop cut point
  _2182_/X
  --------------------------------
  _2233_/X
  _2237_/A2
  _2237_/X
  fanout152/A
  fanout152/X
  _1720_/A
  _1720_/Y
  _1746_/A
  _1746_/X
  _1747_/B1
  _1747_/X
  _1748_/B1
  _1748_/Y
  _2400_/B1
  _2400_/Y
  _2401_/B
  _2401_/X
  _2417_/A2
  _2417_/X
  _2438_/B
  _2438_/X
  _2483_/A1
  _2483_/Y
  _2522_/S
  _2522_/X
  _2560_/A2
  _2560_/X
  _2606_/B2
  _2606_/X
  _2609_/A2
  _2609_/X
  fanout144/A
  fanout144/X
  _1721_/A
  _1721_/Y
  fanout143/A
  fanout143/X
  _1839_/B
  _1839_/X
  _1843_/C1
  _1843_/X
  _1855_/A2
  _1855_/X
  _1858_/A
  _1858_/Y
  _2119_/B
  _2119_/Y
  _2123_/A2
  _2123_/X
  _2124_/D
  _2124_/X
  _2144_/A2
  _2144_/X
  _2184_/B1
  _2184_/X
  _2224_/A2
  _2224_/X
  _2233_/B1
  | loop cut point
  _2233_/X
  --------------------------------
  _2233_/X
  _2237_/A2
  _2237_/X
  fanout152/A
  fanout152/X
  _1720_/A
  _1720_/Y
  _1746_/A
  _1746_/X
  _1747_/B1
  _1747_/X
  _1748_/B1
  _1748_/Y
  _2400_/B1
  _2400_/Y
  _2401_/B
  _2401_/X
  _2417_/A2
  _2417_/X
  _2438_/B
  _2438_/X
  _2483_/A1
  _2483_/Y
  _2522_/S
  _2522_/X
  _2560_/A2
  _2560_/X
  _2606_/B2
  _2606_/X
  _2609_/A2
  _2609_/X
  fanout144/A
  fanout144/X
  _1721_/A
  _1721_/Y
  fanout143/A
  fanout143/X
  _1839_/B
  _1839_/X
  _1843_/C1
  _1843_/X
  _1855_/A2
  _1855_/X
  _1858_/A
  _1858_/Y
  _2119_/B
  _2119_/Y
  _2123_/A2
  _2123_/X
  _2124_/D
  _2124_/X
  _2144_/A2
  _2144_/X
  _2228_/A1
  _2228_/X
  _2233_/A2
  | loop cut point
  _2233_/X
  --------------------------------
  _2233_/X
  _2237_/A2
  _2237_/X
  fanout152/A
  fanout152/X
  _1720_/A
  _1720_/Y
  _1746_/A
  _1746_/X
  _1747_/B1
  _1747_/X
  _1748_/B1
  _1748_/Y
  _2400_/B1
  _2400_/Y
  _2401_/B
  _2401_/X
  _2417_/A2
  _2417_/X
  _2438_/B
  _2438_/X
  _2483_/A1
  _2483_/Y
  _2522_/S
  _2522_/X
  _2560_/A2
  _2560_/X
  _2606_/B2
  _2606_/X
  _2609_/A2
  _2609_/X
  fanout144/A
  fanout144/X
  _1721_/A
  _1721_/Y
  fanout143/A
  fanout143/X
  _1839_/B
  _1839_/X
  _1843_/C1
  _1843_/X
  _1855_/A2
  _1855_/X
  _1858_/A
  _1858_/Y
  _2119_/B
  _2119_/Y
  _2123_/A2
  _2123_/X
  _2124_/D
  _2124_/X
  _2144_/A2
  _2144_/X
  _2232_/A1
  _2232_/X
  _2233_/A3
  | loop cut point
  _2233_/X
  --------------------------------
  _2182_/X
  _2233_/B2
  _2233_/X
  _2237_/A2
  _2237_/X
  fanout152/A
  fanout152/X
  _1720_/A
  _1720_/Y
  _1746_/A
  _1746_/X
  _1747_/B1
  _1747_/X
  _1748_/B1
  _1748_/Y
  _2400_/B1
  _2400_/Y
  _2401_/B
  _2401_/X
  _2417_/A2
  _2417_/X
  _2438_/B
  _2438_/X
  _2483_/A1
  _2483_/Y
  _2522_/S
  _2522_/X
  _2560_/A2
  _2560_/X
  _2606_/B2
  _2606_/X
  _2609_/A2
  _2609_/X
  fanout144/A
  fanout144/X
  _1721_/A
  _1721_/Y
  fanout143/A
  fanout143/X
  _1839_/B
  _1839_/X
  _1843_/C1
  _1843_/X
  _1855_/A2
  _1855_/X
  _1858_/A
  _1858_/Y
  _2119_/B
  _2119_/Y
  _2123_/A2
  _2123_/X
  _2124_/D
  _2124_/X
  _2145_/A2
  _2145_/Y
  _2181_/B1
  _2181_/X
  _2182_/C1
  | loop cut point
  _2182_/X
  --------------------------------
  _2182_/X
  _2233_/B2
  _2233_/X
  _2237_/A2
  _2237_/X
  fanout152/A
  fanout152/X
  _1720_/A
  _1720_/Y
  _1746_/A
  _1746_/X
  _1747_/B1
  _1747_/X
  _1748_/B1
  _1748_/Y
  _2400_/B1
  _2400_/Y
  _2401_/B
  _2401_/X
  _2417_/A2
  _2417_/X
  _2438_/B
  _2438_/X
  _2483_/A1
  _2483_/Y
  _2522_/S
  _2522_/X
  _2560_/A2
  _2560_/X
  _2606_/B2
  _2606_/X
  _2609_/A2
  _2609_/X
  fanout144/A
  fanout144/X
  _1721_/A
  _1721_/Y
  fanout143/A
  fanout143/X
  _1839_/B
  _1839_/X
  _1843_/C1
  _1843_/X
  _1855_/A2
  _1855_/X
  _1858_/A
  _1858_/Y
  _2158_/B
  _2158_/Y
  _2161_/A2
  _2161_/X
  _2162_/C
  _2162_/X
  _2179_/A1
  _2179_/Y
  _2182_/B1
  | loop cut point
  _2182_/X
  --------------------------------
  _2233_/X
  _2237_/A2
  _2237_/X
  fanout152/A
  fanout152/X
  _1720_/A
  _1720_/Y
  _1746_/A
  _1746_/X
  _1747_/B1
  _1747_/X
  _1748_/B1
  _1748_/Y
  _2400_/B1
  _2400_/Y
  _2401_/B
  _2401_/X
  _2417_/A2
  _2417_/X
  _2438_/B
  _2438_/X
  _2483_/A1
  _2483_/Y
  _2522_/S
  _2522_/X
  _2560_/A2
  _2560_/X
  _2606_/B2
  _2606_/X
  _2609_/A2
  _2609_/X
  fanout144/A
  fanout144/X
  _1721_/A
  _1721_/Y
  fanout143/A
  fanout143/X
  _1839_/B
  _1839_/X
  _1843_/C1
  _1843_/X
  _1855_/A2
  _1855_/X
  _1858_/A
  _1858_/Y
  _2192_/B
  _2192_/Y
  _2195_/A1
  _2195_/Y
  _2202_/A
  _2202_/X
  _2216_/B1
  _2216_/X
  _2223_/B1
  _2223_/X
  _2233_/A1
  | loop cut point
  _2233_/X
  --------------------------------
  _1747_/X
  _1748_/B1
  _1748_/Y
  _2400_/B1
  _2400_/Y
  _2401_/B
  _2401_/X
  _2417_/A2
  _2417_/X
  _2438_/B
  _2438_/X
  _2483_/A1
  _2483_/Y
  _2522_/S
  _2522_/X
  _2560_/A2
  _2560_/X
  _2606_/B2
  _2606_/X
  _2609_/A2
  _2609_/X
  fanout144/A
  fanout144/X
  _1721_/A
  _1721_/Y
  fanout143/A
  fanout143/X
  _1839_/B
  _1839_/X
  _1843_/C1
  _1843_/X
  _1855_/A2
  _1855_/X
  _1858_/A
  _1858_/Y
  _2252_/B
  _2252_/Y
  _2256_/A2
  _2256_/X
  _2265_/B
  _2265_/X
  _2273_/A1
  _2273_/Y
  _2309_/A2
  _2309_/X
  _2345_/C1
  _2345_/X
  _2394_/B2
  _2394_/X
  _2397_/A2
  _2397_/X
  fanout148/A
  fanout148/X
  _1745_/A
  _1745_/Y
  _1747_/A3
  | loop cut point
  _1747_/X
  --------------------------------
  _2265_/X
  _2273_/A1
  _2273_/Y
  _2309_/A2
  _2309_/X
  _2345_/C1
  _2345_/X
  _2394_/B2
  _2394_/X
  _2397_/A2
  _2397_/X
  fanout148/A
  fanout148/X
  _1758_/A
  _1758_/X
  _1760_/A3
  _1760_/Y
  _1772_/B1
  _1772_/X
  _1775_/A
  _1775_/Y
  _2262_/B
  _2262_/Y
  _2264_/A3
  _2264_/X
  _2265_/D
  | loop cut point
  _2265_/X
  --------------------------------
  _2345_/X
  _2394_/B2
  _2394_/X
  _2397_/A2
  _2397_/X
  fanout148/A
  fanout148/X
  _1758_/A
  _1758_/X
  _1760_/A3
  _1760_/Y
  _1772_/B1
  _1772_/X
  _1775_/A
  _1775_/Y
  _2311_/B
  _2311_/X
  _2316_/A3
  _2316_/X
  _2324_/A_N
  _2324_/X
  _2342_/A2
  _2342_/X
  _2345_/B1
  | loop cut point
  _2345_/X
  --------------------------------
  _2394_/X
  _2397_/A2
  _2397_/X
  fanout148/A
  fanout148/X
  _1758_/A
  _1758_/X
  _1760_/A3
  _1760_/Y
  _1772_/B1
  _1772_/X
  _1775_/A
  _1775_/Y
  _2311_/B
  _2311_/X
  _2316_/A3
  _2316_/X
  _2324_/A_N
  _2324_/X
  _2342_/A2
  _2342_/X
  _2389_/C1
  _2389_/X
  _2394_/A2
  | loop cut point
  _2394_/X
  --------------------------------
  _2394_/X
  _2397_/A2
  _2397_/X
  fanout148/A
  fanout148/X
  _1758_/A
  _1758_/X
  _1760_/A3
  _1760_/Y
  _1772_/B1
  _1772_/X
  _1775_/A
  _1775_/Y
  _2311_/B
  _2311_/X
  _2316_/A3
  _2316_/X
  _2324_/A_N
  _2324_/X
  _2343_/A2
  _2343_/Y
  _2385_/A1
  _2385_/X
  _2394_/B1
  | loop cut point
  _2394_/X
  --------------------------------
  _2394_/X
  _2397_/A2
  _2397_/X
  fanout148/A
  fanout148/X
  _1758_/A
  _1758_/X
  _1760_/A3
  _1760_/Y
  _1772_/B1
  _1772_/X
  _1775_/A
  _1775_/Y
  _2311_/B
  _2311_/X
  _2316_/A3
  _2316_/X
  _2324_/A_N
  _2324_/X
  _2343_/A2
  _2343_/Y
  _2393_/C1
  _2393_/X
  _2394_/A3
  | loop cut point
  _2394_/X
  --------------------------------
  _2394_/X
  _2397_/A2
  _2397_/X
  fanout148/A
  fanout148/X
  _1758_/A
  _1758_/X
  _1760_/A3
  _1760_/Y
  _1772_/B1
  _1772_/X
  _1775_/A
  _1775_/Y
  _2369_/A2
  _2369_/X
  _2371_/B2
  _2371_/X
  _2375_/B1
  _2375_/X
  _2376_/A2
  _2376_/X
  _2383_/A
  _2383_/Y
  _2394_/A1
  | loop cut point
  _2394_/X
  --------------------------------
  _2102_/X
  _2107_/A
  _2107_/Y
  _2146_/S
  _2146_/X
  _2182_/A2
  _2182_/X
  _2233_/B2
  _2233_/X
  _2237_/A2
  _2237_/X
  fanout152/A
  fanout152/X
  _1720_/A
  _1720_/Y
  _1746_/A
  _1746_/X
  _1747_/B1
  _1747_/X
  _1748_/B1
  _1748_/Y
  _2400_/B1
  _2400_/Y
  _2401_/B
  _2401_/X
  _2417_/A2
  _2417_/X
  _2438_/B
  _2438_/X
  _2483_/A1
  _2483_/Y
  _2522_/S
  _2522_/X
  _2560_/A2
  _2560_/X
  _2606_/B2
  _2606_/X
  _2609_/A2
  _2609_/X
  fanout144/A
  fanout144/X
  _1721_/A
  _1721_/Y
  fanout143/A
  fanout143/X
  _1839_/B
  _1839_/X
  _1843_/C1
  _1843_/X
  _1855_/A2
  _1855_/X
  _1858_/A
  _1858_/Y
  _2252_/B
  _2252_/Y
  _2256_/A2
  _2256_/X
  _2265_/B
  _2265_/X
  _2273_/A1
  _2273_/Y
  _2309_/A2
  _2309_/X
  _2345_/C1
  _2345_/X
  _2394_/B2
  _2394_/X
  _2397_/A2
  _2397_/X
  fanout148/A
  fanout148/X
  _1758_/A
  _1758_/X
  _1760_/A3
  _1760_/Y
  _1772_/B1
  _1772_/X
  _1776_/A2
  _1776_/X
  _1831_/A2
  _1831_/X
  _1834_/A1
  _1834_/X
  _2102_/A1
  | loop cut point
  _2102_/X
  --------------------------------
  _2309_/X
  _2345_/C1
  _2345_/X
  _2394_/B2
  _2394_/X
  _2397_/A2
  _2397_/X
  fanout148/A
  fanout148/X
  _1758_/A
  _1758_/X
  _1760_/A3
  _1760_/Y
  _1772_/B1
  _1772_/X
  _2290_/A2
  _2290_/Y
  _2292_/B2
  _2292_/X
  _2300_/A1
  _2300_/Y
  _2302_/B1
  _2302_/X
  _2306_/A
  _2306_/X
  _2309_/B1
  | loop cut point
  _2309_/X
  --------------------------------
  _2345_/X
  _2394_/B2
  _2394_/X
  _2397_/A2
  _2397_/X
  fanout148/A
  fanout148/X
  _1758_/A
  _1758_/X
  _1760_/A3
  _1760_/Y
  _1772_/B1
  _1772_/X
  _2290_/A2
  _2290_/Y
  _2292_/B2
  _2292_/X
  _2300_/A1
  _2300_/Y
  _2302_/B1
  _2302_/X
  _2307_/A
  _2307_/Y
  _2345_/A1
  | loop cut point
  _2345_/X
  --------------------------------
  _2417_/X
  _2438_/B
  _2438_/X
  _2483_/A1
  _2483_/Y
  _2522_/S
  _2522_/X
  _2560_/A2
  _2560_/X
  _2606_/B2
  _2606_/X
  _2609_/A2
  _2609_/X
  fanout144/A
  fanout144/X
  _1721_/A
  _1721_/Y
  fanout143/A
  fanout143/X
  _1839_/B
  _1839_/X
  _1843_/C1
  _1843_/X
  _1855_/A2
  _1855_/X
  _1858_/A
  _1858_/Y
  _2252_/B
  _2252_/Y
  _2256_/A2
  _2256_/X
  _2265_/B
  _2265_/X
  _2273_/A1
  _2273_/Y
  _2309_/A2
  _2309_/X
  _2345_/C1
  _2345_/X
  _2394_/B2
  _2394_/X
  _2397_/A2
  _2397_/X
  fanout148/A
  fanout148/X
  _1758_/A
  _1758_/X
  _1760_/A3
  _1760_/Y
  _1772_/B1
  _1772_/X
  _2404_/A
  _2404_/Y
  _2405_/B
  _2405_/Y
  _2417_/A3
  | loop cut point
  _2417_/X
  --------------------------------
  _2606_/X
  _2609_/A2
  _2609_/X
  fanout144/A
  fanout144/X
  _1721_/A
  _1721_/Y
  fanout143/A
  fanout143/X
  _1839_/B
  _1839_/X
  _1843_/C1
  _1843_/X
  _1855_/A2
  _1855_/X
  _1858_/A
  _1858_/Y
  _2252_/B
  _2252_/Y
  _2256_/A2
  _2256_/X
  _2265_/B
  _2265_/X
  _2273_/A1
  _2273_/Y
  _2309_/A2
  _2309_/X
  _2345_/C1
  _2345_/X
  _2394_/B2
  _2394_/X
  _2397_/A2
  _2397_/X
  fanout148/A
  fanout148/X
  _1758_/A
  _1758_/X
  _1760_/A3
  _1760_/Y
  _1772_/B1
  _1772_/X
  _2404_/A
  _2404_/Y
  _2575_/B
  _2575_/Y
  _2576_/B1
  _2576_/X
  _2579_/A_N
  _2579_/X
  _2587_/A_N
  _2587_/X
  _2592_/A3
  _2592_/Y
  _2606_/A1
  | loop cut point
  _2606_/X
  --------------------------------
  _2102_/X
  _2107_/A
  _2107_/Y
  _2146_/S
  _2146_/X
  _2182_/A2
  _2182_/X
  _2233_/B2
  _2233_/X
  _2237_/A2
  _2237_/X
  fanout152/A
  fanout152/X
  _1720_/A
  _1720_/Y
  _1746_/A
  _1746_/X
  _1747_/B1
  _1747_/X
  _1748_/B1
  _1748_/Y
  _2400_/B1
  _2400_/Y
  _2401_/B
  _2401_/X
  _2417_/A2
  _2417_/X
  _2438_/B
  _2438_/X
  _2483_/A1
  _2483_/Y
  _2522_/S
  _2522_/X
  _2560_/A2
  _2560_/X
  _2606_/B2
  _2606_/X
  _2609_/A2
  _2609_/X
  fanout144/A
  fanout144/X
  _1721_/A
  _1721_/Y
  fanout143/A
  fanout143/X
  _1839_/B
  _1839_/X
  _1843_/C1
  _1843_/X
  _1855_/A2
  _1855_/X
  _1858_/A
  _1858_/Y
  _2252_/B
  _2252_/Y
  _2256_/A2
  _2256_/X
  _2265_/B
  _2265_/X
  _2273_/A1
  _2273_/Y
  _2309_/A2
  _2309_/X
  _2345_/C1
  _2345_/X
  _2394_/B2
  _2394_/X
  _2397_/A2
  _2397_/X
  fanout148/A
  fanout148/X
  _1758_/A
  _1758_/X
  _1760_/A3
  _1760_/Y
  _1772_/B1
  _1772_/X
  _2404_/A
  _2404_/Y
  _2635_/B
  _2635_/Y
  _2637_/A3
  _2637_/X
  _2638_/D
  _2638_/X
  _2646_/A1
  _2646_/Y
  _2748_/S
  _2748_/X
  _2751_/A2
  _2751_/X
  _2765_/B1
  _2765_/X
  _2768_/A2
  _2768_/X
  fanout141/A
  fanout141/X
  _1722_/A
  _1722_/Y
  _1867_/A1
  _1867_/X
  _1869_/B2
  _1869_/X
  _1874_/A1
  _1874_/X
  _1877_/A
  _1877_/X
  _1879_/A2
  _1879_/Y
  _1918_/A1
  _1918_/Y
  _2102_/A2
  | loop cut point
  _2102_/X
  --------------------------------
  _2256_/X
  _2265_/B
  _2265_/X
  _2273_/A1
  _2273_/Y
  _2309_/A2
  _2309_/X
  _2345_/C1
  _2345_/X
  _2394_/B2
  _2394_/X
  _2397_/A2
  _2397_/X
  fanout148/A
  fanout148/X
  _1758_/A
  _1758_/X
  _1760_/A3
  _1760_/Y
  _1772_/B1
  _1772_/X
  _2404_/A
  _2404_/Y
  _2635_/B
  _2635_/Y
  _2637_/A3
  _2637_/X
  _2638_/D
  _2638_/X
  _2646_/A1
  _2646_/Y
  _2748_/S
  _2748_/X
  _2751_/A2
  _2751_/X
  _2765_/B1
  _2765_/X
  _2768_/A2
  _2768_/X
  fanout141/A
  fanout141/X
  _1722_/A
  _1722_/Y
  _1867_/A1
  _1867_/X
  _1869_/B2
  _1869_/X
  _1874_/A1
  _1874_/X
  _1877_/A
  _1877_/X
  _2253_/B
  _2253_/X
  _2256_/A3
  | loop cut point
  _2256_/X
  --------------------------------
  _2438_/X
  _2483_/A1
  _2483_/Y
  _2522_/S
  _2522_/X
  _2560_/A2
  _2560_/X
  _2606_/B2
  _2606_/X
  _2609_/A2
  _2609_/X
  fanout144/A
  fanout144/X
  _1721_/A
  _1721_/Y
  fanout143/A
  fanout143/X
  _1839_/B
  _1839_/X
  _1843_/C1
  _1843_/X
  _1855_/A2
  _1855_/X
  _1858_/A
  _1858_/Y
  _2252_/B
  _2252_/Y
  _2256_/A2
  _2256_/X
  _2265_/B
  _2265_/X
  _2273_/A1
  _2273_/Y
  _2309_/A2
  _2309_/X
  _2345_/C1
  _2345_/X
  _2394_/B2
  _2394_/X
  _2397_/A2
  _2397_/X
  fanout148/A
  fanout148/X
  _1758_/A
  _1758_/X
  _1760_/A3
  _1760_/Y
  _1772_/B1
  _1772_/X
  _2404_/A
  _2404_/Y
  _2635_/B
  _2635_/Y
  _2637_/A3
  _2637_/X
  _2638_/D
  _2638_/X
  _2646_/A1
  _2646_/Y
  _2748_/S
  _2748_/X
  _2751_/A2
  _2751_/X
  _2765_/B1
  _2765_/X
  _2768_/A2
  _2768_/X
  fanout141/A
  fanout141/X
  _1722_/A
  _1722_/Y
  _1867_/A1
  _1867_/X
  _1869_/B2
  _1869_/X
  _1874_/A1
  _1874_/X
  _2428_/A
  _2428_/X
  _2429_/B
  _2429_/X
  _2437_/A3
  _2437_/X
  _2438_/D
  | loop cut point
  _2438_/X
  --------------------------------
  _2638_/X
  _2646_/A1
  _2646_/Y
  _2748_/S
  _2748_/X
  _2751_/A2
  _2751_/X
  _2765_/B1
  _2765_/X
  _2768_/A2
  _2768_/X
  fanout141/A
  fanout141/X
  _1722_/A
  _1722_/Y
  _1867_/A1
  _1867_/X
  _1869_/B2
  _1869_/X
  _1874_/A1
  _1874_/X
  _2428_/A
  _2428_/X
  _2627_/B
  _2627_/X
  _2629_/A3
  _2629_/X
  _2638_/B
  | loop cut point
  _2638_/X
  --------------------------------
  _2751_/X
  _2765_/B1
  _2765_/X
  _2768_/A2
  _2768_/X
  fanout141/A
  fanout141/X
  _1722_/A
  _1722_/Y
  _1867_/A1
  _1867_/X
  _1869_/B2
  _1869_/X
  _1874_/A1
  _1874_/X
  _2428_/A
  _2428_/X
  _2648_/A2
  _2648_/X
  _2654_/A2
  _2654_/Y
  _2674_/A2
  _2674_/X
  _2678_/A2
  _2678_/Y
  _2751_/A1
  | loop cut point
  _2751_/X
  --------------------------------
  _2765_/X
  _2768_/A2
  _2768_/X
  fanout141/A
  fanout141/X
  _1722_/A
  _1722_/Y
  _1867_/A1
  _1867_/X
  _1869_/B2
  _1869_/X
  _1874_/A1
  _1874_/X
  _2428_/A
  _2428_/X
  _2648_/A2
  _2648_/X
  _2654_/A2
  _2654_/Y
  _2674_/A2
  _2674_/X
  _2678_/A2
  _2678_/Y
  _2753_/B1
  _2753_/X
  _2756_/A2
  _2756_/X
  _2765_/B2
  | loop cut point
  _2765_/X
  --------------------------------
  _2765_/X
  _2768_/A2
  _2768_/X
  fanout141/A
  fanout141/X
  _1722_/A
  _1722_/Y
  _1867_/A1
  _1867_/X
  _1869_/B2
  _1869_/X
  _1874_/A1
  _1874_/X
  _2428_/A
  _2428_/X
  _2648_/A2
  _2648_/X
  _2654_/A2
  _2654_/Y
  _2674_/A2
  _2674_/X
  _2678_/A2
  _2678_/Y
  _2760_/A1
  _2760_/X
  _2765_/A2
  | loop cut point
  _2765_/X
  --------------------------------
  _2765_/X
  _2768_/A2
  _2768_/X
  fanout141/A
  fanout141/X
  _1722_/A
  _1722_/Y
  _1867_/A1
  _1867_/X
  _1869_/B2
  _1869_/X
  _1874_/A1
  _1874_/X
  _2428_/A
  _2428_/X
  _2648_/A2
  _2648_/X
  _2654_/A2
  _2654_/Y
  _2674_/A2
  _2674_/X
  _2678_/A2
  _2678_/Y
  _2763_/B1
  _2763_/Y
  _2764_/B2
  _2764_/X
  _2765_/A3
  | loop cut point
  _2765_/X
  --------------------------------
  _2751_/X
  _2765_/B1
  _2765_/X
  _2768_/A2
  _2768_/X
  fanout141/A
  fanout141/X
  _1722_/A
  _1722_/Y
  _1867_/A1
  _1867_/X
  _1869_/B2
  _1869_/X
  _1874_/A1
  _1874_/X
  _2428_/A
  _2428_/X
  _2648_/A2
  _2648_/X
  _2654_/A2
  _2654_/Y
  _2674_/A2
  _2674_/X
  _2679_/A2
  _2679_/X
  _2750_/B1
  _2750_/X
  _2751_/B1
  | loop cut point
  _2751_/X
  --------------------------------
  _2751_/X
  _2765_/B1
  _2765_/X
  _2768_/A2
  _2768_/X
  fanout141/A
  fanout141/X
  _1722_/A
  _1722_/Y
  _1867_/A1
  _1867_/X
  _1869_/B2
  _1869_/X
  _1874_/A1
  _1874_/X
  _2428_/A
  _2428_/X
  _2681_/B
  _2681_/X
  _2687_/A3
  _2687_/X
  _2696_/B
  _2696_/X
  _2710_/B
  _2710_/Y
  _2714_/B1
  _2714_/X
  _2751_/C1
  | loop cut point
  _2751_/X
  --------------------------------
  _2765_/X
  _2768_/A2
  _2768_/X
  fanout141/A
  fanout141/X
  _1722_/A
  _1722_/Y
  _1867_/A1
  _1867_/X
  _1869_/B2
  _1869_/X
  _1874_/A1
  _1874_/X
  _2428_/A
  _2428_/X
  _2738_/B
  _2738_/X
  _2740_/A3
  _2740_/X
  _2741_/C
  _2741_/X
  _2746_/A3
  _2746_/X
  _2765_/A1
  | loop cut point
  _2765_/X
  --------------------------------
  _2256_/X
  _2265_/B
  _2265_/X
  _2273_/A1
  _2273_/Y
  _2309_/A2
  _2309_/X
  _2345_/C1
  _2345_/X
  _2394_/B2
  _2394_/X
  _2397_/A2
  _2397_/X
  fanout148/A
  fanout148/X
  _1758_/A
  _1758_/X
  _1760_/A3
  _1760_/Y
  _1772_/B1
  _1772_/X
  _2404_/A
  _2404_/Y
  _2635_/B
  _2635_/Y
  _2637_/A3
  _2637_/X
  _2638_/D
  _2638_/X
  _2646_/A1
  _2646_/Y
  _2748_/S
  _2748_/X
  _2751_/A2
  _2751_/X
  _2765_/B1
  _2765_/X
  _2768_/A2
  _2768_/X
  fanout141/A
  fanout141/X
  _1722_/A
  _1722_/Y
  _1881_/A1
  _1881_/X
  _1883_/B2
  _1883_/Y
  _1894_/A2
  _1894_/X
  _2254_/A1
  _2254_/Y
  _2255_/B1
  _2255_/X
  _2256_/B1
  | loop cut point
  _2256_/X
  --------------------------------
  _1748_/Y
  _2400_/B1
  _2400_/Y
  _2401_/B
  _2401_/X
  _2417_/A2
  _2417_/X
  _2438_/B
  _2438_/X
  _2483_/A1
  _2483_/Y
  _2522_/S
  _2522_/X
  _2560_/A2
  _2560_/X
  _2606_/B2
  _2606_/X
  _2609_/A2
  _2609_/X
  fanout144/A
  fanout144/X
  _1721_/A
  _1721_/Y
  fanout143/A
  fanout143/X
  _1839_/B
  _1839_/X
  _1843_/C1
  _1843_/X
  _1855_/A2
  _1855_/X
  _1858_/A
  _1858_/Y
  _2252_/B
  _2252_/Y
  _2256_/A2
  _2256_/X
  _2265_/B
  _2265_/X
  _2273_/A1
  _2273_/Y
  _2309_/A2
  _2309_/X
  _2345_/C1
  _2345_/X
  _2394_/B2
  _2394_/X
  _2397_/A2
  _2397_/X
  fanout148/A
  fanout148/X
  _1758_/A
  _1758_/X
  _1760_/A3
  _1760_/Y
  _1772_/B1
  _1772_/X
  _2404_/A
  _2404_/Y
  _2635_/B
  _2635_/Y
  _2637_/A3
  _2637_/X
  _2638_/D
  _2638_/X
  _2646_/A1
  _2646_/Y
  _2748_/S
  _2748_/X
  _2751_/A2
  _2751_/X
  _2765_/B1
  _2765_/X
  _2768_/A2
  _2768_/X
  fanout141/A
  fanout141/X
  _1722_/A
  _1722_/Y
  fanout138/A
  fanout138/X
  _1730_/A1
  _1730_/X
  _1734_/B2
  _1734_/X
  _1748_/A1
  | loop cut point
  _1748_/Y
  --------------------------------
  _1772_/X
  _2404_/A
  _2404_/Y
  _2635_/B
  _2635_/Y
  _2637_/A3
  _2637_/X
  _2638_/D
  _2638_/X
  _2646_/A1
  _2646_/Y
  _2748_/S
  _2748_/X
  _2751_/A2
  _2751_/X
  _2765_/B1
  _2765_/X
  _2768_/A2
  _2768_/X
  fanout141/A
  fanout141/X
  _1722_/A
  _1722_/Y
  fanout138/A
  fanout138/X
  _1765_/A1
  _1765_/X
  _1767_/B2
  _1767_/X
  _1772_/A2
  | loop cut point
  _1772_/X
  --------------------------------
  _2417_/X
  _2438_/B
  _2438_/X
  _2483_/A1
  _2483_/Y
  _2522_/S
  _2522_/X
  _2560_/A2
  _2560_/X
  _2606_/B2
  _2606_/X
  _2609_/A2
  _2609_/X
  fanout144/A
  fanout144/X
  _1721_/A
  _1721_/Y
  fanout143/A
  fanout143/X
  _1839_/B
  _1839_/X
  _1843_/C1
  _1843_/X
  _1855_/A2
  _1855_/X
  _1858_/A
  _1858_/Y
  _2252_/B
  _2252_/Y
  _2256_/A2
  _2256_/X
  _2265_/B
  _2265_/X
  _2273_/A1
  _2273_/Y
  _2309_/A2
  _2309_/X
  _2345_/C1
  _2345_/X
  _2394_/B2
  _2394_/X
  _2397_/A2
  _2397_/X
  fanout148/A
  fanout148/X
  _1758_/A
  _1758_/X
  _1760_/A3
  _1760_/Y
  _1772_/B1
  _1772_/X
  _2404_/A
  _2404_/Y
  _2635_/B
  _2635_/Y
  _2637_/A3
  _2637_/X
  _2638_/D
  _2638_/X
  _2646_/A1
  _2646_/Y
  _2748_/S
  _2748_/X
  _2751_/A2
  _2751_/X
  _2765_/B1
  _2765_/X
  _2768_/A2
  _2768_/X
  fanout141/A
  fanout141/X
  _1722_/A
  _1722_/Y
  fanout138/A
  fanout138/X
  _1781_/A1
  _1781_/Y
  _1783_/B2
  _1783_/X
  _1798_/A2
  _1798_/X
  _2408_/B
  _2408_/X
  _2416_/A1
  _2416_/Y
  _2417_/B1
  | loop cut point
  _2417_/X
  --------------------------------
  _2637_/X
  _2638_/D
  _2638_/X
  _2646_/A1
  _2646_/Y
  _2748_/S
  _2748_/X
  _2751_/A2
  _2751_/X
  _2765_/B1
  _2765_/X
  _2768_/A2
  _2768_/X
  fanout141/A
  fanout141/X
  _1722_/A
  _1722_/Y
  fanout138/A
  fanout138/X
  _1781_/A1
  _1781_/Y
  _1783_/B2
  _1783_/X
  _1798_/A2
  _1798_/X
  _2408_/B
  _2408_/X
  _2636_/A1
  _2636_/Y
  _2637_/B1
  | loop cut point
  _2637_/X
  --------------------------------
  _1843_/X
  _1855_/A2
  _1855_/X
  _1858_/A
  _1858_/Y
  _2252_/B
  _2252_/Y
  _2256_/A2
  _2256_/X
  _2265_/B
  _2265_/X
  _2273_/A1
  _2273_/Y
  _2309_/A2
  _2309_/X
  _2345_/C1
  _2345_/X
  _2394_/B2
  _2394_/X
  _2397_/A2
  _2397_/X
  fanout148/A
  fanout148/X
  _1758_/A
  _1758_/X
  _1760_/A3
  _1760_/Y
  _1772_/B1
  _1772_/X
  _2404_/A
  _2404_/Y
  _2635_/B
  _2635_/Y
  _2637_/A3
  _2637_/X
  _2638_/D
  _2638_/X
  _2646_/A1
  _2646_/Y
  _2748_/S
  _2748_/X
  _2751_/A2
  _2751_/X
  _2765_/B1
  _2765_/X
  _2768_/A2
  _2768_/X
  fanout141/A
  fanout141/X
  _1722_/A
  _1722_/Y
  fanout138/A
  fanout138/X
  _1838_/A1
  _1838_/X
  _1843_/B2
  | loop cut point
  _1843_/X
  --------------------------------
  _2102_/X
  _2107_/A
  _2107_/Y
  _2146_/S
  _2146_/X
  _2182_/A2
  _2182_/X
  _2233_/B2
  _2233_/X
  _2237_/A2
  _2237_/X
  fanout152/A
  fanout152/X
  _1720_/A
  _1720_/Y
  _1746_/A
  _1746_/X
  _1747_/B1
  _1747_/X
  _1748_/B1
  _1748_/Y
  _2400_/B1
  _2400_/Y
  _2401_/B
  _2401_/X
  _2417_/A2
  _2417_/X
  _2438_/B
  _2438_/X
  _2483_/A1
  _2483_/Y
  _2522_/S
  _2522_/X
  _2560_/A2
  _2560_/X
  _2606_/B2
  _2606_/X
  _2609_/A2
  _2609_/X
  fanout144/A
  fanout144/X
  _1721_/A
  _1721_/Y
  fanout143/A
  fanout143/X
  _1839_/B
  _1839_/X
  _1843_/C1
  _1843_/X
  _1855_/A2
  _1855_/X
  _1858_/A
  _1858_/Y
  _2252_/B
  _2252_/Y
  _2256_/A2
  _2256_/X
  _2265_/B
  _2265_/X
  _2273_/A1
  _2273_/Y
  _2309_/A2
  _2309_/X
  _2345_/C1
  _2345_/X
  _2394_/B2
  _2394_/X
  _2397_/A2
  _2397_/X
  fanout148/A
  fanout148/X
  _1758_/A
  _1758_/X
  _1760_/A3
  _1760_/Y
  _1772_/B1
  _1772_/X
  _2404_/A
  _2404_/Y
  _2635_/B
  _2635_/Y
  _2637_/A3
  _2637_/X
  _2638_/D
  _2638_/X
  _2646_/A1
  _2646_/Y
  _2748_/S
  _2748_/X
  _2751_/A2
  _2751_/X
  _2765_/B1
  _2765_/X
  _2768_/A2
  _2768_/X
  fanout141/A
  fanout141/X
  _1722_/A
  _1722_/Y
  fanout138/A
  fanout138/X
  _1994_/A1
  _1994_/X
  _1996_/B2
  _1996_/Y
  _2007_/A2
  _2007_/X
  _2011_/B1
  _2011_/X
  _2012_/A1_N
  _2012_/X
  _2013_/B1
  _2013_/X
  _2102_/B1
  | loop cut point
  _2102_/X
  --------------------------------
  _2273_/Y
  _2309_/A2
  _2309_/X
  _2345_/C1
  _2345_/X
  _2394_/B2
  _2394_/X
  _2397_/A2
  _2397_/X
  fanout148/A
  fanout148/X
  _1758_/A
  _1758_/X
  _1760_/A3
  _1760_/Y
  _1772_/B1
  _1772_/X
  _2404_/A
  _2404_/Y
  _2635_/B
  _2635_/Y
  _2637_/A3
  _2637_/X
  _2638_/D
  _2638_/X
  _2646_/A1
  _2646_/Y
  _2748_/S
  _2748_/X
  _2751_/A2
  _2751_/X
  _2765_/B1
  _2765_/X
  _2768_/A2
  _2768_/X
  fanout141/A
  fanout141/X
  _1722_/A
  _1722_/Y
  fanout138/A
  fanout138/X
  _1994_/A1
  _1994_/X
  _1996_/B2
  _1996_/Y
  _2007_/A2
  _2007_/X
  _2011_/B1
  _2011_/X
  _2243_/A2_N
  _2243_/X
  _2244_/B1
  _2244_/X
  _2266_/A1
  _2266_/X
  _2273_/A2
  | loop cut point
  _2273_/Y
  --------------------------------
  _2309_/X
  _2345_/C1
  _2345_/X
  _2394_/B2
  _2394_/X
  _2397_/A2
  _2397_/X
  fanout148/A
  fanout148/X
  _1758_/A
  _1758_/X
  _1760_/A3
  _1760_/Y
  _1772_/B1
  _1772_/X
  _2404_/A
  _2404_/Y
  _2635_/B
  _2635_/Y
  _2637_/A3
  _2637_/X
  _2638_/D
  _2638_/X
  _2646_/A1
  _2646_/Y
  _2748_/S
  _2748_/X
  _2751_/A2
  _2751_/X
  _2765_/B1
  _2765_/X
  _2768_/A2
  _2768_/X
  fanout141/A
  fanout141/X
  _1722_/A
  _1722_/Y
  fanout138/A
  fanout138/X
  _1994_/A1
  _1994_/X
  _1996_/B2
  _1996_/Y
  _2007_/A2
  _2007_/X
  _2011_/B1
  _2011_/X
  _2243_/A2_N
  _2243_/X
  _2244_/B1
  _2244_/X
  _2266_/A1
  _2266_/X
  _2308_/A2
  _2308_/X
  _2309_/C1
  | loop cut point
  _2309_/X
  --------------------------------
  _2483_/Y
  _2522_/S
  _2522_/X
  _2560_/A2
  _2560_/X
  _2606_/B2
  _2606_/X
  _2609_/A2
  _2609_/X
  fanout144/A
  fanout144/X
  _1721_/A
  _1721_/Y
  fanout143/A
  fanout143/X
  _1839_/B
  _1839_/X
  _1843_/C1
  _1843_/X
  _1855_/A2
  _1855_/X
  _1858_/A
  _1858_/Y
  _2252_/B
  _2252_/Y
  _2256_/A2
  _2256_/X
  _2265_/B
  _2265_/X
  _2273_/A1
  _2273_/Y
  _2309_/A2
  _2309_/X
  _2345_/C1
  _2345_/X
  _2394_/B2
  _2394_/X
  _2397_/A2
  _2397_/X
  fanout148/A
  fanout148/X
  _1758_/A
  _1758_/X
  _1760_/A3
  _1760_/Y
  _1772_/B1
  _1772_/X
  _2404_/A
  _2404_/Y
  _2635_/B
  _2635_/Y
  _2637_/A3
  _2637_/X
  _2638_/D
  _2638_/X
  _2646_/A1
  _2646_/Y
  _2748_/S
  _2748_/X
  _2751_/A2
  _2751_/X
  _2765_/B1
  _2765_/X
  _2768_/A2
  _2768_/X
  fanout141/A
  fanout141/X
  _1722_/A
  _1722_/Y
  fanout138/A
  fanout138/X
  _1994_/A1
  _1994_/X
  _1996_/B2
  _1996_/Y
  _2007_/A2
  _2007_/X
  _2453_/A
  _2453_/Y
  _2454_/B1
  _2454_/X
  _2455_/B1
  _2455_/X
  _2476_/A1
  _2476_/X
  _2483_/A2
  | loop cut point
  _2483_/Y
  --------------------------------
  _2646_/Y
  _2748_/S
  _2748_/X
  _2751_/A2
  _2751_/X
  _2765_/B1
  _2765_/X
  _2768_/A2
  _2768_/X
  fanout141/A
  fanout141/X
  _1722_/A
  _1722_/Y
  fanout138/A
  fanout138/X
  _1994_/A1
  _1994_/X
  _1996_/B2
  _1996_/Y
  _2007_/A2
  _2007_/X
  _2453_/A
  _2453_/Y
  _2616_/B2
  _2616_/X
  _2617_/B1
  _2617_/X
  _2639_/A1
  _2639_/X
  _2646_/A2
  | loop cut point
  _2646_/Y
  --------------------------------
  _2101_/Y
  _2102_/B2
  _2102_/X
  _2107_/A
  _2107_/Y
  _2146_/S
  _2146_/X
  _2182_/A2
  _2182_/X
  _2233_/B2
  _2233_/X
  _2237_/A2
  _2237_/X
  fanout152/A
  fanout152/X
  _1720_/A
  _1720_/Y
  _1746_/A
  _1746_/X
  _1747_/B1
  _1747_/X
  _1748_/B1
  _1748_/Y
  _2400_/B1
  _2400_/Y
  _2401_/B
  _2401_/X
  _2417_/A2
  _2417_/X
  _2438_/B
  _2438_/X
  _2483_/A1
  _2483_/Y
  _2522_/S
  _2522_/X
  _2560_/A2
  _2560_/X
  _2606_/B2
  _2606_/X
  _2609_/A2
  _2609_/X
  fanout144/A
  fanout144/X
  _1721_/A
  _1721_/Y
  fanout143/A
  fanout143/X
  _1839_/B
  _1839_/X
  _1843_/C1
  _1843_/X
  _1855_/A2
  _1855_/X
  _1858_/A
  _1858_/Y
  _2252_/B
  _2252_/Y
  _2256_/A2
  _2256_/X
  _2265_/B
  _2265_/X
  _2273_/A1
  _2273_/Y
  _2309_/A2
  _2309_/X
  _2345_/C1
  _2345_/X
  _2394_/B2
  _2394_/X
  _2397_/A2
  _2397_/X
  fanout148/A
  fanout148/X
  _1758_/A
  _1758_/X
  _1760_/A3
  _1760_/Y
  _1772_/B1
  _1772_/X
  _2404_/A
  _2404_/Y
  _2635_/B
  _2635_/Y
  _2637_/A3
  _2637_/X
  _2638_/D
  _2638_/X
  _2646_/A1
  _2646_/Y
  _2748_/S
  _2748_/X
  _2751_/A2
  _2751_/X
  _2765_/B1
  _2765_/X
  _2768_/A2
  _2768_/X
  fanout141/A
  fanout141/X
  _1722_/A
  _1722_/Y
  fanout138/A
  fanout138/X
  _2021_/A1
  _2021_/X
  _2025_/A2
  _2025_/Y
  _2038_/A1
  _2038_/X
  _2062_/A2
  _2062_/X
  _2063_/B1
  _2063_/X
  _2101_/B1
  | loop cut point
  _2101_/Y
  --------------------------------
  _2100_/X
  _2101_/B2
  _2101_/Y
  _2102_/B2
  _2102_/X
  _2107_/A
  _2107_/Y
  _2146_/S
  _2146_/X
  _2182_/A2
  _2182_/X
  _2233_/B2
  _2233_/X
  _2237_/A2
  _2237_/X
  fanout152/A
  fanout152/X
  _1720_/A
  _1720_/Y
  _1746_/A
  _1746_/X
  _1747_/B1
  _1747_/X
  _1748_/B1
  _1748_/Y
  _2400_/B1
  _2400_/Y
  _2401_/B
  _2401_/X
  _2417_/A2
  _2417_/X
  _2438_/B
  _2438_/X
  _2483_/A1
  _2483_/Y
  _2522_/S
  _2522_/X
  _2560_/A2
  _2560_/X
  _2606_/B2
  _2606_/X
  _2609_/A2
  _2609_/X
  fanout144/A
  fanout144/X
  _1721_/A
  _1721_/Y
  fanout143/A
  fanout143/X
  _1839_/B
  _1839_/X
  _1843_/C1
  _1843_/X
  _1855_/A2
  _1855_/X
  _1858_/A
  _1858_/Y
  _2252_/B
  _2252_/Y
  _2256_/A2
  _2256_/X
  _2265_/B
  _2265_/X
  _2273_/A1
  _2273_/Y
  _2309_/A2
  _2309_/X
  _2345_/C1
  _2345_/X
  _2394_/B2
  _2394_/X
  _2397_/A2
  _2397_/X
  fanout148/A
  fanout148/X
  _1758_/A
  _1758_/X
  _1760_/A3
  _1760_/Y
  _1772_/B1
  _1772_/X
  _2404_/A
  _2404_/Y
  _2635_/B
  _2635_/Y
  _2637_/A3
  _2637_/X
  _2638_/D
  _2638_/X
  _2646_/A1
  _2646_/Y
  _2748_/S
  _2748_/X
  _2751_/A2
  _2751_/X
  _2765_/B1
  _2765_/X
  _2768_/A2
  _2768_/X
  fanout141/A
  fanout141/X
  _1722_/A
  _1722_/Y
  fanout138/A
  fanout138/X
  _2065_/A1
  _2065_/X
  _2067_/B2
  _2067_/Y
  _2078_/A2
  _2078_/X
  _2081_/A
  _2081_/X
  _2100_/A2
  | loop cut point
  _2100_/X
  --------------------------------
  _2085_/Y
  _2096_/A2
  _2096_/X
  _2099_/A
  _2099_/X
  _2100_/B1
  _2100_/X
  _2101_/B2
  _2101_/Y
  _2102_/B2
  _2102_/X
  _2107_/A
  _2107_/Y
  _2146_/S
  _2146_/X
  _2182_/A2
  _2182_/X
  _2233_/B2
  _2233_/X
  _2237_/A2
  _2237_/X
  fanout152/A
  fanout152/X
  _1720_/A
  _1720_/Y
  _1746_/A
  _1746_/X
  _1747_/B1
  _1747_/X
  _1748_/B1
  _1748_/Y
  _2400_/B1
  _2400_/Y
  _2401_/B
  _2401_/X
  _2417_/A2
  _2417_/X
  _2438_/B
  _2438_/X
  _2483_/A1
  _2483_/Y
  _2522_/S
  _2522_/X
  _2560_/A2
  _2560_/X
  _2606_/B2
  _2606_/X
  _2609_/A2
  _2609_/X
  fanout144/A
  fanout144/X
  _1721_/A
  _1721_/Y
  fanout143/A
  fanout143/X
  _1839_/B
  _1839_/X
  _1843_/C1
  _1843_/X
  _1855_/A2
  _1855_/X
  _1858_/A
  _1858_/Y
  _2252_/B
  _2252_/Y
  _2256_/A2
  _2256_/X
  _2265_/B
  _2265_/X
  _2273_/A1
  _2273_/Y
  _2309_/A2
  _2309_/X
  _2345_/C1
  _2345_/X
  _2394_/B2
  _2394_/X
  _2397_/A2
  _2397_/X
  fanout148/A
  fanout148/X
  _1758_/A
  _1758_/X
  _1760_/A3
  _1760_/Y
  _1772_/B1
  _1772_/X
  _2404_/A
  _2404_/Y
  _2635_/B
  _2635_/Y
  _2637_/A3
  _2637_/X
  _2638_/D
  _2638_/X
  _2646_/A1
  _2646_/Y
  _2748_/S
  _2748_/X
  _2751_/A2
  _2751_/X
  _2765_/B1
  _2765_/X
  _2768_/A2
  _2768_/X
  fanout141/A
  fanout141/X
  _1722_/A
  _1722_/Y
  fanout138/A
  fanout138/X
  _2083_/A1
  _2083_/X
  _2085_/B2
  | loop cut point
  _2085_/Y
  --------------------------------
  _2107_/Y
  _2146_/S
  _2146_/X
  _2182_/A2
  _2182_/X
  _2233_/B2
  _2233_/X
  _2237_/A2
  _2237_/X
  fanout152/A
  fanout152/X
  _1720_/A
  _1720_/Y
  _1746_/A
  _1746_/X
  _1747_/B1
  _1747_/X
  _1748_/B1
  _1748_/Y
  _2400_/B1
  _2400_/Y
  _2401_/B
  _2401_/X
  _2417_/A2
  _2417_/X
  _2438_/B
  _2438_/X
  _2483_/A1
  _2483_/Y
  _2522_/S
  _2522_/X
  _2560_/A2
  _2560_/X
  _2606_/B2
  _2606_/X
  _2609_/A2
  _2609_/X
  fanout144/A
  fanout144/X
  _1721_/A
  _1721_/Y
  fanout143/A
  fanout143/X
  _1839_/B
  _1839_/X
  _1843_/C1
  _1843_/X
  _1855_/A2
  _1855_/X
  _1858_/A
  _1858_/Y
  _2252_/B
  _2252_/Y
  _2256_/A2
  _2256_/X
  _2265_/B
  _2265_/X
  _2273_/A1
  _2273_/Y
  _2309_/A2
  _2309_/X
  _2345_/C1
  _2345_/X
  _2394_/B2
  _2394_/X
  _2397_/A2
  _2397_/X
  fanout148/A
  fanout148/X
  _1758_/A
  _1758_/X
  _1760_/A3
  _1760_/Y
  _1772_/B1
  _1772_/X
  _2404_/A
  _2404_/Y
  _2635_/B
  _2635_/Y
  _2637_/A3
  _2637_/X
  _2638_/D
  _2638_/X
  _2646_/A1
  _2646_/Y
  _2748_/S
  _2748_/X
  _2751_/A2
  _2751_/X
  _2765_/B1
  _2765_/X
  _2768_/A2
  _2768_/X
  fanout141/A
  fanout141/X
  fanout140/A
  fanout140/X
  fanout139/A
  fanout139/X
  _2104_/A3
  _2104_/X
  _2105_/A
  _2105_/Y
  _2106_/B1
  _2106_/X
  _2107_/B
  | loop cut point
  _2107_/Y
  --------------------------------
  _2273_/Y
  _2309_/A2
  _2309_/X
  _2345_/C1
  _2345_/X
  _2394_/B2
  _2394_/X
  _2397_/A2
  _2397_/X
  fanout148/A
  fanout148/X
  _1758_/A
  _1758_/X
  _1760_/A3
  _1760_/Y
  _1772_/B1
  _1772_/X
  _2404_/A
  _2404_/Y
  _2635_/B
  _2635_/Y
  _2637_/A3
  _2637_/X
  _2638_/D
  _2638_/X
  _2646_/A1
  _2646_/Y
  _2748_/S
  _2748_/X
  _2751_/A2
  _2751_/X
  _2765_/B1
  _2765_/X
  _2768_/A2
  _2768_/X
  fanout141/A
  fanout141/X
  fanout140/A
  fanout140/X
  fanout139/A
  fanout139/X
  _2270_/B
  _2270_/Y
  _2271_/B1
  _2271_/X
  _2272_/A3
  _2272_/X
  _2273_/B1
  | loop cut point
  _2273_/Y
  --------------------------------
  _2483_/Y
  _2522_/S
  _2522_/X
  _2560_/A2
  _2560_/X
  _2606_/B2
  _2606_/X
  _2609_/A2
  _2609_/X
  fanout144/A
  fanout144/X
  _1721_/A
  _1721_/Y
  fanout143/A
  fanout143/X
  _1839_/B
  _1839_/X
  _1843_/C1
  _1843_/X
  _1855_/A2
  _1855_/X
  _1858_/A
  _1858_/Y
  _2252_/B
  _2252_/Y
  _2256_/A2
  _2256_/X
  _2265_/B
  _2265_/X
  _2273_/A1
  _2273_/Y
  _2309_/A2
  _2309_/X
  _2345_/C1
  _2345_/X
  _2394_/B2
  _2394_/X
  _2397_/A2
  _2397_/X
  fanout148/A
  fanout148/X
  _1758_/A
  _1758_/X
  _1760_/A3
  _1760_/Y
  _1772_/B1
  _1772_/X
  _2404_/A
  _2404_/Y
  _2635_/B
  _2635_/Y
  _2637_/A3
  _2637_/X
  _2638_/D
  _2638_/X
  _2646_/A1
  _2646_/Y
  _2748_/S
  _2748_/X
  _2751_/A2
  _2751_/X
  _2765_/B1
  _2765_/X
  _2768_/A2
  _2768_/X
  fanout141/A
  fanout141/X
  fanout140/A
  fanout140/X
  fanout139/A
  fanout139/X
  _2480_/B
  _2480_/Y
  _2481_/B1
  _2481_/X
  _2482_/A3
  _2482_/X
  _2483_/B1
  | loop cut point
  _2483_/Y
  --------------------------------
  _2646_/Y
  _2748_/S
  _2748_/X
  _2751_/A2
  _2751_/X
  _2765_/B1
  _2765_/X
  _2768_/A2
  _2768_/X
  fanout141/A
  fanout141/X
  fanout140/A
  fanout140/X
  fanout139/A
  fanout139/X
  _2643_/B
  _2643_/Y
  _2644_/B1
  _2644_/X
  _2645_/A3
  _2645_/X
  _2646_/B1
  | loop cut point
  _2646_/Y
  --------------------------------
  _2096_/X
  _2099_/A
  _2099_/X
  _2100_/B1
  _2100_/X
  _2101_/B2
  _2101_/Y
  _2102_/B2
  _2102_/X
  _2107_/A
  _2107_/Y
  _2146_/S
  _2146_/X
  _2182_/A2
  _2182_/X
  _2233_/B2
  _2233_/X
  _2237_/A2
  _2237_/X
  fanout152/A
  fanout152/X
  _1720_/A
  _1720_/Y
  _1746_/A
  _1746_/X
  _1747_/B1
  _1747_/X
  _1748_/B1
  _1748_/Y
  _2400_/B1
  _2400_/Y
  _2401_/B
  _2401_/X
  _2417_/A2
  _2417_/X
  _2438_/B
  _2438_/X
  _2483_/A1
  _2483_/Y
  _2522_/S
  _2522_/X
  _2560_/A2
  _2560_/X
  _2606_/B2
  _2606_/X
  _2609_/A2
  _2609_/X
  fanout144/A
  fanout144/X
  _1721_/A
  _1721_/Y
  fanout143/A
  fanout143/X
  _1839_/B
  _1839_/X
  _1843_/C1
  _1843_/X
  _1855_/A2
  _1855_/X
  _1858_/A
  _1858_/Y
  _2252_/B
  _2252_/Y
  _2256_/A2
  _2256_/X
  _2265_/B
  _2265_/X
  _2273_/A1
  _2273_/Y
  _2309_/A2
  _2309_/X
  _2345_/C1
  _2345_/X
  _2394_/B2
  _2394_/X
  _2397_/A2
  _2397_/X
  fanout148/A
  fanout148/X
  fanout146/A
  fanout146/X
  _2092_/A1
  _2092_/X
  _2095_/A1
  _2095_/X
  _2096_/B1
  | loop cut point
  _2096_/X
  --------------------------------
  _1855_/X
  _1858_/A
  _1858_/Y
  _2252_/B
  _2252_/Y
  _2256_/A2
  _2256_/X
  _2265_/B
  _2265_/X
  _2273_/A1
  _2273_/Y
  _2309_/A2
  _2309_/X
  _2345_/C1
  _2345_/X
  _2394_/B2
  _2394_/X
  _2397_/A2
  _2397_/X
  fanout148/A
  fanout148/X
  fanout147/A
  fanout147/X
  _1852_/B
  _1852_/X
  _1854_/A3
  _1854_/Y
  _1855_/B1
  | loop cut point
  _1855_/X
  --------------------------------
  _2085_/Y
  _2096_/A2
  _2096_/X
  _2099_/A
  _2099_/X
  _2100_/B1
  _2100_/X
  _2101_/B2
  _2101_/Y
  _2102_/B2
  _2102_/X
  _2107_/A
  _2107_/Y
  _2146_/S
  _2146_/X
  _2182_/A2
  _2182_/X
  _2233_/B2
  _2233_/X
  _2237_/A2
  _2237_/X
  fanout152/A
  fanout152/X
  _1720_/A
  _1720_/Y
  _1746_/A
  _1746_/X
  _1747_/B1
  _1747_/X
  _1748_/B1
  _1748_/Y
  _2400_/B1
  _2400_/Y
  _2401_/B
  _2401_/X
  _2417_/A2
  _2417_/X
  _2438_/B
  _2438_/X
  _2483_/A1
  _2483_/Y
  _2522_/S
  _2522_/X
  _2560_/A2
  _2560_/X
  _2606_/B2
  _2606_/X
  _2609_/A2
  _2609_/X
  fanout144/A
  fanout144/X
  _1721_/A
  _1721_/Y
  fanout143/A
  fanout143/X
  fanout142/A
  fanout142/X
  _2084_/A
  _2084_/X
  _2085_/C1
  | loop cut point
  _2085_/Y
  --------------------------------
