Clock: clk
Sources: clk 
Generated: no
Virtual: yes
Propagated: no
Period: 100.000000

===========================================================================
report_clock_properties
============================================================================
Clock                   Period          Waveform
----------------------------------------------------
clk                 100.000000    0.000000 50.000000

===========================================================================
report_clock_latency
============================================================================
Clock clk
rise -> rise
    min     max
0.000000 0.000000 source latency
0.392083         network latency _3576_/CLK
        20.314566 network latency _3398_/CLK
---------------
0.392083 20.314566 latency
        19.922483 skew

rise -> fall
    min     max
0.000000 0.000000 source latency
0.848266         network latency _3354_/CLK
        20.281176 network latency _3398_/CLK
---------------
0.848266 20.281176 latency
        19.432911 skew

fall -> fall
    min     max
0.000000 0.000000 source latency
0.323105         network latency _3576_/CLK
        0.455547 network latency _3342_/CLK
---------------
0.323105 0.455547 latency
        0.132442 skew



===========================================================================
report_clock_min_period
============================================================================
clk period_min = 1.71 fmax = 584.70
