Clock: clk
Sources: wb_clk_i 
Generated: no
Virtual: yes
Propagated: no
Period: 100.000000

===========================================================================
report_clock_properties
============================================================================
Clock                   Period          Waveform
----------------------------------------------------
clk                 100.000000    0.000000 50.000000

===========================================================================
report_clock_latency
============================================================================
Clock clk
rise -> rise
    min     max
4.650000 5.570000 source latency
6.546659         network latency _5675_/CLK
        7.792413 network latency mprj.team_08_Wrapper.team_08_WB.instance_to_wrap/clk
---------------
11.196660 13.362413 latency
        2.165754 skew

fall -> fall
    min     max
4.650000 5.570000 source latency
6.967948         network latency _5675_/CLK
        8.097836 network latency mprj.team_08_Wrapper.team_08_WB.instance_to_wrap/clk
---------------
11.617948 13.667835 latency
        2.049887 skew



===========================================================================
report_clock_min_period
============================================================================
clk period_min = 16.80 fmax = 59.53
