Clock: clk
Sources: clk 
Generated: no
Virtual: yes
Propagated: no
Period: 25.000000

===========================================================================
report_clock_properties
============================================================================
Clock                   Period          Waveform
----------------------------------------------------
clk                  25.000000    0.000000 12.500000

===========================================================================
report_clock_latency
============================================================================
Clock clk
rise -> rise
    min     max
0.000000 0.000000 source latency
0.282541         network latency _436_/CLK
        0.499338 network latency _479_/CLK
---------------
0.282541 0.499338 latency
        0.216797 skew

rise -> fall
    min     max
0.000000 0.000000 source latency
0.518863         network latency _478_/CLK
        0.518872 network latency _479_/CLK
---------------
0.518863 0.518872 latency
        0.000010 skew

fall -> fall
    min     max
0.000000 0.000000 source latency
0.254483         network latency _436_/CLK
        0.259840 network latency _467_/CLK
---------------
0.254483 0.259840 latency
        0.005357 skew



===========================================================================
report_clock_min_period
============================================================================
clk period_min = 1.80 fmax = 556.81
