Clock: clk
Sources: clk 
Generated: no
Virtual: yes
Propagated: no
Period: 25.000000

===========================================================================
report_clock_properties
============================================================================
Clock                   Period          Waveform
----------------------------------------------------
clk                  25.000000    0.000000 12.500000

===========================================================================
report_clock_latency
============================================================================
Clock clk
rise -> rise
    min     max
0.000000 0.000000 source latency
0.793259         network latency _0974_/CLK
        0.812056 network latency _0952_/CLK
---------------
0.793259 0.812056 latency
        0.018797 skew

fall -> fall
    min     max
0.000000 0.000000 source latency
0.719561         network latency _0974_/CLK
        0.735336 network latency _0952_/CLK
---------------
0.719561 0.735336 latency
        0.015775 skew



===========================================================================
report_clock_min_period
============================================================================
clk period_min = 7.67 fmax = 130.33
