Clock: clk
Sources: clk 
Generated: no
Virtual: yes
Propagated: no
Period: 25.000000

===========================================================================
report_clock_properties
============================================================================
Clock                   Period          Waveform
----------------------------------------------------
clk                  25.000000    0.000000 12.500000

===========================================================================
report_clock_latency
============================================================================
Clock clk
rise -> rise
    min     max
0.000000 0.000000 source latency
0.683857         network latency _1295_/CLK
        0.695381 network latency _1287_/CLK
---------------
0.683857 0.695381 latency
        0.011524 skew

fall -> fall
    min     max
0.000000 0.000000 source latency
0.643189         network latency _1295_/CLK
        0.652610 network latency _1287_/CLK
---------------
0.643189 0.652610 latency
        0.009422 skew



===========================================================================
report_clock_min_period
============================================================================
clk period_min = 10.40 fmax = 96.11
