Clock: clk
Sources: clk 
Generated: no
Virtual: no
Propagated: no
Period: 25.000000

===========================================================================
report_clock_properties
============================================================================
Clock                   Period          Waveform
----------------------------------------------------
clk                  25.000000    0.000000 12.500000

===========================================================================
report_clock_latency
============================================================================
Clock clk
rise -> rise
    min     max
0.000000 0.000000 source latency
23.442240         network latency _22510_/CLK
        23.442240 network latency _22510_/CLK
---------------
23.442240 23.442240 latency
        0.000000 skew

fall -> fall
    min     max
0.000000 0.000000 source latency
11.297565         network latency _22510_/CLK
        11.297565 network latency _22510_/CLK
---------------
11.297565 11.297565 latency
        0.000000 skew



===========================================================================
report_clock_min_period
============================================================================
clk period_min = 1.29 fmax = 775.32
