
===========================================================================
report_checks -unconstrained
===========================================================================
======================= nom_ss_100C_1v60 Corner ===================================

Startpoint: nrst (input port clocked by clk)
Endpoint: _2499_ (recovery check against rising-edge clock clk)
Path Group: asynchronous
Path Type: max

Fanout         Cap        Slew       Delay        Time   Description
---------------------------------------------------------------------------------------------
                                  0.000000    0.000000   clock clk (rise edge)
                                  0.000000    0.000000   clock network delay (propagated)
                                  5.000000    5.000000 ^ input external delay
     2    0.004089    0.040928    0.022586    5.022586 ^ nrst (in)
                                                         nrst (net)
                      0.040928    0.000000    5.022586 ^ input5/A (sky130_fd_sc_hd__clkbuf_2)
     7    0.037193    0.318535    0.356332    5.378918 ^ input5/X (sky130_fd_sc_hd__clkbuf_2)
                                                         net5 (net)
                      0.318536    0.000489    5.379407 ^ fanout153/A (sky130_fd_sc_hd__buf_2)
    13    0.063169    0.486730    0.603941    5.983349 ^ fanout153/X (sky130_fd_sc_hd__buf_2)
                                                         net153 (net)
                      0.486730    0.000654    5.984003 ^ fanout144/A (sky130_fd_sc_hd__buf_2)
     7    0.032760    0.262594    0.509453    6.493455 ^ fanout144/X (sky130_fd_sc_hd__buf_2)
                                                         net144 (net)
                      0.262594    0.000742    6.494197 ^ fanout143/A (sky130_fd_sc_hd__clkbuf_4)
    10    0.048716    0.242428    0.461555    6.955753 ^ fanout143/X (sky130_fd_sc_hd__clkbuf_4)
                                                         net143 (net)
                      0.242432    0.001522    6.957274 ^ fanout142/A (sky130_fd_sc_hd__clkbuf_4)
    10    0.045696    0.229552    0.444486    7.401760 ^ fanout142/X (sky130_fd_sc_hd__clkbuf_4)
                                                         net142 (net)
                      0.229564    0.001898    7.403659 ^ _2499_/RESET_B (sky130_fd_sc_hd__dfrtp_2)
                                              7.403659   data arrival time

                                 25.000000   25.000000   clock clk (rise edge)
                                  0.000000   25.000000   clock source latency
     2    0.030280    0.222008    0.153591   25.153589 ^ clk (in)
                                                         clk (net)
                      0.222039    0.000000   25.153589 ^ clkbuf_0_clk/A (sky130_fd_sc_hd__clkbuf_16)
     9    0.079487    0.147321    0.362075   25.515665 ^ clkbuf_0_clk/X (sky130_fd_sc_hd__clkbuf_16)
                                                         clknet_0_clk (net)
                      0.147347    0.001986   25.517651 ^ clkbuf_2_2__f_clk/A (sky130_fd_sc_hd__clkbuf_16)
    19    0.086600    0.157269    0.335040   25.852692 ^ clkbuf_2_2__f_clk/X (sky130_fd_sc_hd__clkbuf_16)
                                                         clknet_2_2__leaf_clk (net)
                      0.157297    0.002197   25.854889 ^ clkbuf_leaf_23_clk/A (sky130_fd_sc_hd__clkbuf_8)
    16    0.046087    0.144493    0.328871   26.183760 ^ clkbuf_leaf_23_clk/X (sky130_fd_sc_hd__clkbuf_8)
                                                         clknet_leaf_23_clk (net)
                      0.144496    0.000941   26.184702 ^ _2499_/CLK (sky130_fd_sc_hd__dfrtp_2)
                                 -0.250000   25.934702   clock uncertainty
                                  0.000000   25.934702   clock reconvergence pessimism
                                  0.401604   26.336306   library recovery time
                                             26.336306   data required time
---------------------------------------------------------------------------------------------
                                             26.336306   data required time
                                             -7.403659   data arrival time
---------------------------------------------------------------------------------------------
                                             18.932648   slack (MET)


Startpoint: _2778_ (rising edge-triggered flip-flop clocked by clk)
Endpoint: gpio_out[6] (output port clocked by clk)
Path Group: clk
Path Type: max

Fanout         Cap        Slew       Delay        Time   Description
---------------------------------------------------------------------------------------------
                                  0.000000    0.000000   clock clk (rise edge)
                                  0.000000    0.000000   clock source latency
     2    0.030280    0.222008    0.153591    0.153591 ^ clk (in)
                                                         clk (net)
                      0.222039    0.000000    0.153591 ^ clkbuf_0_clk/A (sky130_fd_sc_hd__clkbuf_16)
     9    0.079487    0.147321    0.362075    0.515666 ^ clkbuf_0_clk/X (sky130_fd_sc_hd__clkbuf_16)
                                                         clknet_0_clk (net)
                      0.147421    0.003460    0.519126 ^ clkbuf_2_0__f_clk/A (sky130_fd_sc_hd__clkbuf_16)
    19    0.095276    0.169393    0.344876    0.864002 ^ clkbuf_2_0__f_clk/X (sky130_fd_sc_hd__clkbuf_16)
                                                         clknet_2_0__leaf_clk (net)
                      0.169459    0.003152    0.867154 ^ clkbuf_leaf_0_clk/A (sky130_fd_sc_hd__clkbuf_8)
    10    0.046479    0.145485    0.335146    1.202300 ^ clkbuf_leaf_0_clk/X (sky130_fd_sc_hd__clkbuf_8)
                                                         clknet_leaf_0_clk (net)
                      0.145489    0.000992    1.203292 ^ _2778_/CLK (sky130_fd_sc_hd__dfrtp_4)
    10    0.043225    0.203134    1.150467    2.353759 v _2778_/Q (sky130_fd_sc_hd__dfrtp_4)
                                                         CALC_INST.input_ctrl_inst.col_index[1] (net)
                      0.203134    0.000841    2.354600 v _2253_/A (sky130_fd_sc_hd__or4_2)
     5    0.016969    0.321981    1.788172    4.142772 v _2253_/X (sky130_fd_sc_hd__or4_2)
                                                         _0415_ (net)
                      0.321981    0.000385    4.143157 v _2255_/C (sky130_fd_sc_hd__or4_1)
     3    0.005996    0.218161    1.251070    5.394227 v _2255_/X (sky130_fd_sc_hd__or4_1)
                                                         _0417_ (net)
                      0.218161    0.000121    5.394347 v _2258_/C (sky130_fd_sc_hd__or3_1)
     3    0.010819    0.219568    0.883509    6.277857 v _2258_/X (sky130_fd_sc_hd__or3_1)
                                                         _0420_ (net)
                      0.219568    0.000147    6.278004 v _2264_/A (sky130_fd_sc_hd__and3_1)
     1    0.002297    0.066525    0.355291    6.633295 v _2264_/X (sky130_fd_sc_hd__and3_1)
                                                         _0426_ (net)
                      0.066525    0.000069    6.633364 v _2279_/A_N (sky130_fd_sc_hd__and4b_1)
     3    0.010317    0.203751    0.587022    7.220387 ^ _2279_/X (sky130_fd_sc_hd__and4b_1)
                                                         _0441_ (net)
                      0.203751    0.000217    7.220603 ^ _2288_/C1 (sky130_fd_sc_hd__o211ai_1)
     3    0.006785    0.237893    0.294108    7.514712 v _2288_/Y (sky130_fd_sc_hd__o211ai_1)
                                                         _0450_ (net)
                      0.237893    0.000152    7.514863 v _2293_/C (sky130_fd_sc_hd__or3_1)
     3    0.010927    0.220993    0.892533    8.407397 v _2293_/X (sky130_fd_sc_hd__or3_1)
                                                         _0454_ (net)
                      0.220993    0.000439    8.407836 v _2296_/B (sky130_fd_sc_hd__or3b_1)
     1    0.001799    0.125510    0.831000    9.238835 v _2296_/X (sky130_fd_sc_hd__or3b_1)
                                                         net27 (net)
                      0.125510    0.000035    9.238871 v output27/A (sky130_fd_sc_hd__buf_2)
     1    0.034127    0.165383    0.370633    9.609504 v output27/X (sky130_fd_sc_hd__buf_2)
                                                         gpio_out[6] (net)
                      0.165383    0.000706    9.610209 v gpio_out[6] (out)
                                              9.610209   data arrival time

                                 25.000000   25.000000   clock clk (rise edge)
                                  0.000000   25.000000   clock network delay (propagated)
                                 -0.250000   24.750000   clock uncertainty
                                  0.000000   24.750000   clock reconvergence pessimism
                                 -5.000000   19.750000   output external delay
                                             19.750000   data required time
---------------------------------------------------------------------------------------------
                                             19.750000   data required time
                                             -9.610209   data arrival time
---------------------------------------------------------------------------------------------
                                             10.139790   slack (MET)




===========================================================================
report_checks --slack_max -0.01
============================================================================
======================= nom_ss_100C_1v60 Corner ===================================

No paths found.


===========================================================================
 report_check_types -max_slew -max_cap -max_fanout -violators
============================================================================
======================= nom_ss_100C_1v60 Corner ===================================

max slew

Pin                                        Limit        Slew       Slack
------------------------------------------------------------------------
ANTENNA__1266__A2/DIODE                 0.750000    0.952955   -0.202955 (VIOLATED)
_1266_/A2                               0.750000    0.952955   -0.202955 (VIOLATED)
_1269_/A2                               0.750000    0.952955   -0.202955 (VIOLATED)
ANTENNA__1269__A2/DIODE                 0.750000    0.952954   -0.202954 (VIOLATED)
ANTENNA__1252__A2/DIODE                 0.750000    0.952954   -0.202954 (VIOLATED)
_1252_/A2                               0.750000    0.952954   -0.202954 (VIOLATED)
_1272_/A2                               0.750000    0.952947   -0.202947 (VIOLATED)
ANTENNA__1272__A2/DIODE                 0.750000    0.952945   -0.202945 (VIOLATED)
_2468_/B                                0.750000    0.952940   -0.202940 (VIOLATED)
ANTENNA__2226__Y/DIODE                  0.750000    0.952940   -0.202940 (VIOLATED)
ANTENNA__2468__B/DIODE                  0.750000    0.952938   -0.202938 (VIOLATED)
ANTENNA__2233__A1/DIODE                 0.750000    0.952937   -0.202937 (VIOLATED)
_2233_/A1                               0.750000    0.952937   -0.202937 (VIOLATED)
_2226_/Y                                0.750000    0.952936   -0.202936 (VIOLATED)
_2470_/B                                0.750000    0.837738   -0.087738 (VIOLATED)
ANTENNA__2470__B/DIODE                  0.750000    0.837737   -0.087737 (VIOLATED)
ANTENNA__1266__C1/DIODE                 0.750000    0.837736   -0.087736 (VIOLATED)
_1266_/C1                               0.750000    0.837736   -0.087736 (VIOLATED)
_1269_/C1                               0.750000    0.837735   -0.087735 (VIOLATED)
ANTENNA__1269__C1/DIODE                 0.750000    0.837733   -0.087733 (VIOLATED)
ANTENNA__1252__C1/DIODE                 0.750000    0.837731   -0.087731 (VIOLATED)
_1252_/C1                               0.750000    0.837730   -0.087730 (VIOLATED)
_1272_/C1                               0.750000    0.837727   -0.087727 (VIOLATED)
ANTENNA__1272__C1/DIODE                 0.750000    0.837727   -0.087727 (VIOLATED)
ANTENNA__1276__A_N/DIODE                0.750000    0.837712   -0.087712 (VIOLATED)
ANTENNA__2468__Y/DIODE                  0.750000    0.837712   -0.087712 (VIOLATED)
_1276_/A_N                              0.750000    0.837712   -0.087712 (VIOLATED)
_2468_/Y                                0.750000    0.837712   -0.087712 (VIOLATED)
_2252_/Y                                0.750000    0.791625   -0.041626 (VIOLATED)
_2269_/B1                               0.750000    0.791625   -0.041626 (VIOLATED)
max_cap74/A                             0.750000    0.791625   -0.041626 (VIOLATED)
_2370_/B2                               0.750000    0.755348   -0.005348 (VIOLATED)
_2374_/B1                               0.750000    0.755348   -0.005348 (VIOLATED)
_2303_/Y                                0.750000    0.755347   -0.005347 (VIOLATED)
_2343_/B                                0.750000    0.755347   -0.005347 (VIOLATED)
fanout44/A                              0.750000    0.755347   -0.005347 (VIOLATED)
fanout49/A                              0.750000    0.750544   -0.000544 (VIOLATED)
ANTENNA_fanout49_A/DIODE                0.750000    0.750544   -0.000544 (VIOLATED)
fanout48/A                              0.750000    0.750540   -0.000540 (VIOLATED)
ANTENNA_fanout48_A/DIODE                0.750000    0.750539   -0.000539 (VIOLATED)
ANTENNA__1341__Y/DIODE                  0.750000    0.750537   -0.000537 (VIOLATED)
_1341_/Y                                0.750000    0.750537   -0.000537 (VIOLATED)

max fanout

Pin                                   Limit Fanout  Slack
---------------------------------------------------------
_2239_/X                                 10     21    -11 (VIOLATED)
_2240_/Y                                 10     21    -11 (VIOLATED)
_2381_/X                                 10     21    -11 (VIOLATED)
_2487_/Q                                 10     21    -11 (VIOLATED)
fanout100/X                              10     21    -11 (VIOLATED)
fanout103/X                              10     21    -11 (VIOLATED)
fanout109/X                              10     21    -11 (VIOLATED)
fanout41/X                               10     21    -11 (VIOLATED)
fanout48/X                               10     21    -11 (VIOLATED)
fanout54/X                               10     21    -11 (VIOLATED)
fanout56/X                               10     21    -11 (VIOLATED)
fanout57/X                               10     21    -11 (VIOLATED)
fanout58/X                               10     21    -11 (VIOLATED)
fanout73/X                               10     21    -11 (VIOLATED)
fanout75/X                               10     21    -11 (VIOLATED)
fanout77/X                               10     21    -11 (VIOLATED)
fanout82/X                               10     21    -11 (VIOLATED)
fanout84/X                               10     21    -11 (VIOLATED)
fanout86/X                               10     21    -11 (VIOLATED)
fanout91/X                               10     21    -11 (VIOLATED)
_2231_/X                                 10     19     -9 (VIOLATED)
clkbuf_2_0__f_clk/X                      10     19     -9 (VIOLATED)
clkbuf_2_1__f_clk/X                      10     19     -9 (VIOLATED)
clkbuf_2_2__f_clk/X                      10     19     -9 (VIOLATED)
clkbuf_2_3__f_clk/X                      10     19     -9 (VIOLATED)
clkbuf_leaf_32_clk/X                     10     19     -9 (VIOLATED)
fanout35/X                               10     19     -9 (VIOLATED)
fanout63/X                               10     19     -9 (VIOLATED)
fanout96/X                               10     19     -9 (VIOLATED)
clkbuf_leaf_26_clk/X                     10     18     -8 (VIOLATED)
clkbuf_leaf_31_clk/X                     10     18     -8 (VIOLATED)
_2382_/X                                 10     17     -7 (VIOLATED)
_2500_/Q                                 10     17     -7 (VIOLATED)
clkbuf_leaf_11_clk/X                     10     17     -7 (VIOLATED)
clkbuf_leaf_21_clk/X                     10     17     -7 (VIOLATED)
clkbuf_leaf_18_clk/X                     10     16     -6 (VIOLATED)
clkbuf_leaf_23_clk/X                     10     16     -6 (VIOLATED)
clkbuf_leaf_2_clk/X                      10     16     -6 (VIOLATED)
clkbuf_leaf_3_clk/X                      10     16     -6 (VIOLATED)
_2493_/Q                                 10     15     -5 (VIOLATED)
clkbuf_leaf_5_clk/X                      10     15     -5 (VIOLATED)
fanout106/X                              10     15     -5 (VIOLATED)
fanout94/X                               10     15     -5 (VIOLATED)
clkbuf_leaf_13_clk/X                     10     14     -4 (VIOLATED)
clkbuf_leaf_22_clk/X                     10     14     -4 (VIOLATED)
clkbuf_leaf_24_clk/X                     10     14     -4 (VIOLATED)
clkbuf_leaf_8_clk/X                      10     14     -4 (VIOLATED)
clkbuf_leaf_9_clk/X                      10     14     -4 (VIOLATED)
_2209_/Y                                 10     13     -3 (VIOLATED)
_2226_/Y                                 10     13     -3 (VIOLATED)
_2468_/Y                                 10     13     -3 (VIOLATED)
_2499_/Q                                 10     13     -3 (VIOLATED)
clkbuf_leaf_30_clk/X                     10     13     -3 (VIOLATED)
clkbuf_leaf_6_clk/X                      10     13     -3 (VIOLATED)
fanout112/X                              10     13     -3 (VIOLATED)
fanout153/X                              10     13     -3 (VIOLATED)
clkbuf_leaf_1_clk/X                      10     12     -2 (VIOLATED)
clkbuf_leaf_7_clk/X                      10     12     -2 (VIOLATED)
clkbuf_leaf_19_clk/X                     10     11        (VIOLATED)
clkbuf_leaf_28_clk/X                     10     11        (VIOLATED)
clkbuf_leaf_29_clk/X                     10     11        (VIOLATED)
clkbuf_leaf_4_clk/X                      10     11        (VIOLATED)
fanout123/X                              10     11        (VIOLATED)
fanout132/X                              10     11        (VIOLATED)
fanout71/X                               10     11        (VIOLATED)



===========================================================================
report_parasitic_annotation -report_unannotated
============================================================================
Found 106 unannotated drivers.
 en
 gpio_in[10]
 gpio_in[11]
 gpio_in[12]
 gpio_in[13]
 gpio_in[14]
 gpio_in[15]
 gpio_in[16]
 gpio_in[17]
 gpio_in[18]
 gpio_in[19]
 gpio_in[20]
 gpio_in[21]
 gpio_in[22]
 gpio_in[23]
 gpio_in[24]
 gpio_in[25]
 gpio_in[26]
 gpio_in[27]
 gpio_in[28]
 gpio_in[29]
 gpio_in[30]
 gpio_in[31]
 gpio_in[32]
 gpio_in[33]
 gpio_in[4]
 gpio_in[5]
 gpio_in[6]
 gpio_in[7]
 gpio_in[8]
 gpio_in[9]
 clkload0/X
 clkload1/Y
 clkload10/Y
 clkload11/Y
 clkload12/Y
 clkload13/Y
 clkload14/Y
 clkload15/Y
 clkload16/Y
 clkload17/X
 clkload18/Y
 clkload19/Y
 clkload2/Y
 clkload20/X
 clkload21/Y
 clkload22/Y
 clkload23/Y
 clkload24/Y
 clkload25/Y
 clkload26/Y
 clkload27/Y
 clkload28/Y
 clkload29/Y
 clkload3/Y
 clkload30/Y
 clkload31/Y
 clkload4/Y
 clkload5/Y
 clkload6/X
 clkload7/Y
 clkload8/Y
 clkload9/Y
 team_06_154/HI
 team_06_155/HI
 team_06_156/HI
 team_06_157/HI
 team_06_158/HI
 team_06_159/HI
 team_06_160/HI
 team_06_161/HI
 team_06_162/HI
 team_06_163/HI
 team_06_164/HI
 team_06_165/HI
 team_06_166/HI
 team_06_167/HI
 team_06_168/HI
 team_06_169/HI
 team_06_170/HI
 team_06_171/HI
 team_06_172/LO
 team_06_173/LO
 team_06_174/LO
 team_06_175/LO
 team_06_176/LO
 team_06_177/LO
 team_06_178/LO
 team_06_179/LO
 team_06_180/LO
 team_06_181/LO
 team_06_182/LO
 team_06_183/LO
 team_06_184/LO
 team_06_185/LO
 team_06_186/LO
 team_06_187/LO
 team_06_188/LO
 team_06_189/LO
 team_06_190/LO
 team_06_191/LO
 team_06_192/LO
 team_06_193/LO
 team_06_194/LO
 team_06_195/LO
 team_06_196/LO
Found 0 partially unannotated drivers.

===========================================================================
max slew violation count 42
max fanout violation count 65
max cap violation count 0
============================================================================

===========================================================================
check_setup -verbose -unconstrained_endpoints -multiple_clock -no_clock -no_input_delay -loops -generated_clocks
===========================================================================
Warning: There are 43 unconstrained endpoints.
  gpio_oeb[0]
  gpio_oeb[10]
  gpio_oeb[11]
  gpio_oeb[12]
  gpio_oeb[13]
  gpio_oeb[14]
  gpio_oeb[15]
  gpio_oeb[16]
  gpio_oeb[17]
  gpio_oeb[18]
  gpio_oeb[19]
  gpio_oeb[1]
  gpio_oeb[20]
  gpio_oeb[21]
  gpio_oeb[22]
  gpio_oeb[23]
  gpio_oeb[24]
  gpio_oeb[25]
  gpio_oeb[26]
  gpio_oeb[27]
  gpio_oeb[28]
  gpio_oeb[29]
  gpio_oeb[2]
  gpio_oeb[30]
  gpio_oeb[31]
  gpio_oeb[32]
  gpio_oeb[33]
  gpio_oeb[3]
  gpio_oeb[4]
  gpio_oeb[5]
  gpio_oeb[6]
  gpio_oeb[7]
  gpio_oeb[8]
  gpio_oeb[9]
  gpio_out[0]
  gpio_out[1]
  gpio_out[29]
  gpio_out[2]
  gpio_out[30]
  gpio_out[31]
  gpio_out[32]
  gpio_out[33]
  gpio_out[3]
