Clock: clk
Sources: clk 
Generated: no
Virtual: yes
Propagated: no
Period: 25.000000

===========================================================================
report_clock_properties
============================================================================
Clock                   Period          Waveform
----------------------------------------------------
clk                  25.000000    0.000000 12.500000

===========================================================================
report_clock_latency
============================================================================
Clock clk
rise -> rise
    min     max
0.000000 0.000000 source latency
1.168624         network latency _2712_/CLK
        1.219921 network latency _2794_/CLK
---------------
1.168624 1.219921 latency
        0.051297 skew

fall -> fall
    min     max
0.000000 0.000000 source latency
1.069004         network latency _2712_/CLK
        1.107343 network latency _2794_/CLK
---------------
1.069004 1.107343 latency
        0.038339 skew



===========================================================================
report_clock_min_period
============================================================================
clk period_min = 10.24 fmax = 97.62
