
===========================================================================
report_checks -unconstrained
===========================================================================
======================= max_tt_025C_1v80 Corner ===================================

Startpoint: nrst (input port clocked by clk)
Endpoint: _0953_ (recovery check against rising-edge clock clk)
Path Group: asynchronous
Path Type: max

Fanout         Cap        Slew       Delay        Time   Description
---------------------------------------------------------------------------------------------
                                  0.000000    0.000000   clock clk (rise edge)
                                  0.000000    0.000000   clock network delay (propagated)
                                  5.000000    5.000000 ^ input external delay
     2    0.004496    0.027101    0.016295    5.016294 ^ nrst (in)
                                                         nrst (net)
                      0.027103    0.000000    5.016294 ^ input17/A (sky130_fd_sc_hd__dlymetal6s2s_1)
     7    0.029877    0.306312    0.264685    5.280979 ^ input17/X (sky130_fd_sc_hd__dlymetal6s2s_1)
                                                         net17 (net)
                      0.306344    0.002583    5.283563 ^ fanout39/A (sky130_fd_sc_hd__buf_2)
    15    0.043891    0.215393    0.303263    5.586825 ^ fanout39/X (sky130_fd_sc_hd__buf_2)
                                                         net39 (net)
                      0.215609    0.005620    5.592446 ^ fanout38/A (sky130_fd_sc_hd__clkbuf_4)
    21    0.072712    0.220736    0.315828    5.908274 ^ fanout38/X (sky130_fd_sc_hd__clkbuf_4)
                                                         net38 (net)
                      0.220791    0.002966    5.911240 ^ fanout37/A (sky130_fd_sc_hd__clkbuf_2)
     6    0.032198    0.178305    0.251880    6.163120 ^ fanout37/X (sky130_fd_sc_hd__clkbuf_2)
                                                         net37 (net)
                      0.178499    0.003910    6.167030 ^ _0953_/RESET_B (sky130_fd_sc_hd__dfrtp_1)
                                              6.167030   data arrival time

                                 25.000000   25.000000   clock clk (rise edge)
                                  0.000000   25.000000   clock source latency
     2    0.024378    0.115345    0.079938   25.079937 ^ clk (in)
                                                         clk (net)
                      0.115383    0.000000   25.079937 ^ clkbuf_0_clk/A (sky130_fd_sc_hd__clkbuf_16)
    17    0.104623    0.120561    0.212633   25.292570 ^ clkbuf_0_clk/X (sky130_fd_sc_hd__clkbuf_16)
                                                         clknet_0_clk (net)
                      0.121337    0.007763   25.300333 ^ clkbuf_3_7__f_clk/A (sky130_fd_sc_hd__clkbuf_16)
    13    0.046061    0.065355    0.173403   25.473736 ^ clkbuf_3_7__f_clk/X (sky130_fd_sc_hd__clkbuf_16)
                                                         clknet_3_7__leaf_clk (net)
                      0.065516    0.002736   25.476471 ^ _0953_/CLK (sky130_fd_sc_hd__dfrtp_1)
                                 -0.250000   25.226473   clock uncertainty
                                  0.000000   25.226473   clock reconvergence pessimism
                                  0.202171   25.428642   library recovery time
                                             25.428642   data required time
---------------------------------------------------------------------------------------------
                                             25.428642   data required time
                                             -6.167030   data arrival time
---------------------------------------------------------------------------------------------
                                             19.261614   slack (MET)


Startpoint: _0969_ (rising edge-triggered flip-flop clocked by clk)
Endpoint: gpio_out[17] (output port clocked by clk)
Path Group: clk
Path Type: max

Fanout         Cap        Slew       Delay        Time   Description
---------------------------------------------------------------------------------------------
                                  0.000000    0.000000   clock clk (rise edge)
                                  0.000000    0.000000   clock source latency
     2    0.024378    0.115345    0.079938    0.079938 ^ clk (in)
                                                         clk (net)
                      0.115383    0.000000    0.079938 ^ clkbuf_0_clk/A (sky130_fd_sc_hd__clkbuf_16)
    17    0.104623    0.120561    0.212634    0.292572 ^ clkbuf_0_clk/X (sky130_fd_sc_hd__clkbuf_16)
                                                         clknet_0_clk (net)
                      0.120708    0.003473    0.296045 ^ clkbuf_3_5__f_clk/A (sky130_fd_sc_hd__clkbuf_16)
    11    0.049437    0.068441    0.175478    0.471522 ^ clkbuf_3_5__f_clk/X (sky130_fd_sc_hd__clkbuf_16)
                                                         clknet_3_5__leaf_clk (net)
                      0.068822    0.003676    0.475198 ^ _0969_/CLK (sky130_fd_sc_hd__dfstp_1)
     4    0.011807    0.065156    0.391457    0.866655 v _0969_/Q (sky130_fd_sc_hd__dfstp_1)
                                                         MATMULT_INST.prod_adder.gen_for_loop[0].adder_n.a (net)
                      0.065250    0.000995    0.867650 v _0694_/B (sky130_fd_sc_hd__and2_1)
     3    0.010413    0.066154    0.193132    1.060782 v _0694_/X (sky130_fd_sc_hd__and2_1)
                                                         _0267_ (net)
                      0.066155    0.000415    1.061197 v _0695_/A2 (sky130_fd_sc_hd__o211a_1)
     2    0.003798    0.043351    0.213170    1.274367 v _0695_/X (sky130_fd_sc_hd__o211a_1)
                                                         _0268_ (net)
                      0.043351    0.000231    1.274598 v _0697_/B (sky130_fd_sc_hd__or2_1)
     2    0.005164    0.058920    0.215952    1.490550 v _0697_/X (sky130_fd_sc_hd__or2_1)
                                                         _0270_ (net)
                      0.058922    0.000352    1.490902 v _0698_/A2 (sky130_fd_sc_hd__a21o_1)
     2    0.005475    0.044391    0.189764    1.680665 v _0698_/X (sky130_fd_sc_hd__a21o_1)
                                                         _0271_ (net)
                      0.044392    0.000347    1.681013 v _0700_/A2 (sky130_fd_sc_hd__a21oi_1)
     3    0.011962    0.275945    0.264509    1.945521 ^ _0700_/Y (sky130_fd_sc_hd__a21oi_1)
                                                         _0273_ (net)
                      0.275948    0.000685    1.946207 ^ _0701_/A2 (sky130_fd_sc_hd__o21ai_1)
     3    0.007869    0.088676    0.134044    2.080250 v _0701_/Y (sky130_fd_sc_hd__o21ai_1)
                                                         _0274_ (net)
                      0.088676    0.000457    2.080708 v _0744_/C (sky130_fd_sc_hd__and3_1)
     1    0.001666    0.031646    0.185385    2.266093 v _0744_/X (sky130_fd_sc_hd__and3_1)
                                                         _0316_ (net)
                      0.031646    0.000075    2.266167 v _0746_/C (sky130_fd_sc_hd__or4_1)
     1    0.002507    0.079406    0.454409    2.720576 v _0746_/X (sky130_fd_sc_hd__or4_1)
                                                         _0318_ (net)
                      0.079406    0.000117    2.720692 v _0747_/C1 (sky130_fd_sc_hd__o211a_1)
     1    0.002547    0.037115    0.117245    2.837938 v _0747_/X (sky130_fd_sc_hd__o211a_1)
                                                         _0319_ (net)
                      0.037115    0.000183    2.838121 v _0748_/B1 (sky130_fd_sc_hd__o31ai_1)
     1    0.006199    0.279087    0.079894    2.918014 ^ _0748_/Y (sky130_fd_sc_hd__o31ai_1)
                                                         MATMULT_INST.serial_out (net)
                      0.279087    0.000365    2.918379 ^ _1110_/A (sky130_fd_sc_hd__clkbuf_1)
     1    0.002344    0.042034    0.120170    3.038549 ^ _1110_/X (sky130_fd_sc_hd__clkbuf_1)
                                                         net19 (net)
                      0.042034    0.000156    3.038705 ^ output19/A (sky130_fd_sc_hd__buf_2)
     1    0.033959    0.168846    0.195144    3.233849 ^ output19/X (sky130_fd_sc_hd__buf_2)
                                                         gpio_out[17] (net)
                      0.168918    0.001592    3.235441 ^ gpio_out[17] (out)
                                              3.235441   data arrival time

                                 25.000000   25.000000   clock clk (rise edge)
                                  0.000000   25.000000   clock network delay (propagated)
                                 -0.250000   24.750000   clock uncertainty
                                  0.000000   24.750000   clock reconvergence pessimism
                                 -5.000000   19.750000   output external delay
                                             19.750000   data required time
---------------------------------------------------------------------------------------------
                                             19.750000   data required time
                                             -3.235441   data arrival time
---------------------------------------------------------------------------------------------
                                             16.514559   slack (MET)




===========================================================================
report_checks --slack_max -0.01
============================================================================
======================= max_tt_025C_1v80 Corner ===================================

No paths found.


===========================================================================
 report_check_types -max_slew -max_cap -max_fanout -violators
============================================================================
======================= max_tt_025C_1v80 Corner ===================================

max fanout

Pin                                   Limit Fanout  Slack
---------------------------------------------------------
fanout24/X                               10     21    -11 (VIOLATED)
fanout38/X                               10     21    -11 (VIOLATED)
clkbuf_3_0__f_clk/X                      10     18     -8 (VIOLATED)
clkbuf_3_2__f_clk/X                      10     18     -8 (VIOLATED)
clkbuf_0_clk/X                           10     17     -7 (VIOLATED)
clkbuf_3_1__f_clk/X                      10     16     -6 (VIOLATED)
fanout39/X                               10     15     -5 (VIOLATED)
clkbuf_3_3__f_clk/X                      10     13     -3 (VIOLATED)
clkbuf_3_7__f_clk/X                      10     13     -3 (VIOLATED)
clkbuf_3_4__f_clk/X                      10     11        (VIOLATED)
clkbuf_3_5__f_clk/X                      10     11        (VIOLATED)
input5/X                                 10     11        (VIOLATED)
input7/X                                 10     11        (VIOLATED)



===========================================================================
report_parasitic_annotation -report_unannotated
============================================================================
Found 92 unannotated drivers.
 en
 gpio_in[16]
 gpio_in[17]
 gpio_in[18]
 gpio_in[19]
 gpio_in[20]
 gpio_in[21]
 gpio_in[22]
 gpio_in[23]
 gpio_in[24]
 gpio_in[25]
 gpio_in[26]
 gpio_in[27]
 gpio_in[28]
 gpio_in[29]
 gpio_in[30]
 gpio_in[31]
 gpio_in[32]
 gpio_in[33]
 clkload0/X
 clkload1/Y
 clkload2/Y
 clkload3/Y
 clkload4/Y
 clkload5/Y
 clkload6/Y
 team_07_100/HI
 team_07_101/HI
 team_07_102/HI
 team_07_103/LO
 team_07_104/LO
 team_07_105/LO
 team_07_40/HI
 team_07_41/HI
 team_07_42/HI
 team_07_43/HI
 team_07_44/HI
 team_07_45/HI
 team_07_46/HI
 team_07_47/HI
 team_07_48/HI
 team_07_49/HI
 team_07_50/HI
 team_07_51/HI
 team_07_52/HI
 team_07_53/HI
 team_07_54/HI
 team_07_55/HI
 team_07_56/HI
 team_07_57/HI
 team_07_58/HI
 team_07_59/HI
 team_07_60/HI
 team_07_61/HI
 team_07_62/HI
 team_07_63/HI
 team_07_64/HI
 team_07_65/HI
 team_07_66/HI
 team_07_67/HI
 team_07_68/HI
 team_07_69/HI
 team_07_70/HI
 team_07_71/HI
 team_07_72/HI
 team_07_73/HI
 team_07_74/HI
 team_07_75/HI
 team_07_76/HI
 team_07_77/HI
 team_07_78/HI
 team_07_79/HI
 team_07_80/HI
 team_07_81/HI
 team_07_82/HI
 team_07_83/HI
 team_07_84/HI
 team_07_85/HI
 team_07_86/HI
 team_07_87/HI
 team_07_88/HI
 team_07_89/HI
 team_07_90/HI
 team_07_91/HI
 team_07_92/HI
 team_07_93/HI
 team_07_94/HI
 team_07_95/HI
 team_07_96/HI
 team_07_97/HI
 team_07_98/HI
 team_07_99/HI
Found 0 partially unannotated drivers.

===========================================================================
max slew violation count 0
max fanout violation count 13
max cap violation count 0
============================================================================

===========================================================================
check_setup -verbose -unconstrained_endpoints -multiple_clock -no_clock -no_input_delay -loops -generated_clocks
===========================================================================
Warning: There are 66 unconstrained endpoints.
  gpio_oeb[0]
  gpio_oeb[10]
  gpio_oeb[11]
  gpio_oeb[12]
  gpio_oeb[13]
  gpio_oeb[14]
  gpio_oeb[15]
  gpio_oeb[16]
  gpio_oeb[17]
  gpio_oeb[18]
  gpio_oeb[19]
  gpio_oeb[1]
  gpio_oeb[20]
  gpio_oeb[21]
  gpio_oeb[22]
  gpio_oeb[23]
  gpio_oeb[24]
  gpio_oeb[25]
  gpio_oeb[26]
  gpio_oeb[27]
  gpio_oeb[28]
  gpio_oeb[29]
  gpio_oeb[2]
  gpio_oeb[30]
  gpio_oeb[31]
  gpio_oeb[32]
  gpio_oeb[33]
  gpio_oeb[3]
  gpio_oeb[4]
  gpio_oeb[5]
  gpio_oeb[6]
  gpio_oeb[7]
  gpio_oeb[8]
  gpio_oeb[9]
  gpio_out[0]
  gpio_out[10]
  gpio_out[11]
  gpio_out[12]
  gpio_out[13]
  gpio_out[14]
  gpio_out[15]
  gpio_out[18]
  gpio_out[19]
  gpio_out[1]
  gpio_out[20]
  gpio_out[21]
  gpio_out[22]
  gpio_out[23]
  gpio_out[24]
  gpio_out[25]
  gpio_out[26]
  gpio_out[27]
  gpio_out[28]
  gpio_out[29]
  gpio_out[2]
  gpio_out[30]
  gpio_out[31]
  gpio_out[32]
  gpio_out[33]
  gpio_out[3]
  gpio_out[4]
  gpio_out[5]
  gpio_out[6]
  gpio_out[7]
  gpio_out[8]
  gpio_out[9]
