Clock: clk
Sources: clk 
Generated: no
Virtual: yes
Propagated: no
Period: 25.000000

===========================================================================
report_clock_properties
============================================================================
Clock                   Period          Waveform
----------------------------------------------------
clk                  25.000000    0.000000 12.500000

===========================================================================
report_clock_latency
============================================================================
Clock clk
rise -> rise
    min     max
0.000000 0.000000 source latency
0.469240         network latency _0974_/CLK
        0.487972 network latency _0952_/CLK
---------------
0.469240 0.487972 latency
        0.018733 skew

fall -> fall
    min     max
0.000000 0.000000 source latency
0.410662         network latency _0974_/CLK
        0.425747 network latency _0952_/CLK
---------------
0.410662 0.425747 latency
        0.015085 skew



===========================================================================
report_clock_min_period
============================================================================
clk period_min = 3.94 fmax = 253.82
