Clock: clk
Sources: clk 
Generated: no
Virtual: yes
Propagated: no
Period: 25.000000

===========================================================================
report_clock_properties
============================================================================
Clock                   Period          Waveform
----------------------------------------------------
clk                  25.000000    0.000000 12.500000

===========================================================================
report_clock_latency
============================================================================
Clock clk
rise -> rise
    min     max
0.000000 0.000000 source latency
0.472969         network latency _0980_/CLK
        0.485591 network latency _1018_/CLK
---------------
0.472969 0.485591 latency
        0.012623 skew

fall -> fall
    min     max
0.000000 0.000000 source latency
0.409641         network latency _0980_/CLK
        0.419106 network latency _1018_/CLK
---------------
0.409641 0.419106 latency
        0.009464 skew



===========================================================================
report_clock_min_period
============================================================================
clk period_min = 4.61 fmax = 216.73
