Netgen 1.5.278 compiled on Sun Sep 29 13:29:03 UTC 2024
Warning: netgen command 'format' use fully-qualified name '::netgen::format'
Warning: netgen command 'global' use fully-qualified name '::netgen::global'
Warning:  A case-insensitive file has been read and so the	verilog file must be treated case-insensitive to match.
Reading SPICE netlist file '/home/ajwey/CI2605_stuff/nebula-iii/dependencies/pdks/sky130A/libs.ref/sky130_fd_sc_hd/spice/sky130_ef_sc_hd__decap_12.spice'...
Call to undefined subcircuit sky130_fd_pr__pfet_01v8_hvt
Creating placeholder cell definition.
Call to undefined subcircuit sky130_fd_pr__nfet_01v8
Creating placeholder cell definition.
Reading SPICE netlist file '/home/ajwey/CI2605_stuff/nebula-iii/dependencies/pdks/sky130A/libs.ref/sky130_fd_sc_hd/spice/sky130_ef_sc_hd__decap_20_12.spice'...
Reading SPICE netlist file '/home/ajwey/CI2605_stuff/nebula-iii/dependencies/pdks/sky130A/libs.ref/sky130_fd_sc_hd/spice/sky130_ef_sc_hd__decap_40_12.spice'...
Reading SPICE netlist file '/home/ajwey/CI2605_stuff/nebula-iii/dependencies/pdks/sky130A/libs.ref/sky130_fd_sc_hd/spice/sky130_ef_sc_hd__decap_60_12.spice'...
Reading SPICE netlist file '/home/ajwey/CI2605_stuff/nebula-iii/dependencies/pdks/sky130A/libs.ref/sky130_fd_sc_hd/spice/sky130_ef_sc_hd__decap_80_12.spice'...
Reading SPICE netlist file '/home/ajwey/CI2605_stuff/nebula-iii/dependencies/pdks/sky130A/libs.ref/sky130_fd_sc_hd/spice/sky130_ef_sc_hd__fill_12.spice'...
Reading SPICE netlist file '/home/ajwey/CI2605_stuff/nebula-iii/dependencies/pdks/sky130A/libs.ref/sky130_fd_sc_hd/spice/sky130_ef_sc_hd__fill_2.spice'...
Reading SPICE netlist file '/home/ajwey/CI2605_stuff/nebula-iii/dependencies/pdks/sky130A/libs.ref/sky130_fd_sc_hd/spice/sky130_ef_sc_hd__fill_4.spice'...
Reading SPICE netlist file '/home/ajwey/CI2605_stuff/nebula-iii/dependencies/pdks/sky130A/libs.ref/sky130_fd_sc_hd/spice/sky130_ef_sc_hd__fill_8.spice'...
Reading SPICE netlist file '/home/ajwey/CI2605_stuff/nebula-iii/dependencies/pdks/sky130A/libs.ref/sky130_fd_sc_hd/spice/sky130_fd_sc_hd.spice'...
Call to undefined subcircuit sky130_fd_pr__res_generic_po
Creating placeholder cell definition.
Call to undefined subcircuit sky130_fd_pr__special_nfet_01v8
Creating placeholder cell definition.
Call to undefined subcircuit sky130_fd_pr__diode_pw2nd_05v5
Creating placeholder cell definition.
Call to undefined subcircuit sky130_fd_pr__special_pfet_01v8_hvt
Creating placeholder cell definition.
Call to undefined subcircuit sky130_fd_sc_hd__nand2_2
Creating placeholder cell definition.
Call to undefined subcircuit sky130_fd_sc_hd__nor2_2
Creating placeholder cell definition.
Warning:  A case-insensitive file has been read and so the	verilog file must be treated case-insensitive to match.
Note:  Implicit pin HI in instance team_05_64 of sky130_fd_sc_hd__conb_1 in cell team_05
Note:  Implicit pin HI in instance team_05_65 of sky130_fd_sc_hd__conb_1 in cell team_05
Note:  Implicit pin HI in instance team_05_66 of sky130_fd_sc_hd__conb_1 in cell team_05
Note:  Implicit pin HI in instance team_05_67 of sky130_fd_sc_hd__conb_1 in cell team_05
Note:  Implicit pin HI in instance team_05_68 of sky130_fd_sc_hd__conb_1 in cell team_05
Note:  Implicit pin HI in instance team_05_69 of sky130_fd_sc_hd__conb_1 in cell team_05
Note:  Implicit pin HI in instance team_05_70 of sky130_fd_sc_hd__conb_1 in cell team_05
Note:  Implicit pin HI in instance team_05_71 of sky130_fd_sc_hd__conb_1 in cell team_05
Note:  Implicit pin HI in instance team_05_72 of sky130_fd_sc_hd__conb_1 in cell team_05
Note:  Implicit pin HI in instance team_05_73 of sky130_fd_sc_hd__conb_1 in cell team_05
Note:  Implicit pin HI in instance team_05_74 of sky130_fd_sc_hd__conb_1 in cell team_05
Note:  Implicit pin HI in instance team_05_75 of sky130_fd_sc_hd__conb_1 in cell team_05
Note:  Implicit pin HI in instance team_05_76 of sky130_fd_sc_hd__conb_1 in cell team_05
Note:  Implicit pin HI in instance team_05_77 of sky130_fd_sc_hd__conb_1 in cell team_05
Note:  Implicit pin HI in instance team_05_78 of sky130_fd_sc_hd__conb_1 in cell team_05
Note:  Implicit pin HI in instance team_05_79 of sky130_fd_sc_hd__conb_1 in cell team_05
Note:  Implicit pin HI in instance team_05_80 of sky130_fd_sc_hd__conb_1 in cell team_05
Note:  Implicit pin HI in instance team_05_81 of sky130_fd_sc_hd__conb_1 in cell team_05
Note:  Implicit pin HI in instance team_05_82 of sky130_fd_sc_hd__conb_1 in cell team_05
Note:  Implicit pin HI in instance team_05_83 of sky130_fd_sc_hd__conb_1 in cell team_05
Note:  Implicit pin HI in instance team_05_84 of sky130_fd_sc_hd__conb_1 in cell team_05
Note:  Implicit pin HI in instance team_05_85 of sky130_fd_sc_hd__conb_1 in cell team_05
Note:  Implicit pin HI in instance team_05_86 of sky130_fd_sc_hd__conb_1 in cell team_05
Note:  Implicit pin HI in instance team_05_87 of sky130_fd_sc_hd__conb_1 in cell team_05
Note:  Implicit pin HI in instance team_05_88 of sky130_fd_sc_hd__conb_1 in cell team_05
Note:  Implicit pin HI in instance team_05_89 of sky130_fd_sc_hd__conb_1 in cell team_05
Note:  Implicit pin HI in instance team_05_90 of sky130_fd_sc_hd__conb_1 in cell team_05
Note:  Implicit pin HI in instance team_05_91 of sky130_fd_sc_hd__conb_1 in cell team_05
Note:  Implicit pin HI in instance team_05_92 of sky130_fd_sc_hd__conb_1 in cell team_05
Note:  Implicit pin HI in instance team_05_93 of sky130_fd_sc_hd__conb_1 in cell team_05
Note:  Implicit pin HI in instance team_05_94 of sky130_fd_sc_hd__conb_1 in cell team_05
Note:  Implicit pin HI in instance team_05_95 of sky130_fd_sc_hd__conb_1 in cell team_05
Note:  Implicit pin HI in instance team_05_96 of sky130_fd_sc_hd__conb_1 in cell team_05
Note:  Implicit pin HI in instance team_05_97 of sky130_fd_sc_hd__conb_1 in cell team_05
Note:  Implicit pin HI in instance team_05_98 of sky130_fd_sc_hd__conb_1 in cell team_05
Note:  Implicit pin HI in instance team_05_99 of sky130_fd_sc_hd__conb_1 in cell team_05
Note:  Implicit pin HI in instance team_05_100 of sky130_fd_sc_hd__conb_1 in cell team_05
Note:  Implicit pin HI in instance team_05_101 of sky130_fd_sc_hd__conb_1 in cell team_05
Note:  Implicit pin HI in instance team_05_102 of sky130_fd_sc_hd__conb_1 in cell team_05
Note:  Implicit pin HI in instance team_05_103 of sky130_fd_sc_hd__conb_1 in cell team_05
Note:  Implicit pin HI in instance team_05_104 of sky130_fd_sc_hd__conb_1 in cell team_05
Note:  Implicit pin HI in instance team_05_105 of sky130_fd_sc_hd__conb_1 in cell team_05
Note:  Implicit pin HI in instance team_05_106 of sky130_fd_sc_hd__conb_1 in cell team_05
Note:  Implicit pin HI in instance team_05_107 of sky130_fd_sc_hd__conb_1 in cell team_05
Note:  Implicit pin HI in instance team_05_108 of sky130_fd_sc_hd__conb_1 in cell team_05
Note:  Implicit pin HI in instance team_05_109 of sky130_fd_sc_hd__conb_1 in cell team_05
Note:  Implicit pin HI in instance team_05_110 of sky130_fd_sc_hd__conb_1 in cell team_05
Note:  Implicit pin HI in instance team_05_111 of sky130_fd_sc_hd__conb_1 in cell team_05
Note:  Implicit pin HI in instance team_05_112 of sky130_fd_sc_hd__conb_1 in cell team_05
Note:  Implicit pin HI in instance team_05_113 of sky130_fd_sc_hd__conb_1 in cell team_05
Note:  Implicit pin HI in instance team_05_114 of sky130_fd_sc_hd__conb_1 in cell team_05
Note:  Implicit pin HI in instance team_05_115 of sky130_fd_sc_hd__conb_1 in cell team_05
Note:  Implicit pin HI in instance team_05_116 of sky130_fd_sc_hd__conb_1 in cell team_05
Note:  Implicit pin HI in instance team_05_117 of sky130_fd_sc_hd__conb_1 in cell team_05
Note:  Implicit pin HI in instance team_05_118 of sky130_fd_sc_hd__conb_1 in cell team_05
Note:  Implicit pin HI in instance team_05_119 of sky130_fd_sc_hd__conb_1 in cell team_05
Note:  Implicit pin HI in instance team_05_120 of sky130_fd_sc_hd__conb_1 in cell team_05
Note:  Implicit pin HI in instance team_05_121 of sky130_fd_sc_hd__conb_1 in cell team_05
Note:  Implicit pin HI in instance team_05_122 of sky130_fd_sc_hd__conb_1 in cell team_05
Note:  Implicit pin HI in instance team_05_123 of sky130_fd_sc_hd__conb_1 in cell team_05
Note:  Implicit pin HI in instance team_05_124 of sky130_fd_sc_hd__conb_1 in cell team_05
Note:  Implicit pin HI in instance team_05_125 of sky130_fd_sc_hd__conb_1 in cell team_05
Note:  Implicit pin HI in instance team_05_126 of sky130_fd_sc_hd__conb_1 in cell team_05
Note:  Implicit pin HI in instance team_05_127 of sky130_fd_sc_hd__conb_1 in cell team_05
Note:  Implicit pin HI in instance team_05_128 of sky130_fd_sc_hd__conb_1 in cell team_05
Note:  Implicit pin HI in instance _0946__129 of sky130_fd_sc_hd__conb_1 in cell team_05
Note:  Implicit pin HI in instance _0930__130 of sky130_fd_sc_hd__conb_1 in cell team_05
Note:  Implicit pin HI in instance _0929__131 of sky130_fd_sc_hd__conb_1 in cell team_05
Note:  Implicit pin LO in instance team_05_132 of sky130_fd_sc_hd__conb_1 in cell team_05
Note:  Implicit pin HI in instance team_05_63 of sky130_fd_sc_hd__conb_1 in cell team_05
Note:  Implicit pin X in instance clkload0 of sky130_fd_sc_hd__clkbuf_8 in cell team_05
Note:  Implicit pin Y in instance clkload1 of sky130_fd_sc_hd__clkinv_2 in cell team_05
Note:  Implicit pin Y in instance clkload2 of sky130_fd_sc_hd__bufinv_16 in cell team_05
Note:  Implicit pin Y in instance clkload3 of sky130_fd_sc_hd__clkinv_2 in cell team_05
Note:  Implicit pin X in instance clkload4 of sky130_fd_sc_hd__clkbuf_4 in cell team_05
Note:  Implicit pin Y in instance clkload5 of sky130_fd_sc_hd__clkinv_2 in cell team_05
Note:  Implicit pin X in instance clkload6 of sky130_fd_sc_hd__clkbuf_4 in cell team_05
Note:  Implicit pin X in instance clkload7 of sky130_fd_sc_hd__clkbuf_8 in cell team_05
Note:  Implicit pin X in instance clkload8 of sky130_fd_sc_hd__clkbuf_8 in cell team_05
Note:  Implicit pin X in instance clkload9 of sky130_fd_sc_hd__clkbuf_4 in cell team_05
Note:  Implicit pin Y in instance clkload10 of sky130_fd_sc_hd__clkinv_2 in cell team_05
Note:  Implicit pin Y in instance clkload11 of sky130_fd_sc_hd__clkinv_2 in cell team_05
Note:  Implicit pin X in instance clkload12 of sky130_fd_sc_hd__clkbuf_4 in cell team_05
Note:  Implicit pin X in instance clkload13 of sky130_fd_sc_hd__clkbuf_4 in cell team_05
Note:  Implicit pin X in instance clkload14 of sky130_fd_sc_hd__clkbuf_4 in cell team_05
Treating empty subcircuits as black-box cells
Generating JSON file result

Reading setup file /nix/store/svkrfkkpaij5qb9xjbcwfymcd4s8hczv-python3-3.11.9-env/lib/python3.11/site-packages/librelane/scripts/netgen/setup.tcl

Model sky130_fd_pr__res_generic_po pin 1 == 2
No property value found for device sky130_fd_pr__res_generic_po
No property mult found for device sky130_fd_pr__res_generic_po
Model sky130_fd_pr__nfet_01v8 pin 1 == 3
No property mult found for device sky130_fd_pr__nfet_01v8
No property sa found for device sky130_fd_pr__nfet_01v8
No property sb found for device sky130_fd_pr__nfet_01v8
No property sd found for device sky130_fd_pr__nfet_01v8
No property nf found for device sky130_fd_pr__nfet_01v8
No property nrd found for device sky130_fd_pr__nfet_01v8
No property nrs found for device sky130_fd_pr__nfet_01v8
No property area found for device sky130_fd_pr__nfet_01v8
No property perim found for device sky130_fd_pr__nfet_01v8
No property topography found for device sky130_fd_pr__nfet_01v8
Model sky130_fd_pr__pfet_01v8_hvt pin 1 == 3
No property mult found for device sky130_fd_pr__pfet_01v8_hvt
No property sa found for device sky130_fd_pr__pfet_01v8_hvt
No property sb found for device sky130_fd_pr__pfet_01v8_hvt
No property sd found for device sky130_fd_pr__pfet_01v8_hvt
No property nf found for device sky130_fd_pr__pfet_01v8_hvt
No property nrd found for device sky130_fd_pr__pfet_01v8_hvt
No property nrs found for device sky130_fd_pr__pfet_01v8_hvt
No property area found for device sky130_fd_pr__pfet_01v8_hvt
No property perim found for device sky130_fd_pr__pfet_01v8_hvt
No property topography found for device sky130_fd_pr__pfet_01v8_hvt
Model sky130_fd_pr__special_nfet_01v8 pin 1 == 3
No property as found for device sky130_fd_pr__special_nfet_01v8
No property ad found for device sky130_fd_pr__special_nfet_01v8
No property ps found for device sky130_fd_pr__special_nfet_01v8
No property pd found for device sky130_fd_pr__special_nfet_01v8
No property mult found for device sky130_fd_pr__special_nfet_01v8
No property sa found for device sky130_fd_pr__special_nfet_01v8
No property sb found for device sky130_fd_pr__special_nfet_01v8
No property sd found for device sky130_fd_pr__special_nfet_01v8
No property nf found for device sky130_fd_pr__special_nfet_01v8
No property nrd found for device sky130_fd_pr__special_nfet_01v8
No property nrs found for device sky130_fd_pr__special_nfet_01v8
No property area found for device sky130_fd_pr__special_nfet_01v8
No property perim found for device sky130_fd_pr__special_nfet_01v8
No property topography found for device sky130_fd_pr__special_nfet_01v8
Model sky130_fd_pr__special_pfet_01v8_hvt pin 1 == 3
No property as found for device sky130_fd_pr__special_pfet_01v8_hvt
No property ad found for device sky130_fd_pr__special_pfet_01v8_hvt
No property ps found for device sky130_fd_pr__special_pfet_01v8_hvt
No property pd found for device sky130_fd_pr__special_pfet_01v8_hvt
No property mult found for device sky130_fd_pr__special_pfet_01v8_hvt
No property sa found for device sky130_fd_pr__special_pfet_01v8_hvt
No property sb found for device sky130_fd_pr__special_pfet_01v8_hvt
No property sd found for device sky130_fd_pr__special_pfet_01v8_hvt
No property nf found for device sky130_fd_pr__special_pfet_01v8_hvt
No property nrd found for device sky130_fd_pr__special_pfet_01v8_hvt
No property nrs found for device sky130_fd_pr__special_pfet_01v8_hvt
No property area found for device sky130_fd_pr__special_pfet_01v8_hvt
No property perim found for device sky130_fd_pr__special_pfet_01v8_hvt
No property topography found for device sky130_fd_pr__special_pfet_01v8_hvt
No property value found for device sky130_fd_pr__diode_pw2nd_05v5
No property mult found for device sky130_fd_pr__diode_pw2nd_05v5
Comparison output logged to file /home/ajwey/CI2605_stuff/nebula-iii/openlane/team_05/runs/26_03_06_22_48/69-netgen-lvs/reports/lvs.netgen.rpt
Logging to file "/home/ajwey/CI2605_stuff/nebula-iii/openlane/team_05/runs/26_03_06_22_48/69-netgen-lvs/reports/lvs.netgen.rpt" enabled

Contents of circuit 1:  Circuit: 'sky130_fd_sc_hd__tapvpwrvgnd_1'
Circuit sky130_fd_sc_hd__tapvpwrvgnd_1 contains 0 device instances.
Circuit contains 0 nets, and 2 disconnected pins.
Contents of circuit 2:  Circuit: 'sky130_fd_sc_hd__tapvpwrvgnd_1'
Circuit sky130_fd_sc_hd__tapvpwrvgnd_1 contains 0 device instances.
Circuit contains 0 nets, and 2 disconnected pins.

Circuit sky130_fd_sc_hd__tapvpwrvgnd_1 contains no devices.

Contents of circuit 1:  Circuit: 'sky130_fd_sc_hd__fill_2'
Circuit sky130_fd_sc_hd__fill_2 contains 0 device instances.
Circuit contains 0 nets, and 4 disconnected pins.
Contents of circuit 2:  Circuit: 'sky130_fd_sc_hd__fill_2'
Circuit sky130_fd_sc_hd__fill_2 contains 0 device instances.
Circuit contains 0 nets, and 4 disconnected pins.

Circuit sky130_fd_sc_hd__fill_2 contains no devices.

Contents of circuit 1:  Circuit: 'sky130_ef_sc_hd__decap_40_12'
Circuit sky130_ef_sc_hd__decap_40_12 contains 0 device instances.
Circuit contains 0 nets, and 4 disconnected pins.
Contents of circuit 2:  Circuit: 'sky130_ef_sc_hd__decap_40_12'
Circuit sky130_ef_sc_hd__decap_40_12 contains 2 device instances.
  Class: sky130_fd_pr__nfet_01v8 instances:   1
  Class: sky130_fd_pr__pfet_01v8_hvt instances:   1
Circuit contains 4 nets.

Circuit sky130_ef_sc_hd__decap_40_12 contains no devices.

Contents of circuit 1:  Circuit: 'sky130_fd_sc_hd__dfrtp_1'
Circuit sky130_fd_sc_hd__dfrtp_1 contains 0 device instances.
Circuit contains 0 nets, and 8 disconnected pins.
Contents of circuit 2:  Circuit: 'sky130_fd_sc_hd__dfrtp_1'
Circuit sky130_fd_sc_hd__dfrtp_1 contains 28 device instances.
  Class: sky130_fd_pr__nfet_01v8 instances:  10
  Class: sky130_fd_pr__pfet_01v8_hvt instances:  14
  Class: sky130_fd_pr__special_nfet_01v8 instances:   4
Circuit contains 21 nets.

Circuit sky130_fd_sc_hd__dfrtp_1 contains no devices.

Contents of circuit 1:  Circuit: 'sky130_fd_sc_hd__fill_1'
Circuit sky130_fd_sc_hd__fill_1 contains 0 device instances.
Circuit contains 0 nets, and 4 disconnected pins.
Contents of circuit 2:  Circuit: 'sky130_fd_sc_hd__fill_1'
Circuit sky130_fd_sc_hd__fill_1 contains 0 device instances.
Circuit contains 0 nets, and 4 disconnected pins.

Circuit sky130_fd_sc_hd__fill_1 contains no devices.

Contents of circuit 1:  Circuit: 'sky130_fd_sc_hd__fill_4'
Circuit sky130_fd_sc_hd__fill_4 contains 0 device instances.
Circuit contains 0 nets, and 4 disconnected pins.
Contents of circuit 2:  Circuit: 'sky130_fd_sc_hd__fill_4'
Circuit sky130_fd_sc_hd__fill_4 contains 0 device instances.
Circuit contains 0 nets, and 4 disconnected pins.

Circuit sky130_fd_sc_hd__fill_4 contains no devices.

Contents of circuit 1:  Circuit: 'sky130_fd_sc_hd__o21a_1'
Circuit sky130_fd_sc_hd__o21a_1 contains 0 device instances.
Circuit contains 0 nets, and 8 disconnected pins.
Contents of circuit 2:  Circuit: 'sky130_fd_sc_hd__o21a_1'
Circuit sky130_fd_sc_hd__o21a_1 contains 8 device instances.
  Class: sky130_fd_pr__nfet_01v8 instances:   4
  Class: sky130_fd_pr__pfet_01v8_hvt instances:   4
Circuit contains 11 nets.

Circuit sky130_fd_sc_hd__o21a_1 contains no devices.

Contents of circuit 1:  Circuit: 'sky130_fd_sc_hd__clkbuf_8'
Circuit sky130_fd_sc_hd__clkbuf_8 contains 0 device instances.
Circuit contains 0 nets, and 6 disconnected pins.
Contents of circuit 2:  Circuit: 'sky130_fd_sc_hd__clkbuf_8'
Circuit sky130_fd_sc_hd__clkbuf_8 contains 20 device instances.
  Class: sky130_fd_pr__nfet_01v8 instances:  10
  Class: sky130_fd_pr__pfet_01v8_hvt instances:  10
Circuit contains 7 nets.

Circuit sky130_fd_sc_hd__clkbuf_8 contains no devices.

Contents of circuit 1:  Circuit: 'sky130_fd_sc_hd__and2_1'
Circuit sky130_fd_sc_hd__and2_1 contains 0 device instances.
Circuit contains 0 nets, and 7 disconnected pins.
Contents of circuit 2:  Circuit: 'sky130_fd_sc_hd__and2_1'
Circuit sky130_fd_sc_hd__and2_1 contains 6 device instances.
  Class: sky130_fd_pr__nfet_01v8 instances:   3
  Class: sky130_fd_pr__pfet_01v8_hvt instances:   3
Circuit contains 9 nets.

Circuit sky130_fd_sc_hd__and2_1 contains no devices.

Contents of circuit 1:  Circuit: 'sky130_fd_sc_hd__a221o_1'
Circuit sky130_fd_sc_hd__a221o_1 contains 0 device instances.
Circuit contains 0 nets, and 10 disconnected pins.
Contents of circuit 2:  Circuit: 'sky130_fd_sc_hd__a221o_1'
Circuit sky130_fd_sc_hd__a221o_1 contains 12 device instances.
  Class: sky130_fd_pr__nfet_01v8 instances:   6
  Class: sky130_fd_pr__pfet_01v8_hvt instances:   6
Circuit contains 15 nets.

Circuit sky130_fd_sc_hd__a221o_1 contains no devices.

Contents of circuit 1:  Circuit: 'sky130_fd_sc_hd__fill_8'
Circuit sky130_fd_sc_hd__fill_8 contains 0 device instances.
Circuit contains 0 nets, and 4 disconnected pins.
Contents of circuit 2:  Circuit: 'sky130_fd_sc_hd__fill_8'
Circuit sky130_fd_sc_hd__fill_8 contains 0 device instances.
Circuit contains 0 nets, and 4 disconnected pins.

Circuit sky130_fd_sc_hd__fill_8 contains no devices.

Contents of circuit 1:  Circuit: 'sky130_fd_sc_hd__decap_3'
Circuit sky130_fd_sc_hd__decap_3 contains 0 device instances.
Circuit contains 0 nets, and 4 disconnected pins.
Contents of circuit 2:  Circuit: 'sky130_fd_sc_hd__decap_3'
Circuit sky130_fd_sc_hd__decap_3 contains 2 device instances.
  Class: sky130_fd_pr__nfet_01v8 instances:   1
  Class: sky130_fd_pr__pfet_01v8_hvt instances:   1
Circuit contains 4 nets.

Circuit sky130_fd_sc_hd__decap_3 contains no devices.

Contents of circuit 1:  Circuit: 'sky130_fd_sc_hd__xor2_1'
Circuit sky130_fd_sc_hd__xor2_1 contains 0 device instances.
Circuit contains 0 nets, and 7 disconnected pins.
Contents of circuit 2:  Circuit: 'sky130_fd_sc_hd__xor2_1'
Circuit sky130_fd_sc_hd__xor2_1 contains 10 device instances.
  Class: sky130_fd_pr__nfet_01v8 instances:   5
  Class: sky130_fd_pr__pfet_01v8_hvt instances:   5
Circuit contains 11 nets.

Circuit sky130_fd_sc_hd__xor2_1 contains no devices.

Contents of circuit 1:  Circuit: 'sky130_fd_sc_hd__and2b_1'
Circuit sky130_fd_sc_hd__and2b_1 contains 0 device instances.
Circuit contains 0 nets, and 7 disconnected pins.
Contents of circuit 2:  Circuit: 'sky130_fd_sc_hd__and2b_1'
Circuit sky130_fd_sc_hd__and2b_1 contains 8 device instances.
  Class: sky130_fd_pr__nfet_01v8 instances:   4
  Class: sky130_fd_pr__pfet_01v8_hvt instances:   4
Circuit contains 10 nets.

Circuit sky130_fd_sc_hd__and2b_1 contains no devices.

Contents of circuit 1:  Circuit: 'sky130_fd_sc_hd__nand2_1'
Circuit sky130_fd_sc_hd__nand2_1 contains 0 device instances.
Circuit contains 0 nets, and 7 disconnected pins.
Contents of circuit 2:  Circuit: 'sky130_fd_sc_hd__nand2_1'
Circuit sky130_fd_sc_hd__nand2_1 contains 4 device instances.
  Class: sky130_fd_pr__nfet_01v8 instances:   2
  Class: sky130_fd_pr__pfet_01v8_hvt instances:   2
Circuit contains 8 nets.

Circuit sky130_fd_sc_hd__nand2_1 contains no devices.

Contents of circuit 1:  Circuit: 'sky130_fd_sc_hd__dlygate4sd3_1'
Circuit sky130_fd_sc_hd__dlygate4sd3_1 contains 0 device instances.
Circuit contains 0 nets, and 6 disconnected pins.
Contents of circuit 2:  Circuit: 'sky130_fd_sc_hd__dlygate4sd3_1'
Circuit sky130_fd_sc_hd__dlygate4sd3_1 contains 8 device instances.
  Class: sky130_fd_pr__nfet_01v8 instances:   4
  Class: sky130_fd_pr__pfet_01v8_hvt instances:   4
Circuit contains 9 nets.

Circuit sky130_fd_sc_hd__dlygate4sd3_1 contains no devices.

Contents of circuit 1:  Circuit: 'sky130_fd_sc_hd__o21ai_2'
Circuit sky130_fd_sc_hd__o21ai_2 contains 0 device instances.
Circuit contains 0 nets, and 8 disconnected pins.
Contents of circuit 2:  Circuit: 'sky130_fd_sc_hd__o21ai_2'
Circuit sky130_fd_sc_hd__o21ai_2 contains 12 device instances.
  Class: sky130_fd_pr__nfet_01v8 instances:   6
  Class: sky130_fd_pr__pfet_01v8_hvt instances:   6
Circuit contains 10 nets.

Circuit sky130_fd_sc_hd__o21ai_2 contains no devices.

Contents of circuit 1:  Circuit: 'sky130_fd_sc_hd__conb_1'
Circuit sky130_fd_sc_hd__conb_1 contains 0 device instances.
Circuit contains 0 nets, and 6 disconnected pins.
Contents of circuit 2:  Circuit: 'sky130_fd_sc_hd__conb_1'
Circuit sky130_fd_sc_hd__conb_1 contains 2 device instances.
  Class: sky130_fd_pr__res_generic_po instances:   2
Circuit contains 4 nets, and 2 disconnected pins.

Circuit sky130_fd_sc_hd__conb_1 contains no devices.

Contents of circuit 1:  Circuit: 'sky130_fd_sc_hd__nor2_1'
Circuit sky130_fd_sc_hd__nor2_1 contains 0 device instances.
Circuit contains 0 nets, and 7 disconnected pins.
Contents of circuit 2:  Circuit: 'sky130_fd_sc_hd__nor2_1'
Circuit sky130_fd_sc_hd__nor2_1 contains 4 device instances.
  Class: sky130_fd_pr__nfet_01v8 instances:   2
  Class: sky130_fd_pr__pfet_01v8_hvt instances:   2
Circuit contains 8 nets.

Circuit sky130_fd_sc_hd__nor2_1 contains no devices.

Contents of circuit 1:  Circuit: 'sky130_fd_sc_hd__or2_1'
Circuit sky130_fd_sc_hd__or2_1 contains 0 device instances.
Circuit contains 0 nets, and 7 disconnected pins.
Contents of circuit 2:  Circuit: 'sky130_fd_sc_hd__or2_1'
Circuit sky130_fd_sc_hd__or2_1 contains 6 device instances.
  Class: sky130_fd_pr__nfet_01v8 instances:   3
  Class: sky130_fd_pr__pfet_01v8_hvt instances:   3
Circuit contains 9 nets.

Circuit sky130_fd_sc_hd__or2_1 contains no devices.

Contents of circuit 1:  Circuit: 'sky130_fd_sc_hd__a31o_1'
Circuit sky130_fd_sc_hd__a31o_1 contains 0 device instances.
Circuit contains 0 nets, and 9 disconnected pins.
Contents of circuit 2:  Circuit: 'sky130_fd_sc_hd__a31o_1'
Circuit sky130_fd_sc_hd__a31o_1 contains 10 device instances.
  Class: sky130_fd_pr__nfet_01v8 instances:   5
  Class: sky130_fd_pr__pfet_01v8_hvt instances:   5
Circuit contains 13 nets.

Circuit sky130_fd_sc_hd__a31o_1 contains no devices.

Contents of circuit 1:  Circuit: 'sky130_fd_sc_hd__a22o_1'
Circuit sky130_fd_sc_hd__a22o_1 contains 0 device instances.
Circuit contains 0 nets, and 9 disconnected pins.
Contents of circuit 2:  Circuit: 'sky130_fd_sc_hd__a22o_1'
Circuit sky130_fd_sc_hd__a22o_1 contains 10 device instances.
  Class: sky130_fd_pr__nfet_01v8 instances:   5
  Class: sky130_fd_pr__pfet_01v8_hvt instances:   5
Circuit contains 13 nets.

Circuit sky130_fd_sc_hd__a22o_1 contains no devices.

Contents of circuit 1:  Circuit: 'sky130_fd_sc_hd__and3b_1'
Circuit sky130_fd_sc_hd__and3b_1 contains 0 device instances.
Circuit contains 0 nets, and 8 disconnected pins.
Contents of circuit 2:  Circuit: 'sky130_fd_sc_hd__and3b_1'
Circuit sky130_fd_sc_hd__and3b_1 contains 10 device instances.
  Class: sky130_fd_pr__nfet_01v8 instances:   5
  Class: sky130_fd_pr__pfet_01v8_hvt instances:   5
Circuit contains 12 nets.

Circuit sky130_fd_sc_hd__and3b_1 contains no devices.

Contents of circuit 1:  Circuit: 'sky130_fd_sc_hd__inv_2'
Circuit sky130_fd_sc_hd__inv_2 contains 0 device instances.
Circuit contains 0 nets, and 6 disconnected pins.
Contents of circuit 2:  Circuit: 'sky130_fd_sc_hd__inv_2'
Circuit sky130_fd_sc_hd__inv_2 contains 4 device instances.
  Class: sky130_fd_pr__nfet_01v8 instances:   2
  Class: sky130_fd_pr__pfet_01v8_hvt instances:   2
Circuit contains 6 nets.

Circuit sky130_fd_sc_hd__inv_2 contains no devices.

Contents of circuit 1:  Circuit: 'sky130_fd_sc_hd__xnor2_1'
Circuit sky130_fd_sc_hd__xnor2_1 contains 0 device instances.
Circuit contains 0 nets, and 7 disconnected pins.
Contents of circuit 2:  Circuit: 'sky130_fd_sc_hd__xnor2_1'
Circuit sky130_fd_sc_hd__xnor2_1 contains 10 device instances.
  Class: sky130_fd_pr__nfet_01v8 instances:   5
  Class: sky130_fd_pr__pfet_01v8_hvt instances:   5
Circuit contains 11 nets.

Circuit sky130_fd_sc_hd__xnor2_1 contains no devices.

Contents of circuit 1:  Circuit: 'sky130_fd_sc_hd__a21oi_1'
Circuit sky130_fd_sc_hd__a21oi_1 contains 0 device instances.
Circuit contains 0 nets, and 8 disconnected pins.
Contents of circuit 2:  Circuit: 'sky130_fd_sc_hd__a21oi_1'
Circuit sky130_fd_sc_hd__a21oi_1 contains 6 device instances.
  Class: sky130_fd_pr__nfet_01v8 instances:   3
  Class: sky130_fd_pr__pfet_01v8_hvt instances:   3
Circuit contains 10 nets.

Circuit sky130_fd_sc_hd__a21oi_1 contains no devices.

Contents of circuit 1:  Circuit: 'sky130_fd_sc_hd__a21o_1'
Circuit sky130_fd_sc_hd__a21o_1 contains 0 device instances.
Circuit contains 0 nets, and 8 disconnected pins.
Contents of circuit 2:  Circuit: 'sky130_fd_sc_hd__a21o_1'
Circuit sky130_fd_sc_hd__a21o_1 contains 8 device instances.
  Class: sky130_fd_pr__nfet_01v8 instances:   4
  Class: sky130_fd_pr__pfet_01v8_hvt instances:   4
Circuit contains 11 nets.

Circuit sky130_fd_sc_hd__a21o_1 contains no devices.

Contents of circuit 1:  Circuit: 'sky130_fd_sc_hd__diode_2'
Circuit sky130_fd_sc_hd__diode_2 contains 0 device instances.
Circuit contains 0 nets, and 5 disconnected pins.
Contents of circuit 2:  Circuit: 'sky130_fd_sc_hd__diode_2'
Circuit sky130_fd_sc_hd__diode_2 contains 1 device instances.
  Class: sky130_fd_pr__diode_pw2nd_05v5 instances:   1
Circuit contains 2 nets, and 3 disconnected pins.

Circuit sky130_fd_sc_hd__diode_2 contains no devices.

Contents of circuit 1:  Circuit: 'sky130_fd_sc_hd__nor2_2'
Circuit sky130_fd_sc_hd__nor2_2 contains 0 device instances.
Circuit contains 0 nets, and 7 disconnected pins.
Contents of circuit 2:  Circuit: 'sky130_fd_sc_hd__nor2_2'
Circuit sky130_fd_sc_hd__nor2_2 contains 8 device instances.
  Class: sky130_fd_pr__nfet_01v8 instances:   4
  Class: sky130_fd_pr__pfet_01v8_hvt instances:   4
Circuit contains 8 nets.

Circuit sky130_fd_sc_hd__nor2_2 contains no devices.

Contents of circuit 1:  Circuit: 'sky130_fd_sc_hd__dfrtp_2'
Circuit sky130_fd_sc_hd__dfrtp_2 contains 0 device instances.
Circuit contains 0 nets, and 8 disconnected pins.
Contents of circuit 2:  Circuit: 'sky130_fd_sc_hd__dfrtp_2'
Circuit sky130_fd_sc_hd__dfrtp_2 contains 30 device instances.
  Class: sky130_fd_pr__nfet_01v8 instances:  11
  Class: sky130_fd_pr__pfet_01v8_hvt instances:  15
  Class: sky130_fd_pr__special_nfet_01v8 instances:   4
Circuit contains 21 nets.

Circuit sky130_fd_sc_hd__dfrtp_2 contains no devices.

Contents of circuit 1:  Circuit: 'sky130_fd_sc_hd__o2bb2ai_1'
Circuit sky130_fd_sc_hd__o2bb2ai_1 contains 0 device instances.
Circuit contains 0 nets, and 9 disconnected pins.
Contents of circuit 2:  Circuit: 'sky130_fd_sc_hd__o2bb2ai_1'
Circuit sky130_fd_sc_hd__o2bb2ai_1 contains 10 device instances.
  Class: sky130_fd_pr__nfet_01v8 instances:   5
  Class: sky130_fd_pr__pfet_01v8_hvt instances:   5
Circuit contains 13 nets.

Circuit sky130_fd_sc_hd__o2bb2ai_1 contains no devices.

Contents of circuit 1:  Circuit: 'sky130_fd_sc_hd__or4_1'
Circuit sky130_fd_sc_hd__or4_1 contains 0 device instances.
Circuit contains 0 nets, and 9 disconnected pins.
Contents of circuit 2:  Circuit: 'sky130_fd_sc_hd__or4_1'
Circuit sky130_fd_sc_hd__or4_1 contains 10 device instances.
  Class: sky130_fd_pr__nfet_01v8 instances:   5
  Class: sky130_fd_pr__pfet_01v8_hvt instances:   5
Circuit contains 13 nets.

Circuit sky130_fd_sc_hd__or4_1 contains no devices.

Contents of circuit 1:  Circuit: 'sky130_fd_sc_hd__a2111o_1'
Circuit sky130_fd_sc_hd__a2111o_1 contains 0 device instances.
Circuit contains 0 nets, and 10 disconnected pins.
Contents of circuit 2:  Circuit: 'sky130_fd_sc_hd__a2111o_1'
Circuit sky130_fd_sc_hd__a2111o_1 contains 12 device instances.
  Class: sky130_fd_pr__nfet_01v8 instances:   6
  Class: sky130_fd_pr__pfet_01v8_hvt instances:   6
Circuit contains 15 nets.

Circuit sky130_fd_sc_hd__a2111o_1 contains no devices.

Contents of circuit 1:  Circuit: 'sky130_fd_sc_hd__o32a_1'
Circuit sky130_fd_sc_hd__o32a_1 contains 0 device instances.
Circuit contains 0 nets, and 10 disconnected pins.
Contents of circuit 2:  Circuit: 'sky130_fd_sc_hd__o32a_1'
Circuit sky130_fd_sc_hd__o32a_1 contains 12 device instances.
  Class: sky130_fd_pr__nfet_01v8 instances:   6
  Class: sky130_fd_pr__pfet_01v8_hvt instances:   6
Circuit contains 15 nets.

Circuit sky130_fd_sc_hd__o32a_1 contains no devices.

Contents of circuit 1:  Circuit: 'sky130_fd_sc_hd__clkinv_2'
Circuit sky130_fd_sc_hd__clkinv_2 contains 0 device instances.
Circuit contains 0 nets, and 6 disconnected pins.
Contents of circuit 2:  Circuit: 'sky130_fd_sc_hd__clkinv_2'
Circuit sky130_fd_sc_hd__clkinv_2 contains 5 device instances.
  Class: sky130_fd_pr__nfet_01v8 instances:   2
  Class: sky130_fd_pr__pfet_01v8_hvt instances:   3
Circuit contains 6 nets.

Circuit sky130_fd_sc_hd__clkinv_2 contains no devices.

Contents of circuit 1:  Circuit: 'sky130_fd_sc_hd__o22a_1'
Circuit sky130_fd_sc_hd__o22a_1 contains 0 device instances.
Circuit contains 0 nets, and 9 disconnected pins.
Contents of circuit 2:  Circuit: 'sky130_fd_sc_hd__o22a_1'
Circuit sky130_fd_sc_hd__o22a_1 contains 10 device instances.
  Class: sky130_fd_pr__nfet_01v8 instances:   5
  Class: sky130_fd_pr__pfet_01v8_hvt instances:   5
Circuit contains 13 nets.

Circuit sky130_fd_sc_hd__o22a_1 contains no devices.

Contents of circuit 1:  Circuit: 'sky130_fd_sc_hd__clkbuf_4'
Circuit sky130_fd_sc_hd__clkbuf_4 contains 0 device instances.
Circuit contains 0 nets, and 6 disconnected pins.
Contents of circuit 2:  Circuit: 'sky130_fd_sc_hd__clkbuf_4'
Circuit sky130_fd_sc_hd__clkbuf_4 contains 10 device instances.
  Class: sky130_fd_pr__nfet_01v8 instances:   5
  Class: sky130_fd_pr__pfet_01v8_hvt instances:   5
Circuit contains 7 nets.

Circuit sky130_fd_sc_hd__clkbuf_4 contains no devices.

Contents of circuit 1:  Circuit: 'sky130_fd_sc_hd__bufinv_16'
Circuit sky130_fd_sc_hd__bufinv_16 contains 0 device instances.
Circuit contains 0 nets, and 6 disconnected pins.
Contents of circuit 2:  Circuit: 'sky130_fd_sc_hd__bufinv_16'
Circuit sky130_fd_sc_hd__bufinv_16 contains 50 device instances.
  Class: sky130_fd_pr__nfet_01v8 instances:  25
  Class: sky130_fd_pr__pfet_01v8_hvt instances:  25
Circuit contains 8 nets.

Circuit sky130_fd_sc_hd__bufinv_16 contains no devices.

Contents of circuit 1:  Circuit: 'sky130_fd_sc_hd__and3_1'
Circuit sky130_fd_sc_hd__and3_1 contains 0 device instances.
Circuit contains 0 nets, and 8 disconnected pins.
Contents of circuit 2:  Circuit: 'sky130_fd_sc_hd__and3_1'
Circuit sky130_fd_sc_hd__and3_1 contains 8 device instances.
  Class: sky130_fd_pr__nfet_01v8 instances:   4
  Class: sky130_fd_pr__pfet_01v8_hvt instances:   4
Circuit contains 11 nets.

Circuit sky130_fd_sc_hd__and3_1 contains no devices.

Contents of circuit 1:  Circuit: 'sky130_fd_sc_hd__a2bb2o_1'
Circuit sky130_fd_sc_hd__a2bb2o_1 contains 0 device instances.
Circuit contains 0 nets, and 9 disconnected pins.
Contents of circuit 2:  Circuit: 'sky130_fd_sc_hd__a2bb2o_1'
Circuit sky130_fd_sc_hd__a2bb2o_1 contains 12 device instances.
  Class: sky130_fd_pr__nfet_01v8 instances:   6
  Class: sky130_fd_pr__pfet_01v8_hvt instances:   6
Circuit contains 14 nets.

Circuit sky130_fd_sc_hd__a2bb2o_1 contains no devices.

Contents of circuit 1:  Circuit: 'sky130_fd_sc_hd__o221a_1'
Circuit sky130_fd_sc_hd__o221a_1 contains 0 device instances.
Circuit contains 0 nets, and 10 disconnected pins.
Contents of circuit 2:  Circuit: 'sky130_fd_sc_hd__o221a_1'
Circuit sky130_fd_sc_hd__o221a_1 contains 12 device instances.
  Class: sky130_fd_pr__nfet_01v8 instances:   6
  Class: sky130_fd_pr__pfet_01v8_hvt instances:   6
Circuit contains 15 nets.

Circuit sky130_fd_sc_hd__o221a_1 contains no devices.

Contents of circuit 1:  Circuit: 'sky130_fd_sc_hd__or3b_1'
Circuit sky130_fd_sc_hd__or3b_1 contains 0 device instances.
Circuit contains 0 nets, and 8 disconnected pins.
Contents of circuit 2:  Circuit: 'sky130_fd_sc_hd__or3b_1'
Circuit sky130_fd_sc_hd__or3b_1 contains 10 device instances.
  Class: sky130_fd_pr__nfet_01v8 instances:   5
  Class: sky130_fd_pr__pfet_01v8_hvt instances:   5
Circuit contains 12 nets.

Circuit sky130_fd_sc_hd__or3b_1 contains no devices.

Contents of circuit 1:  Circuit: 'sky130_fd_sc_hd__buf_2'
Circuit sky130_fd_sc_hd__buf_2 contains 0 device instances.
Circuit contains 0 nets, and 6 disconnected pins.
Contents of circuit 2:  Circuit: 'sky130_fd_sc_hd__buf_2'
Circuit sky130_fd_sc_hd__buf_2 contains 6 device instances.
  Class: sky130_fd_pr__nfet_01v8 instances:   3
  Class: sky130_fd_pr__pfet_01v8_hvt instances:   3
Circuit contains 7 nets.

Circuit sky130_fd_sc_hd__buf_2 contains no devices.

Contents of circuit 1:  Circuit: 'sky130_fd_sc_hd__clkbuf_16'
Circuit sky130_fd_sc_hd__clkbuf_16 contains 0 device instances.
Circuit contains 0 nets, and 6 disconnected pins.
Contents of circuit 2:  Circuit: 'sky130_fd_sc_hd__clkbuf_16'
Circuit sky130_fd_sc_hd__clkbuf_16 contains 40 device instances.
  Class: sky130_fd_pr__nfet_01v8 instances:  20
  Class: sky130_fd_pr__pfet_01v8_hvt instances:  20
Circuit contains 7 nets.

Circuit sky130_fd_sc_hd__clkbuf_16 contains no devices.

Contents of circuit 1:  Circuit: 'sky130_fd_sc_hd__o21bai_2'
Circuit sky130_fd_sc_hd__o21bai_2 contains 0 device instances.
Circuit contains 0 nets, and 8 disconnected pins.
Contents of circuit 2:  Circuit: 'sky130_fd_sc_hd__o21bai_2'
Circuit sky130_fd_sc_hd__o21bai_2 contains 14 device instances.
  Class: sky130_fd_pr__nfet_01v8 instances:   7
  Class: sky130_fd_pr__pfet_01v8_hvt instances:   7
Circuit contains 11 nets.

Circuit sky130_fd_sc_hd__o21bai_2 contains no devices.

Contents of circuit 1:  Circuit: 'sky130_fd_sc_hd__clkbuf_2'
Circuit sky130_fd_sc_hd__clkbuf_2 contains 0 device instances.
Circuit contains 0 nets, and 6 disconnected pins.
Contents of circuit 2:  Circuit: 'sky130_fd_sc_hd__clkbuf_2'
Circuit sky130_fd_sc_hd__clkbuf_2 contains 6 device instances.
  Class: sky130_fd_pr__nfet_01v8 instances:   3
  Class: sky130_fd_pr__pfet_01v8_hvt instances:   3
Circuit contains 7 nets.

Circuit sky130_fd_sc_hd__clkbuf_2 contains no devices.

Contents of circuit 1:  Circuit: 'sky130_fd_sc_hd__a211o_1'
Circuit sky130_fd_sc_hd__a211o_1 contains 0 device instances.
Circuit contains 0 nets, and 9 disconnected pins.
Contents of circuit 2:  Circuit: 'sky130_fd_sc_hd__a211o_1'
Circuit sky130_fd_sc_hd__a211o_1 contains 10 device instances.
  Class: sky130_fd_pr__nfet_01v8 instances:   5
  Class: sky130_fd_pr__pfet_01v8_hvt instances:   5
Circuit contains 13 nets.

Circuit sky130_fd_sc_hd__a211o_1 contains no devices.

Contents of circuit 1:  Circuit: 'sky130_fd_sc_hd__nor2_4'
Circuit sky130_fd_sc_hd__nor2_4 contains 0 device instances.
Circuit contains 0 nets, and 7 disconnected pins.
Contents of circuit 2:  Circuit: 'sky130_fd_sc_hd__nor2_4'
Circuit sky130_fd_sc_hd__nor2_4 contains 16 device instances.
  Class: sky130_fd_pr__nfet_01v8 instances:   8
  Class: sky130_fd_pr__pfet_01v8_hvt instances:   8
Circuit contains 8 nets.

Circuit sky130_fd_sc_hd__nor2_4 contains no devices.

Contents of circuit 1:  Circuit: 'sky130_fd_sc_hd__mux2_1'
Circuit sky130_fd_sc_hd__mux2_1 contains 0 device instances.
Circuit contains 0 nets, and 8 disconnected pins.
Contents of circuit 2:  Circuit: 'sky130_fd_sc_hd__mux2_1'
Circuit sky130_fd_sc_hd__mux2_1 contains 12 device instances.
  Class: sky130_fd_pr__nfet_01v8 instances:   6
  Class: sky130_fd_pr__pfet_01v8_hvt instances:   6
Circuit contains 14 nets.

Circuit sky130_fd_sc_hd__mux2_1 contains no devices.

Contents of circuit 1:  Circuit: 'sky130_fd_sc_hd__a21oi_4'
Circuit sky130_fd_sc_hd__a21oi_4 contains 0 device instances.
Circuit contains 0 nets, and 8 disconnected pins.
Contents of circuit 2:  Circuit: 'sky130_fd_sc_hd__a21oi_4'
Circuit sky130_fd_sc_hd__a21oi_4 contains 24 device instances.
  Class: sky130_fd_pr__nfet_01v8 instances:  12
  Class: sky130_fd_pr__pfet_01v8_hvt instances:  12
Circuit contains 10 nets.

Circuit sky130_fd_sc_hd__a21oi_4 contains no devices.

Contents of circuit 1:  Circuit: 'sky130_fd_sc_hd__o21ai_1'
Circuit sky130_fd_sc_hd__o21ai_1 contains 0 device instances.
Circuit contains 0 nets, and 8 disconnected pins.
Contents of circuit 2:  Circuit: 'sky130_fd_sc_hd__o21ai_1'
Circuit sky130_fd_sc_hd__o21ai_1 contains 6 device instances.
  Class: sky130_fd_pr__nfet_01v8 instances:   3
  Class: sky130_fd_pr__pfet_01v8_hvt instances:   3
Circuit contains 10 nets.

Circuit sky130_fd_sc_hd__o21ai_1 contains no devices.

Contents of circuit 1:  Circuit: 'sky130_fd_sc_hd__dlymetal6s2s_1'
Circuit sky130_fd_sc_hd__dlymetal6s2s_1 contains 0 device instances.
Circuit contains 0 nets, and 6 disconnected pins.
Contents of circuit 2:  Circuit: 'sky130_fd_sc_hd__dlymetal6s2s_1'
Circuit sky130_fd_sc_hd__dlymetal6s2s_1 contains 12 device instances.
  Class: sky130_fd_pr__nfet_01v8 instances:   6
  Class: sky130_fd_pr__pfet_01v8_hvt instances:   6
Circuit contains 11 nets.

Circuit sky130_fd_sc_hd__dlymetal6s2s_1 contains no devices.

Contents of circuit 1:  Circuit: 'sky130_fd_sc_hd__and4_1'
Circuit sky130_fd_sc_hd__and4_1 contains 0 device instances.
Circuit contains 0 nets, and 9 disconnected pins.
Contents of circuit 2:  Circuit: 'sky130_fd_sc_hd__and4_1'
Circuit sky130_fd_sc_hd__and4_1 contains 10 device instances.
  Class: sky130_fd_pr__nfet_01v8 instances:   5
  Class: sky130_fd_pr__pfet_01v8_hvt instances:   5
Circuit contains 13 nets.

Circuit sky130_fd_sc_hd__and4_1 contains no devices.

Contents of circuit 1:  Circuit: 'sky130_fd_sc_hd__a32o_1'
Circuit sky130_fd_sc_hd__a32o_1 contains 0 device instances.
Circuit contains 0 nets, and 10 disconnected pins.
Contents of circuit 2:  Circuit: 'sky130_fd_sc_hd__a32o_1'
Circuit sky130_fd_sc_hd__a32o_1 contains 12 device instances.
  Class: sky130_fd_pr__nfet_01v8 instances:   6
  Class: sky130_fd_pr__pfet_01v8_hvt instances:   6
Circuit contains 15 nets.

Circuit sky130_fd_sc_hd__a32o_1 contains no devices.

Contents of circuit 1:  Circuit: 'sky130_fd_sc_hd__and4b_1'
Circuit sky130_fd_sc_hd__and4b_1 contains 0 device instances.
Circuit contains 0 nets, and 9 disconnected pins.
Contents of circuit 2:  Circuit: 'sky130_fd_sc_hd__and4b_1'
Circuit sky130_fd_sc_hd__and4b_1 contains 12 device instances.
  Class: sky130_fd_pr__nfet_01v8 instances:   6
  Class: sky130_fd_pr__pfet_01v8_hvt instances:   6
Circuit contains 14 nets.

Circuit sky130_fd_sc_hd__and4b_1 contains no devices.

Contents of circuit 1:  Circuit: 'sky130_fd_sc_hd__xor2_2'
Circuit sky130_fd_sc_hd__xor2_2 contains 0 device instances.
Circuit contains 0 nets, and 7 disconnected pins.
Contents of circuit 2:  Circuit: 'sky130_fd_sc_hd__xor2_2'
Circuit sky130_fd_sc_hd__xor2_2 contains 20 device instances.
  Class: sky130_fd_pr__nfet_01v8 instances:  10
  Class: sky130_fd_pr__pfet_01v8_hvt instances:  10
Circuit contains 11 nets.

Circuit sky130_fd_sc_hd__xor2_2 contains no devices.

Contents of circuit 1:  Circuit: 'sky130_fd_sc_hd__nand2b_1'
Circuit sky130_fd_sc_hd__nand2b_1 contains 0 device instances.
Circuit contains 0 nets, and 7 disconnected pins.
Contents of circuit 2:  Circuit: 'sky130_fd_sc_hd__nand2b_1'
Circuit sky130_fd_sc_hd__nand2b_1 contains 6 device instances.
  Class: sky130_fd_pr__nfet_01v8 instances:   3
  Class: sky130_fd_pr__pfet_01v8_hvt instances:   3
Circuit contains 9 nets.

Circuit sky130_fd_sc_hd__nand2b_1 contains no devices.

Contents of circuit 1:  Circuit: 'sky130_fd_sc_hd__nand3_1'
Circuit sky130_fd_sc_hd__nand3_1 contains 0 device instances.
Circuit contains 0 nets, and 8 disconnected pins.
Contents of circuit 2:  Circuit: 'sky130_fd_sc_hd__nand3_1'
Circuit sky130_fd_sc_hd__nand3_1 contains 6 device instances.
  Class: sky130_fd_pr__nfet_01v8 instances:   3
  Class: sky130_fd_pr__pfet_01v8_hvt instances:   3
Circuit contains 10 nets.

Circuit sky130_fd_sc_hd__nand3_1 contains no devices.

Contents of circuit 1:  Circuit: 'sky130_fd_sc_hd__or4_2'
Circuit sky130_fd_sc_hd__or4_2 contains 0 device instances.
Circuit contains 0 nets, and 9 disconnected pins.
Contents of circuit 2:  Circuit: 'sky130_fd_sc_hd__or4_2'
Circuit sky130_fd_sc_hd__or4_2 contains 12 device instances.
  Class: sky130_fd_pr__nfet_01v8 instances:   6
  Class: sky130_fd_pr__pfet_01v8_hvt instances:   6
Circuit contains 13 nets.

Circuit sky130_fd_sc_hd__or4_2 contains no devices.

Contents of circuit 1:  Circuit: 'sky130_fd_sc_hd__dfstp_1'
Circuit sky130_fd_sc_hd__dfstp_1 contains 0 device instances.
Circuit contains 0 nets, and 8 disconnected pins.
Contents of circuit 2:  Circuit: 'sky130_fd_sc_hd__dfstp_1'
Circuit sky130_fd_sc_hd__dfstp_1 contains 32 device instances.
  Class: sky130_fd_pr__nfet_01v8 instances:  14
  Class: sky130_fd_pr__pfet_01v8_hvt instances:  16
  Class: sky130_fd_pr__special_nfet_01v8 instances:   2
Circuit contains 24 nets.

Circuit sky130_fd_sc_hd__dfstp_1 contains no devices.

Contents of circuit 1:  Circuit: 'sky130_fd_sc_hd__or4b_1'
Circuit sky130_fd_sc_hd__or4b_1 contains 0 device instances.
Circuit contains 0 nets, and 9 disconnected pins.
Contents of circuit 2:  Circuit: 'sky130_fd_sc_hd__or4b_1'
Circuit sky130_fd_sc_hd__or4b_1 contains 12 device instances.
  Class: sky130_fd_pr__nfet_01v8 instances:   6
  Class: sky130_fd_pr__pfet_01v8_hvt instances:   6
Circuit contains 14 nets.

Circuit sky130_fd_sc_hd__or4b_1 contains no devices.

Contents of circuit 1:  Circuit: 'sky130_fd_sc_hd__clkbuf_1'
Circuit sky130_fd_sc_hd__clkbuf_1 contains 0 device instances.
Circuit contains 0 nets, and 6 disconnected pins.
Contents of circuit 2:  Circuit: 'sky130_fd_sc_hd__clkbuf_1'
Circuit sky130_fd_sc_hd__clkbuf_1 contains 4 device instances.
  Class: sky130_fd_pr__nfet_01v8 instances:   2
  Class: sky130_fd_pr__pfet_01v8_hvt instances:   2
Circuit contains 7 nets.

Circuit sky130_fd_sc_hd__clkbuf_1 contains no devices.

Contents of circuit 1:  Circuit: 'sky130_fd_sc_hd__nand3_4'
Circuit sky130_fd_sc_hd__nand3_4 contains 0 device instances.
Circuit contains 0 nets, and 8 disconnected pins.
Contents of circuit 2:  Circuit: 'sky130_fd_sc_hd__nand3_4'
Circuit sky130_fd_sc_hd__nand3_4 contains 24 device instances.
  Class: sky130_fd_pr__nfet_01v8 instances:  12
  Class: sky130_fd_pr__pfet_01v8_hvt instances:  12
Circuit contains 10 nets.

Circuit sky130_fd_sc_hd__nand3_4 contains no devices.

Contents of circuit 1:  Circuit: 'sky130_fd_sc_hd__buf_1'
Circuit sky130_fd_sc_hd__buf_1 contains 0 device instances.
Circuit contains 0 nets, and 6 disconnected pins.
Contents of circuit 2:  Circuit: 'sky130_fd_sc_hd__buf_1'
Circuit sky130_fd_sc_hd__buf_1 contains 4 device instances.
  Class: sky130_fd_pr__nfet_01v8 instances:   2
  Class: sky130_fd_pr__pfet_01v8_hvt instances:   2
Circuit contains 7 nets.

Circuit sky130_fd_sc_hd__buf_1 contains no devices.

Contents of circuit 1:  Circuit: 'sky130_fd_sc_hd__a21oi_2'
Circuit sky130_fd_sc_hd__a21oi_2 contains 0 device instances.
Circuit contains 0 nets, and 8 disconnected pins.
Contents of circuit 2:  Circuit: 'sky130_fd_sc_hd__a21oi_2'
Circuit sky130_fd_sc_hd__a21oi_2 contains 12 device instances.
  Class: sky130_fd_pr__nfet_01v8 instances:   6
  Class: sky130_fd_pr__pfet_01v8_hvt instances:   6
Circuit contains 11 nets.

Circuit sky130_fd_sc_hd__a21oi_2 contains no devices.

Contents of circuit 1:  Circuit: 'sky130_fd_sc_hd__o31ai_4'
Circuit sky130_fd_sc_hd__o31ai_4 contains 0 device instances.
Circuit contains 0 nets, and 9 disconnected pins.
Contents of circuit 2:  Circuit: 'sky130_fd_sc_hd__o31ai_4'
Circuit sky130_fd_sc_hd__o31ai_4 contains 32 device instances.
  Class: sky130_fd_pr__nfet_01v8 instances:  16
  Class: sky130_fd_pr__pfet_01v8_hvt instances:  16
Circuit contains 12 nets.

Circuit sky130_fd_sc_hd__o31ai_4 contains no devices.

Contents of circuit 1:  Circuit: 'sky130_fd_sc_hd__o21ai_4'
Circuit sky130_fd_sc_hd__o21ai_4 contains 0 device instances.
Circuit contains 0 nets, and 8 disconnected pins.
Contents of circuit 2:  Circuit: 'sky130_fd_sc_hd__o21ai_4'
Circuit sky130_fd_sc_hd__o21ai_4 contains 24 device instances.
  Class: sky130_fd_pr__nfet_01v8 instances:  12
  Class: sky130_fd_pr__pfet_01v8_hvt instances:  12
Circuit contains 10 nets.

Circuit sky130_fd_sc_hd__o21ai_4 contains no devices.

Contents of circuit 1:  Circuit: 'sky130_fd_sc_hd__a211oi_2'
Circuit sky130_fd_sc_hd__a211oi_2 contains 0 device instances.
Circuit contains 0 nets, and 9 disconnected pins.
Contents of circuit 2:  Circuit: 'sky130_fd_sc_hd__a211oi_2'
Circuit sky130_fd_sc_hd__a211oi_2 contains 16 device instances.
  Class: sky130_fd_pr__nfet_01v8 instances:   8
  Class: sky130_fd_pr__pfet_01v8_hvt instances:   8
Circuit contains 12 nets.

Circuit sky130_fd_sc_hd__a211oi_2 contains no devices.

Contents of circuit 1:  Circuit: 'sky130_fd_sc_hd__o211a_1'
Circuit sky130_fd_sc_hd__o211a_1 contains 0 device instances.
Circuit contains 0 nets, and 9 disconnected pins.
Contents of circuit 2:  Circuit: 'sky130_fd_sc_hd__o211a_1'
Circuit sky130_fd_sc_hd__o211a_1 contains 10 device instances.
  Class: sky130_fd_pr__nfet_01v8 instances:   5
  Class: sky130_fd_pr__pfet_01v8_hvt instances:   5
Circuit contains 13 nets.

Circuit sky130_fd_sc_hd__o211a_1 contains no devices.

Contents of circuit 1:  Circuit: 'sky130_fd_sc_hd__and3_2'
Circuit sky130_fd_sc_hd__and3_2 contains 0 device instances.
Circuit contains 0 nets, and 8 disconnected pins.
Contents of circuit 2:  Circuit: 'sky130_fd_sc_hd__and3_2'
Circuit sky130_fd_sc_hd__and3_2 contains 10 device instances.
  Class: sky130_fd_pr__nfet_01v8 instances:   5
  Class: sky130_fd_pr__pfet_01v8_hvt instances:   5
Circuit contains 11 nets.

Circuit sky130_fd_sc_hd__and3_2 contains no devices.

Contents of circuit 1:  Circuit: 'sky130_fd_sc_hd__o21ba_1'
Circuit sky130_fd_sc_hd__o21ba_1 contains 0 device instances.
Circuit contains 0 nets, and 8 disconnected pins.
Contents of circuit 2:  Circuit: 'sky130_fd_sc_hd__o21ba_1'
Circuit sky130_fd_sc_hd__o21ba_1 contains 10 device instances.
  Class: sky130_fd_pr__nfet_01v8 instances:   5
  Class: sky130_fd_pr__pfet_01v8_hvt instances:   5
Circuit contains 12 nets.

Circuit sky130_fd_sc_hd__o21ba_1 contains no devices.

Contents of circuit 1:  Circuit: 'sky130_fd_sc_hd__o31a_1'
Circuit sky130_fd_sc_hd__o31a_1 contains 0 device instances.
Circuit contains 0 nets, and 9 disconnected pins.
Contents of circuit 2:  Circuit: 'sky130_fd_sc_hd__o31a_1'
Circuit sky130_fd_sc_hd__o31a_1 contains 10 device instances.
  Class: sky130_fd_pr__nfet_01v8 instances:   5
  Class: sky130_fd_pr__pfet_01v8_hvt instances:   5
Circuit contains 13 nets.

Circuit sky130_fd_sc_hd__o31a_1 contains no devices.

Contents of circuit 1:  Circuit: 'sky130_fd_sc_hd__o32a_2'
Circuit sky130_fd_sc_hd__o32a_2 contains 0 device instances.
Circuit contains 0 nets, and 10 disconnected pins.
Contents of circuit 2:  Circuit: 'sky130_fd_sc_hd__o32a_2'
Circuit sky130_fd_sc_hd__o32a_2 contains 14 device instances.
  Class: sky130_fd_pr__nfet_01v8 instances:   7
  Class: sky130_fd_pr__pfet_01v8_hvt instances:   7
Circuit contains 15 nets.

Circuit sky130_fd_sc_hd__o32a_2 contains no devices.

Contents of circuit 1:  Circuit: 'sky130_fd_sc_hd__or3_1'
Circuit sky130_fd_sc_hd__or3_1 contains 0 device instances.
Circuit contains 0 nets, and 8 disconnected pins.
Contents of circuit 2:  Circuit: 'sky130_fd_sc_hd__or3_1'
Circuit sky130_fd_sc_hd__or3_1 contains 8 device instances.
  Class: sky130_fd_pr__nfet_01v8 instances:   4
  Class: sky130_fd_pr__pfet_01v8_hvt instances:   4
Circuit contains 11 nets.

Circuit sky130_fd_sc_hd__or3_1 contains no devices.

Contents of circuit 1:  Circuit: 'sky130_fd_sc_hd__nand4_1'
Circuit sky130_fd_sc_hd__nand4_1 contains 0 device instances.
Circuit contains 0 nets, and 9 disconnected pins.
Contents of circuit 2:  Circuit: 'sky130_fd_sc_hd__nand4_1'
Circuit sky130_fd_sc_hd__nand4_1 contains 8 device instances.
  Class: sky130_fd_pr__nfet_01v8 instances:   4
  Class: sky130_fd_pr__pfet_01v8_hvt instances:   4
Circuit contains 12 nets.

Circuit sky130_fd_sc_hd__nand4_1 contains no devices.

Contents of circuit 1:  Circuit: 'sky130_fd_sc_hd__nand2_2'
Circuit sky130_fd_sc_hd__nand2_2 contains 0 device instances.
Circuit contains 0 nets, and 7 disconnected pins.
Contents of circuit 2:  Circuit: 'sky130_fd_sc_hd__nand2_2'
Circuit sky130_fd_sc_hd__nand2_2 contains 8 device instances.
  Class: sky130_fd_pr__nfet_01v8 instances:   4
  Class: sky130_fd_pr__pfet_01v8_hvt instances:   4
Circuit contains 8 nets.

Circuit sky130_fd_sc_hd__nand2_2 contains no devices.

Contents of circuit 1:  Circuit: 'sky130_fd_sc_hd__o21bai_1'
Circuit sky130_fd_sc_hd__o21bai_1 contains 0 device instances.
Circuit contains 0 nets, and 8 disconnected pins.
Contents of circuit 2:  Circuit: 'sky130_fd_sc_hd__o21bai_1'
Circuit sky130_fd_sc_hd__o21bai_1 contains 8 device instances.
  Class: sky130_fd_pr__nfet_01v8 instances:   4
  Class: sky130_fd_pr__pfet_01v8_hvt instances:   4
Circuit contains 11 nets.

Circuit sky130_fd_sc_hd__o21bai_1 contains no devices.

Contents of circuit 1:  Circuit: 'sky130_fd_sc_hd__a41o_1'
Circuit sky130_fd_sc_hd__a41o_1 contains 0 device instances.
Circuit contains 0 nets, and 10 disconnected pins.
Contents of circuit 2:  Circuit: 'sky130_fd_sc_hd__a41o_1'
Circuit sky130_fd_sc_hd__a41o_1 contains 12 device instances.
  Class: sky130_fd_pr__nfet_01v8 instances:   6
  Class: sky130_fd_pr__pfet_01v8_hvt instances:   6
Circuit contains 15 nets.

Circuit sky130_fd_sc_hd__a41o_1 contains no devices.

Contents of circuit 1:  Circuit: 'sky130_fd_sc_hd__and4bb_1'
Circuit sky130_fd_sc_hd__and4bb_1 contains 0 device instances.
Circuit contains 0 nets, and 9 disconnected pins.
Contents of circuit 2:  Circuit: 'sky130_fd_sc_hd__and4bb_1'
Circuit sky130_fd_sc_hd__and4bb_1 contains 14 device instances.
  Class: sky130_fd_pr__nfet_01v8 instances:   7
  Class: sky130_fd_pr__pfet_01v8_hvt instances:   7
Circuit contains 15 nets.

Circuit sky130_fd_sc_hd__and4bb_1 contains no devices.

Contents of circuit 1:  Circuit: 'sky130_fd_sc_hd__xnor2_2'
Circuit sky130_fd_sc_hd__xnor2_2 contains 0 device instances.
Circuit contains 0 nets, and 7 disconnected pins.
Contents of circuit 2:  Circuit: 'sky130_fd_sc_hd__xnor2_2'
Circuit sky130_fd_sc_hd__xnor2_2 contains 20 device instances.
  Class: sky130_fd_pr__nfet_01v8 instances:  10
  Class: sky130_fd_pr__pfet_01v8_hvt instances:  10
Circuit contains 11 nets.

Circuit sky130_fd_sc_hd__xnor2_2 contains no devices.

Contents of circuit 1:  Circuit: 'sky130_fd_sc_hd__a21boi_1'
Circuit sky130_fd_sc_hd__a21boi_1 contains 0 device instances.
Circuit contains 0 nets, and 8 disconnected pins.
Contents of circuit 2:  Circuit: 'sky130_fd_sc_hd__a21boi_1'
Circuit sky130_fd_sc_hd__a21boi_1 contains 8 device instances.
  Class: sky130_fd_pr__nfet_01v8 instances:   4
  Class: sky130_fd_pr__pfet_01v8_hvt instances:   4
Circuit contains 11 nets.

Circuit sky130_fd_sc_hd__a21boi_1 contains no devices.

Contents of circuit 1:  Circuit: 'sky130_fd_sc_hd__o311a_1'
Circuit sky130_fd_sc_hd__o311a_1 contains 0 device instances.
Circuit contains 0 nets, and 10 disconnected pins.
Contents of circuit 2:  Circuit: 'sky130_fd_sc_hd__o311a_1'
Circuit sky130_fd_sc_hd__o311a_1 contains 12 device instances.
  Class: sky130_fd_pr__nfet_01v8 instances:   6
  Class: sky130_fd_pr__pfet_01v8_hvt instances:   6
Circuit contains 15 nets.

Circuit sky130_fd_sc_hd__o311a_1 contains no devices.

Contents of circuit 1:  Circuit: 'sky130_fd_sc_hd__a21bo_2'
Circuit sky130_fd_sc_hd__a21bo_2 contains 0 device instances.
Circuit contains 0 nets, and 8 disconnected pins.
Contents of circuit 2:  Circuit: 'sky130_fd_sc_hd__a21bo_2'
Circuit sky130_fd_sc_hd__a21bo_2 contains 12 device instances.
  Class: sky130_fd_pr__nfet_01v8 instances:   6
  Class: sky130_fd_pr__pfet_01v8_hvt instances:   6
Circuit contains 12 nets.

Circuit sky130_fd_sc_hd__a21bo_2 contains no devices.

Contents of circuit 1:  Circuit: 'sky130_fd_sc_hd__a311o_1'
Circuit sky130_fd_sc_hd__a311o_1 contains 0 device instances.
Circuit contains 0 nets, and 10 disconnected pins.
Contents of circuit 2:  Circuit: 'sky130_fd_sc_hd__a311o_1'
Circuit sky130_fd_sc_hd__a311o_1 contains 12 device instances.
  Class: sky130_fd_pr__nfet_01v8 instances:   6
  Class: sky130_fd_pr__pfet_01v8_hvt instances:   6
Circuit contains 15 nets.

Circuit sky130_fd_sc_hd__a311o_1 contains no devices.

Contents of circuit 1:  Circuit: 'sky130_fd_sc_hd__o22ai_4'
Circuit sky130_fd_sc_hd__o22ai_4 contains 0 device instances.
Circuit contains 0 nets, and 9 disconnected pins.
Contents of circuit 2:  Circuit: 'sky130_fd_sc_hd__o22ai_4'
Circuit sky130_fd_sc_hd__o22ai_4 contains 32 device instances.
  Class: sky130_fd_pr__nfet_01v8 instances:  16
  Class: sky130_fd_pr__pfet_01v8_hvt instances:  16
Circuit contains 12 nets.

Circuit sky130_fd_sc_hd__o22ai_4 contains no devices.

Contents of circuit 1:  Circuit: 'sky130_fd_sc_hd__o211ai_1'
Circuit sky130_fd_sc_hd__o211ai_1 contains 0 device instances.
Circuit contains 0 nets, and 9 disconnected pins.
Contents of circuit 2:  Circuit: 'sky130_fd_sc_hd__o211ai_1'
Circuit sky130_fd_sc_hd__o211ai_1 contains 8 device instances.
  Class: sky130_fd_pr__nfet_01v8 instances:   4
  Class: sky130_fd_pr__pfet_01v8_hvt instances:   4
Circuit contains 12 nets.

Circuit sky130_fd_sc_hd__o211ai_1 contains no devices.

Contents of circuit 1:  Circuit: 'sky130_fd_sc_hd__o211ai_2'
Circuit sky130_fd_sc_hd__o211ai_2 contains 0 device instances.
Circuit contains 0 nets, and 9 disconnected pins.
Contents of circuit 2:  Circuit: 'sky130_fd_sc_hd__o211ai_2'
Circuit sky130_fd_sc_hd__o211ai_2 contains 16 device instances.
  Class: sky130_fd_pr__nfet_01v8 instances:   8
  Class: sky130_fd_pr__pfet_01v8_hvt instances:   8
Circuit contains 12 nets.

Circuit sky130_fd_sc_hd__o211ai_2 contains no devices.

Contents of circuit 1:  Circuit: 'sky130_fd_sc_hd__mux2_2'
Circuit sky130_fd_sc_hd__mux2_2 contains 0 device instances.
Circuit contains 0 nets, and 8 disconnected pins.
Contents of circuit 2:  Circuit: 'sky130_fd_sc_hd__mux2_2'
Circuit sky130_fd_sc_hd__mux2_2 contains 14 device instances.
  Class: sky130_fd_pr__nfet_01v8 instances:   7
  Class: sky130_fd_pr__pfet_01v8_hvt instances:   7
Circuit contains 14 nets.

Circuit sky130_fd_sc_hd__mux2_2 contains no devices.

Contents of circuit 1:  Circuit: 'sky130_fd_sc_hd__dfrtp_4'
Circuit sky130_fd_sc_hd__dfrtp_4 contains 0 device instances.
Circuit contains 0 nets, and 8 disconnected pins.
Contents of circuit 2:  Circuit: 'sky130_fd_sc_hd__dfrtp_4'
Circuit sky130_fd_sc_hd__dfrtp_4 contains 34 device instances.
  Class: sky130_fd_pr__nfet_01v8 instances:  13
  Class: sky130_fd_pr__pfet_01v8_hvt instances:  17
  Class: sky130_fd_pr__special_nfet_01v8 instances:   4
Circuit contains 21 nets.

Circuit sky130_fd_sc_hd__dfrtp_4 contains no devices.

Contents of circuit 1:  Circuit: 'sky130_fd_sc_hd__o2bb2a_2'
Circuit sky130_fd_sc_hd__o2bb2a_2 contains 0 device instances.
Circuit contains 0 nets, and 9 disconnected pins.
Contents of circuit 2:  Circuit: 'sky130_fd_sc_hd__o2bb2a_2'
Circuit sky130_fd_sc_hd__o2bb2a_2 contains 14 device instances.
  Class: sky130_fd_pr__nfet_01v8 instances:   7
  Class: sky130_fd_pr__pfet_01v8_hvt instances:   7
Circuit contains 14 nets.

Circuit sky130_fd_sc_hd__o2bb2a_2 contains no devices.

Contents of circuit 1:  Circuit: 'team_05'
Circuit team_05 contains 1878 device instances.
  Class: sky130_fd_sc_hd__bufinv_16 instances:   1
  Class: sky130_fd_sc_hd__a41o_1 instances:   1
  Class: sky130_fd_sc_hd__a31o_1 instances:  12
  Class: sky130_fd_sc_hd__a21o_1 instances:  28
  Class: sky130_fd_sc_hd__clkbuf_16 instances:   1
  Class: sky130_fd_sc_hd__o31ai_4 instances:   2
  Class: sky130_fd_sc_hd__or4_1 instances:   5
  Class: sky130_fd_sc_hd__or4_2 instances:   1
  Class: sky130_fd_sc_hd__nand4_1 instances:   1
  Class: sky130_fd_sc_hd__buf_1 instances:   4
  Class: sky130_fd_sc_hd__buf_2 instances:  18
  Class: sky130_fd_sc_hd__a2bb2o_1 instances:   5
  Class: sky130_fd_sc_hd__and3b_1 instances:  15
  Class: sky130_fd_sc_hd__xor2_1 instances:  13
  Class: sky130_fd_sc_hd__xor2_2 instances:   1
  Class: sky130_fd_sc_hd__dfstp_1 instances:   2
  Class: sky130_fd_sc_hd__dfrtp_1 instances: 117
  Class: sky130_fd_sc_hd__dfrtp_2 instances:   9
  Class: sky130_fd_sc_hd__dfrtp_4 instances:   1
  Class: sky130_fd_sc_hd__and4_1 instances:   2
  Class: sky130_fd_sc_hd__inv_2 instances:  20
  Class: sky130_fd_sc_hd__clkbuf_1 instances:  15
  Class: sky130_fd_sc_hd__clkbuf_2 instances:   8
  Class: sky130_fd_sc_hd__clkbuf_4 instances:  21
  Class: sky130_fd_sc_hd__clkbuf_8 instances:  19
  Class: sky130_fd_sc_hd__or3_1 instances:   3
  Class: sky130_fd_sc_hd__nand3_1 instances:   2
  Class: sky130_fd_sc_hd__nand3_4 instances:   1
  Class: sky130_fd_sc_hd__o21ba_1 instances:   2
  Class: sky130_fd_sc_hd__and2b_1 instances:   9
  Class: sky130_fd_sc_hd__conb_1 instances:  70
  Class: sky130_fd_sc_hd__a21boi_1 instances:   1
  Class: sky130_fd_sc_hd__a21bo_2 instances:   1
  Class: sky130_fd_sc_hd__clkinv_2 instances:   5
  Class: sky130_fd_sc_hd__and3_1 instances:  22
  Class: sky130_fd_sc_hd__and3_2 instances:   1
  Class: sky130_fd_sc_hd__a2111o_1 instances:   2
  Class: sky130_fd_sc_hd__decap_3 instances:  78
  Class: sky130_fd_sc_hd__dlygate4sd3_1 instances:  72
  Class: sky130_fd_sc_hd__or2_1 instances:  25
  Class: sky130_fd_sc_hd__nand2_1 instances:  31
  Class: sky130_fd_sc_hd__nand2_2 instances:   1
  Class: sky130_fd_sc_hd__mux2_1 instances:  18
  Class: sky130_fd_sc_hd__mux2_2 instances:   1
  Class: sky130_fd_sc_hd__o2bb2ai_1 instances:   1
  Class: sky130_fd_sc_hd__and2_1 instances:  24
  Class: sky130_fd_sc_hd__a211oi_2 instances:   1
  Class: sky130_fd_sc_hd__or4b_1 instances:   4
  Class: sky130_fd_sc_hd__o32a_1 instances:   4
  Class: sky130_fd_sc_hd__o32a_2 instances:   1
  Class: sky130_fd_sc_hd__o22a_1 instances:   7
  Class: sky130_fd_sc_hd__xnor2_1 instances:  16
  Class: sky130_fd_sc_hd__xnor2_2 instances:   1
  Class: sky130_fd_sc_hd__o221a_1 instances:   5
  Class: sky130_fd_sc_hd__o21bai_1 instances:   2
  Class: sky130_fd_sc_hd__o21bai_2 instances:   1
  Class: sky130_fd_sc_hd__o211a_1 instances:   2
  Class: sky130_fd_sc_hd__nand2b_1 instances:   4
  Class: sky130_fd_sc_hd__diode_2 instances:  76
  Class: sky130_fd_sc_hd__a221o_1 instances:  34
  Class: sky130_fd_sc_hd__a211o_1 instances:   7
  Class: sky130_fd_sc_hd__or3b_1 instances:   7
  Class: sky130_fd_sc_hd__dlymetal6s2s_1 instances:   3
  Class: sky130_fd_sc_hd__a32o_1 instances:   5
  Class: sky130_fd_sc_hd__a22o_1 instances:  23
  Class: sky130_fd_sc_hd__o31a_1 instances:   3
  Class: sky130_fd_sc_hd__o2bb2a_2 instances:   1
  Class: sky130_fd_sc_hd__o21a_1 instances:  28
  Class: sky130_fd_sc_hd__o311a_1 instances:   1
  Class: sky130_fd_sc_hd__o22ai_4 instances:   1
  Class: sky130_fd_sc_hd__and4b_1 instances:   1
  Class: sky130_fd_sc_hd__o21ai_1 instances:   8
  Class: sky130_fd_sc_hd__o21ai_2 instances:   2
  Class: sky130_fd_sc_hd__tapvpwrvgnd_1 instances: 184
  Class: sky130_fd_sc_hd__o21ai_4 instances:   1
  Class: sky130_fd_sc_hd__a21oi_1 instances:  12
  Class: sky130_fd_sc_hd__a21oi_2 instances:   1
  Class: sky130_fd_sc_hd__a311o_1 instances:   1
  Class: sky130_fd_sc_hd__a21oi_4 instances:   1
  Class: sky130_fd_sc_hd__fill_1 instances: 256
  Class: sky130_fd_sc_hd__fill_2 instances: 193
  Class: sky130_fd_sc_hd__fill_4 instances:  91
  Class: sky130_fd_sc_hd__fill_8 instances:  62
  Class: sky130_ef_sc_hd__decap_40_12 instances:  93
  Class: sky130_fd_sc_hd__o211ai_1 instances:   1
  Class: sky130_fd_sc_hd__o211ai_2 instances:   1
  Class: sky130_fd_sc_hd__and4bb_1 instances:   3
  Class: sky130_fd_sc_hd__nor2_1 instances:  33
  Class: sky130_fd_sc_hd__nor2_2 instances:   4
  Class: sky130_fd_sc_hd__nor2_4 instances:   1
Circuit contains 933 nets, and 21 disconnected pins.
Contents of circuit 2:  Circuit: 'team_05'
Circuit team_05 contains 1878 device instances.
  Class: sky130_fd_sc_hd__bufinv_16 instances:   1
  Class: sky130_fd_sc_hd__a41o_1 instances:   1
  Class: sky130_fd_sc_hd__a31o_1 instances:  12
  Class: sky130_fd_sc_hd__a21o_1 instances:  28
  Class: sky130_fd_sc_hd__clkbuf_16 instances:   1
  Class: sky130_fd_sc_hd__o31ai_4 instances:   2
  Class: sky130_fd_sc_hd__or4_1 instances:   5
  Class: sky130_fd_sc_hd__or4_2 instances:   1
  Class: sky130_fd_sc_hd__nand4_1 instances:   1
  Class: sky130_fd_sc_hd__buf_1 instances:   4
  Class: sky130_fd_sc_hd__buf_2 instances:  18
  Class: sky130_fd_sc_hd__a2bb2o_1 instances:   5
  Class: sky130_fd_sc_hd__and3b_1 instances:  15
  Class: sky130_fd_sc_hd__xor2_1 instances:  13
  Class: sky130_fd_sc_hd__xor2_2 instances:   1
  Class: sky130_fd_sc_hd__dfstp_1 instances:   2
  Class: sky130_fd_sc_hd__dfrtp_1 instances: 117
  Class: sky130_fd_sc_hd__dfrtp_2 instances:   9
  Class: sky130_fd_sc_hd__dfrtp_4 instances:   1
  Class: sky130_fd_sc_hd__and4_1 instances:   2
  Class: sky130_fd_sc_hd__inv_2 instances:  20
  Class: sky130_fd_sc_hd__clkbuf_1 instances:  15
  Class: sky130_fd_sc_hd__clkbuf_2 instances:   8
  Class: sky130_fd_sc_hd__clkbuf_4 instances:  21
  Class: sky130_fd_sc_hd__clkbuf_8 instances:  19
  Class: sky130_fd_sc_hd__or3_1 instances:   3
  Class: sky130_fd_sc_hd__nand3_1 instances:   2
  Class: sky130_fd_sc_hd__nand3_4 instances:   1
  Class: sky130_fd_sc_hd__o21ba_1 instances:   2
  Class: sky130_fd_sc_hd__and2b_1 instances:   9
  Class: sky130_fd_sc_hd__conb_1 instances:  70
  Class: sky130_fd_sc_hd__a21boi_1 instances:   1
  Class: sky130_fd_sc_hd__a21bo_2 instances:   1
  Class: sky130_fd_sc_hd__clkinv_2 instances:   5
  Class: sky130_fd_sc_hd__and3_1 instances:  22
  Class: sky130_fd_sc_hd__and3_2 instances:   1
  Class: sky130_fd_sc_hd__a2111o_1 instances:   2
  Class: sky130_fd_sc_hd__decap_3 instances:  78
  Class: sky130_fd_sc_hd__dlygate4sd3_1 instances:  72
  Class: sky130_fd_sc_hd__or2_1 instances:  25
  Class: sky130_fd_sc_hd__nand2_1 instances:  31
  Class: sky130_fd_sc_hd__nand2_2 instances:   1
  Class: sky130_fd_sc_hd__mux2_1 instances:  18
  Class: sky130_fd_sc_hd__mux2_2 instances:   1
  Class: sky130_fd_sc_hd__o2bb2ai_1 instances:   1
  Class: sky130_fd_sc_hd__and2_1 instances:  24
  Class: sky130_fd_sc_hd__a211oi_2 instances:   1
  Class: sky130_fd_sc_hd__or4b_1 instances:   4
  Class: sky130_fd_sc_hd__o32a_1 instances:   4
  Class: sky130_fd_sc_hd__o32a_2 instances:   1
  Class: sky130_fd_sc_hd__o22a_1 instances:   7
  Class: sky130_fd_sc_hd__xnor2_1 instances:  16
  Class: sky130_fd_sc_hd__xnor2_2 instances:   1
  Class: sky130_fd_sc_hd__o221a_1 instances:   5
  Class: sky130_fd_sc_hd__o21bai_1 instances:   2
  Class: sky130_fd_sc_hd__o21bai_2 instances:   1
  Class: sky130_fd_sc_hd__o211a_1 instances:   2
  Class: sky130_fd_sc_hd__nand2b_1 instances:   4
  Class: sky130_fd_sc_hd__diode_2 instances:  76
  Class: sky130_fd_sc_hd__a221o_1 instances:  34
  Class: sky130_fd_sc_hd__a211o_1 instances:   7
  Class: sky130_fd_sc_hd__or3b_1 instances:   7
  Class: sky130_fd_sc_hd__dlymetal6s2s_1 instances:   3
  Class: sky130_fd_sc_hd__a32o_1 instances:   5
  Class: sky130_fd_sc_hd__a22o_1 instances:  23
  Class: sky130_fd_sc_hd__o31a_1 instances:   3
  Class: sky130_fd_sc_hd__o2bb2a_2 instances:   1
  Class: sky130_fd_sc_hd__o21a_1 instances:  28
  Class: sky130_fd_sc_hd__o311a_1 instances:   1
  Class: sky130_fd_sc_hd__o22ai_4 instances:   1
  Class: sky130_fd_sc_hd__and4b_1 instances:   1
  Class: sky130_fd_sc_hd__o21ai_1 instances:   8
  Class: sky130_fd_sc_hd__tapvpwrvgnd_1 instances: 184
  Class: sky130_fd_sc_hd__o21ai_2 instances:   2
  Class: sky130_fd_sc_hd__o21ai_4 instances:   1
  Class: sky130_fd_sc_hd__a21oi_1 instances:  12
  Class: sky130_fd_sc_hd__a21oi_2 instances:   1
  Class: sky130_fd_sc_hd__a311o_1 instances:   1
  Class: sky130_fd_sc_hd__a21oi_4 instances:   1
  Class: sky130_fd_sc_hd__fill_1 instances: 256
  Class: sky130_fd_sc_hd__fill_2 instances: 193
  Class: sky130_fd_sc_hd__fill_4 instances:  91
  Class: sky130_fd_sc_hd__fill_8 instances:  62
  Class: sky130_ef_sc_hd__decap_40_12 instances:  93
  Class: sky130_fd_sc_hd__o211ai_1 instances:   1
  Class: sky130_fd_sc_hd__o211ai_2 instances:   1
  Class: sky130_fd_sc_hd__and4bb_1 instances:   3
  Class: sky130_fd_sc_hd__nor2_1 instances:  33
  Class: sky130_fd_sc_hd__nor2_2 instances:   4
  Class: sky130_fd_sc_hd__nor2_4 instances:   1
Circuit contains 933 nets, and 21 disconnected pins.

Circuit was modified by parallel/series device merging.
New circuit summary:

Contents of circuit 1:  Circuit: 'team_05'
Circuit team_05 contains 874 device instances.
  Class: sky130_fd_sc_hd__bufinv_16 instances:   1
  Class: sky130_fd_sc_hd__a41o_1 instances:   1
  Class: sky130_fd_sc_hd__a31o_1 instances:  12
  Class: sky130_fd_sc_hd__a21o_1 instances:  28
  Class: sky130_fd_sc_hd__clkbuf_16 instances:   1
  Class: sky130_fd_sc_hd__o31ai_4 instances:   2
  Class: sky130_fd_sc_hd__or4_1 instances:   5
  Class: sky130_fd_sc_hd__or4_2 instances:   1
  Class: sky130_fd_sc_hd__nand4_1 instances:   1
  Class: sky130_fd_sc_hd__buf_1 instances:   4
  Class: sky130_fd_sc_hd__buf_2 instances:  18
  Class: sky130_fd_sc_hd__a2bb2o_1 instances:   5
  Class: sky130_fd_sc_hd__and3b_1 instances:  15
  Class: sky130_fd_sc_hd__xor2_1 instances:  13
  Class: sky130_fd_sc_hd__xor2_2 instances:   1
  Class: sky130_fd_sc_hd__dfstp_1 instances:   2
  Class: sky130_fd_sc_hd__dfrtp_1 instances: 117
  Class: sky130_fd_sc_hd__dfrtp_2 instances:   9
  Class: sky130_fd_sc_hd__dfrtp_4 instances:   1
  Class: sky130_fd_sc_hd__and4_1 instances:   2
  Class: sky130_fd_sc_hd__inv_2 instances:  20
  Class: sky130_fd_sc_hd__clkbuf_1 instances:  15
  Class: sky130_fd_sc_hd__clkbuf_2 instances:   8
  Class: sky130_fd_sc_hd__clkbuf_4 instances:  21
  Class: sky130_fd_sc_hd__clkbuf_8 instances:  19
  Class: sky130_fd_sc_hd__or3_1 instances:   3
  Class: sky130_fd_sc_hd__nand3_1 instances:   2
  Class: sky130_fd_sc_hd__nand3_4 instances:   1
  Class: sky130_fd_sc_hd__o21ba_1 instances:   2
  Class: sky130_fd_sc_hd__and2b_1 instances:   9
  Class: sky130_fd_sc_hd__conb_1 instances:  70
  Class: sky130_fd_sc_hd__a21boi_1 instances:   1
  Class: sky130_fd_sc_hd__a21bo_2 instances:   1
  Class: sky130_fd_sc_hd__clkinv_2 instances:   5
  Class: sky130_fd_sc_hd__and3_1 instances:  22
  Class: sky130_fd_sc_hd__and3_2 instances:   1
  Class: sky130_fd_sc_hd__a2111o_1 instances:   2
  Class: sky130_fd_sc_hd__decap_3 instances:   1
  Class: sky130_fd_sc_hd__dlygate4sd3_1 instances:  72
  Class: sky130_fd_sc_hd__or2_1 instances:  25
  Class: sky130_fd_sc_hd__nand2_1 instances:  31
  Class: sky130_fd_sc_hd__nand2_2 instances:   1
  Class: sky130_fd_sc_hd__mux2_1 instances:  18
  Class: sky130_fd_sc_hd__mux2_2 instances:   1
  Class: sky130_fd_sc_hd__o2bb2ai_1 instances:   1
  Class: sky130_fd_sc_hd__and2_1 instances:  24
  Class: sky130_fd_sc_hd__a211oi_2 instances:   1
  Class: sky130_fd_sc_hd__or4b_1 instances:   4
  Class: sky130_fd_sc_hd__o32a_1 instances:   4
  Class: sky130_fd_sc_hd__o32a_2 instances:   1
  Class: sky130_fd_sc_hd__o22a_1 instances:   7
  Class: sky130_fd_sc_hd__xnor2_1 instances:  16
  Class: sky130_fd_sc_hd__xnor2_2 instances:   1
  Class: sky130_fd_sc_hd__o221a_1 instances:   5
  Class: sky130_fd_sc_hd__o21bai_1 instances:   2
  Class: sky130_fd_sc_hd__o21bai_2 instances:   1
  Class: sky130_fd_sc_hd__o211a_1 instances:   2
  Class: sky130_fd_sc_hd__nand2b_1 instances:   4
  Class: sky130_fd_sc_hd__diode_2 instances:  22
  Class: sky130_fd_sc_hd__a221o_1 instances:  34
  Class: sky130_fd_sc_hd__a211o_1 instances:   7
  Class: sky130_fd_sc_hd__or3b_1 instances:   7
  Class: sky130_fd_sc_hd__dlymetal6s2s_1 instances:   3
  Class: sky130_fd_sc_hd__a32o_1 instances:   5
  Class: sky130_fd_sc_hd__a22o_1 instances:  23
  Class: sky130_fd_sc_hd__o31a_1 instances:   3
  Class: sky130_fd_sc_hd__o2bb2a_2 instances:   1
  Class: sky130_fd_sc_hd__o21a_1 instances:  28
  Class: sky130_fd_sc_hd__o311a_1 instances:   1
  Class: sky130_fd_sc_hd__o22ai_4 instances:   1
  Class: sky130_fd_sc_hd__and4b_1 instances:   1
  Class: sky130_fd_sc_hd__o21ai_1 instances:   8
  Class: sky130_fd_sc_hd__o21ai_2 instances:   2
  Class: sky130_fd_sc_hd__tapvpwrvgnd_1 instances:   1
  Class: sky130_fd_sc_hd__o21ai_4 instances:   1
  Class: sky130_fd_sc_hd__a21oi_1 instances:  12
  Class: sky130_fd_sc_hd__a21oi_2 instances:   1
  Class: sky130_fd_sc_hd__a311o_1 instances:   1
  Class: sky130_fd_sc_hd__a21oi_4 instances:   1
  Class: sky130_fd_sc_hd__fill_1 instances:   1
  Class: sky130_fd_sc_hd__fill_2 instances:   1
  Class: sky130_fd_sc_hd__fill_4 instances:   1
  Class: sky130_fd_sc_hd__fill_8 instances:   1
  Class: sky130_ef_sc_hd__decap_40_12 instances:   1
  Class: sky130_fd_sc_hd__o211ai_1 instances:   1
  Class: sky130_fd_sc_hd__o211ai_2 instances:   1
  Class: sky130_fd_sc_hd__and4bb_1 instances:   3
  Class: sky130_fd_sc_hd__nor2_1 instances:  33
  Class: sky130_fd_sc_hd__nor2_2 instances:   4
  Class: sky130_fd_sc_hd__nor2_4 instances:   1
Circuit contains 933 nets, and 21 disconnected pins.
Contents of circuit 2:  Circuit: 'team_05'
Circuit team_05 contains 874 device instances.
  Class: sky130_fd_sc_hd__bufinv_16 instances:   1
  Class: sky130_fd_sc_hd__a41o_1 instances:   1
  Class: sky130_fd_sc_hd__a31o_1 instances:  12
  Class: sky130_fd_sc_hd__a21o_1 instances:  28
  Class: sky130_fd_sc_hd__clkbuf_16 instances:   1
  Class: sky130_fd_sc_hd__o31ai_4 instances:   2
  Class: sky130_fd_sc_hd__or4_1 instances:   5
  Class: sky130_fd_sc_hd__or4_2 instances:   1
  Class: sky130_fd_sc_hd__nand4_1 instances:   1
  Class: sky130_fd_sc_hd__buf_1 instances:   4
  Class: sky130_fd_sc_hd__buf_2 instances:  18
  Class: sky130_fd_sc_hd__a2bb2o_1 instances:   5
  Class: sky130_fd_sc_hd__and3b_1 instances:  15
  Class: sky130_fd_sc_hd__xor2_1 instances:  13
  Class: sky130_fd_sc_hd__xor2_2 instances:   1
  Class: sky130_fd_sc_hd__dfstp_1 instances:   2
  Class: sky130_fd_sc_hd__dfrtp_1 instances: 117
  Class: sky130_fd_sc_hd__dfrtp_2 instances:   9
  Class: sky130_fd_sc_hd__dfrtp_4 instances:   1
  Class: sky130_fd_sc_hd__and4_1 instances:   2
  Class: sky130_fd_sc_hd__inv_2 instances:  20
  Class: sky130_fd_sc_hd__clkbuf_1 instances:  15
  Class: sky130_fd_sc_hd__clkbuf_2 instances:   8
  Class: sky130_fd_sc_hd__clkbuf_4 instances:  21
  Class: sky130_fd_sc_hd__clkbuf_8 instances:  19
  Class: sky130_fd_sc_hd__or3_1 instances:   3
  Class: sky130_fd_sc_hd__nand3_1 instances:   2
  Class: sky130_fd_sc_hd__nand3_4 instances:   1
  Class: sky130_fd_sc_hd__o21ba_1 instances:   2
  Class: sky130_fd_sc_hd__and2b_1 instances:   9
  Class: sky130_fd_sc_hd__conb_1 instances:  70
  Class: sky130_fd_sc_hd__a21boi_1 instances:   1
  Class: sky130_fd_sc_hd__a21bo_2 instances:   1
  Class: sky130_fd_sc_hd__clkinv_2 instances:   5
  Class: sky130_fd_sc_hd__and3_1 instances:  22
  Class: sky130_fd_sc_hd__and3_2 instances:   1
  Class: sky130_fd_sc_hd__a2111o_1 instances:   2
  Class: sky130_fd_sc_hd__decap_3 instances:   1
  Class: sky130_fd_sc_hd__dlygate4sd3_1 instances:  72
  Class: sky130_fd_sc_hd__or2_1 instances:  25
  Class: sky130_fd_sc_hd__nand2_1 instances:  31
  Class: sky130_fd_sc_hd__nand2_2 instances:   1
  Class: sky130_fd_sc_hd__mux2_1 instances:  18
  Class: sky130_fd_sc_hd__mux2_2 instances:   1
  Class: sky130_fd_sc_hd__o2bb2ai_1 instances:   1
  Class: sky130_fd_sc_hd__and2_1 instances:  24
  Class: sky130_fd_sc_hd__a211oi_2 instances:   1
  Class: sky130_fd_sc_hd__or4b_1 instances:   4
  Class: sky130_fd_sc_hd__o32a_1 instances:   4
  Class: sky130_fd_sc_hd__o32a_2 instances:   1
  Class: sky130_fd_sc_hd__o22a_1 instances:   7
  Class: sky130_fd_sc_hd__xnor2_1 instances:  16
  Class: sky130_fd_sc_hd__xnor2_2 instances:   1
  Class: sky130_fd_sc_hd__o221a_1 instances:   5
  Class: sky130_fd_sc_hd__o21bai_1 instances:   2
  Class: sky130_fd_sc_hd__o21bai_2 instances:   1
  Class: sky130_fd_sc_hd__o211a_1 instances:   2
  Class: sky130_fd_sc_hd__nand2b_1 instances:   4
  Class: sky130_fd_sc_hd__diode_2 instances:  22
  Class: sky130_fd_sc_hd__a221o_1 instances:  34
  Class: sky130_fd_sc_hd__a211o_1 instances:   7
  Class: sky130_fd_sc_hd__or3b_1 instances:   7
  Class: sky130_fd_sc_hd__dlymetal6s2s_1 instances:   3
  Class: sky130_fd_sc_hd__a32o_1 instances:   5
  Class: sky130_fd_sc_hd__a22o_1 instances:  23
  Class: sky130_fd_sc_hd__o31a_1 instances:   3
  Class: sky130_fd_sc_hd__o2bb2a_2 instances:   1
  Class: sky130_fd_sc_hd__o21a_1 instances:  28
  Class: sky130_fd_sc_hd__o311a_1 instances:   1
  Class: sky130_fd_sc_hd__o22ai_4 instances:   1
  Class: sky130_fd_sc_hd__and4b_1 instances:   1
  Class: sky130_fd_sc_hd__o21ai_1 instances:   8
  Class: sky130_fd_sc_hd__tapvpwrvgnd_1 instances:   1
  Class: sky130_fd_sc_hd__o21ai_2 instances:   2
  Class: sky130_fd_sc_hd__o21ai_4 instances:   1
  Class: sky130_fd_sc_hd__a21oi_1 instances:  12
  Class: sky130_fd_sc_hd__a21oi_2 instances:   1
  Class: sky130_fd_sc_hd__a311o_1 instances:   1
  Class: sky130_fd_sc_hd__a21oi_4 instances:   1
  Class: sky130_fd_sc_hd__fill_1 instances:   1
  Class: sky130_fd_sc_hd__fill_2 instances:   1
  Class: sky130_fd_sc_hd__fill_4 instances:   1
  Class: sky130_fd_sc_hd__fill_8 instances:   1
  Class: sky130_ef_sc_hd__decap_40_12 instances:   1
  Class: sky130_fd_sc_hd__o211ai_1 instances:   1
  Class: sky130_fd_sc_hd__o211ai_2 instances:   1
  Class: sky130_fd_sc_hd__and4bb_1 instances:   3
  Class: sky130_fd_sc_hd__nor2_1 instances:  33
  Class: sky130_fd_sc_hd__nor2_2 instances:   4
  Class: sky130_fd_sc_hd__nor2_4 instances:   1
Circuit contains 933 nets, and 21 disconnected pins.

Circuit 1 contains 874 devices, Circuit 2 contains 874 devices.
Circuit 1 contains 933 nets,    Circuit 2 contains 933 nets.


Final result: 
Circuits match uniquely.
.
Logging to file "/home/ajwey/CI2605_stuff/nebula-iii/openlane/team_05/runs/26_03_06_22_48/69-netgen-lvs/reports/lvs.netgen.rpt" disabled
LVS Done.
