Clock: clk
Sources: clk 
Generated: no
Virtual: yes
Propagated: no
Period: 25.000000

===========================================================================
report_clock_properties
============================================================================
Clock                   Period          Waveform
----------------------------------------------------
clk                  25.000000    0.000000 12.500000

===========================================================================
report_clock_latency
============================================================================
Clock clk
rise -> rise
    min     max
0.000000 0.000000 source latency
0.391822         network latency _3516_/CLK
        5.727230 network latency _3593_/CLK
---------------
0.391822 5.727230 latency
        5.335408 skew

rise -> fall
    min     max
0.000000 0.000000 source latency
5.307125         network latency _3615_/CLK
        5.740593 network latency _3531_/CLK
---------------
5.307125 5.740593 latency
        0.433468 skew

fall -> fall
    min     max
0.000000 0.000000 source latency
0.324005         network latency _3516_/CLK
        0.468514 network latency _3526_/CLK
---------------
0.324005 0.468514 latency
        0.144509 skew



===========================================================================
report_clock_min_period
============================================================================
clk period_min = 3.02 fmax = 330.89
