Clock: clk
Sources: clk 
Generated: no
Virtual: yes
Propagated: no
Period: 25.000000

===========================================================================
report_clock_properties
============================================================================
Clock                   Period          Waveform
----------------------------------------------------
clk                  25.000000    0.000000 12.500000

===========================================================================
report_clock_latency
============================================================================
Clock clk
rise -> rise
    min     max
0.000000 0.000000 source latency
0.295907         network latency _1624_/CLK
        0.306437 network latency _1637_/CLK
---------------
0.295907 0.306437 latency
        0.010530 skew

fall -> fall
    min     max
0.000000 0.000000 source latency
0.263436         network latency _1624_/CLK
        0.273222 network latency _1637_/CLK
---------------
0.263436 0.273222 latency
        0.009787 skew



===========================================================================
report_clock_min_period
============================================================================
clk period_min = 10.24 fmax = 97.69
