Clock: clk
Sources: clk 
Generated: no
Virtual: yes
Propagated: no
Period: 25.000000

===========================================================================
report_clock_properties
============================================================================
Clock                   Period          Waveform
----------------------------------------------------
clk                  25.000000    0.000000 12.500000

===========================================================================
report_clock_latency
============================================================================
Clock clk
rise -> rise
    min     max
0.000000 0.000000 source latency
0.578926         network latency _3516_/CLK
        6.107431 network latency _3593_/CLK
---------------
0.578926 6.107431 latency
        5.528506 skew

rise -> fall
    min     max
0.000000 0.000000 source latency
5.477128         network latency _3615_/CLK
        6.145311 network latency _3531_/CLK
---------------
5.477128 6.145311 latency
        0.668184 skew

fall -> fall
    min     max
0.000000 0.000000 source latency
0.484703         network latency _3516_/CLK
        0.698066 network latency _3526_/CLK
---------------
0.484703 0.698066 latency
        0.213363 skew



===========================================================================
report_clock_min_period
============================================================================
clk period_min = 4.79 fmax = 208.59
