Clock: clk
Sources: clk 
Generated: no
Virtual: yes
Propagated: no
Period: 1000.000000

===========================================================================
report_clock_properties
============================================================================
Clock                   Period          Waveform
----------------------------------------------------
clk                 1000.000000    0.000000500.000000

===========================================================================
report_clock_latency
============================================================================
Clock clk
rise -> rise
    min     max
0.000000 0.000000 source latency
200.523117         network latency _11286_/CLK
        201.265701 network latency _10744_/CLK
---------------
200.523117 201.265701 latency
        0.742588 skew

rise -> fall
    min     max
0.000000 0.000000 source latency
200.447800         network latency _11286_/CLK
        201.233810 network latency _10744_/CLK
---------------
200.447800 201.233810 latency
        0.786002 skew



===========================================================================
report_clock_min_period
============================================================================
clk period_min = 0.00 fmax = inf
