
===========================================================================
report_checks -unconstrained
===========================================================================
======================= min_ss_100C_1v60 Corner ===================================

Startpoint: nrst (input port clocked by clk)
Endpoint: _8598_ (recovery check against rising-edge clock clk)
Path Group: asynchronous
Path Type: max

Fanout         Cap        Slew       Delay        Time   Description
---------------------------------------------------------------------------------------------
                                  0.000000    0.000000   clock clk (rise edge)
                                  0.000000    0.000000   clock network delay (propagated)
                                  5.000000    5.000000 ^ input external delay
     2    0.004345    0.044250    0.023915    5.023915 ^ nrst (in)
                                                         nrst (net)
                      0.044250    0.000000    5.023915 ^ input19/A (sky130_fd_sc_hd__clkbuf_2)
     5    0.043868    0.372746    0.395888    5.419804 ^ input19/X (sky130_fd_sc_hd__clkbuf_2)
                                                         net19 (net)
                      0.372762    0.002107    5.421911 ^ fanout353/A (sky130_fd_sc_hd__clkbuf_4)
    13    0.070081    0.336460    0.580896    6.002807 ^ fanout353/X (sky130_fd_sc_hd__clkbuf_4)
                                                         net353 (net)
                      0.336460    0.000941    6.003748 ^ fanout348/A (sky130_fd_sc_hd__clkbuf_4)
    21    0.068180    0.328688    0.556742    6.560490 ^ fanout348/X (sky130_fd_sc_hd__clkbuf_4)
                                                         net348 (net)
                      0.328688    0.000761    6.561251 ^ fanout347/A (sky130_fd_sc_hd__buf_2)
     8    0.043468    0.341117    0.504965    7.066216 ^ fanout347/X (sky130_fd_sc_hd__buf_2)
                                                         net347 (net)
                      0.341117    0.000372    7.066588 ^ fanout346/A (sky130_fd_sc_hd__clkbuf_4)
    10    0.046845    0.235159    0.491873    7.558461 ^ fanout346/X (sky130_fd_sc_hd__clkbuf_4)
                                                         net346 (net)
                      0.235159    0.000572    7.559033 ^ _8598_/RESET_B (sky130_fd_sc_hd__dfrtp_2)
                                              7.559033   data arrival time

                                 25.000000   25.000000   clock clk (rise edge)
                                  0.000000   25.000000   clock source latency
     2    0.044992    0.324743    0.225985   25.225985 ^ clk (in)
                                                         clk (net)
                      0.324750    0.000000   25.225985 ^ clkbuf_0_clk/A (sky130_fd_sc_hd__clkbuf_16)
    33    0.177276    0.286690    0.509944   25.735928 ^ clkbuf_0_clk/X (sky130_fd_sc_hd__clkbuf_16)
                                                         clknet_0_clk (net)
                      0.286694    0.001751   25.737679 ^ clkbuf_4_8_0_clk/A (sky130_fd_sc_hd__clkbuf_8)
    11    0.035377    0.119801    0.366404   26.104084 ^ clkbuf_4_8_0_clk/X (sky130_fd_sc_hd__clkbuf_8)
                                                         clknet_4_8_0_clk (net)
                      0.119804    0.000776   26.104860 ^ _8598_/CLK (sky130_fd_sc_hd__dfrtp_2)
                                 -0.250000   25.854860   clock uncertainty
                                  0.000000   25.854860   clock reconvergence pessimism
                                  0.390851   26.245710   library recovery time
                                             26.245710   data required time
---------------------------------------------------------------------------------------------
                                             26.245710   data required time
                                             -7.559033   data arrival time
---------------------------------------------------------------------------------------------
                                             18.686678   slack (MET)


Startpoint: gpio_in[6] (input port clocked by clk)
Endpoint: _8683_ (rising edge-triggered flip-flop clocked by clk)
Path Group: clk
Path Type: max

Fanout         Cap        Slew       Delay        Time   Description
---------------------------------------------------------------------------------------------
                                  0.000000    0.000000   clock clk (rise edge)
                                  0.000000    0.000000   clock network delay (propagated)
                                  5.000000    5.000000 ^ input external delay
     2    0.004686    0.045032    0.025723    5.025723 ^ gpio_in[6] (in)
                                                         gpio_in[6] (net)
                      0.045045    0.000000    5.025723 ^ input15/A (sky130_fd_sc_hd__buf_2)
    13    0.070484    0.541072    0.523085    5.548809 ^ input15/X (sky130_fd_sc_hd__buf_2)
                                                         net15 (net)
                      0.541081    0.001896    5.550704 ^ _4272_/A0 (sky130_fd_sc_hd__mux2_4)
     9    0.035487    0.199660    0.597427    6.148131 ^ _4272_/X (sky130_fd_sc_hd__mux2_4)
                                                         PID_INST.k3_calc.d1.y[4] (net)
                      0.199660    0.000560    6.148691 ^ fanout175/A (sky130_fd_sc_hd__buf_2)
    19    0.053996    0.419203    0.508547    6.657238 ^ fanout175/X (sky130_fd_sc_hd__buf_2)
                                                         net175 (net)
                      0.419205    0.001799    6.659037 ^ fanout174/A (sky130_fd_sc_hd__buf_2)
    10    0.033897    0.270611    0.489391    7.148427 ^ fanout174/X (sky130_fd_sc_hd__buf_2)
                                                         net174 (net)
                      0.270611    0.000939    7.149367 ^ _4680_/A (sky130_fd_sc_hd__and4_1)
     4    0.009305    0.192869    0.499171    7.648538 ^ _4680_/X (sky130_fd_sc_hd__and4_1)
                                                         _3956_ (net)
                      0.192869    0.000026    7.648564 ^ _4696_/A_N (sky130_fd_sc_hd__and4bb_1)
     3    0.006569    0.107096    0.449663    8.098228 v _4696_/X (sky130_fd_sc_hd__and4bb_1)
                                                         _3972_ (net)
                      0.107096    0.000079    8.098307 v _4698_/C (sky130_fd_sc_hd__or4_4)
     3    0.009547    0.171948    0.998961    9.097267 v _4698_/X (sky130_fd_sc_hd__or4_4)
                                                         _3974_ (net)
                      0.171948    0.000079    9.097346 v _4706_/A1 (sky130_fd_sc_hd__a21o_1)
     2    0.005462    0.081297    0.352242    9.449588 v _4706_/X (sky130_fd_sc_hd__a21o_1)
                                                         _3982_ (net)
                      0.081297    0.000056    9.449644 v _4723_/B2 (sky130_fd_sc_hd__a22o_1)
     1    0.002632    0.069264    0.354951    9.804595 v _4723_/X (sky130_fd_sc_hd__a22o_1)
                                                         _3999_ (net)
                      0.069264    0.000023    9.804618 v _4725_/A2 (sky130_fd_sc_hd__a31o_1)
     2    0.007855    0.107412    0.410735   10.215353 v _4725_/X (sky130_fd_sc_hd__a31o_1)
                                                         _4001_ (net)
                      0.107412    0.000065   10.215418 v _4727_/B2 (sky130_fd_sc_hd__o22a_1)
     1    0.004303    0.100945    0.343698   10.559116 v _4727_/X (sky130_fd_sc_hd__o22a_1)
                                                         _4003_ (net)
                      0.100945    0.000036   10.559153 v _4728_/B2 (sky130_fd_sc_hd__a22oi_2)
     2    0.006965    0.254243    0.283852   10.843005 ^ _4728_/Y (sky130_fd_sc_hd__a22oi_2)
                                                         _4004_ (net)
                      0.254243    0.000073   10.843078 ^ _4731_/A (sky130_fd_sc_hd__nand2_1)
     1    0.003905    0.104152    0.181420   11.024498 v _4731_/Y (sky130_fd_sc_hd__nand2_1)
                                                         _4007_ (net)
                      0.104152    0.000051   11.024549 v _4732_/B1 (sky130_fd_sc_hd__o31a_1)
     1    0.002472    0.084686    0.195274   11.219823 v _4732_/X (sky130_fd_sc_hd__o31a_1)
                                                         _4008_ (net)
                      0.084686    0.000011   11.219833 v _4733_/B2 (sky130_fd_sc_hd__a221o_1)
     1    0.002562    0.092227    0.587418   11.807252 v _4733_/X (sky130_fd_sc_hd__a221o_1)
                                                         _4009_ (net)
                      0.092227    0.000012   11.807263 v _4734_/A1 (sky130_fd_sc_hd__a31o_1)
     4    0.014170    0.155022    0.421898   12.229161 v _4734_/X (sky130_fd_sc_hd__a31o_1)
                                                         _4010_ (net)
                      0.155022    0.000420   12.229581 v _4856_/A1 (sky130_fd_sc_hd__a221o_1)
     2    0.008293    0.144214    0.673234   12.902815 v _4856_/X (sky130_fd_sc_hd__a221o_1)
                                                         _4132_ (net)
                      0.144214    0.000107   12.902923 v _4861_/A1 (sky130_fd_sc_hd__a31o_1)
     2    0.011715    0.140226    0.427011   13.329934 v _4861_/X (sky130_fd_sc_hd__a31o_1)
                                                         _4137_ (net)
                      0.140226    0.000085   13.330019 v _5006_/A1 (sky130_fd_sc_hd__a21o_1)
     3    0.013768    0.142881    0.401455   13.731474 v _5006_/X (sky130_fd_sc_hd__a21o_1)
                                                         _0094_ (net)
                      0.142881    0.000292   13.731767 v _5086_/A1 (sky130_fd_sc_hd__a21bo_1)
     2    0.010563    0.123982    0.399207   14.130973 v _5086_/X (sky130_fd_sc_hd__a21bo_1)
                                                         _0174_ (net)
                      0.123982    0.000251   14.131225 v _5092_/A2 (sky130_fd_sc_hd__a21o_1)
     4    0.018223    0.176681    0.453256   14.584480 v _5092_/X (sky130_fd_sc_hd__a21o_1)
                                                         _0180_ (net)
                      0.176681    0.000169   14.584649 v _5349_/A3 (sky130_fd_sc_hd__a31o_4)
     3    0.031034    0.119087    0.547797   15.132447 v _5349_/X (sky130_fd_sc_hd__a31o_4)
                                                         _0437_ (net)
                      0.119087    0.000245   15.132692 v _6106_/A2 (sky130_fd_sc_hd__a211o_4)
     3    0.016524    0.107007    0.652205   15.784898 v _6106_/X (sky130_fd_sc_hd__a211o_4)
                                                         _1194_ (net)
                      0.107007    0.000187   15.785084 v _6107_/C (sky130_fd_sc_hd__nand3_4)
     5    0.035495    0.211654    0.233870   16.018953 ^ _6107_/Y (sky130_fd_sc_hd__nand3_4)
                                                         _1195_ (net)
                      0.211654    0.000535   16.019489 ^ _6520_/A1 (sky130_fd_sc_hd__a311o_4)
     6    0.038803    0.241007    0.563412   16.582901 ^ _6520_/X (sky130_fd_sc_hd__a311o_4)
                                                         _1606_ (net)
                      0.241007    0.000272   16.583172 ^ _6681_/A2 (sky130_fd_sc_hd__a21o_2)
     9    0.043965    0.348937    0.534126   17.117298 ^ _6681_/X (sky130_fd_sc_hd__a21o_2)
                                                         _1770_ (net)
                      0.348937    0.000094   17.117392 ^ _6968_/A2 (sky130_fd_sc_hd__a21o_2)
    15    0.052082    0.409033    0.616666   17.734058 ^ _6968_/X (sky130_fd_sc_hd__a21o_2)
                                                         _2069_ (net)
                      0.409033    0.000394   17.734453 ^ _7054_/B1 (sky130_fd_sc_hd__o21a_1)
     1    0.009662    0.169050    0.423352   18.157804 ^ _7054_/X (sky130_fd_sc_hd__o21a_1)
                                                         _2159_ (net)
                      0.169050    0.000103   18.157907 ^ _7080_/A (sky130_fd_sc_hd__xnor2_2)
     5    0.028170    0.599709    0.371806   18.529713 ^ _7080_/Y (sky130_fd_sc_hd__xnor2_2)
                                                         _2187_ (net)
                      0.599710    0.000867   18.530581 ^ fanout37/A (sky130_fd_sc_hd__clkbuf_4)
    21    0.061800    0.301559    0.653078   19.183659 ^ fanout37/X (sky130_fd_sc_hd__clkbuf_4)
                                                         net37 (net)
                      0.301594    0.003398   19.187056 ^ _7081_/B (sky130_fd_sc_hd__nor2_1)
     1    0.009289    0.128789    0.210742   19.397799 v _7081_/Y (sky130_fd_sc_hd__nor2_1)
                                                         _2188_ (net)
                      0.128789    0.000099   19.397898 v _7090_/A (sky130_fd_sc_hd__xnor2_2)
     2    0.016115    0.383063    0.423423   19.821320 ^ _7090_/Y (sky130_fd_sc_hd__xnor2_2)
                                                         _2197_ (net)
                      0.383189    0.000751   19.822071 ^ _7091_/B (sky130_fd_sc_hd__xnor2_1)
     2    0.006895    0.328981    0.351756   20.173828 ^ _7091_/Y (sky130_fd_sc_hd__xnor2_1)
                                                         _2198_ (net)
                      0.328981    0.000080   20.173908 ^ _7093_/B (sky130_fd_sc_hd__xnor2_1)
     2    0.007843    0.204111    0.271506   20.445414 v _7093_/Y (sky130_fd_sc_hd__xnor2_1)
                                                         _2200_ (net)
                      0.204111    0.000057   20.445471 v _7144_/A (sky130_fd_sc_hd__xnor2_1)
     2    0.012685    0.521239    0.546002   20.991472 ^ _7144_/Y (sky130_fd_sc_hd__xnor2_1)
                                                         _2255_ (net)
                      0.521239    0.000131   20.991604 ^ _7147_/A (sky130_fd_sc_hd__xor2_2)
     2    0.014779    0.336399    0.494776   21.486380 ^ _7147_/X (sky130_fd_sc_hd__xor2_2)
                                                         _2258_ (net)
                      0.336399    0.000156   21.486536 ^ _7402_/A2 (sky130_fd_sc_hd__a21oi_2)
     3    0.015615    0.161493    0.272165   21.758699 v _7402_/Y (sky130_fd_sc_hd__a21oi_2)
                                                         _2529_ (net)
                      0.161493    0.000121   21.758821 v _7480_/A2 (sky130_fd_sc_hd__a211o_1)
     1    0.003716    0.093922    0.583343   22.342165 v _7480_/X (sky130_fd_sc_hd__a211o_1)
                                                         _2612_ (net)
                      0.093922    0.000046   22.342211 v _7481_/B1 (sky130_fd_sc_hd__o21a_1)
     3    0.009555    0.124315    0.256817   22.599028 v _7481_/X (sky130_fd_sc_hd__o21a_1)
                                                         _2613_ (net)
                      0.124315    0.000151   22.599178 v _7483_/C (sky130_fd_sc_hd__and3_1)
     1    0.001613    0.061056    0.370378   22.969555 v _7483_/X (sky130_fd_sc_hd__and3_1)
                                                         _2615_ (net)
                      0.061056    0.000014   22.969570 v _7484_/B (sky130_fd_sc_hd__or2_1)
     2    0.010269    0.162445    0.536682   23.506252 v _7484_/X (sky130_fd_sc_hd__or2_1)
                                                         _2616_ (net)
                      0.162445    0.000103   23.506355 v _7573_/B (sky130_fd_sc_hd__xnor2_2)
     3    0.010485    0.175541    0.313751   23.820107 v _7573_/Y (sky130_fd_sc_hd__xnor2_2)
                                                         _2710_ (net)
                      0.175541    0.000076   23.820183 v _7737_/A2 (sky130_fd_sc_hd__a211o_1)
     3    0.013093    0.175183    0.685059   24.505241 v _7737_/X (sky130_fd_sc_hd__a211o_1)
                                                         _2874_ (net)
                      0.175183    0.000451   24.505692 v _8197_/A1 (sky130_fd_sc_hd__a31o_1)
     3    0.012594    0.144231    0.447784   24.953476 v _8197_/X (sky130_fd_sc_hd__a31o_1)
                                                         _3355_ (net)
                      0.144231    0.000345   24.953821 v _8199_/C (sky130_fd_sc_hd__and3_1)
     2    0.004710    0.087295    0.415648   25.369469 v _8199_/X (sky130_fd_sc_hd__and3_1)
                                                         _3357_ (net)
                      0.087295    0.000014   25.369484 v _8344_/B (sky130_fd_sc_hd__or2_1)
     1    0.004754    0.115228    0.488953   25.858437 v _8344_/X (sky130_fd_sc_hd__or2_1)
                                                         _3513_ (net)
                      0.115228    0.000043   25.858479 v _8345_/B (sky130_fd_sc_hd__xnor2_1)
     1    0.002415    0.087317    0.218344   26.076822 v _8345_/Y (sky130_fd_sc_hd__xnor2_1)
                                                         _3514_ (net)
                      0.087317    0.000016   26.076839 v _8346_/A1 (sky130_fd_sc_hd__mux2_1)
     1    0.002291    0.107651    0.647153   26.723993 v _8346_/X (sky130_fd_sc_hd__mux2_1)
                                                         _0072_ (net)
                      0.107651    0.000021   26.724014 v _8683_/D (sky130_fd_sc_hd__dfrtp_1)
                                             26.724014   data arrival time

                                 25.000000   25.000000   clock clk (rise edge)
                                  0.000000   25.000000   clock source latency
     2    0.044992    0.324743    0.225985   25.225985 ^ clk (in)
                                                         clk (net)
                      0.324750    0.000000   25.225985 ^ clkbuf_0_clk/A (sky130_fd_sc_hd__clkbuf_16)
    33    0.177276    0.286690    0.509944   25.735928 ^ clkbuf_0_clk/X (sky130_fd_sc_hd__clkbuf_16)
                                                         clknet_0_clk (net)
                      0.286770    0.004645   25.740574 ^ clkbuf_4_13_0_clk/A (sky130_fd_sc_hd__clkbuf_8)
     5    0.040030    0.130887    0.375096   26.115669 ^ clkbuf_4_13_0_clk/X (sky130_fd_sc_hd__clkbuf_8)
                                                         clknet_4_13_0_clk (net)
                      0.130887    0.000462   26.116131 ^ _8683_/CLK (sky130_fd_sc_hd__dfrtp_1)
                                 -0.250000   25.866131   clock uncertainty
                                  0.000000   25.866131   clock reconvergence pessimism
                                 -0.276023   25.590109   library setup time
                                             25.590109   data required time
---------------------------------------------------------------------------------------------
                                             25.590109   data required time
                                            -26.724014   data arrival time
---------------------------------------------------------------------------------------------
                                             -1.133905   slack (VIOLATED)




===========================================================================
report_checks --slack_max -0.01
============================================================================
======================= min_ss_100C_1v60 Corner ===================================

Startpoint: gpio_in[6] (input port clocked by clk)
Endpoint: _8683_ (rising edge-triggered flip-flop clocked by clk)
Path Group: clk
Path Type: max

Fanout         Cap        Slew       Delay        Time   Description
---------------------------------------------------------------------------------------------
                                  0.000000    0.000000   clock clk (rise edge)
                                  0.000000    0.000000   clock network delay (propagated)
                                  5.000000    5.000000 ^ input external delay
     2    0.004686    0.045032    0.025723    5.025723 ^ gpio_in[6] (in)
                                                         gpio_in[6] (net)
                      0.045045    0.000000    5.025723 ^ input15/A (sky130_fd_sc_hd__buf_2)
    13    0.070484    0.541072    0.523085    5.548809 ^ input15/X (sky130_fd_sc_hd__buf_2)
                                                         net15 (net)
                      0.541081    0.001896    5.550704 ^ _4272_/A0 (sky130_fd_sc_hd__mux2_4)
     9    0.035487    0.199660    0.597427    6.148131 ^ _4272_/X (sky130_fd_sc_hd__mux2_4)
                                                         PID_INST.k3_calc.d1.y[4] (net)
                      0.199660    0.000560    6.148691 ^ fanout175/A (sky130_fd_sc_hd__buf_2)
    19    0.053996    0.419203    0.508547    6.657238 ^ fanout175/X (sky130_fd_sc_hd__buf_2)
                                                         net175 (net)
                      0.419205    0.001799    6.659037 ^ fanout174/A (sky130_fd_sc_hd__buf_2)
    10    0.033897    0.270611    0.489391    7.148427 ^ fanout174/X (sky130_fd_sc_hd__buf_2)
                                                         net174 (net)
                      0.270611    0.000939    7.149367 ^ _4680_/A (sky130_fd_sc_hd__and4_1)
     4    0.009305    0.192869    0.499171    7.648538 ^ _4680_/X (sky130_fd_sc_hd__and4_1)
                                                         _3956_ (net)
                      0.192869    0.000026    7.648564 ^ _4696_/A_N (sky130_fd_sc_hd__and4bb_1)
     3    0.006569    0.107096    0.449663    8.098228 v _4696_/X (sky130_fd_sc_hd__and4bb_1)
                                                         _3972_ (net)
                      0.107096    0.000079    8.098307 v _4698_/C (sky130_fd_sc_hd__or4_4)
     3    0.009547    0.171948    0.998961    9.097267 v _4698_/X (sky130_fd_sc_hd__or4_4)
                                                         _3974_ (net)
                      0.171948    0.000079    9.097346 v _4706_/A1 (sky130_fd_sc_hd__a21o_1)
     2    0.005462    0.081297    0.352242    9.449588 v _4706_/X (sky130_fd_sc_hd__a21o_1)
                                                         _3982_ (net)
                      0.081297    0.000056    9.449644 v _4723_/B2 (sky130_fd_sc_hd__a22o_1)
     1    0.002632    0.069264    0.354951    9.804595 v _4723_/X (sky130_fd_sc_hd__a22o_1)
                                                         _3999_ (net)
                      0.069264    0.000023    9.804618 v _4725_/A2 (sky130_fd_sc_hd__a31o_1)
     2    0.007855    0.107412    0.410735   10.215353 v _4725_/X (sky130_fd_sc_hd__a31o_1)
                                                         _4001_ (net)
                      0.107412    0.000065   10.215418 v _4727_/B2 (sky130_fd_sc_hd__o22a_1)
     1    0.004303    0.100945    0.343698   10.559116 v _4727_/X (sky130_fd_sc_hd__o22a_1)
                                                         _4003_ (net)
                      0.100945    0.000036   10.559153 v _4728_/B2 (sky130_fd_sc_hd__a22oi_2)
     2    0.006965    0.254243    0.283852   10.843005 ^ _4728_/Y (sky130_fd_sc_hd__a22oi_2)
                                                         _4004_ (net)
                      0.254243    0.000073   10.843078 ^ _4731_/A (sky130_fd_sc_hd__nand2_1)
     1    0.003905    0.104152    0.181420   11.024498 v _4731_/Y (sky130_fd_sc_hd__nand2_1)
                                                         _4007_ (net)
                      0.104152    0.000051   11.024549 v _4732_/B1 (sky130_fd_sc_hd__o31a_1)
     1    0.002472    0.084686    0.195274   11.219823 v _4732_/X (sky130_fd_sc_hd__o31a_1)
                                                         _4008_ (net)
                      0.084686    0.000011   11.219833 v _4733_/B2 (sky130_fd_sc_hd__a221o_1)
     1    0.002562    0.092227    0.587418   11.807252 v _4733_/X (sky130_fd_sc_hd__a221o_1)
                                                         _4009_ (net)
                      0.092227    0.000012   11.807263 v _4734_/A1 (sky130_fd_sc_hd__a31o_1)
     4    0.014170    0.155022    0.421898   12.229161 v _4734_/X (sky130_fd_sc_hd__a31o_1)
                                                         _4010_ (net)
                      0.155022    0.000420   12.229581 v _4856_/A1 (sky130_fd_sc_hd__a221o_1)
     2    0.008293    0.144214    0.673234   12.902815 v _4856_/X (sky130_fd_sc_hd__a221o_1)
                                                         _4132_ (net)
                      0.144214    0.000107   12.902923 v _4861_/A1 (sky130_fd_sc_hd__a31o_1)
     2    0.011715    0.140226    0.427011   13.329934 v _4861_/X (sky130_fd_sc_hd__a31o_1)
                                                         _4137_ (net)
                      0.140226    0.000085   13.330019 v _5006_/A1 (sky130_fd_sc_hd__a21o_1)
     3    0.013768    0.142881    0.401455   13.731474 v _5006_/X (sky130_fd_sc_hd__a21o_1)
                                                         _0094_ (net)
                      0.142881    0.000292   13.731767 v _5086_/A1 (sky130_fd_sc_hd__a21bo_1)
     2    0.010563    0.123982    0.399207   14.130973 v _5086_/X (sky130_fd_sc_hd__a21bo_1)
                                                         _0174_ (net)
                      0.123982    0.000251   14.131225 v _5092_/A2 (sky130_fd_sc_hd__a21o_1)
     4    0.018223    0.176681    0.453256   14.584480 v _5092_/X (sky130_fd_sc_hd__a21o_1)
                                                         _0180_ (net)
                      0.176681    0.000169   14.584649 v _5349_/A3 (sky130_fd_sc_hd__a31o_4)
     3    0.031034    0.119087    0.547797   15.132447 v _5349_/X (sky130_fd_sc_hd__a31o_4)
                                                         _0437_ (net)
                      0.119087    0.000245   15.132692 v _6106_/A2 (sky130_fd_sc_hd__a211o_4)
     3    0.016524    0.107007    0.652205   15.784898 v _6106_/X (sky130_fd_sc_hd__a211o_4)
                                                         _1194_ (net)
                      0.107007    0.000187   15.785084 v _6107_/C (sky130_fd_sc_hd__nand3_4)
     5    0.035495    0.211654    0.233870   16.018953 ^ _6107_/Y (sky130_fd_sc_hd__nand3_4)
                                                         _1195_ (net)
                      0.211654    0.000535   16.019489 ^ _6520_/A1 (sky130_fd_sc_hd__a311o_4)
     6    0.038803    0.241007    0.563412   16.582901 ^ _6520_/X (sky130_fd_sc_hd__a311o_4)
                                                         _1606_ (net)
                      0.241007    0.000272   16.583172 ^ _6681_/A2 (sky130_fd_sc_hd__a21o_2)
     9    0.043965    0.348937    0.534126   17.117298 ^ _6681_/X (sky130_fd_sc_hd__a21o_2)
                                                         _1770_ (net)
                      0.348937    0.000094   17.117392 ^ _6968_/A2 (sky130_fd_sc_hd__a21o_2)
    15    0.052082    0.409033    0.616666   17.734058 ^ _6968_/X (sky130_fd_sc_hd__a21o_2)
                                                         _2069_ (net)
                      0.409033    0.000394   17.734453 ^ _7054_/B1 (sky130_fd_sc_hd__o21a_1)
     1    0.009662    0.169050    0.423352   18.157804 ^ _7054_/X (sky130_fd_sc_hd__o21a_1)
                                                         _2159_ (net)
                      0.169050    0.000103   18.157907 ^ _7080_/A (sky130_fd_sc_hd__xnor2_2)
     5    0.028170    0.599709    0.371806   18.529713 ^ _7080_/Y (sky130_fd_sc_hd__xnor2_2)
                                                         _2187_ (net)
                      0.599710    0.000867   18.530581 ^ fanout37/A (sky130_fd_sc_hd__clkbuf_4)
    21    0.061800    0.301559    0.653078   19.183659 ^ fanout37/X (sky130_fd_sc_hd__clkbuf_4)
                                                         net37 (net)
                      0.301594    0.003398   19.187056 ^ _7081_/B (sky130_fd_sc_hd__nor2_1)
     1    0.009289    0.128789    0.210742   19.397799 v _7081_/Y (sky130_fd_sc_hd__nor2_1)
                                                         _2188_ (net)
                      0.128789    0.000099   19.397898 v _7090_/A (sky130_fd_sc_hd__xnor2_2)
     2    0.016115    0.383063    0.423423   19.821320 ^ _7090_/Y (sky130_fd_sc_hd__xnor2_2)
                                                         _2197_ (net)
                      0.383189    0.000751   19.822071 ^ _7091_/B (sky130_fd_sc_hd__xnor2_1)
     2    0.006895    0.328981    0.351756   20.173828 ^ _7091_/Y (sky130_fd_sc_hd__xnor2_1)
                                                         _2198_ (net)
                      0.328981    0.000080   20.173908 ^ _7093_/B (sky130_fd_sc_hd__xnor2_1)
     2    0.007843    0.204111    0.271506   20.445414 v _7093_/Y (sky130_fd_sc_hd__xnor2_1)
                                                         _2200_ (net)
                      0.204111    0.000057   20.445471 v _7144_/A (sky130_fd_sc_hd__xnor2_1)
     2    0.012685    0.521239    0.546002   20.991472 ^ _7144_/Y (sky130_fd_sc_hd__xnor2_1)
                                                         _2255_ (net)
                      0.521239    0.000131   20.991604 ^ _7147_/A (sky130_fd_sc_hd__xor2_2)
     2    0.014779    0.336399    0.494776   21.486380 ^ _7147_/X (sky130_fd_sc_hd__xor2_2)
                                                         _2258_ (net)
                      0.336399    0.000156   21.486536 ^ _7402_/A2 (sky130_fd_sc_hd__a21oi_2)
     3    0.015615    0.161493    0.272165   21.758699 v _7402_/Y (sky130_fd_sc_hd__a21oi_2)
                                                         _2529_ (net)
                      0.161493    0.000121   21.758821 v _7480_/A2 (sky130_fd_sc_hd__a211o_1)
     1    0.003716    0.093922    0.583343   22.342165 v _7480_/X (sky130_fd_sc_hd__a211o_1)
                                                         _2612_ (net)
                      0.093922    0.000046   22.342211 v _7481_/B1 (sky130_fd_sc_hd__o21a_1)
     3    0.009555    0.124315    0.256817   22.599028 v _7481_/X (sky130_fd_sc_hd__o21a_1)
                                                         _2613_ (net)
                      0.124315    0.000151   22.599178 v _7483_/C (sky130_fd_sc_hd__and3_1)
     1    0.001613    0.061056    0.370378   22.969555 v _7483_/X (sky130_fd_sc_hd__and3_1)
                                                         _2615_ (net)
                      0.061056    0.000014   22.969570 v _7484_/B (sky130_fd_sc_hd__or2_1)
     2    0.010269    0.162445    0.536682   23.506252 v _7484_/X (sky130_fd_sc_hd__or2_1)
                                                         _2616_ (net)
                      0.162445    0.000103   23.506355 v _7573_/B (sky130_fd_sc_hd__xnor2_2)
     3    0.010485    0.175541    0.313751   23.820107 v _7573_/Y (sky130_fd_sc_hd__xnor2_2)
                                                         _2710_ (net)
                      0.175541    0.000076   23.820183 v _7737_/A2 (sky130_fd_sc_hd__a211o_1)
     3    0.013093    0.175183    0.685059   24.505241 v _7737_/X (sky130_fd_sc_hd__a211o_1)
                                                         _2874_ (net)
                      0.175183    0.000451   24.505692 v _8197_/A1 (sky130_fd_sc_hd__a31o_1)
     3    0.012594    0.144231    0.447784   24.953476 v _8197_/X (sky130_fd_sc_hd__a31o_1)
                                                         _3355_ (net)
                      0.144231    0.000345   24.953821 v _8199_/C (sky130_fd_sc_hd__and3_1)
     2    0.004710    0.087295    0.415648   25.369469 v _8199_/X (sky130_fd_sc_hd__and3_1)
                                                         _3357_ (net)
                      0.087295    0.000014   25.369484 v _8344_/B (sky130_fd_sc_hd__or2_1)
     1    0.004754    0.115228    0.488953   25.858437 v _8344_/X (sky130_fd_sc_hd__or2_1)
                                                         _3513_ (net)
                      0.115228    0.000043   25.858479 v _8345_/B (sky130_fd_sc_hd__xnor2_1)
     1    0.002415    0.087317    0.218344   26.076822 v _8345_/Y (sky130_fd_sc_hd__xnor2_1)
                                                         _3514_ (net)
                      0.087317    0.000016   26.076839 v _8346_/A1 (sky130_fd_sc_hd__mux2_1)
     1    0.002291    0.107651    0.647153   26.723993 v _8346_/X (sky130_fd_sc_hd__mux2_1)
                                                         _0072_ (net)
                      0.107651    0.000021   26.724014 v _8683_/D (sky130_fd_sc_hd__dfrtp_1)
                                             26.724014   data arrival time

                                 25.000000   25.000000   clock clk (rise edge)
                                  0.000000   25.000000   clock source latency
     2    0.044992    0.324743    0.225985   25.225985 ^ clk (in)
                                                         clk (net)
                      0.324750    0.000000   25.225985 ^ clkbuf_0_clk/A (sky130_fd_sc_hd__clkbuf_16)
    33    0.177276    0.286690    0.509944   25.735928 ^ clkbuf_0_clk/X (sky130_fd_sc_hd__clkbuf_16)
                                                         clknet_0_clk (net)
                      0.286770    0.004645   25.740574 ^ clkbuf_4_13_0_clk/A (sky130_fd_sc_hd__clkbuf_8)
     5    0.040030    0.130887    0.375096   26.115669 ^ clkbuf_4_13_0_clk/X (sky130_fd_sc_hd__clkbuf_8)
                                                         clknet_4_13_0_clk (net)
                      0.130887    0.000462   26.116131 ^ _8683_/CLK (sky130_fd_sc_hd__dfrtp_1)
                                 -0.250000   25.866131   clock uncertainty
                                  0.000000   25.866131   clock reconvergence pessimism
                                 -0.276023   25.590109   library setup time
                                             25.590109   data required time
---------------------------------------------------------------------------------------------
                                             25.590109   data required time
                                            -26.724014   data arrival time
---------------------------------------------------------------------------------------------
                                             -1.133905   slack (VIOLATED)




===========================================================================
 report_check_types -max_slew -max_cap -max_fanout -violators
============================================================================
======================= min_ss_100C_1v60 Corner ===================================

max slew

Pin                                        Limit        Slew       Slack
------------------------------------------------------------------------
ANTENNA__8463__Y/DIODE                  0.750000    0.946957   -0.196957 (VIOLATED)
ANTENNA__8464__C/DIODE                  0.750000    0.946957   -0.196957 (VIOLATED)
ANTENNA__8465__B1/DIODE                 0.750000    0.946957   -0.196957 (VIOLATED)
_8463_/Y                                0.750000    0.946957   -0.196957 (VIOLATED)
_8464_/C                                0.750000    0.946957   -0.196957 (VIOLATED)
_8465_/B1                               0.750000    0.946957   -0.196957 (VIOLATED)
ANTENNA__8192__Y/DIODE                  0.750000    0.896071   -0.146071 (VIOLATED)
ANTENNA__8193__C/DIODE                  0.750000    0.896071   -0.146071 (VIOLATED)
ANTENNA__8194__B1/DIODE                 0.750000    0.896071   -0.146071 (VIOLATED)
_8192_/Y                                0.750000    0.896071   -0.146071 (VIOLATED)
_8193_/C                                0.750000    0.896071   -0.146071 (VIOLATED)
_8194_/B1                               0.750000    0.896071   -0.146071 (VIOLATED)
_6977_/X                                0.750000    0.785659   -0.035659 (VIOLATED)
_6979_/A_N                              0.750000    0.785659   -0.035659 (VIOLATED)
_6980_/A                                0.750000    0.785659   -0.035659 (VIOLATED)
_5352_/A1_N                             0.750000    0.753813   -0.003813 (VIOLATED)
ANTENNA__5352__A1_N/DIODE               0.750000    0.753813   -0.003813 (VIOLATED)
ANTENNA__5490__A1_N/DIODE               0.750000    0.753812   -0.003812 (VIOLATED)
_5489_/A                                0.750000    0.753812   -0.003812 (VIOLATED)
_5490_/A1_N                             0.750000    0.753812   -0.003812 (VIOLATED)
ANTENNA__5489__A/DIODE                  0.750000    0.753812   -0.003812 (VIOLATED)
ANTENNA__7465__A/DIODE                  0.750000    0.753809   -0.003809 (VIOLATED)
_7465_/A                                0.750000    0.753809   -0.003809 (VIOLATED)
_7705_/A1                               0.750000    0.753808   -0.003808 (VIOLATED)
_7463_/A1                               0.750000    0.753806   -0.003806 (VIOLATED)
ANTENNA__7705__A1/DIODE                 0.750000    0.753805   -0.003805 (VIOLATED)
_5521_/A                                0.750000    0.753805   -0.003805 (VIOLATED)
ANTENNA__5521__A/DIODE                  0.750000    0.753805   -0.003805 (VIOLATED)
ANTENNA__5522__A1_N/DIODE               0.750000    0.753805   -0.003805 (VIOLATED)
_5522_/A1_N                             0.750000    0.753804   -0.003804 (VIOLATED)
ANTENNA__7463__A1/DIODE                 0.750000    0.753804   -0.003804 (VIOLATED)
ANTENNA__5525__A/DIODE                  0.750000    0.753804   -0.003804 (VIOLATED)
ANTENNA__4310__A/DIODE                  0.750000    0.753802   -0.003802 (VIOLATED)
_4310_/A                                0.750000    0.753801   -0.003801 (VIOLATED)
_5525_/A                                0.750000    0.753798   -0.003798 (VIOLATED)
ANTENNA__4309__Y/DIODE                  0.750000    0.753789   -0.003789 (VIOLATED)
_4309_/Y                                0.750000    0.753789   -0.003789 (VIOLATED)
ANTENNA__5090__A1/DIODE                 0.750000    0.750097   -0.000097 (VIOLATED)
_5090_/A1                               0.750000    0.750097   -0.000097 (VIOLATED)
ANTENNA__5182__A/DIODE                  0.750000    0.750096   -0.000096 (VIOLATED)
_5182_/A                                0.750000    0.750096   -0.000096 (VIOLATED)
_5482_/A                                0.750000    0.750094   -0.000094 (VIOLATED)
ANTENNA__5482__A/DIODE                  0.750000    0.750093   -0.000093 (VIOLATED)
ANTENNA__5483__A1_N/DIODE               0.750000    0.750093   -0.000093 (VIOLATED)
_5483_/A1_N                             0.750000    0.750092   -0.000092 (VIOLATED)
ANTENNA__7131__A/DIODE                  0.750000    0.750090   -0.000090 (VIOLATED)
_7131_/A                                0.750000    0.750090   -0.000090 (VIOLATED)
ANTENNA__8025__A/DIODE                  0.750000    0.750088   -0.000088 (VIOLATED)
_8025_/A                                0.750000    0.750088   -0.000088 (VIOLATED)
_7458_/A                                0.750000    0.750087   -0.000087 (VIOLATED)
ANTENNA__7458__A/DIODE                  0.750000    0.750087   -0.000087 (VIOLATED)
ANTENNA__4296__Y/DIODE                  0.750000    0.750086   -0.000086 (VIOLATED)
ANTENNA__4297__A/DIODE                  0.750000    0.750086   -0.000086 (VIOLATED)
_4296_/Y                                0.750000    0.750086   -0.000086 (VIOLATED)
_4297_/A                                0.750000    0.750086   -0.000086 (VIOLATED)

max fanout

Pin                                   Limit Fanout  Slack
---------------------------------------------------------
clkbuf_0_clk/X                           10     33    -23 (VIOLATED)
clkbuf_4_1_0_clk/X                       10     23    -13 (VIOLATED)
_4309_/Y                                 10     21    -11 (VIOLATED)
_4325_/Y                                 10     21    -11 (VIOLATED)
_6970_/Y                                 10     21    -11 (VIOLATED)
fanout100/X                              10     21    -11 (VIOLATED)
fanout101/X                              10     21    -11 (VIOLATED)
fanout103/X                              10     21    -11 (VIOLATED)
fanout104/X                              10     21    -11 (VIOLATED)
fanout105/X                              10     21    -11 (VIOLATED)
fanout107/X                              10     21    -11 (VIOLATED)
fanout109/X                              10     21    -11 (VIOLATED)
fanout110/X                              10     21    -11 (VIOLATED)
fanout111/X                              10     21    -11 (VIOLATED)
fanout114/X                              10     21    -11 (VIOLATED)
fanout115/X                              10     21    -11 (VIOLATED)
fanout117/X                              10     21    -11 (VIOLATED)
fanout122/X                              10     21    -11 (VIOLATED)
fanout123/X                              10     21    -11 (VIOLATED)
fanout125/X                              10     21    -11 (VIOLATED)
fanout127/X                              10     21    -11 (VIOLATED)
fanout128/X                              10     21    -11 (VIOLATED)
fanout129/X                              10     21    -11 (VIOLATED)
fanout136/X                              10     21    -11 (VIOLATED)
fanout139/X                              10     21    -11 (VIOLATED)
fanout141/X                              10     21    -11 (VIOLATED)
fanout149/X                              10     21    -11 (VIOLATED)
fanout152/X                              10     21    -11 (VIOLATED)
fanout153/X                              10     21    -11 (VIOLATED)
fanout160/X                              10     21    -11 (VIOLATED)
fanout172/X                              10     21    -11 (VIOLATED)
fanout173/X                              10     21    -11 (VIOLATED)
fanout176/X                              10     21    -11 (VIOLATED)
fanout177/X                              10     21    -11 (VIOLATED)
fanout183/X                              10     21    -11 (VIOLATED)
fanout188/X                              10     21    -11 (VIOLATED)
fanout194/X                              10     21    -11 (VIOLATED)
fanout195/X                              10     21    -11 (VIOLATED)
fanout198/X                              10     21    -11 (VIOLATED)
fanout200/X                              10     21    -11 (VIOLATED)
fanout202/X                              10     21    -11 (VIOLATED)
fanout204/X                              10     21    -11 (VIOLATED)
fanout210/X                              10     21    -11 (VIOLATED)
fanout212/X                              10     21    -11 (VIOLATED)
fanout214/X                              10     21    -11 (VIOLATED)
fanout216/X                              10     21    -11 (VIOLATED)
fanout218/X                              10     21    -11 (VIOLATED)
fanout220/X                              10     21    -11 (VIOLATED)
fanout222/X                              10     21    -11 (VIOLATED)
fanout224/X                              10     21    -11 (VIOLATED)
fanout226/X                              10     21    -11 (VIOLATED)
fanout228/X                              10     21    -11 (VIOLATED)
fanout232/X                              10     21    -11 (VIOLATED)
fanout237/X                              10     21    -11 (VIOLATED)
fanout238/X                              10     21    -11 (VIOLATED)
fanout241/X                              10     21    -11 (VIOLATED)
fanout245/X                              10     21    -11 (VIOLATED)
fanout249/X                              10     21    -11 (VIOLATED)
fanout256/X                              10     21    -11 (VIOLATED)
fanout259/X                              10     21    -11 (VIOLATED)
fanout265/X                              10     21    -11 (VIOLATED)
fanout270/X                              10     21    -11 (VIOLATED)
fanout272/X                              10     21    -11 (VIOLATED)
fanout275/X                              10     21    -11 (VIOLATED)
fanout279/X                              10     21    -11 (VIOLATED)
fanout282/X                              10     21    -11 (VIOLATED)
fanout290/X                              10     21    -11 (VIOLATED)
fanout293/X                              10     21    -11 (VIOLATED)
fanout295/X                              10     21    -11 (VIOLATED)
fanout297/X                              10     21    -11 (VIOLATED)
fanout298/X                              10     21    -11 (VIOLATED)
fanout300/X                              10     21    -11 (VIOLATED)
fanout302/X                              10     21    -11 (VIOLATED)
fanout303/X                              10     21    -11 (VIOLATED)
fanout310/X                              10     21    -11 (VIOLATED)
fanout314/X                              10     21    -11 (VIOLATED)
fanout323/X                              10     21    -11 (VIOLATED)
fanout327/X                              10     21    -11 (VIOLATED)
fanout331/X                              10     21    -11 (VIOLATED)
fanout341/X                              10     21    -11 (VIOLATED)
fanout348/X                              10     21    -11 (VIOLATED)
fanout351/X                              10     21    -11 (VIOLATED)
fanout352/X                              10     21    -11 (VIOLATED)
fanout354/X                              10     21    -11 (VIOLATED)
fanout355/X                              10     21    -11 (VIOLATED)
fanout37/X                               10     21    -11 (VIOLATED)
fanout39/X                               10     21    -11 (VIOLATED)
fanout40/X                               10     21    -11 (VIOLATED)
fanout42/X                               10     21    -11 (VIOLATED)
fanout48/X                               10     21    -11 (VIOLATED)
fanout49/X                               10     21    -11 (VIOLATED)
fanout50/X                               10     21    -11 (VIOLATED)
fanout51/X                               10     21    -11 (VIOLATED)
fanout52/X                               10     21    -11 (VIOLATED)
fanout53/X                               10     21    -11 (VIOLATED)
fanout54/X                               10     21    -11 (VIOLATED)
fanout55/X                               10     21    -11 (VIOLATED)
fanout56/X                               10     21    -11 (VIOLATED)
fanout57/X                               10     21    -11 (VIOLATED)
fanout61/X                               10     21    -11 (VIOLATED)
fanout71/X                               10     21    -11 (VIOLATED)
fanout73/X                               10     21    -11 (VIOLATED)
fanout75/X                               10     21    -11 (VIOLATED)
fanout77/X                               10     21    -11 (VIOLATED)
fanout79/X                               10     21    -11 (VIOLATED)
fanout80/X                               10     21    -11 (VIOLATED)
fanout81/X                               10     21    -11 (VIOLATED)
fanout82/X                               10     21    -11 (VIOLATED)
fanout83/X                               10     21    -11 (VIOLATED)
fanout84/X                               10     21    -11 (VIOLATED)
fanout86/X                               10     21    -11 (VIOLATED)
fanout92/X                               10     21    -11 (VIOLATED)
fanout93/X                               10     21    -11 (VIOLATED)
fanout95/X                               10     21    -11 (VIOLATED)
fanout96/X                               10     21    -11 (VIOLATED)
fanout98/X                               10     21    -11 (VIOLATED)
fanout99/X                               10     21    -11 (VIOLATED)
_4283_/Y                                 10     19     -9 (VIOLATED)
_4293_/Y                                 10     19     -9 (VIOLATED)
_4307_/Y                                 10     19     -9 (VIOLATED)
_4318_/Y                                 10     19     -9 (VIOLATED)
_4319_/Y                                 10     19     -9 (VIOLATED)
_4321_/Y                                 10     19     -9 (VIOLATED)
fanout154/X                              10     19     -9 (VIOLATED)
fanout168/X                              10     19     -9 (VIOLATED)
fanout175/X                              10     19     -9 (VIOLATED)
fanout203/X                              10     19     -9 (VIOLATED)
fanout223/X                              10     19     -9 (VIOLATED)
fanout227/X                              10     19     -9 (VIOLATED)
fanout230/X                              10     19     -9 (VIOLATED)
fanout248/X                              10     19     -9 (VIOLATED)
fanout252/X                              10     19     -9 (VIOLATED)
fanout262/X                              10     19     -9 (VIOLATED)
fanout268/X                              10     19     -9 (VIOLATED)
fanout320/X                              10     19     -9 (VIOLATED)
fanout335/X                              10     19     -9 (VIOLATED)
fanout64/X                               10     19     -9 (VIOLATED)
_4296_/Y                                 10     17     -7 (VIOLATED)
fanout178/X                              10     17     -7 (VIOLATED)
fanout261/X                              10     17     -7 (VIOLATED)
fanout264/X                              10     17     -7 (VIOLATED)
fanout269/X                              10     17     -7 (VIOLATED)
fanout276/X                              10     17     -7 (VIOLATED)
fanout316/X                              10     17     -7 (VIOLATED)
fanout326/X                              10     17     -7 (VIOLATED)
fanout342/X                              10     17     -7 (VIOLATED)
fanout356/X                              10     17     -7 (VIOLATED)
fanout97/X                               10     17     -7 (VIOLATED)
input9/X                                 10     17     -7 (VIOLATED)
_6683_/Y                                 10     15     -5 (VIOLATED)
_6968_/X                                 10     15     -5 (VIOLATED)
clkbuf_4_15_0_clk/X                      10     15     -5 (VIOLATED)
fanout131/X                              10     15     -5 (VIOLATED)
fanout132/X                              10     15     -5 (VIOLATED)
fanout134/X                              10     15     -5 (VIOLATED)
fanout135/X                              10     15     -5 (VIOLATED)
fanout138/X                              10     15     -5 (VIOLATED)
fanout165/X                              10     15     -5 (VIOLATED)
fanout182/X                              10     15     -5 (VIOLATED)
fanout184/X                              10     15     -5 (VIOLATED)
fanout209/X                              10     15     -5 (VIOLATED)
fanout213/X                              10     15     -5 (VIOLATED)
fanout217/X                              10     15     -5 (VIOLATED)
fanout219/X                              10     15     -5 (VIOLATED)
fanout231/X                              10     15     -5 (VIOLATED)
fanout244/X                              10     15     -5 (VIOLATED)
fanout271/X                              10     15     -5 (VIOLATED)
fanout285/X                              10     15     -5 (VIOLATED)
fanout296/X                              10     15     -5 (VIOLATED)
fanout301/X                              10     15     -5 (VIOLATED)
fanout306/X                              10     15     -5 (VIOLATED)
fanout318/X                              10     15     -5 (VIOLATED)
fanout329/X                              10     15     -5 (VIOLATED)
fanout78/X                               10     15     -5 (VIOLATED)
_6109_/Y                                 10     13     -3 (VIOLATED)
clkbuf_4_10_0_clk/X                      10     13     -3 (VIOLATED)
clkbuf_4_2_0_clk/X                       10     13     -3 (VIOLATED)
clkbuf_4_5_0_clk/X                       10     13     -3 (VIOLATED)
fanout120/X                              10     13     -3 (VIOLATED)
fanout169/X                              10     13     -3 (VIOLATED)
fanout221/X                              10     13     -3 (VIOLATED)
fanout240/X                              10     13     -3 (VIOLATED)
fanout246/X                              10     13     -3 (VIOLATED)
fanout274/X                              10     13     -3 (VIOLATED)
fanout281/X                              10     13     -3 (VIOLATED)
fanout283/X                              10     13     -3 (VIOLATED)
fanout304/X                              10     13     -3 (VIOLATED)
fanout309/X                              10     13     -3 (VIOLATED)
fanout313/X                              10     13     -3 (VIOLATED)
fanout353/X                              10     13     -3 (VIOLATED)
fanout47/X                               10     13     -3 (VIOLATED)
input11/X                                10     13     -3 (VIOLATED)
input12/X                                10     13     -3 (VIOLATED)
input13/X                                10     13     -3 (VIOLATED)
input14/X                                10     13     -3 (VIOLATED)
input15/X                                10     13     -3 (VIOLATED)
input16/X                                10     13     -3 (VIOLATED)
input17/X                                10     13     -3 (VIOLATED)
input18/X                                10     13     -3 (VIOLATED)
input2/X                                 10     13     -3 (VIOLATED)
input3/X                                 10     13     -3 (VIOLATED)
input4/X                                 10     13     -3 (VIOLATED)
input5/X                                 10     13     -3 (VIOLATED)
input6/X                                 10     13     -3 (VIOLATED)
input7/X                                 10     13     -3 (VIOLATED)
input8/X                                 10     13     -3 (VIOLATED)
_4304_/Y                                 10     11        (VIOLATED)
_4354_/X                                 10     11        (VIOLATED)
_4519_/Y                                 10     11        (VIOLATED)
_4747_/Y                                 10     11        (VIOLATED)
clkbuf_4_0_0_clk/X                       10     11        (VIOLATED)
clkbuf_4_8_0_clk/X                       10     11        (VIOLATED)
fanout121/X                              10     11        (VIOLATED)
fanout150/X                              10     11        (VIOLATED)
fanout197/X                              10     11        (VIOLATED)
fanout211/X                              10     11        (VIOLATED)
fanout215/X                              10     11        (VIOLATED)
fanout242/X                              10     11        (VIOLATED)
fanout286/X                              10     11        (VIOLATED)
fanout299/X                              10     11        (VIOLATED)
fanout311/X                              10     11        (VIOLATED)
fanout322/X                              10     11        (VIOLATED)
fanout324/X                              10     11        (VIOLATED)
fanout333/X                              10     11        (VIOLATED)
fanout340/X                              10     11        (VIOLATED)
fanout345/X                              10     11        (VIOLATED)
fanout87/X                               10     11        (VIOLATED)
fanout94/X                               10     11        (VIOLATED)



===========================================================================
report_parasitic_annotation -report_unannotated
============================================================================
Found 84 unannotated drivers.
 en
 gpio_in[18]
 gpio_in[19]
 gpio_in[20]
 gpio_in[21]
 gpio_in[22]
 gpio_in[23]
 gpio_in[24]
 gpio_in[25]
 gpio_in[26]
 gpio_in[27]
 gpio_in[28]
 gpio_in[29]
 gpio_in[30]
 gpio_in[31]
 gpio_in[32]
 gpio_in[33]
 clkload0/Y
 clkload1/Y
 clkload10/Y
 clkload11/Y
 clkload12/Y
 clkload13/Y
 clkload14/Y
 clkload2/X
 clkload3/Y
 clkload4/Y
 clkload5/Y
 clkload6/Y
 clkload7/Y
 clkload8/Y
 clkload9/Y
 team_03_357/HI
 team_03_358/HI
 team_03_359/HI
 team_03_360/HI
 team_03_361/HI
 team_03_362/HI
 team_03_363/HI
 team_03_364/HI
 team_03_365/HI
 team_03_366/HI
 team_03_367/HI
 team_03_368/HI
 team_03_369/HI
 team_03_370/HI
 team_03_371/HI
 team_03_372/HI
 team_03_373/HI
 team_03_374/HI
 team_03_375/HI
 team_03_376/HI
 team_03_377/HI
 team_03_378/HI
 team_03_379/HI
 team_03_380/HI
 team_03_381/HI
 team_03_382/HI
 team_03_383/HI
 team_03_384/HI
 team_03_385/HI
 team_03_386/HI
 team_03_387/HI
 team_03_388/HI
 team_03_389/HI
 team_03_390/HI
 team_03_391/HI
 team_03_392/HI
 team_03_393/LO
 team_03_394/LO
 team_03_395/LO
 team_03_396/LO
 team_03_397/LO
 team_03_398/LO
 team_03_399/LO
 team_03_400/LO
 team_03_401/LO
 team_03_402/LO
 team_03_403/LO
 team_03_404/LO
 team_03_405/LO
 team_03_406/LO
 team_03_407/LO
 team_03_408/LO
Found 0 partially unannotated drivers.

===========================================================================
max slew violation count 55
max fanout violation count 228
max cap violation count 0
============================================================================

===========================================================================
check_setup -verbose -unconstrained_endpoints -multiple_clock -no_clock -no_input_delay -loops -generated_clocks
===========================================================================
Warning: There are 52 unconstrained endpoints.
  gpio_oeb[0]
  gpio_oeb[10]
  gpio_oeb[11]
  gpio_oeb[12]
  gpio_oeb[13]
  gpio_oeb[14]
  gpio_oeb[15]
  gpio_oeb[16]
  gpio_oeb[17]
  gpio_oeb[18]
  gpio_oeb[19]
  gpio_oeb[1]
  gpio_oeb[20]
  gpio_oeb[21]
  gpio_oeb[22]
  gpio_oeb[23]
  gpio_oeb[24]
  gpio_oeb[25]
  gpio_oeb[26]
  gpio_oeb[27]
  gpio_oeb[28]
  gpio_oeb[29]
  gpio_oeb[2]
  gpio_oeb[30]
  gpio_oeb[31]
  gpio_oeb[32]
  gpio_oeb[33]
  gpio_oeb[3]
  gpio_oeb[4]
  gpio_oeb[5]
  gpio_oeb[6]
  gpio_oeb[7]
  gpio_oeb[8]
  gpio_oeb[9]
  gpio_out[0]
  gpio_out[10]
  gpio_out[11]
  gpio_out[12]
  gpio_out[13]
  gpio_out[14]
  gpio_out[15]
  gpio_out[16]
  gpio_out[17]
  gpio_out[1]
  gpio_out[2]
  gpio_out[3]
  gpio_out[4]
  gpio_out[5]
  gpio_out[6]
  gpio_out[7]
  gpio_out[8]
  gpio_out[9]
