Clock: clk
Sources: clk 
Generated: no
Virtual: yes
Propagated: no
Period: 25.000000

===========================================================================
report_clock_properties
============================================================================
Clock                   Period          Waveform
----------------------------------------------------
clk                  25.000000    0.000000 12.500000

===========================================================================
report_clock_latency
============================================================================
Clock clk
rise -> rise
    min     max
0.000000 0.000000 source latency
1.098930         network latency _8646_/CLK
        1.151410 network latency _8619_/CLK
---------------
1.098930 1.151410 latency
        0.052480 skew

fall -> fall
    min     max
0.000000 0.000000 source latency
0.917534         network latency _8646_/CLK
        0.956719 network latency _8619_/CLK
---------------
0.917534 0.956719 latency
        0.039186 skew



===========================================================================
report_clock_min_period
============================================================================
clk period_min = 25.06 fmax = 39.90
