Clock: clk
Sources: clk 
Generated: no
Virtual: yes
Propagated: no
Period: 25.000000

===========================================================================
report_clock_properties
============================================================================
Clock                   Period          Waveform
----------------------------------------------------
clk                  25.000000    0.000000 12.500000

===========================================================================
report_clock_latency
============================================================================
Clock clk
rise -> rise
    min     max
0.000000 0.000000 source latency
1.117501         network latency _25279_/CLK
        1.157063 network latency _24104_/CLK
---------------
1.117501 1.157063 latency
        0.039561 skew

fall -> fall
    min     max
0.000000 0.000000 source latency
0.931657         network latency _25279_/CLK
        0.959155 network latency _24688_/CLK
---------------
0.931657 0.959155 latency
        0.027497 skew



===========================================================================
report_clock_min_period
============================================================================
clk period_min = 1.09 fmax = 915.34
