Clock: clk
Sources: clk 
Generated: no
Virtual: yes
Propagated: no
Period: 25.000000

===========================================================================
report_clock_properties
============================================================================
Clock                   Period          Waveform
----------------------------------------------------
clk                  25.000000    0.000000 12.500000

===========================================================================
report_clock_latency
============================================================================
Clock clk
rise -> rise
    min     max
0.000000 0.000000 source latency
1.284533         network latency _25456_/CLK
        1.511247 network latency _25606_/CLK
---------------
1.284533 1.511247 latency
        0.226714 skew

fall -> fall
    min     max
0.000000 0.000000 source latency
1.058090         network latency _25456_/CLK
        1.336090 network latency _25606_/CLK
---------------
1.058090 1.336090 latency
        0.278001 skew



===========================================================================
report_clock_min_period
============================================================================
clk period_min = 1.11 fmax = 900.02
