Clock: clk
Sources: clk 
Generated: no
Virtual: yes
Propagated: no
Period: 1000.000000

===========================================================================
report_clock_properties
============================================================================
Clock                   Period          Waveform
----------------------------------------------------
clk                 1000.000000    0.000000500.000000

===========================================================================
report_clock_latency
============================================================================
Clock clk
rise -> rise
    min     max
0.000000 0.000000 source latency
200.809448         network latency _11289_/CLK
        201.969482 network latency _10744_/CLK
---------------
200.809448 201.969482 latency
        1.160032 skew

rise -> fall
    min     max
0.000000 0.000000 source latency
200.688644         network latency _11289_/CLK
        201.924698 network latency _10744_/CLK
---------------
200.688644 201.924698 latency
        1.236046 skew



===========================================================================
report_clock_min_period
============================================================================
clk period_min = 0.00 fmax = inf
