Clock: clk
Sources: clk 
Generated: no
Virtual: yes
Propagated: no
Period: 25.000000

===========================================================================
report_clock_properties
============================================================================
Clock                   Period          Waveform
----------------------------------------------------
clk                  25.000000    0.000000 12.500000

===========================================================================
report_clock_latency
============================================================================
Clock clk
rise -> rise
    min     max
0.000000 0.000000 source latency
1.142886         network latency _25456_/CLK
        1.260992 network latency _22808_/CLK
---------------
1.142886 1.260992 latency
        0.118106 skew

fall -> fall
    min     max
0.000000 0.000000 source latency
0.915065         network latency _25456_/CLK
        1.033564 network latency _22808_/CLK
---------------
0.915065 1.033564 latency
        0.118499 skew



===========================================================================
report_clock_min_period
============================================================================
clk period_min = 1.10 fmax = 905.78
