Clock: clk
Sources: clk 
Generated: no
Virtual: yes
Propagated: no
Period: 25.000000

===========================================================================
report_clock_properties
============================================================================
Clock                   Period          Waveform
----------------------------------------------------
clk                  25.000000    0.000000 12.500000

===========================================================================
report_clock_latency
============================================================================
Clock clk
rise -> rise
    min     max
0.000000 0.000000 source latency
0.715292         network latency _436_/CLK
        1.393489 network latency _479_/CLK
---------------
0.715292 1.393489 latency
        0.678198 skew

rise -> fall
    min     max
0.000000 0.000000 source latency
1.483362         network latency _478_/CLK
        1.483381 network latency _479_/CLK
---------------
1.483362 1.483381 latency
        0.000019 skew

fall -> fall
    min     max
0.000000 0.000000 source latency
0.667225         network latency _436_/CLK
        0.677307 network latency _467_/CLK
---------------
0.667225 0.677307 latency
        0.010082 skew



===========================================================================
report_clock_min_period
============================================================================
clk period_min = 6.01 fmax = 166.48
