Clock: clk
Sources: clk 
Generated: no
Virtual: yes
Propagated: no
Period: 1000.000000

===========================================================================
report_clock_properties
============================================================================
Clock                   Period          Waveform
----------------------------------------------------
clk                 1000.000000    0.000000500.000000

===========================================================================
report_clock_latency
============================================================================
Clock clk
rise -> rise
    min     max
0.000000 0.000000 source latency
201.502472         network latency _11073_/CLK
        203.635742 network latency _10744_/CLK
---------------
201.502472 203.635742 latency
        2.133277 skew

rise -> fall
    min     max
0.000000 0.000000 source latency
201.300018         network latency _11289_/CLK
        203.572952 network latency _10744_/CLK
---------------
201.300018 203.572952 latency
        2.272941 skew



===========================================================================
report_clock_min_period
============================================================================
clk period_min = 0.00 fmax = inf
