
===========================================================================
report_checks -unconstrained
===========================================================================
======================= min_ff_n40C_1v95 Corner ===================================

Startpoint: nrst (input port clocked by clk)
Endpoint: _1634_ (recovery check against rising-edge clock clk)
Path Group: asynchronous
Path Type: max

Fanout         Cap        Slew       Delay        Time   Description
---------------------------------------------------------------------------------------------
                                  0.000000    0.000000   clock clk (rise edge)
                                  0.000000    0.000000   clock network delay (propagated)
                                  5.000000    5.000000 ^ input external delay
     2    0.003866    0.017742    0.010018    5.010018 ^ nrst (in)
                                                         nrst (net)
                      0.017742    0.000000    5.010018 ^ input5/A (sky130_fd_sc_hd__buf_1)
     7    0.025176    0.222164    0.179228    5.189246 ^ input5/X (sky130_fd_sc_hd__buf_1)
                                                         net5 (net)
                      0.222166    0.000519    5.189764 ^ fanout49/A (sky130_fd_sc_hd__clkbuf_4)
    21    0.073797    0.170103    0.227985    5.417749 ^ fanout49/X (sky130_fd_sc_hd__clkbuf_4)
                                                         net49 (net)
                      0.170169    0.000701    5.418450 ^ fanout48/A (sky130_fd_sc_hd__clkbuf_4)
    10    0.046725    0.111765    0.178765    5.597215 ^ fanout48/X (sky130_fd_sc_hd__clkbuf_4)
                                                         net48 (net)
                      0.111772    0.000991    5.598206 ^ _1634_/RESET_B (sky130_fd_sc_hd__dfrtp_4)
                                              5.598206   data arrival time

                                 25.000000   25.000000   clock clk (rise edge)
                                  0.000000   25.000000   clock source latency
     2    0.018021    0.065106    0.044226   25.044226 ^ clk (in)
                                                         clk (net)
                      0.065107    0.000000   25.044226 ^ clkbuf_0_clk/A (sky130_fd_sc_hd__clkbuf_16)
    17    0.097916    0.087597    0.136342   25.180567 ^ clkbuf_0_clk/X (sky130_fd_sc_hd__clkbuf_16)
                                                         clknet_0_clk (net)
                      0.088145    0.005535   25.186102 ^ clkbuf_3_2__f_clk/A (sky130_fd_sc_hd__clkbuf_16)
    12    0.037917    0.044072    0.111433   25.297535 ^ clkbuf_3_2__f_clk/X (sky130_fd_sc_hd__clkbuf_16)
                                                         clknet_3_2__leaf_clk (net)
                      0.044104    0.000769   25.298306 ^ _1634_/CLK (sky130_fd_sc_hd__dfrtp_4)
                                 -0.250000   25.048306   clock uncertainty
                                  0.000000   25.048306   clock reconvergence pessimism
                                  0.107728   25.156033   library recovery time
                                             25.156033   data required time
---------------------------------------------------------------------------------------------
                                             25.156033   data required time
                                             -5.598206   data arrival time
---------------------------------------------------------------------------------------------
                                             19.557827   slack (MET)


Startpoint: _1628_ (rising edge-triggered flip-flop clocked by clk)
Endpoint: _1624_ (rising edge-triggered flip-flop clocked by clk)
Path Group: clk
Path Type: max

Fanout         Cap        Slew       Delay        Time   Description
---------------------------------------------------------------------------------------------
                                  0.000000    0.000000   clock clk (rise edge)
                                  0.000000    0.000000   clock source latency
     2    0.018021    0.065106    0.044226    0.044226 ^ clk (in)
                                                         clk (net)
                      0.065107    0.000000    0.044226 ^ clkbuf_0_clk/A (sky130_fd_sc_hd__clkbuf_16)
    17    0.097916    0.087597    0.136342    0.180568 ^ clkbuf_0_clk/X (sky130_fd_sc_hd__clkbuf_16)
                                                         clknet_0_clk (net)
                      0.088132    0.005470    0.186038 ^ clkbuf_3_3__f_clk/A (sky130_fd_sc_hd__clkbuf_16)
    12    0.037168    0.043636    0.111179    0.297217 ^ clkbuf_3_3__f_clk/X (sky130_fd_sc_hd__clkbuf_16)
                                                         clknet_3_3__leaf_clk (net)
                      0.043636    0.000178    0.297395 ^ _1628_/CLK (sky130_fd_sc_hd__dfrtp_1)
     2    0.009618    0.050438    0.250210    0.547605 v _1628_/Q (sky130_fd_sc_hd__dfrtp_1)
                                                         STOPWATCH_INST.clock_div.cycles[21] (net)
                      0.050438    0.000111    0.547716 v fanout39/A (sky130_fd_sc_hd__buf_6)
     9    0.025725    0.027644    0.094514    0.642230 v fanout39/X (sky130_fd_sc_hd__buf_6)
                                                         net39 (net)
                      0.027656    0.000472    0.642702 v _0922_/B (sky130_fd_sc_hd__or4bb_4)
     3    0.009268    0.064698    0.313236    0.955938 v _0922_/X (sky130_fd_sc_hd__or4bb_4)
                                                         _0166_ (net)
                      0.064698    0.000068    0.956006 v _0955_/B1_N (sky130_fd_sc_hd__o21bai_4)
     2    0.007871    0.032804    0.110441    1.066447 v _0955_/Y (sky130_fd_sc_hd__o21bai_4)
                                                         _0192_ (net)
                      0.032805    0.000081    1.066528 v _0957_/A2 (sky130_fd_sc_hd__a21o_4)
     7    0.036434    0.052008    0.166445    1.232973 v _0957_/X (sky130_fd_sc_hd__a21o_4)
                                                         _0194_ (net)
                      0.052015    0.000623    1.233595 v _0960_/A2 (sky130_fd_sc_hd__a21oi_2)
     3    0.014045    0.140531    0.152794    1.386389 ^ _0960_/Y (sky130_fd_sc_hd__a21oi_2)
                                                         _0197_ (net)
                      0.140531    0.000066    1.386455 ^ _0973_/B (sky130_fd_sc_hd__nor3_1)
     3    0.014863    0.071860    0.080957    1.467412 v _0973_/Y (sky130_fd_sc_hd__nor3_1)
                                                         _0210_ (net)
                      0.071860    0.000122    1.467534 v _0977_/A1 (sky130_fd_sc_hd__o31a_1)
     3    0.011197    0.059102    0.222624    1.690158 v _0977_/X (sky130_fd_sc_hd__o31a_1)
                                                         _0214_ (net)
                      0.059102    0.000140    1.690299 v _0987_/A1 (sky130_fd_sc_hd__o2111a_1)
     3    0.010672    0.055224    0.192447    1.882745 v _0987_/X (sky130_fd_sc_hd__o2111a_1)
                                                         _0224_ (net)
                      0.055224    0.000079    1.882825 v _1008_/B (sky130_fd_sc_hd__or3_4)
     5    0.020356    0.064141    0.252268    2.135093 v _1008_/X (sky130_fd_sc_hd__or3_4)
                                                         _0245_ (net)
                      0.064141    0.000143    2.135236 v _1011_/A (sky130_fd_sc_hd__and2_4)
     5    0.020162    0.036194    0.117423    2.252659 v _1011_/X (sky130_fd_sc_hd__and2_4)
                                                         _0248_ (net)
                      0.036207    0.000625    2.253284 v rebuffer33/A (sky130_fd_sc_hd__buf_6)
     1    0.016208    0.022476    0.081818    2.335102 v rebuffer33/X (sky130_fd_sc_hd__buf_6)
                                                         net141 (net)
                      0.022476    0.000142    2.335244 v _1016_/A (sky130_fd_sc_hd__xnor2_4)
     2    0.007319    0.095591    0.109135    2.444379 ^ _1016_/Y (sky130_fd_sc_hd__xnor2_4)
                                                         _0253_ (net)
                      0.095591    0.000062    2.444441 ^ _1040_/A2 (sky130_fd_sc_hd__o211a_4)
     4    0.023811    0.065569    0.128900    2.573341 ^ _1040_/X (sky130_fd_sc_hd__o211a_4)
                                                         _0277_ (net)
                      0.065572    0.000569    2.573910 ^ _1047_/B (sky130_fd_sc_hd__nand4_4)
     2    0.007650    0.070490    0.056916    2.630826 v _1047_/Y (sky130_fd_sc_hd__nand4_4)
                                                         _0284_ (net)
                      0.070490    0.000106    2.630932 v _1056_/A2 (sky130_fd_sc_hd__a311o_1)
     2    0.006557    0.052543    0.218625    2.849557 v _1056_/X (sky130_fd_sc_hd__a311o_1)
                                                         _0293_ (net)
                      0.052543    0.000054    2.849611 v _1066_/A2 (sky130_fd_sc_hd__a21bo_1)
     2    0.015296    0.060480    0.164145    3.013757 v _1066_/X (sky130_fd_sc_hd__a21bo_1)
                                                         _0303_ (net)
                      0.060483    0.000457    3.014213 v fanout25/A (sky130_fd_sc_hd__buf_6)
     5    0.020522    0.025372    0.095487    3.109700 v fanout25/X (sky130_fd_sc_hd__buf_6)
                                                         net25 (net)
                      0.025375    0.000277    3.109978 v _1096_/A2 (sky130_fd_sc_hd__a211o_1)
     1    0.008659    0.053457    0.199389    3.309367 v _1096_/X (sky130_fd_sc_hd__a211o_1)
                                                         _0333_ (net)
                      0.053457    0.000096    3.309463 v _1097_/B (sky130_fd_sc_hd__xor2_2)
     5    0.018351    0.089705    0.121569    3.431031 v _1097_/X (sky130_fd_sc_hd__xor2_2)
                                                         _0334_ (net)
                      0.089707    0.000338    3.431369 v _1114_/A_N (sky130_fd_sc_hd__nand4b_4)
     1    0.002658    0.063236    0.122631    3.554000 v _1114_/Y (sky130_fd_sc_hd__nand4b_4)
                                                         _0351_ (net)
                      0.063236    0.000024    3.554024 v _1115_/A1 (sky130_fd_sc_hd__o41a_1)
     3    0.011653    0.072970    0.298179    3.852204 v _1115_/X (sky130_fd_sc_hd__o41a_1)
                                                         _0352_ (net)
                      0.072970    0.000099    3.852303 v _1126_/A2 (sky130_fd_sc_hd__a21o_1)
     4    0.010109    0.045389    0.148860    4.001162 v _1126_/X (sky130_fd_sc_hd__a21o_1)
                                                         _0363_ (net)
                      0.045389    0.000086    4.001248 v _1133_/A (sky130_fd_sc_hd__and4_1)
     2    0.005654    0.036786    0.104966    4.106214 v _1133_/X (sky130_fd_sc_hd__and4_1)
                                                         _0370_ (net)
                      0.036786    0.000079    4.106293 v _1135_/B (sky130_fd_sc_hd__or3_4)
     4    0.012461    0.054581    0.232712    4.339005 v _1135_/X (sky130_fd_sc_hd__or3_4)
                                                         _0372_ (net)
                      0.054581    0.000204    4.339208 v _1150_/A1 (sky130_fd_sc_hd__a31o_4)
     4    0.011028    0.033236    0.153056    4.492264 v _1150_/X (sky130_fd_sc_hd__a31o_4)
                                                         _0387_ (net)
                      0.033236    0.000130    4.492394 v _1160_/A2 (sky130_fd_sc_hd__a21o_1)
     4    0.013995    0.055340    0.144696    4.637090 v _1160_/X (sky130_fd_sc_hd__a21o_1)
                                                         _0397_ (net)
                      0.055340    0.000159    4.637249 v _1173_/A2 (sky130_fd_sc_hd__a2111o_1)
     3    0.007029    0.056037    0.270711    4.907959 v _1173_/X (sky130_fd_sc_hd__a2111o_1)
                                                         _0410_ (net)
                      0.056037    0.000060    4.908020 v _1180_/A1 (sky130_fd_sc_hd__a311o_1)
     3    0.014584    0.077343    0.209968    5.117988 v _1180_/X (sky130_fd_sc_hd__a311o_1)
                                                         _0417_ (net)
                      0.077343    0.000068    5.118055 v fanout23/A (sky130_fd_sc_hd__buf_6)
     6    0.032104    0.031100    0.109231    5.227286 v fanout23/X (sky130_fd_sc_hd__buf_6)
                                                         net23 (net)
                      0.031100    0.000098    5.227385 v fanout22/A (sky130_fd_sc_hd__buf_8)
     5    0.018631    0.022441    0.080458    5.307842 v fanout22/X (sky130_fd_sc_hd__buf_8)
                                                         net22 (net)
                      0.022447    0.000236    5.308079 v _1188_/B (sky130_fd_sc_hd__and3_1)
     3    0.010245    0.048336    0.122546    5.430624 v _1188_/X (sky130_fd_sc_hd__and3_1)
                                                         _0425_ (net)
                      0.048336    0.000067    5.430691 v _1197_/A (sky130_fd_sc_hd__or3b_4)
     2    0.005818    0.048718    0.244054    5.674745 v _1197_/X (sky130_fd_sc_hd__or3b_4)
                                                         _0434_ (net)
                      0.048718    0.000063    5.674809 v _1208_/C (sky130_fd_sc_hd__or4b_4)
     2    0.004751    0.058297    0.287761    5.962570 v _1208_/X (sky130_fd_sc_hd__or4b_4)
                                                         _0445_ (net)
                      0.058297    0.000048    5.962618 v _1234_/A (sky130_fd_sc_hd__or4b_4)
     2    0.006525    0.061032    0.329991    6.292609 v _1234_/X (sky130_fd_sc_hd__or4b_4)
                                                         _0471_ (net)
                      0.061032    0.000046    6.292655 v _1240_/A1 (sky130_fd_sc_hd__a32o_2)
     4    0.023775    0.058476    0.166739    6.459394 v _1240_/X (sky130_fd_sc_hd__a32o_2)
                                                         _0477_ (net)
                      0.058477    0.000358    6.459752 v fanout19/A (sky130_fd_sc_hd__buf_8)
     5    0.023721    0.024630    0.094912    6.554664 v fanout19/X (sky130_fd_sc_hd__buf_8)
                                                         net19 (net)
                      0.024644    0.000532    6.555195 v _1241_/B (sky130_fd_sc_hd__and2_1)
     4    0.016729    0.064732    0.132562    6.687757 v _1241_/X (sky130_fd_sc_hd__and2_1)
                                                         _0478_ (net)
                      0.064732    0.000136    6.687893 v _1273_/B (sky130_fd_sc_hd__xnor2_2)
     6    0.024549    0.086729    0.134498    6.822392 v _1273_/Y (sky130_fd_sc_hd__xnor2_2)
                                                         _0510_ (net)
                      0.086733    0.000464    6.822855 v _1277_/A2 (sky130_fd_sc_hd__o211a_1)
     3    0.006890    0.040349    0.161750    6.984605 v _1277_/X (sky130_fd_sc_hd__o211a_1)
                                                         _0514_ (net)
                      0.040349    0.000052    6.984657 v _1282_/A2 (sky130_fd_sc_hd__a31o_2)
     4    0.022988    0.060282    0.186631    7.171288 v _1282_/X (sky130_fd_sc_hd__a31o_2)
                                                         _0519_ (net)
                      0.060289    0.000658    7.171946 v _1288_/B2 (sky130_fd_sc_hd__a221oi_4)
     3    0.018396    0.178311    0.190755    7.362701 ^ _1288_/Y (sky130_fd_sc_hd__a221oi_4)
                                                         _0525_ (net)
                      0.178311    0.000159    7.362861 ^ _1297_/A3 (sky130_fd_sc_hd__o31ai_4)
     4    0.016865    0.066554    0.054131    7.416992 v _1297_/Y (sky130_fd_sc_hd__o31ai_4)
                                                         _0534_ (net)
                      0.066554    0.000059    7.417051 v fanout18/A (sky130_fd_sc_hd__buf_6)
     6    0.033792    0.031900    0.105409    7.522460 v fanout18/X (sky130_fd_sc_hd__buf_6)
                                                         net18 (net)
                      0.031903    0.000366    7.522826 v fanout17/A (sky130_fd_sc_hd__buf_8)
     5    0.016946    0.021746    0.080014    7.602840 v fanout17/X (sky130_fd_sc_hd__buf_8)
                                                         net17 (net)
                      0.021746    0.000117    7.602958 v _1324_/A1 (sky130_fd_sc_hd__a31o_1)
     2    0.007143    0.040556    0.118239    7.721196 v _1324_/X (sky130_fd_sc_hd__a31o_1)
                                                         _0561_ (net)
                      0.040556    0.000047    7.721243 v _1331_/A2 (sky130_fd_sc_hd__a211o_4)
     4    0.026187    0.058101    0.237198    7.958441 v _1331_/X (sky130_fd_sc_hd__a211o_4)
                                                         _0568_ (net)
                      0.058102    0.000338    7.958779 v _1349_/A (sky130_fd_sc_hd__or4_4)
     1    0.009986    0.065122    0.335650    8.294429 v _1349_/X (sky130_fd_sc_hd__or4_4)
                                                         _0586_ (net)
                      0.065122    0.000138    8.294566 v _1350_/A1 (sky130_fd_sc_hd__o32ai_4)
     3    0.023791    0.247039    0.262298    8.556864 ^ _1350_/Y (sky130_fd_sc_hd__o32ai_4)
                                                         _0587_ (net)
                      0.247039    0.000138    8.557001 ^ _1353_/A1 (sky130_fd_sc_hd__o21ai_4)
     5    0.024243    0.075290    0.070427    8.627429 v _1353_/Y (sky130_fd_sc_hd__o21ai_4)
                                                         _0590_ (net)
                      0.075301    0.000716    8.628144 v _1357_/A1 (sky130_fd_sc_hd__a21oi_2)
     4    0.019552    0.186153    0.189124    8.817269 ^ _1357_/Y (sky130_fd_sc_hd__a21oi_2)
                                                         _0594_ (net)
                      0.186153    0.000196    8.817465 ^ _1362_/B (sky130_fd_sc_hd__xor2_2)
     2    0.008388    0.112287    0.111574    8.929039 ^ _1362_/X (sky130_fd_sc_hd__xor2_2)
                                                         _0599_ (net)
                      0.112287    0.000073    8.929111 ^ _1370_/A1 (sky130_fd_sc_hd__a31o_4)
     4    0.022629    0.064108    0.125230    9.054342 ^ _1370_/X (sky130_fd_sc_hd__a31o_4)
                                                         _0607_ (net)
                      0.064111    0.000488    9.054830 ^ _1384_/A2 (sky130_fd_sc_hd__a21oi_4)
     6    0.019098    0.047229    0.049319    9.104149 v _1384_/Y (sky130_fd_sc_hd__a21oi_4)
                                                         _0621_ (net)
                      0.047232    0.000315    9.104465 v _1404_/A2 (sky130_fd_sc_hd__a211o_4)
     4    0.017080    0.049607    0.228567    9.333031 v _1404_/X (sky130_fd_sc_hd__a211o_4)
                                                         _0641_ (net)
                      0.049607    0.000153    9.333183 v rebuffer17/A (sky130_fd_sc_hd__buf_6)
     1    0.008249    0.017971    0.081192    9.414375 v rebuffer17/X (sky130_fd_sc_hd__buf_6)
                                                         net125 (net)
                      0.017971    0.000073    9.414448 v _1418_/A3 (sky130_fd_sc_hd__o31ai_4)
     5    0.021932    0.239886    0.201566    9.616014 ^ _1418_/Y (sky130_fd_sc_hd__o31ai_4)
                                                         _0655_ (net)
                      0.239886    0.000188    9.616202 ^ fanout16/A (sky130_fd_sc_hd__buf_6)
     5    0.016718    0.037090    0.087570    9.703773 ^ fanout16/X (sky130_fd_sc_hd__buf_6)
                                                         net16 (net)
                      0.037090    0.000133    9.703905 ^ _1494_/A2 (sky130_fd_sc_hd__a31o_1)
     1    0.003876    0.038593    0.083514    9.787419 ^ _1494_/X (sky130_fd_sc_hd__a31o_1)
                                                         _0721_ (net)
                      0.038593    0.000075    9.787495 ^ _1496_/C_N (sky130_fd_sc_hd__or3b_4)
     1    0.003063    0.044421    0.217142   10.004637 v _1496_/X (sky130_fd_sc_hd__or3b_4)
                                                         _0723_ (net)
                      0.044421    0.000030   10.004666 v _1500_/A1 (sky130_fd_sc_hd__a32o_1)
     1    0.003073    0.028193    0.114402   10.119068 v _1500_/X (sky130_fd_sc_hd__a32o_1)
                                                         _0042_ (net)
                      0.028193    0.000032   10.119101 v _1624_/D (sky130_fd_sc_hd__dfrtp_4)
                                             10.119101   data arrival time

                                 25.000000   25.000000   clock clk (rise edge)
                                  0.000000   25.000000   clock source latency
     2    0.018021    0.065106    0.044226   25.044226 ^ clk (in)
                                                         clk (net)
                      0.065107    0.000000   25.044226 ^ clkbuf_0_clk/A (sky130_fd_sc_hd__clkbuf_16)
    17    0.097916    0.087597    0.136342   25.180567 ^ clkbuf_0_clk/X (sky130_fd_sc_hd__clkbuf_16)
                                                         clknet_0_clk (net)
                      0.087662    0.001959   25.182528 ^ clkbuf_3_7__f_clk/A (sky130_fd_sc_hd__clkbuf_16)
     7    0.030890    0.039178    0.107446   25.289974 ^ clkbuf_3_7__f_clk/X (sky130_fd_sc_hd__clkbuf_16)
                                                         clknet_3_7__leaf_clk (net)
                      0.039193    0.000426   25.290400 ^ _1624_/CLK (sky130_fd_sc_hd__dfrtp_4)
                                 -0.250000   25.040401   clock uncertainty
                                  0.000000   25.040401   clock reconvergence pessimism
                                 -0.070463   24.969938   library setup time
                                             24.969938   data required time
---------------------------------------------------------------------------------------------
                                             24.969938   data required time
                                            -10.119101   data arrival time
---------------------------------------------------------------------------------------------
                                             14.850838   slack (MET)




===========================================================================
report_checks --slack_max -0.01
============================================================================
======================= min_ff_n40C_1v95 Corner ===================================

No paths found.


===========================================================================
 report_check_types -max_slew -max_cap -max_fanout -violators
============================================================================
======================= min_ff_n40C_1v95 Corner ===================================

max fanout

Pin                                   Limit Fanout  Slack
---------------------------------------------------------
_1614_/Q                                 10     21    -11 (VIOLATED)
_1615_/Q                                 10     21    -11 (VIOLATED)
fanout32/X                               10     21    -11 (VIOLATED)
fanout38/X                               10     21    -11 (VIOLATED)
fanout42/X                               10     21    -11 (VIOLATED)
fanout49/X                               10     21    -11 (VIOLATED)
clkbuf_0_clk/X                           10     17     -7 (VIOLATED)
fanout47/X                               10     17     -7 (VIOLATED)
_0854_/X                                 10     13     -3 (VIOLATED)
clkbuf_3_1__f_clk/X                      10     12     -2 (VIOLATED)
clkbuf_3_2__f_clk/X                      10     12     -2 (VIOLATED)
clkbuf_3_3__f_clk/X                      10     12     -2 (VIOLATED)
_0782_/Y                                 10     11        (VIOLATED)
clkbuf_3_5__f_clk/X                      10     11        (VIOLATED)



===========================================================================
report_parasitic_annotation -report_unannotated
============================================================================
Found 97 unannotated drivers.
 en
 gpio_in[10]
 gpio_in[11]
 gpio_in[12]
 gpio_in[13]
 gpio_in[14]
 gpio_in[15]
 gpio_in[16]
 gpio_in[17]
 gpio_in[18]
 gpio_in[19]
 gpio_in[20]
 gpio_in[21]
 gpio_in[22]
 gpio_in[23]
 gpio_in[24]
 gpio_in[25]
 gpio_in[26]
 gpio_in[27]
 gpio_in[28]
 gpio_in[29]
 gpio_in[30]
 gpio_in[31]
 gpio_in[32]
 gpio_in[33]
 gpio_in[4]
 gpio_in[5]
 gpio_in[6]
 gpio_in[7]
 gpio_in[8]
 gpio_in[9]
 clkload0/Y
 clkload1/X
 clkload2/X
 clkload3/Y
 clkload4/Y
 clkload5/Y
 clkload6/Y
 team_04_100/LO
 team_04_101/LO
 team_04_102/LO
 team_04_103/LO
 team_04_104/LO
 team_04_105/LO
 team_04_106/LO
 team_04_107/LO
 team_04_108/LO
 team_04_50/HI
 team_04_51/HI
 team_04_52/HI
 team_04_53/HI
 team_04_54/HI
 team_04_55/HI
 team_04_56/HI
 team_04_57/HI
 team_04_58/HI
 team_04_59/HI
 team_04_60/HI
 team_04_61/HI
 team_04_62/HI
 team_04_63/HI
 team_04_64/HI
 team_04_65/HI
 team_04_66/HI
 team_04_67/HI
 team_04_68/HI
 team_04_69/HI
 team_04_70/HI
 team_04_71/HI
 team_04_72/HI
 team_04_73/HI
 team_04_74/HI
 team_04_75/HI
 team_04_76/HI
 team_04_77/HI
 team_04_78/HI
 team_04_79/HI
 team_04_80/HI
 team_04_81/HI
 team_04_82/HI
 team_04_83/HI
 team_04_84/HI
 team_04_85/HI
 team_04_86/HI
 team_04_87/HI
 team_04_88/HI
 team_04_89/HI
 team_04_90/HI
 team_04_91/HI
 team_04_92/HI
 team_04_93/HI
 team_04_94/LO
 team_04_95/LO
 team_04_96/LO
 team_04_97/LO
 team_04_98/LO
 team_04_99/LO
Found 0 partially unannotated drivers.

===========================================================================
max slew violation count 0
max fanout violation count 14
max cap violation count 0
============================================================================

===========================================================================
check_setup -verbose -unconstrained_endpoints -multiple_clock -no_clock -no_input_delay -loops -generated_clocks
===========================================================================
Warning: There are 59 unconstrained endpoints.
  gpio_oeb[0]
  gpio_oeb[10]
  gpio_oeb[11]
  gpio_oeb[12]
  gpio_oeb[13]
  gpio_oeb[14]
  gpio_oeb[15]
  gpio_oeb[16]
  gpio_oeb[17]
  gpio_oeb[18]
  gpio_oeb[19]
  gpio_oeb[1]
  gpio_oeb[20]
  gpio_oeb[21]
  gpio_oeb[22]
  gpio_oeb[23]
  gpio_oeb[24]
  gpio_oeb[25]
  gpio_oeb[26]
  gpio_oeb[27]
  gpio_oeb[28]
  gpio_oeb[29]
  gpio_oeb[2]
  gpio_oeb[30]
  gpio_oeb[31]
  gpio_oeb[32]
  gpio_oeb[33]
  gpio_oeb[3]
  gpio_oeb[4]
  gpio_oeb[5]
  gpio_oeb[6]
  gpio_oeb[7]
  gpio_oeb[8]
  gpio_oeb[9]
  gpio_out[0]
  gpio_out[15]
  gpio_out[16]
  gpio_out[17]
  gpio_out[18]
  gpio_out[19]
  gpio_out[1]
  gpio_out[20]
  gpio_out[21]
  gpio_out[22]
  gpio_out[23]
  gpio_out[24]
  gpio_out[25]
  gpio_out[26]
  gpio_out[27]
  gpio_out[28]
  gpio_out[29]
  gpio_out[2]
  gpio_out[30]
  gpio_out[31]
  gpio_out[32]
  gpio_out[33]
  gpio_out[3]
  gpio_out[6]
  gpio_out[7]
