Clock: clk
Sources: clk 
Generated: no
Virtual: yes
Propagated: no
Period: 25.000000

===========================================================================
report_clock_properties
============================================================================
Clock                   Period          Waveform
----------------------------------------------------
clk                  25.000000    0.000000 12.500000

===========================================================================
report_clock_latency
============================================================================
Clock clk
rise -> rise
    min     max
0.000000 0.000000 source latency
0.692656         network latency _2712_/CLK
        0.732573 network latency _2794_/CLK
---------------
0.692656 0.732573 latency
        0.039916 skew

fall -> fall
    min     max
0.000000 0.000000 source latency
0.614538         network latency _2712_/CLK
        0.644646 network latency _2794_/CLK
---------------
0.614538 0.644646 latency
        0.030108 skew



===========================================================================
report_clock_min_period
============================================================================
clk period_min = 5.08 fmax = 196.83
