
===========================================================================
report_checks -unconstrained
===========================================================================
======================= nom_ss_100C_1v60 Corner ===================================

Startpoint: nrst (input port clocked by clk)
Endpoint: _1614_ (recovery check against rising-edge clock clk)
Path Group: asynchronous
Path Type: max

Fanout         Cap        Slew       Delay        Time   Description
---------------------------------------------------------------------------------------------
                                  0.000000    0.000000   clock clk (rise edge)
                                  0.000000    0.000000   clock network delay (propagated)
                                  5.000000    5.000000 ^ input external delay
     2    0.003992    0.040269    0.022081    5.022081 ^ nrst (in)
                                                         nrst (net)
                      0.040269    0.000000    5.022081 ^ input5/A (sky130_fd_sc_hd__buf_1)
     7    0.027493    0.519984    0.456697    5.478778 ^ input5/X (sky130_fd_sc_hd__buf_1)
                                                         net5 (net)
                      0.519986    0.000972    5.479750 ^ fanout47/A (sky130_fd_sc_hd__buf_2)
    17    0.054657    0.424444    0.637158    6.116909 ^ fanout47/X (sky130_fd_sc_hd__buf_2)
                                                         net47 (net)
                      0.424444    0.001317    6.118225 ^ fanout46/A (sky130_fd_sc_hd__clkbuf_4)
    10    0.044136    0.224208    0.519053    6.637279 ^ fanout46/X (sky130_fd_sc_hd__clkbuf_4)
                                                         net46 (net)
                      0.224219    0.001869    6.639147 ^ _1614_/RESET_B (sky130_fd_sc_hd__dfrtp_4)
                                              6.639147   data arrival time

                                 25.000000   25.000000   clock clk (rise edge)
                                  0.000000   25.000000   clock source latency
     2    0.018890    0.142116    0.096616   25.096615 ^ clk (in)
                                                         clk (net)
                      0.142118    0.000000   25.096615 ^ clkbuf_0_clk/A (sky130_fd_sc_hd__clkbuf_16)
    17    0.101854    0.179500    0.347061   25.443676 ^ clkbuf_0_clk/X (sky130_fd_sc_hd__clkbuf_16)
                                                         clknet_0_clk (net)
                      0.180094    0.007509   25.451185 ^ clkbuf_3_1__f_clk/A (sky130_fd_sc_hd__clkbuf_16)
    12    0.031704    0.082743    0.288386   25.739571 ^ clkbuf_3_1__f_clk/X (sky130_fd_sc_hd__clkbuf_16)
                                                         clknet_3_1__leaf_clk (net)
                      0.082745    0.000574   25.740145 ^ _1614_/CLK (sky130_fd_sc_hd__dfrtp_4)
                                 -0.250000   25.490147   clock uncertainty
                                  0.000000   25.490147   clock reconvergence pessimism
                                  0.375920   25.866066   library recovery time
                                             25.866066   data required time
---------------------------------------------------------------------------------------------
                                             25.866066   data required time
                                             -6.639147   data arrival time
---------------------------------------------------------------------------------------------
                                             19.226917   slack (MET)


Startpoint: _1629_ (rising edge-triggered flip-flop clocked by clk)
Endpoint: _1624_ (rising edge-triggered flip-flop clocked by clk)
Path Group: clk
Path Type: max

Fanout         Cap        Slew       Delay        Time   Description
---------------------------------------------------------------------------------------------
                                  0.000000    0.000000   clock clk (rise edge)
                                  0.000000    0.000000   clock source latency
     2    0.018890    0.142116    0.096615    0.096615 ^ clk (in)
                                                         clk (net)
                      0.142118    0.000000    0.096615 ^ clkbuf_0_clk/A (sky130_fd_sc_hd__clkbuf_16)
    17    0.101854    0.179500    0.347062    0.443677 ^ clkbuf_0_clk/X (sky130_fd_sc_hd__clkbuf_16)
                                                         clknet_0_clk (net)
                      0.180150    0.007920    0.451597 ^ clkbuf_3_0__f_clk/A (sky130_fd_sc_hd__clkbuf_16)
    10    0.035088    0.087467    0.293215    0.744813 ^ clkbuf_3_0__f_clk/X (sky130_fd_sc_hd__clkbuf_16)
                                                         clknet_3_0__leaf_clk (net)
                      0.087479    0.001032    0.745845 ^ _1629_/CLK (sky130_fd_sc_hd__dfrtp_4)
     6    0.023897    0.163340    1.071192    1.817037 v _1629_/Q (sky130_fd_sc_hd__dfrtp_4)
                                                         STOPWATCH_INST.clock_div.cycles[22] (net)
                      0.163340    0.001279    1.818315 v _0922_/A (sky130_fd_sc_hd__or4bb_4)
     3    0.009607    0.172907    1.122588    2.940903 v _0922_/X (sky130_fd_sc_hd__or4bb_4)
                                                         _0166_ (net)
                      0.172907    0.000204    2.941107 v _0955_/B1_N (sky130_fd_sc_hd__o21bai_4)
     2    0.008039    0.096244    0.363253    3.304360 v _0955_/Y (sky130_fd_sc_hd__o21bai_4)
                                                         _0192_ (net)
                      0.096244    0.000211    3.304572 v _0957_/A2 (sky130_fd_sc_hd__a21o_4)
     7    0.037864    0.127813    0.479480    3.784052 v _0957_/X (sky130_fd_sc_hd__a21o_4)
                                                         _0194_ (net)
                      0.127824    0.001280    3.785333 v _0970_/A2 (sky130_fd_sc_hd__a21oi_1)
     1    0.005532    0.247810    0.314194    4.099527 ^ _0970_/Y (sky130_fd_sc_hd__a21oi_1)
                                                         _0207_ (net)
                      0.247810    0.000181    4.099708 ^ _0974_/B (sky130_fd_sc_hd__xnor2_1)
     4    0.016828    0.303132    0.346637    4.446346 v _0974_/Y (sky130_fd_sc_hd__xnor2_1)
                                                         _0211_ (net)
                      0.303132    0.000480    4.446825 v _0977_/A2 (sky130_fd_sc_hd__o31a_1)
     3    0.011472    0.161548    0.699423    5.146248 v _0977_/X (sky130_fd_sc_hd__o31a_1)
                                                         _0214_ (net)
                      0.161548    0.000306    5.146554 v _0987_/A1 (sky130_fd_sc_hd__o2111a_1)
     3    0.011225    0.145949    0.542285    5.688840 v _0987_/X (sky130_fd_sc_hd__o2111a_1)
                                                         _0224_ (net)
                      0.145949    0.000220    5.689060 v _1008_/B (sky130_fd_sc_hd__or3_4)
     5    0.021135    0.166832    0.827937    6.516997 v _1008_/X (sky130_fd_sc_hd__or3_4)
                                                         _0245_ (net)
                      0.166832    0.000367    6.517364 v _1011_/A (sky130_fd_sc_hd__and2_4)
     5    0.020736    0.085714    0.332481    6.849845 v _1011_/X (sky130_fd_sc_hd__and2_4)
                                                         _0248_ (net)
                      0.085726    0.001035    6.850880 v _1033_/C (sky130_fd_sc_hd__or3_4)
     2    0.006477    0.126258    0.665508    7.516388 v _1033_/X (sky130_fd_sc_hd__or3_4)
                                                         _0270_ (net)
                      0.126258    0.000183    7.516571 v _1038_/A1 (sky130_fd_sc_hd__a311o_1)
     2    0.008587    0.146978    0.590170    8.106740 v _1038_/X (sky130_fd_sc_hd__a311o_1)
                                                         _0275_ (net)
                      0.146978    0.000258    8.106998 v _1045_/A1 (sky130_fd_sc_hd__a21oi_2)
     2    0.008793    0.225879    0.294899    8.401897 ^ _1045_/Y (sky130_fd_sc_hd__a21oi_2)
                                                         _0282_ (net)
                      0.225879    0.000291    8.402188 ^ _1056_/A3 (sky130_fd_sc_hd__a311o_1)
     2    0.007100    0.157430    0.457066    8.859254 ^ _1056_/X (sky130_fd_sc_hd__a311o_1)
                                                         _0293_ (net)
                      0.157430    0.000166    8.859420 ^ _1066_/A2 (sky130_fd_sc_hd__a21bo_1)
     2    0.016909    0.235349    0.371259    9.230680 ^ _1066_/X (sky130_fd_sc_hd__a21bo_1)
                                                         _0303_ (net)
                      0.235349    0.000887    9.231566 ^ fanout25/A (sky130_fd_sc_hd__buf_6)
     5    0.022368    0.090148    0.269175    9.500742 ^ fanout25/X (sky130_fd_sc_hd__buf_6)
                                                         net25 (net)
                      0.090149    0.000508    9.501250 ^ _1091_/A2 (sky130_fd_sc_hd__a21o_1)
     2    0.011933    0.178135    0.308816    9.810066 ^ _1091_/X (sky130_fd_sc_hd__a21o_1)
                                                         _0328_ (net)
                      0.178135    0.000143    9.810209 ^ _1092_/B (sky130_fd_sc_hd__xor2_2)
     3    0.013329    0.314972    0.380346   10.190556 ^ _1092_/X (sky130_fd_sc_hd__xor2_2)
                                                         _0329_ (net)
                      0.314972    0.000192   10.190747 ^ _1093_/C_N (sky130_fd_sc_hd__or3b_4)
     2    0.005624    0.122072    0.826283   11.017031 v _1093_/X (sky130_fd_sc_hd__or3b_4)
                                                         _0330_ (net)
                      0.122072    0.000152   11.017182 v _1115_/A4 (sky130_fd_sc_hd__o41a_1)
     3    0.012062    0.202722    0.730251   11.747434 v _1115_/X (sky130_fd_sc_hd__o41a_1)
                                                         _0352_ (net)
                      0.202722    0.000253   11.747686 v _1126_/A2 (sky130_fd_sc_hd__a21o_1)
     4    0.010155    0.117777    0.430621   12.178308 v _1126_/X (sky130_fd_sc_hd__a21o_1)
                                                         _0363_ (net)
                      0.117777    0.000210   12.178518 v _1133_/A (sky130_fd_sc_hd__and4_1)
     2    0.005789    0.097510    0.351418   12.529937 v _1133_/X (sky130_fd_sc_hd__and4_1)
                                                         _0370_ (net)
                      0.097510    0.000174   12.530110 v _1135_/B (sky130_fd_sc_hd__or3_4)
     4    0.012601    0.141152    0.767050   13.297161 v _1135_/X (sky130_fd_sc_hd__or3_4)
                                                         _0372_ (net)
                      0.141152    0.000450   13.297611 v _1150_/A1 (sky130_fd_sc_hd__a31o_4)
     4    0.011211    0.075144    0.440202   13.737813 v _1150_/X (sky130_fd_sc_hd__a31o_4)
                                                         _0387_ (net)
                      0.075144    0.000280   13.738092 v _1160_/A2 (sky130_fd_sc_hd__a21o_1)
     4    0.014443    0.147673    0.409033   14.147125 v _1160_/X (sky130_fd_sc_hd__a21o_1)
                                                         _0397_ (net)
                      0.147673    0.000354   14.147480 v _1173_/A2 (sky130_fd_sc_hd__a2111o_1)
     3    0.006915    0.147284    0.856618   15.004098 v _1173_/X (sky130_fd_sc_hd__a2111o_1)
                                                         _0410_ (net)
                      0.147284    0.000163   15.004261 v _1180_/A1 (sky130_fd_sc_hd__a311o_1)
     3    0.015174    0.199571    0.659073   15.663334 v _1180_/X (sky130_fd_sc_hd__a311o_1)
                                                         _0417_ (net)
                      0.199571    0.000254   15.663589 v fanout23/A (sky130_fd_sc_hd__buf_6)
     6    0.032944    0.074237    0.307853   15.971441 v fanout23/X (sky130_fd_sc_hd__buf_6)
                                                         net23 (net)
                      0.074237    0.000412   15.971853 v fanout22/A (sky130_fd_sc_hd__buf_8)
     5    0.019397    0.050805    0.222405   16.194260 v fanout22/X (sky130_fd_sc_hd__buf_8)
                                                         net22 (net)
                      0.050805    0.000547   16.194805 v _1188_/B (sky130_fd_sc_hd__and3_1)
     3    0.010277    0.132209    0.388100   16.582907 v _1188_/X (sky130_fd_sc_hd__and3_1)
                                                         _0425_ (net)
                      0.132209    0.000197   16.583103 v _1197_/A (sky130_fd_sc_hd__or3b_4)
     2    0.006008    0.124141    0.791045   17.374149 v _1197_/X (sky130_fd_sc_hd__or3b_4)
                                                         _0434_ (net)
                      0.124141    0.000162   17.374310 v _1208_/C (sky130_fd_sc_hd__or4b_4)
     2    0.004801    0.153682    0.974364   18.348675 v _1208_/X (sky130_fd_sc_hd__or4b_4)
                                                         _0445_ (net)
                      0.153682    0.000133   18.348808 v _1234_/A (sky130_fd_sc_hd__or4b_4)
     2    0.006796    0.164845    1.100050   19.448856 v _1234_/X (sky130_fd_sc_hd__or4b_4)
                                                         _0471_ (net)
                      0.164845    0.000151   19.449009 v _1240_/A1 (sky130_fd_sc_hd__a32o_2)
     4    0.024068    0.153281    0.580227   20.029236 v _1240_/X (sky130_fd_sc_hd__a32o_2)
                                                         _0477_ (net)
                      0.153282    0.000748   20.029984 v fanout19/A (sky130_fd_sc_hd__buf_8)
     5    0.024685    0.056412    0.266931   20.296915 v fanout19/X (sky130_fd_sc_hd__buf_8)
                                                         net19 (net)
                      0.056449    0.000520   20.297436 v _1251_/A1 (sky130_fd_sc_hd__a2111o_1)
     2    0.007814    0.155795    0.761277   21.058712 v _1251_/X (sky130_fd_sc_hd__a2111o_1)
                                                         _0488_ (net)
                      0.155795    0.000151   21.058865 v _1253_/B2 (sky130_fd_sc_hd__a32o_2)
     5    0.019045    0.134839    0.534969   21.593834 v _1253_/X (sky130_fd_sc_hd__a32o_2)
                                                         _0490_ (net)
                      0.134839    0.000568   21.594402 v _1260_/A (sky130_fd_sc_hd__and3_1)
     2    0.012344    0.148713    0.403439   21.997841 v _1260_/X (sky130_fd_sc_hd__and3_1)
                                                         _0497_ (net)
                      0.148713    0.000373   21.998213 v _1286_/B (sky130_fd_sc_hd__and3_1)
     1    0.008958    0.120976    0.424953   22.423166 v _1286_/X (sky130_fd_sc_hd__and3_1)
                                                         _0523_ (net)
                      0.120976    0.000281   22.423447 v _1288_/B1 (sky130_fd_sc_hd__a221oi_4)
     3    0.018494    0.487717    0.540746   22.964193 ^ _1288_/Y (sky130_fd_sc_hd__a221oi_4)
                                                         _0525_ (net)
                      0.487717    0.000455   22.964647 ^ _1297_/A3 (sky130_fd_sc_hd__o31ai_4)
     4    0.017556    0.174021    0.267898   23.232546 v _1297_/Y (sky130_fd_sc_hd__o31ai_4)
                                                         _0534_ (net)
                      0.174021    0.000234   23.232780 v fanout18/A (sky130_fd_sc_hd__buf_6)
     6    0.034832    0.076644    0.297485   23.530264 v fanout18/X (sky130_fd_sc_hd__buf_6)
                                                         net18 (net)
                      0.076653    0.000902   23.531166 v fanout17/A (sky130_fd_sc_hd__buf_8)
     5    0.017515    0.048946    0.221400   23.752567 v fanout17/X (sky130_fd_sc_hd__buf_8)
                                                         net17 (net)
                      0.048946    0.000336   23.752903 v _1324_/A1 (sky130_fd_sc_hd__a31o_1)
     2    0.007101    0.101265    0.346917   24.099819 v _1324_/X (sky130_fd_sc_hd__a31o_1)
                                                         _0561_ (net)
                      0.101265    0.000163   24.099983 v _1331_/A2 (sky130_fd_sc_hd__a211o_4)
     4    0.027101    0.132981    0.680188   24.780172 v _1331_/X (sky130_fd_sc_hd__a211o_4)
                                                         _0568_ (net)
                      0.132981    0.000629   24.780800 v _1349_/A (sky130_fd_sc_hd__or4_4)
     1    0.010360    0.174217    1.108543   25.889343 v _1349_/X (sky130_fd_sc_hd__or4_4)
                                                         _0586_ (net)
                      0.174217    0.000357   25.889700 v _1350_/A1 (sky130_fd_sc_hd__o32ai_4)
     3    0.023979    0.557670    0.684871   26.574572 ^ _1350_/Y (sky130_fd_sc_hd__o32ai_4)
                                                         _0587_ (net)
                      0.557670    0.000417   26.574987 ^ clone1/A2 (sky130_fd_sc_hd__o21ai_4)
     5    0.022466    0.182752    0.294527   26.869514 v clone1/Y (sky130_fd_sc_hd__o21ai_4)
                                                         net109 (net)
                      0.182754    0.000744   26.870260 v _1367_/A1 (sky130_fd_sc_hd__a21o_1)
     2    0.010484    0.120739    0.394987   27.265247 v _1367_/X (sky130_fd_sc_hd__a21o_1)
                                                         _0604_ (net)
                      0.120739    0.000215   27.265461 v _1373_/B (sky130_fd_sc_hd__xor2_2)
     4    0.010416    0.162998    0.311813   27.577274 v _1373_/X (sky130_fd_sc_hd__xor2_2)
                                                         _0610_ (net)
                      0.162998    0.000179   27.577454 v _1380_/A_N (sky130_fd_sc_hd__and4b_1)
     1    0.009239    0.189950    0.619965   28.197418 ^ _1380_/X (sky130_fd_sc_hd__and4b_1)
                                                         _0617_ (net)
                      0.189950    0.000272   28.197691 ^ _1384_/A1 (sky130_fd_sc_hd__a21oi_4)
     6    0.019402    0.119551    0.183942   28.381632 v _1384_/Y (sky130_fd_sc_hd__a21oi_4)
                                                         _0621_ (net)
                      0.119552    0.000576   28.382208 v _1404_/A2 (sky130_fd_sc_hd__a211o_4)
     4    0.017406    0.109532    0.655442   29.037649 v _1404_/X (sky130_fd_sc_hd__a211o_4)
                                                         _0641_ (net)
                      0.109643    0.000384   29.038033 v rebuffer17/A (sky130_fd_sc_hd__buf_6)
     1    0.008467    0.041870    0.225114   29.263147 v rebuffer17/X (sky130_fd_sc_hd__buf_6)
                                                         net125 (net)
                      0.041870    0.000249   29.263395 v _1418_/A3 (sky130_fd_sc_hd__o31ai_4)
     5    0.022458    0.510797    0.473026   29.736422 ^ _1418_/Y (sky130_fd_sc_hd__o31ai_4)
                                                         _0655_ (net)
                      0.510797    0.000476   29.736898 ^ fanout16/A (sky130_fd_sc_hd__buf_6)
     5    0.017155    0.080317    0.351060   30.087957 ^ fanout16/X (sky130_fd_sc_hd__buf_6)
                                                         net16 (net)
                      0.080317    0.000380   30.088339 ^ _1494_/A2 (sky130_fd_sc_hd__a31o_1)
     1    0.003973    0.096937    0.304375   30.392714 ^ _1494_/X (sky130_fd_sc_hd__a31o_1)
                                                         _0721_ (net)
                      0.096937    0.000171   30.392883 ^ _1496_/C_N (sky130_fd_sc_hd__or3b_4)
     1    0.003193    0.112600    0.725898   31.118782 v _1496_/X (sky130_fd_sc_hd__or3b_4)
                                                         _0723_ (net)
                      0.112600    0.000092   31.118874 v _1500_/A1 (sky130_fd_sc_hd__a32o_1)
     1    0.002994    0.072811    0.410793   31.529667 v _1500_/X (sky130_fd_sc_hd__a32o_1)
                                                         _0042_ (net)
                      0.072811    0.000089   31.529757 v _1624_/D (sky130_fd_sc_hd__dfrtp_4)
                                             31.529757   data arrival time

                                 25.000000   25.000000   clock clk (rise edge)
                                  0.000000   25.000000   clock source latency
     2    0.018890    0.142116    0.096616   25.096615 ^ clk (in)
                                                         clk (net)
                      0.142118    0.000000   25.096615 ^ clkbuf_0_clk/A (sky130_fd_sc_hd__clkbuf_16)
    17    0.101854    0.179500    0.347061   25.443676 ^ clkbuf_0_clk/X (sky130_fd_sc_hd__clkbuf_16)
                                                         clknet_0_clk (net)
                      0.179719    0.003656   25.447332 ^ clkbuf_3_7__f_clk/A (sky130_fd_sc_hd__clkbuf_16)
     7    0.030919    0.081666    0.287100   25.734432 ^ clkbuf_3_7__f_clk/X (sky130_fd_sc_hd__clkbuf_16)
                                                         clknet_3_7__leaf_clk (net)
                      0.081676    0.000924   25.735355 ^ _1624_/CLK (sky130_fd_sc_hd__dfrtp_4)
                                 -0.250000   25.485357   clock uncertainty
                                  0.000000   25.485357   clock reconvergence pessimism
                                 -0.272847   25.212511   library setup time
                                             25.212511   data required time
---------------------------------------------------------------------------------------------
                                             25.212511   data required time
                                            -31.529757   data arrival time
---------------------------------------------------------------------------------------------
                                             -6.317245   slack (VIOLATED)




===========================================================================
report_checks --slack_max -0.01
============================================================================
======================= nom_ss_100C_1v60 Corner ===================================

Startpoint: _1629_ (rising edge-triggered flip-flop clocked by clk)
Endpoint: _1624_ (rising edge-triggered flip-flop clocked by clk)
Path Group: clk
Path Type: max

Fanout         Cap        Slew       Delay        Time   Description
---------------------------------------------------------------------------------------------
                                  0.000000    0.000000   clock clk (rise edge)
                                  0.000000    0.000000   clock source latency
     2    0.018890    0.142116    0.096615    0.096615 ^ clk (in)
                                                         clk (net)
                      0.142118    0.000000    0.096615 ^ clkbuf_0_clk/A (sky130_fd_sc_hd__clkbuf_16)
    17    0.101854    0.179500    0.347062    0.443677 ^ clkbuf_0_clk/X (sky130_fd_sc_hd__clkbuf_16)
                                                         clknet_0_clk (net)
                      0.180150    0.007920    0.451597 ^ clkbuf_3_0__f_clk/A (sky130_fd_sc_hd__clkbuf_16)
    10    0.035088    0.087467    0.293215    0.744813 ^ clkbuf_3_0__f_clk/X (sky130_fd_sc_hd__clkbuf_16)
                                                         clknet_3_0__leaf_clk (net)
                      0.087479    0.001032    0.745845 ^ _1629_/CLK (sky130_fd_sc_hd__dfrtp_4)
     6    0.023897    0.163340    1.071192    1.817037 v _1629_/Q (sky130_fd_sc_hd__dfrtp_4)
                                                         STOPWATCH_INST.clock_div.cycles[22] (net)
                      0.163340    0.001279    1.818315 v _0922_/A (sky130_fd_sc_hd__or4bb_4)
     3    0.009607    0.172907    1.122588    2.940903 v _0922_/X (sky130_fd_sc_hd__or4bb_4)
                                                         _0166_ (net)
                      0.172907    0.000204    2.941107 v _0955_/B1_N (sky130_fd_sc_hd__o21bai_4)
     2    0.008039    0.096244    0.363253    3.304360 v _0955_/Y (sky130_fd_sc_hd__o21bai_4)
                                                         _0192_ (net)
                      0.096244    0.000211    3.304572 v _0957_/A2 (sky130_fd_sc_hd__a21o_4)
     7    0.037864    0.127813    0.479480    3.784052 v _0957_/X (sky130_fd_sc_hd__a21o_4)
                                                         _0194_ (net)
                      0.127824    0.001280    3.785333 v _0970_/A2 (sky130_fd_sc_hd__a21oi_1)
     1    0.005532    0.247810    0.314194    4.099527 ^ _0970_/Y (sky130_fd_sc_hd__a21oi_1)
                                                         _0207_ (net)
                      0.247810    0.000181    4.099708 ^ _0974_/B (sky130_fd_sc_hd__xnor2_1)
     4    0.016828    0.303132    0.346637    4.446346 v _0974_/Y (sky130_fd_sc_hd__xnor2_1)
                                                         _0211_ (net)
                      0.303132    0.000480    4.446825 v _0977_/A2 (sky130_fd_sc_hd__o31a_1)
     3    0.011472    0.161548    0.699423    5.146248 v _0977_/X (sky130_fd_sc_hd__o31a_1)
                                                         _0214_ (net)
                      0.161548    0.000306    5.146554 v _0987_/A1 (sky130_fd_sc_hd__o2111a_1)
     3    0.011225    0.145949    0.542285    5.688840 v _0987_/X (sky130_fd_sc_hd__o2111a_1)
                                                         _0224_ (net)
                      0.145949    0.000220    5.689060 v _1008_/B (sky130_fd_sc_hd__or3_4)
     5    0.021135    0.166832    0.827937    6.516997 v _1008_/X (sky130_fd_sc_hd__or3_4)
                                                         _0245_ (net)
                      0.166832    0.000367    6.517364 v _1011_/A (sky130_fd_sc_hd__and2_4)
     5    0.020736    0.085714    0.332481    6.849845 v _1011_/X (sky130_fd_sc_hd__and2_4)
                                                         _0248_ (net)
                      0.085726    0.001035    6.850880 v _1033_/C (sky130_fd_sc_hd__or3_4)
     2    0.006477    0.126258    0.665508    7.516388 v _1033_/X (sky130_fd_sc_hd__or3_4)
                                                         _0270_ (net)
                      0.126258    0.000183    7.516571 v _1038_/A1 (sky130_fd_sc_hd__a311o_1)
     2    0.008587    0.146978    0.590170    8.106740 v _1038_/X (sky130_fd_sc_hd__a311o_1)
                                                         _0275_ (net)
                      0.146978    0.000258    8.106998 v _1045_/A1 (sky130_fd_sc_hd__a21oi_2)
     2    0.008793    0.225879    0.294899    8.401897 ^ _1045_/Y (sky130_fd_sc_hd__a21oi_2)
                                                         _0282_ (net)
                      0.225879    0.000291    8.402188 ^ _1056_/A3 (sky130_fd_sc_hd__a311o_1)
     2    0.007100    0.157430    0.457066    8.859254 ^ _1056_/X (sky130_fd_sc_hd__a311o_1)
                                                         _0293_ (net)
                      0.157430    0.000166    8.859420 ^ _1066_/A2 (sky130_fd_sc_hd__a21bo_1)
     2    0.016909    0.235349    0.371259    9.230680 ^ _1066_/X (sky130_fd_sc_hd__a21bo_1)
                                                         _0303_ (net)
                      0.235349    0.000887    9.231566 ^ fanout25/A (sky130_fd_sc_hd__buf_6)
     5    0.022368    0.090148    0.269175    9.500742 ^ fanout25/X (sky130_fd_sc_hd__buf_6)
                                                         net25 (net)
                      0.090149    0.000508    9.501250 ^ _1091_/A2 (sky130_fd_sc_hd__a21o_1)
     2    0.011933    0.178135    0.308816    9.810066 ^ _1091_/X (sky130_fd_sc_hd__a21o_1)
                                                         _0328_ (net)
                      0.178135    0.000143    9.810209 ^ _1092_/B (sky130_fd_sc_hd__xor2_2)
     3    0.013329    0.314972    0.380346   10.190556 ^ _1092_/X (sky130_fd_sc_hd__xor2_2)
                                                         _0329_ (net)
                      0.314972    0.000192   10.190747 ^ _1093_/C_N (sky130_fd_sc_hd__or3b_4)
     2    0.005624    0.122072    0.826283   11.017031 v _1093_/X (sky130_fd_sc_hd__or3b_4)
                                                         _0330_ (net)
                      0.122072    0.000152   11.017182 v _1115_/A4 (sky130_fd_sc_hd__o41a_1)
     3    0.012062    0.202722    0.730251   11.747434 v _1115_/X (sky130_fd_sc_hd__o41a_1)
                                                         _0352_ (net)
                      0.202722    0.000253   11.747686 v _1126_/A2 (sky130_fd_sc_hd__a21o_1)
     4    0.010155    0.117777    0.430621   12.178308 v _1126_/X (sky130_fd_sc_hd__a21o_1)
                                                         _0363_ (net)
                      0.117777    0.000210   12.178518 v _1133_/A (sky130_fd_sc_hd__and4_1)
     2    0.005789    0.097510    0.351418   12.529937 v _1133_/X (sky130_fd_sc_hd__and4_1)
                                                         _0370_ (net)
                      0.097510    0.000174   12.530110 v _1135_/B (sky130_fd_sc_hd__or3_4)
     4    0.012601    0.141152    0.767050   13.297161 v _1135_/X (sky130_fd_sc_hd__or3_4)
                                                         _0372_ (net)
                      0.141152    0.000450   13.297611 v _1150_/A1 (sky130_fd_sc_hd__a31o_4)
     4    0.011211    0.075144    0.440202   13.737813 v _1150_/X (sky130_fd_sc_hd__a31o_4)
                                                         _0387_ (net)
                      0.075144    0.000280   13.738092 v _1160_/A2 (sky130_fd_sc_hd__a21o_1)
     4    0.014443    0.147673    0.409033   14.147125 v _1160_/X (sky130_fd_sc_hd__a21o_1)
                                                         _0397_ (net)
                      0.147673    0.000354   14.147480 v _1173_/A2 (sky130_fd_sc_hd__a2111o_1)
     3    0.006915    0.147284    0.856618   15.004098 v _1173_/X (sky130_fd_sc_hd__a2111o_1)
                                                         _0410_ (net)
                      0.147284    0.000163   15.004261 v _1180_/A1 (sky130_fd_sc_hd__a311o_1)
     3    0.015174    0.199571    0.659073   15.663334 v _1180_/X (sky130_fd_sc_hd__a311o_1)
                                                         _0417_ (net)
                      0.199571    0.000254   15.663589 v fanout23/A (sky130_fd_sc_hd__buf_6)
     6    0.032944    0.074237    0.307853   15.971441 v fanout23/X (sky130_fd_sc_hd__buf_6)
                                                         net23 (net)
                      0.074237    0.000412   15.971853 v fanout22/A (sky130_fd_sc_hd__buf_8)
     5    0.019397    0.050805    0.222405   16.194260 v fanout22/X (sky130_fd_sc_hd__buf_8)
                                                         net22 (net)
                      0.050805    0.000547   16.194805 v _1188_/B (sky130_fd_sc_hd__and3_1)
     3    0.010277    0.132209    0.388100   16.582907 v _1188_/X (sky130_fd_sc_hd__and3_1)
                                                         _0425_ (net)
                      0.132209    0.000197   16.583103 v _1197_/A (sky130_fd_sc_hd__or3b_4)
     2    0.006008    0.124141    0.791045   17.374149 v _1197_/X (sky130_fd_sc_hd__or3b_4)
                                                         _0434_ (net)
                      0.124141    0.000162   17.374310 v _1208_/C (sky130_fd_sc_hd__or4b_4)
     2    0.004801    0.153682    0.974364   18.348675 v _1208_/X (sky130_fd_sc_hd__or4b_4)
                                                         _0445_ (net)
                      0.153682    0.000133   18.348808 v _1234_/A (sky130_fd_sc_hd__or4b_4)
     2    0.006796    0.164845    1.100050   19.448856 v _1234_/X (sky130_fd_sc_hd__or4b_4)
                                                         _0471_ (net)
                      0.164845    0.000151   19.449009 v _1240_/A1 (sky130_fd_sc_hd__a32o_2)
     4    0.024068    0.153281    0.580227   20.029236 v _1240_/X (sky130_fd_sc_hd__a32o_2)
                                                         _0477_ (net)
                      0.153282    0.000748   20.029984 v fanout19/A (sky130_fd_sc_hd__buf_8)
     5    0.024685    0.056412    0.266931   20.296915 v fanout19/X (sky130_fd_sc_hd__buf_8)
                                                         net19 (net)
                      0.056449    0.000520   20.297436 v _1251_/A1 (sky130_fd_sc_hd__a2111o_1)
     2    0.007814    0.155795    0.761277   21.058712 v _1251_/X (sky130_fd_sc_hd__a2111o_1)
                                                         _0488_ (net)
                      0.155795    0.000151   21.058865 v _1253_/B2 (sky130_fd_sc_hd__a32o_2)
     5    0.019045    0.134839    0.534969   21.593834 v _1253_/X (sky130_fd_sc_hd__a32o_2)
                                                         _0490_ (net)
                      0.134839    0.000568   21.594402 v _1260_/A (sky130_fd_sc_hd__and3_1)
     2    0.012344    0.148713    0.403439   21.997841 v _1260_/X (sky130_fd_sc_hd__and3_1)
                                                         _0497_ (net)
                      0.148713    0.000373   21.998213 v _1286_/B (sky130_fd_sc_hd__and3_1)
     1    0.008958    0.120976    0.424953   22.423166 v _1286_/X (sky130_fd_sc_hd__and3_1)
                                                         _0523_ (net)
                      0.120976    0.000281   22.423447 v _1288_/B1 (sky130_fd_sc_hd__a221oi_4)
     3    0.018494    0.487717    0.540746   22.964193 ^ _1288_/Y (sky130_fd_sc_hd__a221oi_4)
                                                         _0525_ (net)
                      0.487717    0.000455   22.964647 ^ _1297_/A3 (sky130_fd_sc_hd__o31ai_4)
     4    0.017556    0.174021    0.267898   23.232546 v _1297_/Y (sky130_fd_sc_hd__o31ai_4)
                                                         _0534_ (net)
                      0.174021    0.000234   23.232780 v fanout18/A (sky130_fd_sc_hd__buf_6)
     6    0.034832    0.076644    0.297485   23.530264 v fanout18/X (sky130_fd_sc_hd__buf_6)
                                                         net18 (net)
                      0.076653    0.000902   23.531166 v fanout17/A (sky130_fd_sc_hd__buf_8)
     5    0.017515    0.048946    0.221400   23.752567 v fanout17/X (sky130_fd_sc_hd__buf_8)
                                                         net17 (net)
                      0.048946    0.000336   23.752903 v _1324_/A1 (sky130_fd_sc_hd__a31o_1)
     2    0.007101    0.101265    0.346917   24.099819 v _1324_/X (sky130_fd_sc_hd__a31o_1)
                                                         _0561_ (net)
                      0.101265    0.000163   24.099983 v _1331_/A2 (sky130_fd_sc_hd__a211o_4)
     4    0.027101    0.132981    0.680188   24.780172 v _1331_/X (sky130_fd_sc_hd__a211o_4)
                                                         _0568_ (net)
                      0.132981    0.000629   24.780800 v _1349_/A (sky130_fd_sc_hd__or4_4)
     1    0.010360    0.174217    1.108543   25.889343 v _1349_/X (sky130_fd_sc_hd__or4_4)
                                                         _0586_ (net)
                      0.174217    0.000357   25.889700 v _1350_/A1 (sky130_fd_sc_hd__o32ai_4)
     3    0.023979    0.557670    0.684871   26.574572 ^ _1350_/Y (sky130_fd_sc_hd__o32ai_4)
                                                         _0587_ (net)
                      0.557670    0.000417   26.574987 ^ clone1/A2 (sky130_fd_sc_hd__o21ai_4)
     5    0.022466    0.182752    0.294527   26.869514 v clone1/Y (sky130_fd_sc_hd__o21ai_4)
                                                         net109 (net)
                      0.182754    0.000744   26.870260 v _1367_/A1 (sky130_fd_sc_hd__a21o_1)
     2    0.010484    0.120739    0.394987   27.265247 v _1367_/X (sky130_fd_sc_hd__a21o_1)
                                                         _0604_ (net)
                      0.120739    0.000215   27.265461 v _1373_/B (sky130_fd_sc_hd__xor2_2)
     4    0.010416    0.162998    0.311813   27.577274 v _1373_/X (sky130_fd_sc_hd__xor2_2)
                                                         _0610_ (net)
                      0.162998    0.000179   27.577454 v _1380_/A_N (sky130_fd_sc_hd__and4b_1)
     1    0.009239    0.189950    0.619965   28.197418 ^ _1380_/X (sky130_fd_sc_hd__and4b_1)
                                                         _0617_ (net)
                      0.189950    0.000272   28.197691 ^ _1384_/A1 (sky130_fd_sc_hd__a21oi_4)
     6    0.019402    0.119551    0.183942   28.381632 v _1384_/Y (sky130_fd_sc_hd__a21oi_4)
                                                         _0621_ (net)
                      0.119552    0.000576   28.382208 v _1404_/A2 (sky130_fd_sc_hd__a211o_4)
     4    0.017406    0.109532    0.655442   29.037649 v _1404_/X (sky130_fd_sc_hd__a211o_4)
                                                         _0641_ (net)
                      0.109643    0.000384   29.038033 v rebuffer17/A (sky130_fd_sc_hd__buf_6)
     1    0.008467    0.041870    0.225114   29.263147 v rebuffer17/X (sky130_fd_sc_hd__buf_6)
                                                         net125 (net)
                      0.041870    0.000249   29.263395 v _1418_/A3 (sky130_fd_sc_hd__o31ai_4)
     5    0.022458    0.510797    0.473026   29.736422 ^ _1418_/Y (sky130_fd_sc_hd__o31ai_4)
                                                         _0655_ (net)
                      0.510797    0.000476   29.736898 ^ fanout16/A (sky130_fd_sc_hd__buf_6)
     5    0.017155    0.080317    0.351060   30.087957 ^ fanout16/X (sky130_fd_sc_hd__buf_6)
                                                         net16 (net)
                      0.080317    0.000380   30.088339 ^ _1494_/A2 (sky130_fd_sc_hd__a31o_1)
     1    0.003973    0.096937    0.304375   30.392714 ^ _1494_/X (sky130_fd_sc_hd__a31o_1)
                                                         _0721_ (net)
                      0.096937    0.000171   30.392883 ^ _1496_/C_N (sky130_fd_sc_hd__or3b_4)
     1    0.003193    0.112600    0.725898   31.118782 v _1496_/X (sky130_fd_sc_hd__or3b_4)
                                                         _0723_ (net)
                      0.112600    0.000092   31.118874 v _1500_/A1 (sky130_fd_sc_hd__a32o_1)
     1    0.002994    0.072811    0.410793   31.529667 v _1500_/X (sky130_fd_sc_hd__a32o_1)
                                                         _0042_ (net)
                      0.072811    0.000089   31.529757 v _1624_/D (sky130_fd_sc_hd__dfrtp_4)
                                             31.529757   data arrival time

                                 25.000000   25.000000   clock clk (rise edge)
                                  0.000000   25.000000   clock source latency
     2    0.018890    0.142116    0.096616   25.096615 ^ clk (in)
                                                         clk (net)
                      0.142118    0.000000   25.096615 ^ clkbuf_0_clk/A (sky130_fd_sc_hd__clkbuf_16)
    17    0.101854    0.179500    0.347061   25.443676 ^ clkbuf_0_clk/X (sky130_fd_sc_hd__clkbuf_16)
                                                         clknet_0_clk (net)
                      0.179719    0.003656   25.447332 ^ clkbuf_3_7__f_clk/A (sky130_fd_sc_hd__clkbuf_16)
     7    0.030919    0.081666    0.287100   25.734432 ^ clkbuf_3_7__f_clk/X (sky130_fd_sc_hd__clkbuf_16)
                                                         clknet_3_7__leaf_clk (net)
                      0.081676    0.000924   25.735355 ^ _1624_/CLK (sky130_fd_sc_hd__dfrtp_4)
                                 -0.250000   25.485357   clock uncertainty
                                  0.000000   25.485357   clock reconvergence pessimism
                                 -0.272847   25.212511   library setup time
                                             25.212511   data required time
---------------------------------------------------------------------------------------------
                                             25.212511   data required time
                                            -31.529757   data arrival time
---------------------------------------------------------------------------------------------
                                             -6.317245   slack (VIOLATED)




===========================================================================
 report_check_types -max_slew -max_cap -max_fanout -violators
============================================================================
======================= nom_ss_100C_1v60 Corner ===================================

max slew

Pin                                        Limit        Slew       Slack
------------------------------------------------------------------------
_0973_/Y                                0.750000    0.854215   -0.104215 (VIOLATED)
_0977_/A1                               0.750000    0.854215   -0.104215 (VIOLATED)
_1031_/B1                               0.750000    0.854215   -0.104215 (VIOLATED)
max_cap35/A                             0.750000    0.854215   -0.104215 (VIOLATED)

max fanout

Pin                                   Limit Fanout  Slack
---------------------------------------------------------
_1614_/Q                                 10     21    -11 (VIOLATED)
_1615_/Q                                 10     21    -11 (VIOLATED)
fanout32/X                               10     21    -11 (VIOLATED)
fanout38/X                               10     21    -11 (VIOLATED)
fanout42/X                               10     21    -11 (VIOLATED)
fanout49/X                               10     21    -11 (VIOLATED)
clkbuf_0_clk/X                           10     17     -7 (VIOLATED)
fanout47/X                               10     17     -7 (VIOLATED)
_0854_/X                                 10     13     -3 (VIOLATED)
clkbuf_3_1__f_clk/X                      10     12     -2 (VIOLATED)
clkbuf_3_2__f_clk/X                      10     12     -2 (VIOLATED)
clkbuf_3_3__f_clk/X                      10     12     -2 (VIOLATED)
_0782_/Y                                 10     11        (VIOLATED)
clkbuf_3_5__f_clk/X                      10     11        (VIOLATED)



===========================================================================
report_parasitic_annotation -report_unannotated
============================================================================
Found 97 unannotated drivers.
 en
 gpio_in[10]
 gpio_in[11]
 gpio_in[12]
 gpio_in[13]
 gpio_in[14]
 gpio_in[15]
 gpio_in[16]
 gpio_in[17]
 gpio_in[18]
 gpio_in[19]
 gpio_in[20]
 gpio_in[21]
 gpio_in[22]
 gpio_in[23]
 gpio_in[24]
 gpio_in[25]
 gpio_in[26]
 gpio_in[27]
 gpio_in[28]
 gpio_in[29]
 gpio_in[30]
 gpio_in[31]
 gpio_in[32]
 gpio_in[33]
 gpio_in[4]
 gpio_in[5]
 gpio_in[6]
 gpio_in[7]
 gpio_in[8]
 gpio_in[9]
 clkload0/Y
 clkload1/X
 clkload2/X
 clkload3/Y
 clkload4/Y
 clkload5/Y
 clkload6/Y
 team_04_100/LO
 team_04_101/LO
 team_04_102/LO
 team_04_103/LO
 team_04_104/LO
 team_04_105/LO
 team_04_106/LO
 team_04_107/LO
 team_04_108/LO
 team_04_50/HI
 team_04_51/HI
 team_04_52/HI
 team_04_53/HI
 team_04_54/HI
 team_04_55/HI
 team_04_56/HI
 team_04_57/HI
 team_04_58/HI
 team_04_59/HI
 team_04_60/HI
 team_04_61/HI
 team_04_62/HI
 team_04_63/HI
 team_04_64/HI
 team_04_65/HI
 team_04_66/HI
 team_04_67/HI
 team_04_68/HI
 team_04_69/HI
 team_04_70/HI
 team_04_71/HI
 team_04_72/HI
 team_04_73/HI
 team_04_74/HI
 team_04_75/HI
 team_04_76/HI
 team_04_77/HI
 team_04_78/HI
 team_04_79/HI
 team_04_80/HI
 team_04_81/HI
 team_04_82/HI
 team_04_83/HI
 team_04_84/HI
 team_04_85/HI
 team_04_86/HI
 team_04_87/HI
 team_04_88/HI
 team_04_89/HI
 team_04_90/HI
 team_04_91/HI
 team_04_92/HI
 team_04_93/HI
 team_04_94/LO
 team_04_95/LO
 team_04_96/LO
 team_04_97/LO
 team_04_98/LO
 team_04_99/LO
Found 0 partially unannotated drivers.

===========================================================================
max slew violation count 4
max fanout violation count 14
max cap violation count 0
============================================================================

===========================================================================
check_setup -verbose -unconstrained_endpoints -multiple_clock -no_clock -no_input_delay -loops -generated_clocks
===========================================================================
Warning: There are 59 unconstrained endpoints.
  gpio_oeb[0]
  gpio_oeb[10]
  gpio_oeb[11]
  gpio_oeb[12]
  gpio_oeb[13]
  gpio_oeb[14]
  gpio_oeb[15]
  gpio_oeb[16]
  gpio_oeb[17]
  gpio_oeb[18]
  gpio_oeb[19]
  gpio_oeb[1]
  gpio_oeb[20]
  gpio_oeb[21]
  gpio_oeb[22]
  gpio_oeb[23]
  gpio_oeb[24]
  gpio_oeb[25]
  gpio_oeb[26]
  gpio_oeb[27]
  gpio_oeb[28]
  gpio_oeb[29]
  gpio_oeb[2]
  gpio_oeb[30]
  gpio_oeb[31]
  gpio_oeb[32]
  gpio_oeb[33]
  gpio_oeb[3]
  gpio_oeb[4]
  gpio_oeb[5]
  gpio_oeb[6]
  gpio_oeb[7]
  gpio_oeb[8]
  gpio_oeb[9]
  gpio_out[0]
  gpio_out[15]
  gpio_out[16]
  gpio_out[17]
  gpio_out[18]
  gpio_out[19]
  gpio_out[1]
  gpio_out[20]
  gpio_out[21]
  gpio_out[22]
  gpio_out[23]
  gpio_out[24]
  gpio_out[25]
  gpio_out[26]
  gpio_out[27]
  gpio_out[28]
  gpio_out[29]
  gpio_out[2]
  gpio_out[30]
  gpio_out[31]
  gpio_out[32]
  gpio_out[33]
  gpio_out[3]
  gpio_out[6]
  gpio_out[7]
