Clock: clk
Sources: clk 
Generated: no
Virtual: yes
Propagated: no
Period: 25.000000

===========================================================================
report_clock_properties
============================================================================
Clock                   Period          Waveform
----------------------------------------------------
clk                  25.000000    0.000000 12.500000

===========================================================================
report_clock_latency
============================================================================
Clock clk
rise -> rise
    min     max
0.000000 0.000000 source latency
0.735356         network latency _1624_/CLK
        0.751001 network latency _1637_/CLK
---------------
0.735356 0.751001 latency
        0.015644 skew

fall -> fall
    min     max
0.000000 0.000000 source latency
0.680308         network latency _1624_/CLK
        0.694379 network latency _1637_/CLK
---------------
0.680308 0.694379 latency
        0.014071 skew



===========================================================================
report_clock_min_period
============================================================================
clk period_min = 31.32 fmax = 31.93
