Clock: clk
Sources: clk 
Generated: no
Virtual: yes
Propagated: no
Period: 25.000000

===========================================================================
report_clock_properties
============================================================================
Clock                   Period          Waveform
----------------------------------------------------
clk                  25.000000    0.000000 12.500000

===========================================================================
report_clock_latency
============================================================================
Clock clk
rise -> rise
    min     max
0.000000 0.000000 source latency
0.981330         network latency _3516_/CLK
        6.953386 network latency _3593_/CLK
---------------
0.981330 6.953386 latency
        5.972057 skew

rise -> fall
    min     max
0.000000 0.000000 source latency
5.927034         network latency _3615_/CLK
        7.053512 network latency _3531_/CLK
---------------
5.927034 7.053512 latency
        1.126478 skew

fall -> fall
    min     max
0.000000 0.000000 source latency
0.853304         network latency _3516_/CLK
        1.228168 network latency _3526_/CLK
---------------
0.853304 1.228168 latency
        0.374864 skew



===========================================================================
report_clock_min_period
============================================================================
clk period_min = 9.44 fmax = 105.96
