
===========================================================================
report_checks -unconstrained
===========================================================================
======================= max_tt_025C_1v80 Corner ===================================

Startpoint: nrst (input port clocked by clk)
Endpoint: _3588_ (recovery check against rising-edge clock clk)
Path Group: asynchronous
Path Type: max

Fanout         Cap        Slew       Delay        Time   Description
---------------------------------------------------------------------------------------------
                                  0.000000    0.000000   clock clk (rise edge)
                                  0.000000    0.000000   clock network delay (propagated)
                                 20.000000   20.000000 ^ input external delay
     1    0.006698    0.036768    0.023467   20.023468 ^ nrst (in)
                                                         nrst (net)
                      0.036772    0.000000   20.023468 ^ input70/A (sky130_fd_sc_hd__buf_2)
     4    0.086464    0.414989    0.359968   20.383436 ^ input70/X (sky130_fd_sc_hd__buf_2)
                                                         net70 (net)
                      0.415090    0.005450   20.388885 ^ fanout260/A (sky130_fd_sc_hd__clkbuf_2)
     5    0.051370    0.279599    0.355209   20.744095 ^ fanout260/X (sky130_fd_sc_hd__clkbuf_2)
                                                         net260 (net)
                      0.279618    0.001949   20.746044 ^ fanout254/A (sky130_fd_sc_hd__clkbuf_2)
     5    0.041423    0.227164    0.299615   21.045658 ^ fanout254/X (sky130_fd_sc_hd__clkbuf_2)
                                                         net254 (net)
                      0.227173    0.001224   21.046883 ^ fanout253/A (sky130_fd_sc_hd__clkbuf_2)
     5    0.034884    0.191848    0.263082   21.309963 ^ fanout253/X (sky130_fd_sc_hd__clkbuf_2)
                                                         net253 (net)
                      0.192032    0.003899   21.313864 ^ fanout252/A (sky130_fd_sc_hd__clkbuf_4)
    10    0.063007    0.192776    0.288471   21.602335 ^ fanout252/X (sky130_fd_sc_hd__clkbuf_4)
                                                         net252 (net)
                      0.193271    0.008084   21.610418 ^ fanout251/A (sky130_fd_sc_hd__clkbuf_4)
    10    0.051261    0.159530    0.270045   21.880465 ^ fanout251/X (sky130_fd_sc_hd__clkbuf_4)
                                                         net251 (net)
                      0.159630    0.001490   21.881954 ^ _3588_/SET_B (sky130_fd_sc_hd__dfstp_1)
                                             21.881954   data arrival time

                                100.000000  100.000000   clock clk (rise edge)
                                  0.000000  100.000000   clock source latency
     1    0.048806    0.224088    0.158096  100.158096 ^ clk (in)
                                                         clk (net)
                      0.224447    0.000000  100.158096 ^ clkbuf_0_clk/A (sky130_fd_sc_hd__clkbuf_16)
     4    0.097691    0.115450    0.240775  100.398865 ^ clkbuf_0_clk/X (sky130_fd_sc_hd__clkbuf_16)
                                                         clknet_0_clk (net)
                      0.116274    0.007518  100.406387 ^ clkbuf_2_3__f_clk/A (sky130_fd_sc_hd__clkbuf_16)
    10    0.101712    0.118182    0.210001  100.616386 ^ clkbuf_2_3__f_clk/X (sky130_fd_sc_hd__clkbuf_16)
                                                         clknet_2_3__leaf_clk (net)
                      0.118618    0.005848  100.622231 ^ clkbuf_leaf_13_clk/A (sky130_fd_sc_hd__clkbuf_8)
    14    0.047763    0.094542    0.191903  100.814140 ^ clkbuf_leaf_13_clk/X (sky130_fd_sc_hd__clkbuf_8)
                                                         clknet_leaf_13_clk (net)
                      0.094732    0.002977  100.817116 ^ _3588_/CLK (sky130_fd_sc_hd__dfstp_1)
                                 -0.250000  100.567116   clock uncertainty
                                  0.000000  100.567116   clock reconvergence pessimism
                                  0.140325  100.707443   library recovery time
                                            100.707443   data required time
---------------------------------------------------------------------------------------------
                                            100.707443   data required time
                                            -21.881954   data arrival time
---------------------------------------------------------------------------------------------
                                             78.825485   slack (MET)


Startpoint: config_en (input port clocked by clk)
Endpoint: CBnorth_out[15] (output port clocked by clk)
Path Group: clk
Path Type: max

Fanout         Cap        Slew       Delay        Time   Description
---------------------------------------------------------------------------------------------
                                  0.000000    0.000000   clock clk (rise edge)
                                  0.000000    0.000000   clock network delay (propagated)
                                 20.000000   20.000000 v input external delay
     1    0.006240    0.016313    0.010209   20.010210 v config_en (in)
                                                         config_en (net)
                      0.016318    0.000000   20.010210 v input66/A (sky130_fd_sc_hd__clkbuf_1)
     1    0.004751    0.036678    0.084304   20.094513 v input66/X (sky130_fd_sc_hd__clkbuf_1)
                                                         net66 (net)
                      0.036681    0.000338   20.094851 v fanout310/A (sky130_fd_sc_hd__clkbuf_4)
     6    0.086051    0.172256    0.244178   20.339029 v fanout310/X (sky130_fd_sc_hd__clkbuf_4)
                                                         net310 (net)
                      0.174668    0.016390   20.355419 v fanout275/A (sky130_fd_sc_hd__clkbuf_2)
     5    0.037724    0.144084    0.251754   20.607174 v fanout275/X (sky130_fd_sc_hd__clkbuf_2)
                                                         net275 (net)
                      0.144170    0.003210   20.610384 v fanout273/A (sky130_fd_sc_hd__clkbuf_4)
    10    0.054458    0.112888    0.256504   20.866888 v fanout273/X (sky130_fd_sc_hd__clkbuf_4)
                                                         net273 (net)
                      0.112924    0.001947   20.868834 v _1620_/A (sky130_fd_sc_hd__inv_2)
    10    0.063398    0.288371    0.257725   21.126558 ^ _1620_/Y (sky130_fd_sc_hd__inv_2)
                                                         _1502_ (net)
                      0.288477    0.004599   21.131157 ^ _2096_/C1 (sky130_fd_sc_hd__o311a_2)
     5    0.036724    0.200649    0.363384   21.494541 ^ _2096_/X (sky130_fd_sc_hd__o311a_2)
                                                         _0730_ (net)
                      0.200690    0.002794   21.497335 ^ _2099_/A (sky130_fd_sc_hd__and2_2)
     8    0.066056    0.337465    0.393285   21.890621 ^ _2099_/X (sky130_fd_sc_hd__and2_2)
                                                         _0733_ (net)
                      0.337845    0.009372   21.899994 ^ _2100_/B1 (sky130_fd_sc_hd__o221a_1)
     1    0.002926    0.054843    0.245468   22.145462 ^ _2100_/X (sky130_fd_sc_hd__o221a_1)
                                                         _0734_ (net)
                      0.054843    0.000210   22.145670 ^ _2101_/B2 (sky130_fd_sc_hd__a221oi_1)
     1    0.004608    0.076772    0.079416   22.225086 v _2101_/Y (sky130_fd_sc_hd__a221oi_1)
                                                         _0735_ (net)
                      0.076773    0.000282   22.225368 v _2102_/B2 (sky130_fd_sc_hd__a221o_2)
     6    0.034056    0.135388    0.464826   22.690195 v _2102_/X (sky130_fd_sc_hd__a221o_2)
                                                         _0736_ (net)
                      0.135509    0.003624   22.693819 v _2107_/A (sky130_fd_sc_hd__nand2_2)
     8    0.047876    0.248567    0.244704   22.938522 ^ _2107_/Y (sky130_fd_sc_hd__nand2_2)
                                                         _0741_ (net)
                      0.248585    0.001791   22.940313 ^ _2146_/S (sky130_fd_sc_hd__mux2_1)
     1    0.003171    0.050958    0.178515   23.118828 ^ _2146_/X (sky130_fd_sc_hd__mux2_1)
                                                         _0780_ (net)
                      0.050958    0.000218   23.119047 ^ _2182_/A2 (sky130_fd_sc_hd__o211a_1)
     1    0.003405    0.044789    0.132305   23.251352 ^ _2182_/X (sky130_fd_sc_hd__o211a_1)
                                                         _0816_ (net)
                      0.044789    0.000147   23.251499 ^ _2233_/B2 (sky130_fd_sc_hd__o32a_2)
     3    0.047803    0.248677    0.277401   23.528900 ^ _2233_/X (sky130_fd_sc_hd__o32a_2)
                                                         _0867_ (net)
                      0.249034    0.007768   23.536669 ^ _2237_/A2 (sky130_fd_sc_hd__o211a_2)
     4    0.075314    0.427736    0.482379   24.019047 ^ _2237_/X (sky130_fd_sc_hd__o211a_2)
                                                         CB_0.le_outA (net)
                      0.428358    0.013390   24.032436 ^ fanout151/A (sky130_fd_sc_hd__buf_2)
    10    0.040433    0.199373    0.311200   24.343637 ^ fanout151/X (sky130_fd_sc_hd__buf_2)
                                                         net151 (net)
                      0.199596    0.004395   24.348032 ^ _1720_/A (sky130_fd_sc_hd__inv_2)
     4    0.011881    0.062237    0.077991   24.426023 v _1720_/Y (sky130_fd_sc_hd__inv_2)
                                                         _1602_ (net)
                      0.062239    0.000387   24.426411 v _1746_/A (sky130_fd_sc_hd__or3_1)
     1    0.002817    0.064577    0.366688   24.793098 v _1746_/X (sky130_fd_sc_hd__or3_1)
                                                         _0380_ (net)
                      0.064577    0.000131   24.793230 v _1747_/B1 (sky130_fd_sc_hd__o311a_1)
     1    0.007102    0.072018    0.146409   24.939638 v _1747_/X (sky130_fd_sc_hd__o311a_1)
                                                         _0381_ (net)
                      0.072021    0.000545   24.940184 v _1748_/B1 (sky130_fd_sc_hd__a211oi_2)
     2    0.013321    0.296264    0.312978   25.253162 ^ _1748_/Y (sky130_fd_sc_hd__a211oi_2)
                                                         _0382_ (net)
                      0.296264    0.000991   25.254154 ^ _2400_/B1 (sky130_fd_sc_hd__o21ai_4)
     9    0.052300    0.156247    0.195573   25.449726 v _2400_/Y (sky130_fd_sc_hd__o21ai_4)
                                                         _1030_ (net)
                      0.156321    0.002737   25.452463 v _2401_/B (sky130_fd_sc_hd__or2_1)
     1    0.004046    0.054207    0.253937   25.706402 v _2401_/X (sky130_fd_sc_hd__or2_1)
                                                         _1031_ (net)
                      0.054207    0.000169   25.706570 v _2417_/A2 (sky130_fd_sc_hd__a31o_1)
     1    0.001858    0.031981    0.195328   25.901897 v _2417_/X (sky130_fd_sc_hd__a31o_1)
                                                         _1047_ (net)
                      0.031981    0.000083   25.901981 v _2438_/B (sky130_fd_sc_hd__and4_2)
     6    0.065191    0.167516    0.318845   26.220827 v _2438_/X (sky130_fd_sc_hd__and4_2)
                                                         _1068_ (net)
                      0.171291    0.020036   26.240862 v _2483_/A1 (sky130_fd_sc_hd__o21ai_4)
     8    0.051505    0.382123    0.393950   26.634813 ^ _2483_/Y (sky130_fd_sc_hd__o21ai_4)
                                                         _1113_ (net)
                      0.382269    0.006041   26.640854 ^ _2522_/S (sky130_fd_sc_hd__mux2_1)
     1    0.016550    0.117812    0.438289   27.079144 v _2522_/X (sky130_fd_sc_hd__mux2_1)
                                                         _1152_ (net)
                      0.117836    0.001654   27.080797 v _2560_/A2 (sky130_fd_sc_hd__o211a_1)
     1    0.015498    0.093160    0.286940   27.367737 v _2560_/X (sky130_fd_sc_hd__o211a_1)
                                                         _1190_ (net)
                      0.093205    0.001917   27.369654 v _2606_/B2 (sky130_fd_sc_hd__o32a_1)
     3    0.025130    0.149375    0.279535   27.649189 v _2606_/X (sky130_fd_sc_hd__o32a_1)
                                                         _1236_ (net)
                      0.149391    0.001647   27.650835 v _2609_/A2 (sky130_fd_sc_hd__o211a_2)
     2    0.056068    0.153570    0.397744   28.048580 v _2609_/X (sky130_fd_sc_hd__o211a_2)
                                                         CB_1.le_outA (net)
                      0.153695    0.004203   28.052782 v fanout144/A (sky130_fd_sc_hd__buf_2)
    10    0.059048    0.141603    0.263830   28.316612 v fanout144/X (sky130_fd_sc_hd__buf_2)
                                                         net144 (net)
                      0.142787    0.010532   28.327145 v _1782_/A (sky130_fd_sc_hd__or3_1)
     2    0.012613    0.115355    0.462141   28.789284 v _1782_/X (sky130_fd_sc_hd__or3_1)
                                                         _0416_ (net)
                      0.115355    0.000510   28.789795 v _1783_/C1 (sky130_fd_sc_hd__o221a_1)
     1    0.003320    0.048448    0.146171   28.935966 v _1783_/X (sky130_fd_sc_hd__o221a_1)
                                                         _0417_ (net)
                      0.048448    0.000215   28.936180 v _1798_/A2 (sky130_fd_sc_hd__o311a_1)
     6    0.023515    0.136896    0.426617   29.362797 v _1798_/X (sky130_fd_sc_hd__o311a_1)
                                                         _0432_ (net)
                      0.136940    0.002316   29.365114 v _1801_/A (sky130_fd_sc_hd__and2_2)
     7    0.053326    0.140530    0.307672   29.672787 v _1801_/X (sky130_fd_sc_hd__and2_2)
                                                         _0435_ (net)
                      0.140826    0.005379   29.678165 v _2263_/A1 (sky130_fd_sc_hd__o221ai_1)
     1    0.006271    0.225010    0.266029   29.944193 ^ _2263_/Y (sky130_fd_sc_hd__o221ai_1)
                                                         _0895_ (net)
                      0.225010    0.000497   29.944691 ^ _2264_/B1 (sky130_fd_sc_hd__a31o_1)
     1    0.005434    0.068104    0.148887   30.093578 ^ _2264_/X (sky130_fd_sc_hd__a31o_1)
                                                         _0896_ (net)
                      0.068104    0.000224   30.093801 ^ _2265_/D (sky130_fd_sc_hd__and4_2)
     5    0.023532    0.146305    0.311147   30.404949 ^ _2265_/X (sky130_fd_sc_hd__and4_2)
                                                         _0897_ (net)
                      0.146314    0.001261   30.406210 ^ _2273_/A1 (sky130_fd_sc_hd__o21ai_4)
     9    0.036985    0.099656    0.127763   30.533972 v _2273_/Y (sky130_fd_sc_hd__o21ai_4)
                                                         _0905_ (net)
                      0.099811    0.003102   30.537075 v _2344_/S (sky130_fd_sc_hd__mux2_1)
     1    0.004247    0.057799    0.224375   30.761450 ^ _2344_/X (sky130_fd_sc_hd__mux2_1)
                                                         _0976_ (net)
                      0.057800    0.000291   30.761742 ^ _2345_/A2 (sky130_fd_sc_hd__o211a_1)
     1    0.003676    0.048723    0.135920   30.897661 ^ _2345_/X (sky130_fd_sc_hd__o211a_1)
                                                         _0977_ (net)
                      0.048724    0.000263   30.897923 ^ _2394_/B2 (sky130_fd_sc_hd__o32a_2)
     3    0.029648    0.159490    0.217092   31.115015 ^ _2394_/X (sky130_fd_sc_hd__o32a_2)
                                                         _1026_ (net)
                      0.159619    0.002832   31.117847 ^ _2397_/A2 (sky130_fd_sc_hd__o211a_2)
     3    0.049985    0.289284    0.370921   31.488768 ^ _2397_/X (sky130_fd_sc_hd__o211a_2)
                                                         CB_0.le_outB (net)
                      0.289471    0.006047   31.494814 ^ _1852_/B (sky130_fd_sc_hd__or3b_1)
     2    0.008510    0.087481    0.194813   31.689629 ^ _1852_/X (sky130_fd_sc_hd__or3b_1)
                                                         _0486_ (net)
                      0.087483    0.000544   31.690172 ^ _1854_/A3 (sky130_fd_sc_hd__a31oi_2)
     1    0.029978    0.201237    0.202821   31.892992 v _1854_/Y (sky130_fd_sc_hd__a31oi_2)
                                                         _0488_ (net)
                      0.201434    0.005080   31.898073 v _1855_/B1 (sky130_fd_sc_hd__a311o_4)
     6    0.048616    0.116390    0.510813   32.408886 v _1855_/X (sky130_fd_sc_hd__a311o_4)
                                                         _0489_ (net)
                      0.116565    0.003361   32.412247 v _2424_/A (sky130_fd_sc_hd__nor2_4)
     9    0.074887    0.461768    0.413436   32.825684 ^ _2424_/Y (sky130_fd_sc_hd__nor2_4)
                                                         _1054_ (net)
                      0.461842    0.004917   32.830601 ^ _2626_/B (sky130_fd_sc_hd__nand2_1)
     1    0.006354    0.105235    0.140915   32.971516 v _2626_/Y (sky130_fd_sc_hd__nand2_1)
                                                         _1254_ (net)
                      0.105236    0.000451   32.971966 v _2629_/A2 (sky130_fd_sc_hd__a31o_1)
     1    0.002987    0.037133    0.224269   33.196236 v _2629_/X (sky130_fd_sc_hd__a31o_1)
                                                         _1257_ (net)
                      0.037134    0.000117   33.196350 v _2638_/B (sky130_fd_sc_hd__and4_2)
     5    0.036001    0.106487    0.279986   33.476337 v _2638_/X (sky130_fd_sc_hd__and4_2)
                                                         _1266_ (net)
                      0.106761    0.004654   33.480991 v _2646_/A1 (sky130_fd_sc_hd__o21ai_4)
     9    0.063576    0.458521    0.425665   33.906654 ^ _2646_/Y (sky130_fd_sc_hd__o21ai_4)
                                                         _1274_ (net)
                      0.458531    0.001712   33.908367 ^ _2748_/S (sky130_fd_sc_hd__mux2_1)
     1    0.004103    0.056562    0.217888   34.126255 ^ _2748_/X (sky130_fd_sc_hd__mux2_1)
                                                         _1376_ (net)
                      0.056563    0.000266   34.126522 ^ _2751_/A2 (sky130_fd_sc_hd__o211a_1)
     1    0.002594    0.038839    0.127734   34.254257 ^ _2751_/X (sky130_fd_sc_hd__o211a_1)
                                                         _1379_ (net)
                      0.038839    0.000121   34.254379 ^ _2765_/B1 (sky130_fd_sc_hd__o32a_1)
     3    0.013602    0.150111    0.206612   34.460991 ^ _2765_/X (sky130_fd_sc_hd__o32a_1)
                                                         _1393_ (net)
                      0.150116    0.001059   34.462048 ^ _2768_/A2 (sky130_fd_sc_hd__o211a_1)
     1    0.005405    0.063463    0.167326   34.629375 ^ _2768_/X (sky130_fd_sc_hd__o211a_1)
                                                         CB_1.le_outB (net)
                      0.063464    0.000377   34.629749 ^ fanout141/A (sky130_fd_sc_hd__buf_2)
     7    0.059705    0.290374    0.284238   34.913990 ^ fanout141/X (sky130_fd_sc_hd__buf_2)
                                                         net141 (net)
                      0.290406    0.002572   34.916561 ^ _1722_/A (sky130_fd_sc_hd__inv_2)
     4    0.026658    0.107973    0.134396   35.050957 v _1722_/Y (sky130_fd_sc_hd__inv_2)
                                                         _1604_ (net)
                      0.107984    0.000938   35.051895 v fanout138/A (sky130_fd_sc_hd__clkbuf_4)
    10    0.049228    0.107433    0.231179   35.283073 v fanout138/X (sky130_fd_sc_hd__clkbuf_4)
                                                         net138 (net)
                      0.107797    0.005404   35.288479 v _1765_/A1 (sky130_fd_sc_hd__o32a_1)
     2    0.013746    0.100553    0.420322   35.708797 v _1765_/X (sky130_fd_sc_hd__o32a_1)
                                                         _0399_ (net)
                      0.100575    0.001471   35.710270 v _1767_/B2 (sky130_fd_sc_hd__a221o_1)
     1    0.006270    0.069458    0.356600   36.066868 v _1767_/X (sky130_fd_sc_hd__a221o_1)
                                                         _0401_ (net)
                      0.069459    0.000448   36.067318 v _1772_/A2 (sky130_fd_sc_hd__a311o_4)
     6    0.036519    0.103667    0.440188   36.507507 v _1772_/X (sky130_fd_sc_hd__a311o_4)
                                                         _0406_ (net)
                      0.103716    0.002128   36.509632 v _1775_/A (sky130_fd_sc_hd__nor2_2)
     7    0.070595    0.747731    0.612285   37.121918 ^ _1775_/Y (sky130_fd_sc_hd__nor2_2)
                                                         _0409_ (net)
                      0.747781    0.005159   37.127079 ^ _2777_/A2 (sky130_fd_sc_hd__o21a_1)
     1    0.002357    0.048204    0.177554   37.304630 ^ _2777_/X (sky130_fd_sc_hd__o21a_1)
                                                         _1395_ (net)
                      0.048217    0.000171   37.304802 ^ _2778_/A1 (sky130_fd_sc_hd__mux2_1)
     1    0.013124    0.126438    0.184791   37.489594 ^ _2778_/X (sky130_fd_sc_hd__mux2_1)
                                                         net93 (net)
                      0.126448    0.001258   37.490852 ^ output93/A (sky130_fd_sc_hd__buf_2)
     1    0.058320    0.283786    0.302933   37.793785 ^ output93/X (sky130_fd_sc_hd__buf_2)
                                                         CBnorth_out[15] (net)
                      0.283959    0.005805   37.799587 ^ CBnorth_out[15] (out)
                                             37.799587   data arrival time

                                100.000000  100.000000   clock clk (rise edge)
                                  0.000000  100.000000   clock network delay (propagated)
                                 -0.250000   99.750000   clock uncertainty
                                  0.000000   99.750000   clock reconvergence pessimism
                                -20.000000   79.750000   output external delay
                                             79.750000   data required time
---------------------------------------------------------------------------------------------
                                             79.750000   data required time
                                            -37.799587   data arrival time
---------------------------------------------------------------------------------------------
                                             41.950409   slack (MET)




===========================================================================
report_checks --slack_max -0.01
============================================================================
======================= max_tt_025C_1v80 Corner ===================================

No paths found.


===========================================================================
 report_check_types -max_slew -max_cap -max_fanout -violators
============================================================================
======================= max_tt_025C_1v80 Corner ===================================

max slew

Pin                                        Limit        Slew       Slack
------------------------------------------------------------------------
_2756_/B1                               0.750000    1.591309   -0.841309 (VIOLATED)
_2747_/Y                                0.750000    1.591278   -0.841278 (VIOLATED)
_2596_/B1                               0.750000    1.079033   -0.329033 (VIOLATED)
_2600_/B1                               0.750000    1.078970   -0.328970 (VIOLATED)
_2559_/B1                               0.750000    1.078822   -0.328822 (VIOLATED)
_2605_/A1                               0.750000    1.078673   -0.328673 (VIOLATED)
_2521_/Y                                0.750000    1.077382   -0.327382 (VIOLATED)
_2606_/A1                               0.750000    0.810619   -0.060619 (VIOLATED)
_2592_/Y                                0.750000    0.810607   -0.060608 (VIOLATED)

max fanout

Pin                                   Limit Fanout  Slack
---------------------------------------------------------
clkbuf_leaf_12_clk/X                     10     18     -8 (VIOLATED)
clkbuf_leaf_14_clk/X                     10     18     -8 (VIOLATED)
clkbuf_leaf_15_clk/X                     10     18     -8 (VIOLATED)
clkbuf_leaf_6_clk/X                      10     18     -8 (VIOLATED)
clkbuf_leaf_23_clk/X                     10     16     -6 (VIOLATED)
clkbuf_leaf_1_clk/X                      10     15     -5 (VIOLATED)
clkbuf_leaf_25_clk/X                     10     15     -5 (VIOLATED)
clkbuf_leaf_34_clk/X                     10     15     -5 (VIOLATED)
clkbuf_leaf_0_clk/X                      10     14     -4 (VIOLATED)
clkbuf_leaf_13_clk/X                     10     14     -4 (VIOLATED)
clkbuf_leaf_27_clk/X                     10     14     -4 (VIOLATED)
clkbuf_leaf_31_clk/X                     10     13     -3 (VIOLATED)
clkbuf_leaf_5_clk/X                      10     13     -3 (VIOLATED)
clkbuf_leaf_7_clk/X                      10     13     -3 (VIOLATED)
clkbuf_leaf_35_clk/X                     10     12     -2 (VIOLATED)
clkbuf_leaf_24_clk/X                     10     11        (VIOLATED)
clkbuf_leaf_30_clk/X                     10     11        (VIOLATED)
clkbuf_leaf_32_clk/X                     10     11        (VIOLATED)

max capacitance

Pin                                        Limit         Cap       Slack
------------------------------------------------------------------------
_2747_/Y                                0.047617    0.052286   -0.004669 (VIOLATED)



===========================================================================
report_parasitic_annotation -report_unannotated
============================================================================
Found 36 unannotated drivers.
 _2769_/X
 _2771_/X
 _2773_/X
 _2775_/X
 clkload0/Y
 clkload1/Y
 clkload10/Y
 clkload11/Y
 clkload12/Y
 clkload13/Y
 clkload14/Y
 clkload15/Y
 clkload16/Y
 clkload17/Y
 clkload18/Y
 clkload19/Y
 clkload2/X
 clkload20/Y
 clkload21/Y
 clkload22/Y
 clkload23/Y
 clkload24/Y
 clkload25/X
 clkload26/X
 clkload27/Y
 clkload28/Y
 clkload29/Y
 clkload3/X
 clkload30/Y
 clkload31/Y
 clkload4/Y
 clkload5/Y
 clkload6/Y
 clkload7/Y
 clkload8/Y
 clkload9/Y
Found 0 partially unannotated drivers.

===========================================================================
max slew violation count 9
max fanout violation count 18
max cap violation count 1
============================================================================

===========================================================================
check_setup -verbose -unconstrained_endpoints -multiple_clock -no_clock -no_input_delay -loops -generated_clocks
===========================================================================
Warning: There are 8 unclocked register/latch pins.
  _3304_/CLK
  _3353_/CLK
  _3354_/CLK
  _3375_/CLK
  _3376_/CLK
  _3397_/CLK
  _3398_/CLK
  _3419_/CLK
Warning: There are 8 unconstrained endpoints.
  _3304_/D
  _3353_/D
  _3354_/D
  _3375_/D
  _3376_/D
  _3397_/D
  _3398_/D
  _3419_/D
Warning: There are 58 combinational loops in the design.
  _2182_/X
  _2233_/B2
  _2233_/X
  _2237_/A2
  _2237_/X
  fanout151/A
  fanout151/X
  _1720_/A
  _1720_/Y
  _1746_/A
  _1746_/X
  _1747_/B1
  _1747_/X
  _1748_/B1
  _1748_/Y
  _2400_/B1
  _2400_/Y
  _2401_/B
  _2401_/X
  _2417_/A2
  _2417_/X
  _2438_/B
  _2438_/X
  _2483_/A1
  _2483_/Y
  _2522_/S
  _2522_/X
  _2560_/A2
  _2560_/X
  _2606_/B2
  _2606_/X
  _2609_/A2
  _2609_/X
  fanout144/A
  fanout144/X
  _1782_/A
  _1782_/X
  _1783_/C1
  _1783_/X
  _1798_/A2
  _1798_/X
  _1801_/A
  _1801_/X
  _2113_/A1
  _2113_/Y
  _2114_/B1
  _2114_/X
  _2124_/B
  _2124_/X
  _2144_/A2
  _2144_/X
  _2182_/A1
  | loop cut point
  _2182_/X
  --------------------------------
  _2233_/X
  _2237_/A2
  _2237_/X
  fanout151/A
  fanout151/X
  _1720_/A
  _1720_/Y
  _1746_/A
  _1746_/X
  _1747_/B1
  _1747_/X
  _1748_/B1
  _1748_/Y
  _2400_/B1
  _2400_/Y
  _2401_/B
  _2401_/X
  _2417_/A2
  _2417_/X
  _2438_/B
  _2438_/X
  _2483_/A1
  _2483_/Y
  _2522_/S
  _2522_/X
  _2560_/A2
  _2560_/X
  _2606_/B2
  _2606_/X
  _2609_/A2
  _2609_/X
  fanout144/A
  fanout144/X
  _1782_/A
  _1782_/X
  _1783_/C1
  _1783_/X
  _1798_/A2
  _1798_/X
  _1801_/A
  _1801_/X
  _2113_/A1
  _2113_/Y
  _2114_/B1
  _2114_/X
  _2124_/B
  _2124_/X
  _2144_/A2
  _2144_/X
  _2184_/B1
  _2184_/X
  _2224_/A2
  _2224_/X
  _2233_/B1
  | loop cut point
  _2233_/X
  --------------------------------
  _2233_/X
  _2237_/A2
  _2237_/X
  fanout151/A
  fanout151/X
  _1720_/A
  _1720_/Y
  _1746_/A
  _1746_/X
  _1747_/B1
  _1747_/X
  _1748_/B1
  _1748_/Y
  _2400_/B1
  _2400_/Y
  _2401_/B
  _2401_/X
  _2417_/A2
  _2417_/X
  _2438_/B
  _2438_/X
  _2483_/A1
  _2483_/Y
  _2522_/S
  _2522_/X
  _2560_/A2
  _2560_/X
  _2606_/B2
  _2606_/X
  _2609_/A2
  _2609_/X
  fanout144/A
  fanout144/X
  _1782_/A
  _1782_/X
  _1783_/C1
  _1783_/X
  _1798_/A2
  _1798_/X
  _1801_/A
  _1801_/X
  _2113_/A1
  _2113_/Y
  _2114_/B1
  _2114_/X
  _2124_/B
  _2124_/X
  _2144_/A2
  _2144_/X
  _2228_/A1
  _2228_/X
  _2233_/A2
  | loop cut point
  _2233_/X
  --------------------------------
  _2233_/X
  _2237_/A2
  _2237_/X
  fanout151/A
  fanout151/X
  _1720_/A
  _1720_/Y
  _1746_/A
  _1746_/X
  _1747_/B1
  _1747_/X
  _1748_/B1
  _1748_/Y
  _2400_/B1
  _2400_/Y
  _2401_/B
  _2401_/X
  _2417_/A2
  _2417_/X
  _2438_/B
  _2438_/X
  _2483_/A1
  _2483_/Y
  _2522_/S
  _2522_/X
  _2560_/A2
  _2560_/X
  _2606_/B2
  _2606_/X
  _2609_/A2
  _2609_/X
  fanout144/A
  fanout144/X
  _1782_/A
  _1782_/X
  _1783_/C1
  _1783_/X
  _1798_/A2
  _1798_/X
  _1801_/A
  _1801_/X
  _2113_/A1
  _2113_/Y
  _2114_/B1
  _2114_/X
  _2124_/B
  _2124_/X
  _2144_/A2
  _2144_/X
  _2232_/A1
  _2232_/X
  _2233_/A3
  | loop cut point
  _2233_/X
  --------------------------------
  _2182_/X
  _2233_/B2
  _2233_/X
  _2237_/A2
  _2237_/X
  fanout151/A
  fanout151/X
  _1720_/A
  _1720_/Y
  _1746_/A
  _1746_/X
  _1747_/B1
  _1747_/X
  _1748_/B1
  _1748_/Y
  _2400_/B1
  _2400_/Y
  _2401_/B
  _2401_/X
  _2417_/A2
  _2417_/X
  _2438_/B
  _2438_/X
  _2483_/A1
  _2483_/Y
  _2522_/S
  _2522_/X
  _2560_/A2
  _2560_/X
  _2606_/B2
  _2606_/X
  _2609_/A2
  _2609_/X
  fanout144/A
  fanout144/X
  _1782_/A
  _1782_/X
  _1783_/C1
  _1783_/X
  _1798_/A2
  _1798_/X
  _1801_/A
  _1801_/X
  _2113_/A1
  _2113_/Y
  _2114_/B1
  _2114_/X
  _2124_/B
  _2124_/X
  _2145_/A2
  _2145_/Y
  _2181_/B1
  _2181_/X
  _2182_/C1
  | loop cut point
  _2182_/X
  --------------------------------
  _2182_/X
  _2233_/B2
  _2233_/X
  _2237_/A2
  _2237_/X
  fanout151/A
  fanout151/X
  _1720_/A
  _1720_/Y
  _1746_/A
  _1746_/X
  _1747_/B1
  _1747_/X
  _1748_/B1
  _1748_/Y
  _2400_/B1
  _2400_/Y
  _2401_/B
  _2401_/X
  _2417_/A2
  _2417_/X
  _2438_/B
  _2438_/X
  _2483_/A1
  _2483_/Y
  _2522_/S
  _2522_/X
  _2560_/A2
  _2560_/X
  _2606_/B2
  _2606_/X
  _2609_/A2
  _2609_/X
  fanout144/A
  fanout144/X
  _1782_/A
  _1782_/X
  _1783_/C1
  _1783_/X
  _1798_/A2
  _1798_/X
  _1801_/A
  _1801_/X
  _2153_/A1
  _2153_/X
  _2154_/B
  _2154_/X
  _2162_/A_N
  _2162_/X
  _2179_/A1
  _2179_/Y
  _2182_/B1
  | loop cut point
  _2182_/X
  --------------------------------
  _2233_/X
  _2237_/A2
  _2237_/X
  fanout151/A
  fanout151/X
  _1720_/A
  _1720_/Y
  _1746_/A
  _1746_/X
  _1747_/B1
  _1747_/X
  _1748_/B1
  _1748_/Y
  _2400_/B1
  _2400_/Y
  _2401_/B
  _2401_/X
  _2417_/A2
  _2417_/X
  _2438_/B
  _2438_/X
  _2483_/A1
  _2483_/Y
  _2522_/S
  _2522_/X
  _2560_/A2
  _2560_/X
  _2606_/B2
  _2606_/X
  _2609_/A2
  _2609_/X
  fanout144/A
  fanout144/X
  _1782_/A
  _1782_/X
  _1783_/C1
  _1783_/X
  _1798_/A2
  _1798_/X
  _1801_/A
  _1801_/X
  _2198_/A1
  _2198_/X
  _2199_/B1
  _2199_/X
  _2202_/B
  _2202_/X
  _2216_/B1
  _2216_/X
  _2223_/B1
  _2223_/X
  _2233_/A1
  | loop cut point
  _2233_/X
  --------------------------------
  _2265_/X
  _2273_/A1
  _2273_/Y
  _2309_/A2
  _2309_/X
  _2345_/C1
  _2345_/X
  _2394_/B2
  _2394_/X
  _2397_/A2
  _2397_/X
  _1852_/B
  _1852_/X
  _1854_/A3
  _1854_/Y
  _1855_/B1
  _1855_/X
  _1858_/A
  _1858_/Y
  _2252_/B
  _2252_/Y
  _2256_/A2
  _2256_/X
  _2265_/B
  | loop cut point
  _2265_/X
  --------------------------------
  _2345_/X
  _2394_/B2
  _2394_/X
  _2397_/A2
  _2397_/X
  _1852_/B
  _1852_/X
  _1854_/A3
  _1854_/Y
  _1855_/B1
  _1855_/X
  _1858_/A
  _1858_/Y
  _2320_/B
  _2320_/Y
  _2321_/B1
  _2321_/X
  _2323_/B1
  _2323_/X
  _2324_/C
  _2324_/X
  _2342_/A2
  _2342_/X
  _2345_/B1
  | loop cut point
  _2345_/X
  --------------------------------
  _2394_/X
  _2397_/A2
  _2397_/X
  _1852_/B
  _1852_/X
  _1854_/A3
  _1854_/Y
  _1855_/B1
  _1855_/X
  _1858_/A
  _1858_/Y
  _2320_/B
  _2320_/Y
  _2321_/B1
  _2321_/X
  _2323_/B1
  _2323_/X
  _2324_/C
  _2324_/X
  _2342_/A2
  _2342_/X
  _2389_/C1
  _2389_/X
  _2394_/A2
  | loop cut point
  _2394_/X
  --------------------------------
  _2394_/X
  _2397_/A2
  _2397_/X
  _1852_/B
  _1852_/X
  _1854_/A3
  _1854_/Y
  _1855_/B1
  _1855_/X
  _1858_/A
  _1858_/Y
  _2320_/B
  _2320_/Y
  _2321_/B1
  _2321_/X
  _2323_/B1
  _2323_/X
  _2324_/C
  _2324_/X
  _2343_/A2
  _2343_/Y
  _2385_/A1
  _2385_/X
  _2394_/B1
  | loop cut point
  _2394_/X
  --------------------------------
  _2394_/X
  _2397_/A2
  _2397_/X
  _1852_/B
  _1852_/X
  _1854_/A3
  _1854_/Y
  _1855_/B1
  _1855_/X
  _1858_/A
  _1858_/Y
  _2320_/B
  _2320_/Y
  _2321_/B1
  _2321_/X
  _2323_/B1
  _2323_/X
  _2324_/C
  _2324_/X
  _2343_/A2
  _2343_/Y
  _2393_/C1
  _2393_/X
  _2394_/A3
  | loop cut point
  _2394_/X
  --------------------------------
  _2394_/X
  _2397_/A2
  _2397_/X
  _1852_/B
  _1852_/X
  _1854_/A3
  _1854_/Y
  _1855_/B1
  _1855_/X
  _1858_/A
  _1858_/Y
  _2364_/A2
  _2364_/X
  _2367_/A1
  _2367_/X
  _2375_/A2
  _2375_/X
  _2376_/A2
  _2376_/X
  _2383_/A
  _2383_/Y
  _2394_/A1
  | loop cut point
  _2394_/X
  --------------------------------
  _2102_/X
  _2107_/A
  _2107_/Y
  _2146_/S
  _2146_/X
  _2182_/A2
  _2182_/X
  _2233_/B2
  _2233_/X
  _2237_/A2
  _2237_/X
  fanout151/A
  fanout151/X
  _1720_/A
  _1720_/Y
  _1746_/A
  _1746_/X
  _1747_/B1
  _1747_/X
  _1748_/B1
  _1748_/Y
  _2400_/B1
  _2400_/Y
  _2401_/B
  _2401_/X
  _2417_/A2
  _2417_/X
  _2438_/B
  _2438_/X
  _2483_/A1
  _2483_/Y
  _2522_/S
  _2522_/X
  _2560_/A2
  _2560_/X
  _2606_/B2
  _2606_/X
  _2609_/A2
  _2609_/X
  fanout144/A
  fanout144/X
  _1782_/A
  _1782_/X
  _1783_/C1
  _1783_/X
  _1798_/A2
  _1798_/X
  _1801_/A
  _1801_/X
  _2263_/A1
  _2263_/Y
  _2264_/B1
  _2264_/X
  _2265_/D
  _2265_/X
  _2273_/A1
  _2273_/Y
  _2309_/A2
  _2309_/X
  _2345_/C1
  _2345_/X
  _2394_/B2
  _2394_/X
  _2397_/A2
  _2397_/X
  _1852_/B
  _1852_/X
  _1854_/A3
  _1854_/Y
  _1855_/B1
  _1855_/X
  _1878_/A2
  _1878_/X
  _1879_/B1
  _1879_/Y
  _1918_/A1
  _1918_/Y
  _2102_/A2
  | loop cut point
  _2102_/X
  --------------------------------
  _2309_/X
  _2345_/C1
  _2345_/X
  _2394_/B2
  _2394_/X
  _2397_/A2
  _2397_/X
  _1852_/B
  _1852_/X
  _1854_/A3
  _1854_/Y
  _1855_/B1
  _1855_/X
  _2293_/B
  _2293_/X
  _2294_/B1
  _2294_/X
  _2301_/B2
  _2301_/X
  _2302_/B2
  _2302_/X
  _2306_/A
  _2306_/X
  _2309_/B1
  | loop cut point
  _2309_/X
  --------------------------------
  _2345_/X
  _2394_/B2
  _2394_/X
  _2397_/A2
  _2397_/X
  _1852_/B
  _1852_/X
  _1854_/A3
  _1854_/Y
  _1855_/B1
  _1855_/X
  _2293_/B
  _2293_/X
  _2294_/B1
  _2294_/X
  _2301_/B2
  _2301_/X
  _2302_/B2
  _2302_/X
  _2307_/A
  _2307_/Y
  _2345_/A1
  | loop cut point
  _2345_/X
  --------------------------------
  _2438_/X
  _2483_/A1
  _2483_/Y
  _2522_/S
  _2522_/X
  _2560_/A2
  _2560_/X
  _2606_/B2
  _2606_/X
  _2609_/A2
  _2609_/X
  fanout144/A
  fanout144/X
  _1782_/A
  _1782_/X
  _1783_/C1
  _1783_/X
  _1798_/A2
  _1798_/X
  _1801_/A
  _1801_/X
  _2263_/A1
  _2263_/Y
  _2264_/B1
  _2264_/X
  _2265_/D
  _2265_/X
  _2273_/A1
  _2273_/Y
  _2309_/A2
  _2309_/X
  _2345_/C1
  _2345_/X
  _2394_/B2
  _2394_/X
  _2397_/A2
  _2397_/X
  _1852_/B
  _1852_/X
  _1854_/A3
  _1854_/Y
  _1855_/B1
  _1855_/X
  _2424_/A
  _2424_/Y
  _2425_/B
  _2425_/Y
  _2437_/A2
  _2437_/X
  _2438_/D
  | loop cut point
  _2438_/X
  --------------------------------
  _2560_/X
  _2606_/B2
  _2606_/X
  _2609_/A2
  _2609_/X
  fanout144/A
  fanout144/X
  _1782_/A
  _1782_/X
  _1783_/C1
  _1783_/X
  _1798_/A2
  _1798_/X
  _1801_/A
  _1801_/X
  _2263_/A1
  _2263_/Y
  _2264_/B1
  _2264_/X
  _2265_/D
  _2265_/X
  _2273_/A1
  _2273_/Y
  _2309_/A2
  _2309_/X
  _2345_/C1
  _2345_/X
  _2394_/B2
  _2394_/X
  _2397_/A2
  _2397_/X
  _1852_/B
  _1852_/X
  _1854_/A3
  _1854_/Y
  _1855_/B1
  _1855_/X
  _2424_/A
  _2424_/Y
  _2496_/B
  _2496_/Y
  _2499_/A2
  _2499_/X
  _2500_/D
  _2500_/X
  _2520_/A2
  _2520_/X
  _2560_/A1
  | loop cut point
  _2560_/X
  --------------------------------
  _2606_/X
  _2609_/A2
  _2609_/X
  fanout144/A
  fanout144/X
  _1782_/A
  _1782_/X
  _1783_/C1
  _1783_/X
  _1798_/A2
  _1798_/X
  _1801_/A
  _1801_/X
  _2263_/A1
  _2263_/Y
  _2264_/B1
  _2264_/X
  _2265_/D
  _2265_/X
  _2273_/A1
  _2273_/Y
  _2309_/A2
  _2309_/X
  _2345_/C1
  _2345_/X
  _2394_/B2
  _2394_/X
  _2397_/A2
  _2397_/X
  _1852_/B
  _1852_/X
  _1854_/A3
  _1854_/Y
  _1855_/B1
  _1855_/X
  _2424_/A
  _2424_/Y
  _2496_/B
  _2496_/Y
  _2499_/A2
  _2499_/X
  _2500_/D
  _2500_/X
  _2520_/A2
  _2520_/X
  _2594_/B1
  _2594_/X
  _2597_/A2
  _2597_/X
  _2606_/B1
  | loop cut point
  _2606_/X
  --------------------------------
  _2606_/X
  _2609_/A2
  _2609_/X
  fanout144/A
  fanout144/X
  _1782_/A
  _1782_/X
  _1783_/C1
  _1783_/X
  _1798_/A2
  _1798_/X
  _1801_/A
  _1801_/X
  _2263_/A1
  _2263_/Y
  _2264_/B1
  _2264_/X
  _2265_/D
  _2265_/X
  _2273_/A1
  _2273_/Y
  _2309_/A2
  _2309_/X
  _2345_/C1
  _2345_/X
  _2394_/B2
  _2394_/X
  _2397_/A2
  _2397_/X
  _1852_/B
  _1852_/X
  _1854_/A3
  _1854_/Y
  _1855_/B1
  _1855_/X
  _2424_/A
  _2424_/Y
  _2496_/B
  _2496_/Y
  _2499_/A2
  _2499_/X
  _2500_/D
  _2500_/X
  _2520_/A2
  _2520_/X
  _2601_/A1
  _2601_/X
  _2606_/A2
  | loop cut point
  _2606_/X
  --------------------------------
  _2606_/X
  _2609_/A2
  _2609_/X
  fanout144/A
  fanout144/X
  _1782_/A
  _1782_/X
  _1783_/C1
  _1783_/X
  _1798_/A2
  _1798_/X
  _1801_/A
  _1801_/X
  _2263_/A1
  _2263_/Y
  _2264_/B1
  _2264_/X
  _2265_/D
  _2265_/X
  _2273_/A1
  _2273_/Y
  _2309_/A2
  _2309_/X
  _2345_/C1
  _2345_/X
  _2394_/B2
  _2394_/X
  _2397_/A2
  _2397_/X
  _1852_/B
  _1852_/X
  _1854_/A3
  _1854_/Y
  _1855_/B1
  _1855_/X
  _2424_/A
  _2424_/Y
  _2496_/B
  _2496_/Y
  _2499_/A2
  _2499_/X
  _2500_/D
  _2500_/X
  _2520_/A2
  _2520_/X
  _2603_/B1
  _2603_/X
  _2605_/B1
  _2605_/X
  _2606_/A3
  | loop cut point
  _2606_/X
  --------------------------------
  _2560_/X
  _2606_/B2
  _2606_/X
  _2609_/A2
  _2609_/X
  fanout144/A
  fanout144/X
  _1782_/A
  _1782_/X
  _1783_/C1
  _1783_/X
  _1798_/A2
  _1798_/X
  _1801_/A
  _1801_/X
  _2263_/A1
  _2263_/Y
  _2264_/B1
  _2264_/X
  _2265_/D
  _2265_/X
  _2273_/A1
  _2273_/Y
  _2309_/A2
  _2309_/X
  _2345_/C1
  _2345_/X
  _2394_/B2
  _2394_/X
  _2397_/A2
  _2397_/X
  _1852_/B
  _1852_/X
  _1854_/A3
  _1854_/Y
  _1855_/B1
  _1855_/X
  _2424_/A
  _2424_/Y
  _2496_/B
  _2496_/Y
  _2499_/A2
  _2499_/X
  _2500_/D
  _2500_/X
  _2521_/A2
  _2521_/Y
  _2559_/B1
  _2559_/X
  _2560_/C1
  | loop cut point
  _2560_/X
  --------------------------------
  _2560_/X
  _2606_/B2
  _2606_/X
  _2609_/A2
  _2609_/X
  fanout144/A
  fanout144/X
  _1782_/A
  _1782_/X
  _1783_/C1
  _1783_/X
  _1798_/A2
  _1798_/X
  _1801_/A
  _1801_/X
  _2263_/A1
  _2263_/Y
  _2264_/B1
  _2264_/X
  _2265_/D
  _2265_/X
  _2273_/A1
  _2273_/Y
  _2309_/A2
  _2309_/X
  _2345_/C1
  _2345_/X
  _2394_/B2
  _2394_/X
  _2397_/A2
  _2397_/X
  _1852_/B
  _1852_/X
  _1854_/A3
  _1854_/Y
  _1855_/B1
  _1855_/X
  _2424_/A
  _2424_/Y
  _2533_/B
  _2533_/Y
  _2536_/A2
  _2536_/X
  _2537_/C
  _2537_/X
  _2557_/A2
  _2557_/Y
  _2560_/B1
  | loop cut point
  _2560_/X
  --------------------------------
  _2606_/X
  _2609_/A2
  _2609_/X
  fanout144/A
  fanout144/X
  _1782_/A
  _1782_/X
  _1783_/C1
  _1783_/X
  _1798_/A2
  _1798_/X
  _1801_/A
  _1801_/X
  _2263_/A1
  _2263_/Y
  _2264_/B1
  _2264_/X
  _2265_/D
  _2265_/X
  _2273_/A1
  _2273_/Y
  _2309_/A2
  _2309_/X
  _2345_/C1
  _2345_/X
  _2394_/B2
  _2394_/X
  _2397_/A2
  _2397_/X
  _1852_/B
  _1852_/X
  _1854_/A3
  _1854_/Y
  _1855_/B1
  _1855_/X
  _2424_/A
  _2424_/Y
  _2583_/B
  _2583_/Y
  _2586_/A2
  _2586_/X
  _2587_/C
  _2587_/X
  _2592_/A3
  _2592_/Y
  _2606_/A1
  | loop cut point
  _2606_/X
  --------------------------------
  _1855_/X
  _2424_/A
  _2424_/Y
  _2626_/B
  _2626_/Y
  _2629_/A2
  _2629_/X
  _2638_/B
  _2638_/X
  _2646_/A1
  _2646_/Y
  _2748_/S
  _2748_/X
  _2751_/A2
  _2751_/X
  _2765_/B1
  _2765_/X
  _2768_/A2
  _2768_/X
  fanout141/A
  fanout141/X
  _1722_/A
  _1722_/Y
  _1838_/A1
  _1838_/X
  _1843_/B2
  _1843_/X
  _1855_/A2
  | loop cut point
  _1855_/X
  --------------------------------
  _2629_/X
  _2638_/B
  _2638_/X
  _2646_/A1
  _2646_/Y
  _2748_/S
  _2748_/X
  _2751_/A2
  _2751_/X
  _2765_/B1
  _2765_/X
  _2768_/A2
  _2768_/X
  fanout141/A
  fanout141/X
  _1722_/A
  _1722_/Y
  _1867_/A1
  _1867_/X
  _1869_/B2
  _1869_/X
  _1874_/A1
  _1874_/X
  _2428_/A
  _2428_/X
  _2627_/B
  _2627_/X
  _2629_/A3
  | loop cut point
  _2629_/X
  --------------------------------
  _2751_/X
  _2765_/B1
  _2765_/X
  _2768_/A2
  _2768_/X
  fanout141/A
  fanout141/X
  _1722_/A
  _1722_/Y
  _1867_/A1
  _1867_/X
  _1869_/B2
  _1869_/X
  _1874_/A1
  _1874_/X
  _2428_/A
  _2428_/X
  _2648_/A2
  _2648_/X
  _2654_/A2
  _2654_/Y
  _2674_/A2
  _2674_/X
  _2678_/A2
  _2678_/Y
  _2751_/A1
  | loop cut point
  _2751_/X
  --------------------------------
  _2765_/X
  _2768_/A2
  _2768_/X
  fanout141/A
  fanout141/X
  _1722_/A
  _1722_/Y
  _1867_/A1
  _1867_/X
  _1869_/B2
  _1869_/X
  _1874_/A1
  _1874_/X
  _2428_/A
  _2428_/X
  _2648_/A2
  _2648_/X
  _2654_/A2
  _2654_/Y
  _2674_/A2
  _2674_/X
  _2678_/A2
  _2678_/Y
  _2753_/B1
  _2753_/X
  _2756_/A2
  _2756_/X
  _2765_/B2
  | loop cut point
  _2765_/X
  --------------------------------
  _2765_/X
  _2768_/A2
  _2768_/X
  fanout141/A
  fanout141/X
  _1722_/A
  _1722_/Y
  _1867_/A1
  _1867_/X
  _1869_/B2
  _1869_/X
  _1874_/A1
  _1874_/X
  _2428_/A
  _2428_/X
  _2648_/A2
  _2648_/X
  _2654_/A2
  _2654_/Y
  _2674_/A2
  _2674_/X
  _2678_/A2
  _2678_/Y
  _2760_/A1
  _2760_/X
  _2765_/A2
  | loop cut point
  _2765_/X
  --------------------------------
  _2765_/X
  _2768_/A2
  _2768_/X
  fanout141/A
  fanout141/X
  _1722_/A
  _1722_/Y
  _1867_/A1
  _1867_/X
  _1869_/B2
  _1869_/X
  _1874_/A1
  _1874_/X
  _2428_/A
  _2428_/X
  _2648_/A2
  _2648_/X
  _2654_/A2
  _2654_/Y
  _2674_/A2
  _2674_/X
  _2678_/A2
  _2678_/Y
  _2763_/B1
  _2763_/Y
  _2764_/B2
  _2764_/X
  _2765_/A3
  | loop cut point
  _2765_/X
  --------------------------------
  _2751_/X
  _2765_/B1
  _2765_/X
  _2768_/A2
  _2768_/X
  fanout141/A
  fanout141/X
  _1722_/A
  _1722_/Y
  _1867_/A1
  _1867_/X
  _1869_/B2
  _1869_/X
  _1874_/A1
  _1874_/X
  _2428_/A
  _2428_/X
  _2648_/A2
  _2648_/X
  _2654_/A2
  _2654_/Y
  _2674_/A2
  _2674_/X
  _2679_/A2
  _2679_/X
  _2750_/B1
  _2750_/X
  _2751_/B1
  | loop cut point
  _2751_/X
  --------------------------------
  _2751_/X
  _2765_/B1
  _2765_/X
  _2768_/A2
  _2768_/X
  fanout141/A
  fanout141/X
  _1722_/A
  _1722_/Y
  _1867_/A1
  _1867_/X
  _1869_/B2
  _1869_/X
  _1874_/A1
  _1874_/X
  _2428_/A
  _2428_/X
  _2681_/B
  _2681_/X
  _2687_/A3
  _2687_/X
  _2696_/B
  _2696_/X
  _2710_/B
  _2710_/Y
  _2714_/B1
  _2714_/X
  _2751_/C1
  | loop cut point
  _2751_/X
  --------------------------------
  _2765_/X
  _2768_/A2
  _2768_/X
  fanout141/A
  fanout141/X
  _1722_/A
  _1722_/Y
  _1867_/A1
  _1867_/X
  _1869_/B2
  _1869_/X
  _1874_/A1
  _1874_/X
  _2428_/A
  _2428_/X
  _2738_/B
  _2738_/X
  _2740_/A3
  _2740_/X
  _2741_/C
  _2741_/X
  _2746_/A3
  _2746_/X
  _2765_/A1
  | loop cut point
  _2765_/X
  --------------------------------
  _2629_/X
  _2638_/B
  _2638_/X
  _2646_/A1
  _2646_/Y
  _2748_/S
  _2748_/X
  _2751_/A2
  _2751_/X
  _2765_/B1
  _2765_/X
  _2768_/A2
  _2768_/X
  fanout141/A
  fanout141/X
  _1722_/A
  _1722_/Y
  _1881_/A1
  _1881_/X
  _1883_/B2
  _1883_/Y
  _1894_/A2
  _1894_/X
  _2435_/A
  _2435_/Y
  _2628_/B2
  _2628_/X
  _2629_/B1
  | loop cut point
  _2629_/X
  --------------------------------
  _1748_/Y
  _2400_/B1
  _2400_/Y
  _2401_/B
  _2401_/X
  _2417_/A2
  _2417_/X
  _2438_/B
  _2438_/X
  _2483_/A1
  _2483_/Y
  _2522_/S
  _2522_/X
  _2560_/A2
  _2560_/X
  _2606_/B2
  _2606_/X
  _2609_/A2
  _2609_/X
  fanout144/A
  fanout144/X
  _1782_/A
  _1782_/X
  _1783_/C1
  _1783_/X
  _1798_/A2
  _1798_/X
  _1801_/A
  _1801_/X
  _2263_/A1
  _2263_/Y
  _2264_/B1
  _2264_/X
  _2265_/D
  _2265_/X
  _2273_/A1
  _2273_/Y
  _2309_/A2
  _2309_/X
  _2345_/C1
  _2345_/X
  _2394_/B2
  _2394_/X
  _2397_/A2
  _2397_/X
  _1852_/B
  _1852_/X
  _1854_/A3
  _1854_/Y
  _1855_/B1
  _1855_/X
  _2424_/A
  _2424_/Y
  _2626_/B
  _2626_/Y
  _2629_/A2
  _2629_/X
  _2638_/B
  _2638_/X
  _2646_/A1
  _2646_/Y
  _2748_/S
  _2748_/X
  _2751_/A2
  _2751_/X
  _2765_/B1
  _2765_/X
  _2768_/A2
  _2768_/X
  fanout141/A
  fanout141/X
  _1722_/A
  _1722_/Y
  fanout138/A
  fanout138/X
  _1730_/A1
  _1730_/X
  _1734_/B2
  _1734_/X
  _1748_/A1
  | loop cut point
  _1748_/Y
  --------------------------------
  _2264_/X
  _2265_/D
  _2265_/X
  _2273_/A1
  _2273_/Y
  _2309_/A2
  _2309_/X
  _2345_/C1
  _2345_/X
  _2394_/B2
  _2394_/X
  _2397_/A2
  _2397_/X
  _1852_/B
  _1852_/X
  _1854_/A3
  _1854_/Y
  _1855_/B1
  _1855_/X
  _2424_/A
  _2424_/Y
  _2626_/B
  _2626_/Y
  _2629_/A2
  _2629_/X
  _2638_/B
  _2638_/X
  _2646_/A1
  _2646_/Y
  _2748_/S
  _2748_/X
  _2751_/A2
  _2751_/X
  _2765_/B1
  _2765_/X
  _2768_/A2
  _2768_/X
  fanout141/A
  fanout141/X
  _1722_/A
  _1722_/Y
  fanout138/A
  fanout138/X
  _1765_/A1
  _1765_/X
  _1767_/B2
  _1767_/X
  _1772_/A2
  _1772_/X
  _1775_/A
  _1775_/Y
  _2262_/B
  _2262_/Y
  _2264_/A3
  | loop cut point
  _2264_/X
  --------------------------------
  _2102_/X
  _2107_/A
  _2107_/Y
  _2146_/S
  _2146_/X
  _2182_/A2
  _2182_/X
  _2233_/B2
  _2233_/X
  _2237_/A2
  _2237_/X
  fanout151/A
  fanout151/X
  _1720_/A
  _1720_/Y
  _1746_/A
  _1746_/X
  _1747_/B1
  _1747_/X
  _1748_/B1
  _1748_/Y
  _2400_/B1
  _2400_/Y
  _2401_/B
  _2401_/X
  _2417_/A2
  _2417_/X
  _2438_/B
  _2438_/X
  _2483_/A1
  _2483_/Y
  _2522_/S
  _2522_/X
  _2560_/A2
  _2560_/X
  _2606_/B2
  _2606_/X
  _2609_/A2
  _2609_/X
  fanout144/A
  fanout144/X
  _1782_/A
  _1782_/X
  _1783_/C1
  _1783_/X
  _1798_/A2
  _1798_/X
  _1801_/A
  _1801_/X
  _2263_/A1
  _2263_/Y
  _2264_/B1
  _2264_/X
  _2265_/D
  _2265_/X
  _2273_/A1
  _2273_/Y
  _2309_/A2
  _2309_/X
  _2345_/C1
  _2345_/X
  _2394_/B2
  _2394_/X
  _2397_/A2
  _2397_/X
  _1852_/B
  _1852_/X
  _1854_/A3
  _1854_/Y
  _1855_/B1
  _1855_/X
  _2424_/A
  _2424_/Y
  _2626_/B
  _2626_/Y
  _2629_/A2
  _2629_/X
  _2638_/B
  _2638_/X
  _2646_/A1
  _2646_/Y
  _2748_/S
  _2748_/X
  _2751_/A2
  _2751_/X
  _2765_/B1
  _2765_/X
  _2768_/A2
  _2768_/X
  fanout141/A
  fanout141/X
  _1722_/A
  _1722_/Y
  fanout138/A
  fanout138/X
  _1765_/A1
  _1765_/X
  _1767_/B2
  _1767_/X
  _1772_/A2
  _1772_/X
  _1776_/A2
  _1776_/X
  _1831_/A2
  _1831_/X
  _1834_/A1
  _1834_/X
  _2102_/A1
  | loop cut point
  _2102_/X
  --------------------------------
  _2417_/X
  _2438_/B
  _2438_/X
  _2483_/A1
  _2483_/Y
  _2522_/S
  _2522_/X
  _2560_/A2
  _2560_/X
  _2606_/B2
  _2606_/X
  _2609_/A2
  _2609_/X
  fanout144/A
  fanout144/X
  _1782_/A
  _1782_/X
  _1783_/C1
  _1783_/X
  _1798_/A2
  _1798_/X
  _1801_/A
  _1801_/X
  _2263_/A1
  _2263_/Y
  _2264_/B1
  _2264_/X
  _2265_/D
  _2265_/X
  _2273_/A1
  _2273_/Y
  _2309_/A2
  _2309_/X
  _2345_/C1
  _2345_/X
  _2394_/B2
  _2394_/X
  _2397_/A2
  _2397_/X
  _1852_/B
  _1852_/X
  _1854_/A3
  _1854_/Y
  _1855_/B1
  _1855_/X
  _2424_/A
  _2424_/Y
  _2626_/B
  _2626_/Y
  _2629_/A2
  _2629_/X
  _2638_/B
  _2638_/X
  _2646_/A1
  _2646_/Y
  _2748_/S
  _2748_/X
  _2751_/A2
  _2751_/X
  _2765_/B1
  _2765_/X
  _2768_/A2
  _2768_/X
  fanout141/A
  fanout141/X
  _1722_/A
  _1722_/Y
  fanout138/A
  fanout138/X
  _1765_/A1
  _1765_/X
  _1767_/B2
  _1767_/X
  _1772_/A2
  _1772_/X
  _2404_/A
  _2404_/Y
  _2405_/B
  _2405_/Y
  _2417_/A3
  | loop cut point
  _2417_/X
  --------------------------------
  _2638_/X
  _2646_/A1
  _2646_/Y
  _2748_/S
  _2748_/X
  _2751_/A2
  _2751_/X
  _2765_/B1
  _2765_/X
  _2768_/A2
  _2768_/X
  fanout141/A
  fanout141/X
  _1722_/A
  _1722_/Y
  fanout138/A
  fanout138/X
  _1765_/A1
  _1765_/X
  _1767_/B2
  _1767_/X
  _1772_/A2
  _1772_/X
  _2404_/A
  _2404_/Y
  _2635_/B
  _2635_/Y
  _2637_/A3
  _2637_/X
  _2638_/D
  | loop cut point
  _2638_/X
  --------------------------------
  _1783_/X
  _1798_/A2
  _1798_/X
  _1801_/A
  _1801_/X
  _2263_/A1
  _2263_/Y
  _2264_/B1
  _2264_/X
  _2265_/D
  _2265_/X
  _2273_/A1
  _2273_/Y
  _2309_/A2
  _2309_/X
  _2345_/C1
  _2345_/X
  _2394_/B2
  _2394_/X
  _2397_/A2
  _2397_/X
  _1852_/B
  _1852_/X
  _1854_/A3
  _1854_/Y
  _1855_/B1
  _1855_/X
  _2424_/A
  _2424_/Y
  _2626_/B
  _2626_/Y
  _2629_/A2
  _2629_/X
  _2638_/B
  _2638_/X
  _2646_/A1
  _2646_/Y
  _2748_/S
  _2748_/X
  _2751_/A2
  _2751_/X
  _2765_/B1
  _2765_/X
  _2768_/A2
  _2768_/X
  fanout141/A
  fanout141/X
  _1722_/A
  _1722_/Y
  fanout138/A
  fanout138/X
  _1781_/A1
  _1781_/Y
  _1783_/B2
  | loop cut point
  _1783_/X
  --------------------------------
  _2263_/Y
  _2264_/B1
  _2264_/X
  _2265_/D
  _2265_/X
  _2273_/A1
  _2273_/Y
  _2309_/A2
  _2309_/X
  _2345_/C1
  _2345_/X
  _2394_/B2
  _2394_/X
  _2397_/A2
  _2397_/X
  _1852_/B
  _1852_/X
  _1854_/A3
  _1854_/Y
  _1855_/B1
  _1855_/X
  _2424_/A
  _2424_/Y
  _2626_/B
  _2626_/Y
  _2629_/A2
  _2629_/X
  _2638_/B
  _2638_/X
  _2646_/A1
  _2646_/Y
  _2748_/S
  _2748_/X
  _2751_/A2
  _2751_/X
  _2765_/B1
  _2765_/X
  _2768_/A2
  _2768_/X
  fanout141/A
  fanout141/X
  _1722_/A
  _1722_/Y
  fanout138/A
  fanout138/X
  _1808_/A1
  _1808_/Y
  _1810_/B2
  _1810_/X
  _1824_/A1
  _1824_/X
  _1827_/A
  _1827_/X
  _2263_/B2
  | loop cut point
  _2263_/Y
  --------------------------------
  _2417_/X
  _2438_/B
  _2438_/X
  _2483_/A1
  _2483_/Y
  _2522_/S
  _2522_/X
  _2560_/A2
  _2560_/X
  _2606_/B2
  _2606_/X
  _2609_/A2
  _2609_/X
  fanout144/A
  fanout144/X
  _1782_/A
  _1782_/X
  _1783_/C1
  _1783_/X
  _1798_/A2
  _1798_/X
  _1801_/A
  _1801_/X
  _2263_/A1
  _2263_/Y
  _2264_/B1
  _2264_/X
  _2265_/D
  _2265_/X
  _2273_/A1
  _2273_/Y
  _2309_/A2
  _2309_/X
  _2345_/C1
  _2345_/X
  _2394_/B2
  _2394_/X
  _2397_/A2
  _2397_/X
  _1852_/B
  _1852_/X
  _1854_/A3
  _1854_/Y
  _1855_/B1
  _1855_/X
  _2424_/A
  _2424_/Y
  _2626_/B
  _2626_/Y
  _2629_/A2
  _2629_/X
  _2638_/B
  _2638_/X
  _2646_/A1
  _2646_/Y
  _2748_/S
  _2748_/X
  _2751_/A2
  _2751_/X
  _2765_/B1
  _2765_/X
  _2768_/A2
  _2768_/X
  fanout141/A
  fanout141/X
  _1722_/A
  _1722_/Y
  fanout138/A
  fanout138/X
  _1808_/A1
  _1808_/Y
  _1810_/B2
  _1810_/X
  _1824_/A1
  _1824_/X
  _2413_/B
  _2413_/X
  _2416_/B1
  _2416_/Y
  _2417_/B1
  | loop cut point
  _2417_/X
  --------------------------------
  _2102_/X
  _2107_/A
  _2107_/Y
  _2146_/S
  _2146_/X
  _2182_/A2
  _2182_/X
  _2233_/B2
  _2233_/X
  _2237_/A2
  _2237_/X
  fanout151/A
  fanout151/X
  _1720_/A
  _1720_/Y
  _1746_/A
  _1746_/X
  _1747_/B1
  _1747_/X
  _1748_/B1
  _1748_/Y
  _2400_/B1
  _2400_/Y
  _2401_/B
  _2401_/X
  _2417_/A2
  _2417_/X
  _2438_/B
  _2438_/X
  _2483_/A1
  _2483_/Y
  _2522_/S
  _2522_/X
  _2560_/A2
  _2560_/X
  _2606_/B2
  _2606_/X
  _2609_/A2
  _2609_/X
  fanout144/A
  fanout144/X
  _1782_/A
  _1782_/X
  _1783_/C1
  _1783_/X
  _1798_/A2
  _1798_/X
  _1801_/A
  _1801_/X
  _2263_/A1
  _2263_/Y
  _2264_/B1
  _2264_/X
  _2265_/D
  _2265_/X
  _2273_/A1
  _2273_/Y
  _2309_/A2
  _2309_/X
  _2345_/C1
  _2345_/X
  _2394_/B2
  _2394_/X
  _2397_/A2
  _2397_/X
  _1852_/B
  _1852_/X
  _1854_/A3
  _1854_/Y
  _1855_/B1
  _1855_/X
  _2424_/A
  _2424_/Y
  _2626_/B
  _2626_/Y
  _2629_/A2
  _2629_/X
  _2638_/B
  _2638_/X
  _2646_/A1
  _2646_/Y
  _2748_/S
  _2748_/X
  _2751_/A2
  _2751_/X
  _2765_/B1
  _2765_/X
  _2768_/A2
  _2768_/X
  fanout141/A
  fanout141/X
  _1722_/A
  _1722_/Y
  fanout138/A
  fanout138/X
  _1994_/A1
  _1994_/X
  _1996_/B2
  _1996_/Y
  _2007_/A2
  _2007_/X
  _2011_/B1
  _2011_/X
  _2012_/A1_N
  _2012_/X
  _2013_/B1
  _2013_/X
  _2102_/B1
  | loop cut point
  _2102_/X
  --------------------------------
  _2273_/Y
  _2309_/A2
  _2309_/X
  _2345_/C1
  _2345_/X
  _2394_/B2
  _2394_/X
  _2397_/A2
  _2397_/X
  _1852_/B
  _1852_/X
  _1854_/A3
  _1854_/Y
  _1855_/B1
  _1855_/X
  _2424_/A
  _2424_/Y
  _2626_/B
  _2626_/Y
  _2629_/A2
  _2629_/X
  _2638_/B
  _2638_/X
  _2646_/A1
  _2646_/Y
  _2748_/S
  _2748_/X
  _2751_/A2
  _2751_/X
  _2765_/B1
  _2765_/X
  _2768_/A2
  _2768_/X
  fanout141/A
  fanout141/X
  _1722_/A
  _1722_/Y
  fanout138/A
  fanout138/X
  _1994_/A1
  _1994_/X
  _1996_/B2
  _1996_/Y
  _2007_/A2
  _2007_/X
  _2011_/B1
  _2011_/X
  _2243_/A2_N
  _2243_/X
  _2244_/B1
  _2244_/X
  _2266_/A1
  _2266_/X
  _2273_/A2
  | loop cut point
  _2273_/Y
  --------------------------------
  _2309_/X
  _2345_/C1
  _2345_/X
  _2394_/B2
  _2394_/X
  _2397_/A2
  _2397_/X
  _1852_/B
  _1852_/X
  _1854_/A3
  _1854_/Y
  _1855_/B1
  _1855_/X
  _2424_/A
  _2424_/Y
  _2626_/B
  _2626_/Y
  _2629_/A2
  _2629_/X
  _2638_/B
  _2638_/X
  _2646_/A1
  _2646_/Y
  _2748_/S
  _2748_/X
  _2751_/A2
  _2751_/X
  _2765_/B1
  _2765_/X
  _2768_/A2
  _2768_/X
  fanout141/A
  fanout141/X
  _1722_/A
  _1722_/Y
  fanout138/A
  fanout138/X
  _1994_/A1
  _1994_/X
  _1996_/B2
  _1996_/Y
  _2007_/A2
  _2007_/X
  _2011_/B1
  _2011_/X
  _2243_/A2_N
  _2243_/X
  _2244_/B1
  _2244_/X
  _2266_/A1
  _2266_/X
  _2308_/A2
  _2308_/X
  _2309_/C1
  | loop cut point
  _2309_/X
  --------------------------------
  _2483_/Y
  _2522_/S
  _2522_/X
  _2560_/A2
  _2560_/X
  _2606_/B2
  _2606_/X
  _2609_/A2
  _2609_/X
  fanout144/A
  fanout144/X
  _1782_/A
  _1782_/X
  _1783_/C1
  _1783_/X
  _1798_/A2
  _1798_/X
  _1801_/A
  _1801_/X
  _2263_/A1
  _2263_/Y
  _2264_/B1
  _2264_/X
  _2265_/D
  _2265_/X
  _2273_/A1
  _2273_/Y
  _2309_/A2
  _2309_/X
  _2345_/C1
  _2345_/X
  _2394_/B2
  _2394_/X
  _2397_/A2
  _2397_/X
  _1852_/B
  _1852_/X
  _1854_/A3
  _1854_/Y
  _1855_/B1
  _1855_/X
  _2424_/A
  _2424_/Y
  _2626_/B
  _2626_/Y
  _2629_/A2
  _2629_/X
  _2638_/B
  _2638_/X
  _2646_/A1
  _2646_/Y
  _2748_/S
  _2748_/X
  _2751_/A2
  _2751_/X
  _2765_/B1
  _2765_/X
  _2768_/A2
  _2768_/X
  fanout141/A
  fanout141/X
  _1722_/A
  _1722_/Y
  fanout138/A
  fanout138/X
  _1994_/A1
  _1994_/X
  _1996_/B2
  _1996_/Y
  _2007_/A2
  _2007_/X
  _2453_/A
  _2453_/Y
  _2454_/B1
  _2454_/X
  _2455_/B1
  _2455_/X
  _2476_/A1
  _2476_/X
  _2483_/A2
  | loop cut point
  _2483_/Y
  --------------------------------
  _2646_/Y
  _2748_/S
  _2748_/X
  _2751_/A2
  _2751_/X
  _2765_/B1
  _2765_/X
  _2768_/A2
  _2768_/X
  fanout141/A
  fanout141/X
  _1722_/A
  _1722_/Y
  fanout138/A
  fanout138/X
  _1994_/A1
  _1994_/X
  _1996_/B2
  _1996_/Y
  _2007_/A2
  _2007_/X
  _2453_/A
  _2453_/Y
  _2616_/B2
  _2616_/X
  _2617_/B1
  _2617_/X
  _2639_/A1
  _2639_/X
  _2646_/A2
  | loop cut point
  _2646_/Y
  --------------------------------
  _2101_/Y
  _2102_/B2
  _2102_/X
  _2107_/A
  _2107_/Y
  _2146_/S
  _2146_/X
  _2182_/A2
  _2182_/X
  _2233_/B2
  _2233_/X
  _2237_/A2
  _2237_/X
  fanout151/A
  fanout151/X
  _1720_/A
  _1720_/Y
  _1746_/A
  _1746_/X
  _1747_/B1
  _1747_/X
  _1748_/B1
  _1748_/Y
  _2400_/B1
  _2400_/Y
  _2401_/B
  _2401_/X
  _2417_/A2
  _2417_/X
  _2438_/B
  _2438_/X
  _2483_/A1
  _2483_/Y
  _2522_/S
  _2522_/X
  _2560_/A2
  _2560_/X
  _2606_/B2
  _2606_/X
  _2609_/A2
  _2609_/X
  fanout144/A
  fanout144/X
  _1782_/A
  _1782_/X
  _1783_/C1
  _1783_/X
  _1798_/A2
  _1798_/X
  _1801_/A
  _1801_/X
  _2263_/A1
  _2263_/Y
  _2264_/B1
  _2264_/X
  _2265_/D
  _2265_/X
  _2273_/A1
  _2273_/Y
  _2309_/A2
  _2309_/X
  _2345_/C1
  _2345_/X
  _2394_/B2
  _2394_/X
  _2397_/A2
  _2397_/X
  _1852_/B
  _1852_/X
  _1854_/A3
  _1854_/Y
  _1855_/B1
  _1855_/X
  _2424_/A
  _2424_/Y
  _2626_/B
  _2626_/Y
  _2629_/A2
  _2629_/X
  _2638_/B
  _2638_/X
  _2646_/A1
  _2646_/Y
  _2748_/S
  _2748_/X
  _2751_/A2
  _2751_/X
  _2765_/B1
  _2765_/X
  _2768_/A2
  _2768_/X
  fanout141/A
  fanout141/X
  _1722_/A
  _1722_/Y
  fanout138/A
  fanout138/X
  _2021_/A1
  _2021_/X
  _2025_/A2
  _2025_/Y
  _2038_/A1
  _2038_/X
  _2062_/A2
  _2062_/X
  _2063_/B1
  _2063_/X
  _2101_/B1
  | loop cut point
  _2101_/Y
  --------------------------------
  _2100_/X
  _2101_/B2
  _2101_/Y
  _2102_/B2
  _2102_/X
  _2107_/A
  _2107_/Y
  _2146_/S
  _2146_/X
  _2182_/A2
  _2182_/X
  _2233_/B2
  _2233_/X
  _2237_/A2
  _2237_/X
  fanout151/A
  fanout151/X
  _1720_/A
  _1720_/Y
  _1746_/A
  _1746_/X
  _1747_/B1
  _1747_/X
  _1748_/B1
  _1748_/Y
  _2400_/B1
  _2400_/Y
  _2401_/B
  _2401_/X
  _2417_/A2
  _2417_/X
  _2438_/B
  _2438_/X
  _2483_/A1
  _2483_/Y
  _2522_/S
  _2522_/X
  _2560_/A2
  _2560_/X
  _2606_/B2
  _2606_/X
  _2609_/A2
  _2609_/X
  fanout144/A
  fanout144/X
  _1782_/A
  _1782_/X
  _1783_/C1
  _1783_/X
  _1798_/A2
  _1798_/X
  _1801_/A
  _1801_/X
  _2263_/A1
  _2263_/Y
  _2264_/B1
  _2264_/X
  _2265_/D
  _2265_/X
  _2273_/A1
  _2273_/Y
  _2309_/A2
  _2309_/X
  _2345_/C1
  _2345_/X
  _2394_/B2
  _2394_/X
  _2397_/A2
  _2397_/X
  _1852_/B
  _1852_/X
  _1854_/A3
  _1854_/Y
  _1855_/B1
  _1855_/X
  _2424_/A
  _2424_/Y
  _2626_/B
  _2626_/Y
  _2629_/A2
  _2629_/X
  _2638_/B
  _2638_/X
  _2646_/A1
  _2646_/Y
  _2748_/S
  _2748_/X
  _2751_/A2
  _2751_/X
  _2765_/B1
  _2765_/X
  _2768_/A2
  _2768_/X
  fanout141/A
  fanout141/X
  _1722_/A
  _1722_/Y
  fanout138/A
  fanout138/X
  _2065_/A1
  _2065_/X
  _2067_/B2
  _2067_/Y
  _2078_/A2
  _2078_/X
  _2081_/A
  _2081_/X
  _2100_/A2
  | loop cut point
  _2100_/X
  --------------------------------
  _2085_/Y
  _2096_/A2
  _2096_/X
  _2099_/A
  _2099_/X
  _2100_/B1
  _2100_/X
  _2101_/B2
  _2101_/Y
  _2102_/B2
  _2102_/X
  _2107_/A
  _2107_/Y
  _2146_/S
  _2146_/X
  _2182_/A2
  _2182_/X
  _2233_/B2
  _2233_/X
  _2237_/A2
  _2237_/X
  fanout151/A
  fanout151/X
  _1720_/A
  _1720_/Y
  _1746_/A
  _1746_/X
  _1747_/B1
  _1747_/X
  _1748_/B1
  _1748_/Y
  _2400_/B1
  _2400_/Y
  _2401_/B
  _2401_/X
  _2417_/A2
  _2417_/X
  _2438_/B
  _2438_/X
  _2483_/A1
  _2483_/Y
  _2522_/S
  _2522_/X
  _2560_/A2
  _2560_/X
  _2606_/B2
  _2606_/X
  _2609_/A2
  _2609_/X
  fanout144/A
  fanout144/X
  _1782_/A
  _1782_/X
  _1783_/C1
  _1783_/X
  _1798_/A2
  _1798_/X
  _1801_/A
  _1801_/X
  _2263_/A1
  _2263_/Y
  _2264_/B1
  _2264_/X
  _2265_/D
  _2265_/X
  _2273_/A1
  _2273_/Y
  _2309_/A2
  _2309_/X
  _2345_/C1
  _2345_/X
  _2394_/B2
  _2394_/X
  _2397_/A2
  _2397_/X
  _1852_/B
  _1852_/X
  _1854_/A3
  _1854_/Y
  _1855_/B1
  _1855_/X
  _2424_/A
  _2424_/Y
  _2626_/B
  _2626_/Y
  _2629_/A2
  _2629_/X
  _2638_/B
  _2638_/X
  _2646_/A1
  _2646_/Y
  _2748_/S
  _2748_/X
  _2751_/A2
  _2751_/X
  _2765_/B1
  _2765_/X
  _2768_/A2
  _2768_/X
  fanout141/A
  fanout141/X
  _1722_/A
  _1722_/Y
  fanout138/A
  fanout138/X
  _2083_/A1
  _2083_/X
  _2085_/B2
  | loop cut point
  _2085_/Y
  --------------------------------
  _2107_/Y
  _2146_/S
  _2146_/X
  _2182_/A2
  _2182_/X
  _2233_/B2
  _2233_/X
  _2237_/A2
  _2237_/X
  fanout151/A
  fanout151/X
  _1720_/A
  _1720_/Y
  _1746_/A
  _1746_/X
  _1747_/B1
  _1747_/X
  _1748_/B1
  _1748_/Y
  _2400_/B1
  _2400_/Y
  _2401_/B
  _2401_/X
  _2417_/A2
  _2417_/X
  _2438_/B
  _2438_/X
  _2483_/A1
  _2483_/Y
  _2522_/S
  _2522_/X
  _2560_/A2
  _2560_/X
  _2606_/B2
  _2606_/X
  _2609_/A2
  _2609_/X
  fanout144/A
  fanout144/X
  _1782_/A
  _1782_/X
  _1783_/C1
  _1783_/X
  _1798_/A2
  _1798_/X
  _1801_/A
  _1801_/X
  _2263_/A1
  _2263_/Y
  _2264_/B1
  _2264_/X
  _2265_/D
  _2265_/X
  _2273_/A1
  _2273_/Y
  _2309_/A2
  _2309_/X
  _2345_/C1
  _2345_/X
  _2394_/B2
  _2394_/X
  _2397_/A2
  _2397_/X
  _1852_/B
  _1852_/X
  _1854_/A3
  _1854_/Y
  _1855_/B1
  _1855_/X
  _2424_/A
  _2424_/Y
  _2626_/B
  _2626_/Y
  _2629_/A2
  _2629_/X
  _2638_/B
  _2638_/X
  _2646_/A1
  _2646_/Y
  _2748_/S
  _2748_/X
  _2751_/A2
  _2751_/X
  _2765_/B1
  _2765_/X
  _2768_/A2
  _2768_/X
  fanout141/A
  fanout141/X
  fanout139/A
  fanout139/X
  _2104_/A3
  _2104_/X
  _2105_/A
  _2105_/Y
  _2106_/B1
  _2106_/X
  _2107_/B
  | loop cut point
  _2107_/Y
  --------------------------------
  _2273_/Y
  _2309_/A2
  _2309_/X
  _2345_/C1
  _2345_/X
  _2394_/B2
  _2394_/X
  _2397_/A2
  _2397_/X
  _1852_/B
  _1852_/X
  _1854_/A3
  _1854_/Y
  _1855_/B1
  _1855_/X
  _2424_/A
  _2424_/Y
  _2626_/B
  _2626_/Y
  _2629_/A2
  _2629_/X
  _2638_/B
  _2638_/X
  _2646_/A1
  _2646_/Y
  _2748_/S
  _2748_/X
  _2751_/A2
  _2751_/X
  _2765_/B1
  _2765_/X
  _2768_/A2
  _2768_/X
  fanout141/A
  fanout141/X
  fanout139/A
  fanout139/X
  _2270_/B
  _2270_/Y
  _2271_/B1
  _2271_/X
  _2272_/A3
  _2272_/X
  _2273_/B1
  | loop cut point
  _2273_/Y
  --------------------------------
  _2483_/Y
  _2522_/S
  _2522_/X
  _2560_/A2
  _2560_/X
  _2606_/B2
  _2606_/X
  _2609_/A2
  _2609_/X
  fanout144/A
  fanout144/X
  _1782_/A
  _1782_/X
  _1783_/C1
  _1783_/X
  _1798_/A2
  _1798_/X
  _1801_/A
  _1801_/X
  _2263_/A1
  _2263_/Y
  _2264_/B1
  _2264_/X
  _2265_/D
  _2265_/X
  _2273_/A1
  _2273_/Y
  _2309_/A2
  _2309_/X
  _2345_/C1
  _2345_/X
  _2394_/B2
  _2394_/X
  _2397_/A2
  _2397_/X
  _1852_/B
  _1852_/X
  _1854_/A3
  _1854_/Y
  _1855_/B1
  _1855_/X
  _2424_/A
  _2424_/Y
  _2626_/B
  _2626_/Y
  _2629_/A2
  _2629_/X
  _2638_/B
  _2638_/X
  _2646_/A1
  _2646_/Y
  _2748_/S
  _2748_/X
  _2751_/A2
  _2751_/X
  _2765_/B1
  _2765_/X
  _2768_/A2
  _2768_/X
  fanout141/A
  fanout141/X
  fanout139/A
  fanout139/X
  _2480_/B
  _2480_/Y
  _2481_/B1
  _2481_/X
  _2482_/A3
  _2482_/X
  _2483_/B1
  | loop cut point
  _2483_/Y
  --------------------------------
  _2646_/Y
  _2748_/S
  _2748_/X
  _2751_/A2
  _2751_/X
  _2765_/B1
  _2765_/X
  _2768_/A2
  _2768_/X
  fanout141/A
  fanout141/X
  fanout139/A
  fanout139/X
  _2643_/B
  _2643_/Y
  _2644_/B1
  _2644_/X
  _2645_/A3
  _2645_/X
  _2646_/B1
  | loop cut point
  _2646_/Y
  --------------------------------
  _1747_/X
  _1748_/B1
  _1748_/Y
  _2400_/B1
  _2400_/Y
  _2401_/B
  _2401_/X
  _2417_/A2
  _2417_/X
  _2438_/B
  _2438_/X
  _2483_/A1
  _2483_/Y
  _2522_/S
  _2522_/X
  _2560_/A2
  _2560_/X
  _2606_/B2
  _2606_/X
  _2609_/A2
  _2609_/X
  fanout144/A
  fanout144/X
  _1782_/A
  _1782_/X
  _1783_/C1
  _1783_/X
  _1798_/A2
  _1798_/X
  _1801_/A
  _1801_/X
  _2263_/A1
  _2263_/Y
  _2264_/B1
  _2264_/X
  _2265_/D
  _2265_/X
  _2273_/A1
  _2273_/Y
  _2309_/A2
  _2309_/X
  _2345_/C1
  _2345_/X
  _2394_/B2
  _2394_/X
  _2397_/A2
  _2397_/X
  fanout148/A
  fanout148/X
  fanout147/A
  fanout147/X
  _1745_/A
  _1745_/Y
  _1747_/A3
  | loop cut point
  _1747_/X
  --------------------------------
  _1798_/X
  _1801_/A
  _1801_/X
  _2263_/A1
  _2263_/Y
  _2264_/B1
  _2264_/X
  _2265_/D
  _2265_/X
  _2273_/A1
  _2273_/Y
  _2309_/A2
  _2309_/X
  _2345_/C1
  _2345_/X
  _2394_/B2
  _2394_/X
  _2397_/A2
  _2397_/X
  fanout148/A
  fanout148/X
  fanout147/A
  fanout147/X
  fanout146/A
  fanout146/X
  _1794_/A1
  _1794_/X
  _1797_/A1
  _1797_/X
  _1798_/B1
  | loop cut point
  _1798_/X
  --------------------------------
  _2096_/X
  _2099_/A
  _2099_/X
  _2100_/B1
  _2100_/X
  _2101_/B2
  _2101_/Y
  _2102_/B2
  _2102_/X
  _2107_/A
  _2107_/Y
  _2146_/S
  _2146_/X
  _2182_/A2
  _2182_/X
  _2233_/B2
  _2233_/X
  _2237_/A2
  _2237_/X
  fanout151/A
  fanout151/X
  _1720_/A
  _1720_/Y
  _1746_/A
  _1746_/X
  _1747_/B1
  _1747_/X
  _1748_/B1
  _1748_/Y
  _2400_/B1
  _2400_/Y
  _2401_/B
  _2401_/X
  _2417_/A2
  _2417_/X
  _2438_/B
  _2438_/X
  _2483_/A1
  _2483_/Y
  _2522_/S
  _2522_/X
  _2560_/A2
  _2560_/X
  _2606_/B2
  _2606_/X
  _2609_/A2
  _2609_/X
  fanout144/A
  fanout144/X
  _1782_/A
  _1782_/X
  _1783_/C1
  _1783_/X
  _1798_/A2
  _1798_/X
  _1801_/A
  _1801_/X
  _2263_/A1
  _2263_/Y
  _2264_/B1
  _2264_/X
  _2265_/D
  _2265_/X
  _2273_/A1
  _2273_/Y
  _2309_/A2
  _2309_/X
  _2345_/C1
  _2345_/X
  _2394_/B2
  _2394_/X
  _2397_/A2
  _2397_/X
  fanout148/A
  fanout148/X
  fanout147/A
  fanout147/X
  fanout146/A
  fanout146/X
  _2092_/A1
  _2092_/X
  _2095_/A1
  _2095_/X
  _2096_/B1
  | loop cut point
  _2096_/X
  --------------------------------
  _2085_/Y
  _2096_/A2
  _2096_/X
  _2099_/A
  _2099_/X
  _2100_/B1
  _2100_/X
  _2101_/B2
  _2101_/Y
  _2102_/B2
  _2102_/X
  _2107_/A
  _2107_/Y
  _2146_/S
  _2146_/X
  _2182_/A2
  _2182_/X
  _2233_/B2
  _2233_/X
  _2237_/A2
  _2237_/X
  fanout151/A
  fanout151/X
  _1720_/A
  _1720_/Y
  _1746_/A
  _1746_/X
  _1747_/B1
  _1747_/X
  _1748_/B1
  _1748_/Y
  _2400_/B1
  _2400_/Y
  _2401_/B
  _2401_/X
  _2417_/A2
  _2417_/X
  _2438_/B
  _2438_/X
  _2483_/A1
  _2483_/Y
  _2522_/S
  _2522_/X
  _2560_/A2
  _2560_/X
  _2606_/B2
  _2606_/X
  _2609_/A2
  _2609_/X
  fanout145/A
  fanout145/X
  _1721_/A
  _1721_/Y
  fanout143/A
  fanout143/X
  fanout142/A
  fanout142/X
  _2084_/A
  _2084_/X
  _2085_/C1
  | loop cut point
  _2085_/Y
  --------------------------------
