Clock: clk
Sources: clk 
Generated: no
Virtual: yes
Propagated: no
Period: 100.000000

===========================================================================
report_clock_properties
============================================================================
Clock                   Period          Waveform
----------------------------------------------------
clk                 100.000000    0.000000 50.000000

===========================================================================
report_clock_latency
============================================================================
Clock clk
rise -> rise
    min     max
0.000000 0.000000 source latency
0.625169         network latency _3576_/CLK
        20.509045 network latency _3398_/CLK
---------------
0.625169 20.509045 latency
        19.883875 skew

rise -> fall
    min     max
0.000000 0.000000 source latency
1.349626         network latency _3354_/CLK
        20.462734 network latency _3398_/CLK
---------------
1.349626 20.462734 latency
        19.113108 skew

fall -> fall
    min     max
0.000000 0.000000 source latency
0.511967         network latency _3576_/CLK
        0.717851 network latency _3339_/CLK
---------------
0.511967 0.717851 latency
        0.205883 skew



===========================================================================
report_clock_min_period
============================================================================
clk period_min = 2.62 fmax = 382.25
