Clock: clk
Sources: clk 
Generated: no
Virtual: yes
Propagated: no
Period: 25.000000

===========================================================================
report_clock_properties
============================================================================
Clock                   Period          Waveform
----------------------------------------------------
clk                  25.000000    0.000000 12.500000

===========================================================================
report_clock_latency
============================================================================
Clock clk
rise -> rise
    min     max
0.000000 0.000000 source latency
3.225376         network latency _25456_/CLK
        3.482709 network latency _24888_/CLK
---------------
3.225376 3.482709 latency
        0.257333 skew

fall -> fall
    min     max
0.000000 0.000000 source latency
2.559364         network latency _25456_/CLK
        2.794568 network latency _24888_/CLK
---------------
2.559364 2.794568 latency
        0.235204 skew



===========================================================================
report_clock_min_period
============================================================================
clk period_min = 3.19 fmax = 313.37
