Clock: clk
Sources: clk 
Generated: no
Virtual: yes
Propagated: no
Period: 25.000000

===========================================================================
report_clock_properties
============================================================================
Clock                   Period          Waveform
----------------------------------------------------
clk                  25.000000    0.000000 12.500000

===========================================================================
report_clock_latency
============================================================================
Clock clk
rise -> rise
    min     max
0.000000 0.000000 source latency
0.425375         network latency _436_/CLK
        0.770428 network latency _479_/CLK
---------------
0.425375 0.770428 latency
        0.345052 skew

rise -> fall
    min     max
0.000000 0.000000 source latency
0.803237         network latency _478_/CLK
        0.803274 network latency _479_/CLK
---------------
0.803237 0.803274 latency
        0.000036 skew

fall -> fall
    min     max
0.000000 0.000000 source latency
0.384725         network latency _436_/CLK
        0.394312 network latency _467_/CLK
---------------
0.384725 0.394312 latency
        0.009587 skew



===========================================================================
report_clock_min_period
============================================================================
clk period_min = 3.02 fmax = 331.07
