Clock: clk
Sources: wb_clk_i 
Generated: no
Virtual: yes
Propagated: no
Period: 100.000000

===========================================================================
report_clock_properties
============================================================================
Clock                   Period          Waveform
----------------------------------------------------
clk                 100.000000    0.000000 50.000000

===========================================================================
report_clock_latency
============================================================================
Clock clk
rise -> rise
    min     max
4.650000 5.570000 source latency
7.067719         network latency _5675_/CLK
        8.089518 network latency mprj.team_08_Wrapper.team_08_WB.instance_to_wrap/clk
---------------
11.717719 13.659518 latency
        1.941800 skew

fall -> fall
    min     max
4.650000 5.570000 source latency
7.258496         network latency _5675_/CLK
        8.055875 network latency mprj.team_08_Wrapper.team_08_WB.instance_to_wrap/clk
---------------
11.908496 13.625875 latency
        1.717378 skew



===========================================================================
report_clock_min_period
============================================================================
clk period_min = 22.97 fmax = 43.53
