
===========================================================================
report_checks -unconstrained
===========================================================================
======================= nom_ff_n40C_1v95 Corner ===================================

Startpoint: nrst (input port clocked by clk)
Endpoint: _0953_ (recovery check against rising-edge clock clk)
Path Group: asynchronous
Path Type: max

Fanout         Cap        Slew       Delay        Time   Description
---------------------------------------------------------------------------------------------
                                  0.000000    0.000000   clock clk (rise edge)
                                  0.000000    0.000000   clock network delay (propagated)
                                  5.000000    5.000000 ^ input external delay
     2    0.004401    0.019634    0.011453    5.011453 ^ nrst (in)
                                                         nrst (net)
                      0.019635    0.000000    5.011453 ^ input17/A (sky130_fd_sc_hd__dlymetal6s2s_1)
     7    0.028188    0.222447    0.186526    5.197978 ^ input17/X (sky130_fd_sc_hd__dlymetal6s2s_1)
                                                         net17 (net)
                      0.222459    0.001346    5.199324 ^ fanout39/A (sky130_fd_sc_hd__buf_2)
    15    0.042173    0.156259    0.188824    5.388148 ^ fanout39/X (sky130_fd_sc_hd__buf_2)
                                                         net39 (net)
                      0.156325    0.002665    5.390813 ^ fanout38/A (sky130_fd_sc_hd__clkbuf_4)
    21    0.069642    0.161075    0.208356    5.599168 ^ fanout38/X (sky130_fd_sc_hd__clkbuf_4)
                                                         net38 (net)
                      0.161086    0.001082    5.600251 ^ fanout37/A (sky130_fd_sc_hd__clkbuf_2)
     6    0.031224    0.133350    0.162472    5.762722 ^ fanout37/X (sky130_fd_sc_hd__clkbuf_2)
                                                         net37 (net)
                      0.133384    0.001748    5.764471 ^ _0953_/RESET_B (sky130_fd_sc_hd__dfrtp_1)
                                              5.764471   data arrival time

                                 25.000000   25.000000   clock clk (rise edge)
                                  0.000000   25.000000   clock source latency
     2    0.023588    0.083631    0.057561   25.057560 ^ clk (in)
                                                         clk (net)
                      0.083647    0.000000   25.057560 ^ clkbuf_0_clk/A (sky130_fd_sc_hd__clkbuf_16)
    17    0.102104    0.090774    0.144610   25.202169 ^ clkbuf_0_clk/X (sky130_fd_sc_hd__clkbuf_16)
                                                         clknet_0_clk (net)
                      0.090984    0.003507   25.205677 ^ clkbuf_3_7__f_clk/A (sky130_fd_sc_hd__clkbuf_16)
    13    0.045703    0.049546    0.116337   25.322014 ^ clkbuf_3_7__f_clk/X (sky130_fd_sc_hd__clkbuf_16)
                                                         clknet_3_7__leaf_clk (net)
                      0.049589    0.001247   25.323261 ^ _0953_/CLK (sky130_fd_sc_hd__dfrtp_1)
                                 -0.250000   25.073261   clock uncertainty
                                  0.000000   25.073261   clock reconvergence pessimism
                                  0.127370   25.200632   library recovery time
                                             25.200632   data required time
---------------------------------------------------------------------------------------------
                                             25.200632   data required time
                                             -5.764471   data arrival time
---------------------------------------------------------------------------------------------
                                             19.436161   slack (MET)


Startpoint: _0969_ (rising edge-triggered flip-flop clocked by clk)
Endpoint: gpio_out[17] (output port clocked by clk)
Path Group: clk
Path Type: max

Fanout         Cap        Slew       Delay        Time   Description
---------------------------------------------------------------------------------------------
                                  0.000000    0.000000   clock clk (rise edge)
                                  0.000000    0.000000   clock source latency
     2    0.023588    0.083631    0.057561    0.057561 ^ clk (in)
                                                         clk (net)
                      0.083647    0.000000    0.057561 ^ clkbuf_0_clk/A (sky130_fd_sc_hd__clkbuf_16)
    17    0.102104    0.090774    0.144609    0.202170 ^ clkbuf_0_clk/X (sky130_fd_sc_hd__clkbuf_16)
                                                         clknet_0_clk (net)
                      0.090816    0.001592    0.203762 ^ clkbuf_3_5__f_clk/A (sky130_fd_sc_hd__clkbuf_16)
    11    0.048701    0.051642    0.117838    0.321600 ^ clkbuf_3_5__f_clk/X (sky130_fd_sc_hd__clkbuf_16)
                                                         clknet_3_5__leaf_clk (net)
                      0.051719    0.001701    0.323301 ^ _0969_/CLK (sky130_fd_sc_hd__dfstp_1)
     4    0.011591    0.044487    0.246177    0.569477 v _0969_/Q (sky130_fd_sc_hd__dfstp_1)
                                                         MATMULT_INST.prod_adder.gen_for_loop[0].adder_n.a (net)
                      0.044491    0.000435    0.569912 v _0694_/B (sky130_fd_sc_hd__and2_1)
     3    0.010302    0.046221    0.124277    0.694189 v _0694_/X (sky130_fd_sc_hd__and2_1)
                                                         _0267_ (net)
                      0.046221    0.000181    0.694370 v _0695_/A2 (sky130_fd_sc_hd__o211a_1)
     2    0.003908    0.031999    0.135332    0.829702 v _0695_/X (sky130_fd_sc_hd__o211a_1)
                                                         _0268_ (net)
                      0.031999    0.000096    0.829798 v _0697_/B (sky130_fd_sc_hd__or2_1)
     2    0.005190    0.040201    0.129217    0.959015 v _0697_/X (sky130_fd_sc_hd__or2_1)
                                                         _0270_ (net)
                      0.040201    0.000145    0.959160 v _0698_/A2 (sky130_fd_sc_hd__a21o_1)
     2    0.005389    0.031499    0.122117    1.081277 v _0698_/X (sky130_fd_sc_hd__a21o_1)
                                                         _0271_ (net)
                      0.031499    0.000136    1.081413 v _0700_/A2 (sky130_fd_sc_hd__a21oi_1)
     3    0.011848    0.199540    0.185207    1.266620 ^ _0700_/Y (sky130_fd_sc_hd__a21oi_1)
                                                         _0273_ (net)
                      0.199541    0.000267    1.266888 ^ _0701_/A2 (sky130_fd_sc_hd__o21ai_1)
     3    0.007895    0.063724    0.068499    1.335387 v _0701_/Y (sky130_fd_sc_hd__o21ai_1)
                                                         _0274_ (net)
                      0.063745    0.000198    1.335585 v _0744_/C (sky130_fd_sc_hd__and3_1)
     1    0.001715    0.024148    0.117794    1.453379 v _0744_/X (sky130_fd_sc_hd__and3_1)
                                                         _0316_ (net)
                      0.024148    0.000033    1.453412 v _0746_/C (sky130_fd_sc_hd__or4_1)
     1    0.002535    0.051791    0.254511    1.707923 v _0746_/X (sky130_fd_sc_hd__or4_1)
                                                         _0318_ (net)
                      0.051791    0.000050    1.707973 v _0747_/C1 (sky130_fd_sc_hd__o211a_1)
     1    0.002532    0.027161    0.071679    1.779652 v _0747_/X (sky130_fd_sc_hd__o211a_1)
                                                         _0319_ (net)
                      0.027161    0.000071    1.779723 v _0748_/B1 (sky130_fd_sc_hd__o31ai_1)
     1    0.006013    0.189598    0.055766    1.835489 ^ _0748_/Y (sky130_fd_sc_hd__o31ai_1)
                                                         MATMULT_INST.serial_out (net)
                      0.189598    0.000242    1.835731 ^ _1110_/A (sky130_fd_sc_hd__clkbuf_1)
     1    0.002381    0.031082    0.057633    1.893363 ^ _1110_/X (sky130_fd_sc_hd__clkbuf_1)
                                                         net19 (net)
                      0.031082    0.000066    1.893429 ^ output19/A (sky130_fd_sc_hd__buf_2)
     1    0.033934    0.127061    0.136452    2.029882 ^ output19/X (sky130_fd_sc_hd__buf_2)
                                                         gpio_out[17] (net)
                      0.127065    0.000614    2.030496 ^ gpio_out[17] (out)
                                              2.030496   data arrival time

                                 25.000000   25.000000   clock clk (rise edge)
                                  0.000000   25.000000   clock network delay (propagated)
                                 -0.250000   24.750000   clock uncertainty
                                  0.000000   24.750000   clock reconvergence pessimism
                                 -5.000000   19.750000   output external delay
                                             19.750000   data required time
---------------------------------------------------------------------------------------------
                                             19.750000   data required time
                                             -2.030496   data arrival time
---------------------------------------------------------------------------------------------
                                             17.719503   slack (MET)




===========================================================================
report_checks --slack_max -0.01
============================================================================
======================= nom_ff_n40C_1v95 Corner ===================================

No paths found.


===========================================================================
 report_check_types -max_slew -max_cap -max_fanout -violators
============================================================================
======================= nom_ff_n40C_1v95 Corner ===================================

max fanout

Pin                                   Limit Fanout  Slack
---------------------------------------------------------
fanout24/X                               10     21    -11 (VIOLATED)
fanout38/X                               10     21    -11 (VIOLATED)
clkbuf_3_0__f_clk/X                      10     18     -8 (VIOLATED)
clkbuf_3_2__f_clk/X                      10     18     -8 (VIOLATED)
clkbuf_0_clk/X                           10     17     -7 (VIOLATED)
clkbuf_3_1__f_clk/X                      10     16     -6 (VIOLATED)
fanout39/X                               10     15     -5 (VIOLATED)
clkbuf_3_3__f_clk/X                      10     13     -3 (VIOLATED)
clkbuf_3_7__f_clk/X                      10     13     -3 (VIOLATED)
clkbuf_3_4__f_clk/X                      10     11        (VIOLATED)
clkbuf_3_5__f_clk/X                      10     11        (VIOLATED)
input5/X                                 10     11        (VIOLATED)
input7/X                                 10     11        (VIOLATED)



===========================================================================
report_parasitic_annotation -report_unannotated
============================================================================
Found 92 unannotated drivers.
 en
 gpio_in[16]
 gpio_in[17]
 gpio_in[18]
 gpio_in[19]
 gpio_in[20]
 gpio_in[21]
 gpio_in[22]
 gpio_in[23]
 gpio_in[24]
 gpio_in[25]
 gpio_in[26]
 gpio_in[27]
 gpio_in[28]
 gpio_in[29]
 gpio_in[30]
 gpio_in[31]
 gpio_in[32]
 gpio_in[33]
 clkload0/X
 clkload1/Y
 clkload2/Y
 clkload3/Y
 clkload4/Y
 clkload5/Y
 clkload6/Y
 team_07_100/HI
 team_07_101/HI
 team_07_102/HI
 team_07_103/LO
 team_07_104/LO
 team_07_105/LO
 team_07_40/HI
 team_07_41/HI
 team_07_42/HI
 team_07_43/HI
 team_07_44/HI
 team_07_45/HI
 team_07_46/HI
 team_07_47/HI
 team_07_48/HI
 team_07_49/HI
 team_07_50/HI
 team_07_51/HI
 team_07_52/HI
 team_07_53/HI
 team_07_54/HI
 team_07_55/HI
 team_07_56/HI
 team_07_57/HI
 team_07_58/HI
 team_07_59/HI
 team_07_60/HI
 team_07_61/HI
 team_07_62/HI
 team_07_63/HI
 team_07_64/HI
 team_07_65/HI
 team_07_66/HI
 team_07_67/HI
 team_07_68/HI
 team_07_69/HI
 team_07_70/HI
 team_07_71/HI
 team_07_72/HI
 team_07_73/HI
 team_07_74/HI
 team_07_75/HI
 team_07_76/HI
 team_07_77/HI
 team_07_78/HI
 team_07_79/HI
 team_07_80/HI
 team_07_81/HI
 team_07_82/HI
 team_07_83/HI
 team_07_84/HI
 team_07_85/HI
 team_07_86/HI
 team_07_87/HI
 team_07_88/HI
 team_07_89/HI
 team_07_90/HI
 team_07_91/HI
 team_07_92/HI
 team_07_93/HI
 team_07_94/HI
 team_07_95/HI
 team_07_96/HI
 team_07_97/HI
 team_07_98/HI
 team_07_99/HI
Found 0 partially unannotated drivers.

===========================================================================
max slew violation count 0
max fanout violation count 13
max cap violation count 0
============================================================================

===========================================================================
check_setup -verbose -unconstrained_endpoints -multiple_clock -no_clock -no_input_delay -loops -generated_clocks
===========================================================================
Warning: There are 66 unconstrained endpoints.
  gpio_oeb[0]
  gpio_oeb[10]
  gpio_oeb[11]
  gpio_oeb[12]
  gpio_oeb[13]
  gpio_oeb[14]
  gpio_oeb[15]
  gpio_oeb[16]
  gpio_oeb[17]
  gpio_oeb[18]
  gpio_oeb[19]
  gpio_oeb[1]
  gpio_oeb[20]
  gpio_oeb[21]
  gpio_oeb[22]
  gpio_oeb[23]
  gpio_oeb[24]
  gpio_oeb[25]
  gpio_oeb[26]
  gpio_oeb[27]
  gpio_oeb[28]
  gpio_oeb[29]
  gpio_oeb[2]
  gpio_oeb[30]
  gpio_oeb[31]
  gpio_oeb[32]
  gpio_oeb[33]
  gpio_oeb[3]
  gpio_oeb[4]
  gpio_oeb[5]
  gpio_oeb[6]
  gpio_oeb[7]
  gpio_oeb[8]
  gpio_oeb[9]
  gpio_out[0]
  gpio_out[10]
  gpio_out[11]
  gpio_out[12]
  gpio_out[13]
  gpio_out[14]
  gpio_out[15]
  gpio_out[18]
  gpio_out[19]
  gpio_out[1]
  gpio_out[20]
  gpio_out[21]
  gpio_out[22]
  gpio_out[23]
  gpio_out[24]
  gpio_out[25]
  gpio_out[26]
  gpio_out[27]
  gpio_out[28]
  gpio_out[29]
  gpio_out[2]
  gpio_out[30]
  gpio_out[31]
  gpio_out[32]
  gpio_out[33]
  gpio_out[3]
  gpio_out[4]
  gpio_out[5]
  gpio_out[6]
  gpio_out[7]
  gpio_out[8]
  gpio_out[9]
