Clock: clk
Sources: clk 
Generated: no
Virtual: yes
Propagated: no
Period: 25.000000

===========================================================================
report_clock_properties
============================================================================
Clock                   Period          Waveform
----------------------------------------------------
clk                  25.000000    0.000000 12.500000

===========================================================================
report_clock_latency
============================================================================
Clock clk
rise -> rise
    min     max
0.000000 0.000000 source latency
0.319598         network latency _0974_/CLK
        0.330822 network latency _0952_/CLK
---------------
0.319598 0.330822 latency
        0.011224 skew

fall -> fall
    min     max
0.000000 0.000000 source latency
0.277663         network latency _0974_/CLK
        0.286374 network latency _0952_/CLK
---------------
0.277663 0.286374 latency
        0.008711 skew



===========================================================================
report_clock_min_period
============================================================================
clk period_min = 2.31 fmax = 432.86
