Reading OpenROAD database at '/home/ajwey/CI2605_stuff/nebula-iii/openlane/ffram/runs/26_03_04_19_34/42-openroad-repairantennas/1-openroad-diodeinsertion/ffram.odb'…
Reading library file at '/home/ajwey/CI2605_stuff/nebula-iii/dependencies/pdks/sky130A/libs.ref/sky130_fd_sc_hd/lib/sky130_fd_sc_hd__tt_025C_1v80.lib'…
Reading design constraints file at '/nix/store/svkrfkkpaij5qb9xjbcwfymcd4s8hczv-python3-3.11.9-env/lib/python3.11/site-packages/librelane/scripts/base.sdc'…
[INFO] Using clock clk…
[INFO] Setting output delay to: 5
[INFO] Setting input delay to: 5
[INFO] Setting load to: 0.033442
[INFO] Setting clock uncertainty to: 0.25
[INFO] Setting clock transition to: 0.1499999999999999944488848768742172978818416595458984375
[INFO] Setting timing derate to: 5%
[INFO ORD-0030] Using 24 thread(s).
[INFO DRT-0149] Reading tech and libs.
[WARNING DRT-0349] LEF58_ENCLOSURE with no CUTCLASS is not supported. Skipping for layer mcon
[WARNING DRT-0349] LEF58_ENCLOSURE with no CUTCLASS is not supported. Skipping for layer mcon
[WARNING DRT-0349] LEF58_ENCLOSURE with no CUTCLASS is not supported. Skipping for layer via
[WARNING DRT-0349] LEF58_ENCLOSURE with no CUTCLASS is not supported. Skipping for layer via
[WARNING DRT-0349] LEF58_ENCLOSURE with no CUTCLASS is not supported. Skipping for layer via2
[WARNING DRT-0349] LEF58_ENCLOSURE with no CUTCLASS is not supported. Skipping for layer via2
[WARNING DRT-0349] LEF58_ENCLOSURE with no CUTCLASS is not supported. Skipping for layer via3
[WARNING DRT-0349] LEF58_ENCLOSURE with no CUTCLASS is not supported. Skipping for layer via3
[WARNING DRT-0349] LEF58_ENCLOSURE with no CUTCLASS is not supported. Skipping for layer via4
[WARNING DRT-0349] LEF58_ENCLOSURE with no CUTCLASS is not supported. Skipping for layer via4

Units:                1000
Number of layers:     13
Number of macros:     445
Number of vias:       28
Number of viarulegen: 25

[INFO DRT-0150] Reading design.

Design:                   ffram
Die area:                 ( 0 0 ) ( 700000 700000 )
Number of track patterns: 12
Number of DEF vias:       0
Number of components:     50421
Number of terminals:      109
Number of snets:          2
Number of nets:           22083

[INFO DRT-0167] List of default vias:
  Layer via
    default via: M1M2_PR
  Layer via2
    default via: M2M3_PR
  Layer via3
    default via: M3M4_PR
  Layer via4
    default via: M4M5_PR
[INFO DRT-0162] Library cell analysis.
[INFO DRT-0163] Instance analysis.
[INFO DRT-0164] Number of unique instances = 331.
[INFO DRT-0168] Init region query.
[INFO DRT-0024]   Complete FR_MASTERSLICE.
[INFO DRT-0024]   Complete licon.
[INFO DRT-0024]   Complete li1.
[INFO DRT-0024]   Complete mcon.
[INFO DRT-0024]   Complete met1.
[INFO DRT-0024]   Complete via.
[INFO DRT-0024]   Complete met2.
[INFO DRT-0024]   Complete via2.
[INFO DRT-0024]   Complete met3.
[INFO DRT-0024]   Complete via3.
[INFO DRT-0024]   Complete met4.
[INFO DRT-0024]   Complete via4.
[INFO DRT-0024]   Complete met5.
[INFO DRT-0033] FR_MASTERSLICE shape region query size = 0.
[INFO DRT-0033] licon shape region query size = 0.
[INFO DRT-0033] li1 shape region query size = 775138.
[INFO DRT-0033] mcon shape region query size = 0.
[INFO DRT-0033] met1 shape region query size = 135113.
[INFO DRT-0033] via shape region query size = 6250.
[INFO DRT-0033] met2 shape region query size = 3799.
[INFO DRT-0033] via2 shape region query size = 5000.
[INFO DRT-0033] met3 shape region query size = 3808.
[INFO DRT-0033] via3 shape region query size = 5000.
[INFO DRT-0033] met4 shape region query size = 1270.
[INFO DRT-0033] via4 shape region query size = 0.
[INFO DRT-0033] met5 shape region query size = 0.
[INFO DRT-0165] Start pin access.
[INFO DRT-0076]   Complete 1000 pins.
[INFO DRT-0078]   Complete 1249 pins.
[INFO DRT-0079]   Complete 100 unique inst patterns.
[INFO DRT-0079]   Complete 200 unique inst patterns.
[INFO DRT-0079]   Complete 300 unique inst patterns.
[INFO DRT-0081]   Complete 325 unique inst patterns.
[INFO DRT-0082]   Complete 10000 groups.
[INFO DRT-0084]   Complete 15168 groups.
#scanned instances     = 50421
#unique  instances     = 331
#stdCellGenAp          = 8898
#stdCellValidPlanarAp  = 0
#stdCellValidViaAp     = 7051
#stdCellPinNoAp        = 0
#stdCellPinCnt         = 73958
#instTermValidViaApCnt = 0
#macroGenAp            = 0
#macroValidPlanarAp    = 0
#macroValidViaAp       = 0
#macroNoAp             = 0
[INFO DRT-0166] Complete pin access.
[INFO DRT-0267] cpu time = 00:01:51, elapsed time = 00:00:07, memory = 338.78 (MB), peak = 349.95 (MB)
[INFO DRT-0156] guideIn read 100000 guides.
[INFO DRT-0156] guideIn read 200000 guides.

[INFO DRT-0157] Number of guides:     220474

[INFO DRT-0169] Post process guides.
[INFO DRT-0176] GCELLGRID X 0 DO 101 STEP 6900 ;
[INFO DRT-0177] GCELLGRID Y 0 DO 101 STEP 6900 ;
[INFO DRT-0026]   Complete 100000 origin guides.
[INFO DRT-0026]   Complete 200000 origin guides.
[INFO DRT-0028]   Complete FR_MASTERSLICE.
[INFO DRT-0028]   Complete licon.
[INFO DRT-0028]   Complete li1.
[INFO DRT-0028]   Complete mcon.
[INFO DRT-0028]   Complete met1.
[INFO DRT-0028]   Complete via.
[INFO DRT-0028]   Complete met2.
[INFO DRT-0028]   Complete via2.
[INFO DRT-0028]   Complete met3.
[INFO DRT-0028]   Complete via3.
[INFO DRT-0028]   Complete met4.
[INFO DRT-0028]   Complete via4.
[INFO DRT-0028]   Complete met5.
[INFO DRT-0178] Init guide query.
[INFO DRT-0035]   Complete FR_MASTERSLICE (guide).
[INFO DRT-0035]   Complete licon (guide).
[INFO DRT-0035]   Complete li1 (guide).
[INFO DRT-0035]   Complete mcon (guide).
[INFO DRT-0035]   Complete met1 (guide).
[INFO DRT-0035]   Complete via (guide).
[INFO DRT-0035]   Complete met2 (guide).
[INFO DRT-0035]   Complete via2 (guide).
[INFO DRT-0035]   Complete met3 (guide).
[INFO DRT-0035]   Complete via3 (guide).
[INFO DRT-0035]   Complete met4 (guide).
[INFO DRT-0035]   Complete via4 (guide).
[INFO DRT-0035]   Complete met5 (guide).
[INFO DRT-0036] FR_MASTERSLICE guide region query size = 0.
[INFO DRT-0036] licon guide region query size = 0.
[INFO DRT-0036] li1 guide region query size = 68968.
[INFO DRT-0036] mcon guide region query size = 0.
[INFO DRT-0036] met1 guide region query size = 54836.
[INFO DRT-0036] via guide region query size = 0.
[INFO DRT-0036] met2 guide region query size = 32860.
[INFO DRT-0036] via2 guide region query size = 0.
[INFO DRT-0036] met3 guide region query size = 6500.
[INFO DRT-0036] via3 guide region query size = 0.
[INFO DRT-0036] met4 guide region query size = 2237.
[INFO DRT-0036] via4 guide region query size = 0.
[INFO DRT-0036] met5 guide region query size = 0.
[INFO DRT-0179] Init gr pin query.
[INFO DRT-0245] skipped writing guide updates to database.
[INFO DRT-0185] Post process initialize RPin region query.
[INFO DRT-0181] Start track assignment.
[INFO DRT-0184] Done with 104065 vertical wires in 3 frboxes and 61336 horizontal wires in 3 frboxes.
[INFO DRT-0186] Done with 12564 vertical wires in 3 frboxes and 23209 horizontal wires in 3 frboxes.
[INFO DRT-0182] Complete track assignment.
[INFO DRT-0267] cpu time = 00:00:13, elapsed time = 00:00:03, memory = 634.28 (MB), peak = 634.28 (MB)
[INFO DRT-0187] Start routing data preparation.
[INFO DRT-0267] cpu time = 00:00:00, elapsed time = 00:00:00, memory = 634.28 (MB), peak = 634.28 (MB)
[INFO DRT-0194] Start detail routing.
[INFO DRT-0195] Start 0th optimization iteration.
    Completing 10% with 0 violations.
    elapsed time = 00:00:01, memory = 1656.16 (MB).
    Completing 20% with 0 violations.
    elapsed time = 00:00:04, memory = 1889.82 (MB).
    Completing 30% with 5696 violations.
    elapsed time = 00:00:10, memory = 1772.22 (MB).
    Completing 40% with 5696 violations.
    elapsed time = 00:00:14, memory = 2345.80 (MB).
    Completing 50% with 5696 violations.
    elapsed time = 00:00:19, memory = 2133.38 (MB).
    Completing 60% with 11661 violations.
    elapsed time = 00:00:24, memory = 2282.55 (MB).
    Completing 70% with 11661 violations.
    elapsed time = 00:00:31, memory = 2569.16 (MB).
    Completing 80% with 16999 violations.
    elapsed time = 00:00:38, memory = 2948.97 (MB).
    Completing 90% with 16999 violations.
    elapsed time = 00:00:44, memory = 3053.49 (MB).
    Completing 100% with 22385 violations.
    elapsed time = 00:00:51, memory = 2489.73 (MB).
[INFO DRT-0199]   Number of violations = 25488.
Viol/Layer         li1   mcon   met1    via   met2   met3   met4
Cut Spacing          0      5      0      2      0      0      0
Metal Spacing      169      0   2944      0    879    260      7
Min Hole             0      0      8      0      1      0      0
NS Metal             5      0      0      0      0      0      0
Recheck              7      0   1933      0    891    119    153
Short                0      4  15067      4   2744    273     13
[INFO DRT-0267] cpu time = 00:12:49, elapsed time = 00:00:52, memory = 2489.73 (MB), peak = 3138.31 (MB)
Total wire length = 1345911 um.
Total wire length on LAYER li1 = 0 um.
Total wire length on LAYER met1 = 460454 um.
Total wire length on LAYER met2 = 477995 um.
Total wire length on LAYER met3 = 268572 um.
Total wire length on LAYER met4 = 138890 um.
Total wire length on LAYER met5 = 0 um.
Total number of vias = 218680.
Up-via summary (total 218680):

-------------------------
 FR_MASTERSLICE         0
            li1     94798
           met1    108056
           met2     11468
           met3      4358
           met4         0
-------------------------
                   218680


[INFO DRT-0195] Start 1st optimization iteration.
    Completing 10% with 25488 violations.
    elapsed time = 00:00:01, memory = 3131.16 (MB).
    Completing 20% with 25488 violations.
    elapsed time = 00:00:04, memory = 3150.06 (MB).
    Completing 30% with 22995 violations.
    elapsed time = 00:00:14, memory = 2638.37 (MB).
    Completing 40% with 22995 violations.
    elapsed time = 00:00:17, memory = 3229.48 (MB).
    Completing 50% with 22995 violations.
    elapsed time = 00:00:21, memory = 2726.85 (MB).
    Completing 60% with 20247 violations.
    elapsed time = 00:00:28, memory = 3150.55 (MB).
    Completing 70% with 20247 violations.
    elapsed time = 00:00:31, memory = 3140.94 (MB).
    Completing 80% with 17725 violations.
    elapsed time = 00:00:36, memory = 3021.31 (MB).
    Completing 90% with 17725 violations.
    elapsed time = 00:00:40, memory = 3137.57 (MB).
    Completing 100% with 14835 violations.
    elapsed time = 00:00:52, memory = 2506.53 (MB).
[INFO DRT-0199]   Number of violations = 14835.
Viol/Layer        mcon   met1    via   met2   met3   met4
Cut Spacing          5      0      0      0      0      0
Metal Spacing        0   1501      0    548    164      2
Min Hole             0      1      0      1      0      0
Recheck              0      5      0      0      0      0
Short                0  11168      3   1367     62      8
[INFO DRT-0267] cpu time = 00:12:01, elapsed time = 00:00:53, memory = 2506.53 (MB), peak = 3349.56 (MB)
Total wire length = 1337609 um.
Total wire length on LAYER li1 = 0 um.
Total wire length on LAYER met1 = 454847 um.
Total wire length on LAYER met2 = 474115 um.
Total wire length on LAYER met3 = 269698 um.
Total wire length on LAYER met4 = 138948 um.
Total wire length on LAYER met5 = 0 um.
Total number of vias = 218426.
Up-via summary (total 218426):

-------------------------
 FR_MASTERSLICE         0
            li1     94786
           met1    107601
           met2     11797
           met3      4242
           met4         0
-------------------------
                   218426


[INFO DRT-0195] Start 2nd optimization iteration.
    Completing 10% with 14835 violations.
    elapsed time = 00:00:02, memory = 3125.47 (MB).
    Completing 20% with 14835 violations.
    elapsed time = 00:00:06, memory = 2959.67 (MB).
    Completing 30% with 14820 violations.
    elapsed time = 00:00:10, memory = 2675.70 (MB).
    Completing 40% with 14820 violations.
    elapsed time = 00:00:14, memory = 3345.16 (MB).
    Completing 50% with 14820 violations.
    elapsed time = 00:00:24, memory = 2533.71 (MB).
    Completing 60% with 14650 violations.
    elapsed time = 00:00:30, memory = 3226.33 (MB).
    Completing 70% with 14650 violations.
    elapsed time = 00:00:34, memory = 2944.63 (MB).
    Completing 80% with 14340 violations.
    elapsed time = 00:00:39, memory = 2543.39 (MB).
    Completing 90% with 14340 violations.
    elapsed time = 00:00:43, memory = 3290.32 (MB).
    Completing 100% with 13991 violations.
    elapsed time = 00:00:50, memory = 2541.65 (MB).
[INFO DRT-0199]   Number of violations = 13991.
Viol/Layer        mcon   met1   met2   met3   met4
Cut Spacing          2      0      0      0      0
Metal Spacing        0   1376    481    126      0
Min Hole             0      2      0      0      0
Short                0  10715   1253     29      7
[INFO DRT-0267] cpu time = 00:12:30, elapsed time = 00:00:51, memory = 2541.65 (MB), peak = 3371.79 (MB)
Total wire length = 1335906 um.
Total wire length on LAYER li1 = 0 um.
Total wire length on LAYER met1 = 454534 um.
Total wire length on LAYER met2 = 472787 um.
Total wire length on LAYER met3 = 269438 um.
Total wire length on LAYER met4 = 139145 um.
Total wire length on LAYER met5 = 0 um.
Total number of vias = 217816.
Up-via summary (total 217816):

-------------------------
 FR_MASTERSLICE         0
            li1     94786
           met1    107137
           met2     11578
           met3      4315
           met4         0
-------------------------
                   217816


[INFO DRT-0195] Start 3rd optimization iteration.
    Completing 10% with 13991 violations.
    elapsed time = 00:00:01, memory = 3266.71 (MB).
    Completing 20% with 13991 violations.
    elapsed time = 00:00:03, memory = 3197.95 (MB).
    Completing 30% with 11332 violations.
    elapsed time = 00:00:18, memory = 2551.31 (MB).
    Completing 40% with 11332 violations.
    elapsed time = 00:00:20, memory = 3221.08 (MB).
    Completing 50% with 11332 violations.
    elapsed time = 00:00:25, memory = 2811.05 (MB).
    Completing 60% with 8612 violations.
    elapsed time = 00:00:35, memory = 3212.79 (MB).
    Completing 70% with 8612 violations.
    elapsed time = 00:00:39, memory = 3186.56 (MB).
    Completing 80% with 5755 violations.
    elapsed time = 00:00:52, memory = 2668.84 (MB).
    Completing 90% with 5755 violations.
    elapsed time = 00:00:55, memory = 3211.54 (MB).
    Completing 100% with 3106 violations.
    elapsed time = 00:01:03, memory = 2570.59 (MB).
[INFO DRT-0199]   Number of violations = 3110.
Viol/Layer        mcon   met1    via   met2   met3
Cut Spacing          2      0      4      0      0
Metal Spacing        0    539      0    210     14
Min Hole             0      2      0      1      0
Recheck              0      4      0      0      0
Short                0   2032      1    295      6
[INFO DRT-0267] cpu time = 00:11:13, elapsed time = 00:01:03, memory = 2570.59 (MB), peak = 3413.05 (MB)
Total wire length = 1333868 um.
Total wire length on LAYER li1 = 0 um.
Total wire length on LAYER met1 = 415436 um.
Total wire length on LAYER met2 = 467546 um.
Total wire length on LAYER met3 = 304214 um.
Total wire length on LAYER met4 = 146670 um.
Total wire length on LAYER met5 = 0 um.
Total number of vias = 224202.
Up-via summary (total 224202):

-------------------------
 FR_MASTERSLICE         0
            li1     94786
           met1    108364
           met2     16074
           met3      4978
           met4         0
-------------------------
                   224202


[INFO DRT-0195] Start 4th optimization iteration.
    Completing 10% with 3110 violations.
    elapsed time = 00:00:00, memory = 2570.59 (MB).
    Completing 20% with 3110 violations.
    elapsed time = 00:00:00, memory = 3188.21 (MB).
    Completing 30% with 2601 violations.
    elapsed time = 00:00:10, memory = 2570.61 (MB).
    Completing 40% with 2601 violations.
    elapsed time = 00:00:10, memory = 3304.45 (MB).
    Completing 50% with 2601 violations.
    elapsed time = 00:00:11, memory = 2797.56 (MB).
    Completing 60% with 1905 violations.
    elapsed time = 00:00:29, memory = 2762.74 (MB).
    Completing 70% with 1905 violations.
    elapsed time = 00:00:29, memory = 3234.52 (MB).
    Completing 80% with 1233 violations.
    elapsed time = 00:00:32, memory = 2577.99 (MB).
    Completing 90% with 1233 violations.
    elapsed time = 00:00:33, memory = 3329.77 (MB).
    Completing 100% with 578 violations.
    elapsed time = 00:00:37, memory = 2577.95 (MB).
[INFO DRT-0199]   Number of violations = 578.
Viol/Layer        met1   met2
Metal Spacing       53     48
Short              408     69
[INFO DRT-0267] cpu time = 00:03:25, elapsed time = 00:00:37, memory = 2577.95 (MB), peak = 3413.05 (MB)
Total wire length = 1333800 um.
Total wire length on LAYER li1 = 0 um.
Total wire length on LAYER met1 = 413476 um.
Total wire length on LAYER met2 = 466933 um.
Total wire length on LAYER met3 = 305836 um.
Total wire length on LAYER met4 = 147554 um.
Total wire length on LAYER met5 = 0 um.
Total number of vias = 224563.
Up-via summary (total 224563):

-------------------------
 FR_MASTERSLICE         0
            li1     94786
           met1    108417
           met2     16310
           met3      5050
           met4         0
-------------------------
                   224563


[INFO DRT-0195] Start 5th optimization iteration.
    Completing 10% with 578 violations.
    elapsed time = 00:00:00, memory = 2577.95 (MB).
    Completing 20% with 578 violations.
    elapsed time = 00:00:00, memory = 2577.95 (MB).
    Completing 30% with 495 violations.
    elapsed time = 00:00:05, memory = 2581.86 (MB).
    Completing 40% with 495 violations.
    elapsed time = 00:00:05, memory = 2590.11 (MB).
    Completing 50% with 495 violations.
    elapsed time = 00:00:05, memory = 2592.17 (MB).
    Completing 60% with 428 violations.
    elapsed time = 00:00:27, memory = 2579.05 (MB).
    Completing 70% with 428 violations.
    elapsed time = 00:00:27, memory = 2579.05 (MB).
    Completing 80% with 356 violations.
    elapsed time = 00:00:33, memory = 2579.33 (MB).
    Completing 90% with 356 violations.
    elapsed time = 00:00:33, memory = 2603.14 (MB).
    Completing 100% with 192 violations.
    elapsed time = 00:00:37, memory = 2579.09 (MB).
[INFO DRT-0199]   Number of violations = 192.
Viol/Layer        met1   met2
Metal Spacing       24     20
Short              116     32
[INFO DRT-0267] cpu time = 00:01:39, elapsed time = 00:00:37, memory = 2579.09 (MB), peak = 3413.05 (MB)
Total wire length = 1333739 um.
Total wire length on LAYER li1 = 0 um.
Total wire length on LAYER met1 = 413304 um.
Total wire length on LAYER met2 = 466805 um.
Total wire length on LAYER met3 = 305927 um.
Total wire length on LAYER met4 = 147702 um.
Total wire length on LAYER met5 = 0 um.
Total number of vias = 224603.
Up-via summary (total 224603):

-------------------------
 FR_MASTERSLICE         0
            li1     94786
           met1    108431
           met2     16324
           met3      5062
           met4         0
-------------------------
                   224603


[INFO DRT-0195] Start 6th optimization iteration.
    Completing 10% with 192 violations.
    elapsed time = 00:00:00, memory = 2579.09 (MB).
    Completing 20% with 192 violations.
    elapsed time = 00:00:00, memory = 2579.09 (MB).
    Completing 30% with 152 violations.
    elapsed time = 00:00:02, memory = 2579.08 (MB).
    Completing 40% with 152 violations.
    elapsed time = 00:00:02, memory = 2579.08 (MB).
    Completing 50% with 152 violations.
    elapsed time = 00:00:02, memory = 2579.08 (MB).
    Completing 60% with 107 violations.
    elapsed time = 00:00:08, memory = 2579.25 (MB).
    Completing 70% with 107 violations.
    elapsed time = 00:00:08, memory = 2579.25 (MB).
    Completing 80% with 102 violations.
    elapsed time = 00:00:14, memory = 2579.19 (MB).
    Completing 90% with 102 violations.
    elapsed time = 00:00:14, memory = 2579.19 (MB).
    Completing 100% with 80 violations.
    elapsed time = 00:00:23, memory = 2579.19 (MB).
[INFO DRT-0199]   Number of violations = 80.
Viol/Layer        met1   met2
Metal Spacing        7     12
Short               43     18
[INFO DRT-0267] cpu time = 00:00:49, elapsed time = 00:00:23, memory = 2579.19 (MB), peak = 3413.05 (MB)
Total wire length = 1333741 um.
Total wire length on LAYER li1 = 0 um.
Total wire length on LAYER met1 = 413307 um.
Total wire length on LAYER met2 = 466806 um.
Total wire length on LAYER met3 = 305921 um.
Total wire length on LAYER met4 = 147706 um.
Total wire length on LAYER met5 = 0 um.
Total number of vias = 224591.
Up-via summary (total 224591):

-------------------------
 FR_MASTERSLICE         0
            li1     94786
           met1    108426
           met2     16314
           met3      5065
           met4         0
-------------------------
                   224591


[INFO DRT-0195] Start 7th optimization iteration.
    Completing 10% with 80 violations.
    elapsed time = 00:00:00, memory = 2579.19 (MB).
    Completing 20% with 80 violations.
    elapsed time = 00:00:00, memory = 2579.19 (MB).
    Completing 30% with 80 violations.
    elapsed time = 00:00:06, memory = 2579.19 (MB).
    Completing 40% with 80 violations.
    elapsed time = 00:00:07, memory = 2589.31 (MB).
    Completing 50% with 80 violations.
    elapsed time = 00:00:07, memory = 2594.75 (MB).
    Completing 60% with 77 violations.
    elapsed time = 00:00:07, memory = 2579.19 (MB).
    Completing 70% with 77 violations.
    elapsed time = 00:00:07, memory = 2579.19 (MB).
    Completing 80% with 72 violations.
    elapsed time = 00:00:08, memory = 2579.19 (MB).
    Completing 90% with 72 violations.
    elapsed time = 00:00:08, memory = 2579.19 (MB).
    Completing 100% with 72 violations.
    elapsed time = 00:00:15, memory = 2579.19 (MB).
[INFO DRT-0199]   Number of violations = 72.
Viol/Layer        met1   met2
Metal Spacing        6     12
Short               36     18
[INFO DRT-0267] cpu time = 00:00:40, elapsed time = 00:00:15, memory = 2579.19 (MB), peak = 3413.05 (MB)
Total wire length = 1333719 um.
Total wire length on LAYER li1 = 0 um.
Total wire length on LAYER met1 = 413256 um.
Total wire length on LAYER met2 = 466783 um.
Total wire length on LAYER met3 = 305933 um.
Total wire length on LAYER met4 = 147745 um.
Total wire length on LAYER met5 = 0 um.
Total number of vias = 224605.
Up-via summary (total 224605):

-------------------------
 FR_MASTERSLICE         0
            li1     94786
           met1    108428
           met2     16322
           met3      5069
           met4         0
-------------------------
                   224605


[INFO DRT-0195] Start 8th optimization iteration.
    Completing 10% with 72 violations.
    elapsed time = 00:00:00, memory = 2579.19 (MB).
    Completing 20% with 72 violations.
    elapsed time = 00:00:00, memory = 2579.19 (MB).
    Completing 30% with 72 violations.
    elapsed time = 00:00:00, memory = 2579.19 (MB).
    Completing 40% with 72 violations.
    elapsed time = 00:00:00, memory = 2579.19 (MB).
    Completing 50% with 72 violations.
    elapsed time = 00:00:01, memory = 2579.19 (MB).
    Completing 60% with 70 violations.
    elapsed time = 00:00:01, memory = 2579.19 (MB).
    Completing 70% with 70 violations.
    elapsed time = 00:00:01, memory = 2579.19 (MB).
    Completing 80% with 70 violations.
    elapsed time = 00:00:26, memory = 2579.19 (MB).
    Completing 90% with 70 violations.
    elapsed time = 00:00:26, memory = 2583.31 (MB).
    Completing 100% with 70 violations.
    elapsed time = 00:00:37, memory = 2579.19 (MB).
[INFO DRT-0199]   Number of violations = 70.
Viol/Layer        met1   met2
Metal Spacing        6     12
Short               34     18
[INFO DRT-0267] cpu time = 00:01:03, elapsed time = 00:00:37, memory = 2579.19 (MB), peak = 3413.05 (MB)
Total wire length = 1333721 um.
Total wire length on LAYER li1 = 0 um.
Total wire length on LAYER met1 = 413259 um.
Total wire length on LAYER met2 = 466783 um.
Total wire length on LAYER met3 = 305933 um.
Total wire length on LAYER met4 = 147745 um.
Total wire length on LAYER met5 = 0 um.
Total number of vias = 224607.
Up-via summary (total 224607):

-------------------------
 FR_MASTERSLICE         0
            li1     94786
           met1    108430
           met2     16322
           met3      5069
           met4         0
-------------------------
                   224607


[INFO DRT-0195] Start 9th optimization iteration.
    Completing 10% with 70 violations.
    elapsed time = 00:00:00, memory = 2579.19 (MB).
    Completing 20% with 70 violations.
    elapsed time = 00:00:00, memory = 2579.19 (MB).
    Completing 30% with 70 violations.
    elapsed time = 00:00:09, memory = 2579.19 (MB).
    Completing 40% with 70 violations.
    elapsed time = 00:00:09, memory = 2579.19 (MB).
    Completing 50% with 70 violations.
    elapsed time = 00:00:09, memory = 2579.19 (MB).
    Completing 60% with 70 violations.
    elapsed time = 00:00:09, memory = 2579.19 (MB).
    Completing 70% with 70 violations.
    elapsed time = 00:00:09, memory = 2579.19 (MB).
    Completing 80% with 70 violations.
    elapsed time = 00:00:36, memory = 2579.19 (MB).
    Completing 90% with 70 violations.
    elapsed time = 00:00:36, memory = 2579.19 (MB).
    Completing 100% with 70 violations.
    elapsed time = 00:00:44, memory = 2579.19 (MB).
[INFO DRT-0199]   Number of violations = 70.
Viol/Layer        met1   met2
Metal Spacing        6     12
Short               34     18
[INFO DRT-0267] cpu time = 00:01:01, elapsed time = 00:00:44, memory = 2579.19 (MB), peak = 3413.05 (MB)
Total wire length = 1333721 um.
Total wire length on LAYER li1 = 0 um.
Total wire length on LAYER met1 = 413259 um.
Total wire length on LAYER met2 = 466783 um.
Total wire length on LAYER met3 = 305933 um.
Total wire length on LAYER met4 = 147745 um.
Total wire length on LAYER met5 = 0 um.
Total number of vias = 224607.
Up-via summary (total 224607):

-------------------------
 FR_MASTERSLICE         0
            li1     94786
           met1    108430
           met2     16322
           met3      5069
           met4         0
-------------------------
                   224607


[INFO DRT-0195] Start 10th optimization iteration.
    Completing 10% with 70 violations.
    elapsed time = 00:00:00, memory = 2579.19 (MB).
    Completing 20% with 70 violations.
    elapsed time = 00:00:00, memory = 2579.19 (MB).
    Completing 30% with 70 violations.
    elapsed time = 00:00:00, memory = 2579.19 (MB).
    Completing 40% with 70 violations.
    elapsed time = 00:00:00, memory = 2579.19 (MB).
    Completing 50% with 70 violations.
    elapsed time = 00:00:00, memory = 2579.19 (MB).
    Completing 60% with 70 violations.
    elapsed time = 00:00:00, memory = 2579.19 (MB).
    Completing 70% with 70 violations.
    elapsed time = 00:00:00, memory = 2579.19 (MB).
    Completing 80% with 70 violations.
    elapsed time = 00:00:00, memory = 2579.19 (MB).
    Completing 90% with 70 violations.
    elapsed time = 00:00:00, memory = 2579.19 (MB).
    Completing 100% with 43 violations.
    elapsed time = 00:00:09, memory = 2579.19 (MB).
[INFO DRT-0199]   Number of violations = 43.
Viol/Layer        met1   met2
Metal Spacing        5      7
Short               30      1
[INFO DRT-0267] cpu time = 00:00:23, elapsed time = 00:00:09, memory = 2579.19 (MB), peak = 3413.05 (MB)
Total wire length = 1333791 um.
Total wire length on LAYER li1 = 0 um.
Total wire length on LAYER met1 = 413243 um.
Total wire length on LAYER met2 = 466781 um.
Total wire length on LAYER met3 = 305970 um.
Total wire length on LAYER met4 = 147795 um.
Total wire length on LAYER met5 = 0 um.
Total number of vias = 224633.
Up-via summary (total 224633):

-------------------------
 FR_MASTERSLICE         0
            li1     94786
           met1    108446
           met2     16330
           met3      5071
           met4         0
-------------------------
                   224633


[INFO DRT-0195] Start 11th optimization iteration.
    Completing 10% with 43 violations.
    elapsed time = 00:00:00, memory = 2579.19 (MB).
    Completing 20% with 43 violations.
    elapsed time = 00:00:00, memory = 2579.19 (MB).
    Completing 30% with 43 violations.
    elapsed time = 00:00:00, memory = 2579.19 (MB).
    Completing 40% with 43 violations.
    elapsed time = 00:00:00, memory = 2579.19 (MB).
    Completing 50% with 43 violations.
    elapsed time = 00:00:00, memory = 2579.19 (MB).
    Completing 60% with 43 violations.
    elapsed time = 00:00:07, memory = 2579.19 (MB).
    Completing 70% with 43 violations.
    elapsed time = 00:00:07, memory = 2579.19 (MB).
    Completing 80% with 43 violations.
    elapsed time = 00:00:30, memory = 2579.19 (MB).
    Completing 90% with 43 violations.
    elapsed time = 00:00:30, memory = 2579.19 (MB).
    Completing 100% with 43 violations.
    elapsed time = 00:00:30, memory = 2579.19 (MB).
[INFO DRT-0199]   Number of violations = 43.
Viol/Layer        met1   met2
Metal Spacing        5      7
Short               30      1
[INFO DRT-0267] cpu time = 00:00:50, elapsed time = 00:00:30, memory = 2579.19 (MB), peak = 3413.05 (MB)
Total wire length = 1333790 um.
Total wire length on LAYER li1 = 0 um.
Total wire length on LAYER met1 = 413242 um.
Total wire length on LAYER met2 = 466781 um.
Total wire length on LAYER met3 = 305970 um.
Total wire length on LAYER met4 = 147795 um.
Total wire length on LAYER met5 = 0 um.
Total number of vias = 224633.
Up-via summary (total 224633):

-------------------------
 FR_MASTERSLICE         0
            li1     94786
           met1    108446
           met2     16330
           met3      5071
           met4         0
-------------------------
                   224633


[INFO DRT-0195] Start 12th optimization iteration.
    Completing 10% with 43 violations.
    elapsed time = 00:00:00, memory = 2579.19 (MB).
    Completing 20% with 43 violations.
    elapsed time = 00:00:00, memory = 2579.19 (MB).
    Completing 30% with 43 violations.
    elapsed time = 00:00:03, memory = 2579.19 (MB).
    Completing 40% with 43 violations.
    elapsed time = 00:00:03, memory = 2579.19 (MB).
    Completing 50% with 43 violations.
    elapsed time = 00:00:03, memory = 2579.19 (MB).
    Completing 60% with 39 violations.
    elapsed time = 00:00:05, memory = 2579.19 (MB).
    Completing 70% with 39 violations.
    elapsed time = 00:00:05, memory = 2579.19 (MB).
    Completing 80% with 39 violations.
    elapsed time = 00:00:05, memory = 2579.19 (MB).
    Completing 90% with 39 violations.
    elapsed time = 00:00:05, memory = 2579.19 (MB).
    Completing 100% with 39 violations.
    elapsed time = 00:00:05, memory = 2579.19 (MB).
[INFO DRT-0199]   Number of violations = 39.
Viol/Layer        met1   met2
Metal Spacing        5      8
Short               25      1
[INFO DRT-0267] cpu time = 00:00:21, elapsed time = 00:00:05, memory = 2579.19 (MB), peak = 3413.05 (MB)
Total wire length = 1333805 um.
Total wire length on LAYER li1 = 0 um.
Total wire length on LAYER met1 = 413231 um.
Total wire length on LAYER met2 = 466749 um.
Total wire length on LAYER met3 = 305993 um.
Total wire length on LAYER met4 = 147830 um.
Total wire length on LAYER met5 = 0 um.
Total number of vias = 224628.
Up-via summary (total 224628):

-------------------------
 FR_MASTERSLICE         0
            li1     94786
           met1    108441
           met2     16328
           met3      5073
           met4         0
-------------------------
                   224628


[INFO DRT-0195] Start 13th optimization iteration.
    Completing 10% with 39 violations.
    elapsed time = 00:00:00, memory = 2579.19 (MB).
    Completing 20% with 39 violations.
    elapsed time = 00:00:00, memory = 2579.19 (MB).
    Completing 30% with 3 violations.
    elapsed time = 00:00:02, memory = 2579.19 (MB).
    Completing 40% with 3 violations.
    elapsed time = 00:00:02, memory = 2579.19 (MB).
    Completing 50% with 3 violations.
    elapsed time = 00:00:02, memory = 2579.19 (MB).
    Completing 60% with 3 violations.
    elapsed time = 00:00:02, memory = 2579.19 (MB).
    Completing 70% with 3 violations.
    elapsed time = 00:00:02, memory = 2579.19 (MB).
    Completing 80% with 3 violations.
    elapsed time = 00:00:02, memory = 2579.19 (MB).
    Completing 90% with 3 violations.
    elapsed time = 00:00:02, memory = 2579.19 (MB).
    Completing 100% with 3 violations.
    elapsed time = 00:00:03, memory = 2579.19 (MB).
[INFO DRT-0199]   Number of violations = 3.
Viol/Layer        met1
Metal Spacing        2
Short                1
[INFO DRT-0267] cpu time = 00:00:16, elapsed time = 00:00:03, memory = 2579.19 (MB), peak = 3413.05 (MB)
Total wire length = 1333749 um.
Total wire length on LAYER li1 = 0 um.
Total wire length on LAYER met1 = 413216 um.
Total wire length on LAYER met2 = 466722 um.
Total wire length on LAYER met3 = 305984 um.
Total wire length on LAYER met4 = 147825 um.
Total wire length on LAYER met5 = 0 um.
Total number of vias = 224611.
Up-via summary (total 224611):

-------------------------
 FR_MASTERSLICE         0
            li1     94786
           met1    108432
           met2     16320
           met3      5073
           met4         0
-------------------------
                   224611


[INFO DRT-0195] Start 14th optimization iteration.
    Completing 10% with 3 violations.
    elapsed time = 00:00:00, memory = 2579.19 (MB).
    Completing 20% with 3 violations.
    elapsed time = 00:00:00, memory = 2579.19 (MB).
    Completing 30% with 1 violations.
    elapsed time = 00:00:00, memory = 2579.19 (MB).
    Completing 40% with 1 violations.
    elapsed time = 00:00:00, memory = 2579.19 (MB).
    Completing 50% with 1 violations.
    elapsed time = 00:00:00, memory = 2579.19 (MB).
    Completing 60% with 1 violations.
    elapsed time = 00:00:00, memory = 2579.19 (MB).
    Completing 70% with 1 violations.
    elapsed time = 00:00:00, memory = 2579.19 (MB).
    Completing 80% with 1 violations.
    elapsed time = 00:00:00, memory = 2579.19 (MB).
    Completing 90% with 1 violations.
    elapsed time = 00:00:00, memory = 2579.19 (MB).
    Completing 100% with 1 violations.
    elapsed time = 00:00:01, memory = 2579.19 (MB).
[INFO DRT-0199]   Number of violations = 1.
Viol/Layer        met1
Short                1
[INFO DRT-0267] cpu time = 00:00:13, elapsed time = 00:00:01, memory = 2579.19 (MB), peak = 3413.05 (MB)
Total wire length = 1333749 um.
Total wire length on LAYER li1 = 0 um.
Total wire length on LAYER met1 = 413214 um.
Total wire length on LAYER met2 = 466724 um.
Total wire length on LAYER met3 = 305984 um.
Total wire length on LAYER met4 = 147825 um.
Total wire length on LAYER met5 = 0 um.
Total number of vias = 224611.
Up-via summary (total 224611):

-------------------------
 FR_MASTERSLICE         0
            li1     94786
           met1    108432
           met2     16320
           met3      5073
           met4         0
-------------------------
                   224611


[INFO DRT-0195] Start 15th optimization iteration.
    Completing 10% with 1 violations.
    elapsed time = 00:00:00, memory = 2579.19 (MB).
    Completing 20% with 1 violations.
    elapsed time = 00:00:00, memory = 2579.19 (MB).
    Completing 30% with 1 violations.
    elapsed time = 00:00:00, memory = 2579.19 (MB).
    Completing 40% with 1 violations.
    elapsed time = 00:00:00, memory = 2579.19 (MB).
    Completing 50% with 1 violations.
    elapsed time = 00:00:00, memory = 2579.19 (MB).
    Completing 60% with 1 violations.
    elapsed time = 00:00:00, memory = 2579.19 (MB).
    Completing 70% with 1 violations.
    elapsed time = 00:00:00, memory = 2579.19 (MB).
    Completing 80% with 1 violations.
    elapsed time = 00:00:00, memory = 2579.19 (MB).
    Completing 90% with 1 violations.
    elapsed time = 00:00:00, memory = 2579.19 (MB).
    Completing 100% with 0 violations.
    elapsed time = 00:00:00, memory = 2579.19 (MB).
[INFO DRT-0199]   Number of violations = 0.
[INFO DRT-0267] cpu time = 00:00:07, elapsed time = 00:00:00, memory = 2579.19 (MB), peak = 3413.05 (MB)
Total wire length = 1333764 um.
Total wire length on LAYER li1 = 0 um.
Total wire length on LAYER met1 = 413213 um.
Total wire length on LAYER met2 = 466730 um.
Total wire length on LAYER met3 = 305990 um.
Total wire length on LAYER met4 = 147829 um.
Total wire length on LAYER met5 = 0 um.
Total number of vias = 224618.
Up-via summary (total 224618):

-------------------------
 FR_MASTERSLICE         0
            li1     94786
           met1    108435
           met2     16322
           met3      5075
           met4         0
-------------------------
                   224618


[INFO DRT-0198] Complete detail routing.
Total wire length = 1333764 um.
Total wire length on LAYER li1 = 0 um.
Total wire length on LAYER met1 = 413213 um.
Total wire length on LAYER met2 = 466730 um.
Total wire length on LAYER met3 = 305990 um.
Total wire length on LAYER met4 = 147829 um.
Total wire length on LAYER met5 = 0 um.
Total number of vias = 224618.
Up-via summary (total 224618):

-------------------------
 FR_MASTERSLICE         0
            li1     94786
           met1    108435
           met2     16322
           met3      5075
           met4         0
-------------------------
                   224618


[INFO DRT-0267] cpu time = 00:59:44, elapsed time = 00:07:50, memory = 2579.19 (MB), peak = 3413.05 (MB)

[INFO DRT-0180] Post processing.
Setting global connections for newly added cells…
[INFO] Setting global connections...
Updating metrics…
Cell type report:                       Count       Area
  Fill cell                               498    1869.29
  Tap cell                               6651    8321.73
  Antenna cell                          20828   52119.99
  Clock buffer                            661    8795.94
  Timing Repair Buffer                   6117   54039.33
  Inverter                                  4      15.01
  Clock inverter                          299    3684.78
  Sequential cell                        4096   81998.64
  Multi-Input combinational cell        11267   88687.56
  Total                                 50421  299532.28
Writing OpenROAD database to '/home/ajwey/CI2605_stuff/nebula-iii/openlane/ffram/runs/26_03_04_19_34/44-openroad-detailedrouting/ffram.odb'…
Writing netlist to '/home/ajwey/CI2605_stuff/nebula-iii/openlane/ffram/runs/26_03_04_19_34/44-openroad-detailedrouting/ffram.nl.v'…
Writing powered netlist to '/home/ajwey/CI2605_stuff/nebula-iii/openlane/ffram/runs/26_03_04_19_34/44-openroad-detailedrouting/ffram.pnl.v'…
Writing layout to '/home/ajwey/CI2605_stuff/nebula-iii/openlane/ffram/runs/26_03_04_19_34/44-openroad-detailedrouting/ffram.def'…
Writing timing constraints to '/home/ajwey/CI2605_stuff/nebula-iii/openlane/ffram/runs/26_03_04_19_34/44-openroad-detailedrouting/ffram.sdc'…
