Reading OpenROAD database at '/home/ajwey/CI2605_stuff/nebula-iii/openlane/ffram/runs/26_03_04_21_10/15-odb-setpowerconnections/ffram.odb'…
Reading library file at '/home/ajwey/CI2605_stuff/nebula-iii/dependencies/pdks/sky130A/libs.ref/sky130_fd_sc_hd/lib/sky130_fd_sc_hd__tt_025C_1v80.lib'…
Reading design constraints file at '/nix/store/svkrfkkpaij5qb9xjbcwfymcd4s8hczv-python3-3.11.9-env/lib/python3.11/site-packages/librelane/scripts/base.sdc'…
[INFO] Using clock clk…
[INFO] Setting output delay to: 5
[INFO] Setting input delay to: 5
[INFO] Setting load to: 0.033442
[INFO] Setting clock uncertainty to: 0.25
[INFO] Setting clock transition to: 0.1499999999999999944488848768742172978818416595458984375
[INFO] Setting timing derate to: 5%
Setting global connections for newly added cells…
[INFO] Setting global connections...
Updating metrics…
Cell type report:                       Count       Area
  Inverter                                  4      15.01
  Sequential cell                        4096   87123.56
  Multi-Input combinational cell        11267   99992.15
  Total                                 15367  187130.72
Writing OpenROAD database to '/home/ajwey/CI2605_stuff/nebula-iii/openlane/ffram/runs/26_03_04_21_10/17-openroad-cutrows/ffram.odb'…
Writing layout to '/home/ajwey/CI2605_stuff/nebula-iii/openlane/ffram/runs/26_03_04_21_10/17-openroad-cutrows/ffram.def'…
