
===========================================================================
report_checks -unconstrained
===========================================================================
======================= max_ff_n40C_1v95 Corner ===================================

Startpoint: nrst (input port clocked by clk)
Endpoint: _8598_ (recovery check against rising-edge clock clk)
Path Group: asynchronous
Path Type: max

Fanout         Cap        Slew       Delay        Time   Description
---------------------------------------------------------------------------------------------
                                  0.000000    0.000000   clock clk (rise edge)
                                  0.000000    0.000000   clock network delay (propagated)
                                  5.000000    5.000000 ^ input external delay
     2    0.004399    0.019627    0.011465    5.011465 ^ nrst (in)
                                                         nrst (net)
                      0.019628    0.000000    5.011465 ^ input19/A (sky130_fd_sc_hd__clkbuf_2)
     5    0.050907    0.212787    0.185296    5.196761 ^ input19/X (sky130_fd_sc_hd__clkbuf_2)
                                                         net19 (net)
                      0.213134    0.006993    5.203754 ^ fanout353/A (sky130_fd_sc_hd__clkbuf_4)
    13    0.079487    0.182895    0.232722    5.436476 ^ fanout353/X (sky130_fd_sc_hd__clkbuf_4)
                                                         net353 (net)
                      0.183107    0.005125    5.441601 ^ fanout348/A (sky130_fd_sc_hd__clkbuf_4)
    21    0.075480    0.174816    0.214976    5.656578 ^ fanout348/X (sky130_fd_sc_hd__clkbuf_4)
                                                         net348 (net)
                      0.174981    0.004577    5.661155 ^ fanout347/A (sky130_fd_sc_hd__buf_2)
     8    0.051029    0.187975    0.204151    5.865306 ^ fanout347/X (sky130_fd_sc_hd__buf_2)
                                                         net347 (net)
                      0.188018    0.002373    5.867679 ^ fanout346/A (sky130_fd_sc_hd__clkbuf_4)
    10    0.053509    0.126016    0.190891    6.058570 ^ fanout346/X (sky130_fd_sc_hd__clkbuf_4)
                                                         net346 (net)
                      0.126118    0.002160    6.060730 ^ _8598_/RESET_B (sky130_fd_sc_hd__dfrtp_2)
                                              6.060730   data arrival time

                                 25.000000   25.000000   clock clk (rise edge)
                                  0.000000   25.000000   clock source latency
     2    0.049210    0.168594    0.118249   25.118248 ^ clk (in)
                                                         clk (net)
                      0.168683    0.000000   25.118248 ^ clkbuf_0_clk/A (sky130_fd_sc_hd__clkbuf_16)
    33    0.195728    0.161227    0.202533   25.320782 ^ clkbuf_0_clk/X (sky130_fd_sc_hd__clkbuf_16)
                                                         clknet_0_clk (net)
                      0.162195    0.010177   25.330957 ^ clkbuf_4_8_0_clk/A (sky130_fd_sc_hd__clkbuf_8)
    11    0.040041    0.062949    0.136488   25.467445 ^ clkbuf_4_8_0_clk/X (sky130_fd_sc_hd__clkbuf_8)
                                                         clknet_4_8_0_clk (net)
                      0.063297    0.003412   25.470858 ^ _8598_/CLK (sky130_fd_sc_hd__dfrtp_2)
                                 -0.250000   25.220860   clock uncertainty
                                  0.000000   25.220860   clock reconvergence pessimism
                                  0.114348   25.335207   library recovery time
                                             25.335207   data required time
---------------------------------------------------------------------------------------------
                                             25.335207   data required time
                                             -6.060730   data arrival time
---------------------------------------------------------------------------------------------
                                             19.274475   slack (MET)


Startpoint: gpio_in[6] (input port clocked by clk)
Endpoint: _8685_ (rising edge-triggered flip-flop clocked by clk)
Path Group: clk
Path Type: max

Fanout         Cap        Slew       Delay        Time   Description
---------------------------------------------------------------------------------------------
                                  0.000000    0.000000   clock clk (rise edge)
                                  0.000000    0.000000   clock network delay (propagated)
                                  5.000000    5.000000 ^ input external delay
     2    0.004982    0.021647    0.012964    5.012964 ^ gpio_in[6] (in)
                                                         gpio_in[6] (net)
                      0.021648    0.000000    5.012964 ^ input15/A (sky130_fd_sc_hd__buf_2)
    13    0.077827    0.283900    0.237097    5.250061 ^ input15/X (sky130_fd_sc_hd__buf_2)
                                                         net15 (net)
                      0.284178    0.007353    5.257413 ^ _4272_/A0 (sky130_fd_sc_hd__mux2_4)
     9    0.038123    0.093211    0.184115    5.441528 ^ _4272_/X (sky130_fd_sc_hd__mux2_4)
                                                         PID_INST.k3_calc.d1.y[4] (net)
                      0.093272    0.002194    5.443722 ^ fanout175/A (sky130_fd_sc_hd__buf_2)
    19    0.058041    0.213479    0.207874    5.651596 ^ fanout175/X (sky130_fd_sc_hd__buf_2)
                                                         net175 (net)
                      0.213879    0.007593    5.659189 ^ fanout174/A (sky130_fd_sc_hd__buf_2)
    10    0.037783    0.141083    0.176421    5.835610 ^ fanout174/X (sky130_fd_sc_hd__buf_2)
                                                         net174 (net)
                      0.141210    0.003465    5.839075 ^ _4680_/A (sky130_fd_sc_hd__and4_1)
     4    0.010404    0.084838    0.157611    5.996686 ^ _4680_/X (sky130_fd_sc_hd__and4_1)
                                                         _3956_ (net)
                      0.084838    0.000298    5.996984 ^ _4696_/A_N (sky130_fd_sc_hd__and4bb_1)
     3    0.007145    0.043544    0.131287    6.128271 v _4696_/X (sky130_fd_sc_hd__and4bb_1)
                                                         _3972_ (net)
                      0.043549    0.000465    6.128736 v _4698_/C (sky130_fd_sc_hd__or4_4)
     3    0.010120    0.065297    0.296620    6.425355 v _4698_/X (sky130_fd_sc_hd__or4_4)
                                                         _3974_ (net)
                      0.065297    0.000472    6.425827 v _4706_/A1 (sky130_fd_sc_hd__a21o_1)
     2    0.005740    0.032548    0.117250    6.543077 v _4706_/X (sky130_fd_sc_hd__a21o_1)
                                                         _3982_ (net)
                      0.032551    0.000358    6.543435 v _4723_/B2 (sky130_fd_sc_hd__a22o_1)
     1    0.002698    0.025702    0.091319    6.634754 v _4723_/X (sky130_fd_sc_hd__a22o_1)
                                                         _3999_ (net)
                      0.025702    0.000190    6.634944 v _4725_/A2 (sky130_fd_sc_hd__a31o_1)
     2    0.008084    0.043903    0.144010    6.778954 v _4725_/X (sky130_fd_sc_hd__a31o_1)
                                                         _4001_ (net)
                      0.043907    0.000451    6.779404 v _4727_/B2 (sky130_fd_sc_hd__o22a_1)
     1    0.004400    0.031765    0.099626    6.879030 v _4727_/X (sky130_fd_sc_hd__o22a_1)
                                                         _4003_ (net)
                      0.031782    0.000325    6.879355 v _4728_/B2 (sky130_fd_sc_hd__a22oi_2)
     2    0.007480    0.091928    0.081763    6.961119 ^ _4728_/Y (sky130_fd_sc_hd__a22oi_2)
                                                         _4004_ (net)
                      0.091928    0.000416    6.961535 ^ _4731_/A (sky130_fd_sc_hd__nand2_1)
     1    0.004266    0.036657    0.038114    6.999649 v _4731_/Y (sky130_fd_sc_hd__nand2_1)
                                                         _4007_ (net)
                      0.036666    0.000267    6.999916 v _4732_/B1 (sky130_fd_sc_hd__o31a_1)
     1    0.002503    0.033158    0.061932    7.061847 v _4732_/X (sky130_fd_sc_hd__o31a_1)
                                                         _4008_ (net)
                      0.033158    0.000117    7.061965 v _4733_/B2 (sky130_fd_sc_hd__a221o_1)
     1    0.002572    0.031902    0.150112    7.212077 v _4733_/X (sky130_fd_sc_hd__a221o_1)
                                                         _4009_ (net)
                      0.031902    0.000119    7.212196 v _4734_/A1 (sky130_fd_sc_hd__a31o_1)
     4    0.015916    0.065388    0.146531    7.358727 v _4734_/X (sky130_fd_sc_hd__a31o_1)
                                                         _4010_ (net)
                      0.065417    0.001278    7.360005 v _4856_/A1 (sky130_fd_sc_hd__a221o_1)
     2    0.008705    0.053651    0.195033    7.555038 v _4856_/X (sky130_fd_sc_hd__a221o_1)
                                                         _4132_ (net)
                      0.053655    0.000516    7.555554 v _4861_/A1 (sky130_fd_sc_hd__a31o_1)
     2    0.011799    0.053550    0.144554    7.700109 v _4861_/X (sky130_fd_sc_hd__a31o_1)
                                                         _4137_ (net)
                      0.053555    0.000593    7.700702 v _5006_/A1 (sky130_fd_sc_hd__a21o_1)
     3    0.015046    0.058335    0.138298    7.839000 v _5006_/X (sky130_fd_sc_hd__a21o_1)
                                                         _0094_ (net)
                      0.058356    0.001045    7.840045 v _5086_/A1 (sky130_fd_sc_hd__a21bo_1)
     2    0.011314    0.049420    0.139069    7.979115 v _5086_/X (sky130_fd_sc_hd__a21bo_1)
                                                         _0174_ (net)
                      0.049432    0.000753    7.979867 v _5092_/A2 (sky130_fd_sc_hd__a21o_1)
     4    0.018600    0.068719    0.161537    8.141404 v _5092_/X (sky130_fd_sc_hd__a21o_1)
                                                         _0180_ (net)
                      0.068734    0.000989    8.142393 v _5349_/A3 (sky130_fd_sc_hd__a31o_4)
     3    0.031114    0.051221    0.194530    8.336923 v _5349_/X (sky130_fd_sc_hd__a31o_4)
                                                         _0437_ (net)
                      0.051303    0.001825    8.338748 v _6106_/A2 (sky130_fd_sc_hd__a211o_4)
     3    0.017222    0.049972    0.229880    8.568627 v _6106_/X (sky130_fd_sc_hd__a211o_4)
                                                         _1194_ (net)
                      0.050001    0.001110    8.569738 v _6107_/C (sky130_fd_sc_hd__nand3_4)
     5    0.037370    0.110163    0.108637    8.678374 ^ _6107_/Y (sky130_fd_sc_hd__nand3_4)
                                                         _1195_ (net)
                      0.110300    0.002944    8.681319 ^ _6520_/A1 (sky130_fd_sc_hd__a311o_4)
     6    0.042959    0.125563    0.194679    8.875998 ^ _6520_/X (sky130_fd_sc_hd__a311o_4)
                                                         _1606_ (net)
                      0.125584    0.001352    8.877350 ^ _6681_/A2 (sky130_fd_sc_hd__a21o_2)
     9    0.048749    0.185321    0.204954    9.082304 ^ _6681_/X (sky130_fd_sc_hd__a21o_2)
                                                         _1770_ (net)
                      0.185333    0.001277    9.083581 ^ _6968_/A2 (sky130_fd_sc_hd__a21o_2)
    15    0.057866    0.218908    0.231771    9.315352 ^ _6968_/X (sky130_fd_sc_hd__a21o_2)
                                                         _2069_ (net)
                      0.218936    0.002090    9.317442 ^ _7054_/B1 (sky130_fd_sc_hd__o21a_1)
     1    0.009741    0.075943    0.097748    9.415191 ^ _7054_/X (sky130_fd_sc_hd__o21a_1)
                                                         _2159_ (net)
                      0.075950    0.000751    9.415942 ^ _7080_/A (sky130_fd_sc_hd__xnor2_2)
     5    0.031335    0.312635    0.143564    9.559506 ^ _7080_/Y (sky130_fd_sc_hd__xnor2_2)
                                                         _2187_ (net)
                      0.312672    0.002756    9.562263 ^ fanout37/A (sky130_fd_sc_hd__clkbuf_4)
    21    0.067679    0.157133    0.227068    9.789330 ^ fanout37/X (sky130_fd_sc_hd__clkbuf_4)
                                                         net37 (net)
                      0.158455    0.011572    9.800902 ^ _7081_/B (sky130_fd_sc_hd__nor2_1)
     1    0.009345    0.064163    0.055107    9.856009 v _7081_/Y (sky130_fd_sc_hd__nor2_1)
                                                         _2188_ (net)
                      0.064176    0.000710    9.856719 v _7090_/A (sky130_fd_sc_hd__xnor2_2)
     2    0.018578    0.204857    0.201347   10.058065 ^ _7090_/Y (sky130_fd_sc_hd__xnor2_2)
                                                         _2197_ (net)
                      0.204887    0.001940   10.060005 ^ _7091_/B (sky130_fd_sc_hd__xnor2_1)
     2    0.007122    0.063183    0.069647   10.129652 v _7091_/Y (sky130_fd_sc_hd__xnor2_1)
                                                         _2198_ (net)
                      0.063211    0.000507   10.130159 v _7093_/B (sky130_fd_sc_hd__xnor2_1)
     2    0.008018    0.082337    0.106539   10.236698 v _7093_/Y (sky130_fd_sc_hd__xnor2_1)
                                                         _2200_ (net)
                      0.082337    0.000347   10.237045 v _7144_/A (sky130_fd_sc_hd__xnor2_1)
     2    0.012808    0.221744    0.221116   10.458160 ^ _7144_/Y (sky130_fd_sc_hd__xnor2_1)
                                                         _2255_ (net)
                      0.221750    0.000870   10.459030 ^ _7147_/A (sky130_fd_sc_hd__xor2_2)
     2    0.014907    0.163187    0.148995   10.608026 ^ _7147_/X (sky130_fd_sc_hd__xor2_2)
                                                         _2258_ (net)
                      0.163253    0.001030   10.609056 ^ _7148_/B (sky130_fd_sc_hd__xnor2_2)
     3    0.015352    0.064542    0.070907   10.679963 v _7148_/Y (sky130_fd_sc_hd__xnor2_2)
                                                         _2259_ (net)
                      0.064568    0.001056   10.681019 v _7150_/A (sky130_fd_sc_hd__xor2_2)
     3    0.015472    0.094487    0.140129   10.821148 v _7150_/X (sky130_fd_sc_hd__xor2_2)
                                                         _2261_ (net)
                      0.094494    0.000605   10.821753 v _7404_/B1 (sky130_fd_sc_hd__a2bb2o_2)
     1    0.005837    0.036971    0.183509   11.005262 v _7404_/X (sky130_fd_sc_hd__a2bb2o_2)
                                                         _2531_ (net)
                      0.036971    0.000414   11.005676 v _7405_/B (sky130_fd_sc_hd__xor2_1)
     2    0.006838    0.059919    0.099410   11.105086 v _7405_/X (sky130_fd_sc_hd__xor2_1)
                                                         _2532_ (net)
                      0.059923    0.000470   11.105556 v _7407_/B (sky130_fd_sc_hd__xor2_1)
     2    0.007222    0.074094    0.109160   11.214716 v _7407_/X (sky130_fd_sc_hd__xor2_1)
                                                         _2534_ (net)
                      0.074094    0.000313   11.215029 v _7574_/A2 (sky130_fd_sc_hd__a21o_1)
     3    0.014672    0.057296    0.160494   11.375523 v _7574_/X (sky130_fd_sc_hd__a21o_1)
                                                         _2711_ (net)
                      0.057329    0.001267   11.376790 v _7737_/A1 (sky130_fd_sc_hd__a211o_1)
     3    0.014505    0.069566    0.203690   11.580480 v _7737_/X (sky130_fd_sc_hd__a211o_1)
                                                         _2874_ (net)
                      0.069600    0.001412   11.581892 v _8197_/A1 (sky130_fd_sc_hd__a31o_1)
     3    0.013996    0.059830    0.156123   11.738015 v _8197_/X (sky130_fd_sc_hd__a31o_1)
                                                         _3355_ (net)
                      0.059857    0.001200   11.739215 v _8468_/A3 (sky130_fd_sc_hd__a31o_1)
     2    0.008673    0.045717    0.166063   11.905278 v _8468_/X (sky130_fd_sc_hd__a31o_1)
                                                         _3646_ (net)
                      0.045724    0.000550   11.905828 v _8472_/A3 (sky130_fd_sc_hd__a31o_1)
     1    0.005828    0.036588    0.150849   12.056677 v _8472_/X (sky130_fd_sc_hd__a31o_1)
                                                         _3649_ (net)
                      0.036593    0.000439   12.057116 v _8561_/A (sky130_fd_sc_hd__xnor2_1)
     1    0.002501    0.032880    0.077629   12.134745 v _8561_/Y (sky130_fd_sc_hd__xnor2_1)
                                                         _3746_ (net)
                      0.032880    0.000115   12.134859 v _8562_/A1 (sky130_fd_sc_hd__mux2_1)
     1    0.002381    0.036329    0.144245   12.279103 v _8562_/X (sky130_fd_sc_hd__mux2_1)
                                                         _0074_ (net)
                      0.036329    0.000173   12.279277 v _8685_/D (sky130_fd_sc_hd__dfrtp_1)
                                             12.279277   data arrival time

                                 25.000000   25.000000   clock clk (rise edge)
                                  0.000000   25.000000   clock source latency
     2    0.049210    0.168594    0.118249   25.118248 ^ clk (in)
                                                         clk (net)
                      0.168683    0.000000   25.118248 ^ clkbuf_0_clk/A (sky130_fd_sc_hd__clkbuf_16)
    33    0.195728    0.161227    0.202533   25.320782 ^ clkbuf_0_clk/X (sky130_fd_sc_hd__clkbuf_16)
                                                         clknet_0_clk (net)
                      0.165087    0.019750   25.340530 ^ clkbuf_4_7_0_clk/A (sky130_fd_sc_hd__clkbuf_8)
    10    0.040864    0.064020    0.137856   25.478386 ^ clkbuf_4_7_0_clk/X (sky130_fd_sc_hd__clkbuf_8)
                                                         clknet_4_7_0_clk (net)
                      0.064225    0.002581   25.480967 ^ _8685_/CLK (sky130_fd_sc_hd__dfrtp_1)
                                 -0.250000   25.230968   clock uncertainty
                                  0.000000   25.230968   clock reconvergence pessimism
                                 -0.070888   25.160082   library setup time
                                             25.160082   data required time
---------------------------------------------------------------------------------------------
                                             25.160082   data required time
                                            -12.279277   data arrival time
---------------------------------------------------------------------------------------------
                                             12.880804   slack (MET)




===========================================================================
report_checks --slack_max -0.01
============================================================================
======================= max_ff_n40C_1v95 Corner ===================================

No paths found.


===========================================================================
 report_check_types -max_slew -max_cap -max_fanout -violators
============================================================================
======================= max_ff_n40C_1v95 Corner ===================================

max fanout

Pin                                   Limit Fanout  Slack
---------------------------------------------------------
clkbuf_0_clk/X                           10     33    -23 (VIOLATED)
clkbuf_4_1_0_clk/X                       10     23    -13 (VIOLATED)
_4309_/Y                                 10     21    -11 (VIOLATED)
_4325_/Y                                 10     21    -11 (VIOLATED)
_6970_/Y                                 10     21    -11 (VIOLATED)
fanout100/X                              10     21    -11 (VIOLATED)
fanout101/X                              10     21    -11 (VIOLATED)
fanout103/X                              10     21    -11 (VIOLATED)
fanout104/X                              10     21    -11 (VIOLATED)
fanout105/X                              10     21    -11 (VIOLATED)
fanout107/X                              10     21    -11 (VIOLATED)
fanout109/X                              10     21    -11 (VIOLATED)
fanout110/X                              10     21    -11 (VIOLATED)
fanout111/X                              10     21    -11 (VIOLATED)
fanout114/X                              10     21    -11 (VIOLATED)
fanout115/X                              10     21    -11 (VIOLATED)
fanout117/X                              10     21    -11 (VIOLATED)
fanout122/X                              10     21    -11 (VIOLATED)
fanout123/X                              10     21    -11 (VIOLATED)
fanout125/X                              10     21    -11 (VIOLATED)
fanout127/X                              10     21    -11 (VIOLATED)
fanout128/X                              10     21    -11 (VIOLATED)
fanout129/X                              10     21    -11 (VIOLATED)
fanout136/X                              10     21    -11 (VIOLATED)
fanout139/X                              10     21    -11 (VIOLATED)
fanout141/X                              10     21    -11 (VIOLATED)
fanout149/X                              10     21    -11 (VIOLATED)
fanout152/X                              10     21    -11 (VIOLATED)
fanout153/X                              10     21    -11 (VIOLATED)
fanout160/X                              10     21    -11 (VIOLATED)
fanout172/X                              10     21    -11 (VIOLATED)
fanout173/X                              10     21    -11 (VIOLATED)
fanout176/X                              10     21    -11 (VIOLATED)
fanout177/X                              10     21    -11 (VIOLATED)
fanout183/X                              10     21    -11 (VIOLATED)
fanout188/X                              10     21    -11 (VIOLATED)
fanout194/X                              10     21    -11 (VIOLATED)
fanout195/X                              10     21    -11 (VIOLATED)
fanout198/X                              10     21    -11 (VIOLATED)
fanout200/X                              10     21    -11 (VIOLATED)
fanout202/X                              10     21    -11 (VIOLATED)
fanout204/X                              10     21    -11 (VIOLATED)
fanout210/X                              10     21    -11 (VIOLATED)
fanout212/X                              10     21    -11 (VIOLATED)
fanout214/X                              10     21    -11 (VIOLATED)
fanout216/X                              10     21    -11 (VIOLATED)
fanout218/X                              10     21    -11 (VIOLATED)
fanout220/X                              10     21    -11 (VIOLATED)
fanout222/X                              10     21    -11 (VIOLATED)
fanout224/X                              10     21    -11 (VIOLATED)
fanout226/X                              10     21    -11 (VIOLATED)
fanout228/X                              10     21    -11 (VIOLATED)
fanout232/X                              10     21    -11 (VIOLATED)
fanout237/X                              10     21    -11 (VIOLATED)
fanout238/X                              10     21    -11 (VIOLATED)
fanout241/X                              10     21    -11 (VIOLATED)
fanout245/X                              10     21    -11 (VIOLATED)
fanout249/X                              10     21    -11 (VIOLATED)
fanout256/X                              10     21    -11 (VIOLATED)
fanout259/X                              10     21    -11 (VIOLATED)
fanout265/X                              10     21    -11 (VIOLATED)
fanout270/X                              10     21    -11 (VIOLATED)
fanout272/X                              10     21    -11 (VIOLATED)
fanout275/X                              10     21    -11 (VIOLATED)
fanout279/X                              10     21    -11 (VIOLATED)
fanout282/X                              10     21    -11 (VIOLATED)
fanout290/X                              10     21    -11 (VIOLATED)
fanout293/X                              10     21    -11 (VIOLATED)
fanout295/X                              10     21    -11 (VIOLATED)
fanout297/X                              10     21    -11 (VIOLATED)
fanout298/X                              10     21    -11 (VIOLATED)
fanout300/X                              10     21    -11 (VIOLATED)
fanout302/X                              10     21    -11 (VIOLATED)
fanout303/X                              10     21    -11 (VIOLATED)
fanout310/X                              10     21    -11 (VIOLATED)
fanout314/X                              10     21    -11 (VIOLATED)
fanout323/X                              10     21    -11 (VIOLATED)
fanout327/X                              10     21    -11 (VIOLATED)
fanout331/X                              10     21    -11 (VIOLATED)
fanout341/X                              10     21    -11 (VIOLATED)
fanout348/X                              10     21    -11 (VIOLATED)
fanout351/X                              10     21    -11 (VIOLATED)
fanout352/X                              10     21    -11 (VIOLATED)
fanout354/X                              10     21    -11 (VIOLATED)
fanout355/X                              10     21    -11 (VIOLATED)
fanout37/X                               10     21    -11 (VIOLATED)
fanout39/X                               10     21    -11 (VIOLATED)
fanout40/X                               10     21    -11 (VIOLATED)
fanout42/X                               10     21    -11 (VIOLATED)
fanout48/X                               10     21    -11 (VIOLATED)
fanout49/X                               10     21    -11 (VIOLATED)
fanout50/X                               10     21    -11 (VIOLATED)
fanout51/X                               10     21    -11 (VIOLATED)
fanout52/X                               10     21    -11 (VIOLATED)
fanout53/X                               10     21    -11 (VIOLATED)
fanout54/X                               10     21    -11 (VIOLATED)
fanout55/X                               10     21    -11 (VIOLATED)
fanout56/X                               10     21    -11 (VIOLATED)
fanout57/X                               10     21    -11 (VIOLATED)
fanout61/X                               10     21    -11 (VIOLATED)
fanout71/X                               10     21    -11 (VIOLATED)
fanout73/X                               10     21    -11 (VIOLATED)
fanout75/X                               10     21    -11 (VIOLATED)
fanout77/X                               10     21    -11 (VIOLATED)
fanout79/X                               10     21    -11 (VIOLATED)
fanout80/X                               10     21    -11 (VIOLATED)
fanout81/X                               10     21    -11 (VIOLATED)
fanout82/X                               10     21    -11 (VIOLATED)
fanout83/X                               10     21    -11 (VIOLATED)
fanout84/X                               10     21    -11 (VIOLATED)
fanout86/X                               10     21    -11 (VIOLATED)
fanout92/X                               10     21    -11 (VIOLATED)
fanout93/X                               10     21    -11 (VIOLATED)
fanout95/X                               10     21    -11 (VIOLATED)
fanout96/X                               10     21    -11 (VIOLATED)
fanout98/X                               10     21    -11 (VIOLATED)
fanout99/X                               10     21    -11 (VIOLATED)
_4283_/Y                                 10     19     -9 (VIOLATED)
_4293_/Y                                 10     19     -9 (VIOLATED)
_4307_/Y                                 10     19     -9 (VIOLATED)
_4318_/Y                                 10     19     -9 (VIOLATED)
_4319_/Y                                 10     19     -9 (VIOLATED)
_4321_/Y                                 10     19     -9 (VIOLATED)
fanout154/X                              10     19     -9 (VIOLATED)
fanout168/X                              10     19     -9 (VIOLATED)
fanout175/X                              10     19     -9 (VIOLATED)
fanout203/X                              10     19     -9 (VIOLATED)
fanout223/X                              10     19     -9 (VIOLATED)
fanout227/X                              10     19     -9 (VIOLATED)
fanout230/X                              10     19     -9 (VIOLATED)
fanout248/X                              10     19     -9 (VIOLATED)
fanout252/X                              10     19     -9 (VIOLATED)
fanout262/X                              10     19     -9 (VIOLATED)
fanout268/X                              10     19     -9 (VIOLATED)
fanout320/X                              10     19     -9 (VIOLATED)
fanout335/X                              10     19     -9 (VIOLATED)
fanout64/X                               10     19     -9 (VIOLATED)
_4296_/Y                                 10     17     -7 (VIOLATED)
fanout178/X                              10     17     -7 (VIOLATED)
fanout261/X                              10     17     -7 (VIOLATED)
fanout264/X                              10     17     -7 (VIOLATED)
fanout269/X                              10     17     -7 (VIOLATED)
fanout276/X                              10     17     -7 (VIOLATED)
fanout316/X                              10     17     -7 (VIOLATED)
fanout326/X                              10     17     -7 (VIOLATED)
fanout342/X                              10     17     -7 (VIOLATED)
fanout356/X                              10     17     -7 (VIOLATED)
fanout97/X                               10     17     -7 (VIOLATED)
input9/X                                 10     17     -7 (VIOLATED)
_6683_/Y                                 10     15     -5 (VIOLATED)
_6968_/X                                 10     15     -5 (VIOLATED)
clkbuf_4_15_0_clk/X                      10     15     -5 (VIOLATED)
fanout131/X                              10     15     -5 (VIOLATED)
fanout132/X                              10     15     -5 (VIOLATED)
fanout134/X                              10     15     -5 (VIOLATED)
fanout135/X                              10     15     -5 (VIOLATED)
fanout138/X                              10     15     -5 (VIOLATED)
fanout165/X                              10     15     -5 (VIOLATED)
fanout182/X                              10     15     -5 (VIOLATED)
fanout184/X                              10     15     -5 (VIOLATED)
fanout209/X                              10     15     -5 (VIOLATED)
fanout213/X                              10     15     -5 (VIOLATED)
fanout217/X                              10     15     -5 (VIOLATED)
fanout219/X                              10     15     -5 (VIOLATED)
fanout231/X                              10     15     -5 (VIOLATED)
fanout244/X                              10     15     -5 (VIOLATED)
fanout271/X                              10     15     -5 (VIOLATED)
fanout285/X                              10     15     -5 (VIOLATED)
fanout296/X                              10     15     -5 (VIOLATED)
fanout301/X                              10     15     -5 (VIOLATED)
fanout306/X                              10     15     -5 (VIOLATED)
fanout318/X                              10     15     -5 (VIOLATED)
fanout329/X                              10     15     -5 (VIOLATED)
fanout78/X                               10     15     -5 (VIOLATED)
_6109_/Y                                 10     13     -3 (VIOLATED)
clkbuf_4_10_0_clk/X                      10     13     -3 (VIOLATED)
clkbuf_4_2_0_clk/X                       10     13     -3 (VIOLATED)
clkbuf_4_5_0_clk/X                       10     13     -3 (VIOLATED)
fanout120/X                              10     13     -3 (VIOLATED)
fanout169/X                              10     13     -3 (VIOLATED)
fanout221/X                              10     13     -3 (VIOLATED)
fanout240/X                              10     13     -3 (VIOLATED)
fanout246/X                              10     13     -3 (VIOLATED)
fanout274/X                              10     13     -3 (VIOLATED)
fanout281/X                              10     13     -3 (VIOLATED)
fanout283/X                              10     13     -3 (VIOLATED)
fanout304/X                              10     13     -3 (VIOLATED)
fanout309/X                              10     13     -3 (VIOLATED)
fanout313/X                              10     13     -3 (VIOLATED)
fanout353/X                              10     13     -3 (VIOLATED)
fanout47/X                               10     13     -3 (VIOLATED)
input11/X                                10     13     -3 (VIOLATED)
input12/X                                10     13     -3 (VIOLATED)
input13/X                                10     13     -3 (VIOLATED)
input14/X                                10     13     -3 (VIOLATED)
input15/X                                10     13     -3 (VIOLATED)
input16/X                                10     13     -3 (VIOLATED)
input17/X                                10     13     -3 (VIOLATED)
input18/X                                10     13     -3 (VIOLATED)
input2/X                                 10     13     -3 (VIOLATED)
input3/X                                 10     13     -3 (VIOLATED)
input4/X                                 10     13     -3 (VIOLATED)
input5/X                                 10     13     -3 (VIOLATED)
input6/X                                 10     13     -3 (VIOLATED)
input7/X                                 10     13     -3 (VIOLATED)
input8/X                                 10     13     -3 (VIOLATED)
_4304_/Y                                 10     11        (VIOLATED)
_4354_/X                                 10     11        (VIOLATED)
_4519_/Y                                 10     11        (VIOLATED)
_4747_/Y                                 10     11        (VIOLATED)
clkbuf_4_0_0_clk/X                       10     11        (VIOLATED)
clkbuf_4_8_0_clk/X                       10     11        (VIOLATED)
fanout121/X                              10     11        (VIOLATED)
fanout150/X                              10     11        (VIOLATED)
fanout197/X                              10     11        (VIOLATED)
fanout211/X                              10     11        (VIOLATED)
fanout215/X                              10     11        (VIOLATED)
fanout242/X                              10     11        (VIOLATED)
fanout286/X                              10     11        (VIOLATED)
fanout299/X                              10     11        (VIOLATED)
fanout311/X                              10     11        (VIOLATED)
fanout322/X                              10     11        (VIOLATED)
fanout324/X                              10     11        (VIOLATED)
fanout333/X                              10     11        (VIOLATED)
fanout340/X                              10     11        (VIOLATED)
fanout345/X                              10     11        (VIOLATED)
fanout87/X                               10     11        (VIOLATED)
fanout94/X                               10     11        (VIOLATED)



===========================================================================
report_parasitic_annotation -report_unannotated
============================================================================
Found 84 unannotated drivers.
 en
 gpio_in[18]
 gpio_in[19]
 gpio_in[20]
 gpio_in[21]
 gpio_in[22]
 gpio_in[23]
 gpio_in[24]
 gpio_in[25]
 gpio_in[26]
 gpio_in[27]
 gpio_in[28]
 gpio_in[29]
 gpio_in[30]
 gpio_in[31]
 gpio_in[32]
 gpio_in[33]
 clkload0/Y
 clkload1/Y
 clkload10/Y
 clkload11/Y
 clkload12/Y
 clkload13/Y
 clkload14/Y
 clkload2/X
 clkload3/Y
 clkload4/Y
 clkload5/Y
 clkload6/Y
 clkload7/Y
 clkload8/Y
 clkload9/Y
 team_03_357/HI
 team_03_358/HI
 team_03_359/HI
 team_03_360/HI
 team_03_361/HI
 team_03_362/HI
 team_03_363/HI
 team_03_364/HI
 team_03_365/HI
 team_03_366/HI
 team_03_367/HI
 team_03_368/HI
 team_03_369/HI
 team_03_370/HI
 team_03_371/HI
 team_03_372/HI
 team_03_373/HI
 team_03_374/HI
 team_03_375/HI
 team_03_376/HI
 team_03_377/HI
 team_03_378/HI
 team_03_379/HI
 team_03_380/HI
 team_03_381/HI
 team_03_382/HI
 team_03_383/HI
 team_03_384/HI
 team_03_385/HI
 team_03_386/HI
 team_03_387/HI
 team_03_388/HI
 team_03_389/HI
 team_03_390/HI
 team_03_391/HI
 team_03_392/HI
 team_03_393/LO
 team_03_394/LO
 team_03_395/LO
 team_03_396/LO
 team_03_397/LO
 team_03_398/LO
 team_03_399/LO
 team_03_400/LO
 team_03_401/LO
 team_03_402/LO
 team_03_403/LO
 team_03_404/LO
 team_03_405/LO
 team_03_406/LO
 team_03_407/LO
 team_03_408/LO
Found 0 partially unannotated drivers.

===========================================================================
max slew violation count 0
max fanout violation count 228
max cap violation count 0
============================================================================

===========================================================================
check_setup -verbose -unconstrained_endpoints -multiple_clock -no_clock -no_input_delay -loops -generated_clocks
===========================================================================
Warning: There are 52 unconstrained endpoints.
  gpio_oeb[0]
  gpio_oeb[10]
  gpio_oeb[11]
  gpio_oeb[12]
  gpio_oeb[13]
  gpio_oeb[14]
  gpio_oeb[15]
  gpio_oeb[16]
  gpio_oeb[17]
  gpio_oeb[18]
  gpio_oeb[19]
  gpio_oeb[1]
  gpio_oeb[20]
  gpio_oeb[21]
  gpio_oeb[22]
  gpio_oeb[23]
  gpio_oeb[24]
  gpio_oeb[25]
  gpio_oeb[26]
  gpio_oeb[27]
  gpio_oeb[28]
  gpio_oeb[29]
  gpio_oeb[2]
  gpio_oeb[30]
  gpio_oeb[31]
  gpio_oeb[32]
  gpio_oeb[33]
  gpio_oeb[3]
  gpio_oeb[4]
  gpio_oeb[5]
  gpio_oeb[6]
  gpio_oeb[7]
  gpio_oeb[8]
  gpio_oeb[9]
  gpio_out[0]
  gpio_out[10]
  gpio_out[11]
  gpio_out[12]
  gpio_out[13]
  gpio_out[14]
  gpio_out[15]
  gpio_out[16]
  gpio_out[17]
  gpio_out[1]
  gpio_out[2]
  gpio_out[3]
  gpio_out[4]
  gpio_out[5]
  gpio_out[6]
  gpio_out[7]
  gpio_out[8]
  gpio_out[9]
