Clock: clk
Sources: clk 
Generated: no
Virtual: yes
Propagated: no
Period: 25.000000

===========================================================================
report_clock_properties
============================================================================
Clock                   Period          Waveform
----------------------------------------------------
clk                  25.000000    0.000000 12.500000

===========================================================================
report_clock_latency
============================================================================
Clock clk
rise -> rise
    min     max
0.000000 0.000000 source latency
0.460190         network latency _8646_/CLK
        0.496632 network latency _8619_/CLK
---------------
0.460190 0.496632 latency
        0.036442 skew

fall -> fall
    min     max
0.000000 0.000000 source latency
0.365393         network latency _8646_/CLK
        0.394022 network latency _8619_/CLK
---------------
0.365393 0.394022 latency
        0.028629 skew



===========================================================================
report_clock_min_period
============================================================================
clk period_min = 8.39 fmax = 119.15
