Clock: clk
Sources: clk 
Generated: no
Virtual: yes
Propagated: no
Period: 1000.000000

===========================================================================
report_clock_properties
============================================================================
Clock                   Period          Waveform
----------------------------------------------------
clk                 1000.000000    0.000000500.000000

===========================================================================
report_clock_latency
============================================================================
Clock clk
rise -> rise
    min     max
0.000000 0.000000 source latency
201.447342         network latency _11073_/CLK
        203.527588 network latency _10744_/CLK
---------------
201.447342 203.527588 latency
        2.080242 skew

rise -> fall
    min     max
0.000000 0.000000 source latency
201.256470         network latency _11289_/CLK
        203.464371 network latency _10744_/CLK
---------------
201.256470 203.464371 latency
        2.207898 skew



===========================================================================
report_clock_min_period
============================================================================
clk period_min = 0.00 fmax = inf
