Clock: clk
Sources: clk 
Generated: no
Virtual: yes
Propagated: no
Period: 25.000000

===========================================================================
report_clock_properties
============================================================================
Clock                   Period          Waveform
----------------------------------------------------
clk                  25.000000    0.000000 12.500000

===========================================================================
report_clock_latency
============================================================================
Clock clk
rise -> rise
    min     max
0.000000 0.000000 source latency
1.811673         network latency _25456_/CLK
        2.001503 network latency _22808_/CLK
---------------
1.811673 2.001503 latency
        0.189830 skew

fall -> fall
    min     max
0.000000 0.000000 source latency
1.427036         network latency _25456_/CLK
        1.617993 network latency _22808_/CLK
---------------
1.427036 1.617993 latency
        0.190957 skew



===========================================================================
report_clock_min_period
============================================================================
clk period_min = 1.63 fmax = 614.08
