Clock: clk
Sources: clk 
Generated: no
Virtual: yes
Propagated: no
Period: 25.000000

===========================================================================
report_clock_properties
============================================================================
Clock                   Period          Waveform
----------------------------------------------------
clk                  25.000000    0.000000 12.500000

===========================================================================
report_clock_latency
============================================================================
Clock clk
rise -> rise
    min     max
0.000000 0.000000 source latency
0.452639         network latency _2712_/CLK
        0.477707 network latency _2794_/CLK
---------------
0.452639 0.477707 latency
        0.025068 skew

fall -> fall
    min     max
0.000000 0.000000 source latency
0.402274         network latency _2712_/CLK
        0.420335 network latency _2794_/CLK
---------------
0.402274 0.420335 latency
        0.018061 skew



===========================================================================
report_clock_min_period
============================================================================
clk period_min = 3.22 fmax = 310.91
