
===========================================================================
report_checks -unconstrained
===========================================================================
======================= nom_ss_100C_1v60 Corner ===================================

Startpoint: nrst (input port clocked by clk)
Endpoint: _8598_ (recovery check against rising-edge clock clk)
Path Group: asynchronous
Path Type: max

Fanout         Cap        Slew       Delay        Time   Description
---------------------------------------------------------------------------------------------
                                  0.000000    0.000000   clock clk (rise edge)
                                  0.000000    0.000000   clock network delay (propagated)
                                  5.000000    5.000000 ^ input external delay
     2    0.004432    0.043283    0.024387    5.024387 ^ nrst (in)
                                                         nrst (net)
                      0.043283    0.000000    5.024387 ^ input19/A (sky130_fd_sc_hd__clkbuf_2)
     5    0.047553    0.402839    0.415731    5.440118 ^ input19/X (sky130_fd_sc_hd__clkbuf_2)
                                                         net19 (net)
                      0.402886    0.003636    5.443755 ^ fanout353/A (sky130_fd_sc_hd__clkbuf_4)
    13    0.075304    0.359616    0.610073    6.053828 ^ fanout353/X (sky130_fd_sc_hd__clkbuf_4)
                                                         net353 (net)
                      0.359625    0.002244    6.056071 ^ fanout348/A (sky130_fd_sc_hd__clkbuf_4)
    21    0.071237    0.341017    0.575138    6.631209 ^ fanout348/X (sky130_fd_sc_hd__clkbuf_4)
                                                         net348 (net)
                      0.341019    0.001782    6.632992 ^ fanout347/A (sky130_fd_sc_hd__buf_2)
     8    0.045843    0.358921    0.521781    7.154773 ^ fanout347/X (sky130_fd_sc_hd__buf_2)
                                                         net347 (net)
                      0.358921    0.000929    7.155702 ^ fanout346/A (sky130_fd_sc_hd__clkbuf_4)
    10    0.048573    0.242904    0.504894    7.660596 ^ fanout346/X (sky130_fd_sc_hd__clkbuf_4)
                                                         net346 (net)
                      0.242904    0.001085    7.661681 ^ _8598_/RESET_B (sky130_fd_sc_hd__dfrtp_2)
                                              7.661681   data arrival time

                                 25.000000   25.000000   clock clk (rise edge)
                                  0.000000   25.000000   clock source latency
     2    0.047605    0.343143    0.239297   25.239296 ^ clk (in)
                                                         clk (net)
                      0.343161    0.000000   25.239296 ^ clkbuf_0_clk/A (sky130_fd_sc_hd__clkbuf_16)
    33    0.188028    0.297712    0.526827   25.766123 ^ clkbuf_0_clk/X (sky130_fd_sc_hd__clkbuf_16)
                                                         clknet_0_clk (net)
                      0.297936    0.004203   25.770325 ^ clkbuf_4_8_0_clk/A (sky130_fd_sc_hd__clkbuf_8)
    11    0.036826    0.123287    0.373559   26.143885 ^ clkbuf_4_8_0_clk/X (sky130_fd_sc_hd__clkbuf_8)
                                                         clknet_4_8_0_clk (net)
                      0.123303    0.001455   26.145340 ^ _8598_/CLK (sky130_fd_sc_hd__dfrtp_2)
                                 -0.250000   25.895340   clock uncertainty
                                  0.000000   25.895340   clock reconvergence pessimism
                                  0.388740   26.284081   library recovery time
                                             26.284081   data required time
---------------------------------------------------------------------------------------------
                                             26.284081   data required time
                                             -7.661681   data arrival time
---------------------------------------------------------------------------------------------
                                             18.622398   slack (MET)


Startpoint: gpio_in[6] (input port clocked by clk)
Endpoint: _8683_ (rising edge-triggered flip-flop clocked by clk)
Path Group: clk
Path Type: max

Fanout         Cap        Slew       Delay        Time   Description
---------------------------------------------------------------------------------------------
                                  0.000000    0.000000   clock clk (rise edge)
                                  0.000000    0.000000   clock network delay (propagated)
                                  5.000000    5.000000 ^ input external delay
     2    0.004859    0.046224    0.026650    5.026650 ^ gpio_in[6] (in)
                                                         gpio_in[6] (net)
                      0.046224    0.000000    5.026650 ^ input15/A (sky130_fd_sc_hd__buf_2)
    13    0.075349    0.577747    0.548041    5.574691 ^ input15/X (sky130_fd_sc_hd__buf_2)
                                                         net15 (net)
                      0.577782    0.003796    5.578487 ^ _4272_/A0 (sky130_fd_sc_hd__mux2_4)
     9    0.037595    0.208452    0.618807    6.197294 ^ _4272_/X (sky130_fd_sc_hd__mux2_4)
                                                         PID_INST.k3_calc.d1.y[4] (net)
                      0.208454    0.001100    6.198394 ^ fanout175/A (sky130_fd_sc_hd__buf_2)
    19    0.056915    0.441214    0.527276    6.725670 ^ fanout175/X (sky130_fd_sc_hd__buf_2)
                                                         net175 (net)
                      0.441372    0.003315    6.728986 ^ fanout174/A (sky130_fd_sc_hd__buf_2)
    10    0.035484    0.282544    0.506004    7.234990 ^ fanout174/X (sky130_fd_sc_hd__buf_2)
                                                         net174 (net)
                      0.282549    0.001640    7.236630 ^ _4680_/A (sky130_fd_sc_hd__and4_1)
     4    0.009602    0.192487    0.507337    7.743968 ^ _4680_/X (sky130_fd_sc_hd__and4_1)
                                                         _3956_ (net)
                      0.192487    0.000116    7.744084 ^ _4696_/A_N (sky130_fd_sc_hd__and4bb_1)
     3    0.006756    0.108606    0.451012    8.195095 v _4696_/X (sky130_fd_sc_hd__and4bb_1)
                                                         _3972_ (net)
                      0.108606    0.000190    8.195286 v _4698_/C (sky130_fd_sc_hd__or4_4)
     3    0.009868    0.172811    1.001387    9.196673 v _4698_/X (sky130_fd_sc_hd__or4_4)
                                                         _3974_ (net)
                      0.172811    0.000203    9.196876 v _4706_/A1 (sky130_fd_sc_hd__a21o_1)
     2    0.005600    0.082310    0.353623    9.550498 v _4706_/X (sky130_fd_sc_hd__a21o_1)
                                                         _3982_ (net)
                      0.082310    0.000147    9.550645 v _4723_/B2 (sky130_fd_sc_hd__a22o_1)
     1    0.002671    0.069601    0.355816    9.906461 v _4723_/X (sky130_fd_sc_hd__a22o_1)
                                                         _3999_ (net)
                      0.069601    0.000075    9.906536 v _4725_/A2 (sky130_fd_sc_hd__a31o_1)
     2    0.008029    0.108880    0.412278   10.318814 v _4725_/X (sky130_fd_sc_hd__a31o_1)
                                                         _4001_ (net)
                      0.108880    0.000182   10.318996 v _4727_/B2 (sky130_fd_sc_hd__o22a_1)
     1    0.004337    0.101397    0.344782   10.663778 v _4727_/X (sky130_fd_sc_hd__o22a_1)
                                                         _4003_ (net)
                      0.101397    0.000124   10.663903 v _4728_/B2 (sky130_fd_sc_hd__a22oi_2)
     2    0.007218    0.258381    0.287383   10.951286 ^ _4728_/Y (sky130_fd_sc_hd__a22oi_2)
                                                         _4004_ (net)
                      0.258381    0.000176   10.951463 ^ _4731_/A (sky130_fd_sc_hd__nand2_1)
     1    0.004116    0.107371    0.185976   11.137438 v _4731_/Y (sky130_fd_sc_hd__nand2_1)
                                                         _4007_ (net)
                      0.107371    0.000131   11.137569 v _4732_/B1 (sky130_fd_sc_hd__o31a_1)
     1    0.002497    0.082581    0.197028   11.334598 v _4732_/X (sky130_fd_sc_hd__o31a_1)
                                                         _4008_ (net)
                      0.082581    0.000050   11.334647 v _4733_/B2 (sky130_fd_sc_hd__a221o_1)
     1    0.002586    0.089603    0.586940   11.921588 v _4733_/X (sky130_fd_sc_hd__a221o_1)
                                                         _4009_ (net)
                      0.089603    0.000051   11.921638 v _4734_/A1 (sky130_fd_sc_hd__a31o_1)
     4    0.014854    0.160348    0.425016   12.346655 v _4734_/X (sky130_fd_sc_hd__a31o_1)
                                                         _4010_ (net)
                      0.160348    0.000674   12.347329 v _4856_/A1 (sky130_fd_sc_hd__a221o_1)
     2    0.008463    0.145922    0.677058   13.024386 v _4856_/X (sky130_fd_sc_hd__a221o_1)
                                                         _4132_ (net)
                      0.145922    0.000233   13.024619 v _4861_/A1 (sky130_fd_sc_hd__a31o_1)
     2    0.011836    0.141383    0.428608   13.453227 v _4861_/X (sky130_fd_sc_hd__a31o_1)
                                                         _4137_ (net)
                      0.141383    0.000240   13.453467 v _5006_/A1 (sky130_fd_sc_hd__a21o_1)
     3    0.014316    0.146837    0.405339   13.858806 v _5006_/X (sky130_fd_sc_hd__a21o_1)
                                                         _0094_ (net)
                      0.146837    0.000519   13.859324 v _5086_/A1 (sky130_fd_sc_hd__a21bo_1)
     2    0.010982    0.127512    0.404018   14.263343 v _5086_/X (sky130_fd_sc_hd__a21bo_1)
                                                         _0174_ (net)
                      0.127512    0.000428   14.263771 v _5092_/A2 (sky130_fd_sc_hd__a21o_1)
     4    0.018495    0.178848    0.456250   14.720021 v _5092_/X (sky130_fd_sc_hd__a21o_1)
                                                         _0180_ (net)
                      0.178848    0.000420   14.720441 v _5349_/A3 (sky130_fd_sc_hd__a31o_4)
     3    0.031394    0.119797    0.549250   15.269691 v _5349_/X (sky130_fd_sc_hd__a31o_4)
                                                         _0437_ (net)
                      0.119799    0.000693   15.270385 v _6106_/A2 (sky130_fd_sc_hd__a211o_4)
     3    0.016950    0.108273    0.653895   15.924279 v _6106_/X (sky130_fd_sc_hd__a211o_4)
                                                         _1194_ (net)
                      0.108273    0.000469   15.924748 v _6107_/C (sky130_fd_sc_hd__nand3_4)
     5    0.036435    0.215787    0.237147   16.161896 ^ _6107_/Y (sky130_fd_sc_hd__nand3_4)
                                                         _1195_ (net)
                      0.215798    0.001178   16.163073 ^ _6520_/A1 (sky130_fd_sc_hd__a311o_4)
     6    0.040695    0.250191    0.571816   16.734890 ^ _6520_/X (sky130_fd_sc_hd__a311o_4)
                                                         _1606_ (net)
                      0.250191    0.000655   16.735544 ^ _6681_/A2 (sky130_fd_sc_hd__a21o_2)
     9    0.045973    0.363969    0.547635   17.283180 ^ _6681_/X (sky130_fd_sc_hd__a21o_2)
                                                         _1770_ (net)
                      0.363969    0.000490   17.283670 ^ _6968_/A2 (sky130_fd_sc_hd__a21o_2)
    15    0.055569    0.435046    0.640014   17.923685 ^ _6968_/X (sky130_fd_sc_hd__a21o_2)
                                                         _2069_ (net)
                      0.435046    0.000966   17.924650 ^ _7054_/B1 (sky130_fd_sc_hd__o21a_1)
     1    0.009723    0.170232    0.433161   18.357811 ^ _7054_/X (sky130_fd_sc_hd__o21a_1)
                                                         _2159_ (net)
                      0.170232    0.000306   18.358118 ^ _7080_/A (sky130_fd_sc_hd__xnor2_2)
     5    0.030155    0.635748    0.382510   18.740627 ^ _7080_/Y (sky130_fd_sc_hd__xnor2_2)
                                                         _2187_ (net)
                      0.635753    0.001544   18.742170 ^ fanout37/A (sky130_fd_sc_hd__clkbuf_4)
    21    0.065596    0.318460    0.679318   19.421490 ^ fanout37/X (sky130_fd_sc_hd__clkbuf_4)
                                                         net37 (net)
                      0.318573    0.005686   19.427176 ^ _7081_/B (sky130_fd_sc_hd__nor2_1)
     1    0.009399    0.132546    0.217728   19.644903 v _7081_/Y (sky130_fd_sc_hd__nor2_1)
                                                         _2188_ (net)
                      0.132546    0.000297   19.645201 v _7090_/A (sky130_fd_sc_hd__xnor2_2)
     2    0.017052    0.399864    0.437401   20.082602 ^ _7090_/Y (sky130_fd_sc_hd__xnor2_2)
                                                         _2197_ (net)
                      0.399869    0.001114   20.083715 ^ _7091_/B (sky130_fd_sc_hd__xnor2_1)
     2    0.007005    0.321062    0.358286   20.442001 ^ _7091_/Y (sky130_fd_sc_hd__xnor2_1)
                                                         _2198_ (net)
                      0.321062    0.000210   20.442211 ^ _7093_/B (sky130_fd_sc_hd__xnor2_1)
     2    0.007980    0.200116    0.270475   20.712685 v _7093_/Y (sky130_fd_sc_hd__xnor2_1)
                                                         _2200_ (net)
                      0.200116    0.000163   20.712849 v _7144_/A (sky130_fd_sc_hd__xnor2_1)
     2    0.012756    0.510011    0.545811   21.258659 ^ _7144_/Y (sky130_fd_sc_hd__xnor2_1)
                                                         _2255_ (net)
                      0.510011    0.000361   21.259020 ^ _7147_/A (sky130_fd_sc_hd__xor2_2)
     2    0.014902    0.338504    0.492875   21.751896 ^ _7147_/X (sky130_fd_sc_hd__xor2_2)
                                                         _2258_ (net)
                      0.338504    0.000403   21.752298 ^ _7402_/A2 (sky130_fd_sc_hd__a21oi_2)
     3    0.015942    0.163891    0.274646   22.026945 v _7402_/Y (sky130_fd_sc_hd__a21oi_2)
                                                         _2529_ (net)
                      0.163891    0.000327   22.027271 v _7480_/A2 (sky130_fd_sc_hd__a211o_1)
     1    0.003894    0.095714    0.586823   22.614094 v _7480_/X (sky130_fd_sc_hd__a211o_1)
                                                         _2612_ (net)
                      0.095714    0.000121   22.614216 v _7481_/B1 (sky130_fd_sc_hd__o21a_1)
     3    0.009943    0.127894    0.260707   22.874922 v _7481_/X (sky130_fd_sc_hd__o21a_1)
                                                         _2613_ (net)
                      0.127894    0.000288   22.875210 v _7483_/C (sky130_fd_sc_hd__and3_1)
     1    0.001642    0.061315    0.372475   23.247684 v _7483_/X (sky130_fd_sc_hd__and3_1)
                                                         _2615_ (net)
                      0.061315    0.000046   23.247732 v _7484_/B (sky130_fd_sc_hd__or2_1)
     2    0.010324    0.163053    0.537199   23.784931 v _7484_/X (sky130_fd_sc_hd__or2_1)
                                                         _2616_ (net)
                      0.163053    0.000295   23.785225 v _7573_/B (sky130_fd_sc_hd__xnor2_2)
     3    0.010666    0.180113    0.315168   24.100393 v _7573_/Y (sky130_fd_sc_hd__xnor2_2)
                                                         _2710_ (net)
                      0.180113    0.000217   24.100611 v _7737_/A2 (sky130_fd_sc_hd__a211o_1)
     3    0.013887    0.177286    0.694458   24.795069 v _7737_/X (sky130_fd_sc_hd__a211o_1)
                                                         _2874_ (net)
                      0.177286    0.000727   24.795795 v _8197_/A1 (sky130_fd_sc_hd__a31o_1)
     3    0.013413    0.149250    0.454612   25.250406 v _8197_/X (sky130_fd_sc_hd__a31o_1)
                                                         _3355_ (net)
                      0.149250    0.000595   25.251001 v _8199_/C (sky130_fd_sc_hd__and3_1)
     2    0.004854    0.088322    0.419337   25.670340 v _8199_/X (sky130_fd_sc_hd__and3_1)
                                                         _3357_ (net)
                      0.088322    0.000064   25.670403 v _8344_/B (sky130_fd_sc_hd__or2_1)
     1    0.004803    0.115621    0.489838   26.160240 v _8344_/X (sky130_fd_sc_hd__or2_1)
                                                         _3513_ (net)
                      0.115621    0.000139   26.160379 v _8345_/B (sky130_fd_sc_hd__xnor2_1)
     1    0.002492    0.086748    0.219453   26.379833 v _8345_/Y (sky130_fd_sc_hd__xnor2_1)
                                                         _3514_ (net)
                      0.086748    0.000053   26.379887 v _8346_/A1 (sky130_fd_sc_hd__mux2_1)
     1    0.002348    0.105790    0.647903   27.027788 v _8346_/X (sky130_fd_sc_hd__mux2_1)
                                                         _0072_ (net)
                      0.105790    0.000068   27.027857 v _8683_/D (sky130_fd_sc_hd__dfrtp_1)
                                             27.027857   data arrival time

                                 25.000000   25.000000   clock clk (rise edge)
                                  0.000000   25.000000   clock source latency
     2    0.047605    0.343143    0.239297   25.239296 ^ clk (in)
                                                         clk (net)
                      0.343161    0.000000   25.239296 ^ clkbuf_0_clk/A (sky130_fd_sc_hd__clkbuf_16)
    33    0.188028    0.297712    0.526827   25.766123 ^ clkbuf_0_clk/X (sky130_fd_sc_hd__clkbuf_16)
                                                         clknet_0_clk (net)
                      0.298253    0.008962   25.775084 ^ clkbuf_4_13_0_clk/A (sky130_fd_sc_hd__clkbuf_8)
     5    0.041714    0.134947    0.382721   26.157806 ^ clkbuf_4_13_0_clk/X (sky130_fd_sc_hd__clkbuf_8)
                                                         clknet_4_13_0_clk (net)
                      0.134951    0.001013   26.158817 ^ _8683_/CLK (sky130_fd_sc_hd__dfrtp_1)
                                 -0.250000   25.908819   clock uncertainty
                                  0.000000   25.908819   clock reconvergence pessimism
                                 -0.274164   25.634657   library setup time
                                             25.634657   data required time
---------------------------------------------------------------------------------------------
                                             25.634657   data required time
                                            -27.027857   data arrival time
---------------------------------------------------------------------------------------------
                                             -1.393200   slack (VIOLATED)




===========================================================================
report_checks --slack_max -0.01
============================================================================
======================= nom_ss_100C_1v60 Corner ===================================

Startpoint: gpio_in[6] (input port clocked by clk)
Endpoint: _8683_ (rising edge-triggered flip-flop clocked by clk)
Path Group: clk
Path Type: max

Fanout         Cap        Slew       Delay        Time   Description
---------------------------------------------------------------------------------------------
                                  0.000000    0.000000   clock clk (rise edge)
                                  0.000000    0.000000   clock network delay (propagated)
                                  5.000000    5.000000 ^ input external delay
     2    0.004859    0.046224    0.026650    5.026650 ^ gpio_in[6] (in)
                                                         gpio_in[6] (net)
                      0.046224    0.000000    5.026650 ^ input15/A (sky130_fd_sc_hd__buf_2)
    13    0.075349    0.577747    0.548041    5.574691 ^ input15/X (sky130_fd_sc_hd__buf_2)
                                                         net15 (net)
                      0.577782    0.003796    5.578487 ^ _4272_/A0 (sky130_fd_sc_hd__mux2_4)
     9    0.037595    0.208452    0.618807    6.197294 ^ _4272_/X (sky130_fd_sc_hd__mux2_4)
                                                         PID_INST.k3_calc.d1.y[4] (net)
                      0.208454    0.001100    6.198394 ^ fanout175/A (sky130_fd_sc_hd__buf_2)
    19    0.056915    0.441214    0.527276    6.725670 ^ fanout175/X (sky130_fd_sc_hd__buf_2)
                                                         net175 (net)
                      0.441372    0.003315    6.728986 ^ fanout174/A (sky130_fd_sc_hd__buf_2)
    10    0.035484    0.282544    0.506004    7.234990 ^ fanout174/X (sky130_fd_sc_hd__buf_2)
                                                         net174 (net)
                      0.282549    0.001640    7.236630 ^ _4680_/A (sky130_fd_sc_hd__and4_1)
     4    0.009602    0.192487    0.507337    7.743968 ^ _4680_/X (sky130_fd_sc_hd__and4_1)
                                                         _3956_ (net)
                      0.192487    0.000116    7.744084 ^ _4696_/A_N (sky130_fd_sc_hd__and4bb_1)
     3    0.006756    0.108606    0.451012    8.195095 v _4696_/X (sky130_fd_sc_hd__and4bb_1)
                                                         _3972_ (net)
                      0.108606    0.000190    8.195286 v _4698_/C (sky130_fd_sc_hd__or4_4)
     3    0.009868    0.172811    1.001387    9.196673 v _4698_/X (sky130_fd_sc_hd__or4_4)
                                                         _3974_ (net)
                      0.172811    0.000203    9.196876 v _4706_/A1 (sky130_fd_sc_hd__a21o_1)
     2    0.005600    0.082310    0.353623    9.550498 v _4706_/X (sky130_fd_sc_hd__a21o_1)
                                                         _3982_ (net)
                      0.082310    0.000147    9.550645 v _4723_/B2 (sky130_fd_sc_hd__a22o_1)
     1    0.002671    0.069601    0.355816    9.906461 v _4723_/X (sky130_fd_sc_hd__a22o_1)
                                                         _3999_ (net)
                      0.069601    0.000075    9.906536 v _4725_/A2 (sky130_fd_sc_hd__a31o_1)
     2    0.008029    0.108880    0.412278   10.318814 v _4725_/X (sky130_fd_sc_hd__a31o_1)
                                                         _4001_ (net)
                      0.108880    0.000182   10.318996 v _4727_/B2 (sky130_fd_sc_hd__o22a_1)
     1    0.004337    0.101397    0.344782   10.663778 v _4727_/X (sky130_fd_sc_hd__o22a_1)
                                                         _4003_ (net)
                      0.101397    0.000124   10.663903 v _4728_/B2 (sky130_fd_sc_hd__a22oi_2)
     2    0.007218    0.258381    0.287383   10.951286 ^ _4728_/Y (sky130_fd_sc_hd__a22oi_2)
                                                         _4004_ (net)
                      0.258381    0.000176   10.951463 ^ _4731_/A (sky130_fd_sc_hd__nand2_1)
     1    0.004116    0.107371    0.185976   11.137438 v _4731_/Y (sky130_fd_sc_hd__nand2_1)
                                                         _4007_ (net)
                      0.107371    0.000131   11.137569 v _4732_/B1 (sky130_fd_sc_hd__o31a_1)
     1    0.002497    0.082581    0.197028   11.334598 v _4732_/X (sky130_fd_sc_hd__o31a_1)
                                                         _4008_ (net)
                      0.082581    0.000050   11.334647 v _4733_/B2 (sky130_fd_sc_hd__a221o_1)
     1    0.002586    0.089603    0.586940   11.921588 v _4733_/X (sky130_fd_sc_hd__a221o_1)
                                                         _4009_ (net)
                      0.089603    0.000051   11.921638 v _4734_/A1 (sky130_fd_sc_hd__a31o_1)
     4    0.014854    0.160348    0.425016   12.346655 v _4734_/X (sky130_fd_sc_hd__a31o_1)
                                                         _4010_ (net)
                      0.160348    0.000674   12.347329 v _4856_/A1 (sky130_fd_sc_hd__a221o_1)
     2    0.008463    0.145922    0.677058   13.024386 v _4856_/X (sky130_fd_sc_hd__a221o_1)
                                                         _4132_ (net)
                      0.145922    0.000233   13.024619 v _4861_/A1 (sky130_fd_sc_hd__a31o_1)
     2    0.011836    0.141383    0.428608   13.453227 v _4861_/X (sky130_fd_sc_hd__a31o_1)
                                                         _4137_ (net)
                      0.141383    0.000240   13.453467 v _5006_/A1 (sky130_fd_sc_hd__a21o_1)
     3    0.014316    0.146837    0.405339   13.858806 v _5006_/X (sky130_fd_sc_hd__a21o_1)
                                                         _0094_ (net)
                      0.146837    0.000519   13.859324 v _5086_/A1 (sky130_fd_sc_hd__a21bo_1)
     2    0.010982    0.127512    0.404018   14.263343 v _5086_/X (sky130_fd_sc_hd__a21bo_1)
                                                         _0174_ (net)
                      0.127512    0.000428   14.263771 v _5092_/A2 (sky130_fd_sc_hd__a21o_1)
     4    0.018495    0.178848    0.456250   14.720021 v _5092_/X (sky130_fd_sc_hd__a21o_1)
                                                         _0180_ (net)
                      0.178848    0.000420   14.720441 v _5349_/A3 (sky130_fd_sc_hd__a31o_4)
     3    0.031394    0.119797    0.549250   15.269691 v _5349_/X (sky130_fd_sc_hd__a31o_4)
                                                         _0437_ (net)
                      0.119799    0.000693   15.270385 v _6106_/A2 (sky130_fd_sc_hd__a211o_4)
     3    0.016950    0.108273    0.653895   15.924279 v _6106_/X (sky130_fd_sc_hd__a211o_4)
                                                         _1194_ (net)
                      0.108273    0.000469   15.924748 v _6107_/C (sky130_fd_sc_hd__nand3_4)
     5    0.036435    0.215787    0.237147   16.161896 ^ _6107_/Y (sky130_fd_sc_hd__nand3_4)
                                                         _1195_ (net)
                      0.215798    0.001178   16.163073 ^ _6520_/A1 (sky130_fd_sc_hd__a311o_4)
     6    0.040695    0.250191    0.571816   16.734890 ^ _6520_/X (sky130_fd_sc_hd__a311o_4)
                                                         _1606_ (net)
                      0.250191    0.000655   16.735544 ^ _6681_/A2 (sky130_fd_sc_hd__a21o_2)
     9    0.045973    0.363969    0.547635   17.283180 ^ _6681_/X (sky130_fd_sc_hd__a21o_2)
                                                         _1770_ (net)
                      0.363969    0.000490   17.283670 ^ _6968_/A2 (sky130_fd_sc_hd__a21o_2)
    15    0.055569    0.435046    0.640014   17.923685 ^ _6968_/X (sky130_fd_sc_hd__a21o_2)
                                                         _2069_ (net)
                      0.435046    0.000966   17.924650 ^ _7054_/B1 (sky130_fd_sc_hd__o21a_1)
     1    0.009723    0.170232    0.433161   18.357811 ^ _7054_/X (sky130_fd_sc_hd__o21a_1)
                                                         _2159_ (net)
                      0.170232    0.000306   18.358118 ^ _7080_/A (sky130_fd_sc_hd__xnor2_2)
     5    0.030155    0.635748    0.382510   18.740627 ^ _7080_/Y (sky130_fd_sc_hd__xnor2_2)
                                                         _2187_ (net)
                      0.635753    0.001544   18.742170 ^ fanout37/A (sky130_fd_sc_hd__clkbuf_4)
    21    0.065596    0.318460    0.679318   19.421490 ^ fanout37/X (sky130_fd_sc_hd__clkbuf_4)
                                                         net37 (net)
                      0.318573    0.005686   19.427176 ^ _7081_/B (sky130_fd_sc_hd__nor2_1)
     1    0.009399    0.132546    0.217728   19.644903 v _7081_/Y (sky130_fd_sc_hd__nor2_1)
                                                         _2188_ (net)
                      0.132546    0.000297   19.645201 v _7090_/A (sky130_fd_sc_hd__xnor2_2)
     2    0.017052    0.399864    0.437401   20.082602 ^ _7090_/Y (sky130_fd_sc_hd__xnor2_2)
                                                         _2197_ (net)
                      0.399869    0.001114   20.083715 ^ _7091_/B (sky130_fd_sc_hd__xnor2_1)
     2    0.007005    0.321062    0.358286   20.442001 ^ _7091_/Y (sky130_fd_sc_hd__xnor2_1)
                                                         _2198_ (net)
                      0.321062    0.000210   20.442211 ^ _7093_/B (sky130_fd_sc_hd__xnor2_1)
     2    0.007980    0.200116    0.270475   20.712685 v _7093_/Y (sky130_fd_sc_hd__xnor2_1)
                                                         _2200_ (net)
                      0.200116    0.000163   20.712849 v _7144_/A (sky130_fd_sc_hd__xnor2_1)
     2    0.012756    0.510011    0.545811   21.258659 ^ _7144_/Y (sky130_fd_sc_hd__xnor2_1)
                                                         _2255_ (net)
                      0.510011    0.000361   21.259020 ^ _7147_/A (sky130_fd_sc_hd__xor2_2)
     2    0.014902    0.338504    0.492875   21.751896 ^ _7147_/X (sky130_fd_sc_hd__xor2_2)
                                                         _2258_ (net)
                      0.338504    0.000403   21.752298 ^ _7402_/A2 (sky130_fd_sc_hd__a21oi_2)
     3    0.015942    0.163891    0.274646   22.026945 v _7402_/Y (sky130_fd_sc_hd__a21oi_2)
                                                         _2529_ (net)
                      0.163891    0.000327   22.027271 v _7480_/A2 (sky130_fd_sc_hd__a211o_1)
     1    0.003894    0.095714    0.586823   22.614094 v _7480_/X (sky130_fd_sc_hd__a211o_1)
                                                         _2612_ (net)
                      0.095714    0.000121   22.614216 v _7481_/B1 (sky130_fd_sc_hd__o21a_1)
     3    0.009943    0.127894    0.260707   22.874922 v _7481_/X (sky130_fd_sc_hd__o21a_1)
                                                         _2613_ (net)
                      0.127894    0.000288   22.875210 v _7483_/C (sky130_fd_sc_hd__and3_1)
     1    0.001642    0.061315    0.372475   23.247684 v _7483_/X (sky130_fd_sc_hd__and3_1)
                                                         _2615_ (net)
                      0.061315    0.000046   23.247732 v _7484_/B (sky130_fd_sc_hd__or2_1)
     2    0.010324    0.163053    0.537199   23.784931 v _7484_/X (sky130_fd_sc_hd__or2_1)
                                                         _2616_ (net)
                      0.163053    0.000295   23.785225 v _7573_/B (sky130_fd_sc_hd__xnor2_2)
     3    0.010666    0.180113    0.315168   24.100393 v _7573_/Y (sky130_fd_sc_hd__xnor2_2)
                                                         _2710_ (net)
                      0.180113    0.000217   24.100611 v _7737_/A2 (sky130_fd_sc_hd__a211o_1)
     3    0.013887    0.177286    0.694458   24.795069 v _7737_/X (sky130_fd_sc_hd__a211o_1)
                                                         _2874_ (net)
                      0.177286    0.000727   24.795795 v _8197_/A1 (sky130_fd_sc_hd__a31o_1)
     3    0.013413    0.149250    0.454612   25.250406 v _8197_/X (sky130_fd_sc_hd__a31o_1)
                                                         _3355_ (net)
                      0.149250    0.000595   25.251001 v _8199_/C (sky130_fd_sc_hd__and3_1)
     2    0.004854    0.088322    0.419337   25.670340 v _8199_/X (sky130_fd_sc_hd__and3_1)
                                                         _3357_ (net)
                      0.088322    0.000064   25.670403 v _8344_/B (sky130_fd_sc_hd__or2_1)
     1    0.004803    0.115621    0.489838   26.160240 v _8344_/X (sky130_fd_sc_hd__or2_1)
                                                         _3513_ (net)
                      0.115621    0.000139   26.160379 v _8345_/B (sky130_fd_sc_hd__xnor2_1)
     1    0.002492    0.086748    0.219453   26.379833 v _8345_/Y (sky130_fd_sc_hd__xnor2_1)
                                                         _3514_ (net)
                      0.086748    0.000053   26.379887 v _8346_/A1 (sky130_fd_sc_hd__mux2_1)
     1    0.002348    0.105790    0.647903   27.027788 v _8346_/X (sky130_fd_sc_hd__mux2_1)
                                                         _0072_ (net)
                      0.105790    0.000068   27.027857 v _8683_/D (sky130_fd_sc_hd__dfrtp_1)
                                             27.027857   data arrival time

                                 25.000000   25.000000   clock clk (rise edge)
                                  0.000000   25.000000   clock source latency
     2    0.047605    0.343143    0.239297   25.239296 ^ clk (in)
                                                         clk (net)
                      0.343161    0.000000   25.239296 ^ clkbuf_0_clk/A (sky130_fd_sc_hd__clkbuf_16)
    33    0.188028    0.297712    0.526827   25.766123 ^ clkbuf_0_clk/X (sky130_fd_sc_hd__clkbuf_16)
                                                         clknet_0_clk (net)
                      0.298253    0.008962   25.775084 ^ clkbuf_4_13_0_clk/A (sky130_fd_sc_hd__clkbuf_8)
     5    0.041714    0.134947    0.382721   26.157806 ^ clkbuf_4_13_0_clk/X (sky130_fd_sc_hd__clkbuf_8)
                                                         clknet_4_13_0_clk (net)
                      0.134951    0.001013   26.158817 ^ _8683_/CLK (sky130_fd_sc_hd__dfrtp_1)
                                 -0.250000   25.908819   clock uncertainty
                                  0.000000   25.908819   clock reconvergence pessimism
                                 -0.274164   25.634657   library setup time
                                             25.634657   data required time
---------------------------------------------------------------------------------------------
                                             25.634657   data required time
                                            -27.027857   data arrival time
---------------------------------------------------------------------------------------------
                                             -1.393200   slack (VIOLATED)




===========================================================================
 report_check_types -max_slew -max_cap -max_fanout -violators
============================================================================
======================= nom_ss_100C_1v60 Corner ===================================

max slew

Pin                                        Limit        Slew       Slack
------------------------------------------------------------------------
ANTENNA__8464__C/DIODE                  0.750000    0.984613   -0.234613 (VIOLATED)
ANTENNA__8465__B1/DIODE                 0.750000    0.984613   -0.234613 (VIOLATED)
_8464_/C                                0.750000    0.984613   -0.234613 (VIOLATED)
_8465_/B1                               0.750000    0.984613   -0.234613 (VIOLATED)
ANTENNA__8463__Y/DIODE                  0.750000    0.984611   -0.234611 (VIOLATED)
_8463_/Y                                0.750000    0.984611   -0.234611 (VIOLATED)
ANTENNA__8193__C/DIODE                  0.750000    0.933522   -0.183522 (VIOLATED)
ANTENNA__8194__B1/DIODE                 0.750000    0.933522   -0.183522 (VIOLATED)
_8193_/C                                0.750000    0.933522   -0.183522 (VIOLATED)
_8194_/B1                               0.750000    0.933522   -0.183522 (VIOLATED)
ANTENNA__8192__Y/DIODE                  0.750000    0.933519   -0.183519 (VIOLATED)
_8192_/Y                                0.750000    0.933519   -0.183519 (VIOLATED)
_5090_/A1                               0.750000    0.799063   -0.049063 (VIOLATED)
ANTENNA__5090__A1/DIODE                 0.750000    0.799063   -0.049063 (VIOLATED)
ANTENNA__5182__A/DIODE                  0.750000    0.799060   -0.049060 (VIOLATED)
_5182_/A                                0.750000    0.799059   -0.049059 (VIOLATED)
_5482_/A                                0.750000    0.799053   -0.049053 (VIOLATED)
ANTENNA__5482__A/DIODE                  0.750000    0.799051   -0.049051 (VIOLATED)
ANTENNA__5483__A1_N/DIODE               0.750000    0.799051   -0.049051 (VIOLATED)
_5483_/A1_N                             0.750000    0.799049   -0.049049 (VIOLATED)
_7131_/A                                0.750000    0.799040   -0.049040 (VIOLATED)
ANTENNA__7131__A/DIODE                  0.750000    0.799039   -0.049039 (VIOLATED)
_8025_/A                                0.750000    0.799036   -0.049036 (VIOLATED)
ANTENNA__8025__A/DIODE                  0.750000    0.799036   -0.049036 (VIOLATED)
_7458_/A                                0.750000    0.799036   -0.049036 (VIOLATED)
ANTENNA__7458__A/DIODE                  0.750000    0.799036   -0.049036 (VIOLATED)
ANTENNA__4296__Y/DIODE                  0.750000    0.799032   -0.049032 (VIOLATED)
ANTENNA__4297__A/DIODE                  0.750000    0.799031   -0.049031 (VIOLATED)
_4297_/A                                0.750000    0.799030   -0.049030 (VIOLATED)
_4296_/Y                                0.750000    0.799029   -0.049029 (VIOLATED)
_6980_/A                                0.750000    0.798602   -0.048602 (VIOLATED)
_6979_/A_N                              0.750000    0.798602   -0.048602 (VIOLATED)
_6977_/X                                0.750000    0.798601   -0.048601 (VIOLATED)
_7889_/C                                0.750000    0.788534   -0.038534 (VIOLATED)
ANTENNA__7889__C/DIODE                  0.750000    0.788534   -0.038534 (VIOLATED)
_7890_/B1                               0.750000    0.788534   -0.038534 (VIOLATED)
ANTENNA__7890__B1/DIODE                 0.750000    0.788533   -0.038533 (VIOLATED)
ANTENNA__7888__Y/DIODE                  0.750000    0.788525   -0.038525 (VIOLATED)
_7888_/Y                                0.750000    0.788525   -0.038525 (VIOLATED)
_5352_/A1_N                             0.750000    0.786400   -0.036400 (VIOLATED)
ANTENNA__5352__A1_N/DIODE               0.750000    0.786399   -0.036399 (VIOLATED)
_5489_/A                                0.750000    0.786398   -0.036398 (VIOLATED)
ANTENNA__5490__A1_N/DIODE               0.750000    0.786397   -0.036397 (VIOLATED)
_5490_/A1_N                             0.750000    0.786397   -0.036397 (VIOLATED)
ANTENNA__5489__A/DIODE                  0.750000    0.786396   -0.036396 (VIOLATED)
ANTENNA__7465__A/DIODE                  0.750000    0.786390   -0.036390 (VIOLATED)
_7465_/A                                0.750000    0.786390   -0.036390 (VIOLATED)
_7705_/A1                               0.750000    0.786389   -0.036389 (VIOLATED)
_7463_/A1                               0.750000    0.786384   -0.036384 (VIOLATED)
ANTENNA__7705__A1/DIODE                 0.750000    0.786383   -0.036383 (VIOLATED)
_5521_/A                                0.750000    0.786383   -0.036383 (VIOLATED)
ANTENNA__5521__A/DIODE                  0.750000    0.786382   -0.036383 (VIOLATED)
ANTENNA__5522__A1_N/DIODE               0.750000    0.786382   -0.036382 (VIOLATED)
_5522_/A1_N                             0.750000    0.786382   -0.036382 (VIOLATED)
ANTENNA__7463__A1/DIODE                 0.750000    0.786381   -0.036381 (VIOLATED)
ANTENNA__5525__A/DIODE                  0.750000    0.786381   -0.036381 (VIOLATED)
ANTENNA__4310__A/DIODE                  0.750000    0.786377   -0.036377 (VIOLATED)
_4310_/A                                0.750000    0.786373   -0.036373 (VIOLATED)
_5525_/A                                0.750000    0.786368   -0.036368 (VIOLATED)
ANTENNA__4309__Y/DIODE                  0.750000    0.786343   -0.036343 (VIOLATED)
_4309_/Y                                0.750000    0.786343   -0.036343 (VIOLATED)
_5417_/Y                                0.750000    0.775440   -0.025440 (VIOLATED)
_5418_/B                                0.750000    0.775440   -0.025440 (VIOLATED)
_6106_/B1                               0.750000    0.775440   -0.025440 (VIOLATED)
fanout89/A                              0.750000    0.762837   -0.012837 (VIOLATED)
ANTENNA_fanout89_A/DIODE                0.750000    0.762837   -0.012837 (VIOLATED)
fanout90/A                              0.750000    0.762835   -0.012835 (VIOLATED)
ANTENNA_fanout90_A/DIODE                0.750000    0.762835   -0.012835 (VIOLATED)
fanout91/A                              0.750000    0.762832   -0.012832 (VIOLATED)
ANTENNA_fanout91_A/DIODE                0.750000    0.762832   -0.012832 (VIOLATED)
ANTENNA__4540__Y/DIODE                  0.750000    0.762830   -0.012830 (VIOLATED)
_4540_/Y                                0.750000    0.762830   -0.012830 (VIOLATED)
fanout81/A                              0.750000    0.758470   -0.008470 (VIOLATED)
ANTENNA_fanout81_A/DIODE                0.750000    0.758470   -0.008470 (VIOLATED)
ANTENNA__5118__B/DIODE                  0.750000    0.758468   -0.008468 (VIOLATED)
_5118_/B                                0.750000    0.758468   -0.008468 (VIOLATED)
ANTENNA__5036__B/DIODE                  0.750000    0.758461   -0.008462 (VIOLATED)
_5036_/B                                0.750000    0.758461   -0.008461 (VIOLATED)
_4751_/B                                0.750000    0.758453   -0.008453 (VIOLATED)
_4752_/A2                               0.750000    0.758453   -0.008453 (VIOLATED)
ANTENNA__4751__B/DIODE                  0.750000    0.758453   -0.008453 (VIOLATED)
ANTENNA__4752__A2/DIODE                 0.750000    0.758453   -0.008453 (VIOLATED)
ANTENNA__4747__Y/DIODE                  0.750000    0.758451   -0.008451 (VIOLATED)
_4747_/Y                                0.750000    0.758451   -0.008451 (VIOLATED)

max fanout

Pin                                   Limit Fanout  Slack
---------------------------------------------------------
clkbuf_0_clk/X                           10     33    -23 (VIOLATED)
clkbuf_4_1_0_clk/X                       10     23    -13 (VIOLATED)
_4309_/Y                                 10     21    -11 (VIOLATED)
_4325_/Y                                 10     21    -11 (VIOLATED)
_6970_/Y                                 10     21    -11 (VIOLATED)
fanout100/X                              10     21    -11 (VIOLATED)
fanout101/X                              10     21    -11 (VIOLATED)
fanout103/X                              10     21    -11 (VIOLATED)
fanout104/X                              10     21    -11 (VIOLATED)
fanout105/X                              10     21    -11 (VIOLATED)
fanout107/X                              10     21    -11 (VIOLATED)
fanout109/X                              10     21    -11 (VIOLATED)
fanout110/X                              10     21    -11 (VIOLATED)
fanout111/X                              10     21    -11 (VIOLATED)
fanout114/X                              10     21    -11 (VIOLATED)
fanout115/X                              10     21    -11 (VIOLATED)
fanout117/X                              10     21    -11 (VIOLATED)
fanout122/X                              10     21    -11 (VIOLATED)
fanout123/X                              10     21    -11 (VIOLATED)
fanout125/X                              10     21    -11 (VIOLATED)
fanout127/X                              10     21    -11 (VIOLATED)
fanout128/X                              10     21    -11 (VIOLATED)
fanout129/X                              10     21    -11 (VIOLATED)
fanout136/X                              10     21    -11 (VIOLATED)
fanout139/X                              10     21    -11 (VIOLATED)
fanout141/X                              10     21    -11 (VIOLATED)
fanout149/X                              10     21    -11 (VIOLATED)
fanout152/X                              10     21    -11 (VIOLATED)
fanout153/X                              10     21    -11 (VIOLATED)
fanout160/X                              10     21    -11 (VIOLATED)
fanout172/X                              10     21    -11 (VIOLATED)
fanout173/X                              10     21    -11 (VIOLATED)
fanout176/X                              10     21    -11 (VIOLATED)
fanout177/X                              10     21    -11 (VIOLATED)
fanout183/X                              10     21    -11 (VIOLATED)
fanout188/X                              10     21    -11 (VIOLATED)
fanout194/X                              10     21    -11 (VIOLATED)
fanout195/X                              10     21    -11 (VIOLATED)
fanout198/X                              10     21    -11 (VIOLATED)
fanout200/X                              10     21    -11 (VIOLATED)
fanout202/X                              10     21    -11 (VIOLATED)
fanout204/X                              10     21    -11 (VIOLATED)
fanout210/X                              10     21    -11 (VIOLATED)
fanout212/X                              10     21    -11 (VIOLATED)
fanout214/X                              10     21    -11 (VIOLATED)
fanout216/X                              10     21    -11 (VIOLATED)
fanout218/X                              10     21    -11 (VIOLATED)
fanout220/X                              10     21    -11 (VIOLATED)
fanout222/X                              10     21    -11 (VIOLATED)
fanout224/X                              10     21    -11 (VIOLATED)
fanout226/X                              10     21    -11 (VIOLATED)
fanout228/X                              10     21    -11 (VIOLATED)
fanout232/X                              10     21    -11 (VIOLATED)
fanout237/X                              10     21    -11 (VIOLATED)
fanout238/X                              10     21    -11 (VIOLATED)
fanout241/X                              10     21    -11 (VIOLATED)
fanout245/X                              10     21    -11 (VIOLATED)
fanout249/X                              10     21    -11 (VIOLATED)
fanout256/X                              10     21    -11 (VIOLATED)
fanout259/X                              10     21    -11 (VIOLATED)
fanout265/X                              10     21    -11 (VIOLATED)
fanout270/X                              10     21    -11 (VIOLATED)
fanout272/X                              10     21    -11 (VIOLATED)
fanout275/X                              10     21    -11 (VIOLATED)
fanout279/X                              10     21    -11 (VIOLATED)
fanout282/X                              10     21    -11 (VIOLATED)
fanout290/X                              10     21    -11 (VIOLATED)
fanout293/X                              10     21    -11 (VIOLATED)
fanout295/X                              10     21    -11 (VIOLATED)
fanout297/X                              10     21    -11 (VIOLATED)
fanout298/X                              10     21    -11 (VIOLATED)
fanout300/X                              10     21    -11 (VIOLATED)
fanout302/X                              10     21    -11 (VIOLATED)
fanout303/X                              10     21    -11 (VIOLATED)
fanout310/X                              10     21    -11 (VIOLATED)
fanout314/X                              10     21    -11 (VIOLATED)
fanout323/X                              10     21    -11 (VIOLATED)
fanout327/X                              10     21    -11 (VIOLATED)
fanout331/X                              10     21    -11 (VIOLATED)
fanout341/X                              10     21    -11 (VIOLATED)
fanout348/X                              10     21    -11 (VIOLATED)
fanout351/X                              10     21    -11 (VIOLATED)
fanout352/X                              10     21    -11 (VIOLATED)
fanout354/X                              10     21    -11 (VIOLATED)
fanout355/X                              10     21    -11 (VIOLATED)
fanout37/X                               10     21    -11 (VIOLATED)
fanout39/X                               10     21    -11 (VIOLATED)
fanout40/X                               10     21    -11 (VIOLATED)
fanout42/X                               10     21    -11 (VIOLATED)
fanout48/X                               10     21    -11 (VIOLATED)
fanout49/X                               10     21    -11 (VIOLATED)
fanout50/X                               10     21    -11 (VIOLATED)
fanout51/X                               10     21    -11 (VIOLATED)
fanout52/X                               10     21    -11 (VIOLATED)
fanout53/X                               10     21    -11 (VIOLATED)
fanout54/X                               10     21    -11 (VIOLATED)
fanout55/X                               10     21    -11 (VIOLATED)
fanout56/X                               10     21    -11 (VIOLATED)
fanout57/X                               10     21    -11 (VIOLATED)
fanout61/X                               10     21    -11 (VIOLATED)
fanout71/X                               10     21    -11 (VIOLATED)
fanout73/X                               10     21    -11 (VIOLATED)
fanout75/X                               10     21    -11 (VIOLATED)
fanout77/X                               10     21    -11 (VIOLATED)
fanout79/X                               10     21    -11 (VIOLATED)
fanout80/X                               10     21    -11 (VIOLATED)
fanout81/X                               10     21    -11 (VIOLATED)
fanout82/X                               10     21    -11 (VIOLATED)
fanout83/X                               10     21    -11 (VIOLATED)
fanout84/X                               10     21    -11 (VIOLATED)
fanout86/X                               10     21    -11 (VIOLATED)
fanout92/X                               10     21    -11 (VIOLATED)
fanout93/X                               10     21    -11 (VIOLATED)
fanout95/X                               10     21    -11 (VIOLATED)
fanout96/X                               10     21    -11 (VIOLATED)
fanout98/X                               10     21    -11 (VIOLATED)
fanout99/X                               10     21    -11 (VIOLATED)
_4283_/Y                                 10     19     -9 (VIOLATED)
_4293_/Y                                 10     19     -9 (VIOLATED)
_4307_/Y                                 10     19     -9 (VIOLATED)
_4318_/Y                                 10     19     -9 (VIOLATED)
_4319_/Y                                 10     19     -9 (VIOLATED)
_4321_/Y                                 10     19     -9 (VIOLATED)
fanout154/X                              10     19     -9 (VIOLATED)
fanout168/X                              10     19     -9 (VIOLATED)
fanout175/X                              10     19     -9 (VIOLATED)
fanout203/X                              10     19     -9 (VIOLATED)
fanout223/X                              10     19     -9 (VIOLATED)
fanout227/X                              10     19     -9 (VIOLATED)
fanout230/X                              10     19     -9 (VIOLATED)
fanout248/X                              10     19     -9 (VIOLATED)
fanout252/X                              10     19     -9 (VIOLATED)
fanout262/X                              10     19     -9 (VIOLATED)
fanout268/X                              10     19     -9 (VIOLATED)
fanout320/X                              10     19     -9 (VIOLATED)
fanout335/X                              10     19     -9 (VIOLATED)
fanout64/X                               10     19     -9 (VIOLATED)
_4296_/Y                                 10     17     -7 (VIOLATED)
fanout178/X                              10     17     -7 (VIOLATED)
fanout261/X                              10     17     -7 (VIOLATED)
fanout264/X                              10     17     -7 (VIOLATED)
fanout269/X                              10     17     -7 (VIOLATED)
fanout276/X                              10     17     -7 (VIOLATED)
fanout316/X                              10     17     -7 (VIOLATED)
fanout326/X                              10     17     -7 (VIOLATED)
fanout342/X                              10     17     -7 (VIOLATED)
fanout356/X                              10     17     -7 (VIOLATED)
fanout97/X                               10     17     -7 (VIOLATED)
input9/X                                 10     17     -7 (VIOLATED)
_6683_/Y                                 10     15     -5 (VIOLATED)
_6968_/X                                 10     15     -5 (VIOLATED)
clkbuf_4_15_0_clk/X                      10     15     -5 (VIOLATED)
fanout131/X                              10     15     -5 (VIOLATED)
fanout132/X                              10     15     -5 (VIOLATED)
fanout134/X                              10     15     -5 (VIOLATED)
fanout135/X                              10     15     -5 (VIOLATED)
fanout138/X                              10     15     -5 (VIOLATED)
fanout165/X                              10     15     -5 (VIOLATED)
fanout182/X                              10     15     -5 (VIOLATED)
fanout184/X                              10     15     -5 (VIOLATED)
fanout209/X                              10     15     -5 (VIOLATED)
fanout213/X                              10     15     -5 (VIOLATED)
fanout217/X                              10     15     -5 (VIOLATED)
fanout219/X                              10     15     -5 (VIOLATED)
fanout231/X                              10     15     -5 (VIOLATED)
fanout244/X                              10     15     -5 (VIOLATED)
fanout271/X                              10     15     -5 (VIOLATED)
fanout285/X                              10     15     -5 (VIOLATED)
fanout296/X                              10     15     -5 (VIOLATED)
fanout301/X                              10     15     -5 (VIOLATED)
fanout306/X                              10     15     -5 (VIOLATED)
fanout318/X                              10     15     -5 (VIOLATED)
fanout329/X                              10     15     -5 (VIOLATED)
fanout78/X                               10     15     -5 (VIOLATED)
_6109_/Y                                 10     13     -3 (VIOLATED)
clkbuf_4_10_0_clk/X                      10     13     -3 (VIOLATED)
clkbuf_4_2_0_clk/X                       10     13     -3 (VIOLATED)
clkbuf_4_5_0_clk/X                       10     13     -3 (VIOLATED)
fanout120/X                              10     13     -3 (VIOLATED)
fanout169/X                              10     13     -3 (VIOLATED)
fanout221/X                              10     13     -3 (VIOLATED)
fanout240/X                              10     13     -3 (VIOLATED)
fanout246/X                              10     13     -3 (VIOLATED)
fanout274/X                              10     13     -3 (VIOLATED)
fanout281/X                              10     13     -3 (VIOLATED)
fanout283/X                              10     13     -3 (VIOLATED)
fanout304/X                              10     13     -3 (VIOLATED)
fanout309/X                              10     13     -3 (VIOLATED)
fanout313/X                              10     13     -3 (VIOLATED)
fanout353/X                              10     13     -3 (VIOLATED)
fanout47/X                               10     13     -3 (VIOLATED)
input11/X                                10     13     -3 (VIOLATED)
input12/X                                10     13     -3 (VIOLATED)
input13/X                                10     13     -3 (VIOLATED)
input14/X                                10     13     -3 (VIOLATED)
input15/X                                10     13     -3 (VIOLATED)
input16/X                                10     13     -3 (VIOLATED)
input17/X                                10     13     -3 (VIOLATED)
input18/X                                10     13     -3 (VIOLATED)
input2/X                                 10     13     -3 (VIOLATED)
input3/X                                 10     13     -3 (VIOLATED)
input4/X                                 10     13     -3 (VIOLATED)
input5/X                                 10     13     -3 (VIOLATED)
input6/X                                 10     13     -3 (VIOLATED)
input7/X                                 10     13     -3 (VIOLATED)
input8/X                                 10     13     -3 (VIOLATED)
_4304_/Y                                 10     11        (VIOLATED)
_4354_/X                                 10     11        (VIOLATED)
_4519_/Y                                 10     11        (VIOLATED)
_4747_/Y                                 10     11        (VIOLATED)
clkbuf_4_0_0_clk/X                       10     11        (VIOLATED)
clkbuf_4_8_0_clk/X                       10     11        (VIOLATED)
fanout121/X                              10     11        (VIOLATED)
fanout150/X                              10     11        (VIOLATED)
fanout197/X                              10     11        (VIOLATED)
fanout211/X                              10     11        (VIOLATED)
fanout215/X                              10     11        (VIOLATED)
fanout242/X                              10     11        (VIOLATED)
fanout286/X                              10     11        (VIOLATED)
fanout299/X                              10     11        (VIOLATED)
fanout311/X                              10     11        (VIOLATED)
fanout322/X                              10     11        (VIOLATED)
fanout324/X                              10     11        (VIOLATED)
fanout333/X                              10     11        (VIOLATED)
fanout340/X                              10     11        (VIOLATED)
fanout345/X                              10     11        (VIOLATED)
fanout87/X                               10     11        (VIOLATED)
fanout94/X                               10     11        (VIOLATED)



===========================================================================
report_parasitic_annotation -report_unannotated
============================================================================
Found 84 unannotated drivers.
 en
 gpio_in[18]
 gpio_in[19]
 gpio_in[20]
 gpio_in[21]
 gpio_in[22]
 gpio_in[23]
 gpio_in[24]
 gpio_in[25]
 gpio_in[26]
 gpio_in[27]
 gpio_in[28]
 gpio_in[29]
 gpio_in[30]
 gpio_in[31]
 gpio_in[32]
 gpio_in[33]
 clkload0/Y
 clkload1/Y
 clkload10/Y
 clkload11/Y
 clkload12/Y
 clkload13/Y
 clkload14/Y
 clkload2/X
 clkload3/Y
 clkload4/Y
 clkload5/Y
 clkload6/Y
 clkload7/Y
 clkload8/Y
 clkload9/Y
 team_03_357/HI
 team_03_358/HI
 team_03_359/HI
 team_03_360/HI
 team_03_361/HI
 team_03_362/HI
 team_03_363/HI
 team_03_364/HI
 team_03_365/HI
 team_03_366/HI
 team_03_367/HI
 team_03_368/HI
 team_03_369/HI
 team_03_370/HI
 team_03_371/HI
 team_03_372/HI
 team_03_373/HI
 team_03_374/HI
 team_03_375/HI
 team_03_376/HI
 team_03_377/HI
 team_03_378/HI
 team_03_379/HI
 team_03_380/HI
 team_03_381/HI
 team_03_382/HI
 team_03_383/HI
 team_03_384/HI
 team_03_385/HI
 team_03_386/HI
 team_03_387/HI
 team_03_388/HI
 team_03_389/HI
 team_03_390/HI
 team_03_391/HI
 team_03_392/HI
 team_03_393/LO
 team_03_394/LO
 team_03_395/LO
 team_03_396/LO
 team_03_397/LO
 team_03_398/LO
 team_03_399/LO
 team_03_400/LO
 team_03_401/LO
 team_03_402/LO
 team_03_403/LO
 team_03_404/LO
 team_03_405/LO
 team_03_406/LO
 team_03_407/LO
 team_03_408/LO
Found 0 partially unannotated drivers.

===========================================================================
max slew violation count 84
max fanout violation count 228
max cap violation count 0
============================================================================

===========================================================================
check_setup -verbose -unconstrained_endpoints -multiple_clock -no_clock -no_input_delay -loops -generated_clocks
===========================================================================
Warning: There are 52 unconstrained endpoints.
  gpio_oeb[0]
  gpio_oeb[10]
  gpio_oeb[11]
  gpio_oeb[12]
  gpio_oeb[13]
  gpio_oeb[14]
  gpio_oeb[15]
  gpio_oeb[16]
  gpio_oeb[17]
  gpio_oeb[18]
  gpio_oeb[19]
  gpio_oeb[1]
  gpio_oeb[20]
  gpio_oeb[21]
  gpio_oeb[22]
  gpio_oeb[23]
  gpio_oeb[24]
  gpio_oeb[25]
  gpio_oeb[26]
  gpio_oeb[27]
  gpio_oeb[28]
  gpio_oeb[29]
  gpio_oeb[2]
  gpio_oeb[30]
  gpio_oeb[31]
  gpio_oeb[32]
  gpio_oeb[33]
  gpio_oeb[3]
  gpio_oeb[4]
  gpio_oeb[5]
  gpio_oeb[6]
  gpio_oeb[7]
  gpio_oeb[8]
  gpio_oeb[9]
  gpio_out[0]
  gpio_out[10]
  gpio_out[11]
  gpio_out[12]
  gpio_out[13]
  gpio_out[14]
  gpio_out[15]
  gpio_out[16]
  gpio_out[17]
  gpio_out[1]
  gpio_out[2]
  gpio_out[3]
  gpio_out[4]
  gpio_out[5]
  gpio_out[6]
  gpio_out[7]
  gpio_out[8]
  gpio_out[9]
