Clock: clk
Sources: clk 
Generated: no
Virtual: yes
Propagated: no
Period: 25.000000

===========================================================================
report_clock_properties
============================================================================
Clock                   Period          Waveform
----------------------------------------------------
clk                  25.000000    0.000000 12.500000

===========================================================================
report_clock_latency
============================================================================
Clock clk
rise -> rise
    min     max
0.000000 0.000000 source latency
1.137437         network latency _8646_/CLK
        1.194947 network latency _8619_/CLK
---------------
1.137437 1.194947 latency
        0.057511 skew

fall -> fall
    min     max
0.000000 0.000000 source latency
0.946383         network latency _8646_/CLK
        0.989285 network latency _8619_/CLK
---------------
0.946383 0.989285 latency
        0.042902 skew



===========================================================================
report_clock_min_period
============================================================================
clk period_min = 25.34 fmax = 39.47
