Clock: clk
Sources: clk 
Generated: no
Virtual: yes
Propagated: no
Period: 25.000000

===========================================================================
report_clock_properties
============================================================================
Clock                   Period          Waveform
----------------------------------------------------
clk                  25.000000    0.000000 12.500000

===========================================================================
report_clock_latency
============================================================================
Clock clk
rise -> rise
    min     max
0.000000 0.000000 source latency
33.067574         network latency _23848_/CLK
        34.283920 network latency _22520_/CLK
---------------
33.067574 34.283920 latency
        1.216346 skew

fall -> fall
    min     max
0.000000 0.000000 source latency
16.136652         network latency _23848_/CLK
        17.262791 network latency _22520_/CLK
---------------
16.136652 17.262791 latency
        1.126139 skew



===========================================================================
report_clock_min_period
============================================================================
clk period_min = 4.87 fmax = 205.20
