Clock: clk
Sources: clk 
Generated: no
Virtual: yes
Propagated: no
Period: 25.000000

===========================================================================
report_clock_properties
============================================================================
Clock                   Period          Waveform
----------------------------------------------------
clk                  25.000000    0.000000 12.500000

===========================================================================
report_clock_latency
============================================================================
Clock clk
rise -> rise
    min     max
0.000000 0.000000 source latency
0.327421         network latency _0980_/CLK
        0.337420 network latency _1018_/CLK
---------------
0.327421 0.337420 latency
        0.009999 skew

fall -> fall
    min     max
0.000000 0.000000 source latency
0.281219         network latency _0980_/CLK
        0.288645 network latency _1018_/CLK
---------------
0.281219 0.288645 latency
        0.007426 skew



===========================================================================
report_clock_min_period
============================================================================
clk period_min = 2.89 fmax = 346.45
