Clock: clk
Sources: clk 
Generated: no
Virtual: yes
Propagated: no
Period: 25.000000

===========================================================================
report_clock_properties
============================================================================
Clock                   Period          Waveform
----------------------------------------------------
clk                  25.000000    0.000000 12.500000

===========================================================================
report_clock_latency
============================================================================
Clock clk
rise -> rise
    min     max
0.000000 0.000000 source latency
1.696229         network latency _25456_/CLK
        1.838687 network latency _22808_/CLK
---------------
1.696229 1.838687 latency
        0.142458 skew

fall -> fall
    min     max
0.000000 0.000000 source latency
1.338244         network latency _25456_/CLK
        1.472874 network latency _22808_/CLK
---------------
1.338244 1.472874 latency
        0.134630 skew



===========================================================================
report_clock_min_period
============================================================================
clk period_min = 1.62 fmax = 615.77
