Clock: clk
Sources: clk 
Generated: no
Virtual: yes
Propagated: no
Period: 1000.000000

===========================================================================
report_clock_properties
============================================================================
Clock                   Period          Waveform
----------------------------------------------------
clk                 1000.000000    0.000000500.000000

===========================================================================
report_clock_latency
============================================================================
Clock clk
rise -> rise
    min     max
0.000000 0.000000 source latency
201.390106         network latency _11073_/CLK
        203.389496 network latency _10744_/CLK
---------------
201.390106 203.389496 latency
        1.999396 skew

rise -> fall
    min     max
0.000000 0.000000 source latency
201.212494         network latency _11286_/CLK
        203.325851 network latency _10744_/CLK
---------------
201.212494 203.325851 latency
        2.113353 skew



===========================================================================
report_clock_min_period
============================================================================
clk period_min = 0.00 fmax = inf
