Clock: clk
Sources: clk 
Generated: no
Virtual: yes
Propagated: no
Period: 25.000000

===========================================================================
report_clock_properties
============================================================================
Clock                   Period          Waveform
----------------------------------------------------
clk                  25.000000    0.000000 12.500000

===========================================================================
report_clock_latency
============================================================================
Clock clk
rise -> rise
    min     max
0.000000 0.000000 source latency
0.319206         network latency _0980_/CLK
        0.327791 network latency _1018_/CLK
---------------
0.319206 0.327791 latency
        0.008585 skew

fall -> fall
    min     max
0.000000 0.000000 source latency
0.276374         network latency _0980_/CLK
        0.282764 network latency _1018_/CLK
---------------
0.276374 0.282764 latency
        0.006390 skew



===========================================================================
report_clock_min_period
============================================================================
clk period_min = 2.86 fmax = 349.40
