Clock: clk
Sources: clk 
Generated: no
Virtual: yes
Propagated: no
Period: 25.000000

===========================================================================
report_clock_properties
============================================================================
Clock                   Period          Waveform
----------------------------------------------------
clk                  25.000000    0.000000 12.500000

===========================================================================
report_clock_latency
============================================================================
Clock clk
rise -> rise
    min     max
0.000000 0.000000 source latency
1.292471         network latency _25456_/CLK
        1.396258 network latency _24888_/CLK
---------------
1.292471 1.396258 latency
        0.103787 skew

fall -> fall
    min     max
0.000000 0.000000 source latency
1.052663         network latency _25456_/CLK
        1.151532 network latency _24888_/CLK
---------------
1.052663 1.151532 latency
        0.098869 skew



===========================================================================
report_clock_min_period
============================================================================
clk period_min = 1.63 fmax = 614.64
