Clock: clk
Sources: clk 
Generated: no
Virtual: yes
Propagated: no
Period: 1000.000000

===========================================================================
report_clock_properties
============================================================================
Clock                   Period          Waveform
----------------------------------------------------
clk                 1000.000000    0.000000500.000000

===========================================================================
report_clock_latency
============================================================================
Clock clk
rise -> rise
    min     max
0.000000 0.000000 source latency
200.776581         network latency _11286_/CLK
        201.894592 network latency _10744_/CLK
---------------
200.776581 201.894592 latency
        1.118025 skew

rise -> fall
    min     max
0.000000 0.000000 source latency
200.664032         network latency _11286_/CLK
        201.849670 network latency _10744_/CLK
---------------
200.664032 201.849670 latency
        1.185640 skew



===========================================================================
report_clock_min_period
============================================================================
clk period_min = 0.00 fmax = inf
