Clock: clk
Sources: clk 
Generated: no
Virtual: yes
Propagated: no
Period: 25.000000

===========================================================================
report_clock_properties
============================================================================
Clock                   Period          Waveform
----------------------------------------------------
clk                  25.000000    0.000000 12.500000

===========================================================================
report_clock_latency
============================================================================
Clock clk
rise -> rise
    min     max
0.000000 0.000000 source latency
0.461642         network latency _0980_/CLK
        0.472642 network latency _1018_/CLK
---------------
0.461642 0.472642 latency
        0.011001 skew

fall -> fall
    min     max
0.000000 0.000000 source latency
0.401904         network latency _0980_/CLK
        0.410028 network latency _1018_/CLK
---------------
0.401904 0.410028 latency
        0.008124 skew



===========================================================================
report_clock_min_period
============================================================================
clk period_min = 4.58 fmax = 218.43
