
===========================================================================
report_checks -unconstrained
===========================================================================
======================= min_ff_n40C_1v95 Corner ===================================

Startpoint: nrst (input port clocked by clk)
Endpoint: _8598_ (recovery check against rising-edge clock clk)
Path Group: asynchronous
Path Type: max

Fanout         Cap        Slew       Delay        Time   Description
---------------------------------------------------------------------------------------------
                                  0.000000    0.000000   clock clk (rise edge)
                                  0.000000    0.000000   clock network delay (propagated)
                                  5.000000    5.000000 ^ input external delay
     2    0.004202    0.018933    0.010888    5.010888 ^ nrst (in)
                                                         nrst (net)
                      0.018933    0.000000    5.010888 ^ input19/A (sky130_fd_sc_hd__clkbuf_2)
     5    0.043351    0.182056    0.166716    5.177603 ^ input19/X (sky130_fd_sc_hd__clkbuf_2)
                                                         net19 (net)
                      0.182091    0.002084    5.179687 ^ fanout353/A (sky130_fd_sc_hd__clkbuf_4)
    13    0.069082    0.159518    0.214722    5.394409 ^ fanout353/X (sky130_fd_sc_hd__clkbuf_4)
                                                         net353 (net)
                      0.159520    0.000926    5.395336 ^ fanout348/A (sky130_fd_sc_hd__clkbuf_4)
    21    0.069287    0.160143    0.209151    5.604486 ^ fanout348/X (sky130_fd_sc_hd__clkbuf_4)
                                                         net348 (net)
                      0.160148    0.000775    5.605261 ^ fanout347/A (sky130_fd_sc_hd__buf_2)
     8    0.045994    0.169654    0.192312    5.797574 ^ fanout347/X (sky130_fd_sc_hd__buf_2)
                                                         net347 (net)
                      0.169655    0.000392    5.797966 ^ fanout346/A (sky130_fd_sc_hd__clkbuf_4)
    10    0.050401    0.119560    0.184242    5.982208 ^ fanout346/X (sky130_fd_sc_hd__clkbuf_4)
                                                         net346 (net)
                      0.119561    0.000616    5.982824 ^ _8598_/RESET_B (sky130_fd_sc_hd__dfrtp_2)
                                              5.982824   data arrival time

                                 25.000000   25.000000   clock clk (rise edge)
                                  0.000000   25.000000   clock source latency
     2    0.044859    0.154150    0.107098   25.107098 ^ clk (in)
                                                         clk (net)
                      0.154165    0.000000   25.107098 ^ clkbuf_0_clk/A (sky130_fd_sc_hd__clkbuf_16)
    33    0.174466    0.144329    0.196913   25.304010 ^ clkbuf_0_clk/X (sky130_fd_sc_hd__clkbuf_16)
                                                         clknet_0_clk (net)
                      0.144359    0.001725   25.305735 ^ clkbuf_4_8_0_clk/A (sky130_fd_sc_hd__clkbuf_8)
    11    0.037131    0.058955    0.132280   25.438015 ^ clkbuf_4_8_0_clk/X (sky130_fd_sc_hd__clkbuf_8)
                                                         clknet_4_8_0_clk (net)
                      0.058967    0.000822   25.438837 ^ _8598_/CLK (sky130_fd_sc_hd__dfrtp_2)
                                 -0.250000   25.188839   clock uncertainty
                                  0.000000   25.188839   clock reconvergence pessimism
                                  0.115344   25.304182   library recovery time
                                             25.304182   data required time
---------------------------------------------------------------------------------------------
                                             25.304182   data required time
                                             -5.982824   data arrival time
---------------------------------------------------------------------------------------------
                                             19.321360   slack (MET)


Startpoint: gpio_in[4] (input port clocked by clk)
Endpoint: _8685_ (rising edge-triggered flip-flop clocked by clk)
Path Group: clk
Path Type: max

Fanout         Cap        Slew       Delay        Time   Description
---------------------------------------------------------------------------------------------
                                  0.000000    0.000000   clock clk (rise edge)
                                  0.000000    0.000000   clock network delay (propagated)
                                  5.000000    5.000000 ^ input external delay
     2    0.006186    0.025662    0.015824    5.015824 ^ gpio_in[4] (in)
                                                         gpio_in[4] (net)
                      0.025662    0.000000    5.015824 ^ input13/A (sky130_fd_sc_hd__clkbuf_4)
    13    0.056067    0.131267    0.155748    5.171572 ^ input13/X (sky130_fd_sc_hd__clkbuf_4)
                                                         net13 (net)
                      0.131310    0.001982    5.173554 ^ _4274_/A0 (sky130_fd_sc_hd__mux2_2)
     1    0.005500    0.034677    0.119468    5.293023 ^ _4274_/X (sky130_fd_sc_hd__mux2_2)
                                                         PID_INST.k3_calc.d1.y[2] (net)
                      0.034677    0.000055    5.293077 ^ fanout169/A (sky130_fd_sc_hd__buf_6)
    13    0.040638    0.066497    0.091653    5.384730 ^ fanout169/X (sky130_fd_sc_hd__buf_6)
                                                         net169 (net)
                      0.066497    0.000084    5.384814 ^ fanout168/A (sky130_fd_sc_hd__buf_4)
    19    0.055466    0.118906    0.143197    5.528011 ^ fanout168/X (sky130_fd_sc_hd__buf_4)
                                                         net168 (net)
                      0.118912    0.000695    5.528705 ^ fanout167/A (sky130_fd_sc_hd__buf_6)
     7    0.033954    0.057606    0.100230    5.628935 ^ fanout167/X (sky130_fd_sc_hd__buf_6)
                                                         net167 (net)
                      0.057684    0.001327    5.630262 ^ fanout166/A (sky130_fd_sc_hd__buf_4)
    10    0.029860    0.067712    0.106825    5.737087 ^ fanout166/X (sky130_fd_sc_hd__buf_4)
                                                         net166 (net)
                      0.067712    0.000382    5.737469 ^ _4703_/A (sky130_fd_sc_hd__and4_1)
     4    0.015376    0.117884    0.167026    5.904495 ^ _4703_/X (sky130_fd_sc_hd__and4_1)
                                                         _3979_ (net)
                      0.117884    0.000106    5.904601 ^ _4710_/B_N (sky130_fd_sc_hd__and4bb_1)
     4    0.011838    0.056288    0.168993    6.073594 v _4710_/X (sky130_fd_sc_hd__and4bb_1)
                                                         _3986_ (net)
                      0.056288    0.000074    6.073668 v _4719_/A3 (sky130_fd_sc_hd__o41a_1)
     2    0.006184    0.055108    0.240510    6.314178 v _4719_/X (sky130_fd_sc_hd__o41a_1)
                                                         _3995_ (net)
                      0.055108    0.000056    6.314235 v _4720_/A2 (sky130_fd_sc_hd__a31o_1)
     2    0.005322    0.035201    0.145995    6.460229 v _4720_/X (sky130_fd_sc_hd__a31o_1)
                                                         _3996_ (net)
                      0.035201    0.000040    6.460269 v _4724_/A1 (sky130_fd_sc_hd__a21o_1)
     1    0.003675    0.026600    0.099408    6.559678 v _4724_/X (sky130_fd_sc_hd__a21o_1)
                                                         _4000_ (net)
                      0.026611    0.000048    6.559725 v _4725_/A3 (sky130_fd_sc_hd__a31o_1)
     2    0.007798    0.042805    0.150407    6.710133 v _4725_/X (sky130_fd_sc_hd__a31o_1)
                                                         _4001_ (net)
                      0.042805    0.000065    6.710197 v _4727_/B2 (sky130_fd_sc_hd__o22a_1)
     1    0.004312    0.031517    0.099044    6.809241 v _4727_/X (sky130_fd_sc_hd__o22a_1)
                                                         _4003_ (net)
                      0.031517    0.000036    6.809278 v _4728_/B2 (sky130_fd_sc_hd__a22oi_2)
     2    0.007020    0.089284    0.079716    6.888994 ^ _4728_/Y (sky130_fd_sc_hd__a22oi_2)
                                                         _4004_ (net)
                      0.089284    0.000074    6.889068 ^ _4731_/A (sky130_fd_sc_hd__nand2_1)
     1    0.003922    0.035066    0.036543    6.925611 v _4731_/Y (sky130_fd_sc_hd__nand2_1)
                                                         _4007_ (net)
                      0.035066    0.000051    6.925662 v _4732_/B1 (sky130_fd_sc_hd__o31a_1)
     1    0.002468    0.033030    0.061190    6.986852 v _4732_/X (sky130_fd_sc_hd__o31a_1)
                                                         _4008_ (net)
                      0.033030    0.000011    6.986862 v _4733_/B2 (sky130_fd_sc_hd__a221o_1)
     1    0.002541    0.031779    0.149933    7.136796 v _4733_/X (sky130_fd_sc_hd__a221o_1)
                                                         _4009_ (net)
                      0.031779    0.000012    7.136807 v _4734_/A1 (sky130_fd_sc_hd__a31o_1)
     4    0.014274    0.060614    0.142712    7.279519 v _4734_/X (sky130_fd_sc_hd__a31o_1)
                                                         _4010_ (net)
                      0.060616    0.000423    7.279942 v _4856_/A1 (sky130_fd_sc_hd__a221o_1)
     2    0.008254    0.051787    0.191837    7.471779 v _4856_/X (sky130_fd_sc_hd__a221o_1)
                                                         _4132_ (net)
                      0.051787    0.000107    7.471886 v _4861_/A1 (sky130_fd_sc_hd__a31o_1)
     2    0.011539    0.052777    0.143520    7.615406 v _4861_/X (sky130_fd_sc_hd__a31o_1)
                                                         _4137_ (net)
                      0.052777    0.000084    7.615490 v _5006_/A1 (sky130_fd_sc_hd__a21o_1)
     3    0.013749    0.054667    0.135295    7.750785 v _5006_/X (sky130_fd_sc_hd__a21o_1)
                                                         _0094_ (net)
                      0.054667    0.000292    7.751077 v _5086_/A1 (sky130_fd_sc_hd__a21bo_1)
     2    0.010438    0.047634    0.135381    7.886459 v _5086_/X (sky130_fd_sc_hd__a21bo_1)
                                                         _0174_ (net)
                      0.047634    0.000249    7.886707 v _5092_/A2 (sky130_fd_sc_hd__a21o_1)
     4    0.018020    0.066742    0.160068    8.046776 v _5092_/X (sky130_fd_sc_hd__a21o_1)
                                                         _0180_ (net)
                      0.066742    0.000167    8.046943 v _5349_/A3 (sky130_fd_sc_hd__a31o_4)
     3    0.030388    0.050060    0.194124    8.241067 v _5349_/X (sky130_fd_sc_hd__a31o_4)
                                                         _0437_ (net)
                      0.050060    0.000240    8.241306 v _6106_/A2 (sky130_fd_sc_hd__a211o_4)
     3    0.016404    0.048711    0.228481    8.469788 v _6106_/X (sky130_fd_sc_hd__a211o_4)
                                                         _1194_ (net)
                      0.048711    0.000185    8.469973 v _6107_/C (sky130_fd_sc_hd__nand3_4)
     5    0.035516    0.106468    0.106478    8.576451 ^ _6107_/Y (sky130_fd_sc_hd__nand3_4)
                                                         _1195_ (net)
                      0.106472    0.000535    8.576985 ^ _6520_/A1 (sky130_fd_sc_hd__a311o_4)
     6    0.038825    0.115108    0.187818    8.764803 ^ _6520_/X (sky130_fd_sc_hd__a311o_4)
                                                         _1606_ (net)
                      0.115108    0.000272    8.765075 ^ _6681_/A2 (sky130_fd_sc_hd__a21o_2)
     9    0.044826    0.170661    0.195325    8.960400 ^ _6681_/X (sky130_fd_sc_hd__a21o_2)
                                                         _1770_ (net)
                      0.170661    0.000095    8.960495 ^ _6968_/A2 (sky130_fd_sc_hd__a21o_2)
    15    0.051350    0.194592    0.217023    9.177518 ^ _6968_/X (sky130_fd_sc_hd__a21o_2)
                                                         _2069_ (net)
                      0.194593    0.000389    9.177907 ^ _7054_/B1 (sky130_fd_sc_hd__o21a_1)
     1    0.009578    0.074581    0.097432    9.275339 ^ _7054_/X (sky130_fd_sc_hd__o21a_1)
                                                         _2159_ (net)
                      0.074581    0.000103    9.275442 ^ _7080_/A (sky130_fd_sc_hd__xnor2_2)
     5    0.027640    0.281118    0.135111    9.410553 ^ _7080_/Y (sky130_fd_sc_hd__xnor2_2)
                                                         _2187_ (net)
                      0.281122    0.000855    9.411407 ^ fanout37/A (sky130_fd_sc_hd__clkbuf_4)
    21    0.060605    0.141906    0.218098    9.629506 ^ fanout37/X (sky130_fd_sc_hd__clkbuf_4)
                                                         net37 (net)
                      0.142024    0.003343    9.632850 ^ _7081_/B (sky130_fd_sc_hd__nor2_1)
     1    0.009129    0.060500    0.054104    9.686954 v _7081_/Y (sky130_fd_sc_hd__nor2_1)
                                                         _2188_ (net)
                      0.060500    0.000098    9.687052 v _7090_/A (sky130_fd_sc_hd__xnor2_2)
     2    0.016296    0.185648    0.186628    9.873679 ^ _7090_/Y (sky130_fd_sc_hd__xnor2_2)
                                                         _2197_ (net)
                      0.185653    0.000761    9.874440 ^ _7091_/B (sky130_fd_sc_hd__xnor2_1)
     2    0.007215    0.142615    0.103290    9.977730 ^ _7091_/Y (sky130_fd_sc_hd__xnor2_1)
                                                         _2198_ (net)
                      0.142615    0.000083    9.977813 ^ _7093_/B (sky130_fd_sc_hd__xnor2_1)
     2    0.007844    0.081107    0.069375   10.047188 v _7093_/Y (sky130_fd_sc_hd__xnor2_1)
                                                         _2200_ (net)
                      0.081107    0.000056   10.047243 v _7144_/A (sky130_fd_sc_hd__xnor2_1)
     2    0.012652    0.219444    0.219415   10.266658 ^ _7144_/Y (sky130_fd_sc_hd__xnor2_1)
                                                         _2255_ (net)
                      0.219444    0.000131   10.266788 ^ _7147_/A (sky130_fd_sc_hd__xor2_2)
     2    0.014691    0.161488    0.148263   10.415051 ^ _7147_/X (sky130_fd_sc_hd__xor2_2)
                                                         _2258_ (net)
                      0.161488    0.000136   10.415187 ^ _7148_/B (sky130_fd_sc_hd__xnor2_2)
     3    0.014776    0.062562    0.069824   10.485011 v _7148_/Y (sky130_fd_sc_hd__xnor2_2)
                                                         _2259_ (net)
                      0.062563    0.000171   10.485182 v _7150_/A (sky130_fd_sc_hd__xor2_2)
     3    0.015222    0.092039    0.139373   10.624555 v _7150_/X (sky130_fd_sc_hd__xor2_2)
                                                         _2261_ (net)
                      0.092039    0.000059   10.624614 v _7404_/B1 (sky130_fd_sc_hd__a2bb2o_2)
     1    0.005511    0.036413    0.181983   10.806597 v _7404_/X (sky130_fd_sc_hd__a2bb2o_2)
                                                         _2531_ (net)
                      0.036413    0.000074   10.806670 v _7405_/B (sky130_fd_sc_hd__xor2_1)
     2    0.006633    0.058735    0.098739   10.905409 v _7405_/X (sky130_fd_sc_hd__xor2_1)
                                                         _2532_ (net)
                      0.058735    0.000071   10.905480 v _7407_/B (sky130_fd_sc_hd__xor2_1)
     2    0.007103    0.068169    0.108456   11.013937 v _7407_/X (sky130_fd_sc_hd__xor2_1)
                                                         _2534_ (net)
                      0.068169    0.000040   11.013977 v _7574_/A2 (sky130_fd_sc_hd__a21o_1)
     3    0.013711    0.054572    0.156523   11.170500 v _7574_/X (sky130_fd_sc_hd__a21o_1)
                                                         _2711_ (net)
                      0.054573    0.000378   11.170877 v _7737_/A1 (sky130_fd_sc_hd__a211o_1)
     3    0.013166    0.065632    0.199416   11.370294 v _7737_/X (sky130_fd_sc_hd__a211o_1)
                                                         _2874_ (net)
                      0.065634    0.000455   11.370749 v _8197_/A1 (sky130_fd_sc_hd__a31o_1)
     3    0.012689    0.056073    0.151665   11.522413 v _8197_/X (sky130_fd_sc_hd__a31o_1)
                                                         _3355_ (net)
                      0.056074    0.000348   11.522761 v _8468_/A3 (sky130_fd_sc_hd__a31o_1)
     2    0.007974    0.043241    0.162460   11.685222 v _8468_/X (sky130_fd_sc_hd__a31o_1)
                                                         _3646_ (net)
                      0.043241    0.000114   11.685336 v _8472_/A3 (sky130_fd_sc_hd__a31o_1)
     1    0.005558    0.035760    0.149106   11.834441 v _8472_/X (sky130_fd_sc_hd__a31o_1)
                                                         _3649_ (net)
                      0.035760    0.000072   11.834514 v _8561_/A (sky130_fd_sc_hd__xnor2_1)
     1    0.002402    0.032013    0.076889   11.911402 v _8561_/Y (sky130_fd_sc_hd__xnor2_1)
                                                         _3746_ (net)
                      0.032013    0.000013   11.911415 v _8562_/A1 (sky130_fd_sc_hd__mux2_1)
     1    0.002319    0.036053    0.143678   12.055093 v _8562_/X (sky130_fd_sc_hd__mux2_1)
                                                         _0074_ (net)
                      0.036053    0.000020   12.055114 v _8685_/D (sky130_fd_sc_hd__dfrtp_1)
                                             12.055114   data arrival time

                                 25.000000   25.000000   clock clk (rise edge)
                                  0.000000   25.000000   clock source latency
     2    0.044859    0.154150    0.107098   25.107098 ^ clk (in)
                                                         clk (net)
                      0.154165    0.000000   25.107098 ^ clkbuf_0_clk/A (sky130_fd_sc_hd__clkbuf_16)
    33    0.174466    0.144329    0.196913   25.304010 ^ clkbuf_0_clk/X (sky130_fd_sc_hd__clkbuf_16)
                                                         clknet_0_clk (net)
                      0.144683    0.005750   25.309761 ^ clkbuf_4_7_0_clk/A (sky130_fd_sc_hd__clkbuf_8)
    10    0.037746    0.059702    0.132898   25.442659 ^ clkbuf_4_7_0_clk/X (sky130_fd_sc_hd__clkbuf_8)
                                                         clknet_4_7_0_clk (net)
                      0.059709    0.000675   25.443333 ^ _8685_/CLK (sky130_fd_sc_hd__dfrtp_1)
                                 -0.250000   25.193335   clock uncertainty
                                  0.000000   25.193335   clock reconvergence pessimism
                                 -0.071224   25.122112   library setup time
                                             25.122112   data required time
---------------------------------------------------------------------------------------------
                                             25.122112   data required time
                                            -12.055114   data arrival time
---------------------------------------------------------------------------------------------
                                             13.066998   slack (MET)




===========================================================================
report_checks --slack_max -0.01
============================================================================
======================= min_ff_n40C_1v95 Corner ===================================

No paths found.


===========================================================================
 report_check_types -max_slew -max_cap -max_fanout -violators
============================================================================
======================= min_ff_n40C_1v95 Corner ===================================

max fanout

Pin                                   Limit Fanout  Slack
---------------------------------------------------------
clkbuf_0_clk/X                           10     33    -23 (VIOLATED)
clkbuf_4_1_0_clk/X                       10     23    -13 (VIOLATED)
_4309_/Y                                 10     21    -11 (VIOLATED)
_4325_/Y                                 10     21    -11 (VIOLATED)
_6970_/Y                                 10     21    -11 (VIOLATED)
fanout100/X                              10     21    -11 (VIOLATED)
fanout101/X                              10     21    -11 (VIOLATED)
fanout103/X                              10     21    -11 (VIOLATED)
fanout104/X                              10     21    -11 (VIOLATED)
fanout105/X                              10     21    -11 (VIOLATED)
fanout107/X                              10     21    -11 (VIOLATED)
fanout109/X                              10     21    -11 (VIOLATED)
fanout110/X                              10     21    -11 (VIOLATED)
fanout111/X                              10     21    -11 (VIOLATED)
fanout114/X                              10     21    -11 (VIOLATED)
fanout115/X                              10     21    -11 (VIOLATED)
fanout117/X                              10     21    -11 (VIOLATED)
fanout122/X                              10     21    -11 (VIOLATED)
fanout123/X                              10     21    -11 (VIOLATED)
fanout125/X                              10     21    -11 (VIOLATED)
fanout127/X                              10     21    -11 (VIOLATED)
fanout128/X                              10     21    -11 (VIOLATED)
fanout129/X                              10     21    -11 (VIOLATED)
fanout136/X                              10     21    -11 (VIOLATED)
fanout139/X                              10     21    -11 (VIOLATED)
fanout141/X                              10     21    -11 (VIOLATED)
fanout149/X                              10     21    -11 (VIOLATED)
fanout152/X                              10     21    -11 (VIOLATED)
fanout153/X                              10     21    -11 (VIOLATED)
fanout160/X                              10     21    -11 (VIOLATED)
fanout172/X                              10     21    -11 (VIOLATED)
fanout173/X                              10     21    -11 (VIOLATED)
fanout176/X                              10     21    -11 (VIOLATED)
fanout177/X                              10     21    -11 (VIOLATED)
fanout183/X                              10     21    -11 (VIOLATED)
fanout188/X                              10     21    -11 (VIOLATED)
fanout194/X                              10     21    -11 (VIOLATED)
fanout195/X                              10     21    -11 (VIOLATED)
fanout198/X                              10     21    -11 (VIOLATED)
fanout200/X                              10     21    -11 (VIOLATED)
fanout202/X                              10     21    -11 (VIOLATED)
fanout204/X                              10     21    -11 (VIOLATED)
fanout210/X                              10     21    -11 (VIOLATED)
fanout212/X                              10     21    -11 (VIOLATED)
fanout214/X                              10     21    -11 (VIOLATED)
fanout216/X                              10     21    -11 (VIOLATED)
fanout218/X                              10     21    -11 (VIOLATED)
fanout220/X                              10     21    -11 (VIOLATED)
fanout222/X                              10     21    -11 (VIOLATED)
fanout224/X                              10     21    -11 (VIOLATED)
fanout226/X                              10     21    -11 (VIOLATED)
fanout228/X                              10     21    -11 (VIOLATED)
fanout232/X                              10     21    -11 (VIOLATED)
fanout237/X                              10     21    -11 (VIOLATED)
fanout238/X                              10     21    -11 (VIOLATED)
fanout241/X                              10     21    -11 (VIOLATED)
fanout245/X                              10     21    -11 (VIOLATED)
fanout249/X                              10     21    -11 (VIOLATED)
fanout256/X                              10     21    -11 (VIOLATED)
fanout259/X                              10     21    -11 (VIOLATED)
fanout265/X                              10     21    -11 (VIOLATED)
fanout270/X                              10     21    -11 (VIOLATED)
fanout272/X                              10     21    -11 (VIOLATED)
fanout275/X                              10     21    -11 (VIOLATED)
fanout279/X                              10     21    -11 (VIOLATED)
fanout282/X                              10     21    -11 (VIOLATED)
fanout290/X                              10     21    -11 (VIOLATED)
fanout293/X                              10     21    -11 (VIOLATED)
fanout295/X                              10     21    -11 (VIOLATED)
fanout297/X                              10     21    -11 (VIOLATED)
fanout298/X                              10     21    -11 (VIOLATED)
fanout300/X                              10     21    -11 (VIOLATED)
fanout302/X                              10     21    -11 (VIOLATED)
fanout303/X                              10     21    -11 (VIOLATED)
fanout310/X                              10     21    -11 (VIOLATED)
fanout314/X                              10     21    -11 (VIOLATED)
fanout323/X                              10     21    -11 (VIOLATED)
fanout327/X                              10     21    -11 (VIOLATED)
fanout331/X                              10     21    -11 (VIOLATED)
fanout341/X                              10     21    -11 (VIOLATED)
fanout348/X                              10     21    -11 (VIOLATED)
fanout351/X                              10     21    -11 (VIOLATED)
fanout352/X                              10     21    -11 (VIOLATED)
fanout354/X                              10     21    -11 (VIOLATED)
fanout355/X                              10     21    -11 (VIOLATED)
fanout37/X                               10     21    -11 (VIOLATED)
fanout39/X                               10     21    -11 (VIOLATED)
fanout40/X                               10     21    -11 (VIOLATED)
fanout42/X                               10     21    -11 (VIOLATED)
fanout48/X                               10     21    -11 (VIOLATED)
fanout49/X                               10     21    -11 (VIOLATED)
fanout50/X                               10     21    -11 (VIOLATED)
fanout51/X                               10     21    -11 (VIOLATED)
fanout52/X                               10     21    -11 (VIOLATED)
fanout53/X                               10     21    -11 (VIOLATED)
fanout54/X                               10     21    -11 (VIOLATED)
fanout55/X                               10     21    -11 (VIOLATED)
fanout56/X                               10     21    -11 (VIOLATED)
fanout57/X                               10     21    -11 (VIOLATED)
fanout61/X                               10     21    -11 (VIOLATED)
fanout71/X                               10     21    -11 (VIOLATED)
fanout73/X                               10     21    -11 (VIOLATED)
fanout75/X                               10     21    -11 (VIOLATED)
fanout77/X                               10     21    -11 (VIOLATED)
fanout79/X                               10     21    -11 (VIOLATED)
fanout80/X                               10     21    -11 (VIOLATED)
fanout81/X                               10     21    -11 (VIOLATED)
fanout82/X                               10     21    -11 (VIOLATED)
fanout83/X                               10     21    -11 (VIOLATED)
fanout84/X                               10     21    -11 (VIOLATED)
fanout86/X                               10     21    -11 (VIOLATED)
fanout92/X                               10     21    -11 (VIOLATED)
fanout93/X                               10     21    -11 (VIOLATED)
fanout95/X                               10     21    -11 (VIOLATED)
fanout96/X                               10     21    -11 (VIOLATED)
fanout98/X                               10     21    -11 (VIOLATED)
fanout99/X                               10     21    -11 (VIOLATED)
_4283_/Y                                 10     19     -9 (VIOLATED)
_4293_/Y                                 10     19     -9 (VIOLATED)
_4307_/Y                                 10     19     -9 (VIOLATED)
_4318_/Y                                 10     19     -9 (VIOLATED)
_4319_/Y                                 10     19     -9 (VIOLATED)
_4321_/Y                                 10     19     -9 (VIOLATED)
fanout154/X                              10     19     -9 (VIOLATED)
fanout168/X                              10     19     -9 (VIOLATED)
fanout175/X                              10     19     -9 (VIOLATED)
fanout203/X                              10     19     -9 (VIOLATED)
fanout223/X                              10     19     -9 (VIOLATED)
fanout227/X                              10     19     -9 (VIOLATED)
fanout230/X                              10     19     -9 (VIOLATED)
fanout248/X                              10     19     -9 (VIOLATED)
fanout252/X                              10     19     -9 (VIOLATED)
fanout262/X                              10     19     -9 (VIOLATED)
fanout268/X                              10     19     -9 (VIOLATED)
fanout320/X                              10     19     -9 (VIOLATED)
fanout335/X                              10     19     -9 (VIOLATED)
fanout64/X                               10     19     -9 (VIOLATED)
_4296_/Y                                 10     17     -7 (VIOLATED)
fanout178/X                              10     17     -7 (VIOLATED)
fanout261/X                              10     17     -7 (VIOLATED)
fanout264/X                              10     17     -7 (VIOLATED)
fanout269/X                              10     17     -7 (VIOLATED)
fanout276/X                              10     17     -7 (VIOLATED)
fanout316/X                              10     17     -7 (VIOLATED)
fanout326/X                              10     17     -7 (VIOLATED)
fanout342/X                              10     17     -7 (VIOLATED)
fanout356/X                              10     17     -7 (VIOLATED)
fanout97/X                               10     17     -7 (VIOLATED)
input9/X                                 10     17     -7 (VIOLATED)
_6683_/Y                                 10     15     -5 (VIOLATED)
_6968_/X                                 10     15     -5 (VIOLATED)
clkbuf_4_15_0_clk/X                      10     15     -5 (VIOLATED)
fanout131/X                              10     15     -5 (VIOLATED)
fanout132/X                              10     15     -5 (VIOLATED)
fanout134/X                              10     15     -5 (VIOLATED)
fanout135/X                              10     15     -5 (VIOLATED)
fanout138/X                              10     15     -5 (VIOLATED)
fanout165/X                              10     15     -5 (VIOLATED)
fanout182/X                              10     15     -5 (VIOLATED)
fanout184/X                              10     15     -5 (VIOLATED)
fanout209/X                              10     15     -5 (VIOLATED)
fanout213/X                              10     15     -5 (VIOLATED)
fanout217/X                              10     15     -5 (VIOLATED)
fanout219/X                              10     15     -5 (VIOLATED)
fanout231/X                              10     15     -5 (VIOLATED)
fanout244/X                              10     15     -5 (VIOLATED)
fanout271/X                              10     15     -5 (VIOLATED)
fanout285/X                              10     15     -5 (VIOLATED)
fanout296/X                              10     15     -5 (VIOLATED)
fanout301/X                              10     15     -5 (VIOLATED)
fanout306/X                              10     15     -5 (VIOLATED)
fanout318/X                              10     15     -5 (VIOLATED)
fanout329/X                              10     15     -5 (VIOLATED)
fanout78/X                               10     15     -5 (VIOLATED)
_6109_/Y                                 10     13     -3 (VIOLATED)
clkbuf_4_10_0_clk/X                      10     13     -3 (VIOLATED)
clkbuf_4_2_0_clk/X                       10     13     -3 (VIOLATED)
clkbuf_4_5_0_clk/X                       10     13     -3 (VIOLATED)
fanout120/X                              10     13     -3 (VIOLATED)
fanout169/X                              10     13     -3 (VIOLATED)
fanout221/X                              10     13     -3 (VIOLATED)
fanout240/X                              10     13     -3 (VIOLATED)
fanout246/X                              10     13     -3 (VIOLATED)
fanout274/X                              10     13     -3 (VIOLATED)
fanout281/X                              10     13     -3 (VIOLATED)
fanout283/X                              10     13     -3 (VIOLATED)
fanout304/X                              10     13     -3 (VIOLATED)
fanout309/X                              10     13     -3 (VIOLATED)
fanout313/X                              10     13     -3 (VIOLATED)
fanout353/X                              10     13     -3 (VIOLATED)
fanout47/X                               10     13     -3 (VIOLATED)
input11/X                                10     13     -3 (VIOLATED)
input12/X                                10     13     -3 (VIOLATED)
input13/X                                10     13     -3 (VIOLATED)
input14/X                                10     13     -3 (VIOLATED)
input15/X                                10     13     -3 (VIOLATED)
input16/X                                10     13     -3 (VIOLATED)
input17/X                                10     13     -3 (VIOLATED)
input18/X                                10     13     -3 (VIOLATED)
input2/X                                 10     13     -3 (VIOLATED)
input3/X                                 10     13     -3 (VIOLATED)
input4/X                                 10     13     -3 (VIOLATED)
input5/X                                 10     13     -3 (VIOLATED)
input6/X                                 10     13     -3 (VIOLATED)
input7/X                                 10     13     -3 (VIOLATED)
input8/X                                 10     13     -3 (VIOLATED)
_4304_/Y                                 10     11        (VIOLATED)
_4354_/X                                 10     11        (VIOLATED)
_4519_/Y                                 10     11        (VIOLATED)
_4747_/Y                                 10     11        (VIOLATED)
clkbuf_4_0_0_clk/X                       10     11        (VIOLATED)
clkbuf_4_8_0_clk/X                       10     11        (VIOLATED)
fanout121/X                              10     11        (VIOLATED)
fanout150/X                              10     11        (VIOLATED)
fanout197/X                              10     11        (VIOLATED)
fanout211/X                              10     11        (VIOLATED)
fanout215/X                              10     11        (VIOLATED)
fanout242/X                              10     11        (VIOLATED)
fanout286/X                              10     11        (VIOLATED)
fanout299/X                              10     11        (VIOLATED)
fanout311/X                              10     11        (VIOLATED)
fanout322/X                              10     11        (VIOLATED)
fanout324/X                              10     11        (VIOLATED)
fanout333/X                              10     11        (VIOLATED)
fanout340/X                              10     11        (VIOLATED)
fanout345/X                              10     11        (VIOLATED)
fanout87/X                               10     11        (VIOLATED)
fanout94/X                               10     11        (VIOLATED)



===========================================================================
report_parasitic_annotation -report_unannotated
============================================================================
Found 84 unannotated drivers.
 en
 gpio_in[18]
 gpio_in[19]
 gpio_in[20]
 gpio_in[21]
 gpio_in[22]
 gpio_in[23]
 gpio_in[24]
 gpio_in[25]
 gpio_in[26]
 gpio_in[27]
 gpio_in[28]
 gpio_in[29]
 gpio_in[30]
 gpio_in[31]
 gpio_in[32]
 gpio_in[33]
 clkload0/Y
 clkload1/Y
 clkload10/Y
 clkload11/Y
 clkload12/Y
 clkload13/Y
 clkload14/Y
 clkload2/X
 clkload3/Y
 clkload4/Y
 clkload5/Y
 clkload6/Y
 clkload7/Y
 clkload8/Y
 clkload9/Y
 team_03_357/HI
 team_03_358/HI
 team_03_359/HI
 team_03_360/HI
 team_03_361/HI
 team_03_362/HI
 team_03_363/HI
 team_03_364/HI
 team_03_365/HI
 team_03_366/HI
 team_03_367/HI
 team_03_368/HI
 team_03_369/HI
 team_03_370/HI
 team_03_371/HI
 team_03_372/HI
 team_03_373/HI
 team_03_374/HI
 team_03_375/HI
 team_03_376/HI
 team_03_377/HI
 team_03_378/HI
 team_03_379/HI
 team_03_380/HI
 team_03_381/HI
 team_03_382/HI
 team_03_383/HI
 team_03_384/HI
 team_03_385/HI
 team_03_386/HI
 team_03_387/HI
 team_03_388/HI
 team_03_389/HI
 team_03_390/HI
 team_03_391/HI
 team_03_392/HI
 team_03_393/LO
 team_03_394/LO
 team_03_395/LO
 team_03_396/LO
 team_03_397/LO
 team_03_398/LO
 team_03_399/LO
 team_03_400/LO
 team_03_401/LO
 team_03_402/LO
 team_03_403/LO
 team_03_404/LO
 team_03_405/LO
 team_03_406/LO
 team_03_407/LO
 team_03_408/LO
Found 0 partially unannotated drivers.

===========================================================================
max slew violation count 0
max fanout violation count 228
max cap violation count 0
============================================================================

===========================================================================
check_setup -verbose -unconstrained_endpoints -multiple_clock -no_clock -no_input_delay -loops -generated_clocks
===========================================================================
Warning: There are 52 unconstrained endpoints.
  gpio_oeb[0]
  gpio_oeb[10]
  gpio_oeb[11]
  gpio_oeb[12]
  gpio_oeb[13]
  gpio_oeb[14]
  gpio_oeb[15]
  gpio_oeb[16]
  gpio_oeb[17]
  gpio_oeb[18]
  gpio_oeb[19]
  gpio_oeb[1]
  gpio_oeb[20]
  gpio_oeb[21]
  gpio_oeb[22]
  gpio_oeb[23]
  gpio_oeb[24]
  gpio_oeb[25]
  gpio_oeb[26]
  gpio_oeb[27]
  gpio_oeb[28]
  gpio_oeb[29]
  gpio_oeb[2]
  gpio_oeb[30]
  gpio_oeb[31]
  gpio_oeb[32]
  gpio_oeb[33]
  gpio_oeb[3]
  gpio_oeb[4]
  gpio_oeb[5]
  gpio_oeb[6]
  gpio_oeb[7]
  gpio_oeb[8]
  gpio_oeb[9]
  gpio_out[0]
  gpio_out[10]
  gpio_out[11]
  gpio_out[12]
  gpio_out[13]
  gpio_out[14]
  gpio_out[15]
  gpio_out[16]
  gpio_out[17]
  gpio_out[1]
  gpio_out[2]
  gpio_out[3]
  gpio_out[4]
  gpio_out[5]
  gpio_out[6]
  gpio_out[7]
  gpio_out[8]
  gpio_out[9]
