Clock: clk
Sources: clk 
Generated: no
Virtual: yes
Propagated: no
Period: 25.000000

===========================================================================
report_clock_properties
============================================================================
Clock                   Period          Waveform
----------------------------------------------------
clk                  25.000000    0.000000 12.500000

===========================================================================
report_clock_latency
============================================================================
Clock clk
rise -> rise
    min     max
0.000000 0.000000 source latency
0.434371         network latency _8646_/CLK
        0.460688 network latency _8619_/CLK
---------------
0.434371 0.460688 latency
        0.026317 skew

fall -> fall
    min     max
0.000000 0.000000 source latency
0.346716         network latency _8646_/CLK
        0.365780 network latency _8619_/CLK
---------------
0.346716 0.365780 latency
        0.019064 skew



===========================================================================
report_clock_min_period
============================================================================
clk period_min = 8.16 fmax = 122.56
