
===========================================================================
report_checks -unconstrained
===========================================================================
======================= min_ss_100C_1v60 Corner ===================================

Startpoint: nrst (input port clocked by clk)
Endpoint: _430_ (recovery check against rising-edge clock clk)
Path Group: asynchronous
Path Type: max

Fanout         Cap        Slew       Delay        Time   Description
---------------------------------------------------------------------------------------------
                                  0.000000    0.000000   clock clk (rise edge)
                                  0.000000    0.000000   clock network delay (propagated)
                                  5.000000    5.000000 ^ input external delay
     2    0.004457    0.043456    0.024500    5.024500 ^ nrst (in)
                                                         nrst (net)
                      0.043456    0.000000    5.024500 ^ input5/A (sky130_fd_sc_hd__clkbuf_1)
     1    0.002673    0.072921    0.136680    5.161181 ^ input5/X (sky130_fd_sc_hd__clkbuf_1)
                                                         net5 (net)
                      0.072921    0.000024    5.161205 ^ fanout41/A (sky130_fd_sc_hd__clkbuf_2)
    13    0.042025    0.357525    0.397884    5.559088 ^ fanout41/X (sky130_fd_sc_hd__clkbuf_2)
                                                         net41 (net)
                      0.357525    0.000340    5.559428 ^ fanout38/A (sky130_fd_sc_hd__buf_2)
     8    0.039408    0.311241    0.494206    6.053634 ^ fanout38/X (sky130_fd_sc_hd__buf_2)
                                                         net38 (net)
                      0.311241    0.000353    6.053987 ^ fanout37/A (sky130_fd_sc_hd__clkbuf_4)
    10    0.044492    0.224802    0.470852    6.524838 ^ fanout37/X (sky130_fd_sc_hd__clkbuf_4)
                                                         net37 (net)
                      0.224808    0.001486    6.526325 ^ _430_/SET_B (sky130_fd_sc_hd__dfstp_1)
                                              6.526325   data arrival time

                                 25.000000   25.000000   clock clk (rise edge)
                                  0.000000   25.000000   clock source latency
     2    0.016709    0.127188    0.085778   25.085777 ^ clk (in)
                                                         clk (net)
                      0.127189    0.000000   25.085777 ^ clkbuf_0_clk/A (sky130_fd_sc_hd__clkbuf_16)
    17    0.096184    0.170658    0.337096   25.422873 ^ clkbuf_0_clk/X (sky130_fd_sc_hd__clkbuf_16)
                                                         clknet_0_clk (net)
                      0.170658    0.000922   25.423796 ^ clkbuf_3_4__f_clk/A (sky130_fd_sc_hd__clkbuf_16)
     9    0.028081    0.077771    0.279199   25.702993 ^ clkbuf_3_4__f_clk/X (sky130_fd_sc_hd__clkbuf_16)
                                                         clknet_3_4__leaf_clk (net)
                      0.077771    0.000300   25.703295 ^ _430_/CLK (sky130_fd_sc_hd__dfstp_1)
                                 -0.250000   25.453295   clock uncertainty
                                  0.000000   25.453295   clock reconvergence pessimism
                                  0.250807   25.704103   library recovery time
                                             25.704103   data required time
---------------------------------------------------------------------------------------------
                                             25.704103   data required time
                                             -6.526325   data arrival time
---------------------------------------------------------------------------------------------
                                             19.177778   slack (MET)


Startpoint: _417_ (rising edge-triggered flip-flop clocked by clk)
Endpoint: gpio_out[10] (output port clocked by clk)
Path Group: clk
Path Type: max

Fanout         Cap        Slew       Delay        Time   Description
---------------------------------------------------------------------------------------------
                                  0.000000    0.000000   clock clk (rise edge)
                                  0.000000    0.000000   clock source latency
     2    0.016709    0.127188    0.085778    0.085778 ^ clk (in)
                                                         clk (net)
                      0.127189    0.000000    0.085778 ^ clkbuf_0_clk/A (sky130_fd_sc_hd__clkbuf_16)
    17    0.096184    0.170658    0.337096    0.422874 ^ clkbuf_0_clk/X (sky130_fd_sc_hd__clkbuf_16)
                                                         clknet_0_clk (net)
                      0.170670    0.001683    0.424557 ^ clkbuf_3_7__f_clk/A (sky130_fd_sc_hd__clkbuf_16)
    11    0.028376    0.078159    0.279688    0.704245 ^ clkbuf_3_7__f_clk/X (sky130_fd_sc_hd__clkbuf_16)
                                                         clknet_3_7__leaf_clk (net)
                      0.078159    0.000077    0.704322 ^ _417_/CLK (sky130_fd_sc_hd__dfrtp_1)
     2    0.008895    0.128124    0.796801    1.501124 v _417_/Q (sky130_fd_sc_hd__dfrtp_1)
                                                         TOP.top_rng_inst.display.current_data[3] (net)
                      0.128124    0.000103    1.501226 v fanout30/A (sky130_fd_sc_hd__clkbuf_2)
    10    0.026181    0.187933    0.325296    1.826522 v fanout30/X (sky130_fd_sc_hd__clkbuf_2)
                                                         net30 (net)
                      0.187933    0.000257    1.826779 v _254_/B (sky130_fd_sc_hd__or3b_1)
     2    0.004588    0.163267    0.876447    2.703226 v _254_/X (sky130_fd_sc_hd__or3b_1)
                                                         _082_ (net)
                      0.163267    0.000029    2.703255 v _255_/B1 (sky130_fd_sc_hd__o2bb2a_1)
     1    0.002967    0.105954    0.664964    3.368219 v _255_/X (sky130_fd_sc_hd__o2bb2a_1)
                                                         net6 (net)
                      0.105954    0.000038    3.368257 v output6/A (sky130_fd_sc_hd__buf_2)
     1    0.033935    0.164440    0.360955    3.729213 v output6/X (sky130_fd_sc_hd__buf_2)
                                                         gpio_out[10] (net)
                      0.164440    0.000181    3.729393 v gpio_out[10] (out)
                                              3.729393   data arrival time

                                 25.000000   25.000000   clock clk (rise edge)
                                  0.000000   25.000000   clock network delay (propagated)
                                 -0.250000   24.750000   clock uncertainty
                                  0.000000   24.750000   clock reconvergence pessimism
                                 -5.000000   19.750000   output external delay
                                             19.750000   data required time
---------------------------------------------------------------------------------------------
                                             19.750000   data required time
                                             -3.729393   data arrival time
---------------------------------------------------------------------------------------------
                                             16.020605   slack (MET)




===========================================================================
report_checks --slack_max -0.01
============================================================================
======================= min_ss_100C_1v60 Corner ===================================

No paths found.


===========================================================================
 report_check_types -max_slew -max_cap -max_fanout -violators
============================================================================
======================= min_ss_100C_1v60 Corner ===================================

max fanout

Pin                                   Limit Fanout  Slack
---------------------------------------------------------
_455_/Q                                  10     21    -11 (VIOLATED)
fanout18/X                               10     21    -11 (VIOLATED)
fanout29/X                               10     19     -9 (VIOLATED)
clkbuf_0_clk/X                           10     17     -7 (VIOLATED)
fanout27/X                               10     15     -5 (VIOLATED)
fanout41/X                               10     13     -3 (VIOLATED)
clkbuf_3_2__f_clk/X                      10     11        (VIOLATED)
clkbuf_3_7__f_clk/X                      10     11        (VIOLATED)



===========================================================================
report_parasitic_annotation -report_unannotated
============================================================================
Found 95 unannotated drivers.
 en
 gpio_in[10]
 gpio_in[11]
 gpio_in[12]
 gpio_in[13]
 gpio_in[14]
 gpio_in[15]
 gpio_in[16]
 gpio_in[17]
 gpio_in[18]
 gpio_in[19]
 gpio_in[20]
 gpio_in[21]
 gpio_in[22]
 gpio_in[23]
 gpio_in[24]
 gpio_in[25]
 gpio_in[26]
 gpio_in[27]
 gpio_in[28]
 gpio_in[29]
 gpio_in[30]
 gpio_in[31]
 gpio_in[32]
 gpio_in[33]
 gpio_in[4]
 gpio_in[5]
 gpio_in[6]
 gpio_in[7]
 gpio_in[8]
 gpio_in[9]
 _429__98/LO
 clkload0/X
 clkload1/X
 clkload2/X
 clkload3/X
 clkload4/X
 clkload5/X
 clkload6/X
 team_01_42/HI
 team_01_43/HI
 team_01_44/HI
 team_01_45/HI
 team_01_46/HI
 team_01_47/HI
 team_01_48/HI
 team_01_49/HI
 team_01_50/HI
 team_01_51/HI
 team_01_52/HI
 team_01_53/HI
 team_01_54/HI
 team_01_55/HI
 team_01_56/HI
 team_01_57/HI
 team_01_58/HI
 team_01_59/HI
 team_01_60/HI
 team_01_61/HI
 team_01_62/HI
 team_01_63/HI
 team_01_64/LO
 team_01_65/LO
 team_01_66/LO
 team_01_67/LO
 team_01_68/LO
 team_01_69/LO
 team_01_70/LO
 team_01_71/LO
 team_01_72/LO
 team_01_73/LO
 team_01_74/LO
 team_01_75/LO
 team_01_76/LO
 team_01_77/LO
 team_01_78/LO
 team_01_79/LO
 team_01_80/LO
 team_01_81/LO
 team_01_82/LO
 team_01_83/LO
 team_01_84/LO
 team_01_85/LO
 team_01_86/LO
 team_01_87/LO
 team_01_88/LO
 team_01_89/LO
 team_01_90/LO
 team_01_91/LO
 team_01_92/LO
 team_01_93/LO
 team_01_94/LO
 team_01_95/LO
 team_01_96/LO
 team_01_97/LO
Found 0 partially unannotated drivers.

===========================================================================
max slew violation count 0
max fanout violation count 8
max cap violation count 0
============================================================================

===========================================================================
check_setup -verbose -unconstrained_endpoints -multiple_clock -no_clock -no_input_delay -loops -generated_clocks
===========================================================================
Warning: There are 2 unclocked register/latch pins.
  _478_/CLK
  _479_/CLK
Warning: There are 61 unconstrained endpoints.
  gpio_oeb[0]
  gpio_oeb[10]
  gpio_oeb[11]
  gpio_oeb[12]
  gpio_oeb[13]
  gpio_oeb[14]
  gpio_oeb[15]
  gpio_oeb[16]
  gpio_oeb[17]
  gpio_oeb[18]
  gpio_oeb[19]
  gpio_oeb[1]
  gpio_oeb[20]
  gpio_oeb[21]
  gpio_oeb[22]
  gpio_oeb[23]
  gpio_oeb[24]
  gpio_oeb[25]
  gpio_oeb[26]
  gpio_oeb[27]
  gpio_oeb[28]
  gpio_oeb[29]
  gpio_oeb[2]
  gpio_oeb[30]
  gpio_oeb[31]
  gpio_oeb[32]
  gpio_oeb[33]
  gpio_oeb[3]
  gpio_oeb[4]
  gpio_oeb[5]
  gpio_oeb[6]
  gpio_oeb[7]
  gpio_oeb[8]
  gpio_oeb[9]
  gpio_out[0]
  gpio_out[15]
  gpio_out[16]
  gpio_out[17]
  gpio_out[1]
  gpio_out[21]
  gpio_out[22]
  gpio_out[23]
  gpio_out[24]
  gpio_out[25]
  gpio_out[26]
  gpio_out[27]
  gpio_out[28]
  gpio_out[29]
  gpio_out[2]
  gpio_out[30]
  gpio_out[31]
  gpio_out[32]
  gpio_out[33]
  gpio_out[3]
  gpio_out[4]
  gpio_out[5]
  gpio_out[6]
  gpio_out[7]
  _429_/D
  _478_/D
  _479_/D
