Clock: clk
Sources: clk 
Generated: no
Virtual: yes
Propagated: no
Period: 25.000000

===========================================================================
report_clock_properties
============================================================================
Clock                   Period          Waveform
----------------------------------------------------
clk                  25.000000    0.000000 12.500000

===========================================================================
report_clock_latency
============================================================================
Clock clk
rise -> rise
    min     max
0.000000 0.000000 source latency
0.703145         network latency _436_/CLK
        1.377701 network latency _479_/CLK
---------------
0.703145 1.377701 latency
        0.674556 skew

rise -> fall
    min     max
0.000000 0.000000 source latency
1.467852         network latency _478_/CLK
        1.467861 network latency _479_/CLK
---------------
1.467852 1.467861 latency
        0.000009 skew

fall -> fall
    min     max
0.000000 0.000000 source latency
0.658755         network latency _436_/CLK
        0.667158 network latency _467_/CLK
---------------
0.658755 0.667158 latency
        0.008403 skew



===========================================================================
report_clock_min_period
============================================================================
clk period_min = 5.96 fmax = 167.85
