Starting…
Running 'Verilator.Lint' at 'ffram/runs/26_03_04_19_21/01-verilator-lint'…
Logging subprocess to [repr.filename]'ffram/runs/26_03_04_19_21/01-verilator-lint/verilator-lint.log'[/repr.filename]…
Running 'Checker.LintTimingConstructs' at 'ffram/runs/26_03_04_19_21/02-checker-linttimingconstructs'…
Check for Lint Timing Errors clear.
Running 'Checker.LintErrors' at 'ffram/runs/26_03_04_19_21/03-checker-linterrors'…
Check for Lint errors clear.
Running 'Checker.LintWarnings' at 'ffram/runs/26_03_04_19_21/04-checker-lintwarnings'…
Check for Lint warnings clear.
Running 'Yosys.JsonHeader' at 'ffram/runs/26_03_04_19_21/05-yosys-jsonheader'…
Logging subprocess to [repr.filename]'ffram/runs/26_03_04_19_21/05-yosys-jsonheader/yosys-jsonheader.log'[/repr.filename]…
Running 'Yosys.Synthesis' at 'ffram/runs/26_03_04_19_21/06-yosys-synthesis'…
Logging subprocess to [repr.filename]'ffram/runs/26_03_04_19_21/06-yosys-synthesis/yosys-synthesis.log'[/repr.filename]…
Parsing synthesis checks…
Running 'Checker.YosysUnmappedCells' at 'ffram/runs/26_03_04_19_21/07-checker-yosysunmappedcells'…
Check for Unmapped Yosys instances clear.
Running 'Checker.YosysSynthChecks' at 'ffram/runs/26_03_04_19_21/08-checker-yosyssynthchecks'…
Check for Yosys check errors clear.
Running 'Checker.NetlistAssignStatements' at 'ffram/runs/26_03_04_19_21/09-checker-netlistassignstatements'…
Running 'OpenROAD.CheckSDCFiles' at 'ffram/runs/26_03_04_19_21/10-openroad-checksdcfiles'…
'PNR_SDC_FILE' is not defined. Using generic fallback SDC for OpenROAD PnR steps.
'SIGNOFF_SDC_FILE' is not defined. Using generic fallback SDC for OpenROAD PnR steps.
Running 'OpenROAD.CheckMacroInstances' at 'ffram/runs/26_03_04_19_21/11-openroad-checkmacroinstances'…
No macros found, skipping instance check…
Running 'OpenROAD.STAPrePNR' at 'ffram/runs/26_03_04_19_21/12-openroad-staprepnr'…
Starting STA for the nom_tt_025C_1v80 timing corner…
Starting STA for the nom_ss_100C_1v60 timing corner…
Starting STA for the nom_ff_n40C_1v95 timing corner…
Skipping corner min_tt_025C_1v80 for STA (identical to nom_tt_025C_1v80 at this stage)…
Logging subprocess to [repr.filename]'ffram/runs/26_03_04_19_21/12-openroad-staprepnr/nom_tt_025C_1v80/sta.log'[/repr.filename]…
Skipping corner min_ss_100C_1v60 for STA (identical to nom_ss_100C_1v60 at this stage)…
Logging subprocess to [repr.filename]'ffram/runs/26_03_04_19_21/12-openroad-staprepnr/nom_ss_100C_1v60/sta.log'[/repr.filename]…
Skipping corner min_ff_n40C_1v95 for STA (identical to nom_ff_n40C_1v95 at this stage)…
Skipping corner max_tt_025C_1v80 for STA (identical to nom_tt_025C_1v80 at this stage)…
Logging subprocess to [repr.filename]'ffram/runs/26_03_04_19_21/12-openroad-staprepnr/nom_ff_n40C_1v95/sta.log'[/repr.filename]…
Skipping corner max_ss_100C_1v60 for STA (identical to nom_ss_100C_1v60 at this stage)…
Skipping corner max_ff_n40C_1v95 for STA (identical to nom_ff_n40C_1v95 at this stage)…
Finished STA for the nom_ff_n40C_1v95 timing corner.
Finished STA for the nom_tt_025C_1v80 timing corner.
Finished STA for the nom_ss_100C_1v60 timing corner.
Running 'OpenROAD.Floorplan' at 'ffram/runs/26_03_04_19_21/13-openroad-floorplan'…
Logging subprocess to [repr.filename]'ffram/runs/26_03_04_19_21/13-openroad-floorplan/openroad-floorplan.log'[/repr.filename]…
Running 'Odb.CheckMacroAntennaProperties' at 'ffram/runs/26_03_04_19_21/14-odb-checkmacroantennaproperties'…
No cells provided, skipping…
Running 'Odb.SetPowerConnections' at 'ffram/runs/26_03_04_19_21/15-odb-setpowerconnections'…
Logging subprocess to [repr.filename]'ffram/runs/26_03_04_19_21/15-odb-setpowerconnections/odb-setpowerconnections.log'[/repr.filename]…
Running 'Odb.ManualMacroPlacement' at 'ffram/runs/26_03_04_19_21/16-odb-manualmacroplacement'…
No instances found, skipping 'Odb.ManualMacroPlacement'…
Running 'OpenROAD.CutRows' at 'ffram/runs/26_03_04_19_21/17-openroad-cutrows'…
Logging subprocess to [repr.filename]'ffram/runs/26_03_04_19_21/17-openroad-cutrows/openroad-cutrows.log'[/repr.filename]…
Running 'OpenROAD.TapEndcapInsertion' at 'ffram/runs/26_03_04_19_21/18-openroad-tapendcapinsertion'…
Logging subprocess to [repr.filename]'ffram/runs/26_03_04_19_21/18-openroad-tapendcapinsertion/openroad-tapendcapinsertion.log'[/repr.filename]…
Running 'Odb.AddPDNObstructions' at 'ffram/runs/26_03_04_19_21/19-odb-addpdnobstructions'…
'PDN_OBSTRUCTIONS' is not defined. Skipping 'Odb.AddPDNObstructions'…
Running 'OpenROAD.GeneratePDN' at 'ffram/runs/26_03_04_19_21/20-openroad-generatepdn'…
'FP_PDN_CFG' not explicitly set, setting it to /nix/store/svkrfkkpaij5qb9xjbcwfymcd4s8hczv-python3-3.11.9-env/lib/python3.11/site-packages/librelane/scripts/openroad/common/pdn_cfg.tcl…
Logging subprocess to [repr.filename]'ffram/runs/26_03_04_19_21/20-openroad-generatepdn/openroad-generatepdn.log'[/repr.filename]…
Running 'Odb.RemovePDNObstructions' at 'ffram/runs/26_03_04_19_21/21-odb-removepdnobstructions'…
'PDN_OBSTRUCTIONS' is not defined. Skipping 'Odb.RemovePDNObstructions'…
Running 'Odb.AddRoutingObstructions' at 'ffram/runs/26_03_04_19_21/22-odb-addroutingobstructions'…
'ROUTING_OBSTRUCTIONS' is not defined. Skipping 'Odb.AddRoutingObstructions'…
Running 'OpenROAD.GlobalPlacementSkipIO' at 'ffram/runs/26_03_04_19_21/23-openroad-globalplacementskipio'…
Logging subprocess to [repr.filename]'ffram/runs/26_03_04_19_21/23-openroad-globalplacementskipio/openroad-globalplacementskipio.log'[/repr.filename]…
Running 'OpenROAD.IOPlacement' at 'ffram/runs/26_03_04_19_21/24-openroad-ioplacement'…
Logging subprocess to [repr.filename]'ffram/runs/26_03_04_19_21/24-openroad-ioplacement/openroad-ioplacement.log'[/repr.filename]…
Running 'Odb.CustomIOPlacement' at 'ffram/runs/26_03_04_19_21/25-odb-customioplacement'…
No custom floorplan file configured, skipping…
Running 'Odb.ApplyDEFTemplate' at 'ffram/runs/26_03_04_19_21/26-odb-applydeftemplate'…
No DEF template provided, skipping…
Running 'OpenROAD.GlobalPlacement' at 'ffram/runs/26_03_04_19_21/27-openroad-globalplacement'…
Logging subprocess to [repr.filename]'ffram/runs/26_03_04_19_21/27-openroad-globalplacement/openroad-globalplacement.log'[/repr.filename]…
Running 'Odb.WriteVerilogHeader' at 'ffram/runs/26_03_04_19_21/28-odb-writeverilogheader'…
Logging subprocess to [repr.filename]'ffram/runs/26_03_04_19_21/28-odb-writeverilogheader/odb-writeverilogheader.log'[/repr.filename]…
Running 'Checker.PowerGridViolations' at 'ffram/runs/26_03_04_19_21/29-checker-powergridviolations'…
Check for power grid violations (as reported by OpenROAD PSM- you may ignore these if LVS passes) clear.
Running 'OpenROAD.STAMidPNR' at 'ffram/runs/26_03_04_19_21/30-openroad-stamidpnr'…
Logging subprocess to [repr.filename]'ffram/runs/26_03_04_19_21/30-openroad-stamidpnr/openroad-stamidpnr.log'[/repr.filename]…
[GRT-0097] No global routing found for nets.
Running 'OpenROAD.RepairDesignPostGPL' at 'ffram/runs/26_03_04_19_21/31-openroad-repairdesignpostgpl'…
Logging subprocess to [repr.filename]'ffram/runs/26_03_04_19_21/31-openroad-repairdesignpostgpl/openroad-repairdesignpostgpl.log'[/repr.filename]…
Running 'Odb.ManualGlobalPlacement' at 'ffram/runs/26_03_04_19_21/32-odb-manualglobalplacement'…
'MANUAL_GLOBAL_PLACEMENTS' not set, skipping…
Running 'OpenROAD.DetailedPlacement' at 'ffram/runs/26_03_04_19_21/33-openroad-detailedplacement'…
Logging subprocess to [repr.filename]'ffram/runs/26_03_04_19_21/33-openroad-detailedplacement/openroad-detailedplacement.log'[/repr.filename]…
Running 'OpenROAD.CTS' at 'ffram/runs/26_03_04_19_21/34-openroad-cts'…
Logging subprocess to [repr.filename]'ffram/runs/26_03_04_19_21/34-openroad-cts/openroad-cts.log'[/repr.filename]…
Running 'OpenROAD.STAMidPNR-1' at 'ffram/runs/26_03_04_19_21/35-openroad-stamidpnr-1'…
Logging subprocess to [repr.filename]'ffram/runs/26_03_04_19_21/35-openroad-stamidpnr-1/openroad-stamidpnr-1.log'[/repr.filename]…
[GRT-0097] No global routing found for nets.
Running 'OpenROAD.ResizerTimingPostCTS' at 'ffram/runs/26_03_04_19_21/36-openroad-resizertimingpostcts'…
Logging subprocess to [repr.filename]'ffram/runs/26_03_04_19_21/36-openroad-resizertimingpostcts/openroad-resizertimingpostcts.log'[/repr.filename]…
Running 'OpenROAD.STAMidPNR-2' at 'ffram/runs/26_03_04_19_21/37-openroad-stamidpnr-2'…
Logging subprocess to [repr.filename]'ffram/runs/26_03_04_19_21/37-openroad-stamidpnr-2/openroad-stamidpnr-2.log'[/repr.filename]…
[GRT-0097] No global routing found for nets.
Running 'OpenROAD.GlobalRouting' at 'ffram/runs/26_03_04_19_21/38-openroad-globalrouting'…
Logging subprocess to [repr.filename]'ffram/runs/26_03_04_19_21/38-openroad-globalrouting/openroad-globalrouting.log'[/repr.filename]…
Running 'OpenROAD.CheckAntennas' at 'ffram/runs/26_03_04_19_21/39-openroad-checkantennas'…
Logging subprocess to [repr.filename]'ffram/runs/26_03_04_19_21/39-openroad-checkantennas/openroad-checkantennas.log'[/repr.filename]…
Gating variable for step 'OpenROAD.RepairDesignPostGRT' set to 'False'- the step will be skipped.
Skipping step 'Repair Design (Post-Global Routing)'…
Running 'Odb.DiodesOnPorts' at 'ffram/runs/26_03_04_19_21/40-odb-diodesonports'…
'DIODE_ON_PORTS' is set to 'none': skipping…
Running 'Odb.HeuristicDiodeInsertion' at 'ffram/runs/26_03_04_19_21/41-odb-heuristicdiodeinsertion'…
Running 'Odb.FuzzyDiodePlacement' at 'ffram/runs/26_03_04_19_21/41-odb-heuristicdiodeinsertion/1-odb-fuzzydiodeplacement'…
'GPL_CELL_PADDING' is set to 0. This step may cause overlap failures.
Logging subprocess to [repr.filename]'ffram/runs/26_03_04_19_21/41-odb-heuristicdiodeinsertion/1-odb-fuzzydiodeplacement/odb-fuzzydiodeplacement.log'[/repr.filename]…
Running 'OpenROAD.DetailedPlacement' at 'ffram/runs/26_03_04_19_21/41-odb-heuristicdiodeinsertion/2-openroad-detailedplacement'…
Logging subprocess to [repr.filename]'ffram/runs/26_03_04_19_21/41-odb-heuristicdiodeinsertion/2-openroad-detailedplacement/openroad-detailedplacement.log'[/repr.filename]…
Running 'OpenROAD.GlobalRouting' at 'ffram/runs/26_03_04_19_21/41-odb-heuristicdiodeinsertion/3-openroad-globalrouting'…
Logging subprocess to [repr.filename]'ffram/runs/26_03_04_19_21/41-odb-heuristicdiodeinsertion/3-openroad-globalrouting/openroad-globalrouting.log'[/repr.filename]…
Running 'OpenROAD.RepairAntennas' at 'ffram/runs/26_03_04_19_21/42-openroad-repairantennas'…
Running 'OpenROAD.DiodeInsertion' at 'ffram/runs/26_03_04_19_21/42-openroad-repairantennas/1-openroad-diodeinsertion'…
Logging subprocess to [repr.filename]'ffram/runs/26_03_04_19_21/42-openroad-repairantennas/1-openroad-diodeinsertion/openroad-diodeinsertion.log'[/repr.filename]…
Running 'OpenROAD.CheckAntennas' at 'ffram/runs/26_03_04_19_21/42-openroad-repairantennas/2-openroad-checkantennas'…
Logging subprocess to [repr.filename]'ffram/runs/26_03_04_19_21/42-openroad-repairantennas/2-openroad-checkantennas/openroad-checkantennas.log'[/repr.filename]…
Gating variable for step 'OpenROAD.ResizerTimingPostGRT' set to 'False'- the step will be skipped.
Skipping step 'Resizer Timing Optimizations (Post-Global Routing)'…
Running 'OpenROAD.STAMidPNR-3' at 'ffram/runs/26_03_04_19_21/43-openroad-stamidpnr-3'…
Logging subprocess to [repr.filename]'ffram/runs/26_03_04_19_21/43-openroad-stamidpnr-3/openroad-stamidpnr-3.log'[/repr.filename]…
Running 'OpenROAD.DetailedRouting' at 'ffram/runs/26_03_04_19_21/44-openroad-detailedrouting'…
Running TritonRoute with 24 threads…
Logging subprocess to [repr.filename]'ffram/runs/26_03_04_19_21/44-openroad-detailedrouting/openroad-detailedrouting.log'[/repr.filename]…
[DRT-0349] LEF58_ENCLOSURE with no CUTCLASS is not supported. Skipping for layer mcon
[DRT-0349] LEF58_ENCLOSURE with no CUTCLASS is not supported. Skipping for layer mcon
[DRT-0349] LEF58_ENCLOSURE with no CUTCLASS is not supported. Skipping for layer via
[DRT-0349] LEF58_ENCLOSURE with no CUTCLASS is not supported. Skipping for layer via
[DRT-0349] LEF58_ENCLOSURE with no CUTCLASS is not supported. Skipping for layer via2
[DRT-0349] LEF58_ENCLOSURE with no CUTCLASS is not supported. Skipping for layer via2
[DRT-0349] LEF58_ENCLOSURE with no CUTCLASS is not supported. Skipping for layer via3
[DRT-0349] LEF58_ENCLOSURE with no CUTCLASS is not supported. Skipping for layer via3
[DRT-0349] LEF58_ENCLOSURE with no CUTCLASS is not supported. Skipping for layer via4
[DRT-0349] LEF58_ENCLOSURE with no CUTCLASS is not supported. Skipping for layer via4
