Clock: clk
Sources: clk 
Generated: no
Virtual: yes
Propagated: no
Period: 100.000000

===========================================================================
report_clock_properties
============================================================================
Clock                   Period          Waveform
----------------------------------------------------
clk                 100.000000    0.000000 50.000000

===========================================================================
report_clock_latency
============================================================================
Clock clk
rise -> rise
    min     max
0.000000 0.000000 source latency
1.043370         network latency _16549_/CLK
        1.284907 network latency _16277_/CLK
---------------
1.043370 1.284907 latency
        0.241537 skew

rise -> fall
    min     max
0.000000 0.000000 source latency
1.061631         network latency _15098_/CLK
        1.361796 network latency _15698_/CLK
---------------
1.061631 1.361796 latency
        0.300165 skew

fall -> rise
    min     max
0.000000 0.000000 source latency
0.831690         network latency _15098_/CLK
        1.082103 network latency _15698_/CLK
---------------
0.831690 1.082103 latency
        0.250413 skew

fall -> fall
    min     max
0.000000 0.000000 source latency
0.777455         network latency _16549_/CLK
        0.996760 network latency _16389_/CLK
---------------
0.777455 0.996760 latency
        0.219305 skew



===========================================================================
report_clock_min_period
============================================================================
clk period_min = 14.26 fmax = 70.11
