Clock: clk
Sources: wb_clk_i 
Generated: no
Virtual: yes
Propagated: no
Period: 100.000000

===========================================================================
report_clock_properties
============================================================================
Clock                   Period          Waveform
----------------------------------------------------
clk                 100.000000    0.000000 50.000000

===========================================================================
report_clock_latency
============================================================================
Clock clk
rise -> rise
    min     max
4.650000 5.570000 source latency
8.350494         network latency mprj.team_00_Wrapper.team_00_WB.instance_to_wrap/clk
        9.655600 network latency mprj.team_08_Wrapper.team_08_WB.instance_to_wrap/clk
---------------
13.000495 15.225599 latency
        2.225104 skew

fall -> fall
    min     max
4.650000 5.570000 source latency
8.088815         network latency mprj.team_00_Wrapper.team_00_WB.instance_to_wrap/clk
        9.296976 network latency mprj.team_08_Wrapper.team_08_WB.instance_to_wrap/clk
---------------
12.738814 14.866976 latency
        2.128161 skew



===========================================================================
report_clock_min_period
============================================================================
clk period_min = 45.15 fmax = 22.15
