Clock: clk
Sources: clk 
Generated: no
Virtual: yes
Propagated: no
Period: 100.000000

===========================================================================
report_clock_properties
============================================================================
Clock                   Period          Waveform
----------------------------------------------------
clk                 100.000000    0.000000 50.000000

===========================================================================
report_clock_latency
============================================================================
Clock clk
rise -> rise
    min     max
0.000000 0.000000 source latency
0.906433         network latency _3423_/CLK
        20.920715 network latency _3398_/CLK
---------------
0.906433 20.920715 latency
        20.014282 skew

rise -> fall
    min     max
0.000000 0.000000 source latency
2.278659         network latency _3375_/CLK
        20.865185 network latency _3398_/CLK
---------------
2.278659 20.865185 latency
        18.586527 skew

fall -> fall
    min     max
0.000000 0.000000 source latency
0.798853         network latency _3423_/CLK
        1.167400 network latency _3340_/CLK
---------------
0.798853 1.167400 latency
        0.368548 skew



===========================================================================
report_clock_min_period
============================================================================
clk period_min = 5.20 fmax = 192.18
