
===========================================================================
report_checks -unconstrained
===========================================================================
======================= max_ss_100C_1v60 Corner ===================================

Startpoint: nrst (input port clocked by clk)
Endpoint: _0953_ (recovery check against rising-edge clock clk)
Path Group: asynchronous
Path Type: max

Fanout         Cap        Slew       Delay        Time   Description
---------------------------------------------------------------------------------------------
                                  0.000000    0.000000   clock clk (rise edge)
                                  0.000000    0.000000   clock network delay (propagated)
                                  5.000000    5.000000 ^ input external delay
     2    0.004499    0.043762    0.024821    5.024822 ^ nrst (in)
                                                         nrst (net)
                      0.043763    0.000000    5.024822 ^ input17/A (sky130_fd_sc_hd__dlymetal6s2s_1)
     7    0.030207    0.475098    0.436979    5.461801 ^ input17/X (sky130_fd_sc_hd__dlymetal6s2s_1)
                                                         net17 (net)
                      0.475119    0.002607    5.464408 ^ fanout39/A (sky130_fd_sc_hd__buf_2)
    15    0.043327    0.340987    0.558912    6.023320 ^ fanout39/X (sky130_fd_sc_hd__buf_2)
                                                         net39 (net)
                      0.341088    0.005613    6.028933 ^ fanout38/A (sky130_fd_sc_hd__clkbuf_4)
    21    0.070633    0.340356    0.561545    6.590478 ^ fanout38/X (sky130_fd_sc_hd__clkbuf_4)
                                                         net38 (net)
                      0.340371    0.002888    6.593366 ^ fanout37/A (sky130_fd_sc_hd__clkbuf_2)
     6    0.029996    0.261293    0.442541    7.035907 ^ fanout37/X (sky130_fd_sc_hd__clkbuf_2)
                                                         net37 (net)
                      0.261345    0.003643    7.039550 ^ _0953_/RESET_B (sky130_fd_sc_hd__dfrtp_1)
                                              7.039550   data arrival time

                                 25.000000   25.000000   clock clk (rise edge)
                                  0.000000   25.000000   clock source latency
     2    0.024485    0.181407    0.124841   25.124840 ^ clk (in)
                                                         clk (net)
                      0.181431    0.000000   25.124840 ^ clkbuf_0_clk/A (sky130_fd_sc_hd__clkbuf_16)
    17    0.105586    0.184630    0.369985   25.494825 ^ clkbuf_0_clk/X (sky130_fd_sc_hd__clkbuf_16)
                                                         clknet_0_clk (net)
                      0.185247    0.007848   25.502672 ^ clkbuf_3_7__f_clk/A (sky130_fd_sc_hd__clkbuf_16)
    13    0.044864    0.100113    0.307820   25.810492 ^ clkbuf_3_7__f_clk/X (sky130_fd_sc_hd__clkbuf_16)
                                                         clknet_3_7__leaf_clk (net)
                      0.100213    0.002663   25.813154 ^ _0953_/CLK (sky130_fd_sc_hd__dfrtp_1)
                                 -0.250000   25.563156   clock uncertainty
                                  0.000000   25.563156   clock reconvergence pessimism
                                  0.401903   25.965059   library recovery time
                                             25.965059   data required time
---------------------------------------------------------------------------------------------
                                             25.965059   data required time
                                             -7.039550   data arrival time
---------------------------------------------------------------------------------------------
                                             18.925510   slack (MET)


Startpoint: _0969_ (rising edge-triggered flip-flop clocked by clk)
Endpoint: gpio_out[17] (output port clocked by clk)
Path Group: clk
Path Type: max

Fanout         Cap        Slew       Delay        Time   Description
---------------------------------------------------------------------------------------------
                                  0.000000    0.000000   clock clk (rise edge)
                                  0.000000    0.000000   clock source latency
     2    0.024485    0.181407    0.124840    0.124840 ^ clk (in)
                                                         clk (net)
                      0.181431    0.000000    0.124840 ^ clkbuf_0_clk/A (sky130_fd_sc_hd__clkbuf_16)
    17    0.105586    0.184630    0.369986    0.494826 ^ clkbuf_0_clk/X (sky130_fd_sc_hd__clkbuf_16)
                                                         clknet_0_clk (net)
                      0.184699    0.003508    0.498334 ^ clkbuf_3_5__f_clk/A (sky130_fd_sc_hd__clkbuf_16)
    11    0.048550    0.105208    0.311394    0.809728 ^ clkbuf_3_5__f_clk/X (sky130_fd_sc_hd__clkbuf_16)
                                                         clknet_3_5__leaf_clk (net)
                      0.105382    0.003613    0.813341 ^ _0969_/CLK (sky130_fd_sc_hd__dfstp_1)
     4    0.011763    0.126363    0.784807    1.598148 v _0969_/Q (sky130_fd_sc_hd__dfstp_1)
                                                         MATMULT_INST.prod_adder.gen_for_loop[0].adder_n.a (net)
                      0.126369    0.000990    1.599138 v _0694_/B (sky130_fd_sc_hd__and2_1)
     3    0.010370    0.128790    0.404701    2.003840 v _0694_/X (sky130_fd_sc_hd__and2_1)
                                                         _0267_ (net)
                      0.128790    0.000416    2.004256 v _0695_/A2 (sky130_fd_sc_hd__o211a_1)
     2    0.003696    0.079860    0.407651    2.411906 v _0695_/X (sky130_fd_sc_hd__o211a_1)
                                                         _0268_ (net)
                      0.079860    0.000224    2.412130 v _0697_/B (sky130_fd_sc_hd__or2_1)
     2    0.005144    0.118142    0.489772    2.901902 v _0697_/X (sky130_fd_sc_hd__or2_1)
                                                         _0270_ (net)
                      0.118142    0.000343    2.902245 v _0699_/C (sky130_fd_sc_hd__and3_1)
     2    0.006907    0.104078    0.421126    3.323371 v _0699_/X (sky130_fd_sc_hd__and3_1)
                                                         _0272_ (net)
                      0.104078    0.000384    3.323755 v _0700_/B1 (sky130_fd_sc_hd__a21oi_1)
     3    0.011821    0.441775    0.407849    3.731604 ^ _0700_/Y (sky130_fd_sc_hd__a21oi_1)
                                                         _0273_ (net)
                      0.441776    0.000677    3.732281 ^ _0701_/A2 (sky130_fd_sc_hd__o21ai_1)
     3    0.007880    0.169885    0.301061    4.033342 v _0701_/Y (sky130_fd_sc_hd__o21ai_1)
                                                         _0274_ (net)
                      0.169885    0.000457    4.033798 v _0744_/C (sky130_fd_sc_hd__and3_1)
     1    0.001625    0.061482    0.392993    4.426791 v _0744_/X (sky130_fd_sc_hd__and3_1)
                                                         _0316_ (net)
                      0.061482    0.000072    4.426864 v _0746_/C (sky130_fd_sc_hd__or4_1)
     1    0.002541    0.172684    1.090469    5.517333 v _0746_/X (sky130_fd_sc_hd__or4_1)
                                                         _0318_ (net)
                      0.172684    0.000118    5.517451 v _0747_/C1 (sky130_fd_sc_hd__o211a_1)
     1    0.002566    0.069090    0.241743    5.759194 v _0747_/X (sky130_fd_sc_hd__o211a_1)
                                                         _0319_ (net)
                      0.069090    0.000185    5.759378 v _0748_/B1 (sky130_fd_sc_hd__o31ai_1)
     1    0.006133    0.474713    0.136918    5.896297 ^ _0748_/Y (sky130_fd_sc_hd__o31ai_1)
                                                         MATMULT_INST.serial_out (net)
                      0.474713    0.000358    5.896656 ^ _1110_/A (sky130_fd_sc_hd__clkbuf_1)
     1    0.002290    0.068931    0.276141    6.172797 ^ _1110_/X (sky130_fd_sc_hd__clkbuf_1)
                                                         net19 (net)
                      0.068957    0.000151    6.172948 ^ output19/A (sky130_fd_sc_hd__buf_2)
     1    0.033959    0.270033    0.340726    6.513674 ^ output19/X (sky130_fd_sc_hd__buf_2)
                                                         gpio_out[17] (net)
                      0.270038    0.001593    6.515266 ^ gpio_out[17] (out)
                                              6.515266   data arrival time

                                 25.000000   25.000000   clock clk (rise edge)
                                  0.000000   25.000000   clock network delay (propagated)
                                 -0.250000   24.750000   clock uncertainty
                                  0.000000   24.750000   clock reconvergence pessimism
                                 -5.000000   19.750000   output external delay
                                             19.750000   data required time
---------------------------------------------------------------------------------------------
                                             19.750000   data required time
                                             -6.515266   data arrival time
---------------------------------------------------------------------------------------------
                                             13.234733   slack (MET)




===========================================================================
report_checks --slack_max -0.01
============================================================================
======================= max_ss_100C_1v60 Corner ===================================

No paths found.


===========================================================================
 report_check_types -max_slew -max_cap -max_fanout -violators
============================================================================
======================= max_ss_100C_1v60 Corner ===================================

max fanout

Pin                                   Limit Fanout  Slack
---------------------------------------------------------
fanout24/X                               10     21    -11 (VIOLATED)
fanout38/X                               10     21    -11 (VIOLATED)
clkbuf_3_0__f_clk/X                      10     18     -8 (VIOLATED)
clkbuf_3_2__f_clk/X                      10     18     -8 (VIOLATED)
clkbuf_0_clk/X                           10     17     -7 (VIOLATED)
clkbuf_3_1__f_clk/X                      10     16     -6 (VIOLATED)
fanout39/X                               10     15     -5 (VIOLATED)
clkbuf_3_3__f_clk/X                      10     13     -3 (VIOLATED)
clkbuf_3_7__f_clk/X                      10     13     -3 (VIOLATED)
clkbuf_3_4__f_clk/X                      10     11        (VIOLATED)
clkbuf_3_5__f_clk/X                      10     11        (VIOLATED)
input5/X                                 10     11        (VIOLATED)
input7/X                                 10     11        (VIOLATED)



===========================================================================
report_parasitic_annotation -report_unannotated
============================================================================
Found 92 unannotated drivers.
 en
 gpio_in[16]
 gpio_in[17]
 gpio_in[18]
 gpio_in[19]
 gpio_in[20]
 gpio_in[21]
 gpio_in[22]
 gpio_in[23]
 gpio_in[24]
 gpio_in[25]
 gpio_in[26]
 gpio_in[27]
 gpio_in[28]
 gpio_in[29]
 gpio_in[30]
 gpio_in[31]
 gpio_in[32]
 gpio_in[33]
 clkload0/X
 clkload1/Y
 clkload2/Y
 clkload3/Y
 clkload4/Y
 clkload5/Y
 clkload6/Y
 team_07_100/HI
 team_07_101/HI
 team_07_102/HI
 team_07_103/LO
 team_07_104/LO
 team_07_105/LO
 team_07_40/HI
 team_07_41/HI
 team_07_42/HI
 team_07_43/HI
 team_07_44/HI
 team_07_45/HI
 team_07_46/HI
 team_07_47/HI
 team_07_48/HI
 team_07_49/HI
 team_07_50/HI
 team_07_51/HI
 team_07_52/HI
 team_07_53/HI
 team_07_54/HI
 team_07_55/HI
 team_07_56/HI
 team_07_57/HI
 team_07_58/HI
 team_07_59/HI
 team_07_60/HI
 team_07_61/HI
 team_07_62/HI
 team_07_63/HI
 team_07_64/HI
 team_07_65/HI
 team_07_66/HI
 team_07_67/HI
 team_07_68/HI
 team_07_69/HI
 team_07_70/HI
 team_07_71/HI
 team_07_72/HI
 team_07_73/HI
 team_07_74/HI
 team_07_75/HI
 team_07_76/HI
 team_07_77/HI
 team_07_78/HI
 team_07_79/HI
 team_07_80/HI
 team_07_81/HI
 team_07_82/HI
 team_07_83/HI
 team_07_84/HI
 team_07_85/HI
 team_07_86/HI
 team_07_87/HI
 team_07_88/HI
 team_07_89/HI
 team_07_90/HI
 team_07_91/HI
 team_07_92/HI
 team_07_93/HI
 team_07_94/HI
 team_07_95/HI
 team_07_96/HI
 team_07_97/HI
 team_07_98/HI
 team_07_99/HI
Found 0 partially unannotated drivers.

===========================================================================
max slew violation count 0
max fanout violation count 13
max cap violation count 0
============================================================================

===========================================================================
check_setup -verbose -unconstrained_endpoints -multiple_clock -no_clock -no_input_delay -loops -generated_clocks
===========================================================================
Warning: There are 66 unconstrained endpoints.
  gpio_oeb[0]
  gpio_oeb[10]
  gpio_oeb[11]
  gpio_oeb[12]
  gpio_oeb[13]
  gpio_oeb[14]
  gpio_oeb[15]
  gpio_oeb[16]
  gpio_oeb[17]
  gpio_oeb[18]
  gpio_oeb[19]
  gpio_oeb[1]
  gpio_oeb[20]
  gpio_oeb[21]
  gpio_oeb[22]
  gpio_oeb[23]
  gpio_oeb[24]
  gpio_oeb[25]
  gpio_oeb[26]
  gpio_oeb[27]
  gpio_oeb[28]
  gpio_oeb[29]
  gpio_oeb[2]
  gpio_oeb[30]
  gpio_oeb[31]
  gpio_oeb[32]
  gpio_oeb[33]
  gpio_oeb[3]
  gpio_oeb[4]
  gpio_oeb[5]
  gpio_oeb[6]
  gpio_oeb[7]
  gpio_oeb[8]
  gpio_oeb[9]
  gpio_out[0]
  gpio_out[10]
  gpio_out[11]
  gpio_out[12]
  gpio_out[13]
  gpio_out[14]
  gpio_out[15]
  gpio_out[18]
  gpio_out[19]
  gpio_out[1]
  gpio_out[20]
  gpio_out[21]
  gpio_out[22]
  gpio_out[23]
  gpio_out[24]
  gpio_out[25]
  gpio_out[26]
  gpio_out[27]
  gpio_out[28]
  gpio_out[29]
  gpio_out[2]
  gpio_out[30]
  gpio_out[31]
  gpio_out[32]
  gpio_out[33]
  gpio_out[3]
  gpio_out[4]
  gpio_out[5]
  gpio_out[6]
  gpio_out[7]
  gpio_out[8]
  gpio_out[9]
