Clock: clk
Sources: clk 
Generated: no
Virtual: yes
Propagated: no
Period: 25.000000

===========================================================================
report_clock_properties
============================================================================
Clock                   Period          Waveform
----------------------------------------------------
clk                  25.000000    0.000000 12.500000

===========================================================================
report_clock_latency
============================================================================
Clock clk
rise -> rise
    min     max
0.000000 0.000000 source latency
0.805587         network latency _0974_/CLK
        0.829742 network latency _0952_/CLK
---------------
0.805587 0.829742 latency
        0.024156 skew

fall -> fall
    min     max
0.000000 0.000000 source latency
0.728496         network latency _0974_/CLK
        0.748912 network latency _0952_/CLK
---------------
0.728496 0.748912 latency
        0.020416 skew



===========================================================================
report_clock_min_period
============================================================================
clk period_min = 7.76 fmax = 128.91
