
===========================================================================
report_checks -unconstrained
===========================================================================
======================= min_tt_025C_1v80 Corner ===================================

Startpoint: nrst (input port clocked by clk)
Endpoint: _8598_ (recovery check against rising-edge clock clk)
Path Group: asynchronous
Path Type: max

Fanout         Cap        Slew       Delay        Time   Description
---------------------------------------------------------------------------------------------
                                  0.000000    0.000000   clock clk (rise edge)
                                  0.000000    0.000000   clock network delay (propagated)
                                  5.000000    5.000000 ^ input external delay
     2    0.004260    0.026069    0.015401    5.015401 ^ nrst (in)
                                                         nrst (net)
                      0.026069    0.000000    5.015401 ^ input19/A (sky130_fd_sc_hd__clkbuf_2)
     5    0.043567    0.237663    0.232944    5.248345 ^ input19/X (sky130_fd_sc_hd__clkbuf_2)
                                                         net19 (net)
                      0.237690    0.002093    5.250438 ^ fanout353/A (sky130_fd_sc_hd__clkbuf_4)
    13    0.069474    0.211183    0.324134    5.574573 ^ fanout353/X (sky130_fd_sc_hd__clkbuf_4)
                                                         net353 (net)
                      0.211184    0.000932    5.575505 ^ fanout348/A (sky130_fd_sc_hd__clkbuf_4)
    21    0.070360    0.213081    0.314939    5.890443 ^ fanout348/X (sky130_fd_sc_hd__clkbuf_4)
                                                         net348 (net)
                      0.213171    0.000786    5.891230 ^ fanout347/A (sky130_fd_sc_hd__buf_2)
     8    0.046049    0.225808    0.289724    6.180954 ^ fanout347/X (sky130_fd_sc_hd__buf_2)
                                                         net347 (net)
                      0.225808    0.000392    6.181345 ^ fanout346/A (sky130_fd_sc_hd__clkbuf_4)
    10    0.050479    0.157803    0.282175    6.463521 ^ fanout346/X (sky130_fd_sc_hd__clkbuf_4)
                                                         net346 (net)
                      0.157803    0.000617    6.464138 ^ _8598_/RESET_B (sky130_fd_sc_hd__dfrtp_2)
                                              6.464138   data arrival time

                                 25.000000   25.000000   clock clk (rise edge)
                                  0.000000   25.000000   clock source latency
     2    0.044885    0.206205    0.143404   25.143402 ^ clk (in)
                                                         clk (net)
                      0.206216    0.000000   25.143402 ^ clkbuf_0_clk/A (sky130_fd_sc_hd__clkbuf_16)
    33    0.175553    0.186722    0.290555   25.433958 ^ clkbuf_0_clk/X (sky130_fd_sc_hd__clkbuf_16)
                                                         clknet_0_clk (net)
                      0.186745    0.001736   25.435694 ^ clkbuf_4_8_0_clk/A (sky130_fd_sc_hd__clkbuf_8)
    11    0.036377    0.077301    0.201144   25.636837 ^ clkbuf_4_8_0_clk/X (sky130_fd_sc_hd__clkbuf_8)
                                                         clknet_4_8_0_clk (net)
                      0.077308    0.000801   25.637638 ^ _8598_/CLK (sky130_fd_sc_hd__dfrtp_2)
                                 -0.250000   25.387640   clock uncertainty
                                  0.000000   25.387640   clock reconvergence pessimism
                                  0.195626   25.583265   library recovery time
                                             25.583265   data required time
---------------------------------------------------------------------------------------------
                                             25.583265   data required time
                                             -6.464138   data arrival time
---------------------------------------------------------------------------------------------
                                             19.119127   slack (MET)


Startpoint: gpio_in[6] (input port clocked by clk)
Endpoint: _8685_ (rising edge-triggered flip-flop clocked by clk)
Path Group: clk
Path Type: max

Fanout         Cap        Slew       Delay        Time   Description
---------------------------------------------------------------------------------------------
                                  0.000000    0.000000   clock clk (rise edge)
                                  0.000000    0.000000   clock network delay (propagated)
                                  5.000000    5.000000 ^ input external delay
     2    0.004633    0.027688    0.016651    5.016651 ^ gpio_in[6] (in)
                                                         gpio_in[6] (net)
                      0.027697    0.000000    5.016651 ^ input15/A (sky130_fd_sc_hd__buf_2)
    13    0.069993    0.338584    0.307828    5.324479 ^ input15/X (sky130_fd_sc_hd__buf_2)
                                                         net15 (net)
                      0.338599    0.001882    5.326361 ^ _4272_/A0 (sky130_fd_sc_hd__mux2_4)
     9    0.035000    0.119038    0.291369    5.617731 ^ _4272_/X (sky130_fd_sc_hd__mux2_4)
                                                         PID_INST.k3_calc.d1.y[4] (net)
                      0.119039    0.000556    5.618287 ^ fanout175/A (sky130_fd_sc_hd__buf_2)
    19    0.053018    0.258279    0.286299    5.904586 ^ fanout175/X (sky130_fd_sc_hd__buf_2)
                                                         net175 (net)
                      0.258296    0.001771    5.906357 ^ fanout174/A (sky130_fd_sc_hd__buf_2)
    10    0.034100    0.170006    0.262785    6.169143 ^ fanout174/X (sky130_fd_sc_hd__buf_2)
                                                         net174 (net)
                      0.170009    0.000945    6.170087 ^ _4680_/A (sky130_fd_sc_hd__and4_1)
     4    0.009545    0.111008    0.249763    6.419851 ^ _4680_/X (sky130_fd_sc_hd__and4_1)
                                                         _3956_ (net)
                      0.111008    0.000027    6.419877 ^ _4696_/A_N (sky130_fd_sc_hd__and4bb_1)
     3    0.006644    0.056976    0.211800    6.631678 v _4696_/X (sky130_fd_sc_hd__and4bb_1)
                                                         _3972_ (net)
                      0.056976    0.000079    6.631757 v _4698_/C (sky130_fd_sc_hd__or4_4)
     3    0.009478    0.093132    0.495138    7.126895 v _4698_/X (sky130_fd_sc_hd__or4_4)
                                                         _3974_ (net)
                      0.093132    0.000078    7.126974 v _4706_/A1 (sky130_fd_sc_hd__a21o_1)
     2    0.005399    0.043970    0.182272    7.309246 v _4706_/X (sky130_fd_sc_hd__a21o_1)
                                                         _3982_ (net)
                      0.043970    0.000056    7.309301 v _4723_/B2 (sky130_fd_sc_hd__a22o_1)
     1    0.002601    0.039109    0.189780    7.499081 v _4723_/X (sky130_fd_sc_hd__a22o_1)
                                                         _3999_ (net)
                      0.039109    0.000022    7.499103 v _4725_/A2 (sky130_fd_sc_hd__a31o_1)
     2    0.007761    0.059281    0.222169    7.721272 v _4725_/X (sky130_fd_sc_hd__a31o_1)
                                                         _4001_ (net)
                      0.059281    0.000064    7.721336 v _4727_/B2 (sky130_fd_sc_hd__o22a_1)
     1    0.004235    0.049912    0.166670    7.888006 v _4727_/X (sky130_fd_sc_hd__o22a_1)
                                                         _4003_ (net)
                      0.049912    0.000036    7.888041 v _4728_/B2 (sky130_fd_sc_hd__a22oi_2)
     2    0.006998    0.163196    0.168868    8.056910 ^ _4728_/Y (sky130_fd_sc_hd__a22oi_2)
                                                         _4004_ (net)
                      0.163196    0.000074    8.056984 ^ _4731_/A (sky130_fd_sc_hd__nand2_1)
     1    0.003877    0.058084    0.078709    8.135694 v _4731_/Y (sky130_fd_sc_hd__nand2_1)
                                                         _4007_ (net)
                      0.058084    0.000051    8.135744 v _4732_/B1 (sky130_fd_sc_hd__o31a_1)
     1    0.002414    0.046111    0.101348    8.237092 v _4732_/X (sky130_fd_sc_hd__o31a_1)
                                                         _4008_ (net)
                      0.046111    0.000011    8.237103 v _4733_/B2 (sky130_fd_sc_hd__a221o_1)
     1    0.002527    0.051756    0.309340    8.546443 v _4733_/X (sky130_fd_sc_hd__a221o_1)
                                                         _4009_ (net)
                      0.051756    0.000012    8.546454 v _4734_/A1 (sky130_fd_sc_hd__a31o_1)
     4    0.014104    0.084660    0.221918    8.768372 v _4734_/X (sky130_fd_sc_hd__a31o_1)
                                                         _4010_ (net)
                      0.084660    0.000417    8.768789 v _4856_/A1 (sky130_fd_sc_hd__a221o_1)
     2    0.008232    0.079432    0.357234    9.126023 v _4856_/X (sky130_fd_sc_hd__a221o_1)
                                                         _4132_ (net)
                      0.079432    0.000107    9.126130 v _4861_/A1 (sky130_fd_sc_hd__a31o_1)
     2    0.011570    0.073930    0.223896    9.350026 v _4861_/X (sky130_fd_sc_hd__a31o_1)
                                                         _4137_ (net)
                      0.073930    0.000084    9.350110 v _5006_/A1 (sky130_fd_sc_hd__a21o_1)
     3    0.013627    0.077035    0.207634    9.557744 v _5006_/X (sky130_fd_sc_hd__a21o_1)
                                                         _0094_ (net)
                      0.077035    0.000289    9.558033 v _5086_/A1 (sky130_fd_sc_hd__a21bo_1)
     2    0.010463    0.066194    0.209877    9.767909 v _5086_/X (sky130_fd_sc_hd__a21bo_1)
                                                         _0174_ (net)
                      0.066194    0.000249    9.768158 v _5092_/A2 (sky130_fd_sc_hd__a21o_1)
     4    0.017978    0.094898    0.242458   10.010615 v _5092_/X (sky130_fd_sc_hd__a21o_1)
                                                         _0180_ (net)
                      0.094898    0.000167   10.010782 v _5349_/A3 (sky130_fd_sc_hd__a31o_4)
     3    0.030557    0.068243    0.297741   10.308524 v _5349_/X (sky130_fd_sc_hd__a31o_4)
                                                         _0437_ (net)
                      0.068243    0.000242   10.308765 v _6106_/A2 (sky130_fd_sc_hd__a211o_4)
     3    0.016374    0.067780    0.365019   10.673785 v _6106_/X (sky130_fd_sc_hd__a211o_4)
                                                         _1194_ (net)
                      0.067780    0.000185   10.673969 v _6107_/C (sky130_fd_sc_hd__nand3_4)
     5    0.035430    0.137560    0.145805   10.819775 ^ _6107_/Y (sky130_fd_sc_hd__nand3_4)
                                                         _1195_ (net)
                      0.137608    0.000533   10.820308 ^ _6520_/A1 (sky130_fd_sc_hd__a311o_4)
     6    0.038754    0.152213    0.289895   11.110203 ^ _6520_/X (sky130_fd_sc_hd__a311o_4)
                                                         _1606_ (net)
                      0.152213    0.000271   11.110474 ^ _6681_/A2 (sky130_fd_sc_hd__a21o_2)
     9    0.044306    0.222262    0.287726   11.398200 ^ _6681_/X (sky130_fd_sc_hd__a21o_2)
                                                         _1770_ (net)
                      0.222262    0.000094   11.398294 ^ _6968_/A2 (sky130_fd_sc_hd__a21o_2)
    15    0.051570    0.257123    0.329673   11.727967 ^ _6968_/X (sky130_fd_sc_hd__a21o_2)
                                                         _2069_ (net)
                      0.257123    0.000390   11.728357 ^ _7054_/B1 (sky130_fd_sc_hd__o21a_1)
     1    0.009641    0.101611    0.208234   11.936591 ^ _7054_/X (sky130_fd_sc_hd__o21a_1)
                                                         _2159_ (net)
                      0.101611    0.000103   11.936695 ^ _7080_/A (sky130_fd_sc_hd__xnor2_2)
     5    0.027863    0.378612    0.201120   12.137815 ^ _7080_/Y (sky130_fd_sc_hd__xnor2_2)
                                                         _2187_ (net)
                      0.378615    0.000860   12.138675 ^ fanout37/A (sky130_fd_sc_hd__clkbuf_4)
    21    0.061142    0.188478    0.342546   12.481221 ^ fanout37/X (sky130_fd_sc_hd__clkbuf_4)
                                                         net37 (net)
                      0.188543    0.003370   12.484591 ^ _7081_/B (sky130_fd_sc_hd__nor2_1)
     1    0.009176    0.078838    0.097975   12.582565 v _7081_/Y (sky130_fd_sc_hd__nor2_1)
                                                         _2188_ (net)
                      0.078838    0.000099   12.582664 v _7090_/A (sky130_fd_sc_hd__xnor2_2)
     2    0.016285    0.247135    0.260376   12.843040 ^ _7090_/Y (sky130_fd_sc_hd__xnor2_2)
                                                         _2197_ (net)
                      0.247139    0.000760   12.843801 ^ _7091_/B (sky130_fd_sc_hd__xnor2_1)
     2    0.007132    0.198990    0.183290   13.027090 ^ _7091_/Y (sky130_fd_sc_hd__xnor2_1)
                                                         _2198_ (net)
                      0.198990    0.000083   13.027173 ^ _7093_/B (sky130_fd_sc_hd__xnor2_1)
     2    0.007858    0.110014    0.124017   13.151190 v _7093_/Y (sky130_fd_sc_hd__xnor2_1)
                                                         _2200_ (net)
                      0.110014    0.000056   13.151246 v _7144_/A (sky130_fd_sc_hd__xnor2_1)
     2    0.012677    0.318735    0.319370   13.470616 ^ _7144_/Y (sky130_fd_sc_hd__xnor2_1)
                                                         _2255_ (net)
                      0.318735    0.000131   13.470747 ^ _7147_/A (sky130_fd_sc_hd__xor2_2)
     2    0.014728    0.215372    0.249767   13.720514 ^ _7147_/X (sky130_fd_sc_hd__xor2_2)
                                                         _2258_ (net)
                      0.215372    0.000136   13.720650 ^ _7148_/B (sky130_fd_sc_hd__xnor2_2)
     3    0.014707    0.090049    0.126592   13.847242 v _7148_/Y (sky130_fd_sc_hd__xnor2_2)
                                                         _2259_ (net)
                      0.090049    0.000171   13.847412 v _7150_/A (sky130_fd_sc_hd__xor2_2)
     3    0.015207    0.127803    0.213808   14.061220 v _7150_/X (sky130_fd_sc_hd__xor2_2)
                                                         _2261_ (net)
                      0.127803    0.000058   14.061278 v _7404_/B1 (sky130_fd_sc_hd__a2bb2o_2)
     1    0.005542    0.050934    0.295357   14.356634 v _7404_/X (sky130_fd_sc_hd__a2bb2o_2)
                                                         _2531_ (net)
                      0.050934    0.000074   14.356709 v _7405_/B (sky130_fd_sc_hd__xor2_1)
     2    0.006573    0.081535    0.155377   14.512085 v _7405_/X (sky130_fd_sc_hd__xor2_1)
                                                         _2532_ (net)
                      0.081535    0.000071   14.512156 v _7407_/B (sky130_fd_sc_hd__xor2_1)
     2    0.007115    0.094799    0.169468   14.681624 v _7407_/X (sky130_fd_sc_hd__xor2_1)
                                                         _2534_ (net)
                      0.094799    0.000040   14.681664 v _7574_/A2 (sky130_fd_sc_hd__a21o_1)
     3    0.013716    0.077420    0.238092   14.919757 v _7574_/X (sky130_fd_sc_hd__a21o_1)
                                                         _2711_ (net)
                      0.077420    0.000378   14.920135 v _7737_/A1 (sky130_fd_sc_hd__a211o_1)
     3    0.013082    0.092915    0.316604   15.236738 v _7737_/X (sky130_fd_sc_hd__a211o_1)
                                                         _2874_ (net)
                      0.092916    0.000451   15.237189 v _8197_/A1 (sky130_fd_sc_hd__a31o_1)
     3    0.012581    0.078270    0.233287   15.470477 v _8197_/X (sky130_fd_sc_hd__a31o_1)
                                                         _3355_ (net)
                      0.078270    0.000345   15.470821 v _8468_/A3 (sky130_fd_sc_hd__a31o_1)
     2    0.007957    0.060372    0.250115   15.720936 v _8468_/X (sky130_fd_sc_hd__a31o_1)
                                                         _3646_ (net)
                      0.060372    0.000114   15.721050 v _8472_/A3 (sky130_fd_sc_hd__a31o_1)
     1    0.005576    0.049001    0.230539   15.951589 v _8472_/X (sky130_fd_sc_hd__a31o_1)
                                                         _3649_ (net)
                      0.049001    0.000073   15.951662 v _8561_/A (sky130_fd_sc_hd__xnor2_1)
     1    0.002311    0.042681    0.117538   16.069201 v _8561_/Y (sky130_fd_sc_hd__xnor2_1)
                                                         _3746_ (net)
                      0.042681    0.000012   16.069212 v _8562_/A1 (sky130_fd_sc_hd__mux2_1)
     1    0.002209    0.051820    0.281277   16.350489 v _8562_/X (sky130_fd_sc_hd__mux2_1)
                                                         _0074_ (net)
                      0.051820    0.000020   16.350510 v _8685_/D (sky130_fd_sc_hd__dfrtp_1)
                                             16.350510   data arrival time

                                 25.000000   25.000000   clock clk (rise edge)
                                  0.000000   25.000000   clock source latency
     2    0.044885    0.206205    0.143404   25.143402 ^ clk (in)
                                                         clk (net)
                      0.206216    0.000000   25.143402 ^ clkbuf_0_clk/A (sky130_fd_sc_hd__clkbuf_16)
    33    0.175553    0.186722    0.290555   25.433958 ^ clkbuf_0_clk/X (sky130_fd_sc_hd__clkbuf_16)
                                                         clknet_0_clk (net)
                      0.186994    0.005789   25.439747 ^ clkbuf_4_7_0_clk/A (sky130_fd_sc_hd__clkbuf_8)
    10    0.036948    0.078188    0.201940   25.641687 ^ clkbuf_4_7_0_clk/X (sky130_fd_sc_hd__clkbuf_8)
                                                         clknet_4_7_0_clk (net)
                      0.078192    0.000659   25.642345 ^ _8685_/CLK (sky130_fd_sc_hd__dfrtp_1)
                                 -0.250000   25.392347   clock uncertainty
                                  0.000000   25.392347   clock reconvergence pessimism
                                 -0.109648   25.282698   library setup time
                                             25.282698   data required time
---------------------------------------------------------------------------------------------
                                             25.282698   data required time
                                            -16.350510   data arrival time
---------------------------------------------------------------------------------------------
                                              8.932189   slack (MET)




===========================================================================
report_checks --slack_max -0.01
============================================================================
======================= min_tt_025C_1v80 Corner ===================================

No paths found.


===========================================================================
 report_check_types -max_slew -max_cap -max_fanout -violators
============================================================================
======================= min_tt_025C_1v80 Corner ===================================

max fanout

Pin                                   Limit Fanout  Slack
---------------------------------------------------------
clkbuf_0_clk/X                           10     33    -23 (VIOLATED)
clkbuf_4_1_0_clk/X                       10     23    -13 (VIOLATED)
_4309_/Y                                 10     21    -11 (VIOLATED)
_4325_/Y                                 10     21    -11 (VIOLATED)
_6970_/Y                                 10     21    -11 (VIOLATED)
fanout100/X                              10     21    -11 (VIOLATED)
fanout101/X                              10     21    -11 (VIOLATED)
fanout103/X                              10     21    -11 (VIOLATED)
fanout104/X                              10     21    -11 (VIOLATED)
fanout105/X                              10     21    -11 (VIOLATED)
fanout107/X                              10     21    -11 (VIOLATED)
fanout109/X                              10     21    -11 (VIOLATED)
fanout110/X                              10     21    -11 (VIOLATED)
fanout111/X                              10     21    -11 (VIOLATED)
fanout114/X                              10     21    -11 (VIOLATED)
fanout115/X                              10     21    -11 (VIOLATED)
fanout117/X                              10     21    -11 (VIOLATED)
fanout122/X                              10     21    -11 (VIOLATED)
fanout123/X                              10     21    -11 (VIOLATED)
fanout125/X                              10     21    -11 (VIOLATED)
fanout127/X                              10     21    -11 (VIOLATED)
fanout128/X                              10     21    -11 (VIOLATED)
fanout129/X                              10     21    -11 (VIOLATED)
fanout136/X                              10     21    -11 (VIOLATED)
fanout139/X                              10     21    -11 (VIOLATED)
fanout141/X                              10     21    -11 (VIOLATED)
fanout149/X                              10     21    -11 (VIOLATED)
fanout152/X                              10     21    -11 (VIOLATED)
fanout153/X                              10     21    -11 (VIOLATED)
fanout160/X                              10     21    -11 (VIOLATED)
fanout172/X                              10     21    -11 (VIOLATED)
fanout173/X                              10     21    -11 (VIOLATED)
fanout176/X                              10     21    -11 (VIOLATED)
fanout177/X                              10     21    -11 (VIOLATED)
fanout183/X                              10     21    -11 (VIOLATED)
fanout188/X                              10     21    -11 (VIOLATED)
fanout194/X                              10     21    -11 (VIOLATED)
fanout195/X                              10     21    -11 (VIOLATED)
fanout198/X                              10     21    -11 (VIOLATED)
fanout200/X                              10     21    -11 (VIOLATED)
fanout202/X                              10     21    -11 (VIOLATED)
fanout204/X                              10     21    -11 (VIOLATED)
fanout210/X                              10     21    -11 (VIOLATED)
fanout212/X                              10     21    -11 (VIOLATED)
fanout214/X                              10     21    -11 (VIOLATED)
fanout216/X                              10     21    -11 (VIOLATED)
fanout218/X                              10     21    -11 (VIOLATED)
fanout220/X                              10     21    -11 (VIOLATED)
fanout222/X                              10     21    -11 (VIOLATED)
fanout224/X                              10     21    -11 (VIOLATED)
fanout226/X                              10     21    -11 (VIOLATED)
fanout228/X                              10     21    -11 (VIOLATED)
fanout232/X                              10     21    -11 (VIOLATED)
fanout237/X                              10     21    -11 (VIOLATED)
fanout238/X                              10     21    -11 (VIOLATED)
fanout241/X                              10     21    -11 (VIOLATED)
fanout245/X                              10     21    -11 (VIOLATED)
fanout249/X                              10     21    -11 (VIOLATED)
fanout256/X                              10     21    -11 (VIOLATED)
fanout259/X                              10     21    -11 (VIOLATED)
fanout265/X                              10     21    -11 (VIOLATED)
fanout270/X                              10     21    -11 (VIOLATED)
fanout272/X                              10     21    -11 (VIOLATED)
fanout275/X                              10     21    -11 (VIOLATED)
fanout279/X                              10     21    -11 (VIOLATED)
fanout282/X                              10     21    -11 (VIOLATED)
fanout290/X                              10     21    -11 (VIOLATED)
fanout293/X                              10     21    -11 (VIOLATED)
fanout295/X                              10     21    -11 (VIOLATED)
fanout297/X                              10     21    -11 (VIOLATED)
fanout298/X                              10     21    -11 (VIOLATED)
fanout300/X                              10     21    -11 (VIOLATED)
fanout302/X                              10     21    -11 (VIOLATED)
fanout303/X                              10     21    -11 (VIOLATED)
fanout310/X                              10     21    -11 (VIOLATED)
fanout314/X                              10     21    -11 (VIOLATED)
fanout323/X                              10     21    -11 (VIOLATED)
fanout327/X                              10     21    -11 (VIOLATED)
fanout331/X                              10     21    -11 (VIOLATED)
fanout341/X                              10     21    -11 (VIOLATED)
fanout348/X                              10     21    -11 (VIOLATED)
fanout351/X                              10     21    -11 (VIOLATED)
fanout352/X                              10     21    -11 (VIOLATED)
fanout354/X                              10     21    -11 (VIOLATED)
fanout355/X                              10     21    -11 (VIOLATED)
fanout37/X                               10     21    -11 (VIOLATED)
fanout39/X                               10     21    -11 (VIOLATED)
fanout40/X                               10     21    -11 (VIOLATED)
fanout42/X                               10     21    -11 (VIOLATED)
fanout48/X                               10     21    -11 (VIOLATED)
fanout49/X                               10     21    -11 (VIOLATED)
fanout50/X                               10     21    -11 (VIOLATED)
fanout51/X                               10     21    -11 (VIOLATED)
fanout52/X                               10     21    -11 (VIOLATED)
fanout53/X                               10     21    -11 (VIOLATED)
fanout54/X                               10     21    -11 (VIOLATED)
fanout55/X                               10     21    -11 (VIOLATED)
fanout56/X                               10     21    -11 (VIOLATED)
fanout57/X                               10     21    -11 (VIOLATED)
fanout61/X                               10     21    -11 (VIOLATED)
fanout71/X                               10     21    -11 (VIOLATED)
fanout73/X                               10     21    -11 (VIOLATED)
fanout75/X                               10     21    -11 (VIOLATED)
fanout77/X                               10     21    -11 (VIOLATED)
fanout79/X                               10     21    -11 (VIOLATED)
fanout80/X                               10     21    -11 (VIOLATED)
fanout81/X                               10     21    -11 (VIOLATED)
fanout82/X                               10     21    -11 (VIOLATED)
fanout83/X                               10     21    -11 (VIOLATED)
fanout84/X                               10     21    -11 (VIOLATED)
fanout86/X                               10     21    -11 (VIOLATED)
fanout92/X                               10     21    -11 (VIOLATED)
fanout93/X                               10     21    -11 (VIOLATED)
fanout95/X                               10     21    -11 (VIOLATED)
fanout96/X                               10     21    -11 (VIOLATED)
fanout98/X                               10     21    -11 (VIOLATED)
fanout99/X                               10     21    -11 (VIOLATED)
_4283_/Y                                 10     19     -9 (VIOLATED)
_4293_/Y                                 10     19     -9 (VIOLATED)
_4307_/Y                                 10     19     -9 (VIOLATED)
_4318_/Y                                 10     19     -9 (VIOLATED)
_4319_/Y                                 10     19     -9 (VIOLATED)
_4321_/Y                                 10     19     -9 (VIOLATED)
fanout154/X                              10     19     -9 (VIOLATED)
fanout168/X                              10     19     -9 (VIOLATED)
fanout175/X                              10     19     -9 (VIOLATED)
fanout203/X                              10     19     -9 (VIOLATED)
fanout223/X                              10     19     -9 (VIOLATED)
fanout227/X                              10     19     -9 (VIOLATED)
fanout230/X                              10     19     -9 (VIOLATED)
fanout248/X                              10     19     -9 (VIOLATED)
fanout252/X                              10     19     -9 (VIOLATED)
fanout262/X                              10     19     -9 (VIOLATED)
fanout268/X                              10     19     -9 (VIOLATED)
fanout320/X                              10     19     -9 (VIOLATED)
fanout335/X                              10     19     -9 (VIOLATED)
fanout64/X                               10     19     -9 (VIOLATED)
_4296_/Y                                 10     17     -7 (VIOLATED)
fanout178/X                              10     17     -7 (VIOLATED)
fanout261/X                              10     17     -7 (VIOLATED)
fanout264/X                              10     17     -7 (VIOLATED)
fanout269/X                              10     17     -7 (VIOLATED)
fanout276/X                              10     17     -7 (VIOLATED)
fanout316/X                              10     17     -7 (VIOLATED)
fanout326/X                              10     17     -7 (VIOLATED)
fanout342/X                              10     17     -7 (VIOLATED)
fanout356/X                              10     17     -7 (VIOLATED)
fanout97/X                               10     17     -7 (VIOLATED)
input9/X                                 10     17     -7 (VIOLATED)
_6683_/Y                                 10     15     -5 (VIOLATED)
_6968_/X                                 10     15     -5 (VIOLATED)
clkbuf_4_15_0_clk/X                      10     15     -5 (VIOLATED)
fanout131/X                              10     15     -5 (VIOLATED)
fanout132/X                              10     15     -5 (VIOLATED)
fanout134/X                              10     15     -5 (VIOLATED)
fanout135/X                              10     15     -5 (VIOLATED)
fanout138/X                              10     15     -5 (VIOLATED)
fanout165/X                              10     15     -5 (VIOLATED)
fanout182/X                              10     15     -5 (VIOLATED)
fanout184/X                              10     15     -5 (VIOLATED)
fanout209/X                              10     15     -5 (VIOLATED)
fanout213/X                              10     15     -5 (VIOLATED)
fanout217/X                              10     15     -5 (VIOLATED)
fanout219/X                              10     15     -5 (VIOLATED)
fanout231/X                              10     15     -5 (VIOLATED)
fanout244/X                              10     15     -5 (VIOLATED)
fanout271/X                              10     15     -5 (VIOLATED)
fanout285/X                              10     15     -5 (VIOLATED)
fanout296/X                              10     15     -5 (VIOLATED)
fanout301/X                              10     15     -5 (VIOLATED)
fanout306/X                              10     15     -5 (VIOLATED)
fanout318/X                              10     15     -5 (VIOLATED)
fanout329/X                              10     15     -5 (VIOLATED)
fanout78/X                               10     15     -5 (VIOLATED)
_6109_/Y                                 10     13     -3 (VIOLATED)
clkbuf_4_10_0_clk/X                      10     13     -3 (VIOLATED)
clkbuf_4_2_0_clk/X                       10     13     -3 (VIOLATED)
clkbuf_4_5_0_clk/X                       10     13     -3 (VIOLATED)
fanout120/X                              10     13     -3 (VIOLATED)
fanout169/X                              10     13     -3 (VIOLATED)
fanout221/X                              10     13     -3 (VIOLATED)
fanout240/X                              10     13     -3 (VIOLATED)
fanout246/X                              10     13     -3 (VIOLATED)
fanout274/X                              10     13     -3 (VIOLATED)
fanout281/X                              10     13     -3 (VIOLATED)
fanout283/X                              10     13     -3 (VIOLATED)
fanout304/X                              10     13     -3 (VIOLATED)
fanout309/X                              10     13     -3 (VIOLATED)
fanout313/X                              10     13     -3 (VIOLATED)
fanout353/X                              10     13     -3 (VIOLATED)
fanout47/X                               10     13     -3 (VIOLATED)
input11/X                                10     13     -3 (VIOLATED)
input12/X                                10     13     -3 (VIOLATED)
input13/X                                10     13     -3 (VIOLATED)
input14/X                                10     13     -3 (VIOLATED)
input15/X                                10     13     -3 (VIOLATED)
input16/X                                10     13     -3 (VIOLATED)
input17/X                                10     13     -3 (VIOLATED)
input18/X                                10     13     -3 (VIOLATED)
input2/X                                 10     13     -3 (VIOLATED)
input3/X                                 10     13     -3 (VIOLATED)
input4/X                                 10     13     -3 (VIOLATED)
input5/X                                 10     13     -3 (VIOLATED)
input6/X                                 10     13     -3 (VIOLATED)
input7/X                                 10     13     -3 (VIOLATED)
input8/X                                 10     13     -3 (VIOLATED)
_4304_/Y                                 10     11        (VIOLATED)
_4354_/X                                 10     11        (VIOLATED)
_4519_/Y                                 10     11        (VIOLATED)
_4747_/Y                                 10     11        (VIOLATED)
clkbuf_4_0_0_clk/X                       10     11        (VIOLATED)
clkbuf_4_8_0_clk/X                       10     11        (VIOLATED)
fanout121/X                              10     11        (VIOLATED)
fanout150/X                              10     11        (VIOLATED)
fanout197/X                              10     11        (VIOLATED)
fanout211/X                              10     11        (VIOLATED)
fanout215/X                              10     11        (VIOLATED)
fanout242/X                              10     11        (VIOLATED)
fanout286/X                              10     11        (VIOLATED)
fanout299/X                              10     11        (VIOLATED)
fanout311/X                              10     11        (VIOLATED)
fanout322/X                              10     11        (VIOLATED)
fanout324/X                              10     11        (VIOLATED)
fanout333/X                              10     11        (VIOLATED)
fanout340/X                              10     11        (VIOLATED)
fanout345/X                              10     11        (VIOLATED)
fanout87/X                               10     11        (VIOLATED)
fanout94/X                               10     11        (VIOLATED)



===========================================================================
report_parasitic_annotation -report_unannotated
============================================================================
Found 84 unannotated drivers.
 en
 gpio_in[18]
 gpio_in[19]
 gpio_in[20]
 gpio_in[21]
 gpio_in[22]
 gpio_in[23]
 gpio_in[24]
 gpio_in[25]
 gpio_in[26]
 gpio_in[27]
 gpio_in[28]
 gpio_in[29]
 gpio_in[30]
 gpio_in[31]
 gpio_in[32]
 gpio_in[33]
 clkload0/Y
 clkload1/Y
 clkload10/Y
 clkload11/Y
 clkload12/Y
 clkload13/Y
 clkload14/Y
 clkload2/X
 clkload3/Y
 clkload4/Y
 clkload5/Y
 clkload6/Y
 clkload7/Y
 clkload8/Y
 clkload9/Y
 team_03_357/HI
 team_03_358/HI
 team_03_359/HI
 team_03_360/HI
 team_03_361/HI
 team_03_362/HI
 team_03_363/HI
 team_03_364/HI
 team_03_365/HI
 team_03_366/HI
 team_03_367/HI
 team_03_368/HI
 team_03_369/HI
 team_03_370/HI
 team_03_371/HI
 team_03_372/HI
 team_03_373/HI
 team_03_374/HI
 team_03_375/HI
 team_03_376/HI
 team_03_377/HI
 team_03_378/HI
 team_03_379/HI
 team_03_380/HI
 team_03_381/HI
 team_03_382/HI
 team_03_383/HI
 team_03_384/HI
 team_03_385/HI
 team_03_386/HI
 team_03_387/HI
 team_03_388/HI
 team_03_389/HI
 team_03_390/HI
 team_03_391/HI
 team_03_392/HI
 team_03_393/LO
 team_03_394/LO
 team_03_395/LO
 team_03_396/LO
 team_03_397/LO
 team_03_398/LO
 team_03_399/LO
 team_03_400/LO
 team_03_401/LO
 team_03_402/LO
 team_03_403/LO
 team_03_404/LO
 team_03_405/LO
 team_03_406/LO
 team_03_407/LO
 team_03_408/LO
Found 0 partially unannotated drivers.

===========================================================================
max slew violation count 0
max fanout violation count 228
max cap violation count 0
============================================================================

===========================================================================
check_setup -verbose -unconstrained_endpoints -multiple_clock -no_clock -no_input_delay -loops -generated_clocks
===========================================================================
Warning: There are 52 unconstrained endpoints.
  gpio_oeb[0]
  gpio_oeb[10]
  gpio_oeb[11]
  gpio_oeb[12]
  gpio_oeb[13]
  gpio_oeb[14]
  gpio_oeb[15]
  gpio_oeb[16]
  gpio_oeb[17]
  gpio_oeb[18]
  gpio_oeb[19]
  gpio_oeb[1]
  gpio_oeb[20]
  gpio_oeb[21]
  gpio_oeb[22]
  gpio_oeb[23]
  gpio_oeb[24]
  gpio_oeb[25]
  gpio_oeb[26]
  gpio_oeb[27]
  gpio_oeb[28]
  gpio_oeb[29]
  gpio_oeb[2]
  gpio_oeb[30]
  gpio_oeb[31]
  gpio_oeb[32]
  gpio_oeb[33]
  gpio_oeb[3]
  gpio_oeb[4]
  gpio_oeb[5]
  gpio_oeb[6]
  gpio_oeb[7]
  gpio_oeb[8]
  gpio_oeb[9]
  gpio_out[0]
  gpio_out[10]
  gpio_out[11]
  gpio_out[12]
  gpio_out[13]
  gpio_out[14]
  gpio_out[15]
  gpio_out[16]
  gpio_out[17]
  gpio_out[1]
  gpio_out[2]
  gpio_out[3]
  gpio_out[4]
  gpio_out[5]
  gpio_out[6]
  gpio_out[7]
  gpio_out[8]
  gpio_out[9]
