Clock: clk
Sources: clk 
Generated: no
Virtual: yes
Propagated: no
Period: 25.000000

===========================================================================
report_clock_properties
============================================================================
Clock                   Period          Waveform
----------------------------------------------------
clk                  25.000000    0.000000 12.500000

===========================================================================
report_clock_latency
============================================================================
Clock clk
rise -> rise
    min     max
0.000000 0.000000 source latency
0.632637         network latency _8646_/CLK
        0.667720 network latency _8619_/CLK
---------------
0.632637 0.667720 latency
        0.035083 skew

fall -> fall
    min     max
0.000000 0.000000 source latency
0.505590         network latency _8646_/CLK
        0.531598 network latency _8619_/CLK
---------------
0.505590 0.531598 latency
        0.026008 skew



===========================================================================
report_clock_min_period
============================================================================
clk period_min = 12.97 fmax = 77.10
