
===========================================================================
report_checks -unconstrained
===========================================================================
======================= nom_ss_100C_1v60 Corner ===================================

Startpoint: nrst (input port clocked by clk)
Endpoint: _0938_ (recovery check against rising-edge clock clk)
Path Group: asynchronous
Path Type: max

Fanout         Cap        Slew       Delay        Time   Description
---------------------------------------------------------------------------------------------
                                  0.000000    0.000000   clock clk (rise edge)
                                  0.000000    0.000000   clock network delay (propagated)
                                  5.000000    5.000000 ^ input external delay
     2    0.003746    0.038588    0.020777    5.020777 ^ nrst (in)
                                                         nrst (net)
                      0.038588    0.000000    5.020777 ^ input15/A (sky130_fd_sc_hd__dlymetal6s2s_1)
     4    0.024573    0.393731    0.378864    5.399641 ^ input15/X (sky130_fd_sc_hd__dlymetal6s2s_1)
                                                         net15 (net)
                      0.393735    0.001021    5.400661 ^ fanout57/A (sky130_fd_sc_hd__buf_2)
     7    0.033682    0.269104    0.477633    5.878294 ^ fanout57/X (sky130_fd_sc_hd__buf_2)
                                                         net57 (net)
                      0.269104    0.000342    5.878636 ^ fanout56/A (sky130_fd_sc_hd__clkbuf_2)
     5    0.026237    0.230238    0.394865    6.273502 ^ fanout56/X (sky130_fd_sc_hd__clkbuf_2)
                                                         net56 (net)
                      0.230239    0.001025    6.274527 ^ fanout55/A (sky130_fd_sc_hd__clkbuf_4)
    10    0.041150    0.209664    0.424357    6.698884 ^ fanout55/X (sky130_fd_sc_hd__clkbuf_4)
                                                         net55 (net)
                      0.209672    0.001557    6.700441 ^ _0938_/RESET_B (sky130_fd_sc_hd__dfrtp_2)
                                              6.700441   data arrival time

                                 25.000000   25.000000   clock clk (rise edge)
                                  0.000000   25.000000   clock source latency
     2    0.019907    0.149222    0.101645   25.101645 ^ clk (in)
                                                         clk (net)
                      0.149223    0.000000   25.101645 ^ clkbuf_0_clk/A (sky130_fd_sc_hd__clkbuf_16)
    33    0.138722    0.230610    0.391470   25.493114 ^ clkbuf_0_clk/X (sky130_fd_sc_hd__clkbuf_16)
                                                         clknet_0_clk (net)
                      0.230771    0.003091   25.496204 ^ clkbuf_4_8_0_clk/A (sky130_fd_sc_hd__clkbuf_8)
     9    0.026454    0.099210    0.324022   25.820227 ^ clkbuf_4_8_0_clk/X (sky130_fd_sc_hd__clkbuf_8)
                                                         clknet_4_8_0_clk (net)
                      0.099210    0.000412   25.820639 ^ _0938_/CLK (sky130_fd_sc_hd__dfrtp_2)
                                 -0.250000   25.570641   clock uncertainty
                                  0.000000   25.570641   clock reconvergence pessimism
                                  0.394738   25.965378   library recovery time
                                             25.965378   data required time
---------------------------------------------------------------------------------------------
                                             25.965378   data required time
                                             -6.700441   data arrival time
---------------------------------------------------------------------------------------------
                                             19.264936   slack (MET)


Startpoint: gpio_in[11] (input port clocked by clk)
Endpoint: gpio_out[14] (output port clocked by clk)
Path Group: clk
Path Type: max

Fanout         Cap        Slew       Delay        Time   Description
---------------------------------------------------------------------------------------------
                                  0.000000    0.000000   clock clk (rise edge)
                                  0.000000    0.000000   clock network delay (propagated)
                                  5.000000    5.000000 v input external delay
     2    0.004198    0.023924    0.013638    5.013638 v gpio_in[11] (in)
                                                         gpio_in[11] (net)
                      0.023924    0.000000    5.013638 v input3/A (sky130_fd_sc_hd__clkbuf_1)
     2    0.004228    0.064612    0.152930    5.166568 v input3/X (sky130_fd_sc_hd__clkbuf_1)
                                                         net3 (net)
                      0.064612    0.000065    5.166633 v _0672_/A (sky130_fd_sc_hd__or4_1)
     1    0.007023    0.227356    1.285615    6.452248 v _0672_/X (sky130_fd_sc_hd__or4_1)
                                                         _0279_ (net)
                      0.227356    0.000354    6.452602 v _0675_/A (sky130_fd_sc_hd__or3_1)
     1    0.007138    0.179675    0.967018    7.419620 v _0675_/X (sky130_fd_sc_hd__or3_1)
                                                         _0282_ (net)
                      0.179780    0.000297    7.419917 v _0676_/A3 (sky130_fd_sc_hd__o31a_1)
     1    0.004128    0.098670    0.508270    7.928187 v _0676_/X (sky130_fd_sc_hd__o31a_1)
                                                         SYNTH_INST.pwm (net)
                      0.098670    0.000144    7.928331 v _1114_/A (sky130_fd_sc_hd__clkbuf_1)
     1    0.002750    0.049925    0.172909    8.101240 v _1114_/X (sky130_fd_sc_hd__clkbuf_1)
                                                         net16 (net)
                      0.049925    0.000083    8.101322 v output16/A (sky130_fd_sc_hd__buf_2)
     1    0.036123    0.173435    0.341109    8.442431 v output16/X (sky130_fd_sc_hd__buf_2)
                                                         gpio_out[14] (net)
                      0.173437    0.000945    8.443377 v gpio_out[14] (out)
                                              8.443377   data arrival time

                                 25.000000   25.000000   clock clk (rise edge)
                                  0.000000   25.000000   clock network delay (propagated)
                                 -0.250000   24.750000   clock uncertainty
                                  0.000000   24.750000   clock reconvergence pessimism
                                 -5.000000   19.750000   output external delay
                                             19.750000   data required time
---------------------------------------------------------------------------------------------
                                             19.750000   data required time
                                             -8.443377   data arrival time
---------------------------------------------------------------------------------------------
                                             11.306623   slack (MET)




===========================================================================
report_checks --slack_max -0.01
============================================================================
======================= nom_ss_100C_1v60 Corner ===================================

No paths found.


===========================================================================
 report_check_types -max_slew -max_cap -max_fanout -violators
============================================================================
======================= nom_ss_100C_1v60 Corner ===================================

max fanout

Pin                                   Limit Fanout  Slack
---------------------------------------------------------
clkbuf_0_clk/X                           10     33    -23 (VIOLATED)
_0573_/Y                                 10     19     -9 (VIOLATED)
fanout25/X                               10     19     -9 (VIOLATED)
fanout27/X                               10     17     -7 (VIOLATED)
fanout43/X                               10     13     -3 (VIOLATED)
fanout46/X                               10     13     -3 (VIOLATED)



===========================================================================
report_parasitic_annotation -report_unannotated
============================================================================
Found 106 unannotated drivers.
 en
 gpio_in[14]
 gpio_in[15]
 gpio_in[16]
 gpio_in[17]
 gpio_in[18]
 gpio_in[19]
 gpio_in[20]
 gpio_in[21]
 gpio_in[22]
 gpio_in[23]
 gpio_in[24]
 gpio_in[25]
 gpio_in[26]
 gpio_in[27]
 gpio_in[28]
 gpio_in[29]
 gpio_in[30]
 gpio_in[31]
 gpio_in[32]
 gpio_in[33]
 _0929__131/HI
 _0930__130/HI
 _0946__129/HI
 clkload0/X
 clkload1/Y
 clkload10/Y
 clkload11/Y
 clkload12/X
 clkload13/X
 clkload14/X
 clkload2/Y
 clkload3/Y
 clkload4/X
 clkload5/Y
 clkload6/X
 clkload7/X
 clkload8/X
 clkload9/X
 team_05_100/HI
 team_05_101/HI
 team_05_102/HI
 team_05_103/HI
 team_05_104/HI
 team_05_105/HI
 team_05_106/HI
 team_05_107/HI
 team_05_108/HI
 team_05_109/HI
 team_05_110/HI
 team_05_111/HI
 team_05_112/HI
 team_05_113/HI
 team_05_114/HI
 team_05_115/HI
 team_05_116/HI
 team_05_117/HI
 team_05_118/HI
 team_05_119/HI
 team_05_120/HI
 team_05_121/HI
 team_05_122/HI
 team_05_123/HI
 team_05_124/HI
 team_05_125/HI
 team_05_126/HI
 team_05_127/HI
 team_05_128/HI
 team_05_132/LO
 team_05_63/HI
 team_05_64/HI
 team_05_65/HI
 team_05_66/HI
 team_05_67/HI
 team_05_68/HI
 team_05_69/HI
 team_05_70/HI
 team_05_71/HI
 team_05_72/HI
 team_05_73/HI
 team_05_74/HI
 team_05_75/HI
 team_05_76/HI
 team_05_77/HI
 team_05_78/HI
 team_05_79/HI
 team_05_80/HI
 team_05_81/HI
 team_05_82/HI
 team_05_83/HI
 team_05_84/HI
 team_05_85/HI
 team_05_86/HI
 team_05_87/HI
 team_05_88/HI
 team_05_89/HI
 team_05_90/HI
 team_05_91/HI
 team_05_92/HI
 team_05_93/HI
 team_05_94/HI
 team_05_95/HI
 team_05_96/HI
 team_05_97/HI
 team_05_98/HI
 team_05_99/HI
Found 0 partially unannotated drivers.

===========================================================================
max slew violation count 0
max fanout violation count 6
max cap violation count 0
============================================================================

===========================================================================
check_setup -verbose -unconstrained_endpoints -multiple_clock -no_clock -no_input_delay -loops -generated_clocks
===========================================================================
Warning: There are 70 unconstrained endpoints.
  gpio_oeb[0]
  gpio_oeb[10]
  gpio_oeb[11]
  gpio_oeb[12]
  gpio_oeb[13]
  gpio_oeb[14]
  gpio_oeb[15]
  gpio_oeb[16]
  gpio_oeb[17]
  gpio_oeb[18]
  gpio_oeb[19]
  gpio_oeb[1]
  gpio_oeb[20]
  gpio_oeb[21]
  gpio_oeb[22]
  gpio_oeb[23]
  gpio_oeb[24]
  gpio_oeb[25]
  gpio_oeb[26]
  gpio_oeb[27]
  gpio_oeb[28]
  gpio_oeb[29]
  gpio_oeb[2]
  gpio_oeb[30]
  gpio_oeb[31]
  gpio_oeb[32]
  gpio_oeb[33]
  gpio_oeb[3]
  gpio_oeb[4]
  gpio_oeb[5]
  gpio_oeb[6]
  gpio_oeb[7]
  gpio_oeb[8]
  gpio_oeb[9]
  gpio_out[0]
  gpio_out[10]
  gpio_out[11]
  gpio_out[12]
  gpio_out[13]
  gpio_out[15]
  gpio_out[16]
  gpio_out[17]
  gpio_out[18]
  gpio_out[19]
  gpio_out[1]
  gpio_out[20]
  gpio_out[21]
  gpio_out[22]
  gpio_out[23]
  gpio_out[24]
  gpio_out[25]
  gpio_out[26]
  gpio_out[27]
  gpio_out[28]
  gpio_out[29]
  gpio_out[2]
  gpio_out[30]
  gpio_out[31]
  gpio_out[32]
  gpio_out[33]
  gpio_out[3]
  gpio_out[4]
  gpio_out[5]
  gpio_out[6]
  gpio_out[7]
  gpio_out[8]
  gpio_out[9]
  _0929_/D
  _0930_/D
  _0946_/D
