Clock: clk
Sources: clk 
Generated: no
Virtual: yes
Propagated: no
Period: 25.000000

===========================================================================
report_clock_properties
============================================================================
Clock                   Period          Waveform
----------------------------------------------------
clk                  25.000000    0.000000 12.500000

===========================================================================
report_clock_latency
============================================================================
Clock clk
rise -> rise
    min     max
0.000000 0.000000 source latency
0.817537         network latency _0980_/CLK
        0.838343 network latency _1018_/CLK
---------------
0.817537 0.838343 latency
        0.020805 skew

fall -> fall
    min     max
0.000000 0.000000 source latency
0.727232         network latency _0980_/CLK
        0.744850 network latency _1018_/CLK
---------------
0.727232 0.744850 latency
        0.017618 skew



===========================================================================
report_clock_min_period
============================================================================
clk period_min = 9.21 fmax = 108.54
