122. Printing statistics.

=== ffram ===

   Number of wires:              15343
   Number of wire bits:          15442
   Number of public wires:        4104
   Number of public wire bits:    4203
   Number of ports:                  8
   Number of port bits:            107
   Number of memories:               0
   Number of memory bits:            0
   Number of processes:              0
   Number of cells:              15367
     sky130_fd_sc_hd__a2111o_2      16
     sky130_fd_sc_hd__a211o_2      118
     sky130_fd_sc_hd__a211oi_2      34
     sky130_fd_sc_hd__a21o_2         6
     sky130_fd_sc_hd__a21oi_2        7
     sky130_fd_sc_hd__a221o_2      885
     sky130_fd_sc_hd__a22o_2      1065
     sky130_fd_sc_hd__a31o_2       101
     sky130_fd_sc_hd__a32o_2         1
     sky130_fd_sc_hd__a41o_2         6
     sky130_fd_sc_hd__and2_2       870
     sky130_fd_sc_hd__and2b_2        2
     sky130_fd_sc_hd__and3_2       104
     sky130_fd_sc_hd__and3b_2       12
     sky130_fd_sc_hd__and4_2        38
     sky130_fd_sc_hd__and4b_2       17
     sky130_fd_sc_hd__and4bb_2      20
     sky130_fd_sc_hd__dfxtp_2     4096
     sky130_fd_sc_hd__inv_2          4
     sky130_fd_sc_hd__mux2_1       832
     sky130_fd_sc_hd__nand2_2     2926
     sky130_fd_sc_hd__nand2b_2       3
     sky130_fd_sc_hd__nand3_2        4
     sky130_fd_sc_hd__nand3b_2       3
     sky130_fd_sc_hd__nand4_2       10
     sky130_fd_sc_hd__nand4b_2       4
     sky130_fd_sc_hd__nor2_2       220
     sky130_fd_sc_hd__nor3_2        28
     sky130_fd_sc_hd__nor3b_2        4
     sky130_fd_sc_hd__nor4_2        24
     sky130_fd_sc_hd__nor4b_2       13
     sky130_fd_sc_hd__o2111a_2      22
     sky130_fd_sc_hd__o211a_2     3081
     sky130_fd_sc_hd__o21a_2        11
     sky130_fd_sc_hd__o21ba_2       32
     sky130_fd_sc_hd__o221a_2      128
     sky130_fd_sc_hd__o22a_2         2
     sky130_fd_sc_hd__o31a_2         8
     sky130_fd_sc_hd__o32a_2         1
     sky130_fd_sc_hd__o41a_2         7
     sky130_fd_sc_hd__or2_2        127
     sky130_fd_sc_hd__or3_2        101
     sky130_fd_sc_hd__or3b_2        17
     sky130_fd_sc_hd__or4_2        334
     sky130_fd_sc_hd__or4b_2        15
     sky130_fd_sc_hd__or4bb_2        8

   Chip area for module '\ffram': 187130.723200
     of which used for sequential elements: 87123.558400 (46.56%)

