
===========================================================================
report_checks -unconstrained
===========================================================================
======================= min_tt_025C_1v80 Corner ===================================

Startpoint: nrst (input port clocked by clk)
Endpoint: _1301_ (recovery check against rising-edge clock clk)
Path Group: asynchronous
Path Type: max

Fanout         Cap        Slew       Delay        Time   Description
---------------------------------------------------------------------------------------------
                                  0.000000    0.000000   clock clk (rise edge)
                                  0.000000    0.000000   clock network delay (propagated)
                                  5.000000    5.000000 ^ input external delay
     2    0.004692    0.027941    0.016825    5.016825 ^ nrst (in)
                                                         nrst (net)
                      0.027941    0.000000    5.016825 ^ input6/A (sky130_fd_sc_hd__clkbuf_2)
     7    0.033099    0.182735    0.195644    5.212470 ^ input6/X (sky130_fd_sc_hd__clkbuf_2)
                                                         net6 (net)
                      0.182764    0.001891    5.214361 ^ fanout123/A (sky130_fd_sc_hd__clkbuf_4)
    21    0.066046    0.201303    0.298790    5.513151 ^ fanout123/X (sky130_fd_sc_hd__clkbuf_4)
                                                         net123 (net)
                      0.201317    0.001867    5.515018 ^ fanout122/A (sky130_fd_sc_hd__clkbuf_4)
    10    0.050729    0.158167    0.274325    5.789342 ^ fanout122/X (sky130_fd_sc_hd__clkbuf_4)
                                                         net122 (net)
                      0.158167    0.000162    5.789505 ^ _1301_/RESET_B (sky130_fd_sc_hd__dfrtp_4)
                                              5.789505   data arrival time

                                 25.000000   25.000000   clock clk (rise edge)
                                  0.000000   25.000000   clock source latency
     2    0.024012    0.113555    0.078222   25.078220 ^ clk (in)
                                                         clk (net)
                      0.113558    0.000000   25.078220 ^ clkbuf_0_clk/A (sky130_fd_sc_hd__clkbuf_16)
     4    0.039468    0.059364    0.166654   25.244875 ^ clkbuf_0_clk/X (sky130_fd_sc_hd__clkbuf_16)
                                                         clknet_0_clk (net)
                      0.059365    0.000279   25.245153 ^ clkbuf_2_3__f_clk/A (sky130_fd_sc_hd__clkbuf_16)
    12    0.041273    0.060919    0.148093   25.393248 ^ clkbuf_2_3__f_clk/X (sky130_fd_sc_hd__clkbuf_16)
                                                         clknet_2_3__leaf_clk (net)
                      0.060922    0.000462   25.393709 ^ _1301_/CLK (sky130_fd_sc_hd__dfrtp_4)
                                 -0.250000   25.143709   clock uncertainty
                                  0.000000   25.143709   clock reconvergence pessimism
                                  0.185571   25.329281   library recovery time
                                             25.329281   data required time
---------------------------------------------------------------------------------------------
                                             25.329281   data required time
                                             -5.789505   data arrival time
---------------------------------------------------------------------------------------------
                                             19.539776   slack (MET)


Startpoint: en (input port clocked by clk)
Endpoint: gpio_out[1] (output port clocked by clk)
Path Group: clk
Path Type: max

Fanout         Cap        Slew       Delay        Time   Description
---------------------------------------------------------------------------------------------
                                  0.000000    0.000000   clock clk (rise edge)
                                  0.000000    0.000000   clock network delay (propagated)
                                  5.000000    5.000000 ^ input external delay
     2    0.004145    0.025568    0.015002    5.015002 ^ en (in)
                                                         en (net)
                      0.025568    0.000000    5.015002 ^ input1/A (sky130_fd_sc_hd__clkbuf_2)
    11    0.034122    0.187946    0.198239    5.213241 ^ input1/X (sky130_fd_sc_hd__clkbuf_2)
                                                         net1 (net)
                      0.187996    0.002510    5.215750 ^ _0606_/A (sky130_fd_sc_hd__inv_2)
     7    0.027700    0.088033    0.112599    5.328349 v _0606_/Y (sky130_fd_sc_hd__inv_2)
                                                         net48 (net)
                      0.088062    0.000423    5.328772 v fanout118/A (sky130_fd_sc_hd__buf_2)
    21    0.049970    0.120428    0.225258    5.554030 v fanout118/X (sky130_fd_sc_hd__buf_2)
                                                         net118 (net)
                      0.120444    0.001411    5.555441 v fanout117/A (sky130_fd_sc_hd__buf_2)
    10    0.032711    0.086427    0.210841    5.766282 v fanout117/X (sky130_fd_sc_hd__buf_2)
                                                         net117 (net)
                      0.086427    0.000060    5.766342 v _1232_/B (sky130_fd_sc_hd__or3_1)
     1    0.001875    0.058620    0.341638    6.107980 v _1232_/X (sky130_fd_sc_hd__or3_1)
                                                         _0589_ (net)
                      0.058620    0.000015    6.107995 v _1233_/B (sky130_fd_sc_hd__or4b_1)
     1    0.005075    0.096835    0.520110    6.628105 v _1233_/X (sky130_fd_sc_hd__or4b_1)
                                                         _0590_ (net)
                      0.096835    0.000055    6.628160 v _1234_/A (sky130_fd_sc_hd__inv_2)
     1    0.002158    0.030804    0.054249    6.682409 ^ _1234_/Y (sky130_fd_sc_hd__inv_2)
                                                         net67 (net)
                      0.030804    0.000019    6.682428 ^ output67/A (sky130_fd_sc_hd__buf_2)
     1    0.034119    0.169432    0.192374    6.874802 ^ output67/X (sky130_fd_sc_hd__buf_2)
                                                         gpio_out[1] (net)
                      0.169432    0.000175    6.874977 ^ gpio_out[1] (out)
                                              6.874977   data arrival time

                                 25.000000   25.000000   clock clk (rise edge)
                                  0.000000   25.000000   clock network delay (propagated)
                                 -0.250000   24.750000   clock uncertainty
                                  0.000000   24.750000   clock reconvergence pessimism
                                 -5.000000   19.750000   output external delay
                                             19.750000   data required time
---------------------------------------------------------------------------------------------
                                             19.750000   data required time
                                             -6.874977   data arrival time
---------------------------------------------------------------------------------------------
                                             12.875022   slack (MET)




===========================================================================
report_checks --slack_max -0.01
============================================================================
======================= min_tt_025C_1v80 Corner ===================================

No paths found.


===========================================================================
 report_check_types -max_slew -max_cap -max_fanout -violators
============================================================================
======================= min_tt_025C_1v80 Corner ===================================

max fanout

Pin                                   Limit Fanout  Slack
---------------------------------------------------------
_1005_/X                                 10     21    -11 (VIOLATED)
fanout114/X                              10     21    -11 (VIOLATED)
fanout118/X                              10     21    -11 (VIOLATED)
fanout123/X                              10     21    -11 (VIOLATED)
fanout124/X                              10     21    -11 (VIOLATED)
fanout90/X                               10     21    -11 (VIOLATED)
fanout98/X                               10     21    -11 (VIOLATED)
input12/X                                10     21    -11 (VIOLATED)
input15/X                                10     21    -11 (VIOLATED)
input8/X                                 10     21    -11 (VIOLATED)
input14/X                                10     19     -9 (VIOLATED)
input18/X                                10     19     -9 (VIOLATED)
_0949_/X                                 10     13     -3 (VIOLATED)
_0962_/X                                 10     13     -3 (VIOLATED)
clkbuf_2_3__f_clk/X                      10     12     -2 (VIOLATED)
_0950_/Y                                 10     11        (VIOLATED)
input1/X                                 10     11        (VIOLATED)



===========================================================================
report_parasitic_annotation -report_unannotated
============================================================================
Found 129 unannotated drivers.
 gpio_in[0]
 gpio_in[10]
 gpio_in[11]
 gpio_in[12]
 gpio_in[13]
 gpio_in[14]
 gpio_in[15]
 gpio_in[16]
 gpio_in[17]
 gpio_in[18]
 gpio_in[19]
 gpio_in[1]
 gpio_in[20]
 gpio_in[21]
 gpio_in[22]
 gpio_in[23]
 gpio_in[24]
 gpio_in[25]
 gpio_in[26]
 gpio_in[27]
 gpio_in[28]
 gpio_in[29]
 gpio_in[2]
 gpio_in[30]
 gpio_in[31]
 gpio_in[32]
 gpio_in[33]
 gpio_in[3]
 gpio_in[4]
 gpio_in[5]
 gpio_in[6]
 gpio_in[7]
 gpio_in[8]
 gpio_in[9]
 la_data_in[10]
 la_data_in[11]
 la_data_in[12]
 la_data_in[13]
 la_data_in[14]
 la_data_in[15]
 la_data_in[16]
 la_data_in[17]
 la_data_in[18]
 la_data_in[19]
 la_data_in[20]
 la_data_in[21]
 la_data_in[22]
 la_data_in[23]
 la_data_in[24]
 la_data_in[25]
 la_data_in[26]
 la_data_in[27]
 la_data_in[28]
 la_data_in[29]
 la_data_in[2]
 la_data_in[30]
 la_data_in[31]
 la_data_in[3]
 la_data_in[4]
 la_data_in[5]
 la_data_in[6]
 la_data_in[7]
 la_data_in[8]
 la_data_in[9]
 la_oenb[10]
 la_oenb[11]
 la_oenb[12]
 la_oenb[13]
 la_oenb[14]
 la_oenb[15]
 la_oenb[16]
 la_oenb[17]
 la_oenb[18]
 la_oenb[19]
 la_oenb[20]
 la_oenb[21]
 la_oenb[22]
 la_oenb[23]
 la_oenb[24]
 la_oenb[25]
 la_oenb[26]
 la_oenb[27]
 la_oenb[28]
 la_oenb[29]
 la_oenb[2]
 la_oenb[30]
 la_oenb[31]
 la_oenb[3]
 la_oenb[4]
 la_oenb[5]
 la_oenb[6]
 la_oenb[7]
 la_oenb[8]
 la_oenb[9]
 clkload0/Y
 clkload1/Y
 clkload2/Y
 team_00_126/HI
 team_00_127/HI
 team_00_128/HI
 team_00_129/HI
 team_00_130/HI
 team_00_131/HI
 team_00_132/HI
 team_00_133/HI
 team_00_134/HI
 team_00_135/HI
 team_00_136/HI
 team_00_137/HI
 team_00_138/HI
 team_00_139/HI
 team_00_140/HI
 team_00_141/HI
 team_00_142/HI
 team_00_143/HI
 team_00_144/HI
 team_00_145/HI
 team_00_146/HI
 team_00_147/HI
 team_00_148/HI
 team_00_149/HI
 team_00_150/HI
 team_00_151/HI
 team_00_152/HI
 team_00_153/HI
 team_00_154/HI
 team_00_155/HI
 team_00_156/HI
 team_00_157/HI
Found 0 partially unannotated drivers.

===========================================================================
max slew violation count 0
max fanout violation count 17
max cap violation count 0
============================================================================

===========================================================================
check_setup -verbose -unconstrained_endpoints -multiple_clock -no_clock -no_input_delay -loops -generated_clocks
===========================================================================
Warning: There are 32 unconstrained endpoints.
  la_data_out[0]
  la_data_out[10]
  la_data_out[11]
  la_data_out[12]
  la_data_out[13]
  la_data_out[14]
  la_data_out[15]
  la_data_out[16]
  la_data_out[17]
  la_data_out[18]
  la_data_out[19]
  la_data_out[1]
  la_data_out[20]
  la_data_out[21]
  la_data_out[22]
  la_data_out[23]
  la_data_out[24]
  la_data_out[25]
  la_data_out[26]
  la_data_out[27]
  la_data_out[28]
  la_data_out[29]
  la_data_out[2]
  la_data_out[30]
  la_data_out[31]
  la_data_out[3]
  la_data_out[4]
  la_data_out[5]
  la_data_out[6]
  la_data_out[7]
  la_data_out[8]
  la_data_out[9]
