Clock: clk
Sources: clk 
Generated: no
Virtual: yes
Propagated: no
Period: 25.000000

===========================================================================
report_clock_properties
============================================================================
Clock                   Period          Waveform
----------------------------------------------------
clk                  25.000000    0.000000 12.500000

===========================================================================
report_clock_latency
============================================================================
Clock clk
rise -> rise
    min     max
0.000000 0.000000 source latency
0.388251         network latency _1295_/CLK
        0.393979 network latency _1287_/CLK
---------------
0.388251 0.393979 latency
        0.005728 skew

fall -> fall
    min     max
0.000000 0.000000 source latency
0.353787         network latency _1295_/CLK
        0.358203 network latency _1287_/CLK
---------------
0.353787 0.358203 latency
        0.004416 skew



===========================================================================
report_clock_min_period
============================================================================
clk period_min = 5.20 fmax = 192.37
