Reading OpenROAD database at '/home/ajwey/CI2605_stuff/nebula-iii/openlane/ffram/runs/26_03_04_19_34/23-openroad-globalplacementskipio/ffram.odb'…
Reading library file at '/home/ajwey/CI2605_stuff/nebula-iii/dependencies/pdks/sky130A/libs.ref/sky130_fd_sc_hd/lib/sky130_fd_sc_hd__tt_025C_1v80.lib'…
Reading design constraints file at '/nix/store/svkrfkkpaij5qb9xjbcwfymcd4s8hczv-python3-3.11.9-env/lib/python3.11/site-packages/librelane/scripts/base.sdc'…
[INFO] Using clock clk…
[INFO] Setting output delay to: 5
[INFO] Setting input delay to: 5
[INFO] Setting load to: 0.033442
[INFO] Setting clock uncertainty to: 0.25
[INFO] Setting clock transition to: 0.1499999999999999944488848768742172978818416595458984375
[INFO] Setting timing derate to: 5%
[INFO] place_pins args: -min_distance 3
Found 0 macro blocks.
[INFO PPL-0010] Tentative 0 to set up sections.
[INFO PPL-0001] Number of slots           848
[INFO PPL-0002] Number of I/O             107
[INFO PPL-0003] Number of I/O w/sink      107
[INFO PPL-0004] Number of I/O w/o sink    0
[INFO PPL-0005] Slots per section         200
[INFO PPL-0006] Slots increase factor     0.01
[INFO PPL-0008] Successfully assigned pins to sections.
[INFO PPL-0012] I/O nets HPWL: 24615.11 um.
Setting global connections for newly added cells…
[INFO] Setting global connections...
Updating metrics…
Cell type report:                       Count       Area
  Fill cell                               498    1869.29
  Tap cell                               6651    8321.73
  Inverter                                  4      15.01
  Sequential cell                        4096   87123.56
  Multi-Input combinational cell        11267   99992.15
  Total                                 22516  197321.75
Writing OpenROAD database to '/home/ajwey/CI2605_stuff/nebula-iii/openlane/ffram/runs/26_03_04_19_34/24-openroad-ioplacement/ffram.odb'…
Writing netlist to '/home/ajwey/CI2605_stuff/nebula-iii/openlane/ffram/runs/26_03_04_19_34/24-openroad-ioplacement/ffram.nl.v'…
Writing powered netlist to '/home/ajwey/CI2605_stuff/nebula-iii/openlane/ffram/runs/26_03_04_19_34/24-openroad-ioplacement/ffram.pnl.v'…
Writing layout to '/home/ajwey/CI2605_stuff/nebula-iii/openlane/ffram/runs/26_03_04_19_34/24-openroad-ioplacement/ffram.def'…
Writing timing constraints to '/home/ajwey/CI2605_stuff/nebula-iii/openlane/ffram/runs/26_03_04_19_34/24-openroad-ioplacement/ffram.sdc'…
