
===========================================================================
report_checks -unconstrained
===========================================================================
======================= max_ff_n40C_1v95 Corner ===================================

Startpoint: nrst (input port clocked by clk)
Endpoint: _1616_ (recovery check against rising-edge clock clk)
Path Group: asynchronous
Path Type: max

Fanout         Cap        Slew       Delay        Time   Description
---------------------------------------------------------------------------------------------
                                  0.000000    0.000000   clock clk (rise edge)
                                  0.000000    0.000000   clock network delay (propagated)
                                  5.000000    5.000000 ^ input external delay
     2    0.003983    0.018139    0.010388    5.010388 ^ nrst (in)
                                                         nrst (net)
                      0.018140    0.000000    5.010388 ^ input5/A (sky130_fd_sc_hd__buf_1)
     7    0.028266    0.248648    0.196534    5.206922 ^ input5/X (sky130_fd_sc_hd__buf_1)
                                                         net5 (net)
                      0.248675    0.002173    5.209095 ^ fanout47/A (sky130_fd_sc_hd__buf_2)
    17    0.057422    0.210967    0.225924    5.435019 ^ fanout47/X (sky130_fd_sc_hd__buf_2)
                                                         net47 (net)
                      0.211024    0.002911    5.437931 ^ fanout46/A (sky130_fd_sc_hd__clkbuf_4)
    10    0.048717    0.116800    0.186548    5.624478 ^ fanout46/X (sky130_fd_sc_hd__clkbuf_4)
                                                         net46 (net)
                      0.117152    0.005191    5.629669 ^ _1616_/RESET_B (sky130_fd_sc_hd__dfrtp_4)
                                              5.629669   data arrival time

                                 25.000000   25.000000   clock clk (rise edge)
                                  0.000000   25.000000   clock source latency
     2    0.019438    0.069847    0.047830   25.047829 ^ clk (in)
                                                         clk (net)
                      0.069859    0.000000   25.047829 ^ clkbuf_0_clk/A (sky130_fd_sc_hd__clkbuf_16)
    17    0.103717    0.093036    0.134648   25.182478 ^ clkbuf_0_clk/X (sky130_fd_sc_hd__clkbuf_16)
                                                         clknet_0_clk (net)
                      0.095580    0.012090   25.194567 ^ clkbuf_3_4__f_clk/A (sky130_fd_sc_hd__clkbuf_16)
     9    0.035094    0.042232    0.111632   25.306198 ^ clkbuf_3_4__f_clk/X (sky130_fd_sc_hd__clkbuf_16)
                                                         clknet_3_4__leaf_clk (net)
                      0.042291    0.001469   25.307669 ^ _1616_/CLK (sky130_fd_sc_hd__dfrtp_4)
                                 -0.250000   25.057669   clock uncertainty
                                  0.000000   25.057669   clock reconvergence pessimism
                                  0.105745   25.163414   library recovery time
                                             25.163414   data required time
---------------------------------------------------------------------------------------------
                                             25.163414   data required time
                                             -5.629669   data arrival time
---------------------------------------------------------------------------------------------
                                             19.533745   slack (MET)


Startpoint: _1628_ (rising edge-triggered flip-flop clocked by clk)
Endpoint: _1624_ (rising edge-triggered flip-flop clocked by clk)
Path Group: clk
Path Type: max

Fanout         Cap        Slew       Delay        Time   Description
---------------------------------------------------------------------------------------------
                                  0.000000    0.000000   clock clk (rise edge)
                                  0.000000    0.000000   clock source latency
     2    0.019438    0.069847    0.047830    0.047830 ^ clk (in)
                                                         clk (net)
                      0.069859    0.000000    0.047830 ^ clkbuf_0_clk/A (sky130_fd_sc_hd__clkbuf_16)
    17    0.103717    0.093036    0.134649    0.182479 ^ clkbuf_0_clk/X (sky130_fd_sc_hd__clkbuf_16)
                                                         clknet_0_clk (net)
                      0.097734    0.016325    0.198804 ^ clkbuf_3_3__f_clk/A (sky130_fd_sc_hd__clkbuf_16)
    12    0.040310    0.045758    0.114857    0.313661 ^ clkbuf_3_3__f_clk/X (sky130_fd_sc_hd__clkbuf_16)
                                                         clknet_3_3__leaf_clk (net)
                      0.045866    0.001266    0.314926 ^ _1628_/CLK (sky130_fd_sc_hd__dfrtp_1)
     2    0.010512    0.051851    0.253807    0.568734 v _1628_/Q (sky130_fd_sc_hd__dfrtp_1)
                                                         STOPWATCH_INST.clock_div.cycles[21] (net)
                      0.051859    0.000649    0.569383 v fanout39/A (sky130_fd_sc_hd__buf_6)
     9    0.027630    0.028674    0.095580    0.664963 v fanout39/X (sky130_fd_sc_hd__buf_6)
                                                         net39 (net)
                      0.028941    0.001899    0.666863 v _0922_/B (sky130_fd_sc_hd__or4bb_4)
     3    0.009865    0.065494    0.314773    0.981636 v _0922_/X (sky130_fd_sc_hd__or4bb_4)
                                                         _0166_ (net)
                      0.065494    0.000544    0.982180 v _0955_/B1_N (sky130_fd_sc_hd__o21bai_4)
     2    0.008068    0.033442    0.110957    1.093138 v _0955_/Y (sky130_fd_sc_hd__o21bai_4)
                                                         _0192_ (net)
                      0.033444    0.000487    1.093625 v _0957_/A2 (sky130_fd_sc_hd__a21o_4)
     7    0.039078    0.054544    0.168068    1.261692 v _0957_/X (sky130_fd_sc_hd__a21o_4)
                                                         _0194_ (net)
                      0.054699    0.002507    1.264200 v _0960_/A2 (sky130_fd_sc_hd__a21oi_2)
     3    0.014415    0.143734    0.155496    1.419695 ^ _0960_/Y (sky130_fd_sc_hd__a21oi_2)
                                                         _0197_ (net)
                      0.143738    0.000647    1.420342 ^ _0973_/B (sky130_fd_sc_hd__nor3_1)
     3    0.015358    0.073940    0.082182    1.502525 v _0973_/Y (sky130_fd_sc_hd__nor3_1)
                                                         _0210_ (net)
                      0.073953    0.000746    1.503271 v _0977_/A1 (sky130_fd_sc_hd__o31a_1)
     3    0.011703    0.060495    0.224521    1.727791 v _0977_/X (sky130_fd_sc_hd__o31a_1)
                                                         _0214_ (net)
                      0.060503    0.000693    1.728485 v _0987_/A1 (sky130_fd_sc_hd__o2111a_1)
     3    0.011533    0.057767    0.195175    1.923660 v _0987_/X (sky130_fd_sc_hd__o2111a_1)
                                                         _0224_ (net)
                      0.057771    0.000523    1.924183 v _1008_/B (sky130_fd_sc_hd__or3_4)
     5    0.021531    0.065130    0.254383    2.178566 v _1008_/X (sky130_fd_sc_hd__or3_4)
                                                         _0245_ (net)
                      0.065130    0.000814    2.179380 v _1011_/A (sky130_fd_sc_hd__and2_4)
     5    0.021463    0.037155    0.118256    2.297636 v _1011_/X (sky130_fd_sc_hd__and2_4)
                                                         _0248_ (net)
                      0.037370    0.002349    2.299984 v rebuffer33/A (sky130_fd_sc_hd__buf_6)
     1    0.016266    0.022865    0.081753    2.381737 v rebuffer33/X (sky130_fd_sc_hd__buf_6)
                                                         net141 (net)
                      0.022960    0.001251    2.382988 v _1016_/A (sky130_fd_sc_hd__xnor2_4)
     2    0.007482    0.096453    0.109809    2.492798 ^ _1016_/Y (sky130_fd_sc_hd__xnor2_4)
                                                         _0253_ (net)
                      0.096453    0.000468    2.493265 ^ _1040_/A2 (sky130_fd_sc_hd__o211a_4)
     4    0.025280    0.068848    0.130459    2.623724 ^ _1040_/X (sky130_fd_sc_hd__o211a_4)
                                                         _0277_ (net)
                      0.069019    0.002391    2.626115 ^ _1047_/B (sky130_fd_sc_hd__nand4_4)
     2    0.008466    0.072541    0.058884    2.685000 v _1047_/Y (sky130_fd_sc_hd__nand4_4)
                                                         _0284_ (net)
                      0.072542    0.000393    2.685393 v _1056_/A2 (sky130_fd_sc_hd__a311o_1)
     2    0.007160    0.054899    0.221802    2.907195 v _1056_/X (sky130_fd_sc_hd__a311o_1)
                                                         _0293_ (net)
                      0.054900    0.000410    2.907605 v _1066_/A2 (sky130_fd_sc_hd__a21bo_1)
     2    0.016572    0.064154    0.167573    3.075177 v _1066_/X (sky130_fd_sc_hd__a21bo_1)
                                                         _0303_ (net)
                      0.064204    0.001619    3.076797 v fanout25/A (sky130_fd_sc_hd__buf_6)
     5    0.022042    0.026448    0.097600    3.174397 v fanout25/X (sky130_fd_sc_hd__buf_6)
                                                         net25 (net)
                      0.026566    0.001496    3.175893 v _1096_/A2 (sky130_fd_sc_hd__a211o_1)
     1    0.008916    0.054589    0.200563    3.376456 v _1096_/X (sky130_fd_sc_hd__a211o_1)
                                                         _0333_ (net)
                      0.054593    0.000511    3.376967 v _1097_/B (sky130_fd_sc_hd__xor2_2)
     5    0.019534    0.093942    0.123334    3.500302 v _1097_/X (sky130_fd_sc_hd__xor2_2)
                                                         _0334_ (net)
                      0.093976    0.001445    3.501747 v _1114_/A_N (sky130_fd_sc_hd__nand4b_4)
     1    0.002765    0.064541    0.124571    3.626317 v _1114_/Y (sky130_fd_sc_hd__nand4b_4)
                                                         _0351_ (net)
                      0.064541    0.000195    3.626512 v _1115_/A1 (sky130_fd_sc_hd__o41a_1)
     3    0.012248    0.074762    0.300331    3.926843 v _1115_/X (sky130_fd_sc_hd__o41a_1)
                                                         _0352_ (net)
                      0.074765    0.000592    3.927435 v _1126_/A2 (sky130_fd_sc_hd__a21o_1)
     4    0.010699    0.046397    0.151088    4.078523 v _1126_/X (sky130_fd_sc_hd__a21o_1)
                                                         _0363_ (net)
                      0.046402    0.000511    4.079034 v _1133_/A (sky130_fd_sc_hd__and4_1)
     2    0.006184    0.038333    0.106875    4.185910 v _1133_/X (sky130_fd_sc_hd__and4_1)
                                                         _0370_ (net)
                      0.038336    0.000400    4.186310 v _1135_/B (sky130_fd_sc_hd__or3_4)
     4    0.013163    0.055439    0.234222    4.420532 v _1135_/X (sky130_fd_sc_hd__or3_4)
                                                         _0372_ (net)
                      0.055439    0.001088    4.421619 v _1150_/A1 (sky130_fd_sc_hd__a31o_4)
     4    0.011578    0.033852    0.153986    4.575605 v _1150_/X (sky130_fd_sc_hd__a31o_4)
                                                         _0387_ (net)
                      0.033856    0.000595    4.576200 v _1160_/A2 (sky130_fd_sc_hd__a21o_1)
     4    0.014684    0.057464    0.146233    4.722434 v _1160_/X (sky130_fd_sc_hd__a21o_1)
                                                         _0397_ (net)
                      0.057475    0.000793    4.723227 v _1173_/A2 (sky130_fd_sc_hd__a2111o_1)
     3    0.007410    0.057606    0.272975    4.996202 v _1173_/X (sky130_fd_sc_hd__a2111o_1)
                                                         _0410_ (net)
                      0.057608    0.000425    4.996627 v _1180_/A1 (sky130_fd_sc_hd__a311o_1)
     3    0.015859    0.081494    0.214011    5.210638 v _1180_/X (sky130_fd_sc_hd__a311o_1)
                                                         _0417_ (net)
                      0.081498    0.000643    5.211281 v fanout23/A (sky130_fd_sc_hd__buf_6)
     6    0.034281    0.032526    0.111366    5.322647 v fanout23/X (sky130_fd_sc_hd__buf_6)
                                                         net23 (net)
                      0.032640    0.001001    5.323648 v fanout22/A (sky130_fd_sc_hd__buf_8)
     5    0.020800    0.023506    0.081652    5.405300 v fanout22/X (sky130_fd_sc_hd__buf_8)
                                                         net22 (net)
                      0.023685    0.001383    5.406684 v _1188_/B (sky130_fd_sc_hd__and3_1)
     3    0.010644    0.049475    0.123817    5.530501 v _1188_/X (sky130_fd_sc_hd__and3_1)
                                                         _0425_ (net)
                      0.049479    0.000500    5.531001 v _1197_/A (sky130_fd_sc_hd__or3b_4)
     2    0.006169    0.049161    0.245087    5.776088 v _1197_/X (sky130_fd_sc_hd__or3b_4)
                                                         _0434_ (net)
                      0.049162    0.000387    5.776475 v _1208_/C (sky130_fd_sc_hd__or4b_4)
     2    0.005013    0.058754    0.288578    6.065053 v _1208_/X (sky130_fd_sc_hd__or4b_4)
                                                         _0445_ (net)
                      0.058755    0.000342    6.065394 v _1234_/A (sky130_fd_sc_hd__or4b_4)
     2    0.007095    0.061758    0.331261    6.396656 v _1234_/X (sky130_fd_sc_hd__or4b_4)
                                                         _0471_ (net)
                      0.061759    0.000407    6.397062 v _1240_/A1 (sky130_fd_sc_hd__a32o_2)
     4    0.024797    0.060394    0.167680    6.564742 v _1240_/X (sky130_fd_sc_hd__a32o_2)
                                                         _0477_ (net)
                      0.060453    0.001703    6.566445 v fanout19/A (sky130_fd_sc_hd__buf_8)
     5    0.025705    0.025850    0.096035    6.662480 v fanout19/X (sky130_fd_sc_hd__buf_8)
                                                         net19 (net)
                      0.026206    0.002167    6.664646 v _1241_/B (sky130_fd_sc_hd__and2_1)
     4    0.017242    0.066496    0.133919    6.798565 v _1241_/X (sky130_fd_sc_hd__and2_1)
                                                         _0478_ (net)
                      0.066513    0.001024    6.799589 v _1273_/B (sky130_fd_sc_hd__xnor2_2)
     6    0.028646    0.289345    0.243845    7.043434 ^ _1273_/Y (sky130_fd_sc_hd__xnor2_2)
                                                         _0510_ (net)
                      0.289367    0.002078    7.045512 ^ _1277_/A2 (sky130_fd_sc_hd__o211a_1)
     3    0.007760    0.059297    0.116700    7.162213 ^ _1277_/X (sky130_fd_sc_hd__o211a_1)
                                                         _0514_ (net)
                      0.059299    0.000410    7.162623 ^ _1282_/A2 (sky130_fd_sc_hd__a31o_2)
     4    0.026054    0.117915    0.155672    7.318295 ^ _1282_/X (sky130_fd_sc_hd__a31o_2)
                                                         _0519_ (net)
                      0.118003    0.002616    7.320910 ^ _1288_/B2 (sky130_fd_sc_hd__a221oi_4)
     3    0.016646    0.063348    0.061396    7.382306 v _1288_/Y (sky130_fd_sc_hd__a221oi_4)
                                                         _0525_ (net)
                      0.063352    0.001005    7.383311 v _1297_/A3 (sky130_fd_sc_hd__o31ai_4)
     4    0.019201    0.222028    0.199031    7.582343 ^ _1297_/Y (sky130_fd_sc_hd__o31ai_4)
                                                         _0534_ (net)
                      0.222029    0.000592    7.582934 ^ fanout18/A (sky130_fd_sc_hd__buf_6)
     6    0.037994    0.064770    0.107714    7.690649 ^ fanout18/X (sky130_fd_sc_hd__buf_6)
                                                         net18 (net)
                      0.064889    0.002241    7.692889 ^ clone42/A (sky130_fd_sc_hd__clkbuf_1)
     5    0.019461    0.173514    0.154640    7.847529 ^ clone42/X (sky130_fd_sc_hd__clkbuf_1)
                                                         net150 (net)
                      0.173522    0.001028    7.848557 ^ _1341_/B (sky130_fd_sc_hd__nand3b_1)
     2    0.006736    0.067960    0.072260    7.920816 v _1341_/Y (sky130_fd_sc_hd__nand3b_1)
                                                         _0578_ (net)
                      0.067963    0.000374    7.921190 v _1348_/A1 (sky130_fd_sc_hd__a2111o_1)
     1    0.004426    0.047190    0.233309    8.154499 v _1348_/X (sky130_fd_sc_hd__a2111o_1)
                                                         _0585_ (net)
                      0.047190    0.000283    8.154783 v _1349_/C (sky130_fd_sc_hd__or4_4)
     1    0.010307    0.065579    0.298009    8.452791 v _1349_/X (sky130_fd_sc_hd__or4_4)
                                                         _0586_ (net)
                      0.065579    0.000782    8.453574 v _1350_/A1 (sky130_fd_sc_hd__o32ai_4)
     3    0.024350    0.250275    0.264690    8.718264 ^ _1350_/Y (sky130_fd_sc_hd__o32ai_4)
                                                         _0587_ (net)
                      0.250276    0.001154    8.719418 ^ _1353_/A1 (sky130_fd_sc_hd__o21ai_4)
     5    0.026066    0.080446    0.072594    8.792012 v _1353_/Y (sky130_fd_sc_hd__o21ai_4)
                                                         _0590_ (net)
                      0.080591    0.002762    8.794774 v _1357_/A1 (sky130_fd_sc_hd__a21oi_2)
     4    0.020090    0.190787    0.193662    8.988436 ^ _1357_/Y (sky130_fd_sc_hd__a21oi_2)
                                                         _0594_ (net)
                      0.190797    0.001106    8.989542 ^ _1362_/B (sky130_fd_sc_hd__xor2_2)
     2    0.008793    0.115391    0.113602    9.103144 ^ _1362_/X (sky130_fd_sc_hd__xor2_2)
                                                         _0599_ (net)
                      0.115392    0.000513    9.103657 ^ _1370_/A1 (sky130_fd_sc_hd__a31o_4)
     4    0.023521    0.066143    0.126560    9.230217 ^ _1370_/X (sky130_fd_sc_hd__a31o_4)
                                                         _0607_ (net)
                      0.066282    0.002066    9.232283 ^ _1384_/A2 (sky130_fd_sc_hd__a21oi_4)
     6    0.020290    0.047908    0.050528    9.282811 v _1384_/Y (sky130_fd_sc_hd__a21oi_4)
                                                         _0621_ (net)
                      0.047948    0.001079    9.283891 v _1404_/A2 (sky130_fd_sc_hd__a211o_4)
     4    0.017734    0.050637    0.229573    9.513463 v _1404_/X (sky130_fd_sc_hd__a211o_4)
                                                         _0641_ (net)
                      0.050655    0.000891    9.514354 v rebuffer17/A (sky130_fd_sc_hd__buf_6)
     1    0.008331    0.018071    0.081528    9.595881 v rebuffer17/X (sky130_fd_sc_hd__buf_6)
                                                         net125 (net)
                      0.018074    0.000633    9.596515 v _1418_/A3 (sky130_fd_sc_hd__o31ai_4)
     5    0.023888    0.252579    0.211186    9.807701 ^ _1418_/Y (sky130_fd_sc_hd__o31ai_4)
                                                         _0655_ (net)
                      0.252582    0.001138    9.808839 ^ fanout16/A (sky130_fd_sc_hd__buf_6)
     5    0.018029    0.039132    0.088980    9.897819 ^ fanout16/X (sky130_fd_sc_hd__buf_6)
                                                         net16 (net)
                      0.039166    0.001051    9.898870 ^ _1494_/A2 (sky130_fd_sc_hd__a31o_1)
     1    0.004463    0.042314    0.086769    9.985639 ^ _1494_/X (sky130_fd_sc_hd__a31o_1)
                                                         _0721_ (net)
                      0.042316    0.000346    9.985984 ^ _1496_/C_N (sky130_fd_sc_hd__or3b_4)
     1    0.003231    0.044707    0.218380   10.204364 v _1496_/X (sky130_fd_sc_hd__or3b_4)
                                                         _0723_ (net)
                      0.044708    0.000213   10.204577 v _1500_/A1 (sky130_fd_sc_hd__a32o_1)
     1    0.003310    0.029074    0.115506   10.320083 v _1500_/X (sky130_fd_sc_hd__a32o_1)
                                                         _0042_ (net)
                      0.029074    0.000209   10.320292 v _1624_/D (sky130_fd_sc_hd__dfrtp_4)
                                             10.320292   data arrival time

                                 25.000000   25.000000   clock clk (rise edge)
                                  0.000000   25.000000   clock source latency
     2    0.019438    0.069847    0.047830   25.047829 ^ clk (in)
                                                         clk (net)
                      0.069859    0.000000   25.047829 ^ clkbuf_0_clk/A (sky130_fd_sc_hd__clkbuf_16)
    17    0.103717    0.093036    0.134648   25.182478 ^ clkbuf_0_clk/X (sky130_fd_sc_hd__clkbuf_16)
                                                         clknet_0_clk (net)
                      0.093981    0.007601   25.190079 ^ clkbuf_3_7__f_clk/A (sky130_fd_sc_hd__clkbuf_16)
     7    0.032877    0.040523    0.109461   25.299540 ^ clkbuf_3_7__f_clk/X (sky130_fd_sc_hd__clkbuf_16)
                                                         clknet_3_7__leaf_clk (net)
                      0.040767    0.002428   25.301968 ^ _1624_/CLK (sky130_fd_sc_hd__dfrtp_4)
                                 -0.250000   25.051968   clock uncertainty
                                  0.000000   25.051968   clock reconvergence pessimism
                                 -0.070630   24.981339   library setup time
                                             24.981339   data required time
---------------------------------------------------------------------------------------------
                                             24.981339   data required time
                                            -10.320292   data arrival time
---------------------------------------------------------------------------------------------
                                             14.661047   slack (MET)




===========================================================================
report_checks --slack_max -0.01
============================================================================
======================= max_ff_n40C_1v95 Corner ===================================

No paths found.


===========================================================================
 report_check_types -max_slew -max_cap -max_fanout -violators
============================================================================
======================= max_ff_n40C_1v95 Corner ===================================

max fanout

Pin                                   Limit Fanout  Slack
---------------------------------------------------------
_1614_/Q                                 10     21    -11 (VIOLATED)
_1615_/Q                                 10     21    -11 (VIOLATED)
fanout32/X                               10     21    -11 (VIOLATED)
fanout38/X                               10     21    -11 (VIOLATED)
fanout42/X                               10     21    -11 (VIOLATED)
fanout49/X                               10     21    -11 (VIOLATED)
clkbuf_0_clk/X                           10     17     -7 (VIOLATED)
fanout47/X                               10     17     -7 (VIOLATED)
_0854_/X                                 10     13     -3 (VIOLATED)
clkbuf_3_1__f_clk/X                      10     12     -2 (VIOLATED)
clkbuf_3_2__f_clk/X                      10     12     -2 (VIOLATED)
clkbuf_3_3__f_clk/X                      10     12     -2 (VIOLATED)
_0782_/Y                                 10     11        (VIOLATED)
clkbuf_3_5__f_clk/X                      10     11        (VIOLATED)



===========================================================================
report_parasitic_annotation -report_unannotated
============================================================================
Found 97 unannotated drivers.
 en
 gpio_in[10]
 gpio_in[11]
 gpio_in[12]
 gpio_in[13]
 gpio_in[14]
 gpio_in[15]
 gpio_in[16]
 gpio_in[17]
 gpio_in[18]
 gpio_in[19]
 gpio_in[20]
 gpio_in[21]
 gpio_in[22]
 gpio_in[23]
 gpio_in[24]
 gpio_in[25]
 gpio_in[26]
 gpio_in[27]
 gpio_in[28]
 gpio_in[29]
 gpio_in[30]
 gpio_in[31]
 gpio_in[32]
 gpio_in[33]
 gpio_in[4]
 gpio_in[5]
 gpio_in[6]
 gpio_in[7]
 gpio_in[8]
 gpio_in[9]
 clkload0/Y
 clkload1/X
 clkload2/X
 clkload3/Y
 clkload4/Y
 clkload5/Y
 clkload6/Y
 team_04_100/LO
 team_04_101/LO
 team_04_102/LO
 team_04_103/LO
 team_04_104/LO
 team_04_105/LO
 team_04_106/LO
 team_04_107/LO
 team_04_108/LO
 team_04_50/HI
 team_04_51/HI
 team_04_52/HI
 team_04_53/HI
 team_04_54/HI
 team_04_55/HI
 team_04_56/HI
 team_04_57/HI
 team_04_58/HI
 team_04_59/HI
 team_04_60/HI
 team_04_61/HI
 team_04_62/HI
 team_04_63/HI
 team_04_64/HI
 team_04_65/HI
 team_04_66/HI
 team_04_67/HI
 team_04_68/HI
 team_04_69/HI
 team_04_70/HI
 team_04_71/HI
 team_04_72/HI
 team_04_73/HI
 team_04_74/HI
 team_04_75/HI
 team_04_76/HI
 team_04_77/HI
 team_04_78/HI
 team_04_79/HI
 team_04_80/HI
 team_04_81/HI
 team_04_82/HI
 team_04_83/HI
 team_04_84/HI
 team_04_85/HI
 team_04_86/HI
 team_04_87/HI
 team_04_88/HI
 team_04_89/HI
 team_04_90/HI
 team_04_91/HI
 team_04_92/HI
 team_04_93/HI
 team_04_94/LO
 team_04_95/LO
 team_04_96/LO
 team_04_97/LO
 team_04_98/LO
 team_04_99/LO
Found 0 partially unannotated drivers.

===========================================================================
max slew violation count 0
max fanout violation count 14
max cap violation count 0
============================================================================

===========================================================================
check_setup -verbose -unconstrained_endpoints -multiple_clock -no_clock -no_input_delay -loops -generated_clocks
===========================================================================
Warning: There are 59 unconstrained endpoints.
  gpio_oeb[0]
  gpio_oeb[10]
  gpio_oeb[11]
  gpio_oeb[12]
  gpio_oeb[13]
  gpio_oeb[14]
  gpio_oeb[15]
  gpio_oeb[16]
  gpio_oeb[17]
  gpio_oeb[18]
  gpio_oeb[19]
  gpio_oeb[1]
  gpio_oeb[20]
  gpio_oeb[21]
  gpio_oeb[22]
  gpio_oeb[23]
  gpio_oeb[24]
  gpio_oeb[25]
  gpio_oeb[26]
  gpio_oeb[27]
  gpio_oeb[28]
  gpio_oeb[29]
  gpio_oeb[2]
  gpio_oeb[30]
  gpio_oeb[31]
  gpio_oeb[32]
  gpio_oeb[33]
  gpio_oeb[3]
  gpio_oeb[4]
  gpio_oeb[5]
  gpio_oeb[6]
  gpio_oeb[7]
  gpio_oeb[8]
  gpio_oeb[9]
  gpio_out[0]
  gpio_out[15]
  gpio_out[16]
  gpio_out[17]
  gpio_out[18]
  gpio_out[19]
  gpio_out[1]
  gpio_out[20]
  gpio_out[21]
  gpio_out[22]
  gpio_out[23]
  gpio_out[24]
  gpio_out[25]
  gpio_out[26]
  gpio_out[27]
  gpio_out[28]
  gpio_out[29]
  gpio_out[2]
  gpio_out[30]
  gpio_out[31]
  gpio_out[32]
  gpio_out[33]
  gpio_out[3]
  gpio_out[6]
  gpio_out[7]
