Clock: clk
Sources: clk 
Generated: no
Virtual: yes
Propagated: no
Period: 25.000000

===========================================================================
report_clock_properties
============================================================================
Clock                   Period          Waveform
----------------------------------------------------
clk                  25.000000    0.000000 12.500000

===========================================================================
report_clock_latency
============================================================================
Clock clk
rise -> rise
    min     max
0.000000 0.000000 source latency
0.301969         network latency _1624_/CLK
        0.317847 network latency _1637_/CLK
---------------
0.301969 0.317847 latency
        0.015878 skew

fall -> fall
    min     max
0.000000 0.000000 source latency
0.268479         network latency _1624_/CLK
        0.283753 network latency _1637_/CLK
---------------
0.268479 0.283753 latency
        0.015273 skew



===========================================================================
report_clock_min_period
============================================================================
clk period_min = 10.34 fmax = 96.72
