Reading OpenROAD database at '/home/ajwey/CI2605_stuff/nebula-iii/openlane/ffram/runs/26_03_04_21_10/17-openroad-cutrows/ffram.odb'…
Reading library file at '/home/ajwey/CI2605_stuff/nebula-iii/dependencies/pdks/sky130A/libs.ref/sky130_fd_sc_hd/lib/sky130_fd_sc_hd__tt_025C_1v80.lib'…
Reading design constraints file at '/nix/store/svkrfkkpaij5qb9xjbcwfymcd4s8hczv-python3-3.11.9-env/lib/python3.11/site-packages/librelane/scripts/base.sdc'…
[INFO] Using clock clk…
[INFO] Setting output delay to: 5
[INFO] Setting input delay to: 5
[INFO] Setting load to: 0.033442
[INFO] Setting clock uncertainty to: 0.25
[INFO] Setting clock transition to: 0.1499999999999999944488848768742172978818416595458984375
[INFO] Setting timing derate to: 5%
[INFO TAP-0004] Inserted 498 endcaps.
[INFO TAP-0005] Inserted 6651 tapcells.
Setting global connections for newly added cells…
[INFO] Setting global connections...
Updating metrics…
Cell type report:                       Count       Area
  Fill cell                               498    1869.29
  Tap cell                               6651    8321.73
  Inverter                                  4      15.01
  Sequential cell                        4096   87123.56
  Multi-Input combinational cell        11267   99992.15
  Total                                 22516  197321.75
Writing OpenROAD database to '/home/ajwey/CI2605_stuff/nebula-iii/openlane/ffram/runs/26_03_04_21_10/18-openroad-tapendcapinsertion/ffram.odb'…
Writing netlist to '/home/ajwey/CI2605_stuff/nebula-iii/openlane/ffram/runs/26_03_04_21_10/18-openroad-tapendcapinsertion/ffram.nl.v'…
Writing powered netlist to '/home/ajwey/CI2605_stuff/nebula-iii/openlane/ffram/runs/26_03_04_21_10/18-openroad-tapendcapinsertion/ffram.pnl.v'…
Writing layout to '/home/ajwey/CI2605_stuff/nebula-iii/openlane/ffram/runs/26_03_04_21_10/18-openroad-tapendcapinsertion/ffram.def'…
Writing timing constraints to '/home/ajwey/CI2605_stuff/nebula-iii/openlane/ffram/runs/26_03_04_21_10/18-openroad-tapendcapinsertion/ffram.sdc'…
