Clock: clk
Sources: clk 
Generated: no
Virtual: yes
Propagated: no
Period: 25.000000

===========================================================================
report_clock_properties
============================================================================
Clock                   Period          Waveform
----------------------------------------------------
clk                  25.000000    0.000000 12.500000

===========================================================================
report_clock_latency
============================================================================
Clock clk
rise -> rise
    min     max
0.000000 0.000000 source latency
0.441559         network latency _1294_/CLK
        0.464944 network latency _1305_/CLK
---------------
0.441559 0.464944 latency
        0.023385 skew

fall -> fall
    min     max
0.000000 0.000000 source latency
0.388817         network latency _1294_/CLK
        0.406461 network latency _1305_/CLK
---------------
0.388817 0.406461 latency
        0.017644 skew



===========================================================================
report_clock_min_period
============================================================================
clk period_min = 5.41 fmax = 184.73
