
15. Executing PROC_DLATCH pass (convert process syncs to latches).
No latch inferred for signal `\ffram.\d_out' from process `\ffram.$proc$/home/ajwey/CI2605_stuff/nebula-iii/verilog/rtl/ffram/ffram.sv:0$5'.
No latch inferred for signal `\ffram.\i2' from process `\ffram.$proc$/home/ajwey/CI2605_stuff/nebula-iii/verilog/rtl/ffram/ffram.sv:0$5'.
No latch inferred for signal `\ffram.\i3' from process `\ffram.$proc$/home/ajwey/CI2605_stuff/nebula-iii/verilog/rtl/ffram/ffram.sv:0$5'.
No latch inferred for signal `\ffram.\mstate_n[0]' from process `\ffram.$proc$/home/ajwey/CI2605_stuff/nebula-iii/verilog/rtl/ffram/ffram.sv:0$5'.
No latch inferred for signal `\ffram.\mstate_n[1]' from process `\ffram.$proc$/home/ajwey/CI2605_stuff/nebula-iii/verilog/rtl/ffram/ffram.sv:0$5'.
No latch inferred for signal `\ffram.\mstate_n[2]' from process `\ffram.$proc$/home/ajwey/CI2605_stuff/nebula-iii/verilog/rtl/ffram/ffram.sv:0$5'.
No latch inferred for signal `\ffram.\mstate_n[3]' from process `\ffram.$proc$/home/ajwey/CI2605_stuff/nebula-iii/verilog/rtl/ffram/ffram.sv:0$5'.
No latch inferred for signal `\ffram.\mstate_n[4]' from process `\ffram.$proc$/home/ajwey/CI2605_stuff/nebula-iii/verilog/rtl/ffram/ffram.sv:0$5'.
No latch inferred for signal `\ffram.\mstate_n[5]' from process `\ffram.$proc$/home/ajwey/CI2605_stuff/nebula-iii/verilog/rtl/ffram/ffram.sv:0$5'.
No latch inferred for signal `\ffram.\mstate_n[6]' from process `\ffram.$proc$/home/ajwey/CI2605_stuff/nebula-iii/verilog/rtl/ffram/ffram.sv:0$5'.
No latch inferred for signal `\ffram.\mstate_n[7]' from process `\ffram.$proc$/home/ajwey/CI2605_stuff/nebula-iii/verilog/rtl/ffram/ffram.sv:0$5'.
No latch inferred for signal `\ffram.\mstate_n[8]' from process `\ffram.$proc$/home/ajwey/CI2605_stuff/nebula-iii/verilog/rtl/ffram/ffram.sv:0$5'.
No latch inferred for signal `\ffram.\mstate_n[9]' from process `\ffram.$proc$/home/ajwey/CI2605_stuff/nebula-iii/verilog/rtl/ffram/ffram.sv:0$5'.
No latch inferred for signal `\ffram.\mstate_n[10]' from process `\ffram.$proc$/home/ajwey/CI2605_stuff/nebula-iii/verilog/rtl/ffram/ffram.sv:0$5'.
No latch inferred for signal `\ffram.\mstate_n[11]' from process `\ffram.$proc$/home/ajwey/CI2605_stuff/nebula-iii/verilog/rtl/ffram/ffram.sv:0$5'.
No latch inferred for signal `\ffram.\mstate_n[12]' from process `\ffram.$proc$/home/ajwey/CI2605_stuff/nebula-iii/verilog/rtl/ffram/ffram.sv:0$5'.
No latch inferred for signal `\ffram.\mstate_n[13]' from process `\ffram.$proc$/home/ajwey/CI2605_stuff/nebula-iii/verilog/rtl/ffram/ffram.sv:0$5'.
No latch inferred for signal `\ffram.\mstate_n[14]' from process `\ffram.$proc$/home/ajwey/CI2605_stuff/nebula-iii/verilog/rtl/ffram/ffram.sv:0$5'.
No latch inferred for signal `\ffram.\mstate_n[15]' from process `\ffram.$proc$/home/ajwey/CI2605_stuff/nebula-iii/verilog/rtl/ffram/ffram.sv:0$5'.
No latch inferred for signal `\ffram.\mstate_n[16]' from process `\ffram.$proc$/home/ajwey/CI2605_stuff/nebula-iii/verilog/rtl/ffram/ffram.sv:0$5'.
No latch inferred for signal `\ffram.\mstate_n[17]' from process `\ffram.$proc$/home/ajwey/CI2605_stuff/nebula-iii/verilog/rtl/ffram/ffram.sv:0$5'.
No latch inferred for signal `\ffram.\mstate_n[18]' from process `\ffram.$proc$/home/ajwey/CI2605_stuff/nebula-iii/verilog/rtl/ffram/ffram.sv:0$5'.
No latch inferred for signal `\ffram.\mstate_n[19]' from process `\ffram.$proc$/home/ajwey/CI2605_stuff/nebula-iii/verilog/rtl/ffram/ffram.sv:0$5'.
No latch inferred for signal `\ffram.\mstate_n[20]' from process `\ffram.$proc$/home/ajwey/CI2605_stuff/nebula-iii/verilog/rtl/ffram/ffram.sv:0$5'.
No latch inferred for signal `\ffram.\mstate_n[21]' from process `\ffram.$proc$/home/ajwey/CI2605_stuff/nebula-iii/verilog/rtl/ffram/ffram.sv:0$5'.
No latch inferred for signal `\ffram.\mstate_n[22]' from process `\ffram.$proc$/home/ajwey/CI2605_stuff/nebula-iii/verilog/rtl/ffram/ffram.sv:0$5'.
No latch inferred for signal `\ffram.\mstate_n[23]' from process `\ffram.$proc$/home/ajwey/CI2605_stuff/nebula-iii/verilog/rtl/ffram/ffram.sv:0$5'.
No latch inferred for signal `\ffram.\mstate_n[24]' from process `\ffram.$proc$/home/ajwey/CI2605_stuff/nebula-iii/verilog/rtl/ffram/ffram.sv:0$5'.
No latch inferred for signal `\ffram.\mstate_n[25]' from process `\ffram.$proc$/home/ajwey/CI2605_stuff/nebula-iii/verilog/rtl/ffram/ffram.sv:0$5'.
No latch inferred for signal `\ffram.\mstate_n[26]' from process `\ffram.$proc$/home/ajwey/CI2605_stuff/nebula-iii/verilog/rtl/ffram/ffram.sv:0$5'.
No latch inferred for signal `\ffram.\mstate_n[27]' from process `\ffram.$proc$/home/ajwey/CI2605_stuff/nebula-iii/verilog/rtl/ffram/ffram.sv:0$5'.
No latch inferred for signal `\ffram.\mstate_n[28]' from process `\ffram.$proc$/home/ajwey/CI2605_stuff/nebula-iii/verilog/rtl/ffram/ffram.sv:0$5'.
No latch inferred for signal `\ffram.\mstate_n[29]' from process `\ffram.$proc$/home/ajwey/CI2605_stuff/nebula-iii/verilog/rtl/ffram/ffram.sv:0$5'.
No latch inferred for signal `\ffram.\mstate_n[30]' from process `\ffram.$proc$/home/ajwey/CI2605_stuff/nebula-iii/verilog/rtl/ffram/ffram.sv:0$5'.
No latch inferred for signal `\ffram.\mstate_n[31]' from process `\ffram.$proc$/home/ajwey/CI2605_stuff/nebula-iii/verilog/rtl/ffram/ffram.sv:0$5'.
No latch inferred for signal `\ffram.\mstate_n[32]' from process `\ffram.$proc$/home/ajwey/CI2605_stuff/nebula-iii/verilog/rtl/ffram/ffram.sv:0$5'.
No latch inferred for signal `\ffram.\mstate_n[33]' from process `\ffram.$proc$/home/ajwey/CI2605_stuff/nebula-iii/verilog/rtl/ffram/ffram.sv:0$5'.
No latch inferred for signal `\ffram.\mstate_n[34]' from process `\ffram.$proc$/home/ajwey/CI2605_stuff/nebula-iii/verilog/rtl/ffram/ffram.sv:0$5'.
No latch inferred for signal `\ffram.\mstate_n[35]' from process `\ffram.$proc$/home/ajwey/CI2605_stuff/nebula-iii/verilog/rtl/ffram/ffram.sv:0$5'.
No latch inferred for signal `\ffram.\mstate_n[36]' from process `\ffram.$proc$/home/ajwey/CI2605_stuff/nebula-iii/verilog/rtl/ffram/ffram.sv:0$5'.
No latch inferred for signal `\ffram.\mstate_n[37]' from process `\ffram.$proc$/home/ajwey/CI2605_stuff/nebula-iii/verilog/rtl/ffram/ffram.sv:0$5'.
No latch inferred for signal `\ffram.\mstate_n[38]' from process `\ffram.$proc$/home/ajwey/CI2605_stuff/nebula-iii/verilog/rtl/ffram/ffram.sv:0$5'.
No latch inferred for signal `\ffram.\mstate_n[39]' from process `\ffram.$proc$/home/ajwey/CI2605_stuff/nebula-iii/verilog/rtl/ffram/ffram.sv:0$5'.
No latch inferred for signal `\ffram.\mstate_n[40]' from process `\ffram.$proc$/home/ajwey/CI2605_stuff/nebula-iii/verilog/rtl/ffram/ffram.sv:0$5'.
No latch inferred for signal `\ffram.\mstate_n[41]' from process `\ffram.$proc$/home/ajwey/CI2605_stuff/nebula-iii/verilog/rtl/ffram/ffram.sv:0$5'.
No latch inferred for signal `\ffram.\mstate_n[42]' from process `\ffram.$proc$/home/ajwey/CI2605_stuff/nebula-iii/verilog/rtl/ffram/ffram.sv:0$5'.
No latch inferred for signal `\ffram.\mstate_n[43]' from process `\ffram.$proc$/home/ajwey/CI2605_stuff/nebula-iii/verilog/rtl/ffram/ffram.sv:0$5'.
No latch inferred for signal `\ffram.\mstate_n[44]' from process `\ffram.$proc$/home/ajwey/CI2605_stuff/nebula-iii/verilog/rtl/ffram/ffram.sv:0$5'.
No latch inferred for signal `\ffram.\mstate_n[45]' from process `\ffram.$proc$/home/ajwey/CI2605_stuff/nebula-iii/verilog/rtl/ffram/ffram.sv:0$5'.
No latch inferred for signal `\ffram.\mstate_n[46]' from process `\ffram.$proc$/home/ajwey/CI2605_stuff/nebula-iii/verilog/rtl/ffram/ffram.sv:0$5'.
No latch inferred for signal `\ffram.\mstate_n[47]' from process `\ffram.$proc$/home/ajwey/CI2605_stuff/nebula-iii/verilog/rtl/ffram/ffram.sv:0$5'.
No latch inferred for signal `\ffram.\mstate_n[48]' from process `\ffram.$proc$/home/ajwey/CI2605_stuff/nebula-iii/verilog/rtl/ffram/ffram.sv:0$5'.
No latch inferred for signal `\ffram.\mstate_n[49]' from process `\ffram.$proc$/home/ajwey/CI2605_stuff/nebula-iii/verilog/rtl/ffram/ffram.sv:0$5'.
No latch inferred for signal `\ffram.\mstate_n[50]' from process `\ffram.$proc$/home/ajwey/CI2605_stuff/nebula-iii/verilog/rtl/ffram/ffram.sv:0$5'.
No latch inferred for signal `\ffram.\mstate_n[51]' from process `\ffram.$proc$/home/ajwey/CI2605_stuff/nebula-iii/verilog/rtl/ffram/ffram.sv:0$5'.
No latch inferred for signal `\ffram.\mstate_n[52]' from process `\ffram.$proc$/home/ajwey/CI2605_stuff/nebula-iii/verilog/rtl/ffram/ffram.sv:0$5'.
No latch inferred for signal `\ffram.\mstate_n[53]' from process `\ffram.$proc$/home/ajwey/CI2605_stuff/nebula-iii/verilog/rtl/ffram/ffram.sv:0$5'.
No latch inferred for signal `\ffram.\mstate_n[54]' from process `\ffram.$proc$/home/ajwey/CI2605_stuff/nebula-iii/verilog/rtl/ffram/ffram.sv:0$5'.
No latch inferred for signal `\ffram.\mstate_n[55]' from process `\ffram.$proc$/home/ajwey/CI2605_stuff/nebula-iii/verilog/rtl/ffram/ffram.sv:0$5'.
No latch inferred for signal `\ffram.\mstate_n[56]' from process `\ffram.$proc$/home/ajwey/CI2605_stuff/nebula-iii/verilog/rtl/ffram/ffram.sv:0$5'.
No latch inferred for signal `\ffram.\mstate_n[57]' from process `\ffram.$proc$/home/ajwey/CI2605_stuff/nebula-iii/verilog/rtl/ffram/ffram.sv:0$5'.
No latch inferred for signal `\ffram.\mstate_n[58]' from process `\ffram.$proc$/home/ajwey/CI2605_stuff/nebula-iii/verilog/rtl/ffram/ffram.sv:0$5'.
No latch inferred for signal `\ffram.\mstate_n[59]' from process `\ffram.$proc$/home/ajwey/CI2605_stuff/nebula-iii/verilog/rtl/ffram/ffram.sv:0$5'.
No latch inferred for signal `\ffram.\mstate_n[60]' from process `\ffram.$proc$/home/ajwey/CI2605_stuff/nebula-iii/verilog/rtl/ffram/ffram.sv:0$5'.
No latch inferred for signal `\ffram.\mstate_n[61]' from process `\ffram.$proc$/home/ajwey/CI2605_stuff/nebula-iii/verilog/rtl/ffram/ffram.sv:0$5'.
No latch inferred for signal `\ffram.\mstate_n[62]' from process `\ffram.$proc$/home/ajwey/CI2605_stuff/nebula-iii/verilog/rtl/ffram/ffram.sv:0$5'.
No latch inferred for signal `\ffram.\mstate_n[63]' from process `\ffram.$proc$/home/ajwey/CI2605_stuff/nebula-iii/verilog/rtl/ffram/ffram.sv:0$5'.
No latch inferred for signal `\ffram.\mstate_n[64]' from process `\ffram.$proc$/home/ajwey/CI2605_stuff/nebula-iii/verilog/rtl/ffram/ffram.sv:0$5'.
No latch inferred for signal `\ffram.\mstate_n[65]' from process `\ffram.$proc$/home/ajwey/CI2605_stuff/nebula-iii/verilog/rtl/ffram/ffram.sv:0$5'.
No latch inferred for signal `\ffram.\mstate_n[66]' from process `\ffram.$proc$/home/ajwey/CI2605_stuff/nebula-iii/verilog/rtl/ffram/ffram.sv:0$5'.
No latch inferred for signal `\ffram.\mstate_n[67]' from process `\ffram.$proc$/home/ajwey/CI2605_stuff/nebula-iii/verilog/rtl/ffram/ffram.sv:0$5'.
No latch inferred for signal `\ffram.\mstate_n[68]' from process `\ffram.$proc$/home/ajwey/CI2605_stuff/nebula-iii/verilog/rtl/ffram/ffram.sv:0$5'.
No latch inferred for signal `\ffram.\mstate_n[69]' from process `\ffram.$proc$/home/ajwey/CI2605_stuff/nebula-iii/verilog/rtl/ffram/ffram.sv:0$5'.
No latch inferred for signal `\ffram.\mstate_n[70]' from process `\ffram.$proc$/home/ajwey/CI2605_stuff/nebula-iii/verilog/rtl/ffram/ffram.sv:0$5'.
No latch inferred for signal `\ffram.\mstate_n[71]' from process `\ffram.$proc$/home/ajwey/CI2605_stuff/nebula-iii/verilog/rtl/ffram/ffram.sv:0$5'.
No latch inferred for signal `\ffram.\mstate_n[72]' from process `\ffram.$proc$/home/ajwey/CI2605_stuff/nebula-iii/verilog/rtl/ffram/ffram.sv:0$5'.
No latch inferred for signal `\ffram.\mstate_n[73]' from process `\ffram.$proc$/home/ajwey/CI2605_stuff/nebula-iii/verilog/rtl/ffram/ffram.sv:0$5'.
No latch inferred for signal `\ffram.\mstate_n[74]' from process `\ffram.$proc$/home/ajwey/CI2605_stuff/nebula-iii/verilog/rtl/ffram/ffram.sv:0$5'.
No latch inferred for signal `\ffram.\mstate_n[75]' from process `\ffram.$proc$/home/ajwey/CI2605_stuff/nebula-iii/verilog/rtl/ffram/ffram.sv:0$5'.
No latch inferred for signal `\ffram.\mstate_n[76]' from process `\ffram.$proc$/home/ajwey/CI2605_stuff/nebula-iii/verilog/rtl/ffram/ffram.sv:0$5'.
No latch inferred for signal `\ffram.\mstate_n[77]' from process `\ffram.$proc$/home/ajwey/CI2605_stuff/nebula-iii/verilog/rtl/ffram/ffram.sv:0$5'.
No latch inferred for signal `\ffram.\mstate_n[78]' from process `\ffram.$proc$/home/ajwey/CI2605_stuff/nebula-iii/verilog/rtl/ffram/ffram.sv:0$5'.
No latch inferred for signal `\ffram.\mstate_n[79]' from process `\ffram.$proc$/home/ajwey/CI2605_stuff/nebula-iii/verilog/rtl/ffram/ffram.sv:0$5'.
No latch inferred for signal `\ffram.\mstate_n[80]' from process `\ffram.$proc$/home/ajwey/CI2605_stuff/nebula-iii/verilog/rtl/ffram/ffram.sv:0$5'.
No latch inferred for signal `\ffram.\mstate_n[81]' from process `\ffram.$proc$/home/ajwey/CI2605_stuff/nebula-iii/verilog/rtl/ffram/ffram.sv:0$5'.
No latch inferred for signal `\ffram.\mstate_n[82]' from process `\ffram.$proc$/home/ajwey/CI2605_stuff/nebula-iii/verilog/rtl/ffram/ffram.sv:0$5'.
No latch inferred for signal `\ffram.\mstate_n[83]' from process `\ffram.$proc$/home/ajwey/CI2605_stuff/nebula-iii/verilog/rtl/ffram/ffram.sv:0$5'.
No latch inferred for signal `\ffram.\mstate_n[84]' from process `\ffram.$proc$/home/ajwey/CI2605_stuff/nebula-iii/verilog/rtl/ffram/ffram.sv:0$5'.
No latch inferred for signal `\ffram.\mstate_n[85]' from process `\ffram.$proc$/home/ajwey/CI2605_stuff/nebula-iii/verilog/rtl/ffram/ffram.sv:0$5'.
No latch inferred for signal `\ffram.\mstate_n[86]' from process `\ffram.$proc$/home/ajwey/CI2605_stuff/nebula-iii/verilog/rtl/ffram/ffram.sv:0$5'.
No latch inferred for signal `\ffram.\mstate_n[87]' from process `\ffram.$proc$/home/ajwey/CI2605_stuff/nebula-iii/verilog/rtl/ffram/ffram.sv:0$5'.
No latch inferred for signal `\ffram.\mstate_n[88]' from process `\ffram.$proc$/home/ajwey/CI2605_stuff/nebula-iii/verilog/rtl/ffram/ffram.sv:0$5'.
No latch inferred for signal `\ffram.\mstate_n[89]' from process `\ffram.$proc$/home/ajwey/CI2605_stuff/nebula-iii/verilog/rtl/ffram/ffram.sv:0$5'.
No latch inferred for signal `\ffram.\mstate_n[90]' from process `\ffram.$proc$/home/ajwey/CI2605_stuff/nebula-iii/verilog/rtl/ffram/ffram.sv:0$5'.
No latch inferred for signal `\ffram.\mstate_n[91]' from process `\ffram.$proc$/home/ajwey/CI2605_stuff/nebula-iii/verilog/rtl/ffram/ffram.sv:0$5'.
No latch inferred for signal `\ffram.\mstate_n[92]' from process `\ffram.$proc$/home/ajwey/CI2605_stuff/nebula-iii/verilog/rtl/ffram/ffram.sv:0$5'.
No latch inferred for signal `\ffram.\mstate_n[93]' from process `\ffram.$proc$/home/ajwey/CI2605_stuff/nebula-iii/verilog/rtl/ffram/ffram.sv:0$5'.
No latch inferred for signal `\ffram.\mstate_n[94]' from process `\ffram.$proc$/home/ajwey/CI2605_stuff/nebula-iii/verilog/rtl/ffram/ffram.sv:0$5'.
No latch inferred for signal `\ffram.\mstate_n[95]' from process `\ffram.$proc$/home/ajwey/CI2605_stuff/nebula-iii/verilog/rtl/ffram/ffram.sv:0$5'.
No latch inferred for signal `\ffram.\mstate_n[96]' from process `\ffram.$proc$/home/ajwey/CI2605_stuff/nebula-iii/verilog/rtl/ffram/ffram.sv:0$5'.
No latch inferred for signal `\ffram.\mstate_n[97]' from process `\ffram.$proc$/home/ajwey/CI2605_stuff/nebula-iii/verilog/rtl/ffram/ffram.sv:0$5'.
No latch inferred for signal `\ffram.\mstate_n[98]' from process `\ffram.$proc$/home/ajwey/CI2605_stuff/nebula-iii/verilog/rtl/ffram/ffram.sv:0$5'.
No latch inferred for signal `\ffram.\mstate_n[99]' from process `\ffram.$proc$/home/ajwey/CI2605_stuff/nebula-iii/verilog/rtl/ffram/ffram.sv:0$5'.
No latch inferred for signal `\ffram.\mstate_n[100]' from process `\ffram.$proc$/home/ajwey/CI2605_stuff/nebula-iii/verilog/rtl/ffram/ffram.sv:0$5'.
No latch inferred for signal `\ffram.\mstate_n[101]' from process `\ffram.$proc$/home/ajwey/CI2605_stuff/nebula-iii/verilog/rtl/ffram/ffram.sv:0$5'.
No latch inferred for signal `\ffram.\mstate_n[102]' from process `\ffram.$proc$/home/ajwey/CI2605_stuff/nebula-iii/verilog/rtl/ffram/ffram.sv:0$5'.
No latch inferred for signal `\ffram.\mstate_n[103]' from process `\ffram.$proc$/home/ajwey/CI2605_stuff/nebula-iii/verilog/rtl/ffram/ffram.sv:0$5'.
No latch inferred for signal `\ffram.\mstate_n[104]' from process `\ffram.$proc$/home/ajwey/CI2605_stuff/nebula-iii/verilog/rtl/ffram/ffram.sv:0$5'.
No latch inferred for signal `\ffram.\mstate_n[105]' from process `\ffram.$proc$/home/ajwey/CI2605_stuff/nebula-iii/verilog/rtl/ffram/ffram.sv:0$5'.
No latch inferred for signal `\ffram.\mstate_n[106]' from process `\ffram.$proc$/home/ajwey/CI2605_stuff/nebula-iii/verilog/rtl/ffram/ffram.sv:0$5'.
No latch inferred for signal `\ffram.\mstate_n[107]' from process `\ffram.$proc$/home/ajwey/CI2605_stuff/nebula-iii/verilog/rtl/ffram/ffram.sv:0$5'.
No latch inferred for signal `\ffram.\mstate_n[108]' from process `\ffram.$proc$/home/ajwey/CI2605_stuff/nebula-iii/verilog/rtl/ffram/ffram.sv:0$5'.
No latch inferred for signal `\ffram.\mstate_n[109]' from process `\ffram.$proc$/home/ajwey/CI2605_stuff/nebula-iii/verilog/rtl/ffram/ffram.sv:0$5'.
No latch inferred for signal `\ffram.\mstate_n[110]' from process `\ffram.$proc$/home/ajwey/CI2605_stuff/nebula-iii/verilog/rtl/ffram/ffram.sv:0$5'.
No latch inferred for signal `\ffram.\mstate_n[111]' from process `\ffram.$proc$/home/ajwey/CI2605_stuff/nebula-iii/verilog/rtl/ffram/ffram.sv:0$5'.
No latch inferred for signal `\ffram.\mstate_n[112]' from process `\ffram.$proc$/home/ajwey/CI2605_stuff/nebula-iii/verilog/rtl/ffram/ffram.sv:0$5'.
No latch inferred for signal `\ffram.\mstate_n[113]' from process `\ffram.$proc$/home/ajwey/CI2605_stuff/nebula-iii/verilog/rtl/ffram/ffram.sv:0$5'.
No latch inferred for signal `\ffram.\mstate_n[114]' from process `\ffram.$proc$/home/ajwey/CI2605_stuff/nebula-iii/verilog/rtl/ffram/ffram.sv:0$5'.
No latch inferred for signal `\ffram.\mstate_n[115]' from process `\ffram.$proc$/home/ajwey/CI2605_stuff/nebula-iii/verilog/rtl/ffram/ffram.sv:0$5'.
No latch inferred for signal `\ffram.\mstate_n[116]' from process `\ffram.$proc$/home/ajwey/CI2605_stuff/nebula-iii/verilog/rtl/ffram/ffram.sv:0$5'.
No latch inferred for signal `\ffram.\mstate_n[117]' from process `\ffram.$proc$/home/ajwey/CI2605_stuff/nebula-iii/verilog/rtl/ffram/ffram.sv:0$5'.
No latch inferred for signal `\ffram.\mstate_n[118]' from process `\ffram.$proc$/home/ajwey/CI2605_stuff/nebula-iii/verilog/rtl/ffram/ffram.sv:0$5'.
No latch inferred for signal `\ffram.\mstate_n[119]' from process `\ffram.$proc$/home/ajwey/CI2605_stuff/nebula-iii/verilog/rtl/ffram/ffram.sv:0$5'.
No latch inferred for signal `\ffram.\mstate_n[120]' from process `\ffram.$proc$/home/ajwey/CI2605_stuff/nebula-iii/verilog/rtl/ffram/ffram.sv:0$5'.
No latch inferred for signal `\ffram.\mstate_n[121]' from process `\ffram.$proc$/home/ajwey/CI2605_stuff/nebula-iii/verilog/rtl/ffram/ffram.sv:0$5'.
No latch inferred for signal `\ffram.\mstate_n[122]' from process `\ffram.$proc$/home/ajwey/CI2605_stuff/nebula-iii/verilog/rtl/ffram/ffram.sv:0$5'.
No latch inferred for signal `\ffram.\mstate_n[123]' from process `\ffram.$proc$/home/ajwey/CI2605_stuff/nebula-iii/verilog/rtl/ffram/ffram.sv:0$5'.
No latch inferred for signal `\ffram.\mstate_n[124]' from process `\ffram.$proc$/home/ajwey/CI2605_stuff/nebula-iii/verilog/rtl/ffram/ffram.sv:0$5'.
No latch inferred for signal `\ffram.\mstate_n[125]' from process `\ffram.$proc$/home/ajwey/CI2605_stuff/nebula-iii/verilog/rtl/ffram/ffram.sv:0$5'.
No latch inferred for signal `\ffram.\mstate_n[126]' from process `\ffram.$proc$/home/ajwey/CI2605_stuff/nebula-iii/verilog/rtl/ffram/ffram.sv:0$5'.
No latch inferred for signal `\ffram.\mstate_n[127]' from process `\ffram.$proc$/home/ajwey/CI2605_stuff/nebula-iii/verilog/rtl/ffram/ffram.sv:0$5'.
No latch inferred for signal `\ffram.$mem2reg_wr$\mstate_n$/home/ajwey/CI2605_stuff/nebula-iii/verilog/rtl/ffram/ffram.sv:53$3_ADDR' from process `\ffram.$proc$/home/ajwey/CI2605_stuff/nebula-iii/verilog/rtl/ffram/ffram.sv:0$5'.
No latch inferred for signal `\ffram.$mem2reg_wr$\mstate_n$/home/ajwey/CI2605_stuff/nebula-iii/verilog/rtl/ffram/ffram.sv:53$3_DATA' from process `\ffram.$proc$/home/ajwey/CI2605_stuff/nebula-iii/verilog/rtl/ffram/ffram.sv:0$5'.
No latch inferred for signal `\ffram.$mem2reg_rd$\mstate$/home/ajwey/CI2605_stuff/nebula-iii/verilog/rtl/ffram/ffram.sv:55$4_ADDR' from process `\ffram.$proc$/home/ajwey/CI2605_stuff/nebula-iii/verilog/rtl/ffram/ffram.sv:0$5'.
No latch inferred for signal `\ffram.$mem2reg_rd$\mstate$/home/ajwey/CI2605_stuff/nebula-iii/verilog/rtl/ffram/ffram.sv:55$4_DATA' from process `\ffram.$proc$/home/ajwey/CI2605_stuff/nebula-iii/verilog/rtl/ffram/ffram.sv:0$5'.
