Clock: clk
Sources: clk 
Generated: no
Virtual: yes
Propagated: no
Period: 1000.000000

===========================================================================
report_clock_properties
============================================================================
Clock                   Period          Waveform
----------------------------------------------------
clk                 1000.000000    0.000000500.000000

===========================================================================
report_clock_latency
============================================================================
Clock clk
rise -> rise
    min     max
0.000000 0.000000 source latency
200.842255         network latency _11289_/CLK
        202.030548 network latency _10744_/CLK
---------------
200.842255 202.030548 latency
        1.188298 skew

rise -> fall
    min     max
0.000000 0.000000 source latency
200.713623         network latency _11289_/CLK
        201.985931 network latency _10744_/CLK
---------------
200.713623 201.985931 latency
        1.272312 skew



===========================================================================
report_clock_min_period
============================================================================
clk period_min = 0.00 fmax = inf
