Clock: clk
Sources: clk 
Generated: no
Virtual: yes
Propagated: no
Period: 1000.000000

===========================================================================
report_clock_properties
============================================================================
Clock                   Period          Waveform
----------------------------------------------------
clk                 1000.000000    0.000000500.000000

===========================================================================
report_clock_latency
============================================================================
Clock clk
rise -> rise
    min     max
0.000000 0.000000 source latency
200.566498         network latency _11289_/CLK
        201.357681 network latency _10744_/CLK
---------------
200.566498 201.357681 latency
        0.791189 skew

rise -> fall
    min     max
0.000000 0.000000 source latency
200.483261         network latency _11289_/CLK
        201.325912 network latency _10744_/CLK
---------------
200.483261 201.325912 latency
        0.842647 skew



===========================================================================
report_clock_min_period
============================================================================
clk period_min = 0.00 fmax = inf
