
===========================================================================
report_checks -unconstrained
===========================================================================
======================= max_tt_025C_1v80 Corner ===================================

Startpoint: nrst (input port clocked by clk)
Endpoint: _1616_ (recovery check against rising-edge clock clk)
Path Group: asynchronous
Path Type: max

Fanout         Cap        Slew       Delay        Time   Description
---------------------------------------------------------------------------------------------
                                  0.000000    0.000000   clock clk (rise edge)
                                  0.000000    0.000000   clock network delay (propagated)
                                  5.000000    5.000000 ^ input external delay
     2    0.004011    0.024997    0.014603    5.014604 ^ nrst (in)
                                                         nrst (net)
                      0.024998    0.000000    5.014604 ^ input5/A (sky130_fd_sc_hd__buf_1)
     7    0.028513    0.335102    0.275247    5.289850 ^ input5/X (sky130_fd_sc_hd__buf_1)
                                                         net5 (net)
                      0.335123    0.002186    5.292036 ^ fanout47/A (sky130_fd_sc_hd__buf_2)
    17    0.058333    0.284810    0.353709    5.645745 ^ fanout47/X (sky130_fd_sc_hd__buf_2)
                                                         net47 (net)
                      0.284853    0.002954    5.648698 ^ fanout46/A (sky130_fd_sc_hd__clkbuf_4)
    10    0.048854    0.153819    0.296124    5.944822 ^ fanout46/X (sky130_fd_sc_hd__clkbuf_4)
                                                         net46 (net)
                      0.154045    0.005212    5.950034 ^ _1616_/RESET_B (sky130_fd_sc_hd__dfrtp_4)
                                              5.950034   data arrival time

                                 25.000000   25.000000   clock clk (rise edge)
                                  0.000000   25.000000   clock source latency
     2    0.019464    0.093321    0.064215   25.064215 ^ clk (in)
                                                         clk (net)
                      0.093330    0.000000   25.064215 ^ clkbuf_0_clk/A (sky130_fd_sc_hd__clkbuf_16)
    17    0.104020    0.122029    0.198582   25.262796 ^ clkbuf_0_clk/X (sky130_fd_sc_hd__clkbuf_16)
                                                         clknet_0_clk (net)
                      0.123933    0.012188   25.274984 ^ clkbuf_3_4__f_clk/A (sky130_fd_sc_hd__clkbuf_16)
     9    0.034497    0.054897    0.166274   25.441259 ^ clkbuf_3_4__f_clk/X (sky130_fd_sc_hd__clkbuf_16)
                                                         clknet_3_4__leaf_clk (net)
                      0.054962    0.001442   25.442701 ^ _1616_/CLK (sky130_fd_sc_hd__dfrtp_4)
                                 -0.250000   25.192701   clock uncertainty
                                  0.000000   25.192701   clock reconvergence pessimism
                                  0.185028   25.377731   library recovery time
                                             25.377731   data required time
---------------------------------------------------------------------------------------------
                                             25.377731   data required time
                                             -5.950034   data arrival time
---------------------------------------------------------------------------------------------
                                             19.427698   slack (MET)


Startpoint: _1629_ (rising edge-triggered flip-flop clocked by clk)
Endpoint: _1622_ (rising edge-triggered flip-flop clocked by clk)
Path Group: clk
Path Type: max

Fanout         Cap        Slew       Delay        Time   Description
---------------------------------------------------------------------------------------------
                                  0.000000    0.000000   clock clk (rise edge)
                                  0.000000    0.000000   clock source latency
     2    0.019464    0.093321    0.064216    0.064216 ^ clk (in)
                                                         clk (net)
                      0.093330    0.000000    0.064216 ^ clkbuf_0_clk/A (sky130_fd_sc_hd__clkbuf_16)
    17    0.104020    0.122029    0.198581    0.262797 ^ clkbuf_0_clk/X (sky130_fd_sc_hd__clkbuf_16)
                                                         clknet_0_clk (net)
                      0.125037    0.015175    0.277972 ^ clkbuf_3_0__f_clk/A (sky130_fd_sc_hd__clkbuf_16)
    10    0.037042    0.057070    0.168054    0.446026 ^ clkbuf_3_0__f_clk/X (sky130_fd_sc_hd__clkbuf_16)
                                                         clknet_3_0__leaf_clk (net)
                      0.057375    0.002611    0.448637 ^ _1629_/CLK (sky130_fd_sc_hd__dfrtp_4)
     6    0.025045    0.086349    0.510808    0.959445 v _1629_/Q (sky130_fd_sc_hd__dfrtp_4)
                                                         STOPWATCH_INST.clock_div.cycles[22] (net)
                      0.086415    0.002565    0.962010 v _0922_/A (sky130_fd_sc_hd__or4bb_4)
     3    0.009780    0.094476    0.563114    1.525125 v _0922_/X (sky130_fd_sc_hd__or4bb_4)
                                                         _0166_ (net)
                      0.094476    0.000539    1.525664 v _0955_/B1_N (sky130_fd_sc_hd__o21bai_4)
     2    0.008046    0.052615    0.192661    1.718325 v _0955_/Y (sky130_fd_sc_hd__o21bai_4)
                                                         _0192_ (net)
                      0.052615    0.000485    1.718810 v _0957_/A2 (sky130_fd_sc_hd__a21o_4)
     7    0.038860    0.075521    0.260871    1.979681 v _0957_/X (sky130_fd_sc_hd__a21o_4)
                                                         _0194_ (net)
                      0.075639    0.002626    1.982307 v _0970_/A2 (sky130_fd_sc_hd__a21oi_1)
     1    0.005800    0.158785    0.190180    2.172487 ^ _0970_/Y (sky130_fd_sc_hd__a21oi_1)
                                                         _0207_ (net)
                      0.158833    0.000453    2.172940 ^ _0974_/B (sky130_fd_sc_hd__xnor2_1)
     4    0.017694    0.149717    0.168611    2.341552 v _0974_/Y (sky130_fd_sc_hd__xnor2_1)
                                                         _0211_ (net)
                      0.149728    0.001030    2.342582 v _0977_/A2 (sky130_fd_sc_hd__o31a_1)
     3    0.011605    0.084946    0.355771    2.698352 v _0977_/X (sky130_fd_sc_hd__o31a_1)
                                                         _0214_ (net)
                      0.084950    0.000689    2.699041 v _0987_/A1 (sky130_fd_sc_hd__o2111a_1)
     3    0.011526    0.081320    0.300558    2.999599 v _0987_/X (sky130_fd_sc_hd__o2111a_1)
                                                         _0224_ (net)
                      0.081322    0.000523    3.000123 v _1008_/B (sky130_fd_sc_hd__or3_4)
     5    0.021448    0.092431    0.418028    3.418151 v _1008_/X (sky130_fd_sc_hd__or3_4)
                                                         _0245_ (net)
                      0.092431    0.000810    3.418961 v _1011_/A (sky130_fd_sc_hd__and2_4)
     5    0.021213    0.049217    0.178926    3.597887 v _1011_/X (sky130_fd_sc_hd__and2_4)
                                                         _0248_ (net)
                      0.049391    0.002331    3.600218 v rebuffer33/A (sky130_fd_sc_hd__buf_6)
     1    0.016360    0.030861    0.123373    3.723592 v rebuffer33/X (sky130_fd_sc_hd__buf_6)
                                                         net141 (net)
                      0.030929    0.001260    3.724851 v _1016_/A (sky130_fd_sc_hd__xnor2_4)
     2    0.007343    0.124275    0.152682    3.877533 ^ _1016_/Y (sky130_fd_sc_hd__xnor2_4)
                                                         _0253_ (net)
                      0.124275    0.000464    3.877997 ^ _1040_/A2 (sky130_fd_sc_hd__o211a_4)
     4    0.025156    0.093378    0.210866    4.088862 ^ _1040_/X (sky130_fd_sc_hd__o211a_4)
                                                         _0277_ (net)
                      0.093454    0.002390    4.091252 ^ _1047_/B (sky130_fd_sc_hd__nand4_4)
     2    0.008357    0.107666    0.100659    4.191910 v _1047_/Y (sky130_fd_sc_hd__nand4_4)
                                                         _0284_ (net)
                      0.107666    0.000389    4.192299 v _1056_/A2 (sky130_fd_sc_hd__a311o_1)
     2    0.007098    0.075038    0.356304    4.548603 v _1056_/X (sky130_fd_sc_hd__a311o_1)
                                                         _0293_ (net)
                      0.075039    0.000407    4.549010 v _1066_/A2 (sky130_fd_sc_hd__a21bo_1)
     2    0.016482    0.090986    0.253540    4.802550 v _1066_/X (sky130_fd_sc_hd__a21bo_1)
                                                         _0303_ (net)
                      0.091018    0.001611    4.804161 v fanout25/A (sky130_fd_sc_hd__buf_6)
     5    0.021990    0.034760    0.148159    4.952320 v fanout25/X (sky130_fd_sc_hd__buf_6)
                                                         net25 (net)
                      0.034867    0.001199    4.953519 v _1091_/A2 (sky130_fd_sc_hd__a21o_1)
     2    0.011032    0.066611    0.204205    5.157724 v _1091_/X (sky130_fd_sc_hd__a21o_1)
                                                         _0328_ (net)
                      0.066611    0.000286    5.158010 v _1092_/B (sky130_fd_sc_hd__xor2_2)
     3    0.013916    0.207539    0.205925    5.363935 ^ _1092_/X (sky130_fd_sc_hd__xor2_2)
                                                         _0329_ (net)
                      0.207539    0.000462    5.364397 ^ _1093_/C_N (sky130_fd_sc_hd__or3b_4)
     2    0.005711    0.069301    0.407693    5.772089 v _1093_/X (sky130_fd_sc_hd__or3b_4)
                                                         _0330_ (net)
                      0.069302    0.000371    5.772461 v _1115_/A4 (sky130_fd_sc_hd__o41a_1)
     3    0.012239    0.106810    0.369602    6.142063 v _1115_/X (sky130_fd_sc_hd__o41a_1)
                                                         _0352_ (net)
                      0.106811    0.000592    6.142654 v _1126_/A2 (sky130_fd_sc_hd__a21o_1)
     4    0.010477    0.064420    0.230959    6.373613 v _1126_/X (sky130_fd_sc_hd__a21o_1)
                                                         _0363_ (net)
                      0.064423    0.000499    6.374112 v _1133_/A (sky130_fd_sc_hd__and4_1)
     2    0.006099    0.052229    0.167529    6.541641 v _1133_/X (sky130_fd_sc_hd__and4_1)
                                                         _0370_ (net)
                      0.052231    0.000396    6.542037 v _1135_/B (sky130_fd_sc_hd__or3_4)
     4    0.012959    0.079354    0.387427    6.929464 v _1135_/X (sky130_fd_sc_hd__or3_4)
                                                         _0372_ (net)
                      0.079408    0.001074    6.930539 v _1150_/A1 (sky130_fd_sc_hd__a31o_4)
     4    0.011472    0.044512    0.239068    7.169607 v _1150_/X (sky130_fd_sc_hd__a31o_4)
                                                         _0387_ (net)
                      0.044549    0.000592    7.170198 v _1160_/A2 (sky130_fd_sc_hd__a21o_1)
     4    0.014659    0.081421    0.221197    7.391395 v _1160_/X (sky130_fd_sc_hd__a21o_1)
                                                         _0397_ (net)
                      0.081428    0.000792    7.392188 v _1173_/A2 (sky130_fd_sc_hd__a2111o_1)
     3    0.007185    0.081760    0.443811    7.835999 v _1173_/X (sky130_fd_sc_hd__a2111o_1)
                                                         _0410_ (net)
                      0.081761    0.000415    7.836413 v _1180_/A1 (sky130_fd_sc_hd__a311o_1)
     3    0.015753    0.114003    0.340366    8.176780 v _1180_/X (sky130_fd_sc_hd__a311o_1)
                                                         _0417_ (net)
                      0.114005    0.000639    8.177418 v fanout23/A (sky130_fd_sc_hd__buf_6)
     6    0.034083    0.043928    0.167212    8.344630 v fanout23/X (sky130_fd_sc_hd__buf_6)
                                                         net23 (net)
                      0.043947    0.000997    8.345627 v fanout22/A (sky130_fd_sc_hd__buf_8)
     5    0.020537    0.031003    0.122922    8.468549 v fanout22/X (sky130_fd_sc_hd__buf_8)
                                                         net22 (net)
                      0.031148    0.001365    8.469913 v _1188_/B (sky130_fd_sc_hd__and3_1)
     3    0.010567    0.069293    0.189113    8.659027 v _1188_/X (sky130_fd_sc_hd__and3_1)
                                                         _0425_ (net)
                      0.069295    0.000495    8.659521 v _1197_/A (sky130_fd_sc_hd__or3b_4)
     2    0.006168    0.070089    0.401188    9.060710 v _1197_/X (sky130_fd_sc_hd__or3b_4)
                                                         _0434_ (net)
                      0.070089    0.000387    9.061097 v _1208_/C (sky130_fd_sc_hd__or4b_4)
     2    0.004927    0.084997    0.485179    9.546276 v _1208_/X (sky130_fd_sc_hd__or4b_4)
                                                         _0445_ (net)
                      0.084997    0.000338    9.546614 v _1234_/A (sky130_fd_sc_hd__or4b_4)
     2    0.007082    0.089166    0.551570   10.098184 v _1234_/X (sky130_fd_sc_hd__or4b_4)
                                                         _0471_ (net)
                      0.089167    0.000406   10.098590 v _1240_/A1 (sky130_fd_sc_hd__a32o_2)
     4    0.024702    0.089471    0.312529   10.411119 v _1240_/X (sky130_fd_sc_hd__a32o_2)
                                                         _0477_ (net)
                      0.089507    0.001699   10.412818 v fanout19/A (sky130_fd_sc_hd__buf_8)
     5    0.025592    0.034426    0.146719   10.559537 v fanout19/X (sky130_fd_sc_hd__buf_8)
                                                         net19 (net)
                      0.034484    0.001226   10.560762 v _1251_/A1 (sky130_fd_sc_hd__a2111o_1)
     2    0.008096    0.087265    0.387392   10.948154 v _1251_/X (sky130_fd_sc_hd__a2111o_1)
                                                         _0488_ (net)
                      0.087266    0.000358   10.948513 v _1253_/B2 (sky130_fd_sc_hd__a32o_2)
     5    0.020370    0.079091    0.292816   11.241328 v _1253_/X (sky130_fd_sc_hd__a32o_2)
                                                         _0490_ (net)
                      0.079108    0.001159   11.242487 v _1260_/A (sky130_fd_sc_hd__and3_1)
     2    0.012576    0.077774    0.196557   11.439044 v _1260_/X (sky130_fd_sc_hd__and3_1)
                                                         _0497_ (net)
                      0.077783    0.000877   11.439920 v _1286_/B (sky130_fd_sc_hd__and3_1)
     1    0.008895    0.062458    0.203047   11.642968 v _1286_/X (sky130_fd_sc_hd__and3_1)
                                                         _0523_ (net)
                      0.062465    0.000692   11.643660 v _1288_/B1 (sky130_fd_sc_hd__a221oi_4)
     3    0.018770    0.312756    0.322836   11.966496 ^ _1288_/Y (sky130_fd_sc_hd__a221oi_4)
                                                         _0525_ (net)
                      0.312757    0.001152   11.967648 ^ _1297_/A3 (sky130_fd_sc_hd__o31ai_4)
     4    0.018057    0.107002    0.117972   12.085620 v _1297_/Y (sky130_fd_sc_hd__o31ai_4)
                                                         _0534_ (net)
                      0.107003    0.000551   12.086170 v fanout18/A (sky130_fd_sc_hd__buf_6)
     6    0.036128    0.045709    0.164977   12.251148 v fanout18/X (sky130_fd_sc_hd__buf_6)
                                                         net18 (net)
                      0.045857    0.002290   12.253438 v fanout17/A (sky130_fd_sc_hd__buf_8)
     5    0.018364    0.029707    0.122609   12.376046 v fanout17/X (sky130_fd_sc_hd__buf_8)
                                                         net17 (net)
                      0.029720    0.000868   12.376914 v _1324_/A1 (sky130_fd_sc_hd__a31o_1)
     2    0.007281    0.057223    0.184916   12.561831 v _1324_/X (sky130_fd_sc_hd__a31o_1)
                                                         _0561_ (net)
                      0.057225    0.000429   12.562259 v _1331_/A2 (sky130_fd_sc_hd__a211o_4)
     4    0.027292    0.082272    0.377866   12.940125 v _1331_/X (sky130_fd_sc_hd__a211o_4)
                                                         _0568_ (net)
                      0.082337    0.001084   12.941210 v _1349_/A (sky130_fd_sc_hd__or4_4)
     1    0.010301    0.094723    0.559798   13.501007 v _1349_/X (sky130_fd_sc_hd__or4_4)
                                                         _0586_ (net)
                      0.094723    0.000782   13.501788 v _1350_/A1 (sky130_fd_sc_hd__o32ai_4)
     3    0.024305    0.354986    0.404546   13.906334 ^ _1350_/Y (sky130_fd_sc_hd__o32ai_4)
                                                         _0587_ (net)
                      0.354987    0.001152   13.907486 ^ _1353_/A1 (sky130_fd_sc_hd__o21ai_4)
     5    0.025941    0.119855    0.146759   14.054245 v _1353_/Y (sky130_fd_sc_hd__o21ai_4)
                                                         _0590_ (net)
                      0.119955    0.002752   14.056997 v _1357_/A1 (sky130_fd_sc_hd__a21oi_2)
     4    0.020065    0.260332    0.279276   14.336273 ^ _1357_/Y (sky130_fd_sc_hd__a21oi_2)
                                                         _0594_ (net)
                      0.260339    0.001107   14.337379 ^ _1362_/B (sky130_fd_sc_hd__xor2_2)
     2    0.008745    0.152393    0.196212   14.533591 ^ _1362_/X (sky130_fd_sc_hd__xor2_2)
                                                         _0599_ (net)
                      0.152394    0.000510   14.534101 ^ _1370_/A1 (sky130_fd_sc_hd__a31o_4)
     4    0.023451    0.088760    0.206752   14.740853 ^ _1370_/X (sky130_fd_sc_hd__a31o_4)
                                                         _0607_ (net)
                      0.088818    0.002061   14.742915 ^ _1384_/A2 (sky130_fd_sc_hd__a21oi_4)
     6    0.020056    0.071571    0.082878   14.825792 v _1384_/Y (sky130_fd_sc_hd__a21oi_4)
                                                         _0621_ (net)
                      0.071598    0.001069   14.826862 v _1404_/A2 (sky130_fd_sc_hd__a211o_4)
     4    0.017576    0.070536    0.368475   15.195337 v _1404_/X (sky130_fd_sc_hd__a211o_4)
                                                         _0641_ (net)
                      0.070536    0.000883   15.196219 v rebuffer17/A (sky130_fd_sc_hd__buf_6)
     1    0.008359    0.024266    0.124651   15.320870 v rebuffer17/X (sky130_fd_sc_hd__buf_6)
                                                         net125 (net)
                      0.024266    0.000636   15.321507 v _1418_/A3 (sky130_fd_sc_hd__o31ai_4)
     5    0.023611    0.336620    0.295461   15.616968 ^ _1418_/Y (sky130_fd_sc_hd__o31ai_4)
                                                         _0655_ (net)
                      0.336621    0.001243   15.618211 ^ fanout15/A (sky130_fd_sc_hd__buf_4)
    10    0.033939    0.104141    0.234653   15.852864 ^ fanout15/X (sky130_fd_sc_hd__buf_4)
                                                         net15 (net)
                      0.104174    0.001776   15.854641 ^ _1482_/A2 (sky130_fd_sc_hd__a21oi_1)
     1    0.003527    0.072543    0.079888   15.934528 v _1482_/Y (sky130_fd_sc_hd__a21oi_1)
                                                         _0711_ (net)
                      0.072543    0.000229   15.934758 v _1483_/B1 (sky130_fd_sc_hd__a311o_1)
     1    0.008187    0.079577    0.356419   16.291178 v _1483_/X (sky130_fd_sc_hd__a311o_1)
                                                         _0712_ (net)
                      0.079582    0.000677   16.291853 v _1487_/A2 (sky130_fd_sc_hd__a32o_1)
     1    0.002325    0.038808    0.249131   16.540985 v _1487_/X (sky130_fd_sc_hd__a32o_1)
                                                         _0040_ (net)
                      0.038808    0.000108   16.541092 v _1622_/D (sky130_fd_sc_hd__dfrtp_4)
                                             16.541092   data arrival time

                                 25.000000   25.000000   clock clk (rise edge)
                                  0.000000   25.000000   clock source latency
     2    0.019464    0.093321    0.064215   25.064215 ^ clk (in)
                                                         clk (net)
                      0.093330    0.000000   25.064215 ^ clkbuf_0_clk/A (sky130_fd_sc_hd__clkbuf_16)
    17    0.104020    0.122029    0.198582   25.262796 ^ clkbuf_0_clk/X (sky130_fd_sc_hd__clkbuf_16)
                                                         clknet_0_clk (net)
                      0.122731    0.007638   25.270435 ^ clkbuf_3_7__f_clk/A (sky130_fd_sc_hd__clkbuf_16)
     7    0.032457    0.053061    0.163903   25.434338 ^ clkbuf_3_7__f_clk/X (sky130_fd_sc_hd__clkbuf_16)
                                                         clknet_3_7__leaf_clk (net)
                      0.053266    0.002993   25.437330 ^ _1622_/CLK (sky130_fd_sc_hd__dfrtp_4)
                                 -0.250000   25.187332   clock uncertainty
                                  0.000000   25.187332   clock reconvergence pessimism
                                 -0.109682   25.077650   library setup time
                                             25.077650   data required time
---------------------------------------------------------------------------------------------
                                             25.077650   data required time
                                            -16.541092   data arrival time
---------------------------------------------------------------------------------------------
                                              8.536558   slack (MET)




===========================================================================
report_checks --slack_max -0.01
============================================================================
======================= max_tt_025C_1v80 Corner ===================================

No paths found.


===========================================================================
 report_check_types -max_slew -max_cap -max_fanout -violators
============================================================================
======================= max_tt_025C_1v80 Corner ===================================

max fanout

Pin                                   Limit Fanout  Slack
---------------------------------------------------------
_1614_/Q                                 10     21    -11 (VIOLATED)
_1615_/Q                                 10     21    -11 (VIOLATED)
fanout32/X                               10     21    -11 (VIOLATED)
fanout38/X                               10     21    -11 (VIOLATED)
fanout42/X                               10     21    -11 (VIOLATED)
fanout49/X                               10     21    -11 (VIOLATED)
clkbuf_0_clk/X                           10     17     -7 (VIOLATED)
fanout47/X                               10     17     -7 (VIOLATED)
_0854_/X                                 10     13     -3 (VIOLATED)
clkbuf_3_1__f_clk/X                      10     12     -2 (VIOLATED)
clkbuf_3_2__f_clk/X                      10     12     -2 (VIOLATED)
clkbuf_3_3__f_clk/X                      10     12     -2 (VIOLATED)
_0782_/Y                                 10     11        (VIOLATED)
clkbuf_3_5__f_clk/X                      10     11        (VIOLATED)



===========================================================================
report_parasitic_annotation -report_unannotated
============================================================================
Found 97 unannotated drivers.
 en
 gpio_in[10]
 gpio_in[11]
 gpio_in[12]
 gpio_in[13]
 gpio_in[14]
 gpio_in[15]
 gpio_in[16]
 gpio_in[17]
 gpio_in[18]
 gpio_in[19]
 gpio_in[20]
 gpio_in[21]
 gpio_in[22]
 gpio_in[23]
 gpio_in[24]
 gpio_in[25]
 gpio_in[26]
 gpio_in[27]
 gpio_in[28]
 gpio_in[29]
 gpio_in[30]
 gpio_in[31]
 gpio_in[32]
 gpio_in[33]
 gpio_in[4]
 gpio_in[5]
 gpio_in[6]
 gpio_in[7]
 gpio_in[8]
 gpio_in[9]
 clkload0/Y
 clkload1/X
 clkload2/X
 clkload3/Y
 clkload4/Y
 clkload5/Y
 clkload6/Y
 team_04_100/LO
 team_04_101/LO
 team_04_102/LO
 team_04_103/LO
 team_04_104/LO
 team_04_105/LO
 team_04_106/LO
 team_04_107/LO
 team_04_108/LO
 team_04_50/HI
 team_04_51/HI
 team_04_52/HI
 team_04_53/HI
 team_04_54/HI
 team_04_55/HI
 team_04_56/HI
 team_04_57/HI
 team_04_58/HI
 team_04_59/HI
 team_04_60/HI
 team_04_61/HI
 team_04_62/HI
 team_04_63/HI
 team_04_64/HI
 team_04_65/HI
 team_04_66/HI
 team_04_67/HI
 team_04_68/HI
 team_04_69/HI
 team_04_70/HI
 team_04_71/HI
 team_04_72/HI
 team_04_73/HI
 team_04_74/HI
 team_04_75/HI
 team_04_76/HI
 team_04_77/HI
 team_04_78/HI
 team_04_79/HI
 team_04_80/HI
 team_04_81/HI
 team_04_82/HI
 team_04_83/HI
 team_04_84/HI
 team_04_85/HI
 team_04_86/HI
 team_04_87/HI
 team_04_88/HI
 team_04_89/HI
 team_04_90/HI
 team_04_91/HI
 team_04_92/HI
 team_04_93/HI
 team_04_94/LO
 team_04_95/LO
 team_04_96/LO
 team_04_97/LO
 team_04_98/LO
 team_04_99/LO
Found 0 partially unannotated drivers.

===========================================================================
max slew violation count 0
max fanout violation count 14
max cap violation count 0
============================================================================

===========================================================================
check_setup -verbose -unconstrained_endpoints -multiple_clock -no_clock -no_input_delay -loops -generated_clocks
===========================================================================
Warning: There are 59 unconstrained endpoints.
  gpio_oeb[0]
  gpio_oeb[10]
  gpio_oeb[11]
  gpio_oeb[12]
  gpio_oeb[13]
  gpio_oeb[14]
  gpio_oeb[15]
  gpio_oeb[16]
  gpio_oeb[17]
  gpio_oeb[18]
  gpio_oeb[19]
  gpio_oeb[1]
  gpio_oeb[20]
  gpio_oeb[21]
  gpio_oeb[22]
  gpio_oeb[23]
  gpio_oeb[24]
  gpio_oeb[25]
  gpio_oeb[26]
  gpio_oeb[27]
  gpio_oeb[28]
  gpio_oeb[29]
  gpio_oeb[2]
  gpio_oeb[30]
  gpio_oeb[31]
  gpio_oeb[32]
  gpio_oeb[33]
  gpio_oeb[3]
  gpio_oeb[4]
  gpio_oeb[5]
  gpio_oeb[6]
  gpio_oeb[7]
  gpio_oeb[8]
  gpio_oeb[9]
  gpio_out[0]
  gpio_out[15]
  gpio_out[16]
  gpio_out[17]
  gpio_out[18]
  gpio_out[19]
  gpio_out[1]
  gpio_out[20]
  gpio_out[21]
  gpio_out[22]
  gpio_out[23]
  gpio_out[24]
  gpio_out[25]
  gpio_out[26]
  gpio_out[27]
  gpio_out[28]
  gpio_out[29]
  gpio_out[2]
  gpio_out[30]
  gpio_out[31]
  gpio_out[32]
  gpio_out[33]
  gpio_out[3]
  gpio_out[6]
  gpio_out[7]
