Clock: clk
Sources: clk 
Generated: no
Virtual: yes
Propagated: no
Period: 25.000000

===========================================================================
report_clock_properties
============================================================================
Clock                   Period          Waveform
----------------------------------------------------
clk                  25.000000    0.000000 12.500000

===========================================================================
report_clock_latency
============================================================================
Clock clk
rise -> rise
    min     max
0.000000 0.000000 source latency
0.436732         network latency _1624_/CLK
        0.453743 network latency _1637_/CLK
---------------
0.436732 0.453743 latency
        0.017010 skew

fall -> fall
    min     max
0.000000 0.000000 source latency
0.392187         network latency _1624_/CLK
        0.407701 network latency _1637_/CLK
---------------
0.392187 0.407701 latency
        0.015515 skew



===========================================================================
report_clock_min_period
============================================================================
clk period_min = 16.46 fmax = 60.74
