Clock: clk
Sources: clk 
Generated: no
Virtual: yes
Propagated: no
Period: 25.000000

===========================================================================
report_clock_properties
============================================================================
Clock                   Period          Waveform
----------------------------------------------------
clk                  25.000000    0.000000 12.500000

===========================================================================
report_clock_latency
============================================================================
Clock clk
rise -> rise
    min     max
0.000000 0.000000 source latency
1.117501         network latency _25279_/CLK
        1.157244 network latency _24104_/CLK
---------------
1.117501 1.157244 latency
        0.039743 skew

fall -> fall
    min     max
0.000000 0.000000 source latency
0.931657         network latency _25279_/CLK
        0.959035 network latency _24688_/CLK
---------------
0.931657 0.959035 latency
        0.027377 skew



===========================================================================
report_clock_min_period
============================================================================
clk period_min = 1.61 fmax = 621.05
