
===========================================================================
report_checks -unconstrained
===========================================================================
======================= min_ss_100C_1v60 Corner ===================================

Startpoint: nrst (input port clocked by clk)
Endpoint: _1614_ (recovery check against rising-edge clock clk)
Path Group: asynchronous
Path Type: max

Fanout         Cap        Slew       Delay        Time   Description
---------------------------------------------------------------------------------------------
                                  0.000000    0.000000   clock clk (rise edge)
                                  0.000000    0.000000   clock network delay (propagated)
                                  5.000000    5.000000 ^ input external delay
     2    0.003935    0.039875    0.021758    5.021758 ^ nrst (in)
                                                         nrst (net)
                      0.039875    0.000000    5.021758 ^ input5/A (sky130_fd_sc_hd__buf_1)
     7    0.025783    0.488656    0.434688    5.456446 ^ input5/X (sky130_fd_sc_hd__buf_1)
                                                         net5 (net)
                      0.488656    0.000482    5.456928 ^ fanout47/A (sky130_fd_sc_hd__buf_2)
    17    0.052487    0.408191    0.614333    6.071261 ^ fanout47/X (sky130_fd_sc_hd__buf_2)
                                                         net47 (net)
                      0.408191    0.000625    6.071887 ^ fanout46/A (sky130_fd_sc_hd__clkbuf_4)
    10    0.042970    0.218905    0.508647    6.580534 ^ fanout46/X (sky130_fd_sc_hd__clkbuf_4)
                                                         net46 (net)
                      0.218907    0.001060    6.581594 ^ _1614_/RESET_B (sky130_fd_sc_hd__dfrtp_4)
                                              6.581594   data arrival time

                                 25.000000   25.000000   clock clk (rise edge)
                                  0.000000   25.000000   clock source latency
     2    0.018154    0.137073    0.092868   25.092867 ^ clk (in)
                                                         clk (net)
                      0.137074    0.000000   25.092867 ^ clkbuf_0_clk/A (sky130_fd_sc_hd__clkbuf_16)
    17    0.099182    0.174881    0.343498   25.436365 ^ clkbuf_0_clk/X (sky130_fd_sc_hd__clkbuf_16)
                                                         clknet_0_clk (net)
                      0.175152    0.004583   25.440948 ^ clkbuf_3_1__f_clk/A (sky130_fd_sc_hd__clkbuf_16)
    12    0.030722    0.081344    0.284972   25.725920 ^ clkbuf_3_1__f_clk/X (sky130_fd_sc_hd__clkbuf_16)
                                                         clknet_3_1__leaf_clk (net)
                      0.081344    0.000208   25.726128 ^ _1614_/CLK (sky130_fd_sc_hd__dfrtp_4)
                                 -0.250000   25.476130   clock uncertainty
                                  0.000000   25.476130   clock reconvergence pessimism
                                  0.377934   25.854063   library recovery time
                                             25.854063   data required time
---------------------------------------------------------------------------------------------
                                             25.854063   data required time
                                             -6.581594   data arrival time
---------------------------------------------------------------------------------------------
                                             19.272469   slack (MET)


Startpoint: _1629_ (rising edge-triggered flip-flop clocked by clk)
Endpoint: _1624_ (rising edge-triggered flip-flop clocked by clk)
Path Group: clk
Path Type: max

Fanout         Cap        Slew       Delay        Time   Description
---------------------------------------------------------------------------------------------
                                  0.000000    0.000000   clock clk (rise edge)
                                  0.000000    0.000000   clock source latency
     2    0.018154    0.137073    0.092868    0.092868 ^ clk (in)
                                                         clk (net)
                      0.137074    0.000000    0.092868 ^ clkbuf_0_clk/A (sky130_fd_sc_hd__clkbuf_16)
    17    0.099182    0.174881    0.343497    0.436365 ^ clkbuf_0_clk/X (sky130_fd_sc_hd__clkbuf_16)
                                                         clknet_0_clk (net)
                      0.175177    0.004875    0.441240 ^ clkbuf_3_0__f_clk/A (sky130_fd_sc_hd__clkbuf_16)
    10    0.033752    0.085592    0.289300    0.730540 ^ clkbuf_3_0__f_clk/X (sky130_fd_sc_hd__clkbuf_16)
                                                         clknet_3_0__leaf_clk (net)
                      0.085593    0.000467    0.731007 ^ _1629_/CLK (sky130_fd_sc_hd__dfrtp_4)
     6    0.022844    0.163252    1.065682    1.796689 v _1629_/Q (sky130_fd_sc_hd__dfrtp_4)
                                                         STOPWATCH_INST.clock_div.cycles[22] (net)
                      0.163480    0.000757    1.797446 v _0922_/A (sky130_fd_sc_hd__or4bb_4)
     3    0.009322    0.172110    1.120966    2.918412 v _0922_/X (sky130_fd_sc_hd__or4bb_4)
                                                         _0166_ (net)
                      0.172110    0.000069    2.918481 v _0955_/B1_N (sky130_fd_sc_hd__o21bai_4)
     2    0.007937    0.095849    0.362508    3.280989 v _0955_/Y (sky130_fd_sc_hd__o21bai_4)
                                                         _0192_ (net)
                      0.095849    0.000081    3.281070 v _0957_/A2 (sky130_fd_sc_hd__a21o_4)
     7    0.036403    0.124818    0.476750    3.757821 v _0957_/X (sky130_fd_sc_hd__a21o_4)
                                                         _0194_ (net)
                      0.124819    0.000679    3.758500 v _0970_/A2 (sky130_fd_sc_hd__a21oi_1)
     1    0.005441    0.254052    0.310859    4.069359 ^ _0970_/Y (sky130_fd_sc_hd__a21oi_1)
                                                         _0207_ (net)
                      0.254052    0.000070    4.069428 ^ _0974_/B (sky130_fd_sc_hd__xnor2_1)
     4    0.016056    0.291027    0.340326    4.409754 v _0974_/Y (sky130_fd_sc_hd__xnor2_1)
                                                         _0211_ (net)
                      0.291027    0.000242    4.409996 v _0977_/A2 (sky130_fd_sc_hd__o31a_1)
     3    0.011171    0.158609    0.691878    5.101874 v _0977_/X (sky130_fd_sc_hd__o31a_1)
                                                         _0214_ (net)
                      0.158609    0.000140    5.102014 v _0987_/A1 (sky130_fd_sc_hd__o2111a_1)
     3    0.010758    0.141599    0.536960    5.638974 v _0987_/X (sky130_fd_sc_hd__o2111a_1)
                                                         _0224_ (net)
                      0.141599    0.000080    5.639054 v _1008_/B (sky130_fd_sc_hd__or3_4)
     5    0.020448    0.164381    0.822999    6.462053 v _1008_/X (sky130_fd_sc_hd__or3_4)
                                                         _0245_ (net)
                      0.164381    0.000143    6.462197 v _1011_/A (sky130_fd_sc_hd__and2_4)
     5    0.019980    0.083731    0.329660    6.791857 v _1011_/X (sky130_fd_sc_hd__and2_4)
                                                         _0248_ (net)
                      0.083733    0.000590    6.792446 v _1033_/C (sky130_fd_sc_hd__or3_4)
     2    0.006269    0.125050    0.663190    7.455637 v _1033_/X (sky130_fd_sc_hd__or3_4)
                                                         _0270_ (net)
                      0.125050    0.000078    7.455715 v _1038_/A1 (sky130_fd_sc_hd__a311o_1)
     2    0.008326    0.144365    0.587034    8.042748 v _1038_/X (sky130_fd_sc_hd__a311o_1)
                                                         _0275_ (net)
                      0.144365    0.000103    8.042852 v _1045_/A1 (sky130_fd_sc_hd__a21oi_2)
     2    0.008254    0.217049    0.286355    8.329206 ^ _1045_/Y (sky130_fd_sc_hd__a21oi_2)
                                                         _0282_ (net)
                      0.217049    0.000141    8.329349 ^ _1056_/A3 (sky130_fd_sc_hd__a311o_1)
     2    0.006841    0.158576    0.450860    8.780208 ^ _1056_/X (sky130_fd_sc_hd__a311o_1)
                                                         _0293_ (net)
                      0.158576    0.000057    8.780265 ^ _1066_/A2 (sky130_fd_sc_hd__a21bo_1)
     2    0.016090    0.224866    0.364516    9.144780 ^ _1066_/X (sky130_fd_sc_hd__a21bo_1)
                                                         _0303_ (net)
                      0.224866    0.000481    9.145262 ^ fanout25/A (sky130_fd_sc_hd__buf_6)
     5    0.021501    0.087430    0.263651    9.408913 ^ fanout25/X (sky130_fd_sc_hd__buf_6)
                                                         net25 (net)
                      0.087430    0.000203    9.409117 ^ _1091_/A2 (sky130_fd_sc_hd__a21o_1)
     2    0.011845    0.180547    0.307013    9.716129 ^ _1091_/X (sky130_fd_sc_hd__a21o_1)
                                                         _0328_ (net)
                      0.180547    0.000047    9.716177 ^ _1092_/B (sky130_fd_sc_hd__xor2_2)
     3    0.012675    0.303792    0.373103   10.089280 ^ _1092_/X (sky130_fd_sc_hd__xor2_2)
                                                         _0329_ (net)
                      0.303792    0.000050   10.089330 ^ _1093_/C_N (sky130_fd_sc_hd__or3b_4)
     2    0.005508    0.121405    0.821940   10.911269 v _1093_/X (sky130_fd_sc_hd__or3b_4)
                                                         _0330_ (net)
                      0.121405    0.000058   10.911327 v _1115_/A4 (sky130_fd_sc_hd__o41a_1)
     3    0.011744    0.201521    0.726280   11.637608 v _1115_/X (sky130_fd_sc_hd__o41a_1)
                                                         _0352_ (net)
                      0.201521    0.000099   11.637707 v _1126_/A2 (sky130_fd_sc_hd__a21o_1)
     4    0.009870    0.115407    0.427997   12.065704 v _1126_/X (sky130_fd_sc_hd__a21o_1)
                                                         _0363_ (net)
                      0.115407    0.000084   12.065788 v _1133_/A (sky130_fd_sc_hd__and4_1)
     2    0.005566    0.095863    0.348494   12.414283 v _1133_/X (sky130_fd_sc_hd__and4_1)
                                                         _0370_ (net)
                      0.095863    0.000078   12.414361 v _1135_/B (sky130_fd_sc_hd__or3_4)
     4    0.012273    0.140342    0.764869   13.179230 v _1135_/X (sky130_fd_sc_hd__or3_4)
                                                         _0372_ (net)
                      0.140342    0.000203   13.179432 v _1150_/A1 (sky130_fd_sc_hd__a31o_4)
     4    0.010932    0.074508    0.438993   13.618425 v _1150_/X (sky130_fd_sc_hd__a31o_4)
                                                         _0387_ (net)
                      0.074508    0.000130   13.618555 v _1160_/A2 (sky130_fd_sc_hd__a21o_1)
     4    0.014103    0.145044    0.406742   14.025297 v _1160_/X (sky130_fd_sc_hd__a21o_1)
                                                         _0397_ (net)
                      0.145044    0.000160   14.025456 v _1173_/A2 (sky130_fd_sc_hd__a2111o_1)
     3    0.006735    0.151039    0.853489   14.878945 v _1173_/X (sky130_fd_sc_hd__a2111o_1)
                                                         _0410_ (net)
                      0.151039    0.000059   14.879004 v _1180_/A1 (sky130_fd_sc_hd__a311o_1)
     3    0.014549    0.194711    0.656198   15.535202 v _1180_/X (sky130_fd_sc_hd__a311o_1)
                                                         _0417_ (net)
                      0.194711    0.000068   15.535270 v fanout23/A (sky130_fd_sc_hd__buf_6)
     6    0.031841    0.072862    0.304444   15.839714 v fanout23/X (sky130_fd_sc_hd__buf_6)
                                                         net23 (net)
                      0.072862    0.000096   15.839810 v fanout22/A (sky130_fd_sc_hd__buf_8)
     5    0.018268    0.049701    0.220565   16.060375 v fanout22/X (sky130_fd_sc_hd__buf_8)
                                                         net22 (net)
                      0.049701    0.000231   16.060606 v _1188_/B (sky130_fd_sc_hd__and3_1)
     3    0.010076    0.132872    0.386004   16.446609 v _1188_/X (sky130_fd_sc_hd__and3_1)
                                                         _0425_ (net)
                      0.132872    0.000066   16.446676 v _1197_/A (sky130_fd_sc_hd__or3b_4)
     2    0.005871    0.123302    0.790205   17.236881 v _1197_/X (sky130_fd_sc_hd__or3b_4)
                                                         _0434_ (net)
                      0.123302    0.000064   17.236944 v _1208_/C (sky130_fd_sc_hd__or4b_4)
     2    0.004663    0.153094    0.972730   18.209675 v _1208_/X (sky130_fd_sc_hd__or4b_4)
                                                         _0445_ (net)
                      0.153094    0.000048   18.209723 v _1234_/A (sky130_fd_sc_hd__or4b_4)
     2    0.006570    0.164134    1.098424   19.308147 v _1234_/X (sky130_fd_sc_hd__or4b_4)
                                                         _0471_ (net)
                      0.164134    0.000046   19.308193 v _1240_/A1 (sky130_fd_sc_hd__a32o_2)
     4    0.023666    0.151677    0.578659   19.886852 v _1240_/X (sky130_fd_sc_hd__a32o_2)
                                                         _0477_ (net)
                      0.151677    0.000357   19.887209 v fanout19/A (sky130_fd_sc_hd__buf_8)
     5    0.023744    0.055329    0.265223   20.152431 v fanout19/X (sky130_fd_sc_hd__buf_8)
                                                         net19 (net)
                      0.055363    0.000206   20.152637 v _1251_/A1 (sky130_fd_sc_hd__a2111o_1)
     2    0.007494    0.152564    0.757272   20.909908 v _1251_/X (sky130_fd_sc_hd__a2111o_1)
                                                         _0488_ (net)
                      0.152564    0.000046   20.909956 v _1253_/B2 (sky130_fd_sc_hd__a32o_2)
     5    0.018028    0.131169    0.530127   21.440083 v _1253_/X (sky130_fd_sc_hd__a32o_2)
                                                         _0490_ (net)
                      0.131241    0.000306   21.440388 v _1260_/A (sky130_fd_sc_hd__and3_1)
     2    0.012056    0.147606    0.399531   21.839918 v _1260_/X (sky130_fd_sc_hd__and3_1)
                                                         _0497_ (net)
                      0.147606    0.000165   21.840084 v _1286_/B (sky130_fd_sc_hd__and3_1)
     1    0.008840    0.119911    0.423533   22.263617 v _1286_/X (sky130_fd_sc_hd__and3_1)
                                                         _0523_ (net)
                      0.119911    0.000092   22.263710 v _1288_/B1 (sky130_fd_sc_hd__a221oi_4)
     3    0.018263    0.484663    0.537735   22.801445 ^ _1288_/Y (sky130_fd_sc_hd__a221oi_4)
                                                         _0525_ (net)
                      0.484663    0.000158   22.801603 ^ _1297_/A3 (sky130_fd_sc_hd__o31ai_4)
     4    0.016846    0.169831    0.264416   23.066019 v _1297_/Y (sky130_fd_sc_hd__o31ai_4)
                                                         _0534_ (net)
                      0.169831    0.000059   23.066078 v fanout18/A (sky130_fd_sc_hd__buf_6)
     6    0.033676    0.075175    0.294428   23.360506 v fanout18/X (sky130_fd_sc_hd__buf_6)
                                                         net18 (net)
                      0.075175    0.000364   23.360870 v fanout17/A (sky130_fd_sc_hd__buf_8)
     5    0.016754    0.048202    0.219879   23.580750 v fanout17/X (sky130_fd_sc_hd__buf_8)
                                                         net17 (net)
                      0.048202    0.000115   23.580864 v _1324_/A1 (sky130_fd_sc_hd__a31o_1)
     2    0.006968    0.100166    0.345560   23.926424 v _1324_/X (sky130_fd_sc_hd__a31o_1)
                                                         _0561_ (net)
                      0.100166    0.000046   23.926470 v _1331_/A2 (sky130_fd_sc_hd__a211o_4)
     4    0.026470    0.131926    0.678517   24.604988 v _1331_/X (sky130_fd_sc_hd__a211o_4)
                                                         _0568_ (net)
                      0.131926    0.000341   24.605328 v _1349_/A (sky130_fd_sc_hd__or4_4)
     1    0.010125    0.173591    1.106779   25.712107 v _1349_/X (sky130_fd_sc_hd__or4_4)
                                                         _0586_ (net)
                      0.173591    0.000140   25.712248 v _1350_/A1 (sky130_fd_sc_hd__o32ai_4)
     3    0.023665    0.571793    0.681419   26.393667 ^ _1350_/Y (sky130_fd_sc_hd__o32ai_4)
                                                         _0587_ (net)
                      0.571793    0.000135   26.393801 ^ clone1/A2 (sky130_fd_sc_hd__o21ai_4)
     5    0.021440    0.178066    0.294577   26.688379 v clone1/Y (sky130_fd_sc_hd__o21ai_4)
                                                         net109 (net)
                      0.178066    0.000366   26.688744 v _1367_/A1 (sky130_fd_sc_hd__a21o_1)
     2    0.010371    0.119710    0.392193   27.080936 v _1367_/X (sky130_fd_sc_hd__a21o_1)
                                                         _0604_ (net)
                      0.119710    0.000080   27.081017 v _1373_/B (sky130_fd_sc_hd__xor2_2)
     4    0.010087    0.159775    0.309752   27.390770 v _1373_/X (sky130_fd_sc_hd__xor2_2)
                                                         _0610_ (net)
                      0.159775    0.000062   27.390831 v _1380_/A_N (sky130_fd_sc_hd__and4b_1)
     1    0.009207    0.194290    0.618149   28.008982 ^ _1380_/X (sky130_fd_sc_hd__and4b_1)
                                                         _0617_ (net)
                      0.194290    0.000082   28.009062 ^ _1384_/A1 (sky130_fd_sc_hd__a21oi_4)
     6    0.018832    0.117945    0.184171   28.193233 v _1384_/Y (sky130_fd_sc_hd__a21oi_4)
                                                         _0621_ (net)
                      0.117945    0.000311   28.193544 v _1404_/A2 (sky130_fd_sc_hd__a211o_4)
     4    0.017058    0.108475    0.653623   28.847168 v _1404_/X (sky130_fd_sc_hd__a211o_4)
                                                         _0641_ (net)
                      0.108475    0.000153   28.847321 v rebuffer17/A (sky130_fd_sc_hd__buf_6)
     1    0.008435    0.041817    0.224542   29.071861 v rebuffer17/X (sky130_fd_sc_hd__buf_6)
                                                         net125 (net)
                      0.041817    0.000075   29.071938 v _1418_/A3 (sky130_fd_sc_hd__o31ai_4)
     5    0.021435    0.496206    0.461460   29.533398 ^ _1418_/Y (sky130_fd_sc_hd__o31ai_4)
                                                         _0655_ (net)
                      0.496206    0.000185   29.533583 ^ fanout16/A (sky130_fd_sc_hd__buf_6)
     5    0.016506    0.078345    0.344574   29.878157 ^ fanout16/X (sky130_fd_sc_hd__buf_6)
                                                         net16 (net)
                      0.078345    0.000131   29.878288 ^ _1494_/A2 (sky130_fd_sc_hd__a31o_1)
     1    0.003698    0.093168    0.299835   30.178122 ^ _1494_/X (sky130_fd_sc_hd__a31o_1)
                                                         _0721_ (net)
                      0.093168    0.000071   30.178194 ^ _1496_/C_N (sky130_fd_sc_hd__or3b_4)
     1    0.003086    0.112211    0.723453   30.901646 v _1496_/X (sky130_fd_sc_hd__or3b_4)
                                                         _0723_ (net)
                      0.112211    0.000032   30.901678 v _1500_/A1 (sky130_fd_sc_hd__a32o_1)
     1    0.002852    0.071577    0.408953   31.310631 v _1500_/X (sky130_fd_sc_hd__a32o_1)
                                                         _0042_ (net)
                      0.071577    0.000028   31.310659 v _1624_/D (sky130_fd_sc_hd__dfrtp_4)
                                             31.310659   data arrival time

                                 25.000000   25.000000   clock clk (rise edge)
                                  0.000000   25.000000   clock source latency
     2    0.018154    0.137073    0.092868   25.092867 ^ clk (in)
                                                         clk (net)
                      0.137074    0.000000   25.092867 ^ clkbuf_0_clk/A (sky130_fd_sc_hd__clkbuf_16)
    17    0.099182    0.174881    0.343498   25.436365 ^ clkbuf_0_clk/X (sky130_fd_sc_hd__clkbuf_16)
                                                         clknet_0_clk (net)
                      0.174898    0.001982   25.438347 ^ clkbuf_3_7__f_clk/A (sky130_fd_sc_hd__clkbuf_16)
     7    0.029980    0.080330    0.283826   25.722174 ^ clkbuf_3_7__f_clk/X (sky130_fd_sc_hd__clkbuf_16)
                                                         clknet_3_7__leaf_clk (net)
                      0.080331    0.000410   25.722584 ^ _1624_/CLK (sky130_fd_sc_hd__dfrtp_4)
                                 -0.250000   25.472586   clock uncertainty
                                  0.000000   25.472586   clock reconvergence pessimism
                                 -0.272690   25.199894   library setup time
                                             25.199894   data required time
---------------------------------------------------------------------------------------------
                                             25.199894   data required time
                                            -31.310659   data arrival time
---------------------------------------------------------------------------------------------
                                             -6.110765   slack (VIOLATED)




===========================================================================
report_checks --slack_max -0.01
============================================================================
======================= min_ss_100C_1v60 Corner ===================================

Startpoint: _1629_ (rising edge-triggered flip-flop clocked by clk)
Endpoint: _1624_ (rising edge-triggered flip-flop clocked by clk)
Path Group: clk
Path Type: max

Fanout         Cap        Slew       Delay        Time   Description
---------------------------------------------------------------------------------------------
                                  0.000000    0.000000   clock clk (rise edge)
                                  0.000000    0.000000   clock source latency
     2    0.018154    0.137073    0.092868    0.092868 ^ clk (in)
                                                         clk (net)
                      0.137074    0.000000    0.092868 ^ clkbuf_0_clk/A (sky130_fd_sc_hd__clkbuf_16)
    17    0.099182    0.174881    0.343497    0.436365 ^ clkbuf_0_clk/X (sky130_fd_sc_hd__clkbuf_16)
                                                         clknet_0_clk (net)
                      0.175177    0.004875    0.441240 ^ clkbuf_3_0__f_clk/A (sky130_fd_sc_hd__clkbuf_16)
    10    0.033752    0.085592    0.289300    0.730540 ^ clkbuf_3_0__f_clk/X (sky130_fd_sc_hd__clkbuf_16)
                                                         clknet_3_0__leaf_clk (net)
                      0.085593    0.000467    0.731007 ^ _1629_/CLK (sky130_fd_sc_hd__dfrtp_4)
     6    0.022844    0.163252    1.065682    1.796689 v _1629_/Q (sky130_fd_sc_hd__dfrtp_4)
                                                         STOPWATCH_INST.clock_div.cycles[22] (net)
                      0.163480    0.000757    1.797446 v _0922_/A (sky130_fd_sc_hd__or4bb_4)
     3    0.009322    0.172110    1.120966    2.918412 v _0922_/X (sky130_fd_sc_hd__or4bb_4)
                                                         _0166_ (net)
                      0.172110    0.000069    2.918481 v _0955_/B1_N (sky130_fd_sc_hd__o21bai_4)
     2    0.007937    0.095849    0.362508    3.280989 v _0955_/Y (sky130_fd_sc_hd__o21bai_4)
                                                         _0192_ (net)
                      0.095849    0.000081    3.281070 v _0957_/A2 (sky130_fd_sc_hd__a21o_4)
     7    0.036403    0.124818    0.476750    3.757821 v _0957_/X (sky130_fd_sc_hd__a21o_4)
                                                         _0194_ (net)
                      0.124819    0.000679    3.758500 v _0970_/A2 (sky130_fd_sc_hd__a21oi_1)
     1    0.005441    0.254052    0.310859    4.069359 ^ _0970_/Y (sky130_fd_sc_hd__a21oi_1)
                                                         _0207_ (net)
                      0.254052    0.000070    4.069428 ^ _0974_/B (sky130_fd_sc_hd__xnor2_1)
     4    0.016056    0.291027    0.340326    4.409754 v _0974_/Y (sky130_fd_sc_hd__xnor2_1)
                                                         _0211_ (net)
                      0.291027    0.000242    4.409996 v _0977_/A2 (sky130_fd_sc_hd__o31a_1)
     3    0.011171    0.158609    0.691878    5.101874 v _0977_/X (sky130_fd_sc_hd__o31a_1)
                                                         _0214_ (net)
                      0.158609    0.000140    5.102014 v _0987_/A1 (sky130_fd_sc_hd__o2111a_1)
     3    0.010758    0.141599    0.536960    5.638974 v _0987_/X (sky130_fd_sc_hd__o2111a_1)
                                                         _0224_ (net)
                      0.141599    0.000080    5.639054 v _1008_/B (sky130_fd_sc_hd__or3_4)
     5    0.020448    0.164381    0.822999    6.462053 v _1008_/X (sky130_fd_sc_hd__or3_4)
                                                         _0245_ (net)
                      0.164381    0.000143    6.462197 v _1011_/A (sky130_fd_sc_hd__and2_4)
     5    0.019980    0.083731    0.329660    6.791857 v _1011_/X (sky130_fd_sc_hd__and2_4)
                                                         _0248_ (net)
                      0.083733    0.000590    6.792446 v _1033_/C (sky130_fd_sc_hd__or3_4)
     2    0.006269    0.125050    0.663190    7.455637 v _1033_/X (sky130_fd_sc_hd__or3_4)
                                                         _0270_ (net)
                      0.125050    0.000078    7.455715 v _1038_/A1 (sky130_fd_sc_hd__a311o_1)
     2    0.008326    0.144365    0.587034    8.042748 v _1038_/X (sky130_fd_sc_hd__a311o_1)
                                                         _0275_ (net)
                      0.144365    0.000103    8.042852 v _1045_/A1 (sky130_fd_sc_hd__a21oi_2)
     2    0.008254    0.217049    0.286355    8.329206 ^ _1045_/Y (sky130_fd_sc_hd__a21oi_2)
                                                         _0282_ (net)
                      0.217049    0.000141    8.329349 ^ _1056_/A3 (sky130_fd_sc_hd__a311o_1)
     2    0.006841    0.158576    0.450860    8.780208 ^ _1056_/X (sky130_fd_sc_hd__a311o_1)
                                                         _0293_ (net)
                      0.158576    0.000057    8.780265 ^ _1066_/A2 (sky130_fd_sc_hd__a21bo_1)
     2    0.016090    0.224866    0.364516    9.144780 ^ _1066_/X (sky130_fd_sc_hd__a21bo_1)
                                                         _0303_ (net)
                      0.224866    0.000481    9.145262 ^ fanout25/A (sky130_fd_sc_hd__buf_6)
     5    0.021501    0.087430    0.263651    9.408913 ^ fanout25/X (sky130_fd_sc_hd__buf_6)
                                                         net25 (net)
                      0.087430    0.000203    9.409117 ^ _1091_/A2 (sky130_fd_sc_hd__a21o_1)
     2    0.011845    0.180547    0.307013    9.716129 ^ _1091_/X (sky130_fd_sc_hd__a21o_1)
                                                         _0328_ (net)
                      0.180547    0.000047    9.716177 ^ _1092_/B (sky130_fd_sc_hd__xor2_2)
     3    0.012675    0.303792    0.373103   10.089280 ^ _1092_/X (sky130_fd_sc_hd__xor2_2)
                                                         _0329_ (net)
                      0.303792    0.000050   10.089330 ^ _1093_/C_N (sky130_fd_sc_hd__or3b_4)
     2    0.005508    0.121405    0.821940   10.911269 v _1093_/X (sky130_fd_sc_hd__or3b_4)
                                                         _0330_ (net)
                      0.121405    0.000058   10.911327 v _1115_/A4 (sky130_fd_sc_hd__o41a_1)
     3    0.011744    0.201521    0.726280   11.637608 v _1115_/X (sky130_fd_sc_hd__o41a_1)
                                                         _0352_ (net)
                      0.201521    0.000099   11.637707 v _1126_/A2 (sky130_fd_sc_hd__a21o_1)
     4    0.009870    0.115407    0.427997   12.065704 v _1126_/X (sky130_fd_sc_hd__a21o_1)
                                                         _0363_ (net)
                      0.115407    0.000084   12.065788 v _1133_/A (sky130_fd_sc_hd__and4_1)
     2    0.005566    0.095863    0.348494   12.414283 v _1133_/X (sky130_fd_sc_hd__and4_1)
                                                         _0370_ (net)
                      0.095863    0.000078   12.414361 v _1135_/B (sky130_fd_sc_hd__or3_4)
     4    0.012273    0.140342    0.764869   13.179230 v _1135_/X (sky130_fd_sc_hd__or3_4)
                                                         _0372_ (net)
                      0.140342    0.000203   13.179432 v _1150_/A1 (sky130_fd_sc_hd__a31o_4)
     4    0.010932    0.074508    0.438993   13.618425 v _1150_/X (sky130_fd_sc_hd__a31o_4)
                                                         _0387_ (net)
                      0.074508    0.000130   13.618555 v _1160_/A2 (sky130_fd_sc_hd__a21o_1)
     4    0.014103    0.145044    0.406742   14.025297 v _1160_/X (sky130_fd_sc_hd__a21o_1)
                                                         _0397_ (net)
                      0.145044    0.000160   14.025456 v _1173_/A2 (sky130_fd_sc_hd__a2111o_1)
     3    0.006735    0.151039    0.853489   14.878945 v _1173_/X (sky130_fd_sc_hd__a2111o_1)
                                                         _0410_ (net)
                      0.151039    0.000059   14.879004 v _1180_/A1 (sky130_fd_sc_hd__a311o_1)
     3    0.014549    0.194711    0.656198   15.535202 v _1180_/X (sky130_fd_sc_hd__a311o_1)
                                                         _0417_ (net)
                      0.194711    0.000068   15.535270 v fanout23/A (sky130_fd_sc_hd__buf_6)
     6    0.031841    0.072862    0.304444   15.839714 v fanout23/X (sky130_fd_sc_hd__buf_6)
                                                         net23 (net)
                      0.072862    0.000096   15.839810 v fanout22/A (sky130_fd_sc_hd__buf_8)
     5    0.018268    0.049701    0.220565   16.060375 v fanout22/X (sky130_fd_sc_hd__buf_8)
                                                         net22 (net)
                      0.049701    0.000231   16.060606 v _1188_/B (sky130_fd_sc_hd__and3_1)
     3    0.010076    0.132872    0.386004   16.446609 v _1188_/X (sky130_fd_sc_hd__and3_1)
                                                         _0425_ (net)
                      0.132872    0.000066   16.446676 v _1197_/A (sky130_fd_sc_hd__or3b_4)
     2    0.005871    0.123302    0.790205   17.236881 v _1197_/X (sky130_fd_sc_hd__or3b_4)
                                                         _0434_ (net)
                      0.123302    0.000064   17.236944 v _1208_/C (sky130_fd_sc_hd__or4b_4)
     2    0.004663    0.153094    0.972730   18.209675 v _1208_/X (sky130_fd_sc_hd__or4b_4)
                                                         _0445_ (net)
                      0.153094    0.000048   18.209723 v _1234_/A (sky130_fd_sc_hd__or4b_4)
     2    0.006570    0.164134    1.098424   19.308147 v _1234_/X (sky130_fd_sc_hd__or4b_4)
                                                         _0471_ (net)
                      0.164134    0.000046   19.308193 v _1240_/A1 (sky130_fd_sc_hd__a32o_2)
     4    0.023666    0.151677    0.578659   19.886852 v _1240_/X (sky130_fd_sc_hd__a32o_2)
                                                         _0477_ (net)
                      0.151677    0.000357   19.887209 v fanout19/A (sky130_fd_sc_hd__buf_8)
     5    0.023744    0.055329    0.265223   20.152431 v fanout19/X (sky130_fd_sc_hd__buf_8)
                                                         net19 (net)
                      0.055363    0.000206   20.152637 v _1251_/A1 (sky130_fd_sc_hd__a2111o_1)
     2    0.007494    0.152564    0.757272   20.909908 v _1251_/X (sky130_fd_sc_hd__a2111o_1)
                                                         _0488_ (net)
                      0.152564    0.000046   20.909956 v _1253_/B2 (sky130_fd_sc_hd__a32o_2)
     5    0.018028    0.131169    0.530127   21.440083 v _1253_/X (sky130_fd_sc_hd__a32o_2)
                                                         _0490_ (net)
                      0.131241    0.000306   21.440388 v _1260_/A (sky130_fd_sc_hd__and3_1)
     2    0.012056    0.147606    0.399531   21.839918 v _1260_/X (sky130_fd_sc_hd__and3_1)
                                                         _0497_ (net)
                      0.147606    0.000165   21.840084 v _1286_/B (sky130_fd_sc_hd__and3_1)
     1    0.008840    0.119911    0.423533   22.263617 v _1286_/X (sky130_fd_sc_hd__and3_1)
                                                         _0523_ (net)
                      0.119911    0.000092   22.263710 v _1288_/B1 (sky130_fd_sc_hd__a221oi_4)
     3    0.018263    0.484663    0.537735   22.801445 ^ _1288_/Y (sky130_fd_sc_hd__a221oi_4)
                                                         _0525_ (net)
                      0.484663    0.000158   22.801603 ^ _1297_/A3 (sky130_fd_sc_hd__o31ai_4)
     4    0.016846    0.169831    0.264416   23.066019 v _1297_/Y (sky130_fd_sc_hd__o31ai_4)
                                                         _0534_ (net)
                      0.169831    0.000059   23.066078 v fanout18/A (sky130_fd_sc_hd__buf_6)
     6    0.033676    0.075175    0.294428   23.360506 v fanout18/X (sky130_fd_sc_hd__buf_6)
                                                         net18 (net)
                      0.075175    0.000364   23.360870 v fanout17/A (sky130_fd_sc_hd__buf_8)
     5    0.016754    0.048202    0.219879   23.580750 v fanout17/X (sky130_fd_sc_hd__buf_8)
                                                         net17 (net)
                      0.048202    0.000115   23.580864 v _1324_/A1 (sky130_fd_sc_hd__a31o_1)
     2    0.006968    0.100166    0.345560   23.926424 v _1324_/X (sky130_fd_sc_hd__a31o_1)
                                                         _0561_ (net)
                      0.100166    0.000046   23.926470 v _1331_/A2 (sky130_fd_sc_hd__a211o_4)
     4    0.026470    0.131926    0.678517   24.604988 v _1331_/X (sky130_fd_sc_hd__a211o_4)
                                                         _0568_ (net)
                      0.131926    0.000341   24.605328 v _1349_/A (sky130_fd_sc_hd__or4_4)
     1    0.010125    0.173591    1.106779   25.712107 v _1349_/X (sky130_fd_sc_hd__or4_4)
                                                         _0586_ (net)
                      0.173591    0.000140   25.712248 v _1350_/A1 (sky130_fd_sc_hd__o32ai_4)
     3    0.023665    0.571793    0.681419   26.393667 ^ _1350_/Y (sky130_fd_sc_hd__o32ai_4)
                                                         _0587_ (net)
                      0.571793    0.000135   26.393801 ^ clone1/A2 (sky130_fd_sc_hd__o21ai_4)
     5    0.021440    0.178066    0.294577   26.688379 v clone1/Y (sky130_fd_sc_hd__o21ai_4)
                                                         net109 (net)
                      0.178066    0.000366   26.688744 v _1367_/A1 (sky130_fd_sc_hd__a21o_1)
     2    0.010371    0.119710    0.392193   27.080936 v _1367_/X (sky130_fd_sc_hd__a21o_1)
                                                         _0604_ (net)
                      0.119710    0.000080   27.081017 v _1373_/B (sky130_fd_sc_hd__xor2_2)
     4    0.010087    0.159775    0.309752   27.390770 v _1373_/X (sky130_fd_sc_hd__xor2_2)
                                                         _0610_ (net)
                      0.159775    0.000062   27.390831 v _1380_/A_N (sky130_fd_sc_hd__and4b_1)
     1    0.009207    0.194290    0.618149   28.008982 ^ _1380_/X (sky130_fd_sc_hd__and4b_1)
                                                         _0617_ (net)
                      0.194290    0.000082   28.009062 ^ _1384_/A1 (sky130_fd_sc_hd__a21oi_4)
     6    0.018832    0.117945    0.184171   28.193233 v _1384_/Y (sky130_fd_sc_hd__a21oi_4)
                                                         _0621_ (net)
                      0.117945    0.000311   28.193544 v _1404_/A2 (sky130_fd_sc_hd__a211o_4)
     4    0.017058    0.108475    0.653623   28.847168 v _1404_/X (sky130_fd_sc_hd__a211o_4)
                                                         _0641_ (net)
                      0.108475    0.000153   28.847321 v rebuffer17/A (sky130_fd_sc_hd__buf_6)
     1    0.008435    0.041817    0.224542   29.071861 v rebuffer17/X (sky130_fd_sc_hd__buf_6)
                                                         net125 (net)
                      0.041817    0.000075   29.071938 v _1418_/A3 (sky130_fd_sc_hd__o31ai_4)
     5    0.021435    0.496206    0.461460   29.533398 ^ _1418_/Y (sky130_fd_sc_hd__o31ai_4)
                                                         _0655_ (net)
                      0.496206    0.000185   29.533583 ^ fanout16/A (sky130_fd_sc_hd__buf_6)
     5    0.016506    0.078345    0.344574   29.878157 ^ fanout16/X (sky130_fd_sc_hd__buf_6)
                                                         net16 (net)
                      0.078345    0.000131   29.878288 ^ _1494_/A2 (sky130_fd_sc_hd__a31o_1)
     1    0.003698    0.093168    0.299835   30.178122 ^ _1494_/X (sky130_fd_sc_hd__a31o_1)
                                                         _0721_ (net)
                      0.093168    0.000071   30.178194 ^ _1496_/C_N (sky130_fd_sc_hd__or3b_4)
     1    0.003086    0.112211    0.723453   30.901646 v _1496_/X (sky130_fd_sc_hd__or3b_4)
                                                         _0723_ (net)
                      0.112211    0.000032   30.901678 v _1500_/A1 (sky130_fd_sc_hd__a32o_1)
     1    0.002852    0.071577    0.408953   31.310631 v _1500_/X (sky130_fd_sc_hd__a32o_1)
                                                         _0042_ (net)
                      0.071577    0.000028   31.310659 v _1624_/D (sky130_fd_sc_hd__dfrtp_4)
                                             31.310659   data arrival time

                                 25.000000   25.000000   clock clk (rise edge)
                                  0.000000   25.000000   clock source latency
     2    0.018154    0.137073    0.092868   25.092867 ^ clk (in)
                                                         clk (net)
                      0.137074    0.000000   25.092867 ^ clkbuf_0_clk/A (sky130_fd_sc_hd__clkbuf_16)
    17    0.099182    0.174881    0.343498   25.436365 ^ clkbuf_0_clk/X (sky130_fd_sc_hd__clkbuf_16)
                                                         clknet_0_clk (net)
                      0.174898    0.001982   25.438347 ^ clkbuf_3_7__f_clk/A (sky130_fd_sc_hd__clkbuf_16)
     7    0.029980    0.080330    0.283826   25.722174 ^ clkbuf_3_7__f_clk/X (sky130_fd_sc_hd__clkbuf_16)
                                                         clknet_3_7__leaf_clk (net)
                      0.080331    0.000410   25.722584 ^ _1624_/CLK (sky130_fd_sc_hd__dfrtp_4)
                                 -0.250000   25.472586   clock uncertainty
                                  0.000000   25.472586   clock reconvergence pessimism
                                 -0.272690   25.199894   library setup time
                                             25.199894   data required time
---------------------------------------------------------------------------------------------
                                             25.199894   data required time
                                            -31.310659   data arrival time
---------------------------------------------------------------------------------------------
                                             -6.110765   slack (VIOLATED)




===========================================================================
 report_check_types -max_slew -max_cap -max_fanout -violators
============================================================================
======================= min_ss_100C_1v60 Corner ===================================

max slew

Pin                                        Limit        Slew       Slack
------------------------------------------------------------------------
_0973_/Y                                0.750000    0.857912   -0.107912 (VIOLATED)
_0977_/A1                               0.750000    0.857912   -0.107912 (VIOLATED)
_1031_/B1                               0.750000    0.857912   -0.107912 (VIOLATED)
max_cap35/A                             0.750000    0.857912   -0.107912 (VIOLATED)

max fanout

Pin                                   Limit Fanout  Slack
---------------------------------------------------------
_1614_/Q                                 10     21    -11 (VIOLATED)
_1615_/Q                                 10     21    -11 (VIOLATED)
fanout32/X                               10     21    -11 (VIOLATED)
fanout38/X                               10     21    -11 (VIOLATED)
fanout42/X                               10     21    -11 (VIOLATED)
fanout49/X                               10     21    -11 (VIOLATED)
clkbuf_0_clk/X                           10     17     -7 (VIOLATED)
fanout47/X                               10     17     -7 (VIOLATED)
_0854_/X                                 10     13     -3 (VIOLATED)
clkbuf_3_1__f_clk/X                      10     12     -2 (VIOLATED)
clkbuf_3_2__f_clk/X                      10     12     -2 (VIOLATED)
clkbuf_3_3__f_clk/X                      10     12     -2 (VIOLATED)
_0782_/Y                                 10     11        (VIOLATED)
clkbuf_3_5__f_clk/X                      10     11        (VIOLATED)



===========================================================================
report_parasitic_annotation -report_unannotated
============================================================================
Found 97 unannotated drivers.
 en
 gpio_in[10]
 gpio_in[11]
 gpio_in[12]
 gpio_in[13]
 gpio_in[14]
 gpio_in[15]
 gpio_in[16]
 gpio_in[17]
 gpio_in[18]
 gpio_in[19]
 gpio_in[20]
 gpio_in[21]
 gpio_in[22]
 gpio_in[23]
 gpio_in[24]
 gpio_in[25]
 gpio_in[26]
 gpio_in[27]
 gpio_in[28]
 gpio_in[29]
 gpio_in[30]
 gpio_in[31]
 gpio_in[32]
 gpio_in[33]
 gpio_in[4]
 gpio_in[5]
 gpio_in[6]
 gpio_in[7]
 gpio_in[8]
 gpio_in[9]
 clkload0/Y
 clkload1/X
 clkload2/X
 clkload3/Y
 clkload4/Y
 clkload5/Y
 clkload6/Y
 team_04_100/LO
 team_04_101/LO
 team_04_102/LO
 team_04_103/LO
 team_04_104/LO
 team_04_105/LO
 team_04_106/LO
 team_04_107/LO
 team_04_108/LO
 team_04_50/HI
 team_04_51/HI
 team_04_52/HI
 team_04_53/HI
 team_04_54/HI
 team_04_55/HI
 team_04_56/HI
 team_04_57/HI
 team_04_58/HI
 team_04_59/HI
 team_04_60/HI
 team_04_61/HI
 team_04_62/HI
 team_04_63/HI
 team_04_64/HI
 team_04_65/HI
 team_04_66/HI
 team_04_67/HI
 team_04_68/HI
 team_04_69/HI
 team_04_70/HI
 team_04_71/HI
 team_04_72/HI
 team_04_73/HI
 team_04_74/HI
 team_04_75/HI
 team_04_76/HI
 team_04_77/HI
 team_04_78/HI
 team_04_79/HI
 team_04_80/HI
 team_04_81/HI
 team_04_82/HI
 team_04_83/HI
 team_04_84/HI
 team_04_85/HI
 team_04_86/HI
 team_04_87/HI
 team_04_88/HI
 team_04_89/HI
 team_04_90/HI
 team_04_91/HI
 team_04_92/HI
 team_04_93/HI
 team_04_94/LO
 team_04_95/LO
 team_04_96/LO
 team_04_97/LO
 team_04_98/LO
 team_04_99/LO
Found 0 partially unannotated drivers.

===========================================================================
max slew violation count 4
max fanout violation count 14
max cap violation count 0
============================================================================

===========================================================================
check_setup -verbose -unconstrained_endpoints -multiple_clock -no_clock -no_input_delay -loops -generated_clocks
===========================================================================
Warning: There are 59 unconstrained endpoints.
  gpio_oeb[0]
  gpio_oeb[10]
  gpio_oeb[11]
  gpio_oeb[12]
  gpio_oeb[13]
  gpio_oeb[14]
  gpio_oeb[15]
  gpio_oeb[16]
  gpio_oeb[17]
  gpio_oeb[18]
  gpio_oeb[19]
  gpio_oeb[1]
  gpio_oeb[20]
  gpio_oeb[21]
  gpio_oeb[22]
  gpio_oeb[23]
  gpio_oeb[24]
  gpio_oeb[25]
  gpio_oeb[26]
  gpio_oeb[27]
  gpio_oeb[28]
  gpio_oeb[29]
  gpio_oeb[2]
  gpio_oeb[30]
  gpio_oeb[31]
  gpio_oeb[32]
  gpio_oeb[33]
  gpio_oeb[3]
  gpio_oeb[4]
  gpio_oeb[5]
  gpio_oeb[6]
  gpio_oeb[7]
  gpio_oeb[8]
  gpio_oeb[9]
  gpio_out[0]
  gpio_out[15]
  gpio_out[16]
  gpio_out[17]
  gpio_out[18]
  gpio_out[19]
  gpio_out[1]
  gpio_out[20]
  gpio_out[21]
  gpio_out[22]
  gpio_out[23]
  gpio_out[24]
  gpio_out[25]
  gpio_out[26]
  gpio_out[27]
  gpio_out[28]
  gpio_out[29]
  gpio_out[2]
  gpio_out[30]
  gpio_out[31]
  gpio_out[32]
  gpio_out[33]
  gpio_out[3]
  gpio_out[6]
  gpio_out[7]
