Clock: clk
Sources: clk 
Generated: no
Virtual: yes
Propagated: no
Period: 25.000000

===========================================================================
report_clock_properties
============================================================================
Clock                   Period          Waveform
----------------------------------------------------
clk                  25.000000    0.000000 12.500000

===========================================================================
report_clock_latency
============================================================================
Clock clk
rise -> rise
    min     max
0.000000 0.000000 source latency
0.722584         network latency _1624_/CLK
        0.735533 network latency _1637_/CLK
---------------
0.722584 0.735533 latency
        0.012948 skew

fall -> fall
    min     max
0.000000 0.000000 source latency
0.671506         network latency _1624_/CLK
        0.683031 network latency _1637_/CLK
---------------
0.671506 0.683031 latency
        0.011525 skew



===========================================================================
report_clock_min_period
============================================================================
clk period_min = 31.11 fmax = 32.14
