
===========================================================================
report_checks -unconstrained
===========================================================================
======================= nom_tt_025C_1v80 Corner ===================================

Startpoint: nrst (input port clocked by clk)
Endpoint: _8598_ (recovery check against rising-edge clock clk)
Path Group: asynchronous
Path Type: max

Fanout         Cap        Slew       Delay        Time   Description
---------------------------------------------------------------------------------------------
                                  0.000000    0.000000   clock clk (rise edge)
                                  0.000000    0.000000   clock network delay (propagated)
                                  5.000000    5.000000 ^ input external delay
     2    0.004347    0.026445    0.015724    5.015725 ^ nrst (in)
                                                         nrst (net)
                      0.026445    0.000000    5.015725 ^ input19/A (sky130_fd_sc_hd__clkbuf_2)
     5    0.047252    0.257195    0.245629    5.261353 ^ input19/X (sky130_fd_sc_hd__clkbuf_2)
                                                         net19 (net)
                      0.257269    0.003613    5.264966 ^ fanout353/A (sky130_fd_sc_hd__clkbuf_4)
    13    0.074697    0.226311    0.340256    5.605223 ^ fanout353/X (sky130_fd_sc_hd__clkbuf_4)
                                                         net353 (net)
                      0.226330    0.002224    5.607446 ^ fanout348/A (sky130_fd_sc_hd__clkbuf_4)
    21    0.073417    0.222943    0.324259    5.931705 ^ fanout348/X (sky130_fd_sc_hd__clkbuf_4)
                                                         net348 (net)
                      0.222964    0.001838    5.933543 ^ fanout347/A (sky130_fd_sc_hd__buf_2)
     8    0.048424    0.237192    0.299587    6.233130 ^ fanout347/X (sky130_fd_sc_hd__buf_2)
                                                         net347 (net)
                      0.237193    0.000977    6.234107 ^ fanout346/A (sky130_fd_sc_hd__clkbuf_4)
    10    0.052207    0.161980    0.289142    6.523249 ^ fanout346/X (sky130_fd_sc_hd__clkbuf_4)
                                                         net346 (net)
                      0.161985    0.001168    6.524417 ^ _8598_/RESET_B (sky130_fd_sc_hd__dfrtp_2)
                                              6.524417   data arrival time

                                 25.000000   25.000000   clock clk (rise edge)
                                  0.000000   25.000000   clock source latency
     2    0.047498    0.217938    0.151839   25.151838 ^ clk (in)
                                                         clk (net)
                      0.217966    0.000000   25.151838 ^ clkbuf_0_clk/A (sky130_fd_sc_hd__clkbuf_16)
    33    0.186305    0.197962    0.299236   25.451075 ^ clkbuf_0_clk/X (sky130_fd_sc_hd__clkbuf_16)
                                                         clknet_0_clk (net)
                      0.198089    0.004160   25.455235 ^ clkbuf_4_8_0_clk/A (sky130_fd_sc_hd__clkbuf_8)
    11    0.037826    0.079602    0.206210   25.661446 ^ clkbuf_4_8_0_clk/X (sky130_fd_sc_hd__clkbuf_8)
                                                         clknet_4_8_0_clk (net)
                      0.079635    0.001499   25.662945 ^ _8598_/CLK (sky130_fd_sc_hd__dfrtp_2)
                                 -0.250000   25.412945   clock uncertainty
                                  0.000000   25.412945   clock reconvergence pessimism
                                  0.195113   25.608059   library recovery time
                                             25.608059   data required time
---------------------------------------------------------------------------------------------
                                             25.608059   data required time
                                             -6.524417   data arrival time
---------------------------------------------------------------------------------------------
                                             19.083641   slack (MET)


Startpoint: gpio_in[6] (input port clocked by clk)
Endpoint: _8685_ (rising edge-triggered flip-flop clocked by clk)
Path Group: clk
Path Type: max

Fanout         Cap        Slew       Delay        Time   Description
---------------------------------------------------------------------------------------------
                                  0.000000    0.000000   clock clk (rise edge)
                                  0.000000    0.000000   clock network delay (propagated)
                                  5.000000    5.000000 ^ input external delay
     2    0.004806    0.028447    0.017226    5.017226 ^ gpio_in[6] (in)
                                                         gpio_in[6] (net)
                      0.028448    0.000000    5.017226 ^ input15/A (sky130_fd_sc_hd__buf_2)
    13    0.074858    0.361800    0.322934    5.340159 ^ input15/X (sky130_fd_sc_hd__buf_2)
                                                         net15 (net)
                      0.361856    0.003769    5.343929 ^ _4272_/A0 (sky130_fd_sc_hd__mux2_4)
     9    0.037108    0.125059    0.299750    5.643679 ^ _4272_/X (sky130_fd_sc_hd__mux2_4)
                                                         PID_INST.k3_calc.d1.y[4] (net)
                      0.125066    0.001091    5.644770 ^ fanout175/A (sky130_fd_sc_hd__buf_2)
    19    0.055937    0.272172    0.296916    5.941686 ^ fanout175/X (sky130_fd_sc_hd__buf_2)
                                                         net175 (net)
                      0.272229    0.003267    5.944952 ^ fanout174/A (sky130_fd_sc_hd__buf_2)
    10    0.035687    0.177426    0.271382    6.216335 ^ fanout174/X (sky130_fd_sc_hd__buf_2)
                                                         net174 (net)
                      0.177438    0.001650    6.217985 ^ _4680_/A (sky130_fd_sc_hd__and4_1)
     4    0.009842    0.113653    0.253826    6.471811 ^ _4680_/X (sky130_fd_sc_hd__and4_1)
                                                         _3956_ (net)
                      0.113653    0.000119    6.471931 ^ _4696_/A_N (sky130_fd_sc_hd__and4bb_1)
     3    0.006831    0.057881    0.213416    6.685346 v _4696_/X (sky130_fd_sc_hd__and4bb_1)
                                                         _3972_ (net)
                      0.057881    0.000191    6.685537 v _4698_/C (sky130_fd_sc_hd__or4_4)
     3    0.009799    0.093724    0.496565    7.182102 v _4698_/X (sky130_fd_sc_hd__or4_4)
                                                         _3974_ (net)
                      0.093724    0.000201    7.182303 v _4706_/A1 (sky130_fd_sc_hd__a21o_1)
     2    0.005537    0.044586    0.183096    7.365399 v _4706_/X (sky130_fd_sc_hd__a21o_1)
                                                         _3982_ (net)
                      0.044586    0.000145    7.365544 v _4723_/B2 (sky130_fd_sc_hd__a22o_1)
     1    0.002640    0.039318    0.190250    7.555794 v _4723_/X (sky130_fd_sc_hd__a22o_1)
                                                         _3999_ (net)
                      0.039318    0.000075    7.555868 v _4725_/A2 (sky130_fd_sc_hd__a31o_1)
     2    0.007935    0.060210    0.223064    7.778933 v _4725_/X (sky130_fd_sc_hd__a31o_1)
                                                         _4001_ (net)
                      0.060210    0.000180    7.779113 v _4727_/B2 (sky130_fd_sc_hd__o22a_1)
     1    0.004269    0.050105    0.167215    7.946327 v _4727_/X (sky130_fd_sc_hd__o22a_1)
                                                         _4003_ (net)
                      0.050105    0.000123    7.946450 v _4728_/B2 (sky130_fd_sc_hd__a22oi_2)
     2    0.007251    0.165786    0.171004    8.117454 ^ _4728_/Y (sky130_fd_sc_hd__a22oi_2)
                                                         _4004_ (net)
                      0.165786    0.000177    8.117630 ^ _4731_/A (sky130_fd_sc_hd__nand2_1)
     1    0.004088    0.059566    0.080546    8.198176 v _4731_/Y (sky130_fd_sc_hd__nand2_1)
                                                         _4007_ (net)
                      0.059566    0.000131    8.198307 v _4732_/B1 (sky130_fd_sc_hd__o31a_1)
     1    0.002439    0.044959    0.102130    8.300437 v _4732_/X (sky130_fd_sc_hd__o31a_1)
                                                         _4008_ (net)
                      0.044959    0.000048    8.300485 v _4733_/B2 (sky130_fd_sc_hd__a221o_1)
     1    0.002551    0.050320    0.309133    8.609618 v _4733_/X (sky130_fd_sc_hd__a221o_1)
                                                         _4009_ (net)
                      0.050320    0.000051    8.609669 v _4734_/A1 (sky130_fd_sc_hd__a31o_1)
     4    0.014788    0.087679    0.223817    8.833486 v _4734_/X (sky130_fd_sc_hd__a31o_1)
                                                         _4010_ (net)
                      0.087683    0.000670    8.834155 v _4856_/A1 (sky130_fd_sc_hd__a221o_1)
     2    0.008402    0.080057    0.359343    9.193498 v _4856_/X (sky130_fd_sc_hd__a221o_1)
                                                         _4132_ (net)
                      0.080057    0.000231    9.193728 v _4861_/A1 (sky130_fd_sc_hd__a31o_1)
     2    0.011691    0.074492    0.224502    9.418231 v _4861_/X (sky130_fd_sc_hd__a31o_1)
                                                         _4137_ (net)
                      0.074492    0.000237    9.418468 v _5006_/A1 (sky130_fd_sc_hd__a21o_1)
     3    0.014175    0.079341    0.209683    9.628151 v _5006_/X (sky130_fd_sc_hd__a21o_1)
                                                         _0094_ (net)
                      0.079343    0.000512    9.628663 v _5086_/A1 (sky130_fd_sc_hd__a21bo_1)
     2    0.010882    0.067891    0.212237    9.840900 v _5086_/X (sky130_fd_sc_hd__a21bo_1)
                                                         _0174_ (net)
                      0.067892    0.000424    9.841325 v _5092_/A2 (sky130_fd_sc_hd__a21o_1)
     4    0.018250    0.096142    0.243917   10.085241 v _5092_/X (sky130_fd_sc_hd__a21o_1)
                                                         _0180_ (net)
                      0.096142    0.000414   10.085655 v _5349_/A3 (sky130_fd_sc_hd__a31o_4)
     3    0.030917    0.068922    0.298425   10.384081 v _5349_/X (sky130_fd_sc_hd__a31o_4)
                                                         _0437_ (net)
                      0.068928    0.000682   10.384763 v _6106_/A2 (sky130_fd_sc_hd__a211o_4)
     3    0.016800    0.069094    0.366263   10.751025 v _6106_/X (sky130_fd_sc_hd__a211o_4)
                                                         _1194_ (net)
                      0.069094    0.000465   10.751490 v _6107_/C (sky130_fd_sc_hd__nand3_4)
     5    0.036370    0.140193    0.147984   10.899473 ^ _6107_/Y (sky130_fd_sc_hd__nand3_4)
                                                         _1195_ (net)
                      0.140210    0.001174   10.900648 ^ _6520_/A1 (sky130_fd_sc_hd__a311o_4)
     6    0.040646    0.158427    0.294985   11.195633 ^ _6520_/X (sky130_fd_sc_hd__a311o_4)
                                                         _1606_ (net)
                      0.158427    0.000655   11.196289 ^ _6681_/A2 (sky130_fd_sc_hd__a21o_2)
     9    0.046314    0.232030    0.295452   11.491740 ^ _6681_/X (sky130_fd_sc_hd__a21o_2)
                                                         _1770_ (net)
                      0.232030    0.000494   11.492234 ^ _6968_/A2 (sky130_fd_sc_hd__a21o_2)
    15    0.055057    0.273969    0.343018   11.835252 ^ _6968_/X (sky130_fd_sc_hd__a21o_2)
                                                         _2069_ (net)
                      0.274063    0.000957   11.836208 ^ _7054_/B1 (sky130_fd_sc_hd__o21a_1)
     1    0.009702    0.102318    0.212248   12.048457 ^ _7054_/X (sky130_fd_sc_hd__o21a_1)
                                                         _2159_ (net)
                      0.102318    0.000306   12.048762 ^ _7080_/A (sky130_fd_sc_hd__xnor2_2)
     5    0.029848    0.401416    0.207574   12.256337 ^ _7080_/Y (sky130_fd_sc_hd__xnor2_2)
                                                         _2187_ (net)
                      0.401424    0.001531   12.257868 ^ fanout37/A (sky130_fd_sc_hd__clkbuf_4)
    21    0.064938    0.198833    0.354024   12.611893 ^ fanout37/X (sky130_fd_sc_hd__clkbuf_4)
                                                         net37 (net)
                      0.199166    0.005637   12.617530 ^ _7081_/B (sky130_fd_sc_hd__nor2_1)
     1    0.009286    0.081177    0.100666   12.718196 v _7081_/Y (sky130_fd_sc_hd__nor2_1)
                                                         _2188_ (net)
                      0.081177    0.000292   12.718488 v _7090_/A (sky130_fd_sc_hd__xnor2_2)
     2    0.017222    0.257729    0.268996   12.987484 ^ _7090_/Y (sky130_fd_sc_hd__xnor2_2)
                                                         _2197_ (net)
                      0.257737    0.001129   12.988613 ^ _7091_/B (sky130_fd_sc_hd__xnor2_1)
     2    0.007242    0.201165    0.185961   13.174574 ^ _7091_/Y (sky130_fd_sc_hd__xnor2_1)
                                                         _2198_ (net)
                      0.201165    0.000216   13.174789 ^ _7093_/B (sky130_fd_sc_hd__xnor2_1)
     2    0.007995    0.111815    0.125321   13.300111 v _7093_/Y (sky130_fd_sc_hd__xnor2_1)
                                                         _2200_ (net)
                      0.111815    0.000163   13.300274 v _7144_/A (sky130_fd_sc_hd__xnor2_1)
     2    0.012748    0.311467    0.320967   13.621242 ^ _7144_/Y (sky130_fd_sc_hd__xnor2_1)
                                                         _2255_ (net)
                      0.311467    0.000360   13.621601 ^ _7147_/A (sky130_fd_sc_hd__xor2_2)
     2    0.014851    0.216700    0.250079   13.871680 ^ _7147_/X (sky130_fd_sc_hd__xor2_2)
                                                         _2258_ (net)
                      0.216700    0.000397   13.872077 ^ _7148_/B (sky130_fd_sc_hd__xnor2_2)
     3    0.014990    0.091419    0.127791   13.999868 v _7148_/Y (sky130_fd_sc_hd__xnor2_2)
                                                         _2259_ (net)
                      0.091419    0.000433   14.000301 v _7150_/A (sky130_fd_sc_hd__xor2_2)
     3    0.015314    0.129460    0.214477   14.214779 v _7150_/X (sky130_fd_sc_hd__xor2_2)
                                                         _2261_ (net)
                      0.129460    0.000224   14.215003 v _7404_/B1 (sky130_fd_sc_hd__a2bb2o_2)
     1    0.005702    0.051303    0.296533   14.511536 v _7404_/X (sky130_fd_sc_hd__a2bb2o_2)
                                                         _2531_ (net)
                      0.051303    0.000190   14.511725 v _7405_/B (sky130_fd_sc_hd__xor2_1)
     2    0.006681    0.082360    0.155870   14.667596 v _7405_/X (sky130_fd_sc_hd__xor2_1)
                                                         _2532_ (net)
                      0.082360    0.000191   14.667787 v _7407_/B (sky130_fd_sc_hd__xor2_1)
     2    0.007168    0.097645    0.169957   14.837744 v _7407_/X (sky130_fd_sc_hd__xor2_1)
                                                         _2534_ (net)
                      0.097645    0.000130   14.837873 v _7574_/A2 (sky130_fd_sc_hd__a21o_1)
     3    0.014250    0.079673    0.240998   15.078872 v _7574_/X (sky130_fd_sc_hd__a21o_1)
                                                         _2711_ (net)
                      0.079677    0.000648   15.079520 v _7737_/A1 (sky130_fd_sc_hd__a211o_1)
     3    0.013876    0.096365    0.320732   15.400252 v _7737_/X (sky130_fd_sc_hd__a211o_1)
                                                         _2874_ (net)
                      0.096369    0.000725   15.400977 v _8197_/A1 (sky130_fd_sc_hd__a31o_1)
     3    0.013400    0.081839    0.237735   15.638712 v _8197_/X (sky130_fd_sc_hd__a31o_1)
                                                         _3355_ (net)
                      0.081842    0.000604   15.639316 v _8468_/A3 (sky130_fd_sc_hd__a31o_1)
     2    0.008376    0.061513    0.253657   15.892973 v _8468_/X (sky130_fd_sc_hd__a31o_1)
                                                         _3646_ (net)
                      0.061513    0.000249   15.893222 v _8472_/A3 (sky130_fd_sc_hd__a31o_1)
     1    0.005724    0.049717    0.231704   16.124926 v _8472_/X (sky130_fd_sc_hd__a31o_1)
                                                         _3649_ (net)
                      0.049717    0.000190   16.125116 v _8561_/A (sky130_fd_sc_hd__xnor2_1)
     1    0.002372    0.043286    0.118256   16.243372 v _8561_/Y (sky130_fd_sc_hd__xnor2_1)
                                                         _3746_ (net)
                      0.043286    0.000048   16.243420 v _8562_/A1 (sky130_fd_sc_hd__mux2_1)
     1    0.002234    0.051888    0.281663   16.525082 v _8562_/X (sky130_fd_sc_hd__mux2_1)
                                                         _0074_ (net)
                      0.051888    0.000064   16.525146 v _8685_/D (sky130_fd_sc_hd__dfrtp_1)
                                             16.525146   data arrival time

                                 25.000000   25.000000   clock clk (rise edge)
                                  0.000000   25.000000   clock source latency
     2    0.047498    0.217938    0.151839   25.151838 ^ clk (in)
                                                         clk (net)
                      0.217966    0.000000   25.151838 ^ clkbuf_0_clk/A (sky130_fd_sc_hd__clkbuf_16)
    33    0.186305    0.197962    0.299236   25.451075 ^ clkbuf_0_clk/X (sky130_fd_sc_hd__clkbuf_16)
                                                         clknet_0_clk (net)
                      0.198794    0.010349   25.461424 ^ clkbuf_4_7_0_clk/A (sky130_fd_sc_hd__clkbuf_8)
    10    0.038437    0.080561    0.207230   25.668653 ^ clkbuf_4_7_0_clk/X (sky130_fd_sc_hd__clkbuf_8)
                                                         clknet_4_7_0_clk (net)
                      0.080582    0.001235   25.669888 ^ _8685_/CLK (sky130_fd_sc_hd__dfrtp_1)
                                 -0.250000   25.419889   clock uncertainty
                                  0.000000   25.419889   clock reconvergence pessimism
                                 -0.109131   25.310759   library setup time
                                             25.310759   data required time
---------------------------------------------------------------------------------------------
                                             25.310759   data required time
                                            -16.525146   data arrival time
---------------------------------------------------------------------------------------------
                                              8.785612   slack (MET)




===========================================================================
report_checks --slack_max -0.01
============================================================================
======================= nom_tt_025C_1v80 Corner ===================================

No paths found.


===========================================================================
 report_check_types -max_slew -max_cap -max_fanout -violators
============================================================================
======================= nom_tt_025C_1v80 Corner ===================================

max fanout

Pin                                   Limit Fanout  Slack
---------------------------------------------------------
clkbuf_0_clk/X                           10     33    -23 (VIOLATED)
clkbuf_4_1_0_clk/X                       10     23    -13 (VIOLATED)
_4309_/Y                                 10     21    -11 (VIOLATED)
_4325_/Y                                 10     21    -11 (VIOLATED)
_6970_/Y                                 10     21    -11 (VIOLATED)
fanout100/X                              10     21    -11 (VIOLATED)
fanout101/X                              10     21    -11 (VIOLATED)
fanout103/X                              10     21    -11 (VIOLATED)
fanout104/X                              10     21    -11 (VIOLATED)
fanout105/X                              10     21    -11 (VIOLATED)
fanout107/X                              10     21    -11 (VIOLATED)
fanout109/X                              10     21    -11 (VIOLATED)
fanout110/X                              10     21    -11 (VIOLATED)
fanout111/X                              10     21    -11 (VIOLATED)
fanout114/X                              10     21    -11 (VIOLATED)
fanout115/X                              10     21    -11 (VIOLATED)
fanout117/X                              10     21    -11 (VIOLATED)
fanout122/X                              10     21    -11 (VIOLATED)
fanout123/X                              10     21    -11 (VIOLATED)
fanout125/X                              10     21    -11 (VIOLATED)
fanout127/X                              10     21    -11 (VIOLATED)
fanout128/X                              10     21    -11 (VIOLATED)
fanout129/X                              10     21    -11 (VIOLATED)
fanout136/X                              10     21    -11 (VIOLATED)
fanout139/X                              10     21    -11 (VIOLATED)
fanout141/X                              10     21    -11 (VIOLATED)
fanout149/X                              10     21    -11 (VIOLATED)
fanout152/X                              10     21    -11 (VIOLATED)
fanout153/X                              10     21    -11 (VIOLATED)
fanout160/X                              10     21    -11 (VIOLATED)
fanout172/X                              10     21    -11 (VIOLATED)
fanout173/X                              10     21    -11 (VIOLATED)
fanout176/X                              10     21    -11 (VIOLATED)
fanout177/X                              10     21    -11 (VIOLATED)
fanout183/X                              10     21    -11 (VIOLATED)
fanout188/X                              10     21    -11 (VIOLATED)
fanout194/X                              10     21    -11 (VIOLATED)
fanout195/X                              10     21    -11 (VIOLATED)
fanout198/X                              10     21    -11 (VIOLATED)
fanout200/X                              10     21    -11 (VIOLATED)
fanout202/X                              10     21    -11 (VIOLATED)
fanout204/X                              10     21    -11 (VIOLATED)
fanout210/X                              10     21    -11 (VIOLATED)
fanout212/X                              10     21    -11 (VIOLATED)
fanout214/X                              10     21    -11 (VIOLATED)
fanout216/X                              10     21    -11 (VIOLATED)
fanout218/X                              10     21    -11 (VIOLATED)
fanout220/X                              10     21    -11 (VIOLATED)
fanout222/X                              10     21    -11 (VIOLATED)
fanout224/X                              10     21    -11 (VIOLATED)
fanout226/X                              10     21    -11 (VIOLATED)
fanout228/X                              10     21    -11 (VIOLATED)
fanout232/X                              10     21    -11 (VIOLATED)
fanout237/X                              10     21    -11 (VIOLATED)
fanout238/X                              10     21    -11 (VIOLATED)
fanout241/X                              10     21    -11 (VIOLATED)
fanout245/X                              10     21    -11 (VIOLATED)
fanout249/X                              10     21    -11 (VIOLATED)
fanout256/X                              10     21    -11 (VIOLATED)
fanout259/X                              10     21    -11 (VIOLATED)
fanout265/X                              10     21    -11 (VIOLATED)
fanout270/X                              10     21    -11 (VIOLATED)
fanout272/X                              10     21    -11 (VIOLATED)
fanout275/X                              10     21    -11 (VIOLATED)
fanout279/X                              10     21    -11 (VIOLATED)
fanout282/X                              10     21    -11 (VIOLATED)
fanout290/X                              10     21    -11 (VIOLATED)
fanout293/X                              10     21    -11 (VIOLATED)
fanout295/X                              10     21    -11 (VIOLATED)
fanout297/X                              10     21    -11 (VIOLATED)
fanout298/X                              10     21    -11 (VIOLATED)
fanout300/X                              10     21    -11 (VIOLATED)
fanout302/X                              10     21    -11 (VIOLATED)
fanout303/X                              10     21    -11 (VIOLATED)
fanout310/X                              10     21    -11 (VIOLATED)
fanout314/X                              10     21    -11 (VIOLATED)
fanout323/X                              10     21    -11 (VIOLATED)
fanout327/X                              10     21    -11 (VIOLATED)
fanout331/X                              10     21    -11 (VIOLATED)
fanout341/X                              10     21    -11 (VIOLATED)
fanout348/X                              10     21    -11 (VIOLATED)
fanout351/X                              10     21    -11 (VIOLATED)
fanout352/X                              10     21    -11 (VIOLATED)
fanout354/X                              10     21    -11 (VIOLATED)
fanout355/X                              10     21    -11 (VIOLATED)
fanout37/X                               10     21    -11 (VIOLATED)
fanout39/X                               10     21    -11 (VIOLATED)
fanout40/X                               10     21    -11 (VIOLATED)
fanout42/X                               10     21    -11 (VIOLATED)
fanout48/X                               10     21    -11 (VIOLATED)
fanout49/X                               10     21    -11 (VIOLATED)
fanout50/X                               10     21    -11 (VIOLATED)
fanout51/X                               10     21    -11 (VIOLATED)
fanout52/X                               10     21    -11 (VIOLATED)
fanout53/X                               10     21    -11 (VIOLATED)
fanout54/X                               10     21    -11 (VIOLATED)
fanout55/X                               10     21    -11 (VIOLATED)
fanout56/X                               10     21    -11 (VIOLATED)
fanout57/X                               10     21    -11 (VIOLATED)
fanout61/X                               10     21    -11 (VIOLATED)
fanout71/X                               10     21    -11 (VIOLATED)
fanout73/X                               10     21    -11 (VIOLATED)
fanout75/X                               10     21    -11 (VIOLATED)
fanout77/X                               10     21    -11 (VIOLATED)
fanout79/X                               10     21    -11 (VIOLATED)
fanout80/X                               10     21    -11 (VIOLATED)
fanout81/X                               10     21    -11 (VIOLATED)
fanout82/X                               10     21    -11 (VIOLATED)
fanout83/X                               10     21    -11 (VIOLATED)
fanout84/X                               10     21    -11 (VIOLATED)
fanout86/X                               10     21    -11 (VIOLATED)
fanout92/X                               10     21    -11 (VIOLATED)
fanout93/X                               10     21    -11 (VIOLATED)
fanout95/X                               10     21    -11 (VIOLATED)
fanout96/X                               10     21    -11 (VIOLATED)
fanout98/X                               10     21    -11 (VIOLATED)
fanout99/X                               10     21    -11 (VIOLATED)
_4283_/Y                                 10     19     -9 (VIOLATED)
_4293_/Y                                 10     19     -9 (VIOLATED)
_4307_/Y                                 10     19     -9 (VIOLATED)
_4318_/Y                                 10     19     -9 (VIOLATED)
_4319_/Y                                 10     19     -9 (VIOLATED)
_4321_/Y                                 10     19     -9 (VIOLATED)
fanout154/X                              10     19     -9 (VIOLATED)
fanout168/X                              10     19     -9 (VIOLATED)
fanout175/X                              10     19     -9 (VIOLATED)
fanout203/X                              10     19     -9 (VIOLATED)
fanout223/X                              10     19     -9 (VIOLATED)
fanout227/X                              10     19     -9 (VIOLATED)
fanout230/X                              10     19     -9 (VIOLATED)
fanout248/X                              10     19     -9 (VIOLATED)
fanout252/X                              10     19     -9 (VIOLATED)
fanout262/X                              10     19     -9 (VIOLATED)
fanout268/X                              10     19     -9 (VIOLATED)
fanout320/X                              10     19     -9 (VIOLATED)
fanout335/X                              10     19     -9 (VIOLATED)
fanout64/X                               10     19     -9 (VIOLATED)
_4296_/Y                                 10     17     -7 (VIOLATED)
fanout178/X                              10     17     -7 (VIOLATED)
fanout261/X                              10     17     -7 (VIOLATED)
fanout264/X                              10     17     -7 (VIOLATED)
fanout269/X                              10     17     -7 (VIOLATED)
fanout276/X                              10     17     -7 (VIOLATED)
fanout316/X                              10     17     -7 (VIOLATED)
fanout326/X                              10     17     -7 (VIOLATED)
fanout342/X                              10     17     -7 (VIOLATED)
fanout356/X                              10     17     -7 (VIOLATED)
fanout97/X                               10     17     -7 (VIOLATED)
input9/X                                 10     17     -7 (VIOLATED)
_6683_/Y                                 10     15     -5 (VIOLATED)
_6968_/X                                 10     15     -5 (VIOLATED)
clkbuf_4_15_0_clk/X                      10     15     -5 (VIOLATED)
fanout131/X                              10     15     -5 (VIOLATED)
fanout132/X                              10     15     -5 (VIOLATED)
fanout134/X                              10     15     -5 (VIOLATED)
fanout135/X                              10     15     -5 (VIOLATED)
fanout138/X                              10     15     -5 (VIOLATED)
fanout165/X                              10     15     -5 (VIOLATED)
fanout182/X                              10     15     -5 (VIOLATED)
fanout184/X                              10     15     -5 (VIOLATED)
fanout209/X                              10     15     -5 (VIOLATED)
fanout213/X                              10     15     -5 (VIOLATED)
fanout217/X                              10     15     -5 (VIOLATED)
fanout219/X                              10     15     -5 (VIOLATED)
fanout231/X                              10     15     -5 (VIOLATED)
fanout244/X                              10     15     -5 (VIOLATED)
fanout271/X                              10     15     -5 (VIOLATED)
fanout285/X                              10     15     -5 (VIOLATED)
fanout296/X                              10     15     -5 (VIOLATED)
fanout301/X                              10     15     -5 (VIOLATED)
fanout306/X                              10     15     -5 (VIOLATED)
fanout318/X                              10     15     -5 (VIOLATED)
fanout329/X                              10     15     -5 (VIOLATED)
fanout78/X                               10     15     -5 (VIOLATED)
_6109_/Y                                 10     13     -3 (VIOLATED)
clkbuf_4_10_0_clk/X                      10     13     -3 (VIOLATED)
clkbuf_4_2_0_clk/X                       10     13     -3 (VIOLATED)
clkbuf_4_5_0_clk/X                       10     13     -3 (VIOLATED)
fanout120/X                              10     13     -3 (VIOLATED)
fanout169/X                              10     13     -3 (VIOLATED)
fanout221/X                              10     13     -3 (VIOLATED)
fanout240/X                              10     13     -3 (VIOLATED)
fanout246/X                              10     13     -3 (VIOLATED)
fanout274/X                              10     13     -3 (VIOLATED)
fanout281/X                              10     13     -3 (VIOLATED)
fanout283/X                              10     13     -3 (VIOLATED)
fanout304/X                              10     13     -3 (VIOLATED)
fanout309/X                              10     13     -3 (VIOLATED)
fanout313/X                              10     13     -3 (VIOLATED)
fanout353/X                              10     13     -3 (VIOLATED)
fanout47/X                               10     13     -3 (VIOLATED)
input11/X                                10     13     -3 (VIOLATED)
input12/X                                10     13     -3 (VIOLATED)
input13/X                                10     13     -3 (VIOLATED)
input14/X                                10     13     -3 (VIOLATED)
input15/X                                10     13     -3 (VIOLATED)
input16/X                                10     13     -3 (VIOLATED)
input17/X                                10     13     -3 (VIOLATED)
input18/X                                10     13     -3 (VIOLATED)
input2/X                                 10     13     -3 (VIOLATED)
input3/X                                 10     13     -3 (VIOLATED)
input4/X                                 10     13     -3 (VIOLATED)
input5/X                                 10     13     -3 (VIOLATED)
input6/X                                 10     13     -3 (VIOLATED)
input7/X                                 10     13     -3 (VIOLATED)
input8/X                                 10     13     -3 (VIOLATED)
_4304_/Y                                 10     11        (VIOLATED)
_4354_/X                                 10     11        (VIOLATED)
_4519_/Y                                 10     11        (VIOLATED)
_4747_/Y                                 10     11        (VIOLATED)
clkbuf_4_0_0_clk/X                       10     11        (VIOLATED)
clkbuf_4_8_0_clk/X                       10     11        (VIOLATED)
fanout121/X                              10     11        (VIOLATED)
fanout150/X                              10     11        (VIOLATED)
fanout197/X                              10     11        (VIOLATED)
fanout211/X                              10     11        (VIOLATED)
fanout215/X                              10     11        (VIOLATED)
fanout242/X                              10     11        (VIOLATED)
fanout286/X                              10     11        (VIOLATED)
fanout299/X                              10     11        (VIOLATED)
fanout311/X                              10     11        (VIOLATED)
fanout322/X                              10     11        (VIOLATED)
fanout324/X                              10     11        (VIOLATED)
fanout333/X                              10     11        (VIOLATED)
fanout340/X                              10     11        (VIOLATED)
fanout345/X                              10     11        (VIOLATED)
fanout87/X                               10     11        (VIOLATED)
fanout94/X                               10     11        (VIOLATED)



===========================================================================
report_parasitic_annotation -report_unannotated
============================================================================
Found 84 unannotated drivers.
 en
 gpio_in[18]
 gpio_in[19]
 gpio_in[20]
 gpio_in[21]
 gpio_in[22]
 gpio_in[23]
 gpio_in[24]
 gpio_in[25]
 gpio_in[26]
 gpio_in[27]
 gpio_in[28]
 gpio_in[29]
 gpio_in[30]
 gpio_in[31]
 gpio_in[32]
 gpio_in[33]
 clkload0/Y
 clkload1/Y
 clkload10/Y
 clkload11/Y
 clkload12/Y
 clkload13/Y
 clkload14/Y
 clkload2/X
 clkload3/Y
 clkload4/Y
 clkload5/Y
 clkload6/Y
 clkload7/Y
 clkload8/Y
 clkload9/Y
 team_03_357/HI
 team_03_358/HI
 team_03_359/HI
 team_03_360/HI
 team_03_361/HI
 team_03_362/HI
 team_03_363/HI
 team_03_364/HI
 team_03_365/HI
 team_03_366/HI
 team_03_367/HI
 team_03_368/HI
 team_03_369/HI
 team_03_370/HI
 team_03_371/HI
 team_03_372/HI
 team_03_373/HI
 team_03_374/HI
 team_03_375/HI
 team_03_376/HI
 team_03_377/HI
 team_03_378/HI
 team_03_379/HI
 team_03_380/HI
 team_03_381/HI
 team_03_382/HI
 team_03_383/HI
 team_03_384/HI
 team_03_385/HI
 team_03_386/HI
 team_03_387/HI
 team_03_388/HI
 team_03_389/HI
 team_03_390/HI
 team_03_391/HI
 team_03_392/HI
 team_03_393/LO
 team_03_394/LO
 team_03_395/LO
 team_03_396/LO
 team_03_397/LO
 team_03_398/LO
 team_03_399/LO
 team_03_400/LO
 team_03_401/LO
 team_03_402/LO
 team_03_403/LO
 team_03_404/LO
 team_03_405/LO
 team_03_406/LO
 team_03_407/LO
 team_03_408/LO
Found 0 partially unannotated drivers.

===========================================================================
max slew violation count 0
max fanout violation count 228
max cap violation count 0
============================================================================

===========================================================================
check_setup -verbose -unconstrained_endpoints -multiple_clock -no_clock -no_input_delay -loops -generated_clocks
===========================================================================
Warning: There are 52 unconstrained endpoints.
  gpio_oeb[0]
  gpio_oeb[10]
  gpio_oeb[11]
  gpio_oeb[12]
  gpio_oeb[13]
  gpio_oeb[14]
  gpio_oeb[15]
  gpio_oeb[16]
  gpio_oeb[17]
  gpio_oeb[18]
  gpio_oeb[19]
  gpio_oeb[1]
  gpio_oeb[20]
  gpio_oeb[21]
  gpio_oeb[22]
  gpio_oeb[23]
  gpio_oeb[24]
  gpio_oeb[25]
  gpio_oeb[26]
  gpio_oeb[27]
  gpio_oeb[28]
  gpio_oeb[29]
  gpio_oeb[2]
  gpio_oeb[30]
  gpio_oeb[31]
  gpio_oeb[32]
  gpio_oeb[33]
  gpio_oeb[3]
  gpio_oeb[4]
  gpio_oeb[5]
  gpio_oeb[6]
  gpio_oeb[7]
  gpio_oeb[8]
  gpio_oeb[9]
  gpio_out[0]
  gpio_out[10]
  gpio_out[11]
  gpio_out[12]
  gpio_out[13]
  gpio_out[14]
  gpio_out[15]
  gpio_out[16]
  gpio_out[17]
  gpio_out[1]
  gpio_out[2]
  gpio_out[3]
  gpio_out[4]
  gpio_out[5]
  gpio_out[6]
  gpio_out[7]
  gpio_out[8]
  gpio_out[9]
