Clock: clk
Sources: clk 
Generated: no
Virtual: yes
Propagated: no
Period: 25.000000

===========================================================================
report_clock_properties
============================================================================
Clock                   Period          Waveform
----------------------------------------------------
clk                  25.000000    0.000000 12.500000

===========================================================================
report_clock_latency
============================================================================
Clock clk
rise -> rise
    min     max
0.000000 0.000000 source latency
0.656242         network latency _8646_/CLK
        0.695283 network latency _8619_/CLK
---------------
0.656242 0.695283 latency
        0.039041 skew

fall -> fall
    min     max
0.000000 0.000000 source latency
0.520770         network latency _8646_/CLK
        0.550109 network latency _8619_/CLK
---------------
0.520770 0.550109 latency
        0.029339 skew



===========================================================================
report_clock_min_period
============================================================================
clk period_min = 13.15 fmax = 76.07
