Clock: clk
Sources: clk 
Generated: no
Virtual: yes
Propagated: no
Period: 25.000000

===========================================================================
report_clock_properties
============================================================================
Clock                   Period          Waveform
----------------------------------------------------
clk                  25.000000    0.000000 12.500000

===========================================================================
report_clock_latency
============================================================================
Clock clk
rise -> rise
    min     max
0.000000 0.000000 source latency
0.674412         network latency _8646_/CLK
        0.720862 network latency _8619_/CLK
---------------
0.674412 0.720862 latency
        0.046450 skew

fall -> fall
    min     max
0.000000 0.000000 source latency
0.532742         network latency _8646_/CLK
        0.568926 network latency _8619_/CLK
---------------
0.532742 0.568926 latency
        0.036184 skew



===========================================================================
report_clock_min_period
============================================================================
clk period_min = 13.32 fmax = 75.05
