
===========================================================================
report_checks -unconstrained
===========================================================================
======================= min_ss_100C_1v60 Corner ===================================

Startpoint: nrst (input port clocked by clk)
Endpoint: _1301_ (recovery check against rising-edge clock clk)
Path Group: asynchronous
Path Type: max

Fanout         Cap        Slew       Delay        Time   Description
---------------------------------------------------------------------------------------------
                                  0.000000    0.000000   clock clk (rise edge)
                                  0.000000    0.000000   clock network delay (propagated)
                                  5.000000    5.000000 ^ input external delay
     2    0.004777    0.045647    0.026186    5.026186 ^ nrst (in)
                                                         nrst (net)
                      0.045647    0.000000    5.026186 ^ input6/A (sky130_fd_sc_hd__clkbuf_2)
     7    0.033459    0.288192    0.336903    5.363089 ^ input6/X (sky130_fd_sc_hd__clkbuf_2)
                                                         net6 (net)
                      0.288298    0.001910    5.364999 ^ fanout123/A (sky130_fd_sc_hd__clkbuf_4)
    21    0.063921    0.309289    0.523885    5.888884 ^ fanout123/X (sky130_fd_sc_hd__clkbuf_4)
                                                         net123 (net)
                      0.309295    0.001838    5.890722 ^ fanout122/A (sky130_fd_sc_hd__clkbuf_4)
    10    0.047072    0.235949    0.478531    6.369253 ^ fanout122/X (sky130_fd_sc_hd__clkbuf_4)
                                                         net122 (net)
                      0.235949    0.000150    6.369402 ^ _1301_/RESET_B (sky130_fd_sc_hd__dfrtp_4)
                                              6.369402   data arrival time

                                 25.000000   25.000000   clock clk (rise edge)
                                  0.000000   25.000000   clock source latency
     2    0.024119    0.178646    0.122473   25.122473 ^ clk (in)
                                                         clk (net)
                      0.178647    0.000000   25.122473 ^ clkbuf_0_clk/A (sky130_fd_sc_hd__clkbuf_16)
     4    0.039468    0.093683    0.299051   25.421524 ^ clkbuf_0_clk/X (sky130_fd_sc_hd__clkbuf_16)
                                                         clknet_0_clk (net)
                      0.093683    0.000277   25.421801 ^ clkbuf_2_3__f_clk/A (sky130_fd_sc_hd__clkbuf_16)
    12    0.040108    0.094697    0.260942   25.682741 ^ clkbuf_2_3__f_clk/X (sky130_fd_sc_hd__clkbuf_16)
                                                         clknet_2_3__leaf_clk (net)
                      0.094698    0.000449   25.683191 ^ _1301_/CLK (sky130_fd_sc_hd__dfrtp_4)
                                 -0.250000   25.433193   clock uncertainty
                                  0.000000   25.433193   clock reconvergence pessimism
                                  0.374475   25.807669   library recovery time
                                             25.807669   data required time
---------------------------------------------------------------------------------------------
                                             25.807669   data required time
                                             -6.369402   data arrival time
---------------------------------------------------------------------------------------------
                                             19.438265   slack (MET)


Startpoint: prescaler[0] (input port clocked by clk)
Endpoint: _1281_ (rising edge-triggered flip-flop clocked by clk)
Path Group: clk
Path Type: max

Fanout         Cap        Slew       Delay        Time   Description
---------------------------------------------------------------------------------------------
                                  0.000000    0.000000   clock clk (rise edge)
                                  0.000000    0.000000   clock network delay (propagated)
                                  5.000000    5.000000 ^ input external delay
     2    0.004876    0.046329    0.026719    5.026719 ^ prescaler[0] (in)
                                                         prescaler[0] (net)
                      0.046329    0.000000    5.026719 ^ input7/A (sky130_fd_sc_hd__buf_1)
     5    0.023417    0.445873    0.407111    5.433830 ^ input7/X (sky130_fd_sc_hd__buf_1)
                                                         net7 (net)
                      0.445875    0.000760    5.434590 ^ fanout119/A (sky130_fd_sc_hd__buf_2)
    10    0.044626    0.349971    0.556483    5.991074 ^ fanout119/X (sky130_fd_sc_hd__buf_2)
                                                         net119 (net)
                      0.349971    0.000899    5.991973 ^ _0764_/B (sky130_fd_sc_hd__nor2_1)
     3    0.008537    0.121915    0.220589    6.212562 v _0764_/Y (sky130_fd_sc_hd__nor2_1)
                                                         _0155_ (net)
                      0.121915    0.000110    6.212672 v _0766_/B (sky130_fd_sc_hd__or3_1)
     3    0.011331    0.225714    0.933703    7.146375 v _0766_/X (sky130_fd_sc_hd__or3_1)
                                                         _0157_ (net)
                      0.225714    0.000143    7.146517 v _0769_/B (sky130_fd_sc_hd__xor2_1)
     2    0.007044    0.182178    0.359518    7.506035 v _0769_/X (sky130_fd_sc_hd__xor2_1)
                                                         _0160_ (net)
                      0.182178    0.000034    7.506069 v _0770_/A2 (sky130_fd_sc_hd__a21oi_1)
     2    0.007092    0.305798    0.373906    7.879975 ^ _0770_/Y (sky130_fd_sc_hd__a21oi_1)
                                                         _0161_ (net)
                      0.305798    0.000040    7.880015 ^ _0771_/A_N (sky130_fd_sc_hd__and2b_1)
     1    0.002547    0.063807    0.440529    8.320543 v _0771_/X (sky130_fd_sc_hd__and2b_1)
                                                         _0162_ (net)
                      0.063807    0.000021    8.320565 v _0773_/B1 (sky130_fd_sc_hd__a21o_1)
     2    0.008217    0.102212    0.319323    8.639888 v _0773_/X (sky130_fd_sc_hd__a21o_1)
                                                         _0164_ (net)
                      0.102212    0.000121    8.640009 v _0776_/A (sky130_fd_sc_hd__xor2_1)
     2    0.006064    0.284971    0.326368    8.966377 ^ _0776_/X (sky130_fd_sc_hd__xor2_1)
                                                         _0167_ (net)
                      0.284971    0.000075    8.966452 ^ _0785_/A (sky130_fd_sc_hd__nand2_1)
     3    0.011313    0.214259    0.286167    9.252619 v _0785_/Y (sky130_fd_sc_hd__nand2_1)
                                                         _0176_ (net)
                      0.214259    0.000031    9.252649 v _0786_/A2 (sky130_fd_sc_hd__a21oi_2)
     4    0.017770    0.379276    0.462287    9.714936 ^ _0786_/Y (sky130_fd_sc_hd__a21oi_2)
                                                         _0177_ (net)
                      0.379276    0.000310    9.715246 ^ _0789_/A2 (sky130_fd_sc_hd__a211o_1)
     4    0.012078    0.184912    0.437069   10.152316 ^ _0789_/X (sky130_fd_sc_hd__a211o_1)
                                                         _0180_ (net)
                      0.184912    0.000171   10.152487 ^ _0835_/B (sky130_fd_sc_hd__nand4_1)
     3    0.010296    0.371827    0.399711   10.552198 v _0835_/Y (sky130_fd_sc_hd__nand4_1)
                                                         _0226_ (net)
                      0.371827    0.000167   10.552365 v _0839_/A1 (sky130_fd_sc_hd__a21o_1)
     5    0.017368    0.169976    0.518547   11.070912 v _0839_/X (sky130_fd_sc_hd__a21o_1)
                                                         _0230_ (net)
                      0.169976    0.000119   11.071032 v _0908_/A1 (sky130_fd_sc_hd__a211o_1)
     7    0.017734    0.205447    0.664001   11.735033 v _0908_/X (sky130_fd_sc_hd__a211o_1)
                                                         _0299_ (net)
                      0.205447    0.000160   11.735192 v _0909_/C (sky130_fd_sc_hd__and3_1)
     3    0.007735    0.110699    0.471731   12.206923 v _0909_/X (sky130_fd_sc_hd__and3_1)
                                                         _0300_ (net)
                      0.110699    0.000056   12.206980 v _0914_/B (sky130_fd_sc_hd__or3_1)
     2    0.004462    0.159967    0.836997   13.043977 v _0914_/X (sky130_fd_sc_hd__or3_1)
                                                         _0305_ (net)
                      0.159967    0.000036   13.044013 v _0933_/A1 (sky130_fd_sc_hd__a311o_1)
     2    0.010086    0.161798    0.620199   13.664212 v _0933_/X (sky130_fd_sc_hd__a311o_1)
                                                         _0324_ (net)
                      0.161798    0.000174   13.664387 v _1004_/A2 (sky130_fd_sc_hd__a211oi_2)
     3    0.015714    0.542812    0.631132   14.295519 ^ _1004_/Y (sky130_fd_sc_hd__a211oi_2)
                                                         _0395_ (net)
                      0.542812    0.000192   14.295711 ^ max_cap94/A (sky130_fd_sc_hd__clkbuf_2)
     7    0.029845    0.261313    0.519825   14.815536 ^ max_cap94/X (sky130_fd_sc_hd__clkbuf_2)
                                                         net94 (net)
                      0.261317    0.001472   14.817008 ^ _1013_/A2 (sky130_fd_sc_hd__a21oi_1)
     2    0.012389    0.267574    0.314842   15.131850 v _1013_/Y (sky130_fd_sc_hd__a21oi_1)
                                                         _0404_ (net)
                      0.267574    0.000298   15.132149 v fanout90/A (sky130_fd_sc_hd__clkbuf_4)
    21    0.070218    0.253977    0.507836   15.639984 v fanout90/X (sky130_fd_sc_hd__clkbuf_4)
                                                         net90 (net)
                      0.254008    0.002855   15.642838 v _1065_/A2 (sky130_fd_sc_hd__a221o_1)
     1    0.003006    0.097111    0.708985   16.351824 v _1065_/X (sky130_fd_sc_hd__a221o_1)
                                                         _0446_ (net)
                      0.097111    0.000018   16.351841 v _1066_/C1 (sky130_fd_sc_hd__o211a_1)
     3    0.015382    0.175681    0.312525   16.664366 v _1066_/X (sky130_fd_sc_hd__o211a_1)
                                                         clk_divider.next_count[6] (net)
                      0.175681    0.000441   16.664806 v _1202_/A2 (sky130_fd_sc_hd__a22o_1)
     1    0.002888    0.071640    0.453483   17.118290 v _1202_/X (sky130_fd_sc_hd__a22o_1)
                                                         _0561_ (net)
                      0.071640    0.000028   17.118319 v _1206_/A (sky130_fd_sc_hd__nor4_1)
     1    0.002926    0.394385    0.478023   17.596340 ^ _1206_/Y (sky130_fd_sc_hd__nor4_1)
                                                         _0565_ (net)
                      0.394385    0.000039   17.596380 ^ _1222_/C (sky130_fd_sc_hd__and4_1)
     1    0.009194    0.187235    0.568587   18.164967 ^ _1222_/X (sky130_fd_sc_hd__and4_1)
                                                         clk_divider.next_flag (net)
                      0.187235    0.000334   18.165300 ^ _1281_/D (sky130_fd_sc_hd__dfrtp_1)
                                             18.165300   data arrival time

                                 25.000000   25.000000   clock clk (rise edge)
                                  0.000000   25.000000   clock source latency
     2    0.024119    0.178646    0.122473   25.122473 ^ clk (in)
                                                         clk (net)
                      0.178647    0.000000   25.122473 ^ clkbuf_0_clk/A (sky130_fd_sc_hd__clkbuf_16)
     4    0.039468    0.093683    0.299051   25.421524 ^ clkbuf_0_clk/X (sky130_fd_sc_hd__clkbuf_16)
                                                         clknet_0_clk (net)
                      0.093683    0.000277   25.421801 ^ clkbuf_2_3__f_clk/A (sky130_fd_sc_hd__clkbuf_16)
    12    0.040108    0.094697    0.260942   25.682741 ^ clkbuf_2_3__f_clk/X (sky130_fd_sc_hd__clkbuf_16)
                                                         clknet_2_3__leaf_clk (net)
                      0.094697    0.000252   25.682995 ^ _1281_/CLK (sky130_fd_sc_hd__dfrtp_1)
                                 -0.250000   25.432995   clock uncertainty
                                  0.000000   25.432995   clock reconvergence pessimism
                                 -0.158236   25.274759   library setup time
                                             25.274759   data required time
---------------------------------------------------------------------------------------------
                                             25.274759   data required time
                                            -18.165300   data arrival time
---------------------------------------------------------------------------------------------
                                              7.109458   slack (MET)




===========================================================================
report_checks --slack_max -0.01
============================================================================
======================= min_ss_100C_1v60 Corner ===================================

No paths found.


===========================================================================
 report_check_types -max_slew -max_cap -max_fanout -violators
============================================================================
======================= min_ss_100C_1v60 Corner ===================================

max fanout

Pin                                   Limit Fanout  Slack
---------------------------------------------------------
_1005_/X                                 10     21    -11 (VIOLATED)
fanout114/X                              10     21    -11 (VIOLATED)
fanout118/X                              10     21    -11 (VIOLATED)
fanout123/X                              10     21    -11 (VIOLATED)
fanout124/X                              10     21    -11 (VIOLATED)
fanout90/X                               10     21    -11 (VIOLATED)
fanout98/X                               10     21    -11 (VIOLATED)
input12/X                                10     21    -11 (VIOLATED)
input15/X                                10     21    -11 (VIOLATED)
input8/X                                 10     21    -11 (VIOLATED)
input14/X                                10     19     -9 (VIOLATED)
input18/X                                10     19     -9 (VIOLATED)
_0949_/X                                 10     13     -3 (VIOLATED)
_0962_/X                                 10     13     -3 (VIOLATED)
clkbuf_2_3__f_clk/X                      10     12     -2 (VIOLATED)
_0950_/Y                                 10     11        (VIOLATED)
input1/X                                 10     11        (VIOLATED)



===========================================================================
report_parasitic_annotation -report_unannotated
============================================================================
Found 129 unannotated drivers.
 gpio_in[0]
 gpio_in[10]
 gpio_in[11]
 gpio_in[12]
 gpio_in[13]
 gpio_in[14]
 gpio_in[15]
 gpio_in[16]
 gpio_in[17]
 gpio_in[18]
 gpio_in[19]
 gpio_in[1]
 gpio_in[20]
 gpio_in[21]
 gpio_in[22]
 gpio_in[23]
 gpio_in[24]
 gpio_in[25]
 gpio_in[26]
 gpio_in[27]
 gpio_in[28]
 gpio_in[29]
 gpio_in[2]
 gpio_in[30]
 gpio_in[31]
 gpio_in[32]
 gpio_in[33]
 gpio_in[3]
 gpio_in[4]
 gpio_in[5]
 gpio_in[6]
 gpio_in[7]
 gpio_in[8]
 gpio_in[9]
 la_data_in[10]
 la_data_in[11]
 la_data_in[12]
 la_data_in[13]
 la_data_in[14]
 la_data_in[15]
 la_data_in[16]
 la_data_in[17]
 la_data_in[18]
 la_data_in[19]
 la_data_in[20]
 la_data_in[21]
 la_data_in[22]
 la_data_in[23]
 la_data_in[24]
 la_data_in[25]
 la_data_in[26]
 la_data_in[27]
 la_data_in[28]
 la_data_in[29]
 la_data_in[2]
 la_data_in[30]
 la_data_in[31]
 la_data_in[3]
 la_data_in[4]
 la_data_in[5]
 la_data_in[6]
 la_data_in[7]
 la_data_in[8]
 la_data_in[9]
 la_oenb[10]
 la_oenb[11]
 la_oenb[12]
 la_oenb[13]
 la_oenb[14]
 la_oenb[15]
 la_oenb[16]
 la_oenb[17]
 la_oenb[18]
 la_oenb[19]
 la_oenb[20]
 la_oenb[21]
 la_oenb[22]
 la_oenb[23]
 la_oenb[24]
 la_oenb[25]
 la_oenb[26]
 la_oenb[27]
 la_oenb[28]
 la_oenb[29]
 la_oenb[2]
 la_oenb[30]
 la_oenb[31]
 la_oenb[3]
 la_oenb[4]
 la_oenb[5]
 la_oenb[6]
 la_oenb[7]
 la_oenb[8]
 la_oenb[9]
 clkload0/Y
 clkload1/Y
 clkload2/Y
 team_00_126/HI
 team_00_127/HI
 team_00_128/HI
 team_00_129/HI
 team_00_130/HI
 team_00_131/HI
 team_00_132/HI
 team_00_133/HI
 team_00_134/HI
 team_00_135/HI
 team_00_136/HI
 team_00_137/HI
 team_00_138/HI
 team_00_139/HI
 team_00_140/HI
 team_00_141/HI
 team_00_142/HI
 team_00_143/HI
 team_00_144/HI
 team_00_145/HI
 team_00_146/HI
 team_00_147/HI
 team_00_148/HI
 team_00_149/HI
 team_00_150/HI
 team_00_151/HI
 team_00_152/HI
 team_00_153/HI
 team_00_154/HI
 team_00_155/HI
 team_00_156/HI
 team_00_157/HI
Found 0 partially unannotated drivers.

===========================================================================
max slew violation count 0
max fanout violation count 17
max cap violation count 0
============================================================================

===========================================================================
check_setup -verbose -unconstrained_endpoints -multiple_clock -no_clock -no_input_delay -loops -generated_clocks
===========================================================================
Warning: There are 32 unconstrained endpoints.
  la_data_out[0]
  la_data_out[10]
  la_data_out[11]
  la_data_out[12]
  la_data_out[13]
  la_data_out[14]
  la_data_out[15]
  la_data_out[16]
  la_data_out[17]
  la_data_out[18]
  la_data_out[19]
  la_data_out[1]
  la_data_out[20]
  la_data_out[21]
  la_data_out[22]
  la_data_out[23]
  la_data_out[24]
  la_data_out[25]
  la_data_out[26]
  la_data_out[27]
  la_data_out[28]
  la_data_out[29]
  la_data_out[2]
  la_data_out[30]
  la_data_out[31]
  la_data_out[3]
  la_data_out[4]
  la_data_out[5]
  la_data_out[6]
  la_data_out[7]
  la_data_out[8]
  la_data_out[9]
