Clock: clk
Sources: clk 
Generated: no
Virtual: yes
Propagated: no
Period: 25.000000

===========================================================================
report_clock_properties
============================================================================
Clock                   Period          Waveform
----------------------------------------------------
clk                  25.000000    0.000000 12.500000

===========================================================================
report_clock_latency
============================================================================
Clock clk
rise -> rise
    min     max
0.000000 0.000000 source latency
0.746532         network latency _1294_/CLK
        0.779166 network latency _1305_/CLK
---------------
0.746532 0.779166 latency
        0.032634 skew

fall -> fall
    min     max
0.000000 0.000000 source latency
0.687395         network latency _1294_/CLK
        0.712882 network latency _1305_/CLK
---------------
0.687395 0.712882 latency
        0.025487 skew



===========================================================================
report_clock_min_period
============================================================================
clk period_min = 10.55 fmax = 94.77
