Clock: clk
Sources: clk 
Generated: no
Virtual: yes
Propagated: no
Period: 25.000000

===========================================================================
report_clock_properties
============================================================================
Clock                   Period          Waveform
----------------------------------------------------
clk                  25.000000    0.000000 12.500000

===========================================================================
report_clock_latency
============================================================================
Clock clk
rise -> rise
    min     max
0.000000 0.000000 source latency
1.219169         network latency _25456_/CLK
        1.375002 network latency _22808_/CLK
---------------
1.219169 1.375002 latency
        0.155832 skew

fall -> fall
    min     max
0.000000 0.000000 source latency
0.978391         network latency _25456_/CLK
        1.156523 network latency _25606_/CLK
---------------
0.978391 1.156523 latency
        0.178132 skew



===========================================================================
report_clock_min_period
============================================================================
clk period_min = 1.11 fmax = 903.23
