Clock: clk
Sources: clk 
Generated: no
Virtual: yes
Propagated: no
Period: 25.000000

===========================================================================
report_clock_properties
============================================================================
Clock                   Period          Waveform
----------------------------------------------------
clk                  25.000000    0.000000 12.500000

===========================================================================
report_clock_latency
============================================================================
Clock clk
rise -> rise
    min     max
0.000000 0.000000 source latency
0.920077         network latency _3516_/CLK
        6.827144 network latency _3593_/CLK
---------------
0.920077 6.827144 latency
        5.907067 skew

rise -> fall
    min     max
0.000000 0.000000 source latency
5.868527         network latency _3615_/CLK
        6.923989 network latency _3531_/CLK
---------------
5.868527 6.923989 latency
        1.055462 skew

fall -> fall
    min     max
0.000000 0.000000 source latency
0.809203         network latency _3516_/CLK
        1.166014 network latency _3370_/CLK
---------------
0.809203 1.166014 latency
        0.356811 skew



===========================================================================
report_clock_min_period
============================================================================
clk period_min = 9.28 fmax = 107.72
