Reading OpenROAD database at '/home/ajwey/CI2605_stuff/nebula-iii/openlane/ffram/runs/26_03_04_19_21/42-openroad-repairantennas/1-openroad-diodeinsertion/ffram.odb'…
Reading library file at '/home/ajwey/CI2605_stuff/nebula-iii/dependencies/pdks/sky130A/libs.ref/sky130_fd_sc_hd/lib/sky130_fd_sc_hd__tt_025C_1v80.lib'…
Reading design constraints file at '/nix/store/svkrfkkpaij5qb9xjbcwfymcd4s8hczv-python3-3.11.9-env/lib/python3.11/site-packages/librelane/scripts/base.sdc'…
[INFO] Using clock clk…
[INFO] Setting output delay to: 5
[INFO] Setting input delay to: 5
[INFO] Setting load to: 0.033442
[INFO] Setting clock uncertainty to: 0.25
[INFO] Setting clock transition to: 0.1499999999999999944488848768742172978818416595458984375
[INFO] Setting timing derate to: 5%
[INFO ORD-0030] Using 24 thread(s).
[INFO DRT-0149] Reading tech and libs.
[WARNING DRT-0349] LEF58_ENCLOSURE with no CUTCLASS is not supported. Skipping for layer mcon
[WARNING DRT-0349] LEF58_ENCLOSURE with no CUTCLASS is not supported. Skipping for layer mcon
[WARNING DRT-0349] LEF58_ENCLOSURE with no CUTCLASS is not supported. Skipping for layer via
[WARNING DRT-0349] LEF58_ENCLOSURE with no CUTCLASS is not supported. Skipping for layer via
[WARNING DRT-0349] LEF58_ENCLOSURE with no CUTCLASS is not supported. Skipping for layer via2
[WARNING DRT-0349] LEF58_ENCLOSURE with no CUTCLASS is not supported. Skipping for layer via2
[WARNING DRT-0349] LEF58_ENCLOSURE with no CUTCLASS is not supported. Skipping for layer via3
[WARNING DRT-0349] LEF58_ENCLOSURE with no CUTCLASS is not supported. Skipping for layer via3
[WARNING DRT-0349] LEF58_ENCLOSURE with no CUTCLASS is not supported. Skipping for layer via4
[WARNING DRT-0349] LEF58_ENCLOSURE with no CUTCLASS is not supported. Skipping for layer via4

Units:                1000
Number of layers:     13
Number of macros:     445
Number of vias:       28
Number of viarulegen: 25

[INFO DRT-0150] Reading design.

Design:                   ffram
Die area:                 ( 0 0 ) ( 700000 700000 )
Number of track patterns: 12
Number of DEF vias:       0
Number of components:     50421
Number of terminals:      109
Number of snets:          2
Number of nets:           22083

[INFO DRT-0167] List of default vias:
  Layer via
    default via: M1M2_PR
  Layer via2
    default via: M2M3_PR
  Layer via3
    default via: M3M4_PR
  Layer via4
    default via: M4M5_PR
[INFO DRT-0162] Library cell analysis.
[INFO DRT-0163] Instance analysis.
[INFO DRT-0164] Number of unique instances = 331.
[INFO DRT-0168] Init region query.
[INFO DRT-0024]   Complete FR_MASTERSLICE.
[INFO DRT-0024]   Complete licon.
[INFO DRT-0024]   Complete li1.
[INFO DRT-0024]   Complete mcon.
[INFO DRT-0024]   Complete met1.
[INFO DRT-0024]   Complete via.
[INFO DRT-0024]   Complete met2.
[INFO DRT-0024]   Complete via2.
[INFO DRT-0024]   Complete met3.
[INFO DRT-0024]   Complete via3.
[INFO DRT-0024]   Complete met4.
[INFO DRT-0024]   Complete via4.
[INFO DRT-0024]   Complete met5.
[INFO DRT-0033] FR_MASTERSLICE shape region query size = 0.
[INFO DRT-0033] licon shape region query size = 0.
[INFO DRT-0033] li1 shape region query size = 775138.
[INFO DRT-0033] mcon shape region query size = 0.
[INFO DRT-0033] met1 shape region query size = 135113.
[INFO DRT-0033] via shape region query size = 6250.
[INFO DRT-0033] met2 shape region query size = 3799.
[INFO DRT-0033] via2 shape region query size = 5000.
[INFO DRT-0033] met3 shape region query size = 3808.
[INFO DRT-0033] via3 shape region query size = 5000.
[INFO DRT-0033] met4 shape region query size = 1270.
[INFO DRT-0033] via4 shape region query size = 0.
[INFO DRT-0033] met5 shape region query size = 0.
[INFO DRT-0165] Start pin access.
[INFO DRT-0076]   Complete 1000 pins.
[INFO DRT-0078]   Complete 1249 pins.
[INFO DRT-0079]   Complete 100 unique inst patterns.
[INFO DRT-0079]   Complete 200 unique inst patterns.
[INFO DRT-0079]   Complete 300 unique inst patterns.
[INFO DRT-0081]   Complete 325 unique inst patterns.
[INFO DRT-0082]   Complete 10000 groups.
[INFO DRT-0084]   Complete 15168 groups.
#scanned instances     = 50421
#unique  instances     = 331
#stdCellGenAp          = 8898
#stdCellValidPlanarAp  = 0
#stdCellValidViaAp     = 7051
#stdCellPinNoAp        = 0
#stdCellPinCnt         = 73958
#instTermValidViaApCnt = 0
#macroGenAp            = 0
#macroValidPlanarAp    = 0
#macroValidViaAp       = 0
#macroNoAp             = 0
[INFO DRT-0166] Complete pin access.
[INFO DRT-0267] cpu time = 00:01:49, elapsed time = 00:00:04, memory = 338.03 (MB), peak = 349.20 (MB)
[INFO DRT-0156] guideIn read 100000 guides.
[INFO DRT-0156] guideIn read 200000 guides.

[INFO DRT-0157] Number of guides:     220474

[INFO DRT-0169] Post process guides.
[INFO DRT-0176] GCELLGRID X 0 DO 101 STEP 6900 ;
[INFO DRT-0177] GCELLGRID Y 0 DO 101 STEP 6900 ;
[INFO DRT-0026]   Complete 100000 origin guides.
[INFO DRT-0026]   Complete 200000 origin guides.
[INFO DRT-0028]   Complete FR_MASTERSLICE.
[INFO DRT-0028]   Complete licon.
[INFO DRT-0028]   Complete li1.
[INFO DRT-0028]   Complete mcon.
[INFO DRT-0028]   Complete met1.
[INFO DRT-0028]   Complete via.
[INFO DRT-0028]   Complete met2.
[INFO DRT-0028]   Complete via2.
[INFO DRT-0028]   Complete met3.
[INFO DRT-0028]   Complete via3.
[INFO DRT-0028]   Complete met4.
[INFO DRT-0028]   Complete via4.
[INFO DRT-0028]   Complete met5.
[INFO DRT-0178] Init guide query.
[INFO DRT-0035]   Complete FR_MASTERSLICE (guide).
[INFO DRT-0035]   Complete licon (guide).
[INFO DRT-0035]   Complete li1 (guide).
[INFO DRT-0035]   Complete mcon (guide).
[INFO DRT-0035]   Complete met1 (guide).
[INFO DRT-0035]   Complete via (guide).
[INFO DRT-0035]   Complete met2 (guide).
[INFO DRT-0035]   Complete via2 (guide).
[INFO DRT-0035]   Complete met3 (guide).
[INFO DRT-0035]   Complete via3 (guide).
[INFO DRT-0035]   Complete met4 (guide).
[INFO DRT-0035]   Complete via4 (guide).
[INFO DRT-0035]   Complete met5 (guide).
[INFO DRT-0036] FR_MASTERSLICE guide region query size = 0.
[INFO DRT-0036] licon guide region query size = 0.
[INFO DRT-0036] li1 guide region query size = 68968.
[INFO DRT-0036] mcon guide region query size = 0.
[INFO DRT-0036] met1 guide region query size = 54836.
[INFO DRT-0036] via guide region query size = 0.
[INFO DRT-0036] met2 guide region query size = 32860.
[INFO DRT-0036] via2 guide region query size = 0.
[INFO DRT-0036] met3 guide region query size = 6500.
[INFO DRT-0036] via3 guide region query size = 0.
[INFO DRT-0036] met4 guide region query size = 2237.
[INFO DRT-0036] via4 guide region query size = 0.
[INFO DRT-0036] met5 guide region query size = 0.
[INFO DRT-0179] Init gr pin query.
[INFO DRT-0245] skipped writing guide updates to database.
[INFO DRT-0185] Post process initialize RPin region query.
[INFO DRT-0181] Start track assignment.
[INFO DRT-0184] Done with 104065 vertical wires in 3 frboxes and 61336 horizontal wires in 3 frboxes.
[INFO DRT-0186] Done with 12564 vertical wires in 3 frboxes and 23209 horizontal wires in 3 frboxes.
[INFO DRT-0182] Complete track assignment.
[INFO DRT-0267] cpu time = 00:00:12, elapsed time = 00:00:03, memory = 637.71 (MB), peak = 686.03 (MB)
[INFO DRT-0187] Start routing data preparation.
[INFO DRT-0267] cpu time = 00:00:00, elapsed time = 00:00:00, memory = 637.90 (MB), peak = 686.03 (MB)
[INFO DRT-0194] Start detail routing.
[INFO DRT-0195] Start 0th optimization iteration.
    Completing 10% with 0 violations.
    elapsed time = 00:00:01, memory = 1662.96 (MB).
    Completing 20% with 0 violations.
    elapsed time = 00:00:04, memory = 1882.57 (MB).
    Completing 30% with 5696 violations.
    elapsed time = 00:00:09, memory = 1830.12 (MB).
    Completing 40% with 5696 violations.
    elapsed time = 00:00:16, memory = 2396.38 (MB).
    Completing 50% with 5696 violations.
    elapsed time = 00:00:21, memory = 2150.90 (MB).
    Completing 60% with 11661 violations.
    elapsed time = 00:00:26, memory = 2294.70 (MB).
    Completing 70% with 11661 violations.
    elapsed time = 00:00:30, memory = 2572.01 (MB).
    Completing 80% with 16999 violations.
    elapsed time = 00:00:37, memory = 2781.37 (MB).
    Completing 90% with 16999 violations.
    elapsed time = 00:00:42, memory = 2996.01 (MB).
    Completing 100% with 22385 violations.
    elapsed time = 00:00:51, memory = 2436.72 (MB).
[INFO DRT-0199]   Number of violations = 25488.
Viol/Layer         li1   mcon   met1    via   met2   met3   met4
Cut Spacing          0      5      0      2      0      0      0
Metal Spacing      169      0   2944      0    879    260      7
Min Hole             0      0      8      0      1      0      0
NS Metal             5      0      0      0      0      0      0
Recheck              7      0   1933      0    891    119    153
Short                0      4  15067      4   2744    273     13
[INFO DRT-0267] cpu time = 00:12:16, elapsed time = 00:00:52, memory = 2436.91 (MB), peak = 3089.13 (MB)
Total wire length = 1345911 um.
Total wire length on LAYER li1 = 0 um.
Total wire length on LAYER met1 = 460454 um.
Total wire length on LAYER met2 = 477995 um.
Total wire length on LAYER met3 = 268572 um.
Total wire length on LAYER met4 = 138890 um.
Total wire length on LAYER met5 = 0 um.
Total number of vias = 218680.
Up-via summary (total 218680):

-------------------------
 FR_MASTERSLICE         0
            li1     94798
           met1    108056
           met2     11468
           met3      4358
           met4         0
-------------------------
                   218680


[INFO DRT-0195] Start 1st optimization iteration.
    Completing 10% with 25488 violations.
    elapsed time = 00:00:01, memory = 3076.85 (MB).
    Completing 20% with 25488 violations.
    elapsed time = 00:00:04, memory = 3060.36 (MB).
    Completing 30% with 22995 violations.
    elapsed time = 00:00:09, memory = 2656.25 (MB).
    Completing 40% with 22995 violations.
    elapsed time = 00:00:12, memory = 3184.55 (MB).
    Completing 50% with 22995 violations.
    elapsed time = 00:00:16, memory = 2725.80 (MB).
    Completing 60% with 20247 violations.
    elapsed time = 00:00:24, memory = 3076.09 (MB).
    Completing 70% with 20247 violations.
    elapsed time = 00:00:27, memory = 3057.34 (MB).
    Completing 80% with 17725 violations.
    elapsed time = 00:00:36, memory = 2978.39 (MB).
    Completing 90% with 17725 violations.
    elapsed time = 00:00:40, memory = 3062.58 (MB).
    Completing 100% with 14835 violations.
    elapsed time = 00:00:47, memory = 2464.64 (MB).
[INFO DRT-0199]   Number of violations = 14835.
Viol/Layer        mcon   met1    via   met2   met3   met4
Cut Spacing          5      0      0      0      0      0
Metal Spacing        0   1501      0    548    164      2
Min Hole             0      1      0      1      0      0
Recheck              0      5      0      0      0      0
Short                0  11168      3   1367     62      8
[INFO DRT-0267] cpu time = 00:11:35, elapsed time = 00:00:48, memory = 2464.64 (MB), peak = 3271.88 (MB)
Total wire length = 1337609 um.
Total wire length on LAYER li1 = 0 um.
Total wire length on LAYER met1 = 454847 um.
Total wire length on LAYER met2 = 474115 um.
Total wire length on LAYER met3 = 269698 um.
Total wire length on LAYER met4 = 138948 um.
Total wire length on LAYER met5 = 0 um.
Total number of vias = 218426.
Up-via summary (total 218426):

-------------------------
 FR_MASTERSLICE         0
            li1     94786
           met1    107601
           met2     11797
           met3      4242
           met4         0
-------------------------
                   218426


[INFO DRT-0195] Start 2nd optimization iteration.
    Completing 10% with 14835 violations.
    elapsed time = 00:00:02, memory = 3045.14 (MB).
    Completing 20% with 14835 violations.
    elapsed time = 00:00:06, memory = 2900.55 (MB).
    Completing 30% with 14820 violations.
    elapsed time = 00:00:10, memory = 2489.65 (MB).
    Completing 40% with 14820 violations.
    elapsed time = 00:00:14, memory = 3241.58 (MB).
    Completing 50% with 14820 violations.
    elapsed time = 00:00:27, memory = 2470.39 (MB).
    Completing 60% with 14650 violations.
    elapsed time = 00:00:29, memory = 3167.04 (MB).
    Completing 70% with 14650 violations.
    elapsed time = 00:00:34, memory = 2858.03 (MB).
    Completing 80% with 14340 violations.
    elapsed time = 00:00:39, memory = 2524.59 (MB).
    Completing 90% with 14340 violations.
    elapsed time = 00:00:42, memory = 3227.69 (MB).
    Completing 100% with 13991 violations.
    elapsed time = 00:00:48, memory = 2482.05 (MB).
[INFO DRT-0199]   Number of violations = 13991.
Viol/Layer        mcon   met1   met2   met3   met4
Cut Spacing          2      0      0      0      0
Metal Spacing        0   1376    481    126      0
Min Hole             0      2      0      0      0
Short                0  10715   1253     29      7
[INFO DRT-0267] cpu time = 00:11:46, elapsed time = 00:00:49, memory = 2482.05 (MB), peak = 3271.88 (MB)
Total wire length = 1335906 um.
Total wire length on LAYER li1 = 0 um.
Total wire length on LAYER met1 = 454534 um.
Total wire length on LAYER met2 = 472787 um.
Total wire length on LAYER met3 = 269438 um.
Total wire length on LAYER met4 = 139145 um.
Total wire length on LAYER met5 = 0 um.
Total number of vias = 217816.
Up-via summary (total 217816):

-------------------------
 FR_MASTERSLICE         0
            li1     94786
           met1    107137
           met2     11578
           met3      4315
           met4         0
-------------------------
                   217816


[INFO DRT-0195] Start 3rd optimization iteration.
    Completing 10% with 13991 violations.
    elapsed time = 00:00:00, memory = 3136.80 (MB).
    Completing 20% with 13991 violations.
    elapsed time = 00:00:06, memory = 3112.58 (MB).
    Completing 30% with 11332 violations.
    elapsed time = 00:00:18, memory = 2494.62 (MB).
    Completing 40% with 11332 violations.
    elapsed time = 00:00:20, memory = 3132.32 (MB).
    Completing 50% with 11332 violations.
    elapsed time = 00:00:24, memory = 2752.03 (MB).
    Completing 60% with 8612 violations.
    elapsed time = 00:00:40, memory = 3098.96 (MB).
    Completing 70% with 8612 violations.
    elapsed time = 00:00:43, memory = 3101.06 (MB).
    Completing 80% with 5755 violations.
    elapsed time = 00:00:54, memory = 2548.90 (MB).
    Completing 90% with 5755 violations.
    elapsed time = 00:00:57, memory = 3126.77 (MB).
    Completing 100% with 3106 violations.
    elapsed time = 00:01:05, memory = 2522.20 (MB).
[INFO DRT-0199]   Number of violations = 3110.
Viol/Layer        mcon   met1    via   met2   met3
Cut Spacing          2      0      4      0      0
Metal Spacing        0    539      0    210     14
Min Hole             0      2      0      1      0
Recheck              0      4      0      0      0
Short                0   2032      1    295      6
[INFO DRT-0267] cpu time = 00:10:58, elapsed time = 00:01:05, memory = 2522.20 (MB), peak = 3297.86 (MB)
Total wire length = 1333868 um.
Total wire length on LAYER li1 = 0 um.
Total wire length on LAYER met1 = 415436 um.
Total wire length on LAYER met2 = 467546 um.
Total wire length on LAYER met3 = 304214 um.
Total wire length on LAYER met4 = 146670 um.
Total wire length on LAYER met5 = 0 um.
Total number of vias = 224202.
Up-via summary (total 224202):

-------------------------
 FR_MASTERSLICE         0
            li1     94786
           met1    108364
           met2     16074
           met3      4978
           met4         0
-------------------------
                   224202


[INFO DRT-0195] Start 4th optimization iteration.
    Completing 10% with 3110 violations.
    elapsed time = 00:00:00, memory = 2522.20 (MB).
    Completing 20% with 3110 violations.
    elapsed time = 00:00:00, memory = 3142.30 (MB).
    Completing 30% with 2601 violations.
    elapsed time = 00:00:13, memory = 2522.05 (MB).
    Completing 40% with 2601 violations.
    elapsed time = 00:00:14, memory = 3223.80 (MB).
    Completing 50% with 2601 violations.
    elapsed time = 00:00:15, memory = 2783.59 (MB).
    Completing 60% with 1905 violations.
    elapsed time = 00:00:32, memory = 2523.90 (MB).
    Completing 70% with 1905 violations.
    elapsed time = 00:00:33, memory = 3102.15 (MB).
    Completing 80% with 1233 violations.
    elapsed time = 00:00:36, memory = 2572.41 (MB).
    Completing 90% with 1233 violations.
    elapsed time = 00:00:36, memory = 3232.13 (MB).
    Completing 100% with 578 violations.
    elapsed time = 00:00:41, memory = 2526.06 (MB).
[INFO DRT-0199]   Number of violations = 578.
Viol/Layer        met1   met2
Metal Spacing       53     48
Short              408     69
[INFO DRT-0267] cpu time = 00:03:26, elapsed time = 00:00:44, memory = 2475.86 (MB), peak = 3297.86 (MB)
Total wire length = 1333800 um.
Total wire length on LAYER li1 = 0 um.
Total wire length on LAYER met1 = 413476 um.
Total wire length on LAYER met2 = 466933 um.
Total wire length on LAYER met3 = 305836 um.
Total wire length on LAYER met4 = 147554 um.
Total wire length on LAYER met5 = 0 um.
Total number of vias = 224563.
Up-via summary (total 224563):

-------------------------
 FR_MASTERSLICE         0
            li1     94786
           met1    108417
           met2     16310
           met3      5050
           met4         0
-------------------------
                   224563


[INFO DRT-0195] Start 5th optimization iteration.
    Completing 10% with 578 violations.
    elapsed time = 00:00:00, memory = 2475.86 (MB).
    Completing 20% with 578 violations.
    elapsed time = 00:00:00, memory = 2475.86 (MB).
    Completing 30% with 495 violations.
    elapsed time = 00:00:04, memory = 2475.87 (MB).
    Completing 40% with 495 violations.
    elapsed time = 00:00:04, memory = 2475.87 (MB).
    Completing 50% with 495 violations.
    elapsed time = 00:00:04, memory = 2475.87 (MB).
    Completing 60% with 428 violations.
    elapsed time = 00:00:17, memory = 2475.87 (MB).
    Completing 70% with 428 violations.
    elapsed time = 00:00:17, memory = 2475.87 (MB).
    Completing 80% with 356 violations.
    elapsed time = 00:00:24, memory = 2476.17 (MB).
    Completing 90% with 356 violations.
    elapsed time = 00:00:24, memory = 2478.79 (MB).
    Completing 100% with 192 violations.
    elapsed time = 00:00:29, memory = 2476.02 (MB).
[INFO DRT-0199]   Number of violations = 192.
Viol/Layer        met1   met2
Metal Spacing       24     20
Short              116     32
[INFO DRT-0267] cpu time = 00:01:24, elapsed time = 00:00:29, memory = 2476.02 (MB), peak = 3297.86 (MB)
Total wire length = 1333739 um.
Total wire length on LAYER li1 = 0 um.
Total wire length on LAYER met1 = 413304 um.
Total wire length on LAYER met2 = 466805 um.
Total wire length on LAYER met3 = 305927 um.
Total wire length on LAYER met4 = 147702 um.
Total wire length on LAYER met5 = 0 um.
Total number of vias = 224603.
Up-via summary (total 224603):

-------------------------
 FR_MASTERSLICE         0
            li1     94786
           met1    108431
           met2     16324
           met3      5062
           met4         0
-------------------------
                   224603


[INFO DRT-0195] Start 6th optimization iteration.
    Completing 10% with 192 violations.
    elapsed time = 00:00:00, memory = 2476.02 (MB).
    Completing 20% with 192 violations.
    elapsed time = 00:00:00, memory = 2476.02 (MB).
    Completing 30% with 152 violations.
    elapsed time = 00:00:06, memory = 2485.77 (MB).
    Completing 40% with 152 violations.
    elapsed time = 00:00:06, memory = 2511.83 (MB).
    Completing 50% with 152 violations.
    elapsed time = 00:00:06, memory = 2511.83 (MB).
    Completing 60% with 107 violations.
    elapsed time = 00:00:10, memory = 2476.02 (MB).
    Completing 70% with 107 violations.
    elapsed time = 00:00:10, memory = 2476.02 (MB).
    Completing 80% with 102 violations.
    elapsed time = 00:00:13, memory = 2476.02 (MB).
    Completing 90% with 102 violations.
    elapsed time = 00:00:13, memory = 2476.02 (MB).
    Completing 100% with 80 violations.
    elapsed time = 00:00:22, memory = 2476.02 (MB).
[INFO DRT-0199]   Number of violations = 80.
Viol/Layer        met1   met2
Metal Spacing        7     12
Short               43     18
[INFO DRT-0267] cpu time = 00:00:49, elapsed time = 00:00:22, memory = 2476.02 (MB), peak = 3297.86 (MB)
Total wire length = 1333741 um.
Total wire length on LAYER li1 = 0 um.
Total wire length on LAYER met1 = 413307 um.
Total wire length on LAYER met2 = 466806 um.
Total wire length on LAYER met3 = 305921 um.
Total wire length on LAYER met4 = 147706 um.
Total wire length on LAYER met5 = 0 um.
Total number of vias = 224591.
Up-via summary (total 224591):

-------------------------
 FR_MASTERSLICE         0
            li1     94786
           met1    108426
           met2     16314
           met3      5065
           met4         0
-------------------------
                   224591


[INFO DRT-0195] Start 7th optimization iteration.
    Completing 10% with 80 violations.
    elapsed time = 00:00:00, memory = 2476.02 (MB).
    Completing 20% with 80 violations.
    elapsed time = 00:00:00, memory = 2476.02 (MB).
    Completing 30% with 80 violations.
    elapsed time = 00:00:05, memory = 2476.02 (MB).
    Completing 40% with 80 violations.
    elapsed time = 00:00:05, memory = 2512.02 (MB).
    Completing 50% with 80 violations.
    elapsed time = 00:00:05, memory = 2512.02 (MB).
    Completing 60% with 77 violations.
    elapsed time = 00:00:05, memory = 2476.02 (MB).
    Completing 70% with 77 violations.
    elapsed time = 00:00:05, memory = 2476.02 (MB).
    Completing 80% with 72 violations.
    elapsed time = 00:00:06, memory = 2476.02 (MB).
    Completing 90% with 72 violations.
    elapsed time = 00:00:06, memory = 2476.02 (MB).
    Completing 100% with 72 violations.
    elapsed time = 00:00:15, memory = 2476.02 (MB).
[INFO DRT-0199]   Number of violations = 72.
Viol/Layer        met1   met2
Metal Spacing        6     12
Short               36     18
[INFO DRT-0267] cpu time = 00:00:41, elapsed time = 00:00:15, memory = 2476.02 (MB), peak = 3297.86 (MB)
Total wire length = 1333719 um.
Total wire length on LAYER li1 = 0 um.
Total wire length on LAYER met1 = 413256 um.
Total wire length on LAYER met2 = 466783 um.
Total wire length on LAYER met3 = 305933 um.
Total wire length on LAYER met4 = 147745 um.
Total wire length on LAYER met5 = 0 um.
Total number of vias = 224605.
Up-via summary (total 224605):

-------------------------
 FR_MASTERSLICE         0
            li1     94786
           met1    108428
           met2     16322
           met3      5069
           met4         0
-------------------------
                   224605


[INFO DRT-0195] Start 8th optimization iteration.
    Completing 10% with 72 violations.
    elapsed time = 00:00:00, memory = 2476.02 (MB).
    Completing 20% with 72 violations.
    elapsed time = 00:00:00, memory = 2476.02 (MB).
    Completing 30% with 72 violations.
    elapsed time = 00:00:03, memory = 2476.02 (MB).
    Completing 40% with 72 violations.
    elapsed time = 00:00:03, memory = 2476.02 (MB).
    Completing 50% with 72 violations.
    elapsed time = 00:00:04, memory = 2476.02 (MB).
    Completing 60% with 70 violations.
    elapsed time = 00:00:04, memory = 2476.02 (MB).
    Completing 70% with 70 violations.
    elapsed time = 00:00:04, memory = 2476.02 (MB).
