Clock: clk
Sources: clk 
Generated: no
Virtual: yes
Propagated: no
Period: 25.000000

===========================================================================
report_clock_properties
============================================================================
Clock                   Period          Waveform
----------------------------------------------------
clk                  25.000000    0.000000 12.500000

===========================================================================
report_clock_latency
============================================================================
Clock clk
rise -> rise
    min     max
0.000000 0.000000 source latency
1.906649         network latency _25456_/CLK
        2.183626 network latency _25606_/CLK
---------------
1.906649 2.183626 latency
        0.276978 skew

fall -> fall
    min     max
0.000000 0.000000 source latency
1.517337         network latency _25456_/CLK
        1.812154 network latency _25606_/CLK
---------------
1.517337 1.812154 latency
        0.294817 skew



===========================================================================
report_clock_min_period
============================================================================
clk period_min = 1.63 fmax = 611.99
