
===========================================================================
report_checks -unconstrained
===========================================================================
======================= max_ss_100C_1v60 Corner ===================================

Startpoint: nrst (input port clocked by clk)
Endpoint: _2499_ (recovery check against rising-edge clock clk)
Path Group: asynchronous
Path Type: max

Fanout         Cap        Slew       Delay        Time   Description
---------------------------------------------------------------------------------------------
                                  0.000000    0.000000   clock clk (rise edge)
                                  0.000000    0.000000   clock network delay (propagated)
                                  5.000000    5.000000 ^ input external delay
     2    0.004165    0.041449    0.023038    5.023038 ^ nrst (in)
                                                         nrst (net)
                      0.041463    0.000000    5.023038 ^ input5/A (sky130_fd_sc_hd__clkbuf_2)
     7    0.039535    0.337677    0.369047    5.392085 ^ input5/X (sky130_fd_sc_hd__clkbuf_2)
                                                         net5 (net)
                      0.337682    0.001108    5.393192 ^ fanout153/A (sky130_fd_sc_hd__buf_2)
    13    0.067171    0.516888    0.630949    6.024141 ^ fanout153/X (sky130_fd_sc_hd__buf_2)
                                                         net153 (net)
                      0.517052    0.001648    6.025789 ^ fanout144/A (sky130_fd_sc_hd__buf_2)
     7    0.034078    0.272608    0.527623    6.553412 ^ fanout144/X (sky130_fd_sc_hd__buf_2)
                                                         net144 (net)
                      0.272612    0.001568    6.554980 ^ fanout143/A (sky130_fd_sc_hd__clkbuf_4)
    10    0.050521    0.251650    0.468789    7.023769 ^ fanout143/X (sky130_fd_sc_hd__clkbuf_4)
                                                         net143 (net)
                      0.251691    0.003429    7.027199 ^ fanout142/A (sky130_fd_sc_hd__clkbuf_4)
    10    0.047123    0.236130    0.452014    7.479213 ^ fanout142/X (sky130_fd_sc_hd__clkbuf_4)
                                                         net142 (net)
                      0.236222    0.004384    7.483597 ^ _2499_/RESET_B (sky130_fd_sc_hd__dfrtp_2)
                                              7.483597   data arrival time

                                 25.000000   25.000000   clock clk (rise edge)
                                  0.000000   25.000000   clock source latency
     2    0.031426    0.230168    0.159813   25.159813 ^ clk (in)
                                                         clk (net)
                      0.230242    0.000000   25.159813 ^ clkbuf_0_clk/A (sky130_fd_sc_hd__clkbuf_16)
     9    0.082998    0.152856    0.367846   25.527658 ^ clkbuf_0_clk/X (sky130_fd_sc_hd__clkbuf_16)
                                                         clknet_0_clk (net)
                      0.152976    0.003979   25.531637 ^ clkbuf_2_2__f_clk/A (sky130_fd_sc_hd__clkbuf_16)
    19    0.090849    0.163967    0.339812   25.871450 ^ clkbuf_2_2__f_clk/X (sky130_fd_sc_hd__clkbuf_16)
                                                         clknet_2_2__leaf_clk (net)
                      0.164337    0.005244   25.876694 ^ clkbuf_leaf_23_clk/A (sky130_fd_sc_hd__clkbuf_8)
    16    0.047694    0.148176    0.334397   26.211090 ^ clkbuf_leaf_23_clk/X (sky130_fd_sc_hd__clkbuf_8)
                                                         clknet_leaf_23_clk (net)
                      0.148220    0.002432   26.213522 ^ _2499_/CLK (sky130_fd_sc_hd__dfrtp_2)
                                 -0.250000   25.963524   clock uncertainty
                                  0.000000   25.963524   clock reconvergence pessimism
                                  0.400036   26.363560   library recovery time
                                             26.363560   data required time
---------------------------------------------------------------------------------------------
                                             26.363560   data required time
                                             -7.483597   data arrival time
---------------------------------------------------------------------------------------------
                                             18.879963   slack (MET)


Startpoint: _2778_ (rising edge-triggered flip-flop clocked by clk)
Endpoint: gpio_out[6] (output port clocked by clk)
Path Group: clk
Path Type: max

Fanout         Cap        Slew       Delay        Time   Description
---------------------------------------------------------------------------------------------
                                  0.000000    0.000000   clock clk (rise edge)
                                  0.000000    0.000000   clock source latency
     2    0.031426    0.230168    0.159813    0.159813 ^ clk (in)
                                                         clk (net)
                      0.230242    0.000000    0.159813 ^ clkbuf_0_clk/A (sky130_fd_sc_hd__clkbuf_16)
     9    0.082998    0.152856    0.367846    0.527659 ^ clkbuf_0_clk/X (sky130_fd_sc_hd__clkbuf_16)
                                                         clknet_0_clk (net)
                      0.153428    0.006790    0.534449 ^ clkbuf_2_0__f_clk/A (sky130_fd_sc_hd__clkbuf_16)
    19    0.099326    0.175878    0.350075    0.884524 ^ clkbuf_2_0__f_clk/X (sky130_fd_sc_hd__clkbuf_16)
                                                         clknet_2_0__leaf_clk (net)
                      0.176394    0.006934    0.891458 ^ clkbuf_leaf_0_clk/A (sky130_fd_sc_hd__clkbuf_8)
    10    0.047757    0.148348    0.339902    1.231360 ^ clkbuf_leaf_0_clk/X (sky130_fd_sc_hd__clkbuf_8)
                                                         clknet_leaf_0_clk (net)
                      0.148394    0.002480    1.233840 ^ _2778_/CLK (sky130_fd_sc_hd__dfrtp_4)
    10    0.044677    0.206530    1.154912    2.388752 v _2778_/Q (sky130_fd_sc_hd__dfrtp_4)
                                                         CALC_INST.input_ctrl_inst.col_index[1] (net)
                      0.206718    0.002041    2.390794 v _2253_/A (sky130_fd_sc_hd__or4_2)
     5    0.017679    0.320404    1.798150    4.188944 v _2253_/X (sky130_fd_sc_hd__or4_2)
                                                         _0415_ (net)
                      0.320404    0.000830    4.189775 v _2255_/C (sky130_fd_sc_hd__or4_1)
     3    0.006141    0.219605    1.252841    5.442616 v _2255_/X (sky130_fd_sc_hd__or4_1)
                                                         _0417_ (net)
                      0.219605    0.000314    5.442930 v _2258_/C (sky130_fd_sc_hd__or3_1)
     3    0.011346    0.225853    0.890942    6.333872 v _2258_/X (sky130_fd_sc_hd__or3_1)
                                                         _0420_ (net)
                      0.225853    0.000366    6.334239 v _2264_/A (sky130_fd_sc_hd__and3_1)
     1    0.002432    0.067836    0.359853    6.694092 v _2264_/X (sky130_fd_sc_hd__and3_1)
                                                         _0426_ (net)
                      0.067836    0.000153    6.694245 v _2279_/A_N (sky130_fd_sc_hd__and4b_1)
     3    0.010677    0.208965    0.592066    7.286310 ^ _2279_/X (sky130_fd_sc_hd__and4b_1)
                                                         _0441_ (net)
                      0.208965    0.000412    7.286722 ^ _2288_/C1 (sky130_fd_sc_hd__o211ai_1)
     3    0.007067    0.243996    0.300792    7.587514 v _2288_/Y (sky130_fd_sc_hd__o211ai_1)
                                                         _0450_ (net)
                      0.243996    0.000391    7.587905 v _2293_/C (sky130_fd_sc_hd__or3_1)
     3    0.011425    0.226974    0.901427    8.489332 v _2293_/X (sky130_fd_sc_hd__or3_1)
                                                         _0454_ (net)
                      0.226975    0.000918    8.490251 v _2296_/B (sky130_fd_sc_hd__or3b_1)
     1    0.001804    0.125570    0.833384    9.323634 v _2296_/X (sky130_fd_sc_hd__or3b_1)
                                                         net27 (net)
                      0.125570    0.000083    9.323717 v output27/A (sky130_fd_sc_hd__buf_2)
     1    0.034174    0.165847    0.370123    9.693840 v output27/X (sky130_fd_sc_hd__buf_2)
                                                         gpio_out[6] (net)
                      0.165863    0.001704    9.695544 v gpio_out[6] (out)
                                              9.695544   data arrival time

                                 25.000000   25.000000   clock clk (rise edge)
                                  0.000000   25.000000   clock network delay (propagated)
                                 -0.250000   24.750000   clock uncertainty
                                  0.000000   24.750000   clock reconvergence pessimism
                                 -5.000000   19.750000   output external delay
                                             19.750000   data required time
---------------------------------------------------------------------------------------------
                                             19.750000   data required time
                                             -9.695544   data arrival time
---------------------------------------------------------------------------------------------
                                             10.054456   slack (MET)




===========================================================================
report_checks --slack_max -0.01
============================================================================
======================= max_ss_100C_1v60 Corner ===================================

No paths found.


===========================================================================
 report_check_types -max_slew -max_cap -max_fanout -violators
============================================================================
======================= max_ss_100C_1v60 Corner ===================================

max slew

Pin                                        Limit        Slew       Slack
------------------------------------------------------------------------
_1266_/A2                               0.750000    0.993400   -0.243400 (VIOLATED)
ANTENNA__1266__A2/DIODE                 0.750000    0.993400   -0.243400 (VIOLATED)
_1269_/A2                               0.750000    0.993399   -0.243399 (VIOLATED)
ANTENNA__1269__A2/DIODE                 0.750000    0.993398   -0.243398 (VIOLATED)
ANTENNA__1252__A2/DIODE                 0.750000    0.993395   -0.243395 (VIOLATED)
_1252_/A2                               0.750000    0.993395   -0.243395 (VIOLATED)
_1272_/A2                               0.750000    0.993366   -0.243366 (VIOLATED)
ANTENNA__1272__A2/DIODE                 0.750000    0.993357   -0.243357 (VIOLATED)
_2468_/B                                0.750000    0.993340   -0.243340 (VIOLATED)
ANTENNA__2226__Y/DIODE                  0.750000    0.993338   -0.243338 (VIOLATED)
ANTENNA__2468__B/DIODE                  0.750000    0.993325   -0.243325 (VIOLATED)
ANTENNA__2233__A1/DIODE                 0.750000    0.993320   -0.243320 (VIOLATED)
_2233_/A1                               0.750000    0.993320   -0.243320 (VIOLATED)
_2226_/Y                                0.750000    0.993311   -0.243311 (VIOLATED)
_2470_/B                                0.750000    0.876662   -0.126662 (VIOLATED)
ANTENNA__2470__B/DIODE                  0.750000    0.876659   -0.126659 (VIOLATED)
ANTENNA__1266__C1/DIODE                 0.750000    0.876654   -0.126654 (VIOLATED)
_1266_/C1                               0.750000    0.876654   -0.126654 (VIOLATED)
_1269_/C1                               0.750000    0.876649   -0.126649 (VIOLATED)
ANTENNA__1269__C1/DIODE                 0.750000    0.876640   -0.126640 (VIOLATED)
ANTENNA__1252__C1/DIODE                 0.750000    0.876636   -0.126636 (VIOLATED)
_1252_/C1                               0.750000    0.876632   -0.126632 (VIOLATED)
_1272_/C1                               0.750000    0.876621   -0.126621 (VIOLATED)
ANTENNA__1272__C1/DIODE                 0.750000    0.876620   -0.126620 (VIOLATED)
ANTENNA__2468__Y/DIODE                  0.750000    0.876574   -0.126574 (VIOLATED)
ANTENNA__1276__A_N/DIODE                0.750000    0.876574   -0.126574 (VIOLATED)
_1276_/A_N                              0.750000    0.876574   -0.126574 (VIOLATED)
_2468_/Y                                0.750000    0.876571   -0.126571 (VIOLATED)
fanout49/A                              0.750000    0.800043   -0.050043 (VIOLATED)
ANTENNA_fanout49_A/DIODE                0.750000    0.800043   -0.050043 (VIOLATED)
fanout48/A                              0.750000    0.800031   -0.050031 (VIOLATED)
ANTENNA_fanout48_A/DIODE                0.750000    0.800030   -0.050030 (VIOLATED)
ANTENNA__1341__Y/DIODE                  0.750000    0.800022   -0.050022 (VIOLATED)
_1341_/Y                                0.750000    0.800022   -0.050022 (VIOLATED)
_2374_/B1                               0.750000    0.788665   -0.038665 (VIOLATED)
_2370_/B2                               0.750000    0.788665   -0.038665 (VIOLATED)
_2343_/B                                0.750000    0.788663   -0.038663 (VIOLATED)
fanout44/A                              0.750000    0.788663   -0.038663 (VIOLATED)
_2303_/Y                                0.750000    0.788660   -0.038660 (VIOLATED)
_2252_/Y                                0.750000    0.783180   -0.033181 (VIOLATED)
_2269_/B1                               0.750000    0.783180   -0.033181 (VIOLATED)
max_cap74/A                             0.750000    0.783180   -0.033181 (VIOLATED)
fanout55/A                              0.750000    0.771685   -0.021685 (VIOLATED)
ANTENNA_fanout55_A/DIODE                0.750000    0.771685   -0.021685 (VIOLATED)
fanout54/A                              0.750000    0.771683   -0.021683 (VIOLATED)
ANTENNA_fanout54_A/DIODE                0.750000    0.771683   -0.021683 (VIOLATED)
ANTENNA__2473__Y/DIODE                  0.750000    0.771678   -0.021678 (VIOLATED)
_2473_/Y                                0.750000    0.771678   -0.021678 (VIOLATED)

max fanout

Pin                                   Limit Fanout  Slack
---------------------------------------------------------
_2239_/X                                 10     21    -11 (VIOLATED)
_2240_/Y                                 10     21    -11 (VIOLATED)
_2381_/X                                 10     21    -11 (VIOLATED)
_2487_/Q                                 10     21    -11 (VIOLATED)
fanout100/X                              10     21    -11 (VIOLATED)
fanout103/X                              10     21    -11 (VIOLATED)
fanout109/X                              10     21    -11 (VIOLATED)
fanout41/X                               10     21    -11 (VIOLATED)
fanout48/X                               10     21    -11 (VIOLATED)
fanout54/X                               10     21    -11 (VIOLATED)
fanout56/X                               10     21    -11 (VIOLATED)
fanout57/X                               10     21    -11 (VIOLATED)
fanout58/X                               10     21    -11 (VIOLATED)
fanout73/X                               10     21    -11 (VIOLATED)
fanout75/X                               10     21    -11 (VIOLATED)
fanout77/X                               10     21    -11 (VIOLATED)
fanout82/X                               10     21    -11 (VIOLATED)
fanout84/X                               10     21    -11 (VIOLATED)
fanout86/X                               10     21    -11 (VIOLATED)
fanout91/X                               10     21    -11 (VIOLATED)
_2231_/X                                 10     19     -9 (VIOLATED)
clkbuf_2_0__f_clk/X                      10     19     -9 (VIOLATED)
clkbuf_2_1__f_clk/X                      10     19     -9 (VIOLATED)
clkbuf_2_2__f_clk/X                      10     19     -9 (VIOLATED)
clkbuf_2_3__f_clk/X                      10     19     -9 (VIOLATED)
clkbuf_leaf_32_clk/X                     10     19     -9 (VIOLATED)
fanout35/X                               10     19     -9 (VIOLATED)
fanout63/X                               10     19     -9 (VIOLATED)
fanout96/X                               10     19     -9 (VIOLATED)
clkbuf_leaf_26_clk/X                     10     18     -8 (VIOLATED)
clkbuf_leaf_31_clk/X                     10     18     -8 (VIOLATED)
_2382_/X                                 10     17     -7 (VIOLATED)
_2500_/Q                                 10     17     -7 (VIOLATED)
clkbuf_leaf_11_clk/X                     10     17     -7 (VIOLATED)
clkbuf_leaf_21_clk/X                     10     17     -7 (VIOLATED)
clkbuf_leaf_18_clk/X                     10     16     -6 (VIOLATED)
clkbuf_leaf_23_clk/X                     10     16     -6 (VIOLATED)
clkbuf_leaf_2_clk/X                      10     16     -6 (VIOLATED)
clkbuf_leaf_3_clk/X                      10     16     -6 (VIOLATED)
_2493_/Q                                 10     15     -5 (VIOLATED)
clkbuf_leaf_5_clk/X                      10     15     -5 (VIOLATED)
fanout106/X                              10     15     -5 (VIOLATED)
fanout94/X                               10     15     -5 (VIOLATED)
clkbuf_leaf_13_clk/X                     10     14     -4 (VIOLATED)
clkbuf_leaf_22_clk/X                     10     14     -4 (VIOLATED)
clkbuf_leaf_24_clk/X                     10     14     -4 (VIOLATED)
clkbuf_leaf_8_clk/X                      10     14     -4 (VIOLATED)
clkbuf_leaf_9_clk/X                      10     14     -4 (VIOLATED)
_2209_/Y                                 10     13     -3 (VIOLATED)
_2226_/Y                                 10     13     -3 (VIOLATED)
_2468_/Y                                 10     13     -3 (VIOLATED)
_2499_/Q                                 10     13     -3 (VIOLATED)
clkbuf_leaf_30_clk/X                     10     13     -3 (VIOLATED)
clkbuf_leaf_6_clk/X                      10     13     -3 (VIOLATED)
fanout112/X                              10     13     -3 (VIOLATED)
fanout153/X                              10     13     -3 (VIOLATED)
clkbuf_leaf_1_clk/X                      10     12     -2 (VIOLATED)
clkbuf_leaf_7_clk/X                      10     12     -2 (VIOLATED)
clkbuf_leaf_19_clk/X                     10     11        (VIOLATED)
clkbuf_leaf_28_clk/X                     10     11        (VIOLATED)
clkbuf_leaf_29_clk/X                     10     11        (VIOLATED)
clkbuf_leaf_4_clk/X                      10     11        (VIOLATED)
fanout123/X                              10     11        (VIOLATED)
fanout132/X                              10     11        (VIOLATED)
fanout71/X                               10     11        (VIOLATED)



===========================================================================
report_parasitic_annotation -report_unannotated
============================================================================
Found 106 unannotated drivers.
 en
 gpio_in[10]
 gpio_in[11]
 gpio_in[12]
 gpio_in[13]
 gpio_in[14]
 gpio_in[15]
 gpio_in[16]
 gpio_in[17]
 gpio_in[18]
 gpio_in[19]
 gpio_in[20]
 gpio_in[21]
 gpio_in[22]
 gpio_in[23]
 gpio_in[24]
 gpio_in[25]
 gpio_in[26]
 gpio_in[27]
 gpio_in[28]
 gpio_in[29]
 gpio_in[30]
 gpio_in[31]
 gpio_in[32]
 gpio_in[33]
 gpio_in[4]
 gpio_in[5]
 gpio_in[6]
 gpio_in[7]
 gpio_in[8]
 gpio_in[9]
 clkload0/X
 clkload1/Y
 clkload10/Y
 clkload11/Y
 clkload12/Y
 clkload13/Y
 clkload14/Y
 clkload15/Y
 clkload16/Y
 clkload17/X
 clkload18/Y
 clkload19/Y
 clkload2/Y
 clkload20/X
 clkload21/Y
 clkload22/Y
 clkload23/Y
 clkload24/Y
 clkload25/Y
 clkload26/Y
 clkload27/Y
 clkload28/Y
 clkload29/Y
 clkload3/Y
 clkload30/Y
 clkload31/Y
 clkload4/Y
 clkload5/Y
 clkload6/X
 clkload7/Y
 clkload8/Y
 clkload9/Y
 team_06_154/HI
 team_06_155/HI
 team_06_156/HI
 team_06_157/HI
 team_06_158/HI
 team_06_159/HI
 team_06_160/HI
 team_06_161/HI
 team_06_162/HI
 team_06_163/HI
 team_06_164/HI
 team_06_165/HI
 team_06_166/HI
 team_06_167/HI
 team_06_168/HI
 team_06_169/HI
 team_06_170/HI
 team_06_171/HI
 team_06_172/LO
 team_06_173/LO
 team_06_174/LO
 team_06_175/LO
 team_06_176/LO
 team_06_177/LO
 team_06_178/LO
 team_06_179/LO
 team_06_180/LO
 team_06_181/LO
 team_06_182/LO
 team_06_183/LO
 team_06_184/LO
 team_06_185/LO
 team_06_186/LO
 team_06_187/LO
 team_06_188/LO
 team_06_189/LO
 team_06_190/LO
 team_06_191/LO
 team_06_192/LO
 team_06_193/LO
 team_06_194/LO
 team_06_195/LO
 team_06_196/LO
Found 0 partially unannotated drivers.

===========================================================================
max slew violation count 48
max fanout violation count 65
max cap violation count 0
============================================================================

===========================================================================
check_setup -verbose -unconstrained_endpoints -multiple_clock -no_clock -no_input_delay -loops -generated_clocks
===========================================================================
Warning: There are 43 unconstrained endpoints.
  gpio_oeb[0]
  gpio_oeb[10]
  gpio_oeb[11]
  gpio_oeb[12]
  gpio_oeb[13]
  gpio_oeb[14]
  gpio_oeb[15]
  gpio_oeb[16]
  gpio_oeb[17]
  gpio_oeb[18]
  gpio_oeb[19]
  gpio_oeb[1]
  gpio_oeb[20]
  gpio_oeb[21]
  gpio_oeb[22]
  gpio_oeb[23]
  gpio_oeb[24]
  gpio_oeb[25]
  gpio_oeb[26]
  gpio_oeb[27]
  gpio_oeb[28]
  gpio_oeb[29]
  gpio_oeb[2]
  gpio_oeb[30]
  gpio_oeb[31]
  gpio_oeb[32]
  gpio_oeb[33]
  gpio_oeb[3]
  gpio_oeb[4]
  gpio_oeb[5]
  gpio_oeb[6]
  gpio_oeb[7]
  gpio_oeb[8]
  gpio_oeb[9]
  gpio_out[0]
  gpio_out[1]
  gpio_out[29]
  gpio_out[2]
  gpio_out[30]
  gpio_out[31]
  gpio_out[32]
  gpio_out[33]
  gpio_out[3]
