Clock: clk
Sources: clk 
Generated: no
Virtual: yes
Propagated: no
Period: 25.000000

===========================================================================
report_clock_properties
============================================================================
Clock                   Period          Waveform
----------------------------------------------------
clk                  25.000000    0.000000 12.500000

===========================================================================
report_clock_latency
============================================================================
Clock clk
rise -> rise
    min     max
0.000000 0.000000 source latency
1.196155         network latency _2712_/CLK
        1.252116 network latency _2794_/CLK
---------------
1.196155 1.252116 latency
        0.055961 skew

fall -> fall
    min     max
0.000000 0.000000 source latency
1.089160         network latency _2712_/CLK
        1.131173 network latency _2794_/CLK
---------------
1.089160 1.131173 latency
        0.042014 skew



===========================================================================
report_clock_min_period
============================================================================
clk period_min = 10.35 fmax = 96.65
