Clock: clk
Sources: clk 
Generated: no
Virtual: yes
Propagated: no
Period: 1000.000000

===========================================================================
report_clock_properties
============================================================================
Clock                   Period          Waveform
----------------------------------------------------
clk                 1000.000000    0.000000500.000000

===========================================================================
report_clock_latency
============================================================================
Clock clk
rise -> rise
    min     max
0.000000 0.000000 source latency
200.544571         network latency _11289_/CLK
        201.316422 network latency _10744_/CLK
---------------
200.544571 201.316422 latency
        0.771848 skew

rise -> fall
    min     max
0.000000 0.000000 source latency
200.464935         network latency _11289_/CLK
        201.284576 network latency _10744_/CLK
---------------
200.464935 201.284576 latency
        0.819640 skew



===========================================================================
report_clock_min_period
============================================================================
clk period_min = 0.00 fmax = inf
