Clock: clk
Sources: clk 
Generated: no
Virtual: yes
Propagated: no
Period: 25.000000

===========================================================================
report_clock_properties
============================================================================
Clock                   Period          Waveform
----------------------------------------------------
clk                  25.000000    0.000000 12.500000

===========================================================================
report_clock_latency
============================================================================
Clock clk
rise -> rise
    min     max
0.000000 0.000000 source latency
0.729623         network latency _436_/CLK
        1.412257 network latency _479_/CLK
---------------
0.729623 1.412257 latency
        0.682635 skew

rise -> fall
    min     max
0.000000 0.000000 source latency
1.501933         network latency _478_/CLK
        1.501969 network latency _479_/CLK
---------------
1.501933 1.501969 latency
        0.000036 skew

fall -> fall
    min     max
0.000000 0.000000 source latency
0.677423         network latency _436_/CLK
        0.690665 network latency _467_/CLK
---------------
0.677423 0.690665 latency
        0.013243 skew



===========================================================================
report_clock_min_period
============================================================================
clk period_min = 6.05 fmax = 165.16
