
===========================================================================
report_checks -unconstrained
===========================================================================
======================= max_ss_100C_1v60 Corner ===================================

Startpoint: nrst (input port clocked by clk)
Endpoint: _0938_ (recovery check against rising-edge clock clk)
Path Group: asynchronous
Path Type: max

Fanout         Cap        Slew       Delay        Time   Description
---------------------------------------------------------------------------------------------
                                  0.000000    0.000000   clock clk (rise edge)
                                  0.000000    0.000000   clock network delay (propagated)
                                  5.000000    5.000000 ^ input external delay
     2    0.003859    0.039356    0.021417    5.021417 ^ nrst (in)
                                                         nrst (net)
                      0.039356    0.000000    5.021417 ^ input15/A (sky130_fd_sc_hd__dlymetal6s2s_1)
     4    0.026001    0.414453    0.392732    5.414149 ^ input15/X (sky130_fd_sc_hd__dlymetal6s2s_1)
                                                         net15 (net)
                      0.414473    0.002406    5.416555 ^ fanout57/A (sky130_fd_sc_hd__buf_2)
     7    0.034873    0.277306    0.490694    5.907249 ^ fanout57/X (sky130_fd_sc_hd__buf_2)
                                                         net57 (net)
                      0.277306    0.000865    5.908114 ^ fanout56/A (sky130_fd_sc_hd__clkbuf_2)
     5    0.027580    0.241333    0.404692    6.312807 ^ fanout56/X (sky130_fd_sc_hd__clkbuf_2)
                                                         net56 (net)
                      0.241348    0.002118    6.314924 ^ fanout55/A (sky130_fd_sc_hd__clkbuf_4)
    10    0.042034    0.213198    0.431246    6.746170 ^ fanout55/X (sky130_fd_sc_hd__clkbuf_4)
                                                         net55 (net)
                      0.213247    0.003163    6.749333 ^ _0938_/RESET_B (sky130_fd_sc_hd__dfrtp_2)
                                              6.749333   data arrival time

                                 25.000000   25.000000   clock clk (rise edge)
                                  0.000000   25.000000   clock source latency
     2    0.020878    0.156034    0.106636   25.106636 ^ clk (in)
                                                         clk (net)
                      0.156038    0.000000   25.106636 ^ clkbuf_0_clk/A (sky130_fd_sc_hd__clkbuf_16)
    33    0.143960    0.239701    0.396529   25.503164 ^ clkbuf_0_clk/X (sky130_fd_sc_hd__clkbuf_16)
                                                         clknet_0_clk (net)
                      0.239993    0.006942   25.510107 ^ clkbuf_4_8_0_clk/A (sky130_fd_sc_hd__clkbuf_8)
     9    0.027312    0.101448    0.329402   25.839510 ^ clkbuf_4_8_0_clk/X (sky130_fd_sc_hd__clkbuf_8)
                                                         clknet_4_8_0_clk (net)
                      0.101458    0.001098   25.840607 ^ _0938_/CLK (sky130_fd_sc_hd__dfrtp_2)
                                 -0.250000   25.590609   clock uncertainty
                                  0.000000   25.590609   clock reconvergence pessimism
                                  0.393974   25.984583   library recovery time
                                             25.984583   data required time
---------------------------------------------------------------------------------------------
                                             25.984583   data required time
                                             -6.749333   data arrival time
---------------------------------------------------------------------------------------------
                                             19.235249   slack (MET)


Startpoint: gpio_in[11] (input port clocked by clk)
Endpoint: gpio_out[14] (output port clocked by clk)
Path Group: clk
Path Type: max

Fanout         Cap        Slew       Delay        Time   Description
---------------------------------------------------------------------------------------------
                                  0.000000    0.000000   clock clk (rise edge)
                                  0.000000    0.000000   clock network delay (propagated)
                                  5.000000    5.000000 v input external delay
     2    0.004326    0.024448    0.014094    5.014094 v gpio_in[11] (in)
                                                         gpio_in[11] (net)
                      0.024450    0.000000    5.014094 v input3/A (sky130_fd_sc_hd__clkbuf_1)
     2    0.004291    0.065257    0.153622    5.167716 v input3/X (sky130_fd_sc_hd__clkbuf_1)
                                                         net3 (net)
                      0.065257    0.000151    5.167868 v _0672_/A (sky130_fd_sc_hd__or4_1)
     1    0.007841    0.236745    1.299250    6.467117 v _0672_/X (sky130_fd_sc_hd__or4_1)
                                                         _0279_ (net)
                      0.236934    0.000773    6.467890 v _0675_/A (sky130_fd_sc_hd__or3_1)
     1    0.007708    0.185491    0.978182    7.446073 v _0675_/X (sky130_fd_sc_hd__or3_1)
                                                         _0282_ (net)
                      0.185491    0.000604    7.446677 v _0676_/A3 (sky130_fd_sc_hd__o31a_1)
     1    0.004353    0.101051    0.513225    7.959902 v _0676_/X (sky130_fd_sc_hd__o31a_1)
                                                         SYNTH_INST.pwm (net)
                      0.101051    0.000326    7.960228 v _1114_/A (sky130_fd_sc_hd__clkbuf_1)
     1    0.002894    0.051394    0.175398    8.135627 v _1114_/X (sky130_fd_sc_hd__clkbuf_1)
                                                         net16 (net)
                      0.051394    0.000174    8.135800 v output16/A (sky130_fd_sc_hd__buf_2)
     1    0.036299    0.174420    0.341599    8.477400 v output16/X (sky130_fd_sc_hd__buf_2)
                                                         gpio_out[14] (net)
                      0.174442    0.002024    8.479424 v gpio_out[14] (out)
                                              8.479424   data arrival time

                                 25.000000   25.000000   clock clk (rise edge)
                                  0.000000   25.000000   clock network delay (propagated)
                                 -0.250000   24.750000   clock uncertainty
                                  0.000000   24.750000   clock reconvergence pessimism
                                 -5.000000   19.750000   output external delay
                                             19.750000   data required time
---------------------------------------------------------------------------------------------
                                             19.750000   data required time
                                             -8.479424   data arrival time
---------------------------------------------------------------------------------------------
                                             11.270576   slack (MET)




===========================================================================
report_checks --slack_max -0.01
============================================================================
======================= max_ss_100C_1v60 Corner ===================================

No paths found.


===========================================================================
 report_check_types -max_slew -max_cap -max_fanout -violators
============================================================================
======================= max_ss_100C_1v60 Corner ===================================

max fanout

Pin                                   Limit Fanout  Slack
---------------------------------------------------------
clkbuf_0_clk/X                           10     33    -23 (VIOLATED)
_0573_/Y                                 10     19     -9 (VIOLATED)
fanout25/X                               10     19     -9 (VIOLATED)
fanout27/X                               10     17     -7 (VIOLATED)
fanout43/X                               10     13     -3 (VIOLATED)
fanout46/X                               10     13     -3 (VIOLATED)



===========================================================================
report_parasitic_annotation -report_unannotated
============================================================================
Found 106 unannotated drivers.
 en
 gpio_in[14]
 gpio_in[15]
 gpio_in[16]
 gpio_in[17]
 gpio_in[18]
 gpio_in[19]
 gpio_in[20]
 gpio_in[21]
 gpio_in[22]
 gpio_in[23]
 gpio_in[24]
 gpio_in[25]
 gpio_in[26]
 gpio_in[27]
 gpio_in[28]
 gpio_in[29]
 gpio_in[30]
 gpio_in[31]
 gpio_in[32]
 gpio_in[33]
 _0929__131/HI
 _0930__130/HI
 _0946__129/HI
 clkload0/X
 clkload1/Y
 clkload10/Y
 clkload11/Y
 clkload12/X
 clkload13/X
 clkload14/X
 clkload2/Y
 clkload3/Y
 clkload4/X
 clkload5/Y
 clkload6/X
 clkload7/X
 clkload8/X
 clkload9/X
 team_05_100/HI
 team_05_101/HI
 team_05_102/HI
 team_05_103/HI
 team_05_104/HI
 team_05_105/HI
 team_05_106/HI
 team_05_107/HI
 team_05_108/HI
 team_05_109/HI
 team_05_110/HI
 team_05_111/HI
 team_05_112/HI
 team_05_113/HI
 team_05_114/HI
 team_05_115/HI
 team_05_116/HI
 team_05_117/HI
 team_05_118/HI
 team_05_119/HI
 team_05_120/HI
 team_05_121/HI
 team_05_122/HI
 team_05_123/HI
 team_05_124/HI
 team_05_125/HI
 team_05_126/HI
 team_05_127/HI
 team_05_128/HI
 team_05_132/LO
 team_05_63/HI
 team_05_64/HI
 team_05_65/HI
 team_05_66/HI
 team_05_67/HI
 team_05_68/HI
 team_05_69/HI
 team_05_70/HI
 team_05_71/HI
 team_05_72/HI
 team_05_73/HI
 team_05_74/HI
 team_05_75/HI
 team_05_76/HI
 team_05_77/HI
 team_05_78/HI
 team_05_79/HI
 team_05_80/HI
 team_05_81/HI
 team_05_82/HI
 team_05_83/HI
 team_05_84/HI
 team_05_85/HI
 team_05_86/HI
 team_05_87/HI
 team_05_88/HI
 team_05_89/HI
 team_05_90/HI
 team_05_91/HI
 team_05_92/HI
 team_05_93/HI
 team_05_94/HI
 team_05_95/HI
 team_05_96/HI
 team_05_97/HI
 team_05_98/HI
 team_05_99/HI
Found 0 partially unannotated drivers.

===========================================================================
max slew violation count 0
max fanout violation count 6
max cap violation count 0
============================================================================

===========================================================================
check_setup -verbose -unconstrained_endpoints -multiple_clock -no_clock -no_input_delay -loops -generated_clocks
===========================================================================
Warning: There are 70 unconstrained endpoints.
  gpio_oeb[0]
  gpio_oeb[10]
  gpio_oeb[11]
  gpio_oeb[12]
  gpio_oeb[13]
  gpio_oeb[14]
  gpio_oeb[15]
  gpio_oeb[16]
  gpio_oeb[17]
  gpio_oeb[18]
  gpio_oeb[19]
  gpio_oeb[1]
  gpio_oeb[20]
  gpio_oeb[21]
  gpio_oeb[22]
  gpio_oeb[23]
  gpio_oeb[24]
  gpio_oeb[25]
  gpio_oeb[26]
  gpio_oeb[27]
  gpio_oeb[28]
  gpio_oeb[29]
  gpio_oeb[2]
  gpio_oeb[30]
  gpio_oeb[31]
  gpio_oeb[32]
  gpio_oeb[33]
  gpio_oeb[3]
  gpio_oeb[4]
  gpio_oeb[5]
  gpio_oeb[6]
  gpio_oeb[7]
  gpio_oeb[8]
  gpio_oeb[9]
  gpio_out[0]
  gpio_out[10]
  gpio_out[11]
  gpio_out[12]
  gpio_out[13]
  gpio_out[15]
  gpio_out[16]
  gpio_out[17]
  gpio_out[18]
  gpio_out[19]
  gpio_out[1]
  gpio_out[20]
  gpio_out[21]
  gpio_out[22]
  gpio_out[23]
  gpio_out[24]
  gpio_out[25]
  gpio_out[26]
  gpio_out[27]
  gpio_out[28]
  gpio_out[29]
  gpio_out[2]
  gpio_out[30]
  gpio_out[31]
  gpio_out[32]
  gpio_out[33]
  gpio_out[3]
  gpio_out[4]
  gpio_out[5]
  gpio_out[6]
  gpio_out[7]
  gpio_out[8]
  gpio_out[9]
  _0929_/D
  _0930_/D
  _0946_/D
