Clock: clk
Sources: clk 
Generated: no
Virtual: yes
Propagated: no
Period: 25.000000

===========================================================================
report_clock_properties
============================================================================
Clock                   Period          Waveform
----------------------------------------------------
clk                  25.000000    0.000000 12.500000

===========================================================================
report_clock_latency
============================================================================
Clock clk
rise -> rise
    min     max
0.000000 0.000000 source latency
0.838113         network latency _0980_/CLK
        0.861530 network latency _1018_/CLK
---------------
0.838113 0.861530 latency
        0.023417 skew

fall -> fall
    min     max
0.000000 0.000000 source latency
0.742504         network latency _0980_/CLK
        0.762563 network latency _1018_/CLK
---------------
0.742504 0.762563 latency
        0.020060 skew



===========================================================================
report_clock_min_period
============================================================================
clk period_min = 9.28 fmax = 107.73
