
===========================================================================
report_checks -unconstrained
===========================================================================
======================= max_ff_n40C_1v95 Corner ===================================

Startpoint: nrst (input port clocked by clk)
Endpoint: _2499_ (recovery check against rising-edge clock clk)
Path Group: asynchronous
Path Type: max

Fanout         Cap        Slew       Delay        Time   Description
---------------------------------------------------------------------------------------------
                                  0.000000    0.000000   clock clk (rise edge)
                                  0.000000    0.000000   clock network delay (propagated)
                                  5.000000    5.000000 ^ input external delay
     2    0.004022    0.018275    0.010492    5.010493 ^ nrst (in)
                                                         nrst (net)
                      0.018277    0.000000    5.010493 ^ input5/A (sky130_fd_sc_hd__clkbuf_2)
     7    0.038970    0.163821    0.153785    5.164278 ^ input5/X (sky130_fd_sc_hd__clkbuf_2)
                                                         net5 (net)
                      0.163832    0.001096    5.165374 ^ fanout153/A (sky130_fd_sc_hd__buf_2)
    13    0.066222    0.242464    0.239511    5.404885 ^ fanout153/X (sky130_fd_sc_hd__buf_2)
                                                         net153 (net)
                      0.242479    0.001628    5.406512 ^ fanout144/A (sky130_fd_sc_hd__buf_2)
     7    0.035934    0.134238    0.175591    5.582103 ^ fanout144/X (sky130_fd_sc_hd__buf_2)
                                                         net144 (net)
                      0.134268    0.001648    5.583751 ^ fanout143/A (sky130_fd_sc_hd__clkbuf_4)
    10    0.053759    0.126506    0.178037    5.761788 ^ fanout143/X (sky130_fd_sc_hd__clkbuf_4)
                                                         net143 (net)
                      0.126654    0.003642    5.765429 ^ fanout142/A (sky130_fd_sc_hd__clkbuf_4)
    10    0.050677    0.119945    0.175789    5.941219 ^ fanout142/X (sky130_fd_sc_hd__clkbuf_4)
                                                         net142 (net)
                      0.120226    0.004706    5.945925 ^ _2499_/RESET_B (sky130_fd_sc_hd__dfrtp_2)
                                              5.945925   data arrival time

                                 25.000000   25.000000   clock clk (rise edge)
                                  0.000000   25.000000   clock source latency
     2    0.031293    0.108829    0.076458   25.076458 ^ clk (in)
                                                         clk (net)
                      0.108986    0.000000   25.076458 ^ clkbuf_0_clk/A (sky130_fd_sc_hd__clkbuf_16)
     9    0.082264    0.076355    0.138950   25.215406 ^ clkbuf_0_clk/X (sky130_fd_sc_hd__clkbuf_16)
                                                         clknet_0_clk (net)
                      0.076673    0.003940   25.219347 ^ clkbuf_2_2__f_clk/A (sky130_fd_sc_hd__clkbuf_16)
    19    0.089180    0.081763    0.132625   25.351973 ^ clkbuf_2_2__f_clk/X (sky130_fd_sc_hd__clkbuf_16)
                                                         clknet_2_2__leaf_clk (net)
                      0.082261    0.005123   25.357096 ^ clkbuf_leaf_23_clk/A (sky130_fd_sc_hd__clkbuf_8)
    16    0.050621    0.074648    0.129258   25.486353 ^ clkbuf_leaf_23_clk/X (sky130_fd_sc_hd__clkbuf_8)
                                                         clknet_leaf_23_clk (net)
                      0.074823    0.002583   25.488935 ^ _2499_/CLK (sky130_fd_sc_hd__dfrtp_2)
                                 -0.250000   25.238937   clock uncertainty
                                  0.000000   25.238937   clock reconvergence pessimism
                                  0.117653   25.356590   library recovery time
                                             25.356590   data required time
---------------------------------------------------------------------------------------------
                                             25.356590   data required time
                                             -5.945925   data arrival time
---------------------------------------------------------------------------------------------
                                             19.410666   slack (MET)


Startpoint: _2780_ (rising edge-triggered flip-flop clocked by clk)
Endpoint: gpio_out[6] (output port clocked by clk)
Path Group: clk
Path Type: max

Fanout         Cap        Slew       Delay        Time   Description
---------------------------------------------------------------------------------------------
                                  0.000000    0.000000   clock clk (rise edge)
                                  0.000000    0.000000   clock source latency
     2    0.031293    0.108829    0.076457    0.076457 ^ clk (in)
                                                         clk (net)
                      0.108986    0.000000    0.076457 ^ clkbuf_0_clk/A (sky130_fd_sc_hd__clkbuf_16)
     9    0.082264    0.076355    0.138952    0.215409 ^ clkbuf_0_clk/X (sky130_fd_sc_hd__clkbuf_16)
                                                         clknet_0_clk (net)
                      0.077293    0.006700    0.222108 ^ clkbuf_2_0__f_clk/A (sky130_fd_sc_hd__clkbuf_16)
    19    0.097657    0.087503    0.138382    0.360490 ^ clkbuf_2_0__f_clk/X (sky130_fd_sc_hd__clkbuf_16)
                                                         clknet_2_0__leaf_clk (net)
                      0.088203    0.006256    0.366746 ^ clkbuf_leaf_1_clk/A (sky130_fd_sc_hd__clkbuf_8)
    12    0.049361    0.073139    0.129834    0.496580 ^ clkbuf_leaf_1_clk/X (sky130_fd_sc_hd__clkbuf_8)
                                                         clknet_leaf_1_clk (net)
                      0.073223    0.001500    0.498081 ^ _2780_/CLK (sky130_fd_sc_hd__dfrtp_1)
     2    0.009692    0.050980    0.258008    0.756089 v _2780_/Q (sky130_fd_sc_hd__dfrtp_1)
                                                         CALC_INST.input_ctrl_inst.col_index[3] (net)
                      0.050987    0.000571    0.756660 v fanout89/A (sky130_fd_sc_hd__buf_2)
    10    0.041428    0.074212    0.133005    0.889665 v fanout89/X (sky130_fd_sc_hd__buf_2)
                                                         net89 (net)
                      0.074377    0.003053    0.892718 v _2253_/C (sky130_fd_sc_hd__or4_2)
     5    0.017998    0.100646    0.400670    1.293389 v _2253_/X (sky130_fd_sc_hd__or4_2)
                                                         _0415_ (net)
                      0.100646    0.000849    1.294237 v _2255_/C (sky130_fd_sc_hd__or4_1)
     3    0.006330    0.068285    0.298951    1.593188 v _2255_/X (sky130_fd_sc_hd__or4_1)
                                                         _0417_ (net)
                      0.068286    0.000327    1.593516 v _2258_/C (sky130_fd_sc_hd__or3_1)
     3    0.011451    0.074220    0.222343    1.815859 v _2258_/X (sky130_fd_sc_hd__or3_1)
                                                         _0420_ (net)
                      0.074221    0.000378    1.816236 v _2264_/A (sky130_fd_sc_hd__and3_1)
     1    0.002599    0.026702    0.102504    1.918741 v _2264_/X (sky130_fd_sc_hd__and3_1)
                                                         _0426_ (net)
                      0.026702    0.000166    1.918907 v _2279_/A_N (sky130_fd_sc_hd__and4b_1)
     3    0.010909    0.091633    0.185310    2.104217 ^ _2279_/X (sky130_fd_sc_hd__and4b_1)
                                                         _0441_ (net)
                      0.091634    0.000421    2.104638 ^ _2288_/C1 (sky130_fd_sc_hd__o211ai_1)
     3    0.007394    0.063242    0.060187    2.164825 v _2288_/Y (sky130_fd_sc_hd__o211ai_1)
                                                         _0450_ (net)
                      0.063244    0.000411    2.165236 v _2293_/C (sky130_fd_sc_hd__or3_1)
     3    0.011794    0.075288    0.221688    2.386924 v _2293_/X (sky130_fd_sc_hd__or3_1)
                                                         _0454_ (net)
                      0.075301    0.000949    2.387872 v _2296_/B (sky130_fd_sc_hd__or3b_1)
     1    0.001898    0.038809    0.202635    2.590507 v _2296_/X (sky130_fd_sc_hd__or3b_1)
                                                         net27 (net)
                      0.038809    0.000087    2.590594 v output27/A (sky130_fd_sc_hd__buf_2)
     1    0.034174    0.062666    0.119869    2.710463 v output27/X (sky130_fd_sc_hd__buf_2)
                                                         gpio_out[6] (net)
                      0.062723    0.001701    2.712164 v gpio_out[6] (out)
                                              2.712164   data arrival time

                                 25.000000   25.000000   clock clk (rise edge)
                                  0.000000   25.000000   clock network delay (propagated)
                                 -0.250000   24.750000   clock uncertainty
                                  0.000000   24.750000   clock reconvergence pessimism
                                 -5.000000   19.750000   output external delay
                                             19.750000   data required time
---------------------------------------------------------------------------------------------
                                             19.750000   data required time
                                             -2.712164   data arrival time
---------------------------------------------------------------------------------------------
                                             17.037836   slack (MET)




===========================================================================
report_checks --slack_max -0.01
============================================================================
======================= max_ff_n40C_1v95 Corner ===================================

No paths found.


===========================================================================
 report_check_types -max_slew -max_cap -max_fanout -violators
============================================================================
======================= max_ff_n40C_1v95 Corner ===================================

max fanout

Pin                                   Limit Fanout  Slack
---------------------------------------------------------
_2239_/X                                 10     21    -11 (VIOLATED)
_2240_/Y                                 10     21    -11 (VIOLATED)
_2381_/X                                 10     21    -11 (VIOLATED)
_2487_/Q                                 10     21    -11 (VIOLATED)
fanout100/X                              10     21    -11 (VIOLATED)
fanout103/X                              10     21    -11 (VIOLATED)
fanout109/X                              10     21    -11 (VIOLATED)
fanout41/X                               10     21    -11 (VIOLATED)
fanout48/X                               10     21    -11 (VIOLATED)
fanout54/X                               10     21    -11 (VIOLATED)
fanout56/X                               10     21    -11 (VIOLATED)
fanout57/X                               10     21    -11 (VIOLATED)
fanout58/X                               10     21    -11 (VIOLATED)
fanout73/X                               10     21    -11 (VIOLATED)
fanout75/X                               10     21    -11 (VIOLATED)
fanout77/X                               10     21    -11 (VIOLATED)
fanout82/X                               10     21    -11 (VIOLATED)
fanout84/X                               10     21    -11 (VIOLATED)
fanout86/X                               10     21    -11 (VIOLATED)
fanout91/X                               10     21    -11 (VIOLATED)
_2231_/X                                 10     19     -9 (VIOLATED)
clkbuf_2_0__f_clk/X                      10     19     -9 (VIOLATED)
clkbuf_2_1__f_clk/X                      10     19     -9 (VIOLATED)
clkbuf_2_2__f_clk/X                      10     19     -9 (VIOLATED)
clkbuf_2_3__f_clk/X                      10     19     -9 (VIOLATED)
clkbuf_leaf_32_clk/X                     10     19     -9 (VIOLATED)
fanout35/X                               10     19     -9 (VIOLATED)
fanout63/X                               10     19     -9 (VIOLATED)
fanout96/X                               10     19     -9 (VIOLATED)
clkbuf_leaf_26_clk/X                     10     18     -8 (VIOLATED)
clkbuf_leaf_31_clk/X                     10     18     -8 (VIOLATED)
_2382_/X                                 10     17     -7 (VIOLATED)
_2500_/Q                                 10     17     -7 (VIOLATED)
clkbuf_leaf_11_clk/X                     10     17     -7 (VIOLATED)
clkbuf_leaf_21_clk/X                     10     17     -7 (VIOLATED)
clkbuf_leaf_18_clk/X                     10     16     -6 (VIOLATED)
clkbuf_leaf_23_clk/X                     10     16     -6 (VIOLATED)
clkbuf_leaf_2_clk/X                      10     16     -6 (VIOLATED)
clkbuf_leaf_3_clk/X                      10     16     -6 (VIOLATED)
_2493_/Q                                 10     15     -5 (VIOLATED)
clkbuf_leaf_5_clk/X                      10     15     -5 (VIOLATED)
fanout106/X                              10     15     -5 (VIOLATED)
fanout94/X                               10     15     -5 (VIOLATED)
clkbuf_leaf_13_clk/X                     10     14     -4 (VIOLATED)
clkbuf_leaf_22_clk/X                     10     14     -4 (VIOLATED)
clkbuf_leaf_24_clk/X                     10     14     -4 (VIOLATED)
clkbuf_leaf_8_clk/X                      10     14     -4 (VIOLATED)
clkbuf_leaf_9_clk/X                      10     14     -4 (VIOLATED)
_2209_/Y                                 10     13     -3 (VIOLATED)
_2226_/Y                                 10     13     -3 (VIOLATED)
_2468_/Y                                 10     13     -3 (VIOLATED)
_2499_/Q                                 10     13     -3 (VIOLATED)
clkbuf_leaf_30_clk/X                     10     13     -3 (VIOLATED)
clkbuf_leaf_6_clk/X                      10     13     -3 (VIOLATED)
fanout112/X                              10     13     -3 (VIOLATED)
fanout153/X                              10     13     -3 (VIOLATED)
clkbuf_leaf_1_clk/X                      10     12     -2 (VIOLATED)
clkbuf_leaf_7_clk/X                      10     12     -2 (VIOLATED)
clkbuf_leaf_19_clk/X                     10     11        (VIOLATED)
clkbuf_leaf_28_clk/X                     10     11        (VIOLATED)
clkbuf_leaf_29_clk/X                     10     11        (VIOLATED)
clkbuf_leaf_4_clk/X                      10     11        (VIOLATED)
fanout123/X                              10     11        (VIOLATED)
fanout132/X                              10     11        (VIOLATED)
fanout71/X                               10     11        (VIOLATED)



===========================================================================
report_parasitic_annotation -report_unannotated
============================================================================
Found 106 unannotated drivers.
 en
 gpio_in[10]
 gpio_in[11]
 gpio_in[12]
 gpio_in[13]
 gpio_in[14]
 gpio_in[15]
 gpio_in[16]
 gpio_in[17]
 gpio_in[18]
 gpio_in[19]
 gpio_in[20]
 gpio_in[21]
 gpio_in[22]
 gpio_in[23]
 gpio_in[24]
 gpio_in[25]
 gpio_in[26]
 gpio_in[27]
 gpio_in[28]
 gpio_in[29]
 gpio_in[30]
 gpio_in[31]
 gpio_in[32]
 gpio_in[33]
 gpio_in[4]
 gpio_in[5]
 gpio_in[6]
 gpio_in[7]
 gpio_in[8]
 gpio_in[9]
 clkload0/X
 clkload1/Y
 clkload10/Y
 clkload11/Y
 clkload12/Y
 clkload13/Y
 clkload14/Y
 clkload15/Y
 clkload16/Y
 clkload17/X
 clkload18/Y
 clkload19/Y
 clkload2/Y
 clkload20/X
 clkload21/Y
 clkload22/Y
 clkload23/Y
 clkload24/Y
 clkload25/Y
 clkload26/Y
 clkload27/Y
 clkload28/Y
 clkload29/Y
 clkload3/Y
 clkload30/Y
 clkload31/Y
 clkload4/Y
 clkload5/Y
 clkload6/X
 clkload7/Y
 clkload8/Y
 clkload9/Y
 team_06_154/HI
 team_06_155/HI
 team_06_156/HI
 team_06_157/HI
 team_06_158/HI
 team_06_159/HI
 team_06_160/HI
 team_06_161/HI
 team_06_162/HI
 team_06_163/HI
 team_06_164/HI
 team_06_165/HI
 team_06_166/HI
 team_06_167/HI
 team_06_168/HI
 team_06_169/HI
 team_06_170/HI
 team_06_171/HI
 team_06_172/LO
 team_06_173/LO
 team_06_174/LO
 team_06_175/LO
 team_06_176/LO
 team_06_177/LO
 team_06_178/LO
 team_06_179/LO
 team_06_180/LO
 team_06_181/LO
 team_06_182/LO
 team_06_183/LO
 team_06_184/LO
 team_06_185/LO
 team_06_186/LO
 team_06_187/LO
 team_06_188/LO
 team_06_189/LO
 team_06_190/LO
 team_06_191/LO
 team_06_192/LO
 team_06_193/LO
 team_06_194/LO
 team_06_195/LO
 team_06_196/LO
Found 0 partially unannotated drivers.

===========================================================================
max slew violation count 0
max fanout violation count 65
max cap violation count 0
============================================================================

===========================================================================
check_setup -verbose -unconstrained_endpoints -multiple_clock -no_clock -no_input_delay -loops -generated_clocks
===========================================================================
Warning: There are 43 unconstrained endpoints.
  gpio_oeb[0]
  gpio_oeb[10]
  gpio_oeb[11]
  gpio_oeb[12]
  gpio_oeb[13]
  gpio_oeb[14]
  gpio_oeb[15]
  gpio_oeb[16]
  gpio_oeb[17]
  gpio_oeb[18]
  gpio_oeb[19]
  gpio_oeb[1]
  gpio_oeb[20]
  gpio_oeb[21]
  gpio_oeb[22]
  gpio_oeb[23]
  gpio_oeb[24]
  gpio_oeb[25]
  gpio_oeb[26]
  gpio_oeb[27]
  gpio_oeb[28]
  gpio_oeb[29]
  gpio_oeb[2]
  gpio_oeb[30]
  gpio_oeb[31]
  gpio_oeb[32]
  gpio_oeb[33]
  gpio_oeb[3]
  gpio_oeb[4]
  gpio_oeb[5]
  gpio_oeb[6]
  gpio_oeb[7]
  gpio_oeb[8]
  gpio_oeb[9]
  gpio_out[0]
  gpio_out[1]
  gpio_out[29]
  gpio_out[2]
  gpio_out[30]
  gpio_out[31]
  gpio_out[32]
  gpio_out[33]
  gpio_out[3]
