Clock: clk
Sources: clk 
Generated: no
Virtual: yes
Propagated: no
Period: 25.000000

===========================================================================
report_clock_properties
============================================================================
Clock                   Period          Waveform
----------------------------------------------------
clk                  25.000000    0.000000 12.500000

===========================================================================
report_clock_latency
============================================================================
Clock clk
rise -> rise
    min     max
0.000000 0.000000 source latency
0.479044         network latency _2712_/CLK
        0.510296 network latency _2794_/CLK
---------------
0.479044 0.510296 latency
        0.031252 skew

fall -> fall
    min     max
0.000000 0.000000 source latency
0.422464         network latency _2712_/CLK
        0.445592 network latency _2794_/CLK
---------------
0.422464 0.445592 latency
        0.023128 skew



===========================================================================
report_clock_min_period
============================================================================
clk period_min = 3.30 fmax = 302.82
