Clock: clk
Sources: wb_clk_i 
Generated: no
Virtual: yes
Propagated: no
Period: 100.000000

===========================================================================
report_clock_properties
============================================================================
Clock                   Period          Waveform
----------------------------------------------------
clk                 100.000000    0.000000 50.000000

===========================================================================
report_clock_latency
============================================================================
Clock clk
rise -> rise
    min     max
4.650000 5.570000 source latency
7.321534         network latency _5675_/CLK
        8.437397 network latency mprj.team_08_Wrapper.team_08_WB.instance_to_wrap/clk
---------------
11.971534 14.007397 latency
        2.035863 skew

fall -> fall
    min     max
4.650000 5.570000 source latency
7.553933         network latency _5675_/CLK
        8.475414 network latency mprj.team_08_Wrapper.team_08_WB.instance_to_wrap/clk
---------------
12.203933 14.045414 latency
        1.841482 skew



===========================================================================
report_clock_min_period
============================================================================
clk period_min = 23.77 fmax = 42.08
