
===========================================================================
report_checks -unconstrained
===========================================================================
======================= nom_tt_025C_1v80 Corner ===================================

Startpoint: _3506_ (rising edge-triggered flip-flop clocked by clk)
Endpoint: _3200_ (recovery check against rising-edge clock clk)
Path Group: asynchronous
Path Type: max

Fanout         Cap        Slew       Delay        Time   Description
---------------------------------------------------------------------------------------------
                                  0.000000    0.000000   clock clk (rise edge)
                                  0.000000    0.000000   clock source latency
     2    0.037050    0.171324    0.120210    0.120210 ^ clk (in)
                                                         clk (net)
                      0.171428    0.000000    0.120210 ^ clkbuf_0_clk/A (sky130_fd_sc_hd__clkbuf_16)
     9    0.090935    0.108155    0.221422    0.341632 ^ clkbuf_0_clk/X (sky130_fd_sc_hd__clkbuf_16)
                                                         clknet_0_clk (net)
                      0.108312    0.003642    0.345274 ^ clkbuf_2_1__f_clk/A (sky130_fd_sc_hd__clkbuf_16)
    27    0.136378    0.149263    0.232812    0.578085 ^ clkbuf_2_1__f_clk/X (sky130_fd_sc_hd__clkbuf_16)
                                                         clknet_2_1__leaf_clk (net)
                      0.149570    0.004807    0.582892 ^ clkbuf_leaf_17_clk/A (sky130_fd_sc_hd__clkbuf_8)
     9    0.043577    0.088058    0.197985    0.780877 ^ clkbuf_leaf_17_clk/X (sky130_fd_sc_hd__clkbuf_8)
                                                         clknet_leaf_17_clk (net)
                      0.088068    0.000980    0.781857 ^ _3506_/CLK (sky130_fd_sc_hd__dfxtp_1)
     1    0.003537    0.046612    0.320788    1.102645 ^ _3506_/Q (sky130_fd_sc_hd__dfxtp_1)
                                                         MATMULT_INST.matmult_inst.addr[0] (net)
                      0.046612    0.000111    1.102756 ^ fanout154/A (sky130_fd_sc_hd__clkbuf_2)
    11    0.047926    0.259974    0.254317    1.357073 ^ fanout154/X (sky130_fd_sc_hd__clkbuf_2)
                                                         net154 (net)
                      0.259977    0.000776    1.357849 ^ fanout149/A (sky130_fd_sc_hd__clkbuf_2)
    11    0.047680    0.259698    0.317979    1.675828 ^ fanout149/X (sky130_fd_sc_hd__clkbuf_2)
                                                         net149 (net)
                      0.259699    0.000554    1.676382 ^ fanout148/A (sky130_fd_sc_hd__buf_2)
    21    0.054056    0.263911    0.328378    2.004761 ^ fanout148/X (sky130_fd_sc_hd__buf_2)
                                                         net148 (net)
                      0.263914    0.001340    2.006100 ^ _1618_/A (sky130_fd_sc_hd__and2_2)
     7    0.032221    0.172978    0.303442    2.309542 ^ _1618_/X (sky130_fd_sc_hd__and2_2)
                                                         _0548_ (net)
                      0.172978    0.000660    2.310202 ^ _1830_/A (sky130_fd_sc_hd__or3b_2)
     7    0.029643    0.173813    0.249931    2.560133 ^ _1830_/X (sky130_fd_sc_hd__or3b_2)
                                                         _0734_ (net)
                      0.173825    0.001571    2.561704 ^ fanout57/A (sky130_fd_sc_hd__dlymetal6s2s_1)
     7    0.022599    0.239430    0.262729    2.824432 ^ fanout57/X (sky130_fd_sc_hd__dlymetal6s2s_1)
                                                         net57 (net)
                      0.239430    0.000296    2.824728 ^ fanout56/A (sky130_fd_sc_hd__clkbuf_2)
     9    0.027845    0.156405    0.242391    3.067120 ^ fanout56/X (sky130_fd_sc_hd__clkbuf_2)
                                                         net56 (net)
                      0.156408    0.000985    3.068105 ^ fanout55/A (sky130_fd_sc_hd__clkbuf_2)
    10    0.029339    0.163631    0.226069    3.294174 ^ fanout55/X (sky130_fd_sc_hd__clkbuf_2)
                                                         net55 (net)
                      0.163632    0.000797    3.294971 ^ _3119_/A (sky130_fd_sc_hd__and3_1)
     1    0.004053    0.061817    0.180031    3.475002 ^ _3119_/X (sky130_fd_sc_hd__and3_1)
                                                         _0023_ (net)
                      0.061817    0.000082    3.475084 ^ _3200_/RESET_B (sky130_fd_sc_hd__dfrtp_4)
                                              3.475084   data arrival time

                                 25.000000   25.000000   clock clk (rise edge)
                                  0.000000   25.000000   clock source latency
     2    0.037050    0.171324    0.120210   25.120209 ^ clk (in)
                                                         clk (net)
                      0.171428    0.000000   25.120209 ^ clkbuf_0_clk/A (sky130_fd_sc_hd__clkbuf_16)
     9    0.090935    0.108155    0.221423   25.341631 ^ clkbuf_0_clk/X (sky130_fd_sc_hd__clkbuf_16)
                                                         clknet_0_clk (net)
                      0.108296    0.003473   25.345104 ^ clkbuf_2_3__f_clk/A (sky130_fd_sc_hd__clkbuf_16)
    21    0.118064    0.131201    0.220917   25.566021 ^ clkbuf_2_3__f_clk/X (sky130_fd_sc_hd__clkbuf_16)
                                                         clknet_2_3__leaf_clk (net)
                      0.131408    0.003549   25.569571 ^ clkbuf_leaf_23_clk/A (sky130_fd_sc_hd__clkbuf_8)
     9    0.036648    0.076795    0.183908   25.753479 ^ clkbuf_leaf_23_clk/X (sky130_fd_sc_hd__clkbuf_8)
                                                         clknet_leaf_23_clk (net)
                      0.076800    0.000705   25.754183 ^ _3200_/CLK (sky130_fd_sc_hd__dfrtp_4)
                                 -0.250000   25.504185   clock uncertainty
                                  0.000000   25.504185   clock reconvergence pessimism
                                  0.221591   25.725777   library recovery time
                                             25.725777   data required time
---------------------------------------------------------------------------------------------
                                             25.725777   data required time
                                             -3.475084   data arrival time
---------------------------------------------------------------------------------------------
                                             22.250692   slack (MET)


Startpoint: _3644_ (rising edge-triggered flip-flop clocked by clk)
Endpoint: gpio_out[4] (output port clocked by clk)
Path Group: clk
Path Type: max

Fanout         Cap        Slew       Delay        Time   Description
---------------------------------------------------------------------------------------------
                                  0.000000    0.000000   clock clk (rise edge)
                                  0.000000    0.000000   clock source latency
     2    0.037050    0.171324    0.120210    0.120210 ^ clk (in)
                                                         clk (net)
                      0.171428    0.000000    0.120210 ^ clkbuf_0_clk/A (sky130_fd_sc_hd__clkbuf_16)
     9    0.090935    0.108155    0.221422    0.341632 ^ clkbuf_0_clk/X (sky130_fd_sc_hd__clkbuf_16)
                                                         clknet_0_clk (net)
                      0.108313    0.003653    0.345285 ^ clkbuf_2_2__f_clk/A (sky130_fd_sc_hd__clkbuf_16)
    17    0.106829    0.120530    0.213287    0.558572 ^ clkbuf_2_2__f_clk/X (sky130_fd_sc_hd__clkbuf_16)
                                                         clknet_2_2__leaf_clk (net)
                      0.120774    0.003732    0.562303 ^ clkbuf_leaf_33_clk/A (sky130_fd_sc_hd__clkbuf_8)
    16    0.047141    0.093332    0.193161    0.755464 ^ clkbuf_leaf_33_clk/X (sky130_fd_sc_hd__clkbuf_8)
                                                         clknet_leaf_33_clk (net)
                      0.093338    0.000856    0.756320 ^ _3644_/CLK (sky130_fd_sc_hd__dfxtp_1)
     5    0.010844    0.059538    0.340992    1.097312 v _3644_/Q (sky130_fd_sc_hd__dfxtp_1)
                                                         MATMULT_INST.matmult_inst.fsm_inst.state[2] (net)
                      0.059538    0.000229    1.097542 v fanout133/A (sky130_fd_sc_hd__buf_2)
    10    0.035933    0.092893    0.189209    1.286750 v fanout133/X (sky130_fd_sc_hd__buf_2)
                                                         net133 (net)
                      0.092908    0.001158    1.287909 v _1609_/B (sky130_fd_sc_hd__nor2_1)
     4    0.014017    0.262158    0.237523    1.525432 ^ _1609_/Y (sky130_fd_sc_hd__nor2_1)
                                                         _0540_ (net)
                      0.262158    0.000364    1.525796 ^ _1610_/B (sky130_fd_sc_hd__nand2_2)
     6    0.019096    0.103541    0.143817    1.669614 v _1610_/Y (sky130_fd_sc_hd__nand2_2)
                                                         _0541_ (net)
                      0.103541    0.000239    1.669853 v _1612_/B (sky130_fd_sc_hd__nor2_2)
     7    0.030613    0.340567    0.299868    1.969721 ^ _1612_/Y (sky130_fd_sc_hd__nor2_2)
                                                         _0543_ (net)
                      0.340578    0.001595    1.971315 ^ _1869_/B (sky130_fd_sc_hd__and3_1)
     3    0.023708    0.236855    0.356154    2.327469 ^ _1869_/X (sky130_fd_sc_hd__and3_1)
                                                         MATMULT_INST.matmult_inst.fsm_inst.transaction_ready (net)
                      0.236855    0.000963    2.328432 ^ _3717_/A (sky130_fd_sc_hd__clkbuf_1)
     1    0.002518    0.043250    0.115637    2.444069 ^ _3717_/X (sky130_fd_sc_hd__clkbuf_1)
                                                         net5 (net)
                      0.043250    0.000073    2.444142 ^ output5/A (sky130_fd_sc_hd__buf_2)
     1    0.034115    0.169454    0.196760    2.640902 ^ output5/X (sky130_fd_sc_hd__buf_2)
                                                         gpio_out[4] (net)
                      0.169455    0.000706    2.641608 ^ gpio_out[4] (out)
                                              2.641608   data arrival time

                                 25.000000   25.000000   clock clk (rise edge)
                                  0.000000   25.000000   clock network delay (propagated)
                                 -0.250000   24.750000   clock uncertainty
                                  0.000000   24.750000   clock reconvergence pessimism
                                 -5.000000   19.750000   output external delay
                                             19.750000   data required time
---------------------------------------------------------------------------------------------
                                             19.750000   data required time
                                             -2.641608   data arrival time
---------------------------------------------------------------------------------------------
                                             17.108391   slack (MET)




===========================================================================
report_checks --slack_max -0.01
============================================================================
======================= nom_tt_025C_1v80 Corner ===================================

No paths found.


===========================================================================
 report_check_types -max_slew -max_cap -max_fanout -violators
============================================================================
======================= nom_tt_025C_1v80 Corner ===================================

max fanout

Pin                                   Limit Fanout  Slack
---------------------------------------------------------
clkbuf_2_1__f_clk/X                      10     27    -17 (VIOLATED)
clkbuf_2_0__f_clk/X                      10     21    -11 (VIOLATED)
clkbuf_2_3__f_clk/X                      10     21    -11 (VIOLATED)
fanout10/X                               10     21    -11 (VIOLATED)
fanout103/X                              10     21    -11 (VIOLATED)
fanout104/X                              10     21    -11 (VIOLATED)
fanout108/X                              10     21    -11 (VIOLATED)
fanout112/X                              10     21    -11 (VIOLATED)
fanout114/X                              10     21    -11 (VIOLATED)
fanout12/X                               10     21    -11 (VIOLATED)
fanout120/X                              10     21    -11 (VIOLATED)
fanout121/X                              10     21    -11 (VIOLATED)
fanout128/X                              10     21    -11 (VIOLATED)
fanout129/X                              10     21    -11 (VIOLATED)
fanout14/X                               10     21    -11 (VIOLATED)
fanout140/X                              10     21    -11 (VIOLATED)
fanout143/X                              10     21    -11 (VIOLATED)
fanout148/X                              10     21    -11 (VIOLATED)
fanout150/X                              10     21    -11 (VIOLATED)
fanout152/X                              10     21    -11 (VIOLATED)
fanout16/X                               10     21    -11 (VIOLATED)
fanout173/X                              10     21    -11 (VIOLATED)
fanout176/X                              10     21    -11 (VIOLATED)
fanout178/X                              10     21    -11 (VIOLATED)
fanout18/X                               10     21    -11 (VIOLATED)
fanout190/X                              10     21    -11 (VIOLATED)
fanout20/X                               10     21    -11 (VIOLATED)
fanout208/X                              10     21    -11 (VIOLATED)
fanout210/X                              10     21    -11 (VIOLATED)
fanout216/X                              10     21    -11 (VIOLATED)
fanout217/X                              10     21    -11 (VIOLATED)
fanout219/X                              10     21    -11 (VIOLATED)
fanout22/X                               10     21    -11 (VIOLATED)
fanout220/X                              10     21    -11 (VIOLATED)
fanout222/X                              10     21    -11 (VIOLATED)
fanout223/X                              10     21    -11 (VIOLATED)
fanout24/X                               10     21    -11 (VIOLATED)
fanout26/X                               10     21    -11 (VIOLATED)
fanout28/X                               10     21    -11 (VIOLATED)
fanout30/X                               10     21    -11 (VIOLATED)
fanout34/X                               10     21    -11 (VIOLATED)
fanout35/X                               10     21    -11 (VIOLATED)
fanout38/X                               10     21    -11 (VIOLATED)
fanout39/X                               10     21    -11 (VIOLATED)
fanout58/X                               10     21    -11 (VIOLATED)
fanout63/X                               10     21    -11 (VIOLATED)
fanout67/X                               10     21    -11 (VIOLATED)
fanout71/X                               10     21    -11 (VIOLATED)
fanout74/X                               10     21    -11 (VIOLATED)
fanout8/X                                10     21    -11 (VIOLATED)
fanout82/X                               10     21    -11 (VIOLATED)
fanout87/X                               10     21    -11 (VIOLATED)
fanout93/X                               10     21    -11 (VIOLATED)
fanout97/X                               10     21    -11 (VIOLATED)
_1614_/X                                 10     19     -9 (VIOLATED)
_1849_/X                                 10     19     -9 (VIOLATED)
fanout137/X                              10     19     -9 (VIOLATED)
fanout21/X                               10     19     -9 (VIOLATED)
fanout27/X                               10     19     -9 (VIOLATED)
fanout64/X                               10     19     -9 (VIOLATED)
fanout73/X                               10     19     -9 (VIOLATED)
_2678_/Y                                 10     17     -7 (VIOLATED)
_2696_/Y                                 10     17     -7 (VIOLATED)
clkbuf_2_2__f_clk/X                      10     17     -7 (VIOLATED)
clkbuf_leaf_0_clk/X                      10     17     -7 (VIOLATED)
clkbuf_leaf_27_clk/X                     10     17     -7 (VIOLATED)
clkbuf_leaf_34_clk/X                     10     17     -7 (VIOLATED)
clkbuf_leaf_9_clk/X                      10     17     -7 (VIOLATED)
fanout123/X                              10     17     -7 (VIOLATED)
fanout13/X                               10     17     -7 (VIOLATED)
fanout131/X                              10     17     -7 (VIOLATED)
fanout15/X                               10     17     -7 (VIOLATED)
fanout17/X                               10     17     -7 (VIOLATED)
fanout19/X                               10     17     -7 (VIOLATED)
fanout200/X                              10     17     -7 (VIOLATED)
fanout203/X                              10     17     -7 (VIOLATED)
fanout23/X                               10     17     -7 (VIOLATED)
fanout25/X                               10     17     -7 (VIOLATED)
fanout29/X                               10     17     -7 (VIOLATED)
fanout31/X                               10     17     -7 (VIOLATED)
fanout62/X                               10     17     -7 (VIOLATED)
fanout9/X                                10     17     -7 (VIOLATED)
clkbuf_leaf_20_clk/X                     10     16     -6 (VIOLATED)
clkbuf_leaf_33_clk/X                     10     16     -6 (VIOLATED)
clkbuf_leaf_3_clk/X                      10     16     -6 (VIOLATED)
clkbuf_leaf_7_clk/X                      10     16     -6 (VIOLATED)
clkbuf_leaf_8_clk/X                      10     16     -6 (VIOLATED)
clkbuf_leaf_13_clk/X                     10     15     -5 (VIOLATED)
clkbuf_leaf_15_clk/X                     10     15     -5 (VIOLATED)
clkbuf_leaf_18_clk/X                     10     15     -5 (VIOLATED)
clkbuf_leaf_24_clk/X                     10     15     -5 (VIOLATED)
clkbuf_leaf_26_clk/X                     10     15     -5 (VIOLATED)
fanout145/X                              10     15     -5 (VIOLATED)
fanout218/X                              10     15     -5 (VIOLATED)
fanout221/X                              10     15     -5 (VIOLATED)
clkbuf_leaf_25_clk/X                     10     14     -4 (VIOLATED)
_3579_/Q                                 10     13     -3 (VIOLATED)
clkbuf_leaf_10_clk/X                     10     13     -3 (VIOLATED)
clkbuf_leaf_16_clk/X                     10     13     -3 (VIOLATED)
clkbuf_leaf_6_clk/X                      10     13     -3 (VIOLATED)
fanout106/X                              10     13     -3 (VIOLATED)
fanout107/X                              10     13     -3 (VIOLATED)
fanout66/X                               10     13     -3 (VIOLATED)
fanout96/X                               10     13     -3 (VIOLATED)
clkbuf_leaf_12_clk/X                     10     12     -2 (VIOLATED)
clkbuf_leaf_1_clk/X                      10     12     -2 (VIOLATED)
clkbuf_leaf_28_clk/X                     10     12     -2 (VIOLATED)
clkbuf_leaf_4_clk/X                      10     12     -2 (VIOLATED)
clkbuf_leaf_5_clk/X                      10     12     -2 (VIOLATED)
_1627_/X                                 10     11        (VIOLATED)
clkbuf_leaf_11_clk/X                     10     11        (VIOLATED)
clkbuf_leaf_14_clk/X                     10     11        (VIOLATED)
clkbuf_leaf_19_clk/X                     10     11        (VIOLATED)
fanout111/X                              10     11        (VIOLATED)
fanout149/X                              10     11        (VIOLATED)
fanout154/X                              10     11        (VIOLATED)
fanout228/X                              10     11        (VIOLATED)
fanout86/X                               10     11        (VIOLATED)
fanout98/X                               10     11        (VIOLATED)
input2/X                                 10     11        (VIOLATED)



===========================================================================
report_parasitic_annotation -report_unannotated
============================================================================
Found 136 unannotated drivers.
 en
 gpio_in[10]
 gpio_in[11]
 gpio_in[12]
 gpio_in[13]
 gpio_in[14]
 gpio_in[15]
 gpio_in[16]
 gpio_in[17]
 gpio_in[18]
 gpio_in[19]
 gpio_in[20]
 gpio_in[21]
 gpio_in[22]
 gpio_in[23]
 gpio_in[24]
 gpio_in[25]
 gpio_in[26]
 gpio_in[27]
 gpio_in[28]
 gpio_in[29]
 gpio_in[30]
 gpio_in[31]
 gpio_in[32]
 gpio_in[33]
 gpio_in[3]
 gpio_in[4]
 gpio_in[5]
 gpio_in[6]
 gpio_in[7]
 gpio_in[8]
 gpio_in[9]
 nrst
 _3596__293/LO
 clkload0/Y
 clkload1/Y
 clkload10/Y
 clkload11/Y
 clkload12/Y
 clkload13/X
 clkload14/X
 clkload15/Y
 clkload16/Y
 clkload17/Y
 clkload18/Y
 clkload19/Y
 clkload2/Y
 clkload20/Y
 clkload21/Y
 clkload22/Y
 clkload23/Y
 clkload24/Y
 clkload25/Y
 clkload26/Y
 clkload27/X
 clkload28/X
 clkload29/Y
 clkload3/X
 clkload30/X
 clkload31/Y
 clkload32/Y
 clkload33/Y
 clkload34/X
 clkload35/X
 clkload4/Y
 clkload5/Y
 clkload6/X
 clkload7/Y
 clkload8/Y
 clkload9/Y
 team_02_229/HI
 team_02_230/HI
 team_02_231/HI
 team_02_232/HI
 team_02_233/HI
 team_02_234/HI
 team_02_235/HI
 team_02_236/HI
 team_02_237/HI
 team_02_238/HI
 team_02_239/HI
 team_02_240/HI
 team_02_241/HI
 team_02_242/HI
 team_02_243/HI
 team_02_244/HI
 team_02_245/HI
 team_02_246/HI
 team_02_247/HI
 team_02_248/HI
 team_02_249/HI
 team_02_250/HI
 team_02_251/HI
 team_02_252/HI
 team_02_253/HI
 team_02_254/HI
 team_02_255/HI
 team_02_256/HI
 team_02_257/HI
 team_02_258/HI
 team_02_259/HI
 team_02_260/HI
 team_02_261/HI
 team_02_262/HI
 team_02_263/HI
 team_02_264/HI
 team_02_265/HI
 team_02_266/HI
 team_02_267/HI
 team_02_268/HI
 team_02_269/HI
 team_02_270/HI
 team_02_271/HI
 team_02_272/HI
 team_02_273/HI
 team_02_274/HI
 team_02_275/HI
 team_02_276/HI
 team_02_277/HI
 team_02_278/HI
 team_02_279/HI
 team_02_280/HI
 team_02_281/HI
 team_02_282/HI
 team_02_283/HI
 team_02_284/HI
 team_02_285/HI
 team_02_286/HI
 team_02_287/HI
 team_02_288/HI
 team_02_289/HI
 team_02_290/HI
 team_02_291/HI
 team_02_292/HI
 team_02_294/LO
 team_02_295/LO
Found 0 partially unannotated drivers.

===========================================================================
max slew violation count 0
max fanout violation count 120
max cap violation count 0
============================================================================

===========================================================================
check_setup -verbose -unconstrained_endpoints -multiple_clock -no_clock -no_input_delay -loops -generated_clocks
===========================================================================
Warning: There are 38 unclocked register/latch pins.
  _3528_/CLK
  _3529_/CLK
  _3530_/CLK
  _3531_/CLK
  _3533_/CLK
  _3534_/CLK
  _3535_/CLK
  _3536_/CLK
  _3537_/CLK
  _3538_/CLK
  _3539_/CLK
  _3540_/CLK
  _3542_/CLK
  _3544_/CLK
  _3545_/CLK
  _3546_/CLK
  _3547_/CLK
  _3548_/CLK
  _3549_/CLK
  _3550_/CLK
  _3580_/CLK
  _3581_/CLK
  _3582_/CLK
  _3583_/CLK
  _3584_/CLK
  _3585_/CLK
  _3586_/CLK
  _3587_/CLK
  _3588_/CLK
  _3589_/CLK
  _3590_/CLK
  _3591_/CLK
  _3592_/CLK
  _3593_/CLK
  _3594_/CLK
  _3595_/CLK
  _3596_/CLK
  _3615_/CLK
Warning: There are 113 unconstrained endpoints.
  gpio_oeb[0]
  gpio_oeb[10]
  gpio_oeb[11]
  gpio_oeb[12]
  gpio_oeb[13]
  gpio_oeb[14]
  gpio_oeb[15]
  gpio_oeb[16]
  gpio_oeb[17]
  gpio_oeb[18]
  gpio_oeb[19]
  gpio_oeb[1]
  gpio_oeb[20]
  gpio_oeb[21]
  gpio_oeb[22]
  gpio_oeb[23]
  gpio_oeb[24]
  gpio_oeb[25]
  gpio_oeb[26]
  gpio_oeb[27]
  gpio_oeb[28]
  gpio_oeb[29]
  gpio_oeb[2]
  gpio_oeb[30]
  gpio_oeb[31]
  gpio_oeb[32]
  gpio_oeb[33]
  gpio_oeb[3]
  gpio_oeb[4]
  gpio_oeb[5]
  gpio_oeb[6]
  gpio_oeb[7]
  gpio_oeb[8]
  gpio_oeb[9]
  gpio_out[0]
  gpio_out[10]
  gpio_out[11]
  gpio_out[12]
  gpio_out[13]
  gpio_out[14]
  gpio_out[15]
  gpio_out[16]
  gpio_out[17]
  gpio_out[18]
  gpio_out[19]
  gpio_out[1]
  gpio_out[20]
  gpio_out[21]
  gpio_out[22]
  gpio_out[23]
  gpio_out[24]
  gpio_out[25]
  gpio_out[26]
  gpio_out[27]
  gpio_out[28]
  gpio_out[29]
  gpio_out[2]
  gpio_out[30]
  gpio_out[31]
  gpio_out[32]
  gpio_out[33]
  gpio_out[5]
  gpio_out[6]
  gpio_out[7]
  gpio_out[8]
  gpio_out[9]
  _3528_/D
  _3529_/D
  _3530_/D
  _3531_/D
  _3533_/D
  _3534_/D
  _3535_/D
  _3536_/D
  _3537_/D
  _3538_/D
  _3539_/D
  _3540_/D
  _3542_/D
  _3544_/D
  _3545_/D
  _3546_/D
  _3547_/D
  _3548_/D
  _3549_/D
  _3550_/D
  _3551_/D
  _3580_/D
  _3581_/D
  _3582_/D
  _3583_/D
  _3584_/D
  _3585_/D
  _3586_/D
  _3587_/D
  _3588_/D
  _3589_/D
  _3590_/D
  _3591_/D
  _3592_/D
  _3593_/D
  _3594_/D
  _3595_/D
  _3596_/D
  _3615_/D
  _3616_/D
  _3617_/D
  _3618_/D
  _3619_/D
  _3620_/D
  _3621_/D
  _3622_/D
  _3623_/D
