Clock: clk
Sources: clk 
Generated: no
Virtual: yes
Propagated: no
Period: 25.000000

===========================================================================
report_clock_properties
============================================================================
Clock                   Period          Waveform
----------------------------------------------------
clk                  25.000000    0.000000 12.500000

===========================================================================
report_clock_latency
============================================================================
Clock clk
rise -> rise
    min     max
0.000000 0.000000 source latency
0.561548         network latency _3516_/CLK
        6.072579 network latency _3593_/CLK
---------------
0.561548 6.072579 latency
        5.511031 skew

rise -> fall
    min     max
0.000000 0.000000 source latency
5.462160         network latency _3615_/CLK
        6.110022 network latency _3531_/CLK
---------------
5.462160 6.110022 latency
        0.647862 skew

fall -> fall
    min     max
0.000000 0.000000 source latency
0.471162         network latency _3516_/CLK
        0.678485 network latency _3526_/CLK
---------------
0.471162 0.678485 latency
        0.207323 skew



===========================================================================
report_clock_min_period
============================================================================
clk period_min = 4.75 fmax = 210.64
