Clock: clk
Sources: clk 
Generated: no
Virtual: yes
Propagated: no
Period: 25.000000

===========================================================================
report_clock_properties
============================================================================
Clock                   Period          Waveform
----------------------------------------------------
clk                  25.000000    0.000000 12.500000

===========================================================================
report_clock_latency
============================================================================
Clock clk
rise -> rise
    min     max
0.000000 0.000000 source latency
0.409073         network latency _436_/CLK
        0.747896 network latency _479_/CLK
---------------
0.409073 0.747896 latency
        0.338822 skew

rise -> fall
    min     max
0.000000 0.000000 source latency
0.781197         network latency _478_/CLK
        0.781207 network latency _479_/CLK
---------------
0.781197 0.781207 latency
        0.000009 skew

fall -> fall
    min     max
0.000000 0.000000 source latency
0.373142         network latency _436_/CLK
        0.378674 network latency _467_/CLK
---------------
0.373142 0.378674 latency
        0.005532 skew



===========================================================================
report_clock_min_period
============================================================================
clk period_min = 2.97 fmax = 337.16
