Clock: clk
Sources: wb_clk_i 
Generated: no
Virtual: yes
Propagated: no
Period: 100.000000

===========================================================================
report_clock_properties
============================================================================
Clock                   Period          Waveform
----------------------------------------------------
clk                 100.000000    0.000000 50.000000

===========================================================================
report_clock_latency
============================================================================
Clock clk
rise -> rise
    min     max
4.650000 5.570000 source latency
6.834628         network latency _5675_/CLK
        7.792132 network latency mprj.team_08_Wrapper.team_08_WB.instance_to_wrap/clk
---------------
11.484629 13.362133 latency
        1.877504 skew

fall -> fall
    min     max
4.650000 5.570000 source latency
6.999905         network latency _5675_/CLK
        7.713226 network latency mprj.team_08_Wrapper.team_08_WB.instance_to_wrap/clk
---------------
11.649904 13.283226 latency
        1.633321 skew



===========================================================================
report_clock_min_period
============================================================================
clk period_min = 21.99 fmax = 45.47
