Reading OpenROAD database at '/home/ajwey/CI2605_stuff/nebula-iii/openlane/ffram/runs/26_03_04_21_10/41-odb-heuristicdiodeinsertion/1-odb-fuzzydiodeplacement/ffram.odb'…
Reading library file at '/home/ajwey/CI2605_stuff/nebula-iii/dependencies/pdks/sky130A/libs.ref/sky130_fd_sc_hd/lib/sky130_fd_sc_hd__tt_025C_1v80.lib'…
Reading design constraints file at '/nix/store/svkrfkkpaij5qb9xjbcwfymcd4s8hczv-python3-3.11.9-env/lib/python3.11/site-packages/librelane/scripts/base.sdc'…
[INFO] Using clock clk…
[INFO] Setting output delay to: 5
[INFO] Setting input delay to: 5
[INFO] Setting load to: 0.033442
[INFO] Setting clock uncertainty to: 0.25
[INFO] Setting clock transition to: 0.1499999999999999944488848768742172978818416595458984375
[INFO] Setting timing derate to: 5%
Placement Analysis
---------------------------------
total displacement      76037.6 u
average displacement        1.5 u
max displacement           35.4 u
original HPWL          950367.4 u
legalized HPWL         980899.6 u
delta HPWL                    3 %

[INFO DPL-0020] Mirrored 14117 instances
[INFO DPL-0021] HPWL before          980899.6 u
[INFO DPL-0022] HPWL after           961044.1 u
[INFO DPL-0023] HPWL delta               -2.0 %
Setting global connections for newly added cells…
[INFO] Setting global connections...
Updating metrics…
Cell type report:                       Count       Area
  Fill cell                               498    1869.29
  Tap cell                               6651    8321.73
  Antenna cell                          20794   52034.91
  Clock buffer                            661    8795.94
  Timing Repair Buffer                   6117   54039.33
  Inverter                                  4      15.01
  Clock inverter                          299    3684.78
  Sequential cell                        4096   81998.64
  Multi-Input combinational cell        11267   88687.56
  Total                                 50387  299447.19
Writing OpenROAD database to '/home/ajwey/CI2605_stuff/nebula-iii/openlane/ffram/runs/26_03_04_21_10/41-odb-heuristicdiodeinsertion/2-openroad-detailedplacement/ffram.odb'…
Writing netlist to '/home/ajwey/CI2605_stuff/nebula-iii/openlane/ffram/runs/26_03_04_21_10/41-odb-heuristicdiodeinsertion/2-openroad-detailedplacement/ffram.nl.v'…
Writing powered netlist to '/home/ajwey/CI2605_stuff/nebula-iii/openlane/ffram/runs/26_03_04_21_10/41-odb-heuristicdiodeinsertion/2-openroad-detailedplacement/ffram.pnl.v'…
Writing layout to '/home/ajwey/CI2605_stuff/nebula-iii/openlane/ffram/runs/26_03_04_21_10/41-odb-heuristicdiodeinsertion/2-openroad-detailedplacement/ffram.def'…
Writing timing constraints to '/home/ajwey/CI2605_stuff/nebula-iii/openlane/ffram/runs/26_03_04_21_10/41-odb-heuristicdiodeinsertion/2-openroad-detailedplacement/ffram.sdc'…
