
===========================================================================
report_checks -unconstrained
===========================================================================
======================= max_ss_100C_1v60 Corner ===================================

Startpoint: nrst (input port clocked by clk)
Endpoint: _8598_ (recovery check against rising-edge clock clk)
Path Group: asynchronous
Path Type: max

Fanout         Cap        Slew       Delay        Time   Description
---------------------------------------------------------------------------------------------
                                  0.000000    0.000000   clock clk (rise edge)
                                  0.000000    0.000000   clock network delay (propagated)
                                  5.000000    5.000000 ^ input external delay
     2    0.004542    0.044053    0.025008    5.025009 ^ nrst (in)
                                                         nrst (net)
                      0.044054    0.000000    5.025009 ^ input19/A (sky130_fd_sc_hd__clkbuf_2)
     5    0.051424    0.434620    0.436494    5.461503 ^ input19/X (sky130_fd_sc_hd__clkbuf_2)
                                                         net19 (net)
                      0.434787    0.007070    5.468573 ^ fanout353/A (sky130_fd_sc_hd__clkbuf_4)
    13    0.080486    0.382888    0.638654    6.107227 ^ fanout353/X (sky130_fd_sc_hd__clkbuf_4)
                                                         net353 (net)
                      0.382962    0.005200    6.112428 ^ fanout348/A (sky130_fd_sc_hd__clkbuf_4)
    21    0.074373    0.357771    0.589723    6.702150 ^ fanout348/X (sky130_fd_sc_hd__clkbuf_4)
                                                         net348 (net)
                      0.357851    0.004512    6.706662 ^ fanout347/A (sky130_fd_sc_hd__buf_2)
     8    0.048503    0.379034    0.541013    7.247674 ^ fanout347/X (sky130_fd_sc_hd__buf_2)
                                                         net347 (net)
                      0.379041    0.002263    7.249938 ^ fanout346/A (sky130_fd_sc_hd__clkbuf_4)
    10    0.049953    0.249240    0.517426    7.767363 ^ fanout346/X (sky130_fd_sc_hd__clkbuf_4)
                                                         net346 (net)
                      0.249251    0.002014    7.769376 ^ _8598_/RESET_B (sky130_fd_sc_hd__dfrtp_2)
                                              7.769376   data arrival time

                                 25.000000   25.000000   clock clk (rise edge)
                                  0.000000   25.000000   clock source latency
     2    0.049343    0.355431    0.248559   25.248558 ^ clk (in)
                                                         clk (net)
                      0.355472    0.000000   25.248558 ^ clkbuf_0_clk/A (sky130_fd_sc_hd__clkbuf_16)
    33    0.198538    0.314490    0.537519   25.786076 ^ clkbuf_0_clk/X (sky130_fd_sc_hd__clkbuf_16)
                                                         clknet_0_clk (net)
                      0.314989    0.010367   25.796444 ^ clkbuf_4_8_0_clk/A (sky130_fd_sc_hd__clkbuf_8)
    11    0.038287    0.126943    0.382773   26.179216 ^ clkbuf_4_8_0_clk/X (sky130_fd_sc_hd__clkbuf_8)
                                                         clknet_4_8_0_clk (net)
                      0.127048    0.003244   26.182459 ^ _8598_/CLK (sky130_fd_sc_hd__dfrtp_2)
                                 -0.250000   25.932461   clock uncertainty
                                  0.000000   25.932461   clock reconvergence pessimism
                                  0.387309   26.319769   library recovery time
                                             26.319769   data required time
---------------------------------------------------------------------------------------------
                                             26.319769   data required time
                                             -7.769376   data arrival time
---------------------------------------------------------------------------------------------
                                             18.550392   slack (MET)


Startpoint: gpio_in[6] (input port clocked by clk)
Endpoint: _8683_ (rising edge-triggered flip-flop clocked by clk)
Path Group: clk
Path Type: max

Fanout         Cap        Slew       Delay        Time   Description
---------------------------------------------------------------------------------------------
                                  0.000000    0.000000   clock clk (rise edge)
                                  0.000000    0.000000   clock network delay (propagated)
                                  5.000000    5.000000 ^ input external delay
     2    0.005059    0.047594    0.027743    5.027743 ^ gpio_in[6] (in)
                                                         gpio_in[6] (net)
                      0.047594    0.000000    5.027743 ^ input15/A (sky130_fd_sc_hd__buf_2)
    13    0.078668    0.603126    0.563716    5.591459 ^ input15/X (sky130_fd_sc_hd__buf_2)
                                                         net15 (net)
                      0.603257    0.007443    5.598902 ^ _4272_/A0 (sky130_fd_sc_hd__mux2_4)
     9    0.038916    0.214136    0.632725    6.231627 ^ _4272_/X (sky130_fd_sc_hd__mux2_4)
                                                         PID_INST.k3_calc.d1.y[4] (net)
                      0.214156    0.002226    6.233853 ^ fanout175/A (sky130_fd_sc_hd__buf_2)
    19    0.059660    0.462121    0.541959    6.775813 ^ fanout175/X (sky130_fd_sc_hd__buf_2)
                                                         net175 (net)
                      0.462309    0.007779    6.783591 ^ fanout174/A (sky130_fd_sc_hd__buf_2)
    10    0.037090    0.294745    0.521637    7.305228 ^ fanout174/X (sky130_fd_sc_hd__buf_2)
                                                         net174 (net)
                      0.294783    0.003400    7.308628 ^ _4680_/A (sky130_fd_sc_hd__and4_1)
     4    0.009883    0.196553    0.515334    7.823962 ^ _4680_/X (sky130_fd_sc_hd__and4_1)
                                                         _3956_ (net)
                      0.196553    0.000282    7.824244 ^ _4696_/A_N (sky130_fd_sc_hd__and4bb_1)
     3    0.006945    0.110180    0.454195    8.278439 v _4696_/X (sky130_fd_sc_hd__and4bb_1)
                                                         _3972_ (net)
                      0.110180    0.000456    8.278894 v _4698_/C (sky130_fd_sc_hd__or4_4)
     3    0.010168    0.173627    1.003680    9.282574 v _4698_/X (sky130_fd_sc_hd__or4_4)
                                                         _3974_ (net)
                      0.173627    0.000474    9.283049 v _4706_/A1 (sky130_fd_sc_hd__a21o_1)
     2    0.005753    0.083465    0.355048    9.638097 v _4706_/X (sky130_fd_sc_hd__a21o_1)
                                                         _3982_ (net)
                      0.083465    0.000359    9.638455 v _4723_/B2 (sky130_fd_sc_hd__a22o_1)
     1    0.002720    0.070048    0.356842    9.995297 v _4723_/X (sky130_fd_sc_hd__a22o_1)
                                                         _3999_ (net)
                      0.070048    0.000192    9.995489 v _4725_/A2 (sky130_fd_sc_hd__a31o_1)
     2    0.008141    0.109909    0.413254   10.408744 v _4725_/X (sky130_fd_sc_hd__a31o_1)
                                                         _4001_ (net)
                      0.109909    0.000454   10.409198 v _4727_/B2 (sky130_fd_sc_hd__o22a_1)
     1    0.004391    0.102125    0.345939   10.755136 v _4727_/X (sky130_fd_sc_hd__o22a_1)
                                                         _4003_ (net)
                      0.102125    0.000324   10.755461 v _4728_/B2 (sky130_fd_sc_hd__a22oi_2)
     2    0.007425    0.261740    0.290361   11.045821 ^ _4728_/Y (sky130_fd_sc_hd__a22oi_2)
                                                         _4004_ (net)
                      0.261740    0.000413   11.046234 ^ _4731_/A (sky130_fd_sc_hd__nand2_1)
     1    0.004249    0.109582    0.189075   11.235310 v _4731_/Y (sky130_fd_sc_hd__nand2_1)
                                                         _4007_ (net)
                      0.109582    0.000266   11.235576 v _4732_/B1 (sky130_fd_sc_hd__o31a_1)
     1    0.002507    0.082668    0.198149   11.433724 v _4732_/X (sky130_fd_sc_hd__o31a_1)
                                                         _4008_ (net)
                      0.082668    0.000117   11.433842 v _4733_/B2 (sky130_fd_sc_hd__a221o_1)
     1    0.002593    0.089677    0.587058   12.020899 v _4733_/X (sky130_fd_sc_hd__a221o_1)
                                                         _4009_ (net)
                      0.089677    0.000121   12.021020 v _4734_/A1 (sky130_fd_sc_hd__a31o_1)
     4    0.015812    0.167905    0.430875   12.451895 v _4734_/X (sky130_fd_sc_hd__a31o_1)
                                                         _4010_ (net)
                      0.167911    0.001274   12.453169 v _4856_/A1 (sky130_fd_sc_hd__a221o_1)
     2    0.008744    0.148814    0.682837   13.136005 v _4856_/X (sky130_fd_sc_hd__a221o_1)
                                                         _4132_ (net)
                      0.148814    0.000520   13.136525 v _4861_/A1 (sky130_fd_sc_hd__a31o_1)
     2    0.011975    0.142833    0.430677   13.567202 v _4861_/X (sky130_fd_sc_hd__a31o_1)
                                                         _4137_ (net)
                      0.142834    0.000602   13.567804 v _5006_/A1 (sky130_fd_sc_hd__a21o_1)
     3    0.015065    0.152657    0.410266   13.978070 v _5006_/X (sky130_fd_sc_hd__a21o_1)
                                                         _0094_ (net)
                      0.152661    0.001048   13.979118 v _5086_/A1 (sky130_fd_sc_hd__a21bo_1)
     2    0.011439    0.131438    0.409830   14.388948 v _5086_/X (sky130_fd_sc_hd__a21bo_1)
                                                         _0174_ (net)
                      0.131440    0.000763   14.389711 v _5092_/A2 (sky130_fd_sc_hd__a21o_1)
     4    0.018803    0.181391    0.459383   14.849094 v _5092_/X (sky130_fd_sc_hd__a21o_1)
                                                         _0180_ (net)
                      0.181393    0.001001   14.850095 v _5349_/A3 (sky130_fd_sc_hd__a31o_4)
     3    0.031760    0.120684    0.550463   15.400558 v _5349_/X (sky130_fd_sc_hd__a31o_4)
                                                         _0437_ (net)
                      0.120715    0.001863   15.402421 v _6106_/A2 (sky130_fd_sc_hd__a211o_4)
     3    0.017342    0.109605    0.655369   16.057791 v _6106_/X (sky130_fd_sc_hd__a211o_4)
                                                         _1194_ (net)
                      0.109605    0.001121   16.058910 v _6107_/C (sky130_fd_sc_hd__nand3_4)
     5    0.037349    0.219725    0.239782   16.298693 ^ _6107_/Y (sky130_fd_sc_hd__nand3_4)
                                                         _1195_ (net)
                      0.219790    0.002945   16.301638 ^ _6520_/A1 (sky130_fd_sc_hd__a311o_4)
     6    0.042937    0.260503    0.580931   16.882568 ^ _6520_/X (sky130_fd_sc_hd__a311o_4)
                                                         _1606_ (net)
                      0.260503    0.001352   16.883921 ^ _6681_/A2 (sky130_fd_sc_hd__a21o_2)
     9    0.047888    0.378515    0.560261   17.444181 ^ _6681_/X (sky130_fd_sc_hd__a21o_2)
                                                         _1770_ (net)
                      0.378515    0.001258   17.445440 ^ _6968_/A2 (sky130_fd_sc_hd__a21o_2)
    15    0.058598    0.458007    0.659391   18.104830 ^ _6968_/X (sky130_fd_sc_hd__a21o_2)
                                                         _2069_ (net)
                      0.458009    0.002114   18.106943 ^ _7054_/B1 (sky130_fd_sc_hd__o21a_1)
     1    0.009825    0.172167    0.442194   18.549137 ^ _7054_/X (sky130_fd_sc_hd__o21a_1)
                                                         _2159_ (net)
                      0.172167    0.000759   18.549896 ^ _7080_/A (sky130_fd_sc_hd__xnor2_2)
     5    0.031865    0.666956    0.391694   18.941589 ^ _7080_/Y (sky130_fd_sc_hd__xnor2_2)
                                                         _2187_ (net)
                      0.666973    0.002796   18.944386 ^ fanout37/A (sky130_fd_sc_hd__clkbuf_4)
    21    0.068874    0.332106    0.696620   19.641006 ^ fanout37/X (sky130_fd_sc_hd__clkbuf_4)
                                                         net37 (net)
                      0.332640    0.011791   19.652798 ^ _7081_/B (sky130_fd_sc_hd__nor2_1)
     1    0.009505    0.135739    0.223352   19.876150 v _7081_/Y (sky130_fd_sc_hd__nor2_1)
                                                         _2188_ (net)
                      0.135742    0.000723   19.876873 v _7090_/A (sky130_fd_sc_hd__xnor2_2)
     2    0.018397    0.423918    0.456371   20.333242 ^ _7090_/Y (sky130_fd_sc_hd__xnor2_2)
                                                         _2197_ (net)
                      0.423932    0.001915   20.335157 ^ _7091_/B (sky130_fd_sc_hd__xnor2_1)
     2    0.007108    0.324423    0.367018   20.702177 ^ _7091_/Y (sky130_fd_sc_hd__xnor2_1)
                                                         _2198_ (net)
                      0.324423    0.000510   20.702686 ^ _7093_/B (sky130_fd_sc_hd__xnor2_1)
     2    0.008017    0.200387    0.272010   20.974697 v _7093_/Y (sky130_fd_sc_hd__xnor2_1)
                                                         _2200_ (net)
                      0.200387    0.000346   20.975042 v _7144_/A (sky130_fd_sc_hd__xnor2_1)
     2    0.012841    0.512893    0.547759   21.522802 ^ _7144_/Y (sky130_fd_sc_hd__xnor2_1)
                                                         _2255_ (net)
                      0.512896    0.000872   21.523674 ^ _7147_/A (sky130_fd_sc_hd__xor2_2)
     2    0.014995    0.340157    0.494525   22.018200 ^ _7147_/X (sky130_fd_sc_hd__xor2_2)
                                                         _2258_ (net)
                      0.340157    0.001011   22.019211 ^ _7402_/A2 (sky130_fd_sc_hd__a21oi_2)
     3    0.016216    0.165947    0.276509   22.295719 v _7402_/Y (sky130_fd_sc_hd__a21oi_2)
                                                         _2529_ (net)
                      0.165948    0.000808   22.296528 v _7480_/A2 (sky130_fd_sc_hd__a211o_1)
     1    0.003963    0.096448    0.588598   22.885126 v _7480_/X (sky130_fd_sc_hd__a211o_1)
                                                         _2612_ (net)
                      0.096448    0.000249   22.885374 v _7481_/B1 (sky130_fd_sc_hd__o21a_1)
     3    0.010220    0.130533    0.263100   23.148474 v _7481_/X (sky130_fd_sc_hd__o21a_1)
                                                         _2613_ (net)
                      0.130533    0.000560   23.149035 v _7483_/C (sky130_fd_sc_hd__and3_1)
     1    0.001684    0.061680    0.374262   23.523296 v _7483_/X (sky130_fd_sc_hd__and3_1)
                                                         _2615_ (net)
                      0.061680    0.000115   23.523411 v _7484_/B (sky130_fd_sc_hd__or2_1)
     2    0.010385    0.163819    0.537675   24.061087 v _7484_/X (sky130_fd_sc_hd__or2_1)
                                                         _2616_ (net)
                      0.163819    0.000730   24.061817 v _7573_/B (sky130_fd_sc_hd__xnor2_2)
     3    0.010833    0.185520    0.316465   24.378281 v _7573_/Y (sky130_fd_sc_hd__xnor2_2)
                                                         _2710_ (net)
                      0.185520    0.000542   24.378822 v _7737_/A2 (sky130_fd_sc_hd__a211o_1)
     3    0.014432    0.181347    0.700112   25.078936 v _7737_/X (sky130_fd_sc_hd__a211o_1)
                                                         _2874_ (net)
                      0.181355    0.001409   25.080343 v _8197_/A1 (sky130_fd_sc_hd__a31o_1)
     3    0.013901    0.153101    0.459258   25.539602 v _8197_/X (sky130_fd_sc_hd__a31o_1)
                                                         _3355_ (net)
                      0.153108    0.001187   25.540789 v _8199_/C (sky130_fd_sc_hd__and3_1)
     2    0.004954    0.089029    0.422046   25.962835 v _8199_/X (sky130_fd_sc_hd__and3_1)
                                                         _3357_ (net)
                      0.089029    0.000156   25.962990 v _8344_/B (sky130_fd_sc_hd__or2_1)
     1    0.004858    0.116060    0.490608   26.453600 v _8344_/X (sky130_fd_sc_hd__or2_1)
                                                         _3513_ (net)
                      0.116060    0.000357   26.453957 v _8345_/B (sky130_fd_sc_hd__xnor2_1)
     1    0.002529    0.087274    0.220105   26.674061 v _8345_/Y (sky130_fd_sc_hd__xnor2_1)
                                                         _3514_ (net)
                      0.087274    0.000107   26.674168 v _8346_/A1 (sky130_fd_sc_hd__mux2_1)
     1    0.002403    0.106258    0.649040   27.323208 v _8346_/X (sky130_fd_sc_hd__mux2_1)
                                                         _0072_ (net)
                      0.106258    0.000163   27.323372 v _8683_/D (sky130_fd_sc_hd__dfrtp_1)
                                             27.323372   data arrival time

                                 25.000000   25.000000   clock clk (rise edge)
                                  0.000000   25.000000   clock source latency
     2    0.049343    0.355431    0.248559   25.248558 ^ clk (in)
                                                         clk (net)
                      0.355472    0.000000   25.248558 ^ clkbuf_0_clk/A (sky130_fd_sc_hd__clkbuf_16)
    33    0.198538    0.314490    0.537519   25.786076 ^ clkbuf_0_clk/X (sky130_fd_sc_hd__clkbuf_16)
                                                         clknet_0_clk (net)
                      0.316150    0.018490   25.804565 ^ clkbuf_4_13_0_clk/A (sky130_fd_sc_hd__clkbuf_8)
     5    0.043199    0.138706    0.392161   26.196728 ^ clkbuf_4_13_0_clk/X (sky130_fd_sc_hd__clkbuf_8)
                                                         clknet_4_13_0_clk (net)
                      0.138746    0.002261   26.198988 ^ _8683_/CLK (sky130_fd_sc_hd__dfrtp_1)
                                 -0.250000   25.948990   clock uncertainty
                                  0.000000   25.948990   clock reconvergence pessimism
                                 -0.273346   25.675644   library setup time
                                             25.675644   data required time
---------------------------------------------------------------------------------------------
                                             25.675644   data required time
                                            -27.323372   data arrival time
---------------------------------------------------------------------------------------------
                                             -1.647727   slack (VIOLATED)




===========================================================================
report_checks --slack_max -0.01
============================================================================
======================= max_ss_100C_1v60 Corner ===================================

Startpoint: gpio_in[6] (input port clocked by clk)
Endpoint: _8683_ (rising edge-triggered flip-flop clocked by clk)
Path Group: clk
Path Type: max

Fanout         Cap        Slew       Delay        Time   Description
---------------------------------------------------------------------------------------------
                                  0.000000    0.000000   clock clk (rise edge)
                                  0.000000    0.000000   clock network delay (propagated)
                                  5.000000    5.000000 ^ input external delay
     2    0.005059    0.047594    0.027743    5.027743 ^ gpio_in[6] (in)
                                                         gpio_in[6] (net)
                      0.047594    0.000000    5.027743 ^ input15/A (sky130_fd_sc_hd__buf_2)
    13    0.078668    0.603126    0.563716    5.591459 ^ input15/X (sky130_fd_sc_hd__buf_2)
                                                         net15 (net)
                      0.603257    0.007443    5.598902 ^ _4272_/A0 (sky130_fd_sc_hd__mux2_4)
     9    0.038916    0.214136    0.632725    6.231627 ^ _4272_/X (sky130_fd_sc_hd__mux2_4)
                                                         PID_INST.k3_calc.d1.y[4] (net)
                      0.214156    0.002226    6.233853 ^ fanout175/A (sky130_fd_sc_hd__buf_2)
    19    0.059660    0.462121    0.541959    6.775813 ^ fanout175/X (sky130_fd_sc_hd__buf_2)
                                                         net175 (net)
                      0.462309    0.007779    6.783591 ^ fanout174/A (sky130_fd_sc_hd__buf_2)
    10    0.037090    0.294745    0.521637    7.305228 ^ fanout174/X (sky130_fd_sc_hd__buf_2)
                                                         net174 (net)
                      0.294783    0.003400    7.308628 ^ _4680_/A (sky130_fd_sc_hd__and4_1)
     4    0.009883    0.196553    0.515334    7.823962 ^ _4680_/X (sky130_fd_sc_hd__and4_1)
                                                         _3956_ (net)
                      0.196553    0.000282    7.824244 ^ _4696_/A_N (sky130_fd_sc_hd__and4bb_1)
     3    0.006945    0.110180    0.454195    8.278439 v _4696_/X (sky130_fd_sc_hd__and4bb_1)
                                                         _3972_ (net)
                      0.110180    0.000456    8.278894 v _4698_/C (sky130_fd_sc_hd__or4_4)
     3    0.010168    0.173627    1.003680    9.282574 v _4698_/X (sky130_fd_sc_hd__or4_4)
                                                         _3974_ (net)
                      0.173627    0.000474    9.283049 v _4706_/A1 (sky130_fd_sc_hd__a21o_1)
     2    0.005753    0.083465    0.355048    9.638097 v _4706_/X (sky130_fd_sc_hd__a21o_1)
                                                         _3982_ (net)
                      0.083465    0.000359    9.638455 v _4723_/B2 (sky130_fd_sc_hd__a22o_1)
     1    0.002720    0.070048    0.356842    9.995297 v _4723_/X (sky130_fd_sc_hd__a22o_1)
                                                         _3999_ (net)
                      0.070048    0.000192    9.995489 v _4725_/A2 (sky130_fd_sc_hd__a31o_1)
     2    0.008141    0.109909    0.413254   10.408744 v _4725_/X (sky130_fd_sc_hd__a31o_1)
                                                         _4001_ (net)
                      0.109909    0.000454   10.409198 v _4727_/B2 (sky130_fd_sc_hd__o22a_1)
     1    0.004391    0.102125    0.345939   10.755136 v _4727_/X (sky130_fd_sc_hd__o22a_1)
                                                         _4003_ (net)
                      0.102125    0.000324   10.755461 v _4728_/B2 (sky130_fd_sc_hd__a22oi_2)
     2    0.007425    0.261740    0.290361   11.045821 ^ _4728_/Y (sky130_fd_sc_hd__a22oi_2)
                                                         _4004_ (net)
                      0.261740    0.000413   11.046234 ^ _4731_/A (sky130_fd_sc_hd__nand2_1)
     1    0.004249    0.109582    0.189075   11.235310 v _4731_/Y (sky130_fd_sc_hd__nand2_1)
                                                         _4007_ (net)
                      0.109582    0.000266   11.235576 v _4732_/B1 (sky130_fd_sc_hd__o31a_1)
     1    0.002507    0.082668    0.198149   11.433724 v _4732_/X (sky130_fd_sc_hd__o31a_1)
                                                         _4008_ (net)
                      0.082668    0.000117   11.433842 v _4733_/B2 (sky130_fd_sc_hd__a221o_1)
     1    0.002593    0.089677    0.587058   12.020899 v _4733_/X (sky130_fd_sc_hd__a221o_1)
                                                         _4009_ (net)
                      0.089677    0.000121   12.021020 v _4734_/A1 (sky130_fd_sc_hd__a31o_1)
     4    0.015812    0.167905    0.430875   12.451895 v _4734_/X (sky130_fd_sc_hd__a31o_1)
                                                         _4010_ (net)
                      0.167911    0.001274   12.453169 v _4856_/A1 (sky130_fd_sc_hd__a221o_1)
     2    0.008744    0.148814    0.682837   13.136005 v _4856_/X (sky130_fd_sc_hd__a221o_1)
                                                         _4132_ (net)
                      0.148814    0.000520   13.136525 v _4861_/A1 (sky130_fd_sc_hd__a31o_1)
     2    0.011975    0.142833    0.430677   13.567202 v _4861_/X (sky130_fd_sc_hd__a31o_1)
                                                         _4137_ (net)
                      0.142834    0.000602   13.567804 v _5006_/A1 (sky130_fd_sc_hd__a21o_1)
     3    0.015065    0.152657    0.410266   13.978070 v _5006_/X (sky130_fd_sc_hd__a21o_1)
                                                         _0094_ (net)
                      0.152661    0.001048   13.979118 v _5086_/A1 (sky130_fd_sc_hd__a21bo_1)
     2    0.011439    0.131438    0.409830   14.388948 v _5086_/X (sky130_fd_sc_hd__a21bo_1)
                                                         _0174_ (net)
                      0.131440    0.000763   14.389711 v _5092_/A2 (sky130_fd_sc_hd__a21o_1)
     4    0.018803    0.181391    0.459383   14.849094 v _5092_/X (sky130_fd_sc_hd__a21o_1)
                                                         _0180_ (net)
                      0.181393    0.001001   14.850095 v _5349_/A3 (sky130_fd_sc_hd__a31o_4)
     3    0.031760    0.120684    0.550463   15.400558 v _5349_/X (sky130_fd_sc_hd__a31o_4)
                                                         _0437_ (net)
                      0.120715    0.001863   15.402421 v _6106_/A2 (sky130_fd_sc_hd__a211o_4)
     3    0.017342    0.109605    0.655369   16.057791 v _6106_/X (sky130_fd_sc_hd__a211o_4)
                                                         _1194_ (net)
                      0.109605    0.001121   16.058910 v _6107_/C (sky130_fd_sc_hd__nand3_4)
     5    0.037349    0.219725    0.239782   16.298693 ^ _6107_/Y (sky130_fd_sc_hd__nand3_4)
                                                         _1195_ (net)
                      0.219790    0.002945   16.301638 ^ _6520_/A1 (sky130_fd_sc_hd__a311o_4)
     6    0.042937    0.260503    0.580931   16.882568 ^ _6520_/X (sky130_fd_sc_hd__a311o_4)
                                                         _1606_ (net)
                      0.260503    0.001352   16.883921 ^ _6681_/A2 (sky130_fd_sc_hd__a21o_2)
     9    0.047888    0.378515    0.560261   17.444181 ^ _6681_/X (sky130_fd_sc_hd__a21o_2)
                                                         _1770_ (net)
                      0.378515    0.001258   17.445440 ^ _6968_/A2 (sky130_fd_sc_hd__a21o_2)
    15    0.058598    0.458007    0.659391   18.104830 ^ _6968_/X (sky130_fd_sc_hd__a21o_2)
                                                         _2069_ (net)
                      0.458009    0.002114   18.106943 ^ _7054_/B1 (sky130_fd_sc_hd__o21a_1)
     1    0.009825    0.172167    0.442194   18.549137 ^ _7054_/X (sky130_fd_sc_hd__o21a_1)
                                                         _2159_ (net)
                      0.172167    0.000759   18.549896 ^ _7080_/A (sky130_fd_sc_hd__xnor2_2)
     5    0.031865    0.666956    0.391694   18.941589 ^ _7080_/Y (sky130_fd_sc_hd__xnor2_2)
                                                         _2187_ (net)
                      0.666973    0.002796   18.944386 ^ fanout37/A (sky130_fd_sc_hd__clkbuf_4)
    21    0.068874    0.332106    0.696620   19.641006 ^ fanout37/X (sky130_fd_sc_hd__clkbuf_4)
                                                         net37 (net)
                      0.332640    0.011791   19.652798 ^ _7081_/B (sky130_fd_sc_hd__nor2_1)
     1    0.009505    0.135739    0.223352   19.876150 v _7081_/Y (sky130_fd_sc_hd__nor2_1)
                                                         _2188_ (net)
                      0.135742    0.000723   19.876873 v _7090_/A (sky130_fd_sc_hd__xnor2_2)
     2    0.018397    0.423918    0.456371   20.333242 ^ _7090_/Y (sky130_fd_sc_hd__xnor2_2)
                                                         _2197_ (net)
                      0.423932    0.001915   20.335157 ^ _7091_/B (sky130_fd_sc_hd__xnor2_1)
     2    0.007108    0.324423    0.367018   20.702177 ^ _7091_/Y (sky130_fd_sc_hd__xnor2_1)
                                                         _2198_ (net)
                      0.324423    0.000510   20.702686 ^ _7093_/B (sky130_fd_sc_hd__xnor2_1)
     2    0.008017    0.200387    0.272010   20.974697 v _7093_/Y (sky130_fd_sc_hd__xnor2_1)
                                                         _2200_ (net)
                      0.200387    0.000346   20.975042 v _7144_/A (sky130_fd_sc_hd__xnor2_1)
     2    0.012841    0.512893    0.547759   21.522802 ^ _7144_/Y (sky130_fd_sc_hd__xnor2_1)
                                                         _2255_ (net)
                      0.512896    0.000872   21.523674 ^ _7147_/A (sky130_fd_sc_hd__xor2_2)
     2    0.014995    0.340157    0.494525   22.018200 ^ _7147_/X (sky130_fd_sc_hd__xor2_2)
                                                         _2258_ (net)
                      0.340157    0.001011   22.019211 ^ _7402_/A2 (sky130_fd_sc_hd__a21oi_2)
     3    0.016216    0.165947    0.276509   22.295719 v _7402_/Y (sky130_fd_sc_hd__a21oi_2)
                                                         _2529_ (net)
                      0.165948    0.000808   22.296528 v _7480_/A2 (sky130_fd_sc_hd__a211o_1)
     1    0.003963    0.096448    0.588598   22.885126 v _7480_/X (sky130_fd_sc_hd__a211o_1)
                                                         _2612_ (net)
                      0.096448    0.000249   22.885374 v _7481_/B1 (sky130_fd_sc_hd__o21a_1)
     3    0.010220    0.130533    0.263100   23.148474 v _7481_/X (sky130_fd_sc_hd__o21a_1)
                                                         _2613_ (net)
                      0.130533    0.000560   23.149035 v _7483_/C (sky130_fd_sc_hd__and3_1)
     1    0.001684    0.061680    0.374262   23.523296 v _7483_/X (sky130_fd_sc_hd__and3_1)
                                                         _2615_ (net)
                      0.061680    0.000115   23.523411 v _7484_/B (sky130_fd_sc_hd__or2_1)
     2    0.010385    0.163819    0.537675   24.061087 v _7484_/X (sky130_fd_sc_hd__or2_1)
                                                         _2616_ (net)
                      0.163819    0.000730   24.061817 v _7573_/B (sky130_fd_sc_hd__xnor2_2)
     3    0.010833    0.185520    0.316465   24.378281 v _7573_/Y (sky130_fd_sc_hd__xnor2_2)
                                                         _2710_ (net)
                      0.185520    0.000542   24.378822 v _7737_/A2 (sky130_fd_sc_hd__a211o_1)
     3    0.014432    0.181347    0.700112   25.078936 v _7737_/X (sky130_fd_sc_hd__a211o_1)
                                                         _2874_ (net)
                      0.181355    0.001409   25.080343 v _8197_/A1 (sky130_fd_sc_hd__a31o_1)
     3    0.013901    0.153101    0.459258   25.539602 v _8197_/X (sky130_fd_sc_hd__a31o_1)
                                                         _3355_ (net)
                      0.153108    0.001187   25.540789 v _8199_/C (sky130_fd_sc_hd__and3_1)
     2    0.004954    0.089029    0.422046   25.962835 v _8199_/X (sky130_fd_sc_hd__and3_1)
                                                         _3357_ (net)
                      0.089029    0.000156   25.962990 v _8344_/B (sky130_fd_sc_hd__or2_1)
     1    0.004858    0.116060    0.490608   26.453600 v _8344_/X (sky130_fd_sc_hd__or2_1)
                                                         _3513_ (net)
                      0.116060    0.000357   26.453957 v _8345_/B (sky130_fd_sc_hd__xnor2_1)
     1    0.002529    0.087274    0.220105   26.674061 v _8345_/Y (sky130_fd_sc_hd__xnor2_1)
                                                         _3514_ (net)
                      0.087274    0.000107   26.674168 v _8346_/A1 (sky130_fd_sc_hd__mux2_1)
     1    0.002403    0.106258    0.649040   27.323208 v _8346_/X (sky130_fd_sc_hd__mux2_1)
                                                         _0072_ (net)
                      0.106258    0.000163   27.323372 v _8683_/D (sky130_fd_sc_hd__dfrtp_1)
                                             27.323372   data arrival time

                                 25.000000   25.000000   clock clk (rise edge)
                                  0.000000   25.000000   clock source latency
     2    0.049343    0.355431    0.248559   25.248558 ^ clk (in)
                                                         clk (net)
                      0.355472    0.000000   25.248558 ^ clkbuf_0_clk/A (sky130_fd_sc_hd__clkbuf_16)
    33    0.198538    0.314490    0.537519   25.786076 ^ clkbuf_0_clk/X (sky130_fd_sc_hd__clkbuf_16)
                                                         clknet_0_clk (net)
                      0.316150    0.018490   25.804565 ^ clkbuf_4_13_0_clk/A (sky130_fd_sc_hd__clkbuf_8)
     5    0.043199    0.138706    0.392161   26.196728 ^ clkbuf_4_13_0_clk/X (sky130_fd_sc_hd__clkbuf_8)
                                                         clknet_4_13_0_clk (net)
                      0.138746    0.002261   26.198988 ^ _8683_/CLK (sky130_fd_sc_hd__dfrtp_1)
                                 -0.250000   25.948990   clock uncertainty
                                  0.000000   25.948990   clock reconvergence pessimism
                                 -0.273346   25.675644   library setup time
                                             25.675644   data required time
---------------------------------------------------------------------------------------------
                                             25.675644   data required time
                                            -27.323372   data arrival time
---------------------------------------------------------------------------------------------
                                             -1.647727   slack (VIOLATED)




===========================================================================
 report_check_types -max_slew -max_cap -max_fanout -violators
============================================================================
======================= max_ss_100C_1v60 Corner ===================================

max slew

Pin                                        Limit        Slew       Slack
------------------------------------------------------------------------
ANTENNA__8465__B1/DIODE                 0.750000    1.006657   -0.256657 (VIOLATED)
_8465_/B1                               0.750000    1.006658   -0.256658 (VIOLATED)
ANTENNA__8464__C/DIODE                  0.750000    1.006657   -0.256657 (VIOLATED)
_8464_/C                                0.750000    1.006657   -0.256657 (VIOLATED)
ANTENNA__8463__Y/DIODE                  0.750000    1.006652   -0.256652 (VIOLATED)
_8463_/Y                                0.750000    1.006649   -0.256649 (VIOLATED)
_8194_/B1                               0.750000    0.956217   -0.206217 (VIOLATED)
_8193_/C                                0.750000    0.956217   -0.206217 (VIOLATED)
ANTENNA__8193__C/DIODE                  0.750000    0.956216   -0.206216 (VIOLATED)
ANTENNA__8194__B1/DIODE                 0.750000    0.956216   -0.206216 (VIOLATED)
ANTENNA__8192__Y/DIODE                  0.750000    0.956210   -0.206210 (VIOLATED)
_8192_/Y                                0.750000    0.956208   -0.206208 (VIOLATED)
_7889_/C                                0.750000    0.873216   -0.123216 (VIOLATED)
ANTENNA__7889__C/DIODE                  0.750000    0.873216   -0.123216 (VIOLATED)
_7890_/B1                               0.750000    0.873215   -0.123215 (VIOLATED)
ANTENNA__7890__B1/DIODE                 0.750000    0.873214   -0.123214 (VIOLATED)
ANTENNA__7888__Y/DIODE                  0.750000    0.873194   -0.123194 (VIOLATED)
_7888_/Y                                0.750000    0.873194   -0.123194 (VIOLATED)
_5090_/A1                               0.750000    0.845892   -0.095892 (VIOLATED)
ANTENNA__5090__A1/DIODE                 0.750000    0.845891   -0.095891 (VIOLATED)
_5182_/A                                0.750000    0.845880   -0.095880 (VIOLATED)
ANTENNA__5182__A/DIODE                  0.750000    0.845880   -0.095880 (VIOLATED)
_5482_/A                                0.750000    0.845851   -0.095851 (VIOLATED)
ANTENNA__5482__A/DIODE                  0.750000    0.845841   -0.095841 (VIOLATED)
ANTENNA__5483__A1_N/DIODE               0.750000    0.845840   -0.095840 (VIOLATED)
_5483_/A1_N                             0.750000    0.845831   -0.095831 (VIOLATED)
_7458_/A                                0.750000    0.845778   -0.095778 (VIOLATED)
ANTENNA__7458__A/DIODE                  0.750000    0.845776   -0.095776 (VIOLATED)
_7131_/A                                0.750000    0.845769   -0.095769 (VIOLATED)
ANTENNA__7131__A/DIODE                  0.750000    0.845768   -0.095768 (VIOLATED)
_8025_/A                                0.750000    0.845762   -0.095762 (VIOLATED)
ANTENNA__8025__A/DIODE                  0.750000    0.845761   -0.095761 (VIOLATED)
ANTENNA__4296__Y/DIODE                  0.750000    0.845755   -0.095755 (VIOLATED)
ANTENNA__4297__A/DIODE                  0.750000    0.845747   -0.095747 (VIOLATED)
_4297_/A                                0.750000    0.845744   -0.095744 (VIOLATED)
_4296_/Y                                0.750000    0.845736   -0.095736 (VIOLATED)
_6980_/A                                0.750000    0.815685   -0.065685 (VIOLATED)
_6979_/A_N                              0.750000    0.815683   -0.065683 (VIOLATED)
_6977_/X                                0.750000    0.815678   -0.065678 (VIOLATED)
_5352_/A1_N                             0.750000    0.813680   -0.063680 (VIOLATED)
ANTENNA__5352__A1_N/DIODE               0.750000    0.813677   -0.063677 (VIOLATED)
_5489_/A                                0.750000    0.813670   -0.063670 (VIOLATED)
_5490_/A1_N                             0.750000    0.813669   -0.063669 (VIOLATED)
ANTENNA__5490__A1_N/DIODE               0.750000    0.813668   -0.063668 (VIOLATED)
ANTENNA__5489__A/DIODE                  0.750000    0.813665   -0.063665 (VIOLATED)
_7705_/A1                               0.750000    0.813645   -0.063645 (VIOLATED)
_7465_/A                                0.750000    0.813643   -0.063643 (VIOLATED)
ANTENNA__7465__A/DIODE                  0.750000    0.813643   -0.063643 (VIOLATED)
_5521_/A                                0.750000    0.813635   -0.063635 (VIOLATED)
ANTENNA__5521__A/DIODE                  0.750000    0.813634   -0.063634 (VIOLATED)
ANTENNA__5522__A1_N/DIODE               0.750000    0.813634   -0.063634 (VIOLATED)
_7463_/A1                               0.750000    0.813632   -0.063632 (VIOLATED)
_5522_/A1_N                             0.750000    0.813630   -0.063630 (VIOLATED)
ANTENNA__7705__A1/DIODE                 0.750000    0.813627   -0.063627 (VIOLATED)
ANTENNA__5525__A/DIODE                  0.750000    0.813626   -0.063626 (VIOLATED)
ANTENNA__7463__A1/DIODE                 0.750000    0.813623   -0.063623 (VIOLATED)
ANTENNA__4310__A/DIODE                  0.750000    0.813614   -0.063614 (VIOLATED)
_4310_/A                                0.750000    0.813593   -0.063593 (VIOLATED)
_5525_/A                                0.750000    0.813578   -0.063578 (VIOLATED)
ANTENNA__4309__Y/DIODE                  0.750000    0.813487   -0.063487 (VIOLATED)
_4309_/Y                                0.750000    0.813482   -0.063482 (VIOLATED)
_6106_/B1                               0.750000    0.812103   -0.062103 (VIOLATED)
_5418_/B                                0.750000    0.812101   -0.062101 (VIOLATED)
_5417_/Y                                0.750000    0.812100   -0.062100 (VIOLATED)
fanout81/A                              0.750000    0.806357   -0.056357 (VIOLATED)
ANTENNA_fanout81_A/DIODE                0.750000    0.806356   -0.056356 (VIOLATED)
ANTENNA__5118__B/DIODE                  0.750000    0.806351   -0.056351 (VIOLATED)
_5118_/B                                0.750000    0.806347   -0.056347 (VIOLATED)
ANTENNA__5036__B/DIODE                  0.750000    0.806324   -0.056324 (VIOLATED)
_5036_/B                                0.750000    0.806320   -0.056321 (VIOLATED)
_4751_/B                                0.750000    0.806302   -0.056302 (VIOLATED)
_4752_/A2                               0.750000    0.806301   -0.056301 (VIOLATED)
ANTENNA__4751__B/DIODE                  0.750000    0.806300   -0.056300 (VIOLATED)
ANTENNA__4752__A2/DIODE                 0.750000    0.806301   -0.056301 (VIOLATED)
ANTENNA__4747__Y/DIODE                  0.750000    0.806290   -0.056290 (VIOLATED)
_4747_/Y                                0.750000    0.806288   -0.056289 (VIOLATED)
_6016_/A                                0.750000    0.775417   -0.025417 (VIOLATED)
ANTENNA__6016__A/DIODE                  0.750000    0.775415   -0.025415 (VIOLATED)
_6427_/A                                0.750000    0.775413   -0.025414 (VIOLATED)
_4322_/A                                0.750000    0.775413   -0.025413 (VIOLATED)
ANTENNA__6427__A/DIODE                  0.750000    0.775412   -0.025412 (VIOLATED)
ANTENNA__4322__A/DIODE                  0.750000    0.775402   -0.025402 (VIOLATED)
_7000_/B2                               0.750000    0.775386   -0.025386 (VIOLATED)
ANTENNA__7000__B2/DIODE                 0.750000    0.775379   -0.025379 (VIOLATED)
_7426_/A                                0.750000    0.775332   -0.025332 (VIOLATED)
ANTENNA__7426__A/DIODE                  0.750000    0.775308   -0.025308 (VIOLATED)
_7761_/A                                0.750000    0.775260   -0.025260 (VIOLATED)
ANTENNA__7761__A/DIODE                  0.750000    0.775258   -0.025258 (VIOLATED)
_8220_/A                                0.750000    0.775203   -0.025203 (VIOLATED)
ANTENNA__8220__A/DIODE                  0.750000    0.775201   -0.025201 (VIOLATED)
_8351_/A1                               0.750000    0.775188   -0.025188 (VIOLATED)
_8350_/A                                0.750000    0.775188   -0.025188 (VIOLATED)
ANTENNA__8351__A1/DIODE                 0.750000    0.775188   -0.025188 (VIOLATED)
ANTENNA__8350__A/DIODE                  0.750000    0.775188   -0.025188 (VIOLATED)
ANTENNA__4321__Y/DIODE                  0.750000    0.775185   -0.025185 (VIOLATED)
_4321_/Y                                0.750000    0.775171   -0.025171 (VIOLATED)
_6218_/A                                0.750000    0.770361   -0.020361 (VIOLATED)
ANTENNA__6218__A/DIODE                  0.750000    0.770359   -0.020359 (VIOLATED)
_6708_/A1                               0.750000    0.770352   -0.020352 (VIOLATED)
ANTENNA__6708__A1/DIODE                 0.750000    0.770341   -0.020341 (VIOLATED)
_6702_/A                                0.750000    0.770341   -0.020341 (VIOLATED)
ANTENNA__6702__A/DIODE                  0.750000    0.770339   -0.020339 (VIOLATED)
_4319_/A                                0.750000    0.770321   -0.020321 (VIOLATED)
ANTENNA__4319__A/DIODE                  0.750000    0.770316   -0.020316 (VIOLATED)
_6998_/A                                0.750000    0.770241   -0.020241 (VIOLATED)
ANTENNA__6998__A/DIODE                  0.750000    0.770223   -0.020223 (VIOLATED)
_7682_/A1                               0.750000    0.770181   -0.020181 (VIOLATED)
ANTENNA__7682__A1/DIODE                 0.750000    0.770179   -0.020179 (VIOLATED)
_8058_/A                                0.750000    0.770157   -0.020157 (VIOLATED)
ANTENNA__8058__A/DIODE                  0.750000    0.770154   -0.020154 (VIOLATED)
_8362_/A                                0.750000    0.770130   -0.020130 (VIOLATED)
ANTENNA__8362__A/DIODE                  0.750000    0.770127   -0.020127 (VIOLATED)
_8485_/A                                0.750000    0.770124   -0.020124 (VIOLATED)
ANTENNA__8485__A/DIODE                  0.750000    0.770122   -0.020122 (VIOLATED)
ANTENNA__4318__Y/DIODE                  0.750000    0.770113   -0.020113 (VIOLATED)
_4318_/Y                                0.750000    0.770108   -0.020108 (VIOLATED)
fanout89/A                              0.750000    0.769039   -0.019039 (VIOLATED)
ANTENNA_fanout89_A/DIODE                0.750000    0.769038   -0.019038 (VIOLATED)
fanout90/A                              0.750000    0.769033   -0.019033 (VIOLATED)
ANTENNA_fanout90_A/DIODE                0.750000    0.769033   -0.019033 (VIOLATED)
fanout91/A                              0.750000    0.769022   -0.019022 (VIOLATED)
ANTENNA_fanout91_A/DIODE                0.750000    0.769020   -0.019021 (VIOLATED)
ANTENNA__4540__Y/DIODE                  0.750000    0.769017   -0.019017 (VIOLATED)
_4540_/Y                                0.750000    0.769016   -0.019016 (VIOLATED)
_7130_/A                                0.750000    0.763869   -0.013869 (VIOLATED)
ANTENNA__7130__A/DIODE                  0.750000    0.763868   -0.013868 (VIOLATED)
_5178_/A                                0.750000    0.763865   -0.013865 (VIOLATED)
ANTENNA__5178__A/DIODE                  0.750000    0.763865   -0.013865 (VIOLATED)
ANTENNA__4292__Y/DIODE                  0.750000    0.763853   -0.013853 (VIOLATED)
fanout128/A                             0.750000    0.763847   -0.013847 (VIOLATED)
ANTENNA_fanout128_A/DIODE               0.750000    0.763847   -0.013847 (VIOLATED)
_4292_/Y                                0.750000    0.763845   -0.013845 (VIOLATED)
_6015_/A                                0.750000    0.763074   -0.013074 (VIOLATED)
ANTENNA__6015__A/DIODE                  0.750000    0.763073   -0.013073 (VIOLATED)
ANTENNA__4796__A/DIODE                  0.750000    0.763073   -0.013073 (VIOLATED)
_4796_/A                                0.750000    0.763073   -0.013073 (VIOLATED)
_6229_/A                                0.750000    0.763073   -0.013073 (VIOLATED)
ANTENNA__6229__A/DIODE                  0.750000    0.763072   -0.013072 (VIOLATED)
fanout125/A                             0.750000    0.763066   -0.013066 (VIOLATED)
ANTENNA_fanout125_A/DIODE               0.750000    0.763066   -0.013066 (VIOLATED)
ANTENNA__4306__Y/DIODE                  0.750000    0.763065   -0.013065 (VIOLATED)
_4306_/Y                                0.750000    0.763059   -0.013060 (VIOLATED)
_6010_/C1                               0.750000    0.761804   -0.011805 (VIOLATED)
ANTENNA__6010__C1/DIODE                 0.750000    0.761803   -0.011803 (VIOLATED)
ANTENNA__6008__Y/DIODE                  0.750000    0.761795   -0.011795 (VIOLATED)
_6008_/Y                                0.750000    0.761793   -0.011793 (VIOLATED)
fanout59/A                              0.750000    0.757852   -0.007852 (VIOLATED)
ANTENNA_fanout59_A/DIODE                0.750000    0.757852   -0.007852 (VIOLATED)
fanout58/A                              0.750000    0.757813   -0.007813 (VIOLATED)
ANTENNA_fanout58_A/DIODE                0.750000    0.757801   -0.007801 (VIOLATED)
ANTENNA__4928__Y/DIODE                  0.750000    0.757712   -0.007712 (VIOLATED)
_4928_/Y                                0.750000    0.757705   -0.007705 (VIOLATED)

max fanout

Pin                                   Limit Fanout  Slack
---------------------------------------------------------
clkbuf_0_clk/X                           10     33    -23 (VIOLATED)
clkbuf_4_1_0_clk/X                       10     23    -13 (VIOLATED)
_4309_/Y                                 10     21    -11 (VIOLATED)
_4325_/Y                                 10     21    -11 (VIOLATED)
_6970_/Y                                 10     21    -11 (VIOLATED)
fanout100/X                              10     21    -11 (VIOLATED)
fanout101/X                              10     21    -11 (VIOLATED)
fanout103/X                              10     21    -11 (VIOLATED)
fanout104/X                              10     21    -11 (VIOLATED)
fanout105/X                              10     21    -11 (VIOLATED)
fanout107/X                              10     21    -11 (VIOLATED)
fanout109/X                              10     21    -11 (VIOLATED)
fanout110/X                              10     21    -11 (VIOLATED)
fanout111/X                              10     21    -11 (VIOLATED)
fanout114/X                              10     21    -11 (VIOLATED)
fanout115/X                              10     21    -11 (VIOLATED)
fanout117/X                              10     21    -11 (VIOLATED)
fanout122/X                              10     21    -11 (VIOLATED)
fanout123/X                              10     21    -11 (VIOLATED)
fanout125/X                              10     21    -11 (VIOLATED)
fanout127/X                              10     21    -11 (VIOLATED)
fanout128/X                              10     21    -11 (VIOLATED)
fanout129/X                              10     21    -11 (VIOLATED)
fanout136/X                              10     21    -11 (VIOLATED)
fanout139/X                              10     21    -11 (VIOLATED)
fanout141/X                              10     21    -11 (VIOLATED)
fanout149/X                              10     21    -11 (VIOLATED)
fanout152/X                              10     21    -11 (VIOLATED)
fanout153/X                              10     21    -11 (VIOLATED)
fanout160/X                              10     21    -11 (VIOLATED)
fanout172/X                              10     21    -11 (VIOLATED)
fanout173/X                              10     21    -11 (VIOLATED)
fanout176/X                              10     21    -11 (VIOLATED)
fanout177/X                              10     21    -11 (VIOLATED)
fanout183/X                              10     21    -11 (VIOLATED)
fanout188/X                              10     21    -11 (VIOLATED)
fanout194/X                              10     21    -11 (VIOLATED)
fanout195/X                              10     21    -11 (VIOLATED)
fanout198/X                              10     21    -11 (VIOLATED)
fanout200/X                              10     21    -11 (VIOLATED)
fanout202/X                              10     21    -11 (VIOLATED)
fanout204/X                              10     21    -11 (VIOLATED)
fanout210/X                              10     21    -11 (VIOLATED)
fanout212/X                              10     21    -11 (VIOLATED)
fanout214/X                              10     21    -11 (VIOLATED)
fanout216/X                              10     21    -11 (VIOLATED)
fanout218/X                              10     21    -11 (VIOLATED)
fanout220/X                              10     21    -11 (VIOLATED)
fanout222/X                              10     21    -11 (VIOLATED)
fanout224/X                              10     21    -11 (VIOLATED)
fanout226/X                              10     21    -11 (VIOLATED)
fanout228/X                              10     21    -11 (VIOLATED)
fanout232/X                              10     21    -11 (VIOLATED)
fanout237/X                              10     21    -11 (VIOLATED)
fanout238/X                              10     21    -11 (VIOLATED)
fanout241/X                              10     21    -11 (VIOLATED)
fanout245/X                              10     21    -11 (VIOLATED)
fanout249/X                              10     21    -11 (VIOLATED)
fanout256/X                              10     21    -11 (VIOLATED)
fanout259/X                              10     21    -11 (VIOLATED)
fanout265/X                              10     21    -11 (VIOLATED)
fanout270/X                              10     21    -11 (VIOLATED)
fanout272/X                              10     21    -11 (VIOLATED)
fanout275/X                              10     21    -11 (VIOLATED)
fanout279/X                              10     21    -11 (VIOLATED)
fanout282/X                              10     21    -11 (VIOLATED)
fanout290/X                              10     21    -11 (VIOLATED)
fanout293/X                              10     21    -11 (VIOLATED)
fanout295/X                              10     21    -11 (VIOLATED)
fanout297/X                              10     21    -11 (VIOLATED)
fanout298/X                              10     21    -11 (VIOLATED)
fanout300/X                              10     21    -11 (VIOLATED)
fanout302/X                              10     21    -11 (VIOLATED)
fanout303/X                              10     21    -11 (VIOLATED)
fanout310/X                              10     21    -11 (VIOLATED)
fanout314/X                              10     21    -11 (VIOLATED)
fanout323/X                              10     21    -11 (VIOLATED)
fanout327/X                              10     21    -11 (VIOLATED)
fanout331/X                              10     21    -11 (VIOLATED)
fanout341/X                              10     21    -11 (VIOLATED)
fanout348/X                              10     21    -11 (VIOLATED)
fanout351/X                              10     21    -11 (VIOLATED)
fanout352/X                              10     21    -11 (VIOLATED)
fanout354/X                              10     21    -11 (VIOLATED)
fanout355/X                              10     21    -11 (VIOLATED)
fanout37/X                               10     21    -11 (VIOLATED)
fanout39/X                               10     21    -11 (VIOLATED)
fanout40/X                               10     21    -11 (VIOLATED)
fanout42/X                               10     21    -11 (VIOLATED)
fanout48/X                               10     21    -11 (VIOLATED)
fanout49/X                               10     21    -11 (VIOLATED)
fanout50/X                               10     21    -11 (VIOLATED)
fanout51/X                               10     21    -11 (VIOLATED)
fanout52/X                               10     21    -11 (VIOLATED)
fanout53/X                               10     21    -11 (VIOLATED)
fanout54/X                               10     21    -11 (VIOLATED)
fanout55/X                               10     21    -11 (VIOLATED)
fanout56/X                               10     21    -11 (VIOLATED)
fanout57/X                               10     21    -11 (VIOLATED)
fanout61/X                               10     21    -11 (VIOLATED)
fanout71/X                               10     21    -11 (VIOLATED)
fanout73/X                               10     21    -11 (VIOLATED)
fanout75/X                               10     21    -11 (VIOLATED)
fanout77/X                               10     21    -11 (VIOLATED)
fanout79/X                               10     21    -11 (VIOLATED)
fanout80/X                               10     21    -11 (VIOLATED)
fanout81/X                               10     21    -11 (VIOLATED)
fanout82/X                               10     21    -11 (VIOLATED)
fanout83/X                               10     21    -11 (VIOLATED)
fanout84/X                               10     21    -11 (VIOLATED)
fanout86/X                               10     21    -11 (VIOLATED)
fanout92/X                               10     21    -11 (VIOLATED)
fanout93/X                               10     21    -11 (VIOLATED)
fanout95/X                               10     21    -11 (VIOLATED)
fanout96/X                               10     21    -11 (VIOLATED)
fanout98/X                               10     21    -11 (VIOLATED)
fanout99/X                               10     21    -11 (VIOLATED)
_4283_/Y                                 10     19     -9 (VIOLATED)
_4293_/Y                                 10     19     -9 (VIOLATED)
_4307_/Y                                 10     19     -9 (VIOLATED)
_4318_/Y                                 10     19     -9 (VIOLATED)
_4319_/Y                                 10     19     -9 (VIOLATED)
_4321_/Y                                 10     19     -9 (VIOLATED)
fanout154/X                              10     19     -9 (VIOLATED)
fanout168/X                              10     19     -9 (VIOLATED)
fanout175/X                              10     19     -9 (VIOLATED)
fanout203/X                              10     19     -9 (VIOLATED)
fanout223/X                              10     19     -9 (VIOLATED)
fanout227/X                              10     19     -9 (VIOLATED)
fanout230/X                              10     19     -9 (VIOLATED)
fanout248/X                              10     19     -9 (VIOLATED)
fanout252/X                              10     19     -9 (VIOLATED)
fanout262/X                              10     19     -9 (VIOLATED)
fanout268/X                              10     19     -9 (VIOLATED)
fanout320/X                              10     19     -9 (VIOLATED)
fanout335/X                              10     19     -9 (VIOLATED)
fanout64/X                               10     19     -9 (VIOLATED)
_4296_/Y                                 10     17     -7 (VIOLATED)
fanout178/X                              10     17     -7 (VIOLATED)
fanout261/X                              10     17     -7 (VIOLATED)
fanout264/X                              10     17     -7 (VIOLATED)
fanout269/X                              10     17     -7 (VIOLATED)
fanout276/X                              10     17     -7 (VIOLATED)
fanout316/X                              10     17     -7 (VIOLATED)
fanout326/X                              10     17     -7 (VIOLATED)
fanout342/X                              10     17     -7 (VIOLATED)
fanout356/X                              10     17     -7 (VIOLATED)
fanout97/X                               10     17     -7 (VIOLATED)
input9/X                                 10     17     -7 (VIOLATED)
_6683_/Y                                 10     15     -5 (VIOLATED)
_6968_/X                                 10     15     -5 (VIOLATED)
clkbuf_4_15_0_clk/X                      10     15     -5 (VIOLATED)
fanout131/X                              10     15     -5 (VIOLATED)
fanout132/X                              10     15     -5 (VIOLATED)
fanout134/X                              10     15     -5 (VIOLATED)
fanout135/X                              10     15     -5 (VIOLATED)
fanout138/X                              10     15     -5 (VIOLATED)
fanout165/X                              10     15     -5 (VIOLATED)
fanout182/X                              10     15     -5 (VIOLATED)
fanout184/X                              10     15     -5 (VIOLATED)
fanout209/X                              10     15     -5 (VIOLATED)
fanout213/X                              10     15     -5 (VIOLATED)
fanout217/X                              10     15     -5 (VIOLATED)
fanout219/X                              10     15     -5 (VIOLATED)
fanout231/X                              10     15     -5 (VIOLATED)
fanout244/X                              10     15     -5 (VIOLATED)
fanout271/X                              10     15     -5 (VIOLATED)
fanout285/X                              10     15     -5 (VIOLATED)
fanout296/X                              10     15     -5 (VIOLATED)
fanout301/X                              10     15     -5 (VIOLATED)
fanout306/X                              10     15     -5 (VIOLATED)
fanout318/X                              10     15     -5 (VIOLATED)
fanout329/X                              10     15     -5 (VIOLATED)
fanout78/X                               10     15     -5 (VIOLATED)
_6109_/Y                                 10     13     -3 (VIOLATED)
clkbuf_4_10_0_clk/X                      10     13     -3 (VIOLATED)
clkbuf_4_2_0_clk/X                       10     13     -3 (VIOLATED)
clkbuf_4_5_0_clk/X                       10     13     -3 (VIOLATED)
fanout120/X                              10     13     -3 (VIOLATED)
fanout169/X                              10     13     -3 (VIOLATED)
fanout221/X                              10     13     -3 (VIOLATED)
fanout240/X                              10     13     -3 (VIOLATED)
fanout246/X                              10     13     -3 (VIOLATED)
fanout274/X                              10     13     -3 (VIOLATED)
fanout281/X                              10     13     -3 (VIOLATED)
fanout283/X                              10     13     -3 (VIOLATED)
fanout304/X                              10     13     -3 (VIOLATED)
fanout309/X                              10     13     -3 (VIOLATED)
fanout313/X                              10     13     -3 (VIOLATED)
fanout353/X                              10     13     -3 (VIOLATED)
fanout47/X                               10     13     -3 (VIOLATED)
input11/X                                10     13     -3 (VIOLATED)
input12/X                                10     13     -3 (VIOLATED)
input13/X                                10     13     -3 (VIOLATED)
input14/X                                10     13     -3 (VIOLATED)
input15/X                                10     13     -3 (VIOLATED)
input16/X                                10     13     -3 (VIOLATED)
input17/X                                10     13     -3 (VIOLATED)
input18/X                                10     13     -3 (VIOLATED)
input2/X                                 10     13     -3 (VIOLATED)
input3/X                                 10     13     -3 (VIOLATED)
input4/X                                 10     13     -3 (VIOLATED)
input5/X                                 10     13     -3 (VIOLATED)
input6/X                                 10     13     -3 (VIOLATED)
input7/X                                 10     13     -3 (VIOLATED)
input8/X                                 10     13     -3 (VIOLATED)
_4304_/Y                                 10     11        (VIOLATED)
_4354_/X                                 10     11        (VIOLATED)
_4519_/Y                                 10     11        (VIOLATED)
_4747_/Y                                 10     11        (VIOLATED)
clkbuf_4_0_0_clk/X                       10     11        (VIOLATED)
clkbuf_4_8_0_clk/X                       10     11        (VIOLATED)
fanout121/X                              10     11        (VIOLATED)
fanout150/X                              10     11        (VIOLATED)
fanout197/X                              10     11        (VIOLATED)
fanout211/X                              10     11        (VIOLATED)
fanout215/X                              10     11        (VIOLATED)
fanout242/X                              10     11        (VIOLATED)
fanout286/X                              10     11        (VIOLATED)
fanout299/X                              10     11        (VIOLATED)
fanout311/X                              10     11        (VIOLATED)
fanout322/X                              10     11        (VIOLATED)
fanout324/X                              10     11        (VIOLATED)
fanout333/X                              10     11        (VIOLATED)
fanout340/X                              10     11        (VIOLATED)
fanout345/X                              10     11        (VIOLATED)
fanout87/X                               10     11        (VIOLATED)
fanout94/X                               10     11        (VIOLATED)



===========================================================================
report_parasitic_annotation -report_unannotated
============================================================================
Found 84 unannotated drivers.
 en
 gpio_in[18]
 gpio_in[19]
 gpio_in[20]
 gpio_in[21]
 gpio_in[22]
 gpio_in[23]
 gpio_in[24]
 gpio_in[25]
 gpio_in[26]
 gpio_in[27]
 gpio_in[28]
 gpio_in[29]
 gpio_in[30]
 gpio_in[31]
 gpio_in[32]
 gpio_in[33]
 clkload0/Y
 clkload1/Y
 clkload10/Y
 clkload11/Y
 clkload12/Y
 clkload13/Y
 clkload14/Y
 clkload2/X
 clkload3/Y
 clkload4/Y
 clkload5/Y
 clkload6/Y
 clkload7/Y
 clkload8/Y
 clkload9/Y
 team_03_357/HI
 team_03_358/HI
 team_03_359/HI
 team_03_360/HI
 team_03_361/HI
 team_03_362/HI
 team_03_363/HI
 team_03_364/HI
 team_03_365/HI
 team_03_366/HI
 team_03_367/HI
 team_03_368/HI
 team_03_369/HI
 team_03_370/HI
 team_03_371/HI
 team_03_372/HI
 team_03_373/HI
 team_03_374/HI
 team_03_375/HI
 team_03_376/HI
 team_03_377/HI
 team_03_378/HI
 team_03_379/HI
 team_03_380/HI
 team_03_381/HI
 team_03_382/HI
 team_03_383/HI
 team_03_384/HI
 team_03_385/HI
 team_03_386/HI
 team_03_387/HI
 team_03_388/HI
 team_03_389/HI
 team_03_390/HI
 team_03_391/HI
 team_03_392/HI
 team_03_393/LO
 team_03_394/LO
 team_03_395/LO
 team_03_396/LO
 team_03_397/LO
 team_03_398/LO
 team_03_399/LO
 team_03_400/LO
 team_03_401/LO
 team_03_402/LO
 team_03_403/LO
 team_03_404/LO
 team_03_405/LO
 team_03_406/LO
 team_03_407/LO
 team_03_408/LO
Found 0 partially unannotated drivers.

===========================================================================
max slew violation count 152
max fanout violation count 228
max cap violation count 0
============================================================================

===========================================================================
check_setup -verbose -unconstrained_endpoints -multiple_clock -no_clock -no_input_delay -loops -generated_clocks
===========================================================================
Warning: There are 52 unconstrained endpoints.
  gpio_oeb[0]
  gpio_oeb[10]
  gpio_oeb[11]
  gpio_oeb[12]
  gpio_oeb[13]
  gpio_oeb[14]
  gpio_oeb[15]
  gpio_oeb[16]
  gpio_oeb[17]
  gpio_oeb[18]
  gpio_oeb[19]
  gpio_oeb[1]
  gpio_oeb[20]
  gpio_oeb[21]
  gpio_oeb[22]
  gpio_oeb[23]
  gpio_oeb[24]
  gpio_oeb[25]
  gpio_oeb[26]
  gpio_oeb[27]
  gpio_oeb[28]
  gpio_oeb[29]
  gpio_oeb[2]
  gpio_oeb[30]
  gpio_oeb[31]
  gpio_oeb[32]
  gpio_oeb[33]
  gpio_oeb[3]
  gpio_oeb[4]
  gpio_oeb[5]
  gpio_oeb[6]
  gpio_oeb[7]
  gpio_oeb[8]
  gpio_oeb[9]
  gpio_out[0]
  gpio_out[10]
  gpio_out[11]
  gpio_out[12]
  gpio_out[13]
  gpio_out[14]
  gpio_out[15]
  gpio_out[16]
  gpio_out[17]
  gpio_out[1]
  gpio_out[2]
  gpio_out[3]
  gpio_out[4]
  gpio_out[5]
  gpio_out[6]
  gpio_out[7]
  gpio_out[8]
  gpio_out[9]
