Clock: clk
Sources: clk 
Generated: no
Virtual: yes
Propagated: no
Period: 25.000000

===========================================================================
report_clock_properties
============================================================================
Clock                   Period          Waveform
----------------------------------------------------
clk                  25.000000    0.000000 12.500000

===========================================================================
report_clock_latency
============================================================================
Clock clk
rise -> rise
    min     max
0.000000 0.000000 source latency
1.169784         network latency _8646_/CLK
        1.235714 network latency _8619_/CLK
---------------
1.169784 1.235714 latency
        0.065929 skew

fall -> fall
    min     max
0.000000 0.000000 source latency
0.965206         network latency _8646_/CLK
        1.015702 network latency _8619_/CLK
---------------
0.965206 1.015702 latency
        0.050496 skew



===========================================================================
report_clock_min_period
============================================================================
clk period_min = 25.64 fmax = 39.00
