Reading timing models for corner nom_tt_025C_1v80…
Reading timing library for the 'nom_tt_025C_1v80' corner at '/home/ajwey/CI2605_stuff/nebula-iii/dependencies/pdks/sky130A/libs.ref/sky130_fd_sc_hd/lib/sky130_fd_sc_hd__tt_025C_1v80.lib'…
Reading timing models for corner nom_ff_n40C_1v95…
Reading timing library for the 'nom_ff_n40C_1v95' corner at '/home/ajwey/CI2605_stuff/nebula-iii/dependencies/pdks/sky130A/libs.ref/sky130_fd_sc_hd/lib/sky130_fd_sc_hd__ff_n40C_1v95.lib'…
Reading timing models for corner nom_ss_100C_1v60…
Reading timing library for the 'nom_ss_100C_1v60' corner at '/home/ajwey/CI2605_stuff/nebula-iii/dependencies/pdks/sky130A/libs.ref/sky130_fd_sc_hd/lib/sky130_fd_sc_hd__ss_100C_1v60.lib'…
Reading OpenROAD database at '/home/ajwey/CI2605_stuff/nebula-iii/openlane/ffram/runs/26_03_04_19_34/34-openroad-cts/ffram.odb'…
Reading design constraints file at '/nix/store/svkrfkkpaij5qb9xjbcwfymcd4s8hczv-python3-3.11.9-env/lib/python3.11/site-packages/librelane/scripts/base.sdc'…
[INFO] Using clock clk…
[INFO] Setting output delay to: 5
[INFO] Setting input delay to: 5
[INFO] Setting load to: 0.033442
[INFO] Setting clock uncertainty to: 0.25
[INFO] Setting clock transition to: 0.1499999999999999944488848768742172978818416595458984375
[INFO] Setting timing derate to: 5%
[INFO] Setting RC values…
[INFO RSZ-0098] No setup violations found
[INFO RSZ-0046] Found 3265 endpoints with hold violations.
Iteration | Resized | Buffers | Cloned Gates |   WNS   |   TNS   | Endpoint
---------------------------------------------------------------------------
        0 |       0 |       0 |            0 |   0.044 |   0.000 | _26222_/D
    final |       0 |    3265 |            0 |   0.101 |   0.000 | _23759_/D
---------------------------------------------------------------------------
[INFO RSZ-0032] Inserted 3265 hold buffers.
Placement Analysis
---------------------------------
total displacement      17786.9 u
average displacement        0.6 u
max displacement           13.3 u
original HPWL          941197.2 u
legalized HPWL         968868.2 u
delta HPWL                    3 %

[INFO DPL-0020] Mirrored 9956 instances
[INFO DPL-0021] HPWL before          968868.2 u
[INFO DPL-0022] HPWL after           948384.2 u
[INFO DPL-0023] HPWL delta               -2.1 %
[INFO] Setting RC values…
Setting global connections for newly added cells…
[INFO] Setting global connections...
Updating metrics…
Cell type report:                       Count       Area
  Fill cell                               498    1869.29
  Tap cell                               6651    8321.73
  Clock buffer                            661    8795.94
  Timing Repair Buffer                   6117   54039.33
  Inverter                                  4      15.01
  Clock inverter                          299    3684.78
  Sequential cell                        4096   81998.64
  Multi-Input combinational cell        11267   88687.56
  Total                                 29593  247412.29
Writing OpenROAD database to '/home/ajwey/CI2605_stuff/nebula-iii/openlane/ffram/runs/26_03_04_19_34/36-openroad-resizertimingpostcts/ffram.odb'…
Writing netlist to '/home/ajwey/CI2605_stuff/nebula-iii/openlane/ffram/runs/26_03_04_19_34/36-openroad-resizertimingpostcts/ffram.nl.v'…
Writing powered netlist to '/home/ajwey/CI2605_stuff/nebula-iii/openlane/ffram/runs/26_03_04_19_34/36-openroad-resizertimingpostcts/ffram.pnl.v'…
Writing layout to '/home/ajwey/CI2605_stuff/nebula-iii/openlane/ffram/runs/26_03_04_19_34/36-openroad-resizertimingpostcts/ffram.def'…
Writing timing constraints to '/home/ajwey/CI2605_stuff/nebula-iii/openlane/ffram/runs/26_03_04_19_34/36-openroad-resizertimingpostcts/ffram.sdc'…
