Clock: clk
Sources: clk 
Generated: no
Virtual: yes
Propagated: no
Period: 100.000000

===========================================================================
report_clock_properties
============================================================================
Clock                   Period          Waveform
----------------------------------------------------
clk                 100.000000    0.000000 50.000000

===========================================================================
report_clock_latency
============================================================================
Clock clk
rise -> rise
    min     max
0.000000 0.000000 source latency
2.023211         network latency _16549_/CLK
        2.492296 network latency _16458_/CLK
---------------
2.023211 2.492296 latency
        0.469086 skew

rise -> fall
    min     max
0.000000 0.000000 source latency
2.113149         network latency _15098_/CLK
        2.683536 network latency _15698_/CLK
---------------
2.113149 2.683536 latency
        0.570387 skew

fall -> rise
    min     max
0.000000 0.000000 source latency
1.644398         network latency _15098_/CLK
        2.131120 network latency _15698_/CLK
---------------
1.644398 2.131120 latency
        0.486722 skew

fall -> fall
    min     max
0.000000 0.000000 source latency
1.547054         network latency _16549_/CLK
        1.962928 network latency _16458_/CLK
---------------
1.547054 1.962928 latency
        0.415874 skew



===========================================================================
report_clock_min_period
============================================================================
clk period_min = 30.03 fmax = 33.31
