
===========================================================================
report_checks -unconstrained
===========================================================================
======================= max_tt_025C_1v80 Corner ===================================

Startpoint: nrst (input port clocked by clk)
Endpoint: _1301_ (recovery check against rising-edge clock clk)
Path Group: asynchronous
Path Type: max

Fanout         Cap        Slew       Delay        Time   Description
---------------------------------------------------------------------------------------------
                                  0.000000    0.000000   clock clk (rise edge)
                                  0.000000    0.000000   clock network delay (propagated)
                                  5.000000    5.000000 ^ input external delay
     2    0.004946    0.029033    0.017731    5.017731 ^ nrst (in)
                                                         nrst (net)
                      0.029035    0.000000    5.017731 ^ input6/A (sky130_fd_sc_hd__clkbuf_2)
     7    0.037382    0.205366    0.209475    5.227205 ^ input6/X (sky130_fd_sc_hd__clkbuf_2)
                                                         net6 (net)
                      0.205569    0.005293    5.232498 ^ fanout123/A (sky130_fd_sc_hd__clkbuf_4)
    21    0.070291    0.212949    0.312753    5.545251 ^ fanout123/X (sky130_fd_sc_hd__clkbuf_4)
                                                         net123 (net)
                      0.213274    0.006802    5.552053 ^ fanout122/A (sky130_fd_sc_hd__clkbuf_4)
    10    0.053734    0.165704    0.282482    5.834535 ^ fanout122/X (sky130_fd_sc_hd__clkbuf_4)
                                                         net122 (net)
                      0.165715    0.001634    5.836169 ^ _1301_/RESET_B (sky130_fd_sc_hd__dfrtp_4)
                                              5.836169   data arrival time

                                 25.000000   25.000000   clock clk (rise edge)
                                  0.000000   25.000000   clock source latency
     2    0.025100    0.118480    0.082164   25.082163 ^ clk (in)
                                                         clk (net)
                      0.118500    0.000000   25.082163 ^ clkbuf_0_clk/A (sky130_fd_sc_hd__clkbuf_16)
     4    0.041425    0.061135    0.169273   25.251436 ^ clkbuf_0_clk/X (sky130_fd_sc_hd__clkbuf_16)
                                                         clknet_0_clk (net)
                      0.061193    0.001629   25.253065 ^ clkbuf_2_3__f_clk/A (sky130_fd_sc_hd__clkbuf_16)
    12    0.045561    0.064861    0.151212   25.404276 ^ clkbuf_2_3__f_clk/X (sky130_fd_sc_hd__clkbuf_16)
                                                         clknet_2_3__leaf_clk (net)
                      0.064968    0.002244   25.406521 ^ _1301_/CLK (sky130_fd_sc_hd__dfrtp_4)
                                 -0.250000   25.156521   clock uncertainty
                                  0.000000   25.156521   clock reconvergence pessimism
                                  0.184408   25.340929   library recovery time
                                             25.340929   data required time
---------------------------------------------------------------------------------------------
                                             25.340929   data required time
                                             -5.836169   data arrival time
---------------------------------------------------------------------------------------------
                                             19.504759   slack (MET)


Startpoint: en (input port clocked by clk)
Endpoint: gpio_out[1] (output port clocked by clk)
Path Group: clk
Path Type: max

Fanout         Cap        Slew       Delay        Time   Description
---------------------------------------------------------------------------------------------
                                  0.000000    0.000000   clock clk (rise edge)
                                  0.000000    0.000000   clock network delay (propagated)
                                  5.000000    5.000000 ^ input external delay
     2    0.004404    0.026700    0.015976    5.015976 ^ en (in)
                                                         en (net)
                      0.026702    0.000000    5.015976 ^ input1/A (sky130_fd_sc_hd__clkbuf_2)
    11    0.038347    0.210529    0.211346    5.227322 ^ input1/X (sky130_fd_sc_hd__clkbuf_2)
                                                         net1 (net)
                      0.210880    0.007033    5.234355 ^ _0606_/A (sky130_fd_sc_hd__inv_2)
     7    0.031319    0.102445    0.124782    5.359137 v _0606_/Y (sky130_fd_sc_hd__inv_2)
                                                         net48 (net)
                      0.102555    0.002472    5.361609 v fanout118/A (sky130_fd_sc_hd__buf_2)
    21    0.054252    0.130418    0.235937    5.597547 v fanout118/X (sky130_fd_sc_hd__buf_2)
                                                         net118 (net)
                      0.130798    0.005401    5.602948 v fanout117/A (sky130_fd_sc_hd__buf_2)
    10    0.035436    0.093629    0.217738    5.820686 v fanout117/X (sky130_fd_sc_hd__buf_2)
                                                         net117 (net)
                      0.093634    0.000863    5.821549 v _1232_/B (sky130_fd_sc_hd__or3_1)
     1    0.001924    0.058885    0.344597    6.166146 v _1232_/X (sky130_fd_sc_hd__or3_1)
                                                         _0589_ (net)
                      0.058885    0.000138    6.166284 v _1233_/B (sky130_fd_sc_hd__or4b_1)
     1    0.005307    0.098211    0.522177    6.688461 v _1233_/X (sky130_fd_sc_hd__or4b_1)
                                                         _0590_ (net)
                      0.098211    0.000402    6.688863 v _1234_/A (sky130_fd_sc_hd__inv_2)
     1    0.002241    0.031344    0.055052    6.743915 ^ _1234_/Y (sky130_fd_sc_hd__inv_2)
                                                         net67 (net)
                      0.031345    0.000152    6.744067 ^ output67/A (sky130_fd_sc_hd__buf_2)
     1    0.034305    0.170533    0.192191    6.936258 ^ output67/X (sky130_fd_sc_hd__buf_2)
                                                         gpio_out[1] (net)
                      0.170555    0.001611    6.937869 ^ gpio_out[1] (out)
                                              6.937869   data arrival time

                                 25.000000   25.000000   clock clk (rise edge)
                                  0.000000   25.000000   clock network delay (propagated)
                                 -0.250000   24.750000   clock uncertainty
                                  0.000000   24.750000   clock reconvergence pessimism
                                 -5.000000   19.750000   output external delay
                                             19.750000   data required time
---------------------------------------------------------------------------------------------
                                             19.750000   data required time
                                             -6.937869   data arrival time
---------------------------------------------------------------------------------------------
                                             12.812130   slack (MET)




===========================================================================
report_checks --slack_max -0.01
============================================================================
======================= max_tt_025C_1v80 Corner ===================================

No paths found.


===========================================================================
 report_check_types -max_slew -max_cap -max_fanout -violators
============================================================================
======================= max_tt_025C_1v80 Corner ===================================

max fanout

Pin                                   Limit Fanout  Slack
---------------------------------------------------------
_1005_/X                                 10     21    -11 (VIOLATED)
fanout114/X                              10     21    -11 (VIOLATED)
fanout118/X                              10     21    -11 (VIOLATED)
fanout123/X                              10     21    -11 (VIOLATED)
fanout124/X                              10     21    -11 (VIOLATED)
fanout90/X                               10     21    -11 (VIOLATED)
fanout98/X                               10     21    -11 (VIOLATED)
input12/X                                10     21    -11 (VIOLATED)
input15/X                                10     21    -11 (VIOLATED)
input8/X                                 10     21    -11 (VIOLATED)
input14/X                                10     19     -9 (VIOLATED)
input18/X                                10     19     -9 (VIOLATED)
_0949_/X                                 10     13     -3 (VIOLATED)
_0962_/X                                 10     13     -3 (VIOLATED)
clkbuf_2_3__f_clk/X                      10     12     -2 (VIOLATED)
_0950_/Y                                 10     11        (VIOLATED)
input1/X                                 10     11        (VIOLATED)



===========================================================================
report_parasitic_annotation -report_unannotated
============================================================================
Found 129 unannotated drivers.
 gpio_in[0]
 gpio_in[10]
 gpio_in[11]
 gpio_in[12]
 gpio_in[13]
 gpio_in[14]
 gpio_in[15]
 gpio_in[16]
 gpio_in[17]
 gpio_in[18]
 gpio_in[19]
 gpio_in[1]
 gpio_in[20]
 gpio_in[21]
 gpio_in[22]
 gpio_in[23]
 gpio_in[24]
 gpio_in[25]
 gpio_in[26]
 gpio_in[27]
 gpio_in[28]
 gpio_in[29]
 gpio_in[2]
 gpio_in[30]
 gpio_in[31]
 gpio_in[32]
 gpio_in[33]
 gpio_in[3]
 gpio_in[4]
 gpio_in[5]
 gpio_in[6]
 gpio_in[7]
 gpio_in[8]
 gpio_in[9]
 la_data_in[10]
 la_data_in[11]
 la_data_in[12]
 la_data_in[13]
 la_data_in[14]
 la_data_in[15]
 la_data_in[16]
 la_data_in[17]
 la_data_in[18]
 la_data_in[19]
 la_data_in[20]
 la_data_in[21]
 la_data_in[22]
 la_data_in[23]
 la_data_in[24]
 la_data_in[25]
 la_data_in[26]
 la_data_in[27]
 la_data_in[28]
 la_data_in[29]
 la_data_in[2]
 la_data_in[30]
 la_data_in[31]
 la_data_in[3]
 la_data_in[4]
 la_data_in[5]
 la_data_in[6]
 la_data_in[7]
 la_data_in[8]
 la_data_in[9]
 la_oenb[10]
 la_oenb[11]
 la_oenb[12]
 la_oenb[13]
 la_oenb[14]
 la_oenb[15]
 la_oenb[16]
 la_oenb[17]
 la_oenb[18]
 la_oenb[19]
 la_oenb[20]
 la_oenb[21]
 la_oenb[22]
 la_oenb[23]
 la_oenb[24]
 la_oenb[25]
 la_oenb[26]
 la_oenb[27]
 la_oenb[28]
 la_oenb[29]
 la_oenb[2]
 la_oenb[30]
 la_oenb[31]
 la_oenb[3]
 la_oenb[4]
 la_oenb[5]
 la_oenb[6]
 la_oenb[7]
 la_oenb[8]
 la_oenb[9]
 clkload0/Y
 clkload1/Y
 clkload2/Y
 team_00_126/HI
 team_00_127/HI
 team_00_128/HI
 team_00_129/HI
 team_00_130/HI
 team_00_131/HI
 team_00_132/HI
 team_00_133/HI
 team_00_134/HI
 team_00_135/HI
 team_00_136/HI
 team_00_137/HI
 team_00_138/HI
 team_00_139/HI
 team_00_140/HI
 team_00_141/HI
 team_00_142/HI
 team_00_143/HI
 team_00_144/HI
 team_00_145/HI
 team_00_146/HI
 team_00_147/HI
 team_00_148/HI
 team_00_149/HI
 team_00_150/HI
 team_00_151/HI
 team_00_152/HI
 team_00_153/HI
 team_00_154/HI
 team_00_155/HI
 team_00_156/HI
 team_00_157/HI
Found 0 partially unannotated drivers.

===========================================================================
max slew violation count 0
max fanout violation count 17
max cap violation count 0
============================================================================

===========================================================================
check_setup -verbose -unconstrained_endpoints -multiple_clock -no_clock -no_input_delay -loops -generated_clocks
===========================================================================
Warning: There are 32 unconstrained endpoints.
  la_data_out[0]
  la_data_out[10]
  la_data_out[11]
  la_data_out[12]
  la_data_out[13]
  la_data_out[14]
  la_data_out[15]
  la_data_out[16]
  la_data_out[17]
  la_data_out[18]
  la_data_out[19]
  la_data_out[1]
  la_data_out[20]
  la_data_out[21]
  la_data_out[22]
  la_data_out[23]
  la_data_out[24]
  la_data_out[25]
  la_data_out[26]
  la_data_out[27]
  la_data_out[28]
  la_data_out[29]
  la_data_out[2]
  la_data_out[30]
  la_data_out[31]
  la_data_out[3]
  la_data_out[4]
  la_data_out[5]
  la_data_out[6]
  la_data_out[7]
  la_data_out[8]
  la_data_out[9]
