Clock: clk
Sources: clk 
Generated: no
Virtual: yes
Propagated: no
Period: 25.000000

===========================================================================
report_clock_properties
============================================================================
Clock                   Period          Waveform
----------------------------------------------------
clk                  25.000000    0.000000 12.500000

===========================================================================
report_clock_latency
============================================================================
Clock clk
rise -> rise
    min     max
0.000000 0.000000 source latency
0.399556         network latency _1295_/CLK
        0.407517 network latency _1287_/CLK
---------------
0.399556 0.407517 latency
        0.007960 skew

fall -> fall
    min     max
0.000000 0.000000 source latency
0.361648         network latency _1295_/CLK
        0.367967 network latency _1287_/CLK
---------------
0.361648 0.367967 latency
        0.006319 skew



===========================================================================
report_clock_min_period
============================================================================
clk period_min = 5.34 fmax = 187.40
