Starting…
Running 'Verilator.Lint' at 'ffram/runs/26_03_04_19_34/01-verilator-lint'…
Logging subprocess to [repr.filename]'ffram/runs/26_03_04_19_34/01-verilator-lint/verilator-lint.log'[/repr.filename]…
Running 'Checker.LintTimingConstructs' at 'ffram/runs/26_03_04_19_34/02-checker-linttimingconstructs'…
Check for Lint Timing Errors clear.
Running 'Checker.LintErrors' at 'ffram/runs/26_03_04_19_34/03-checker-linterrors'…
Check for Lint errors clear.
Running 'Checker.LintWarnings' at 'ffram/runs/26_03_04_19_34/04-checker-lintwarnings'…
Check for Lint warnings clear.
Running 'Yosys.JsonHeader' at 'ffram/runs/26_03_04_19_34/05-yosys-jsonheader'…
Logging subprocess to [repr.filename]'ffram/runs/26_03_04_19_34/05-yosys-jsonheader/yosys-jsonheader.log'[/repr.filename]…
Running 'Yosys.Synthesis' at 'ffram/runs/26_03_04_19_34/06-yosys-synthesis'…
Logging subprocess to [repr.filename]'ffram/runs/26_03_04_19_34/06-yosys-synthesis/yosys-synthesis.log'[/repr.filename]…
Parsing synthesis checks…
Running 'Checker.YosysUnmappedCells' at 'ffram/runs/26_03_04_19_34/07-checker-yosysunmappedcells'…
Check for Unmapped Yosys instances clear.
Running 'Checker.YosysSynthChecks' at 'ffram/runs/26_03_04_19_34/08-checker-yosyssynthchecks'…
Check for Yosys check errors clear.
Running 'Checker.NetlistAssignStatements' at 'ffram/runs/26_03_04_19_34/09-checker-netlistassignstatements'…
Running 'OpenROAD.CheckSDCFiles' at 'ffram/runs/26_03_04_19_34/10-openroad-checksdcfiles'…
'PNR_SDC_FILE' is not defined. Using generic fallback SDC for OpenROAD PnR steps.
'SIGNOFF_SDC_FILE' is not defined. Using generic fallback SDC for OpenROAD PnR steps.
Running 'OpenROAD.CheckMacroInstances' at 'ffram/runs/26_03_04_19_34/11-openroad-checkmacroinstances'…
No macros found, skipping instance check…
Running 'OpenROAD.STAPrePNR' at 'ffram/runs/26_03_04_19_34/12-openroad-staprepnr'…
Starting STA for the nom_tt_025C_1v80 timing corner…
Starting STA for the nom_ss_100C_1v60 timing corner…
Starting STA for the nom_ff_n40C_1v95 timing corner…
Logging subprocess to [repr.filename]'ffram/runs/26_03_04_19_34/12-openroad-staprepnr/nom_tt_025C_1v80/sta.log'[/repr.filename]…
Skipping corner min_tt_025C_1v80 for STA (identical to nom_tt_025C_1v80 at this stage)…
Skipping corner min_ss_100C_1v60 for STA (identical to nom_ss_100C_1v60 at this stage)…
Skipping corner min_ff_n40C_1v95 for STA (identical to nom_ff_n40C_1v95 at this stage)…
Logging subprocess to [repr.filename]'ffram/runs/26_03_04_19_34/12-openroad-staprepnr/nom_ss_100C_1v60/sta.log'[/repr.filename]…
Skipping corner max_tt_025C_1v80 for STA (identical to nom_tt_025C_1v80 at this stage)…
Logging subprocess to [repr.filename]'ffram/runs/26_03_04_19_34/12-openroad-staprepnr/nom_ff_n40C_1v95/sta.log'[/repr.filename]…
Skipping corner max_ss_100C_1v60 for STA (identical to nom_ss_100C_1v60 at this stage)…
Skipping corner max_ff_n40C_1v95 for STA (identical to nom_ff_n40C_1v95 at this stage)…
Finished STA for the nom_tt_025C_1v80 timing corner.
Finished STA for the nom_ff_n40C_1v95 timing corner.
Finished STA for the nom_ss_100C_1v60 timing corner.
Running 'OpenROAD.Floorplan' at 'ffram/runs/26_03_04_19_34/13-openroad-floorplan'…
Logging subprocess to [repr.filename]'ffram/runs/26_03_04_19_34/13-openroad-floorplan/openroad-floorplan.log'[/repr.filename]…
Running 'Odb.CheckMacroAntennaProperties' at 'ffram/runs/26_03_04_19_34/14-odb-checkmacroantennaproperties'…
No cells provided, skipping…
Running 'Odb.SetPowerConnections' at 'ffram/runs/26_03_04_19_34/15-odb-setpowerconnections'…
Logging subprocess to [repr.filename]'ffram/runs/26_03_04_19_34/15-odb-setpowerconnections/odb-setpowerconnections.log'[/repr.filename]…
Running 'Odb.ManualMacroPlacement' at 'ffram/runs/26_03_04_19_34/16-odb-manualmacroplacement'…
No instances found, skipping 'Odb.ManualMacroPlacement'…
Running 'OpenROAD.CutRows' at 'ffram/runs/26_03_04_19_34/17-openroad-cutrows'…
Logging subprocess to [repr.filename]'ffram/runs/26_03_04_19_34/17-openroad-cutrows/openroad-cutrows.log'[/repr.filename]…
Running 'OpenROAD.TapEndcapInsertion' at 'ffram/runs/26_03_04_19_34/18-openroad-tapendcapinsertion'…
Logging subprocess to [repr.filename]'ffram/runs/26_03_04_19_34/18-openroad-tapendcapinsertion/openroad-tapendcapinsertion.log'[/repr.filename]…
Running 'Odb.AddPDNObstructions' at 'ffram/runs/26_03_04_19_34/19-odb-addpdnobstructions'…
'PDN_OBSTRUCTIONS' is not defined. Skipping 'Odb.AddPDNObstructions'…
Running 'OpenROAD.GeneratePDN' at 'ffram/runs/26_03_04_19_34/20-openroad-generatepdn'…
'FP_PDN_CFG' not explicitly set, setting it to /nix/store/svkrfkkpaij5qb9xjbcwfymcd4s8hczv-python3-3.11.9-env/lib/python3.11/site-packages/librelane/scripts/openroad/common/pdn_cfg.tcl…
Logging subprocess to [repr.filename]'ffram/runs/26_03_04_19_34/20-openroad-generatepdn/openroad-generatepdn.log'[/repr.filename]…
Running 'Odb.RemovePDNObstructions' at 'ffram/runs/26_03_04_19_34/21-odb-removepdnobstructions'…
'PDN_OBSTRUCTIONS' is not defined. Skipping 'Odb.RemovePDNObstructions'…
Running 'Odb.AddRoutingObstructions' at 'ffram/runs/26_03_04_19_34/22-odb-addroutingobstructions'…
'ROUTING_OBSTRUCTIONS' is not defined. Skipping 'Odb.AddRoutingObstructions'…
Running 'OpenROAD.GlobalPlacementSkipIO' at 'ffram/runs/26_03_04_19_34/23-openroad-globalplacementskipio'…
Logging subprocess to [repr.filename]'ffram/runs/26_03_04_19_34/23-openroad-globalplacementskipio/openroad-globalplacementskipio.log'[/repr.filename]…
Running 'OpenROAD.IOPlacement' at 'ffram/runs/26_03_04_19_34/24-openroad-ioplacement'…
Logging subprocess to [repr.filename]'ffram/runs/26_03_04_19_34/24-openroad-ioplacement/openroad-ioplacement.log'[/repr.filename]…
Running 'Odb.CustomIOPlacement' at 'ffram/runs/26_03_04_19_34/25-odb-customioplacement'…
No custom floorplan file configured, skipping…
Running 'Odb.ApplyDEFTemplate' at 'ffram/runs/26_03_04_19_34/26-odb-applydeftemplate'…
No DEF template provided, skipping…
Running 'OpenROAD.GlobalPlacement' at 'ffram/runs/26_03_04_19_34/27-openroad-globalplacement'…
Logging subprocess to [repr.filename]'ffram/runs/26_03_04_19_34/27-openroad-globalplacement/openroad-globalplacement.log'[/repr.filename]…
Running 'Odb.WriteVerilogHeader' at 'ffram/runs/26_03_04_19_34/28-odb-writeverilogheader'…
Logging subprocess to [repr.filename]'ffram/runs/26_03_04_19_34/28-odb-writeverilogheader/odb-writeverilogheader.log'[/repr.filename]…
Running 'Checker.PowerGridViolations' at 'ffram/runs/26_03_04_19_34/29-checker-powergridviolations'…
Check for power grid violations (as reported by OpenROAD PSM- you may ignore these if LVS passes) clear.
Running 'OpenROAD.STAMidPNR' at 'ffram/runs/26_03_04_19_34/30-openroad-stamidpnr'…
Logging subprocess to [repr.filename]'ffram/runs/26_03_04_19_34/30-openroad-stamidpnr/openroad-stamidpnr.log'[/repr.filename]…
[GRT-0097] No global routing found for nets.
Running 'OpenROAD.RepairDesignPostGPL' at 'ffram/runs/26_03_04_19_34/31-openroad-repairdesignpostgpl'…
Logging subprocess to [repr.filename]'ffram/runs/26_03_04_19_34/31-openroad-repairdesignpostgpl/openroad-repairdesignpostgpl.log'[/repr.filename]…
Running 'Odb.ManualGlobalPlacement' at 'ffram/runs/26_03_04_19_34/32-odb-manualglobalplacement'…
'MANUAL_GLOBAL_PLACEMENTS' not set, skipping…
Running 'OpenROAD.DetailedPlacement' at 'ffram/runs/26_03_04_19_34/33-openroad-detailedplacement'…
Logging subprocess to [repr.filename]'ffram/runs/26_03_04_19_34/33-openroad-detailedplacement/openroad-detailedplacement.log'[/repr.filename]…
Running 'OpenROAD.CTS' at 'ffram/runs/26_03_04_19_34/34-openroad-cts'…
Logging subprocess to [repr.filename]'ffram/runs/26_03_04_19_34/34-openroad-cts/openroad-cts.log'[/repr.filename]…
Running 'OpenROAD.STAMidPNR-1' at 'ffram/runs/26_03_04_19_34/35-openroad-stamidpnr-1'…
Logging subprocess to [repr.filename]'ffram/runs/26_03_04_19_34/35-openroad-stamidpnr-1/openroad-stamidpnr-1.log'[/repr.filename]…
[GRT-0097] No global routing found for nets.
Running 'OpenROAD.ResizerTimingPostCTS' at 'ffram/runs/26_03_04_19_34/36-openroad-resizertimingpostcts'…
Logging subprocess to [repr.filename]'ffram/runs/26_03_04_19_34/36-openroad-resizertimingpostcts/openroad-resizertimingpostcts.log'[/repr.filename]…
Running 'OpenROAD.STAMidPNR-2' at 'ffram/runs/26_03_04_19_34/37-openroad-stamidpnr-2'…
Logging subprocess to [repr.filename]'ffram/runs/26_03_04_19_34/37-openroad-stamidpnr-2/openroad-stamidpnr-2.log'[/repr.filename]…
[GRT-0097] No global routing found for nets.
Running 'OpenROAD.GlobalRouting' at 'ffram/runs/26_03_04_19_34/38-openroad-globalrouting'…
Logging subprocess to [repr.filename]'ffram/runs/26_03_04_19_34/38-openroad-globalrouting/openroad-globalrouting.log'[/repr.filename]…
Running 'OpenROAD.CheckAntennas' at 'ffram/runs/26_03_04_19_34/39-openroad-checkantennas'…
Logging subprocess to [repr.filename]'ffram/runs/26_03_04_19_34/39-openroad-checkantennas/openroad-checkantennas.log'[/repr.filename]…
Gating variable for step 'OpenROAD.RepairDesignPostGRT' set to 'False'- the step will be skipped.
Skipping step 'Repair Design (Post-Global Routing)'…
Running 'Odb.DiodesOnPorts' at 'ffram/runs/26_03_04_19_34/40-odb-diodesonports'…
'DIODE_ON_PORTS' is set to 'none': skipping…
Running 'Odb.HeuristicDiodeInsertion' at 'ffram/runs/26_03_04_19_34/41-odb-heuristicdiodeinsertion'…
Running 'Odb.FuzzyDiodePlacement' at 'ffram/runs/26_03_04_19_34/41-odb-heuristicdiodeinsertion/1-odb-fuzzydiodeplacement'…
'GPL_CELL_PADDING' is set to 0. This step may cause overlap failures.
Logging subprocess to [repr.filename]'ffram/runs/26_03_04_19_34/41-odb-heuristicdiodeinsertion/1-odb-fuzzydiodeplacement/odb-fuzzydiodeplacement.log'[/repr.filename]…
Running 'OpenROAD.DetailedPlacement' at 'ffram/runs/26_03_04_19_34/41-odb-heuristicdiodeinsertion/2-openroad-detailedplacement'…
Logging subprocess to [repr.filename]'ffram/runs/26_03_04_19_34/41-odb-heuristicdiodeinsertion/2-openroad-detailedplacement/openroad-detailedplacement.log'[/repr.filename]…
Running 'OpenROAD.GlobalRouting' at 'ffram/runs/26_03_04_19_34/41-odb-heuristicdiodeinsertion/3-openroad-globalrouting'…
Logging subprocess to [repr.filename]'ffram/runs/26_03_04_19_34/41-odb-heuristicdiodeinsertion/3-openroad-globalrouting/openroad-globalrouting.log'[/repr.filename]…
Running 'OpenROAD.RepairAntennas' at 'ffram/runs/26_03_04_19_34/42-openroad-repairantennas'…
Running 'OpenROAD.DiodeInsertion' at 'ffram/runs/26_03_04_19_34/42-openroad-repairantennas/1-openroad-diodeinsertion'…
Logging subprocess to [repr.filename]'ffram/runs/26_03_04_19_34/42-openroad-repairantennas/1-openroad-diodeinsertion/openroad-diodeinsertion.log'[/repr.filename]…
Running 'OpenROAD.CheckAntennas' at 'ffram/runs/26_03_04_19_34/42-openroad-repairantennas/2-openroad-checkantennas'…
Logging subprocess to [repr.filename]'ffram/runs/26_03_04_19_34/42-openroad-repairantennas/2-openroad-checkantennas/openroad-checkantennas.log'[/repr.filename]…
Gating variable for step 'OpenROAD.ResizerTimingPostGRT' set to 'False'- the step will be skipped.
Skipping step 'Resizer Timing Optimizations (Post-Global Routing)'…
Running 'OpenROAD.STAMidPNR-3' at 'ffram/runs/26_03_04_19_34/43-openroad-stamidpnr-3'…
Logging subprocess to [repr.filename]'ffram/runs/26_03_04_19_34/43-openroad-stamidpnr-3/openroad-stamidpnr-3.log'[/repr.filename]…
Running 'OpenROAD.DetailedRouting' at 'ffram/runs/26_03_04_19_34/44-openroad-detailedrouting'…
Running TritonRoute with 24 threads…
Logging subprocess to [repr.filename]'ffram/runs/26_03_04_19_34/44-openroad-detailedrouting/openroad-detailedrouting.log'[/repr.filename]…
[DRT-0349] LEF58_ENCLOSURE with no CUTCLASS is not supported. Skipping for layer mcon
[DRT-0349] LEF58_ENCLOSURE with no CUTCLASS is not supported. Skipping for layer mcon
[DRT-0349] LEF58_ENCLOSURE with no CUTCLASS is not supported. Skipping for layer via
[DRT-0349] LEF58_ENCLOSURE with no CUTCLASS is not supported. Skipping for layer via
[DRT-0349] LEF58_ENCLOSURE with no CUTCLASS is not supported. Skipping for layer via2
[DRT-0349] LEF58_ENCLOSURE with no CUTCLASS is not supported. Skipping for layer via2
[DRT-0349] LEF58_ENCLOSURE with no CUTCLASS is not supported. Skipping for layer via3
[DRT-0349] LEF58_ENCLOSURE with no CUTCLASS is not supported. Skipping for layer via3
[DRT-0349] LEF58_ENCLOSURE with no CUTCLASS is not supported. Skipping for layer via4
[DRT-0349] LEF58_ENCLOSURE with no CUTCLASS is not supported. Skipping for layer via4
Running 'Odb.RemoveRoutingObstructions' at 'ffram/runs/26_03_04_19_34/45-odb-removeroutingobstructions'…
'ROUTING_OBSTRUCTIONS' is not defined. Skipping 'Odb.RemoveRoutingObstructions'…
Running 'OpenROAD.CheckAntennas-1' at 'ffram/runs/26_03_04_19_34/46-openroad-checkantennas-1'…
Logging subprocess to [repr.filename]'ffram/runs/26_03_04_19_34/46-openroad-checkantennas-1/openroad-checkantennas-1.log'[/repr.filename]…
Running 'Checker.TrDRC' at 'ffram/runs/26_03_04_19_34/47-checker-trdrc'…
Check for Routing DRC errors clear.
Running 'Odb.ReportDisconnectedPins' at 'ffram/runs/26_03_04_19_34/48-odb-reportdisconnectedpins'…
Logging subprocess to [repr.filename]'ffram/runs/26_03_04_19_34/48-odb-reportdisconnectedpins/odb-reportdisconnectedpins.log'[/repr.filename]…
Running 'Checker.DisconnectedPins' at 'ffram/runs/26_03_04_19_34/49-checker-disconnectedpins'…
Check for critical disconnected pins clear.
Running 'Odb.ReportWireLength' at 'ffram/runs/26_03_04_19_34/50-odb-reportwirelength'…
Logging subprocess to [repr.filename]'ffram/runs/26_03_04_19_34/50-odb-reportwirelength/odb-reportwirelength.log'[/repr.filename]…
Running 'Checker.WireLength' at 'ffram/runs/26_03_04_19_34/51-checker-wirelength'…
Threshold for Threshold-surpassing long wires is not set. The checker will be skipped.
Running 'OpenROAD.FillInsertion' at 'ffram/runs/26_03_04_19_34/52-openroad-fillinsertion'…
Logging subprocess to [repr.filename]'ffram/runs/26_03_04_19_34/52-openroad-fillinsertion/openroad-fillinsertion.log'[/repr.filename]…
Running 'Odb.CellFrequencyTables' at 'ffram/runs/26_03_04_19_34/53-odb-cellfrequencytables'…
Logging subprocess to [repr.filename]'ffram/runs/26_03_04_19_34/53-odb-cellfrequencytables/buffer_list.txt'[/repr.filename]…
Logging subprocess to [repr.filename]'ffram/runs/26_03_04_19_34/53-odb-cellfrequencytables/odb-cellfrequencytables.log'[/repr.filename]…
Running 'OpenROAD.RCX' at 'ffram/runs/26_03_04_19_34/54-openroad-rcx'…
Running RCX for corners matching nom_* (/home/ajwey/CI2605_stuff/nebula-iii/openlane/ffram/runs/26_03_04_19_34/54-openroad-rcx/nom/rcx.log)…
Running RCX for corners matching min_* (/home/ajwey/CI2605_stuff/nebula-iii/openlane/ffram/runs/26_03_04_19_34/54-openroad-rcx/min/rcx.log)…
Running RCX for corners matching max_* (/home/ajwey/CI2605_stuff/nebula-iii/openlane/ffram/runs/26_03_04_19_34/54-openroad-rcx/max/rcx.log)…
Logging subprocess to [repr.filename]'ffram/runs/26_03_04_19_34/54-openroad-rcx/min/rcx.log'[/repr.filename]…
Logging subprocess to [repr.filename]'ffram/runs/26_03_04_19_34/54-openroad-rcx/max/rcx.log'[/repr.filename]…
Logging subprocess to [repr.filename]'ffram/runs/26_03_04_19_34/54-openroad-rcx/nom/rcx.log'[/repr.filename]…
Finished RCX for corners matching max_*.
Finished RCX for corners matching nom_*.
Finished RCX for corners matching min_*.
Running 'OpenROAD.STAPostPNR' at 'ffram/runs/26_03_04_19_34/55-openroad-stapostpnr'…
Starting STA for the nom_tt_025C_1v80 timing corner…
Starting STA for the nom_ss_100C_1v60 timing corner…
Starting STA for the nom_ff_n40C_1v95 timing corner…
Logging subprocess to [repr.filename]'ffram/runs/26_03_04_19_34/55-openroad-stapostpnr/nom_ss_100C_1v60/sta.log'[/repr.filename]…
Starting STA for the min_tt_025C_1v80 timing corner…
Logging subprocess to [repr.filename]'ffram/runs/26_03_04_19_34/55-openroad-stapostpnr/nom_tt_025C_1v80/sta.log'[/repr.filename]…
Starting STA for the min_ss_100C_1v60 timing corner…
Starting STA for the min_ff_n40C_1v95 timing corner…
Logging subprocess to [repr.filename]'ffram/runs/26_03_04_19_34/55-openroad-stapostpnr/nom_ff_n40C_1v95/sta.log'[/repr.filename]…
Logging subprocess to [repr.filename]'ffram/runs/26_03_04_19_34/55-openroad-stapostpnr/min_tt_025C_1v80/sta.log'[/repr.filename]…
Starting STA for the max_tt_025C_1v80 timing corner…
Starting STA for the max_ss_100C_1v60 timing corner…
Logging subprocess to [repr.filename]'ffram/runs/26_03_04_19_34/55-openroad-stapostpnr/min_ss_100C_1v60/sta.log'[/repr.filename]…
Starting STA for the max_ff_n40C_1v95 timing corner…
Logging subprocess to [repr.filename]'ffram/runs/26_03_04_19_34/55-openroad-stapostpnr/min_ff_n40C_1v95/sta.log'[/repr.filename]…
Logging subprocess to [repr.filename]'ffram/runs/26_03_04_19_34/55-openroad-stapostpnr/max_tt_025C_1v80/sta.log'[/repr.filename]…
Logging subprocess to [repr.filename]'ffram/runs/26_03_04_19_34/55-openroad-stapostpnr/max_ff_n40C_1v95/sta.log'[/repr.filename]…
Logging subprocess to [repr.filename]'ffram/runs/26_03_04_19_34/55-openroad-stapostpnr/max_ss_100C_1v60/sta.log'[/repr.filename]…
Finished STA for the min_ss_100C_1v60 timing corner.
Logging subprocess to [repr.filename]'ffram/runs/26_03_04_19_34/55-openroad-stapostpnr/min_ss_100C_1v60/filter_unannotated.log'[/repr.filename]…
Finished STA for the min_tt_025C_1v80 timing corner.
Logging subprocess to [repr.filename]'ffram/runs/26_03_04_19_34/55-openroad-stapostpnr/min_tt_025C_1v80/filter_unannotated.log'[/repr.filename]…
Finished STA for the nom_tt_025C_1v80 timing corner.
Logging subprocess to [repr.filename]'ffram/runs/26_03_04_19_34/55-openroad-stapostpnr/nom_tt_025C_1v80/filter_unannotated.log'[/repr.filename]…
Finished STA for the min_ff_n40C_1v95 timing corner.
Logging subprocess to [repr.filename]'ffram/runs/26_03_04_19_34/55-openroad-stapostpnr/min_ff_n40C_1v95/filter_unannotated.log'[/repr.filename]…
Finished STA for the nom_ff_n40C_1v95 timing corner.
Logging subprocess to [repr.filename]'ffram/runs/26_03_04_19_34/55-openroad-stapostpnr/nom_ff_n40C_1v95/filter_unannotated.log'[/repr.filename]…
Finished STA for the nom_ss_100C_1v60 timing corner.
Logging subprocess to [repr.filename]'ffram/runs/26_03_04_19_34/55-openroad-stapostpnr/nom_ss_100C_1v60/filter_unannotated.log'[/repr.filename]…
Finished STA for the max_ff_n40C_1v95 timing corner.
Logging subprocess to [repr.filename]'ffram/runs/26_03_04_19_34/55-openroad-stapostpnr/max_ff_n40C_1v95/filter_unannotated.log'[/repr.filename]…
Finished STA for the max_tt_025C_1v80 timing corner.
Logging subprocess to [repr.filename]'ffram/runs/26_03_04_19_34/55-openroad-stapostpnr/max_tt_025C_1v80/filter_unannotated.log'[/repr.filename]…
Finished STA for the max_ss_100C_1v60 timing corner.
Logging subprocess to [repr.filename]'ffram/runs/26_03_04_19_34/55-openroad-stapostpnr/max_ss_100C_1v60/filter_unannotated.log'[/repr.filename]…
Running 'OpenROAD.IRDropReport' at 'ffram/runs/26_03_04_19_34/56-openroad-irdropreport'…
'VSRC_LOC_FILES' was not given a value, which may make the results of IR drop analysis inaccurate. If you are not integrating a top-level chip for manufacture, you may ignore this warning, otherwise, see the documentation for 'VSRC_LOC_FILES'.
Logging subprocess to [repr.filename]'ffram/runs/26_03_04_19_34/56-openroad-irdropreport/openroad-irdropreport.log'[/repr.filename]…
[INFO PSM-0040] All shapes on net vccd1 are connected.
########## IR report #################
Net              : vccd1
Corner           : nom_tt_025C_1v80
Supply voltage   : 1.80e+00 V
Worstcase voltage: 1.80e+00 V
Average voltage  : 1.80e+00 V
Average IR drop  : 8.46e-05 V
Worstcase IR drop: 3.51e-04 V
Percentage drop  : 0.02 %
######################################
[INFO PSM-0040] All shapes on net vssd1 are connected.
########## IR report #################
Net              : vssd1
Corner           : nom_tt_025C_1v80
Supply voltage   : 0.00e+00 V
Worstcase voltage: 3.21e-04 V
Average voltage  : 8.48e-05 V
Average IR drop  : 8.48e-05 V
Worstcase IR drop: 3.21e-04 V
Percentage drop  : 0.02 %
######################################

Running 'Magic.StreamOut' at 'ffram/runs/26_03_04_19_34/57-magic-streamout'…
Logging subprocess to [repr.filename]'ffram/runs/26_03_04_19_34/57-magic-streamout/magic-streamout.log'[/repr.filename]…
Running 'KLayout.StreamOut' at 'ffram/runs/26_03_04_19_34/58-klayout-streamout'…
Logging subprocess to [repr.filename]'ffram/runs/26_03_04_19_34/58-klayout-streamout/klayout-streamout.log'[/repr.filename]…
Running 'Magic.WriteLEF' at 'ffram/runs/26_03_04_19_34/59-magic-writelef'…
Logging subprocess to [repr.filename]'ffram/runs/26_03_04_19_34/59-magic-writelef/magic-writelef.log'[/repr.filename]…
Running 'Odb.CheckDesignAntennaProperties' at 'ffram/runs/26_03_04_19_34/60-odb-checkdesignantennaproperties'…
Logging subprocess to [repr.filename]'ffram/runs/26_03_04_19_34/60-odb-checkdesignantennaproperties/odb-checkdesignantennaproperties.log'[/repr.filename]…
Running 'KLayout.XOR' at 'ffram/runs/26_03_04_19_34/61-klayout-xor'…
Running XOR with 24 threads…
Logging subprocess to [repr.filename]'ffram/runs/26_03_04_19_34/61-klayout-xor/klayout-xor.log'[/repr.filename]…
Running 'Checker.XOR' at 'ffram/runs/26_03_04_19_34/62-checker-xor'…
Check for XOR differences clear.
Running 'Magic.DRC' at 'ffram/runs/26_03_04_19_34/63-magic-drc'…
Logging subprocess to [repr.filename]'ffram/runs/26_03_04_19_34/63-magic-drc/magic-drc.log'[/repr.filename]…
Running 'KLayout.DRC' at 'ffram/runs/26_03_04_19_34/64-klayout-drc'…
Running KLayout DRC with 24 threads…
Logging subprocess to [repr.filename]'ffram/runs/26_03_04_19_34/64-klayout-drc/klayout-drc.log'[/repr.filename]…
Logging subprocess to [repr.filename]'ffram/runs/26_03_04_19_34/64-klayout-drc/xml_drc_report_to_json.log'[/repr.filename]…
Running 'Checker.MagicDRC' at 'ffram/runs/26_03_04_19_34/65-checker-magicdrc'…
Check for Magic DRC errors clear.
Running 'Checker.KLayoutDRC' at 'ffram/runs/26_03_04_19_34/66-checker-klayoutdrc'…
Check for KLayout DRC errors clear.
Running 'Magic.SpiceExtraction' at 'ffram/runs/26_03_04_19_34/67-magic-spiceextraction'…
Logging subprocess to [repr.filename]'ffram/runs/26_03_04_19_34/67-magic-spiceextraction/magic-spiceextraction.log'[/repr.filename]…
Running 'Checker.IllegalOverlap' at 'ffram/runs/26_03_04_19_34/68-checker-illegaloverlap'…
Check for Magic Illegal Overlap errors clear.
Running 'Netgen.LVS' at 'ffram/runs/26_03_04_19_34/69-netgen-lvs'…
Logging subprocess to [repr.filename]'ffram/runs/26_03_04_19_34/69-netgen-lvs/netgen-lvs.log'[/repr.filename]…
Running 'Checker.LVS' at 'ffram/runs/26_03_04_19_34/70-checker-lvs'…
Check for LVS errors clear.
Gating variable for step 'Yosys.EQY' set to 'False'- the step will be skipped.
Skipping step 'Equivalence Check'…
Running 'Checker.SetupViolations' at 'ffram/runs/26_03_04_19_34/71-checker-setupviolations'…
No setup violations found
Running 'Checker.HoldViolations' at 'ffram/runs/26_03_04_19_34/72-checker-holdviolations'…
No hold violations found
Running 'Checker.MaxSlewViolations' at 'ffram/runs/26_03_04_19_34/73-checker-maxslewviolations'…
Max Slew violations found in the following corners:
* max_ff_n40C_1v95
* max_ss_100C_1v60
* max_tt_025C_1v80
* min_ff_n40C_1v95
* min_ss_100C_1v60
* min_tt_025C_1v80
* nom_ff_n40C_1v95
* nom_ss_100C_1v60
* nom_tt_025C_1v80
No max slew violations found
Running 'Checker.MaxCapViolations' at 'ffram/runs/26_03_04_19_34/74-checker-maxcapviolations'…
Max Cap violations found in the following corners:
* max_ff_n40C_1v95
* max_ss_100C_1v60
* max_tt_025C_1v80
* min_ff_n40C_1v95
* min_ss_100C_1v60
* min_tt_025C_1v80
* nom_ff_n40C_1v95
* nom_ss_100C_1v60
* nom_tt_025C_1v80
No max cap violations found
Running 'Misc.ReportManufacturability' at 'ffram/runs/26_03_04_19_34/75-misc-reportmanufacturability'…
Saving views to '/home/ajwey/CI2605_stuff/nebula-iii/openlane/ffram/runs/26_03_04_19_34/final'…
Flow complete.
