Clock: clk
Sources: clk 
Generated: no
Virtual: yes
Propagated: no
Period: 100.000000

===========================================================================
report_clock_properties
============================================================================
Clock                   Period          Waveform
----------------------------------------------------
clk                 100.000000    0.000000 50.000000

===========================================================================
report_clock_latency
============================================================================
Clock clk
rise -> rise
    min     max
0.000000 0.000000 source latency
0.815033         network latency _16549_/CLK
        0.974009 network latency _16458_/CLK
---------------
0.815033 0.974009 latency
        0.158976 skew

rise -> fall
    min     max
0.000000 0.000000 source latency
0.794446         network latency _15098_/CLK
        1.036503 network latency _16200_/CLK
---------------
0.794446 1.036503 latency
        0.242057 skew

fall -> rise
    min     max
0.000000 0.000000 source latency
0.642604         network latency _15098_/CLK
        0.850342 network latency _16200_/CLK
---------------
0.642604 0.850342 latency
        0.207738 skew

fall -> fall
    min     max
0.000000 0.000000 source latency
0.610395         network latency _16549_/CLK
        0.771426 network latency _16458_/CLK
---------------
0.610395 0.771426 latency
        0.161030 skew



===========================================================================
report_clock_min_period
============================================================================
clk period_min = 9.58 fmax = 104.44
