Clock: clk
Sources: clk 
Generated: no
Virtual: yes
Propagated: no
Period: 25.000000

===========================================================================
report_clock_properties
============================================================================
Clock                   Period          Waveform
----------------------------------------------------
clk                  25.000000    0.000000 12.500000

===========================================================================
report_clock_latency
============================================================================
Clock clk
rise -> rise
    min     max
0.000000 0.000000 source latency
0.675312         network latency _2712_/CLK
        0.711226 network latency _2794_/CLK
---------------
0.675312 0.711226 latency
        0.035915 skew

fall -> fall
    min     max
0.000000 0.000000 source latency
0.601092         network latency _2712_/CLK
        0.627987 network latency _2794_/CLK
---------------
0.601092 0.627987 latency
        0.026896 skew



===========================================================================
report_clock_min_period
============================================================================
clk period_min = 5.02 fmax = 199.07
