Clock: clk
Sources: clk 
Generated: no
Virtual: yes
Propagated: no
Period: 25.000000

===========================================================================
report_clock_properties
============================================================================
Clock                   Period          Waveform
----------------------------------------------------
clk                  25.000000    0.000000 12.500000

===========================================================================
report_clock_latency
============================================================================
Clock clk
rise -> rise
    min     max
0.000000 0.000000 source latency
0.312164         network latency _1027_/CLK
        0.321564 network latency _0952_/CLK
---------------
0.312164 0.321564 latency
        0.009400 skew

fall -> fall
    min     max
0.000000 0.000000 source latency
0.272655         network latency _1027_/CLK
        0.279764 network latency _0952_/CLK
---------------
0.272655 0.279764 latency
        0.007109 skew



===========================================================================
report_clock_min_period
============================================================================
clk period_min = 2.27 fmax = 439.87
