
===========================================================================
report_checks -unconstrained
===========================================================================
======================= min_ss_100C_1v60 Corner ===================================

Startpoint: nrst (input port clocked by clk)
Endpoint: _2499_ (recovery check against rising-edge clock clk)
Path Group: asynchronous
Path Type: max

Fanout         Cap        Slew       Delay        Time   Description
---------------------------------------------------------------------------------------------
                                  0.000000    0.000000   clock clk (rise edge)
                                  0.000000    0.000000   clock network delay (propagated)
                                  5.000000    5.000000 ^ input external delay
     2    0.004027    0.040505    0.022237    5.022237 ^ nrst (in)
                                                         nrst (net)
                      0.040505    0.000000    5.022237 ^ input5/A (sky130_fd_sc_hd__clkbuf_2)
     7    0.035007    0.300659    0.344098    5.366334 ^ input5/X (sky130_fd_sc_hd__clkbuf_2)
                                                         net5 (net)
                      0.300659    0.000158    5.366493 ^ fanout153/A (sky130_fd_sc_hd__buf_2)
    13    0.058582    0.453448    0.573571    5.940064 ^ fanout153/X (sky130_fd_sc_hd__buf_2)
                                                         net153 (net)
                      0.453448    0.000136    5.940200 ^ fanout144/A (sky130_fd_sc_hd__buf_2)
     7    0.031660    0.254236    0.490971    6.431171 ^ fanout144/X (sky130_fd_sc_hd__buf_2)
                                                         net144 (net)
                      0.254236    0.000354    6.431525 ^ fanout143/A (sky130_fd_sc_hd__clkbuf_4)
    10    0.046979    0.235407    0.453172    6.884696 ^ fanout143/X (sky130_fd_sc_hd__clkbuf_4)
                                                         net143 (net)
                      0.235407    0.000767    6.885464 ^ fanout142/A (sky130_fd_sc_hd__clkbuf_4)
    10    0.044342    0.223473    0.437453    7.322916 ^ fanout142/X (sky130_fd_sc_hd__clkbuf_4)
                                                         net142 (net)
                      0.223473    0.001012    7.323928 ^ _2499_/RESET_B (sky130_fd_sc_hd__dfrtp_2)
                                              7.323928   data arrival time

                                 25.000000   25.000000   clock clk (rise edge)
                                  0.000000   25.000000   clock source latency
     2    0.028745    0.211164    0.145659   25.145658 ^ clk (in)
                                                         clk (net)
                      0.211177    0.000000   25.145658 ^ clkbuf_0_clk/A (sky130_fd_sc_hd__clkbuf_16)
     9    0.074880    0.140977    0.352816   25.498476 ^ clkbuf_0_clk/X (sky130_fd_sc_hd__clkbuf_16)
                                                         clknet_0_clk (net)
                      0.140981    0.000982   25.499458 ^ clkbuf_2_2__f_clk/A (sky130_fd_sc_hd__clkbuf_16)
    19    0.082530    0.151613    0.328637   25.828094 ^ clkbuf_2_2__f_clk/X (sky130_fd_sc_hd__clkbuf_16)
                                                         clknet_2_2__leaf_clk (net)
                      0.151615    0.000988   25.829082 ^ clkbuf_leaf_23_clk/A (sky130_fd_sc_hd__clkbuf_8)
    16    0.044618    0.140863    0.323814   26.152895 ^ clkbuf_leaf_23_clk/X (sky130_fd_sc_hd__clkbuf_8)
                                                         clknet_leaf_23_clk (net)
                      0.140863    0.000357   26.153254 ^ _2499_/CLK (sky130_fd_sc_hd__dfrtp_2)
                                 -0.250000   25.903254   clock uncertainty
                                  0.000000   25.903254   clock reconvergence pessimism
                                  0.402962   26.306217   library recovery time
                                             26.306217   data required time
---------------------------------------------------------------------------------------------
                                             26.306217   data required time
                                             -7.323928   data arrival time
---------------------------------------------------------------------------------------------
                                             18.982288   slack (MET)


Startpoint: _2778_ (rising edge-triggered flip-flop clocked by clk)
Endpoint: gpio_out[6] (output port clocked by clk)
Path Group: clk
Path Type: max

Fanout         Cap        Slew       Delay        Time   Description
---------------------------------------------------------------------------------------------
                                  0.000000    0.000000   clock clk (rise edge)
                                  0.000000    0.000000   clock source latency
     2    0.028745    0.211164    0.145660    0.145660 ^ clk (in)
                                                         clk (net)
                      0.211177    0.000000    0.145660 ^ clkbuf_0_clk/A (sky130_fd_sc_hd__clkbuf_16)
     9    0.074880    0.140977    0.352816    0.498476 ^ clkbuf_0_clk/X (sky130_fd_sc_hd__clkbuf_16)
                                                         clknet_0_clk (net)
                      0.141002    0.001863    0.500339 ^ clkbuf_2_0__f_clk/A (sky130_fd_sc_hd__clkbuf_16)
    19    0.090346    0.162800    0.337354    0.837694 ^ clkbuf_2_0__f_clk/X (sky130_fd_sc_hd__clkbuf_16)
                                                         clknet_2_0__leaf_clk (net)
                      0.162814    0.001624    0.839318 ^ clkbuf_leaf_0_clk/A (sky130_fd_sc_hd__clkbuf_8)
    10    0.045327    0.142608    0.330282    1.169600 ^ clkbuf_leaf_0_clk/X (sky130_fd_sc_hd__clkbuf_8)
                                                         clknet_leaf_0_clk (net)
                      0.142608    0.000399    1.169998 ^ _2778_/CLK (sky130_fd_sc_hd__dfrtp_4)
    10    0.041768    0.199797    1.145583    2.315582 v _2778_/Q (sky130_fd_sc_hd__dfrtp_4)
                                                         CALC_INST.input_ctrl_inst.col_index[1] (net)
                      0.199797    0.000334    2.315916 v _2253_/A (sky130_fd_sc_hd__or4_2)
     5    0.016036    0.313584    1.775390    4.091306 v _2253_/X (sky130_fd_sc_hd__or4_2)
                                                         _0415_ (net)
                      0.313584    0.000173    4.091479 v _2255_/C (sky130_fd_sc_hd__or4_1)
     3    0.005864    0.224038    1.245773    5.337253 v _2255_/X (sky130_fd_sc_hd__or4_1)
                                                         _0417_ (net)
                      0.224038    0.000042    5.337294 v _2258_/C (sky130_fd_sc_hd__or3_1)
     3    0.010255    0.213063    0.878052    6.215347 v _2258_/X (sky130_fd_sc_hd__or3_1)
                                                         _0420_ (net)
                      0.213063    0.000035    6.215382 v _2264_/A (sky130_fd_sc_hd__and3_1)
     1    0.002209    0.066007    0.351203    6.566585 v _2264_/X (sky130_fd_sc_hd__and3_1)
                                                         _0426_ (net)
                      0.066007    0.000023    6.566607 v _2279_/A_N (sky130_fd_sc_hd__and4b_1)
     3    0.009889    0.197655    0.581376    7.147983 ^ _2279_/X (sky130_fd_sc_hd__and4b_1)
                                                         _0441_ (net)
                      0.197655    0.000103    7.148086 ^ _2288_/C1 (sky130_fd_sc_hd__o211ai_1)
     3    0.006523    0.240371    0.287387    7.435473 v _2288_/Y (sky130_fd_sc_hd__o211ai_1)
                                                         _0450_ (net)
                      0.240371    0.000056    7.435529 v _2293_/C (sky130_fd_sc_hd__or3_1)
     3    0.010142    0.211943    0.882998    8.318527 v _2293_/X (sky130_fd_sc_hd__or3_1)
                                                         _0454_ (net)
                      0.211943    0.000224    8.318751 v _2296_/B (sky130_fd_sc_hd__or3b_1)
     1    0.001783    0.127107    0.827335    9.146086 v _2296_/X (sky130_fd_sc_hd__or3b_1)
                                                         net27 (net)
                      0.127107    0.000007    9.146093 v output27/A (sky130_fd_sc_hd__buf_2)
     1    0.034073    0.165030    0.371552    9.517645 v output27/X (sky130_fd_sc_hd__buf_2)
                                                         gpio_out[6] (net)
                      0.165030    0.000242    9.517887 v gpio_out[6] (out)
                                              9.517887   data arrival time

                                 25.000000   25.000000   clock clk (rise edge)
                                  0.000000   25.000000   clock network delay (propagated)
                                 -0.250000   24.750000   clock uncertainty
                                  0.000000   24.750000   clock reconvergence pessimism
                                 -5.000000   19.750000   output external delay
                                             19.750000   data required time
---------------------------------------------------------------------------------------------
                                             19.750000   data required time
                                             -9.517887   data arrival time
---------------------------------------------------------------------------------------------
                                             10.232112   slack (MET)




===========================================================================
report_checks --slack_max -0.01
============================================================================
======================= min_ss_100C_1v60 Corner ===================================

No paths found.


===========================================================================
 report_check_types -max_slew -max_cap -max_fanout -violators
============================================================================
======================= min_ss_100C_1v60 Corner ===================================

max slew

Pin                                        Limit        Slew       Slack
------------------------------------------------------------------------
ANTENNA__1266__A2/DIODE                 0.750000    0.894980   -0.144980 (VIOLATED)
_1266_/A2                               0.750000    0.894980   -0.144980 (VIOLATED)
ANTENNA__1252__A2/DIODE                 0.750000    0.894980   -0.144980 (VIOLATED)
ANTENNA__1269__A2/DIODE                 0.750000    0.894980   -0.144980 (VIOLATED)
_1269_/A2                               0.750000    0.894980   -0.144980 (VIOLATED)
_1252_/A2                               0.750000    0.894980   -0.144980 (VIOLATED)
_1272_/A2                               0.750000    0.894978   -0.144978 (VIOLATED)
ANTENNA__1272__A2/DIODE                 0.750000    0.894977   -0.144977 (VIOLATED)
ANTENNA__2226__Y/DIODE                  0.750000    0.894975   -0.144975 (VIOLATED)
ANTENNA__2233__A1/DIODE                 0.750000    0.894975   -0.144975 (VIOLATED)
ANTENNA__2468__B/DIODE                  0.750000    0.894975   -0.144975 (VIOLATED)
_2226_/Y                                0.750000    0.894975   -0.144975 (VIOLATED)
_2233_/A1                               0.750000    0.894975   -0.144975 (VIOLATED)
_2468_/B                                0.750000    0.894975   -0.144975 (VIOLATED)
_2470_/B                                0.750000    0.788340   -0.038340 (VIOLATED)
ANTENNA__2470__B/DIODE                  0.750000    0.788340   -0.038340 (VIOLATED)
ANTENNA__1266__C1/DIODE                 0.750000    0.788340   -0.038340 (VIOLATED)
_1266_/C1                               0.750000    0.788340   -0.038340 (VIOLATED)
_1269_/C1                               0.750000    0.788339   -0.038339 (VIOLATED)
ANTENNA__1269__C1/DIODE                 0.750000    0.788338   -0.038338 (VIOLATED)
ANTENNA__1252__C1/DIODE                 0.750000    0.788337   -0.038337 (VIOLATED)
_1252_/C1                               0.750000    0.788337   -0.038337 (VIOLATED)
_1272_/C1                               0.750000    0.788336   -0.038336 (VIOLATED)
ANTENNA__1272__C1/DIODE                 0.750000    0.788336   -0.038336 (VIOLATED)
ANTENNA__1276__A_N/DIODE                0.750000    0.788330   -0.038330 (VIOLATED)
ANTENNA__2468__Y/DIODE                  0.750000    0.788330   -0.038330 (VIOLATED)
_1276_/A_N                              0.750000    0.788330   -0.038330 (VIOLATED)
_2468_/Y                                0.750000    0.788330   -0.038330 (VIOLATED)
_2252_/Y                                0.750000    0.762605   -0.012605 (VIOLATED)
_2269_/B1                               0.750000    0.762605   -0.012605 (VIOLATED)
max_cap74/A                             0.750000    0.762605   -0.012605 (VIOLATED)

max fanout

Pin                                   Limit Fanout  Slack
---------------------------------------------------------
_2239_/X                                 10     21    -11 (VIOLATED)
_2240_/Y                                 10     21    -11 (VIOLATED)
_2381_/X                                 10     21    -11 (VIOLATED)
_2487_/Q                                 10     21    -11 (VIOLATED)
fanout100/X                              10     21    -11 (VIOLATED)
fanout103/X                              10     21    -11 (VIOLATED)
fanout109/X                              10     21    -11 (VIOLATED)
fanout41/X                               10     21    -11 (VIOLATED)
fanout48/X                               10     21    -11 (VIOLATED)
fanout54/X                               10     21    -11 (VIOLATED)
fanout56/X                               10     21    -11 (VIOLATED)
fanout57/X                               10     21    -11 (VIOLATED)
fanout58/X                               10     21    -11 (VIOLATED)
fanout73/X                               10     21    -11 (VIOLATED)
fanout75/X                               10     21    -11 (VIOLATED)
fanout77/X                               10     21    -11 (VIOLATED)
fanout82/X                               10     21    -11 (VIOLATED)
fanout84/X                               10     21    -11 (VIOLATED)
fanout86/X                               10     21    -11 (VIOLATED)
fanout91/X                               10     21    -11 (VIOLATED)
_2231_/X                                 10     19     -9 (VIOLATED)
clkbuf_2_0__f_clk/X                      10     19     -9 (VIOLATED)
clkbuf_2_1__f_clk/X                      10     19     -9 (VIOLATED)
clkbuf_2_2__f_clk/X                      10     19     -9 (VIOLATED)
clkbuf_2_3__f_clk/X                      10     19     -9 (VIOLATED)
clkbuf_leaf_32_clk/X                     10     19     -9 (VIOLATED)
fanout35/X                               10     19     -9 (VIOLATED)
fanout63/X                               10     19     -9 (VIOLATED)
fanout96/X                               10     19     -9 (VIOLATED)
clkbuf_leaf_26_clk/X                     10     18     -8 (VIOLATED)
clkbuf_leaf_31_clk/X                     10     18     -8 (VIOLATED)
_2382_/X                                 10     17     -7 (VIOLATED)
_2500_/Q                                 10     17     -7 (VIOLATED)
clkbuf_leaf_11_clk/X                     10     17     -7 (VIOLATED)
clkbuf_leaf_21_clk/X                     10     17     -7 (VIOLATED)
clkbuf_leaf_18_clk/X                     10     16     -6 (VIOLATED)
clkbuf_leaf_23_clk/X                     10     16     -6 (VIOLATED)
clkbuf_leaf_2_clk/X                      10     16     -6 (VIOLATED)
clkbuf_leaf_3_clk/X                      10     16     -6 (VIOLATED)
_2493_/Q                                 10     15     -5 (VIOLATED)
clkbuf_leaf_5_clk/X                      10     15     -5 (VIOLATED)
fanout106/X                              10     15     -5 (VIOLATED)
fanout94/X                               10     15     -5 (VIOLATED)
clkbuf_leaf_13_clk/X                     10     14     -4 (VIOLATED)
clkbuf_leaf_22_clk/X                     10     14     -4 (VIOLATED)
clkbuf_leaf_24_clk/X                     10     14     -4 (VIOLATED)
clkbuf_leaf_8_clk/X                      10     14     -4 (VIOLATED)
clkbuf_leaf_9_clk/X                      10     14     -4 (VIOLATED)
_2209_/Y                                 10     13     -3 (VIOLATED)
_2226_/Y                                 10     13     -3 (VIOLATED)
_2468_/Y                                 10     13     -3 (VIOLATED)
_2499_/Q                                 10     13     -3 (VIOLATED)
clkbuf_leaf_30_clk/X                     10     13     -3 (VIOLATED)
clkbuf_leaf_6_clk/X                      10     13     -3 (VIOLATED)
fanout112/X                              10     13     -3 (VIOLATED)
fanout153/X                              10     13     -3 (VIOLATED)
clkbuf_leaf_1_clk/X                      10     12     -2 (VIOLATED)
clkbuf_leaf_7_clk/X                      10     12     -2 (VIOLATED)
clkbuf_leaf_19_clk/X                     10     11        (VIOLATED)
clkbuf_leaf_28_clk/X                     10     11        (VIOLATED)
clkbuf_leaf_29_clk/X                     10     11        (VIOLATED)
clkbuf_leaf_4_clk/X                      10     11        (VIOLATED)
fanout123/X                              10     11        (VIOLATED)
fanout132/X                              10     11        (VIOLATED)
fanout71/X                               10     11        (VIOLATED)



===========================================================================
report_parasitic_annotation -report_unannotated
============================================================================
Found 106 unannotated drivers.
 en
 gpio_in[10]
 gpio_in[11]
 gpio_in[12]
 gpio_in[13]
 gpio_in[14]
 gpio_in[15]
 gpio_in[16]
 gpio_in[17]
 gpio_in[18]
 gpio_in[19]
 gpio_in[20]
 gpio_in[21]
 gpio_in[22]
 gpio_in[23]
 gpio_in[24]
 gpio_in[25]
 gpio_in[26]
 gpio_in[27]
 gpio_in[28]
 gpio_in[29]
 gpio_in[30]
 gpio_in[31]
 gpio_in[32]
 gpio_in[33]
 gpio_in[4]
 gpio_in[5]
 gpio_in[6]
 gpio_in[7]
 gpio_in[8]
 gpio_in[9]
 clkload0/X
 clkload1/Y
 clkload10/Y
 clkload11/Y
 clkload12/Y
 clkload13/Y
 clkload14/Y
 clkload15/Y
 clkload16/Y
 clkload17/X
 clkload18/Y
 clkload19/Y
 clkload2/Y
 clkload20/X
 clkload21/Y
 clkload22/Y
 clkload23/Y
 clkload24/Y
 clkload25/Y
 clkload26/Y
 clkload27/Y
 clkload28/Y
 clkload29/Y
 clkload3/Y
 clkload30/Y
 clkload31/Y
 clkload4/Y
 clkload5/Y
 clkload6/X
 clkload7/Y
 clkload8/Y
 clkload9/Y
 team_06_154/HI
 team_06_155/HI
 team_06_156/HI
 team_06_157/HI
 team_06_158/HI
 team_06_159/HI
 team_06_160/HI
 team_06_161/HI
 team_06_162/HI
 team_06_163/HI
 team_06_164/HI
 team_06_165/HI
 team_06_166/HI
 team_06_167/HI
 team_06_168/HI
 team_06_169/HI
 team_06_170/HI
 team_06_171/HI
 team_06_172/LO
 team_06_173/LO
 team_06_174/LO
 team_06_175/LO
 team_06_176/LO
 team_06_177/LO
 team_06_178/LO
 team_06_179/LO
 team_06_180/LO
 team_06_181/LO
 team_06_182/LO
 team_06_183/LO
 team_06_184/LO
 team_06_185/LO
 team_06_186/LO
 team_06_187/LO
 team_06_188/LO
 team_06_189/LO
 team_06_190/LO
 team_06_191/LO
 team_06_192/LO
 team_06_193/LO
 team_06_194/LO
 team_06_195/LO
 team_06_196/LO
Found 0 partially unannotated drivers.

===========================================================================
max slew violation count 31
max fanout violation count 65
max cap violation count 0
============================================================================

===========================================================================
check_setup -verbose -unconstrained_endpoints -multiple_clock -no_clock -no_input_delay -loops -generated_clocks
===========================================================================
Warning: There are 43 unconstrained endpoints.
  gpio_oeb[0]
  gpio_oeb[10]
  gpio_oeb[11]
  gpio_oeb[12]
  gpio_oeb[13]
  gpio_oeb[14]
  gpio_oeb[15]
  gpio_oeb[16]
  gpio_oeb[17]
  gpio_oeb[18]
  gpio_oeb[19]
  gpio_oeb[1]
  gpio_oeb[20]
  gpio_oeb[21]
  gpio_oeb[22]
  gpio_oeb[23]
  gpio_oeb[24]
  gpio_oeb[25]
  gpio_oeb[26]
  gpio_oeb[27]
  gpio_oeb[28]
  gpio_oeb[29]
  gpio_oeb[2]
  gpio_oeb[30]
  gpio_oeb[31]
  gpio_oeb[32]
  gpio_oeb[33]
  gpio_oeb[3]
  gpio_oeb[4]
  gpio_oeb[5]
  gpio_oeb[6]
  gpio_oeb[7]
  gpio_oeb[8]
  gpio_oeb[9]
  gpio_out[0]
  gpio_out[1]
  gpio_out[29]
  gpio_out[2]
  gpio_out[30]
  gpio_out[31]
  gpio_out[32]
  gpio_out[33]
  gpio_out[3]
