Clock: clk
Sources: clk 
Generated: no
Virtual: yes
Propagated: no
Period: 25.000000

===========================================================================
report_clock_properties
============================================================================
Clock                   Period          Waveform
----------------------------------------------------
clk                  25.000000    0.000000 12.500000

===========================================================================
report_clock_latency
============================================================================
Clock clk
rise -> rise
    min     max
0.000000 0.000000 source latency
1.138542         network latency _2666_/CLK
        1.184854 network latency _2794_/CLK
---------------
1.138542 1.184854 latency
        0.046312 skew

fall -> fall
    min     max
0.000000 0.000000 source latency
1.047932         network latency _2666_/CLK
        1.082375 network latency _2794_/CLK
---------------
1.047932 1.082375 latency
        0.034443 skew



===========================================================================
report_clock_min_period
============================================================================
clk period_min = 10.15 fmax = 98.52
