Clock: clk
Sources: clk 
Generated: no
Virtual: yes
Propagated: no
Period: 25.000000

===========================================================================
report_clock_properties
============================================================================
Clock                   Period          Waveform
----------------------------------------------------
clk                  25.000000    0.000000 12.500000

===========================================================================
report_clock_latency
============================================================================
Clock clk
rise -> rise
    min     max
0.000000 0.000000 source latency
3.012700         network latency _25456_/CLK
        3.211953 network latency _24888_/CLK
---------------
3.012700 3.211953 latency
        0.199253 skew

fall -> fall
    min     max
0.000000 0.000000 source latency
2.405095         network latency _25456_/CLK
        2.580467 network latency _24888_/CLK
---------------
2.405095 2.580467 latency
        0.175373 skew



===========================================================================
report_clock_min_period
============================================================================
clk period_min = 3.19 fmax = 313.95
