
===========================================================================
report_checks -unconstrained
===========================================================================
======================= nom_ss_100C_1v60 Corner ===================================

Startpoint: nrst (input port clocked by clk)
Endpoint: _3423_ (recovery check against rising-edge clock clk)
Path Group: asynchronous
Path Type: max

Fanout         Cap        Slew       Delay        Time   Description
---------------------------------------------------------------------------------------------
                                  0.000000    0.000000   clock clk (rise edge)
                                  0.000000    0.000000   clock network delay (propagated)
                                 20.000000   20.000000 ^ input external delay
     2    0.015829    0.121143    0.081471   20.081470 ^ nrst (in)
                                                         nrst (net)
                      0.121146    0.000000   20.081470 ^ input70/A (sky130_fd_sc_hd__buf_2)
     5    0.057843    0.447473    0.491681   20.573153 ^ input70/X (sky130_fd_sc_hd__buf_2)
                                                         net70 (net)
                      0.447596    0.001709   20.574862 ^ fanout240/A (sky130_fd_sc_hd__clkbuf_2)
     5    0.044968    0.382124    0.569699   21.144560 ^ fanout240/X (sky130_fd_sc_hd__clkbuf_2)
                                                         net240 (net)
                      0.382124    0.001348   21.145908 ^ fanout239/A (sky130_fd_sc_hd__buf_2)
     6    0.063066    0.485614    0.628893   21.774801 ^ fanout239/X (sky130_fd_sc_hd__buf_2)
                                                         net239 (net)
                      0.485616    0.002093   21.776894 ^ fanout232/A (sky130_fd_sc_hd__clkbuf_2)
     6    0.030672    0.267506    0.502869   22.279762 ^ fanout232/X (sky130_fd_sc_hd__clkbuf_2)
                                                         net232 (net)
                      0.267506    0.000369   22.280132 ^ fanout231/A (sky130_fd_sc_hd__clkbuf_4)
    10    0.046976    0.235386    0.459384   22.739515 ^ fanout231/X (sky130_fd_sc_hd__clkbuf_4)
                                                         net231 (net)
                      0.235399    0.002004   22.741520 ^ _3423_/SET_B (sky130_fd_sc_hd__dfstp_1)
                                             22.741520   data arrival time

                                100.000000  100.000000   clock clk (rise edge)
                                  0.000000  100.000000   clock source latency
     1    0.035627    0.259577    0.180911  100.180908 ^ clk (in)
                                                         clk (net)
                      0.259657    0.000000  100.180908 ^ clkbuf_0_clk/A (sky130_fd_sc_hd__clkbuf_16)
     4    0.070196    0.134987    0.367912  100.548820 ^ clkbuf_0_clk/X (sky130_fd_sc_hd__clkbuf_16)
                                                         clknet_0_clk (net)
                      0.135024    0.002110  100.550934 ^ clkbuf_2_2__f_clk/A (sky130_fd_sc_hd__clkbuf_16)
     9    0.070566    0.135056    0.312887  100.863815 ^ clkbuf_2_2__f_clk/X (sky130_fd_sc_hd__clkbuf_16)
                                                         clknet_2_2__leaf_clk (net)
                      0.135085    0.001961  100.865776 ^ _3423_/CLK (sky130_fd_sc_hd__dfstp_1)
                                 -0.250000  100.615784   clock uncertainty
                                  0.000000  100.615784   clock reconvergence pessimism
                                  0.266700  100.882484   library recovery time
                                            100.882484   data required time
---------------------------------------------------------------------------------------------
                                            100.882484   data required time
                                            -22.741520   data arrival time
---------------------------------------------------------------------------------------------
                                             78.140968   slack (MET)


Startpoint: config_en (input port clocked by clk)
Endpoint: CBnorth_out[12] (output port clocked by clk)
Path Group: clk
Path Type: max

Fanout         Cap        Slew       Delay        Time   Description
---------------------------------------------------------------------------------------------
                                  0.000000    0.000000   clock clk (rise edge)
                                  0.000000    0.000000   clock network delay (propagated)
                                 20.000000   20.000000 ^ input external delay
     1    0.006916    0.060142    0.037161   20.037163 ^ config_en (in)
                                                         config_en (net)
                      0.060143    0.000000   20.037163 ^ input66/A (sky130_fd_sc_hd__buf_1)
     2    0.027255    0.516731    0.464164   20.501326 ^ input66/X (sky130_fd_sc_hd__buf_1)
                                                         net66 (net)
                      0.516733    0.001014   20.502340 ^ fanout289/A (sky130_fd_sc_hd__buf_2)
     6    0.067484    0.518608    0.702862   21.205202 ^ fanout289/X (sky130_fd_sc_hd__buf_2)
                                                         net289 (net)
                      0.518632    0.004004   21.209206 ^ fanout286/A (sky130_fd_sc_hd__buf_2)
     8    0.056808    0.440191    0.648431   21.857635 ^ fanout286/X (sky130_fd_sc_hd__buf_2)
                                                         net286 (net)
                      0.440193    0.001789   21.859425 ^ fanout281/A (sky130_fd_sc_hd__clkbuf_4)
    10    0.050337    0.251280    0.545551   22.404976 ^ fanout281/X (sky130_fd_sc_hd__clkbuf_4)
                                                         net281 (net)
                      0.251285    0.001561   22.406538 ^ _1620_/A (sky130_fd_sc_hd__inv_2)
    10    0.055505    0.244476    0.299080   22.705618 v _1620_/Y (sky130_fd_sc_hd__inv_2)
                                                         _1502_ (net)
                      0.244571    0.002332   22.707951 v _2096_/C1 (sky130_fd_sc_hd__o311a_2)
     5    0.030247    0.212973    0.403116   23.111065 v _2096_/X (sky130_fd_sc_hd__o311a_2)
                                                         _0730_ (net)
                      0.212976    0.001211   23.112278 v _2099_/A (sky130_fd_sc_hd__and2_2)
     8    0.050196    0.255845    0.610399   23.722675 v _2099_/X (sky130_fd_sc_hd__and2_2)
                                                         _0733_ (net)
                      0.255885    0.003151   23.725828 v _2100_/B1 (sky130_fd_sc_hd__o221a_1)
     1    0.003629    0.100739    0.511637   24.237465 v _2100_/X (sky130_fd_sc_hd__o221a_1)
                                                         _0734_ (net)
                      0.100739    0.000117   24.237581 v _2101_/B2 (sky130_fd_sc_hd__a221oi_1)
     1    0.002784    0.372268    0.452003   24.689585 ^ _2101_/Y (sky130_fd_sc_hd__a221oi_1)
                                                         _0735_ (net)
                      0.372268    0.000055   24.689640 ^ _2102_/B2 (sky130_fd_sc_hd__a221o_2)
     6    0.031653    0.279157    0.578730   25.268370 ^ _2102_/X (sky130_fd_sc_hd__a221o_2)
                                                         _0736_ (net)
                      0.279158    0.001235   25.269604 ^ _2107_/A (sky130_fd_sc_hd__nand2_2)
     8    0.042705    0.369062    0.400648   25.670252 v _2107_/Y (sky130_fd_sc_hd__nand2_2)
                                                         _0741_ (net)
                      0.369162    0.001295   25.671547 v _2146_/S (sky130_fd_sc_hd__mux2_1)
     1    0.003701    0.091506    0.533312   26.204859 ^ _2146_/X (sky130_fd_sc_hd__mux2_1)
                                                         _0780_ (net)
                      0.091506    0.000112   26.204971 ^ _2182_/A2 (sky130_fd_sc_hd__o211a_1)
     1    0.002657    0.071995    0.278852   26.483824 ^ _2182_/X (sky130_fd_sc_hd__o211a_1)
                                                         _0816_ (net)
                      0.071995    0.000052   26.483875 ^ _2233_/B2 (sky130_fd_sc_hd__o32a_2)
     3    0.034919    0.303096    0.443386   26.927261 ^ _2233_/X (sky130_fd_sc_hd__o32a_2)
                                                         _0867_ (net)
                      0.303098    0.001412   26.928673 ^ _2237_/A2 (sky130_fd_sc_hd__o211a_1)
     3    0.037381    0.498528    0.679277   27.607950 ^ _2237_/X (sky130_fd_sc_hd__o211a_1)
                                                         CB_0.le_outA (net)
                      0.498528    0.001563   27.609514 ^ fanout152/A (sky130_fd_sc_hd__buf_2)
     9    0.039606    0.313153    0.550084   28.159597 ^ fanout152/X (sky130_fd_sc_hd__buf_2)
                                                         net152 (net)
                      0.313162    0.002043   28.161640 ^ _1720_/A (sky130_fd_sc_hd__inv_2)
     4    0.012479    0.096657    0.175678   28.337318 v _1720_/Y (sky130_fd_sc_hd__inv_2)
                                                         _1602_ (net)
                      0.096657    0.000181   28.337500 v _1746_/A (sky130_fd_sc_hd__or3_1)
     1    0.002641    0.132841    0.843002   29.180502 v _1746_/X (sky130_fd_sc_hd__or3_1)
                                                         _0380_ (net)
                      0.132841    0.000075   29.180576 v _1747_/B1 (sky130_fd_sc_hd__o311a_1)
     1    0.008091    0.139838    0.295630   29.476208 v _1747_/X (sky130_fd_sc_hd__o311a_1)
                                                         _0381_ (net)
                      0.139838    0.000311   29.476519 v _1748_/B1 (sky130_fd_sc_hd__a211oi_2)
     2    0.014240    0.506181    0.559808   30.036325 ^ _1748_/Y (sky130_fd_sc_hd__a211oi_2)
                                                         _0382_ (net)
                      0.506181    0.000401   30.036728 ^ _2400_/B1 (sky130_fd_sc_hd__o21ai_4)
     9    0.045071    0.262419    0.397669   30.434397 v _2400_/Y (sky130_fd_sc_hd__o21ai_4)
                                                         _1030_ (net)
                      0.262482    0.003947   30.438345 v _2401_/B (sky130_fd_sc_hd__or2_1)
     1    0.003255    0.100968    0.541142   30.979486 v _2401_/X (sky130_fd_sc_hd__or2_1)
                                                         _1031_ (net)
                      0.100968    0.000096   30.979582 v _2417_/A2 (sky130_fd_sc_hd__a31o_1)
     1    0.001853    0.057380    0.365986   31.345570 v _2417_/X (sky130_fd_sc_hd__a31o_1)
                                                         _1047_ (net)
                      0.057380    0.000053   31.345623 v _2438_/B (sky130_fd_sc_hd__and4_2)
     6    0.074372    0.339517    0.702002   32.047623 v _2438_/X (sky130_fd_sc_hd__and4_2)
                                                         _1068_ (net)
                      0.339792    0.008853   32.056477 v _2483_/A1 (sky130_fd_sc_hd__o21ai_4)
     8    0.043802    0.533930    0.627537   32.684013 ^ _2483_/Y (sky130_fd_sc_hd__o21ai_4)
                                                         _1113_ (net)
                      0.534107    0.001403   32.685417 ^ _2522_/S (sky130_fd_sc_hd__mux2_1)
     1    0.008612    0.149307    0.469768   33.155186 ^ _2522_/X (sky130_fd_sc_hd__mux2_1)
                                                         _1152_ (net)
                      0.149307    0.000444   33.155632 ^ _2560_/A2 (sky130_fd_sc_hd__o211a_1)
     1    0.009317    0.149694    0.371202   33.526833 ^ _2560_/X (sky130_fd_sc_hd__o211a_1)
                                                         _1190_ (net)
                      0.149694    0.000412   33.527245 ^ _2606_/B2 (sky130_fd_sc_hd__o32a_1)
     3    0.015814    0.276736    0.426780   33.954025 ^ _2606_/X (sky130_fd_sc_hd__o32a_1)
                                                         _1236_ (net)
                      0.276736    0.000533   33.954559 ^ _2609_/A2 (sky130_fd_sc_hd__o211a_1)
     2    0.034249    0.459658    0.642888   34.597446 ^ _2609_/X (sky130_fd_sc_hd__o211a_1)
                                                         CB_1.le_outA (net)
                      0.459658    0.000895   34.598343 ^ fanout144/A (sky130_fd_sc_hd__clkbuf_4)
    10    0.060582    0.296007    0.586461   35.184803 ^ fanout144/X (sky130_fd_sc_hd__clkbuf_4)
                                                         net144 (net)
                      0.296135    0.005773   35.190575 ^ _1721_/A (sky130_fd_sc_hd__inv_2)
     3    0.031947    0.160185    0.244089   35.434666 v _1721_/Y (sky130_fd_sc_hd__inv_2)
                                                         _1603_ (net)
                      0.160221    0.002327   35.436993 v fanout143/A (sky130_fd_sc_hd__clkbuf_4)
    10    0.062787    0.229516    0.437055   35.874046 v fanout143/X (sky130_fd_sc_hd__clkbuf_4)
                                                         net143 (net)
                      0.229756    0.006654   35.880699 v _1839_/B (sky130_fd_sc_hd__and3b_1)
     2    0.005398    0.091793    0.431292   36.311993 v _1839_/X (sky130_fd_sc_hd__and3b_1)
                                                         _0473_ (net)
                      0.091793    0.000099   36.312092 v _1843_/C1 (sky130_fd_sc_hd__a221o_1)
     1    0.009247    0.153737    0.571827   36.883919 v _1843_/X (sky130_fd_sc_hd__a221o_1)
                                                         _0477_ (net)
                      0.153737    0.000405   36.884323 v _1855_/A2 (sky130_fd_sc_hd__a311o_2)
     6    0.033513    0.226353    0.888715   37.773041 v _1855_/X (sky130_fd_sc_hd__a311o_2)
                                                         _0489_ (net)
                      0.226356    0.001236   37.774277 v _1858_/A (sky130_fd_sc_hd__nor2_2)
     7    0.039900    0.710656    0.678565   38.452839 ^ _1858_/Y (sky130_fd_sc_hd__nor2_2)
                                                         _0492_ (net)
                      0.710658    0.001066   38.453907 ^ _2252_/B (sky130_fd_sc_hd__nand2_1)
     1    0.003785    0.146649    0.308734   38.762642 v _2252_/Y (sky130_fd_sc_hd__nand2_1)
                                                         _0884_ (net)
                      0.146649    0.000121   38.762760 v _2256_/A2 (sky130_fd_sc_hd__a31o_1)
     1    0.003377    0.070414    0.404242   39.167004 v _2256_/X (sky130_fd_sc_hd__a31o_1)
                                                         _0888_ (net)
                      0.070414    0.000107   39.167110 v _2265_/B (sky130_fd_sc_hd__and4_2)
     5    0.026700    0.169253    0.548486   39.715595 v _2265_/X (sky130_fd_sc_hd__and4_2)
                                                         _0897_ (net)
                      0.169261    0.001371   39.716969 v _2273_/A1 (sky130_fd_sc_hd__o21ai_4)
     9    0.037565    0.469975    0.512788   40.229755 ^ _2273_/Y (sky130_fd_sc_hd__o21ai_4)
                                                         _0905_ (net)
                      0.469980    0.001194   40.230949 ^ _2344_/S (sky130_fd_sc_hd__mux2_1)
     1    0.003605    0.118674    0.835001   41.065948 v _2344_/X (sky130_fd_sc_hd__mux2_1)
                                                         _0976_ (net)
                      0.118674    0.000110   41.066059 v _2345_/A2 (sky130_fd_sc_hd__o211a_1)
     1    0.002427    0.067547    0.387693   41.453754 v _2345_/X (sky130_fd_sc_hd__o211a_1)
                                                         _0977_ (net)
                      0.067547    0.000046   41.453800 v _2394_/B2 (sky130_fd_sc_hd__o32a_2)
     3    0.030285    0.204140    0.487290   41.941090 v _2394_/X (sky130_fd_sc_hd__o32a_2)
                                                         _1026_ (net)
                      0.204143    0.001169   41.942261 v _2397_/A2 (sky130_fd_sc_hd__o211a_1)
     2    0.035868    0.350852    0.685993   42.628254 v _2397_/X (sky130_fd_sc_hd__o211a_1)
                                                         CB_0.le_outB (net)
                      0.350854    0.001464   42.629715 v fanout148/A (sky130_fd_sc_hd__clkbuf_2)
     7    0.034556    0.244526    0.460179   43.089897 v fanout148/X (sky130_fd_sc_hd__clkbuf_2)
                                                         net148 (net)
                      0.244560    0.002881   43.092777 v _1758_/A (sky130_fd_sc_hd__or3b_1)
     2    0.008323    0.194191    1.000181   44.092957 v _1758_/X (sky130_fd_sc_hd__or3b_1)
                                                         _0392_ (net)
                      0.194191    0.000128   44.093086 v _1760_/A3 (sky130_fd_sc_hd__a31oi_2)
     1    0.010498    0.312683    0.432959   44.526043 ^ _1760_/Y (sky130_fd_sc_hd__a31oi_2)
                                                         _0394_ (net)
                      0.312683    0.000504   44.526550 ^ _1772_/B1 (sky130_fd_sc_hd__a311o_4)
     6    0.038834    0.241235    0.410989   44.937538 ^ _1772_/X (sky130_fd_sc_hd__a311o_4)
                                                         _0406_ (net)
                      0.241235    0.000757   44.938293 ^ _2404_/A (sky130_fd_sc_hd__nor2_4)
     9    0.045023    0.125727    0.204128   45.142422 v _2404_/Y (sky130_fd_sc_hd__nor2_4)
                                                         _1034_ (net)
                      0.125807    0.001396   45.143818 v _2635_/B (sky130_fd_sc_hd__nand2_1)
     1    0.004813    0.107412    0.146585   45.290405 ^ _2635_/Y (sky130_fd_sc_hd__nand2_1)
                                                         _1263_ (net)
                      0.107412    0.000163   45.290565 ^ _2637_/A3 (sky130_fd_sc_hd__a31o_1)
     1    0.002639    0.078993    0.305715   45.596283 ^ _2637_/X (sky130_fd_sc_hd__a31o_1)
                                                         _1265_ (net)
                      0.078993    0.000057   45.596340 ^ _2638_/D (sky130_fd_sc_hd__and4_2)
     5    0.037518    0.356029    0.726278   46.322617 ^ _2638_/X (sky130_fd_sc_hd__and4_2)
                                                         _1266_ (net)
                      0.356052    0.003155   46.325771 ^ _2646_/A1 (sky130_fd_sc_hd__o21ai_4)
     9    0.040985    0.216674    0.325020   46.650791 v _2646_/Y (sky130_fd_sc_hd__o21ai_4)
                                                         _1274_ (net)
                      0.216674    0.000721   46.651512 v _2748_/S (sky130_fd_sc_hd__mux2_1)
     1    0.004421    0.128880    0.774445   47.425957 v _2748_/X (sky130_fd_sc_hd__mux2_1)
                                                         _1376_ (net)
                      0.128880    0.000149   47.426105 v _2751_/A2 (sky130_fd_sc_hd__o211a_1)
     1    0.007162    0.109114    0.441691   47.867798 v _2751_/X (sky130_fd_sc_hd__o211a_1)
                                                         _1379_ (net)
                      0.109114    0.000306   47.868103 v _2765_/B1 (sky130_fd_sc_hd__o32a_1)
     3    0.019853    0.242050    0.510983   48.379086 v _2765_/X (sky130_fd_sc_hd__o32a_1)
                                                         _1393_ (net)
                      0.242050    0.000863   48.379951 v _2768_/A2 (sky130_fd_sc_hd__o211a_1)
     1    0.005703    0.097048    0.477183   48.857132 v _2768_/X (sky130_fd_sc_hd__o211a_1)
                                                         CB_1.le_outB (net)
                      0.097110    0.000227   48.857361 v fanout141/A (sky130_fd_sc_hd__clkbuf_2)
     6    0.043750    0.303265    0.395165   49.252525 v fanout141/X (sky130_fd_sc_hd__clkbuf_2)
                                                         net141 (net)
                      0.303268    0.001336   49.253860 v _1722_/A (sky130_fd_sc_hd__inv_2)
     4    0.015116    0.148432    0.229321   49.483181 ^ _1722_/Y (sky130_fd_sc_hd__inv_2)
                                                         _1604_ (net)
                      0.148432    0.000188   49.483372 ^ fanout138/A (sky130_fd_sc_hd__buf_2)
    10    0.045007    0.352194    0.436796   49.920166 ^ fanout138/X (sky130_fd_sc_hd__buf_2)
                                                         net138 (net)
                      0.352194    0.000863   49.921028 ^ _1781_/A1 (sky130_fd_sc_hd__o32ai_2)
     2    0.005631    0.136820    0.291088   50.212116 v _1781_/Y (sky130_fd_sc_hd__o32ai_2)
                                                         _0415_ (net)
                      0.136820    0.000124   50.212242 v _1783_/B2 (sky130_fd_sc_hd__o221a_1)
     1    0.002858    0.091819    0.420123   50.632362 v _1783_/X (sky130_fd_sc_hd__o221a_1)
                                                         _0417_ (net)
                      0.091819    0.000085   50.632450 v _1798_/A2 (sky130_fd_sc_hd__o311a_1)
     6    0.025686    0.275743    0.826457   51.458904 v _1798_/X (sky130_fd_sc_hd__o311a_1)
                                                         _0432_ (net)
                      0.275744    0.001137   51.460045 v _1801_/A (sky130_fd_sc_hd__and2_2)
     7    0.042598    0.225685    0.615692   52.075737 v _1801_/X (sky130_fd_sc_hd__and2_2)
                                                         _0435_ (net)
                      0.225755    0.003787   52.079521 v _2783_/A1 (sky130_fd_sc_hd__mux2_1)
     1    0.002937    0.111747    0.713200   52.792725 v _2783_/X (sky130_fd_sc_hd__mux2_1)
                                                         _1398_ (net)
                      0.111747    0.000089   52.792812 v _2784_/A1 (sky130_fd_sc_hd__mux2_1)
     1    0.016797    0.230585    0.824837   53.617649 v _2784_/X (sky130_fd_sc_hd__mux2_1)
                                                         net90 (net)
                      0.230586    0.001084   53.618732 v output90/A (sky130_fd_sc_hd__buf_2)
     1    0.038813    0.184233    0.436014   54.054745 v output90/X (sky130_fd_sc_hd__buf_2)
                                                         CBnorth_out[12] (net)
                      0.184237    0.001044   54.055790 v CBnorth_out[12] (out)
                                             54.055790   data arrival time

                                100.000000  100.000000   clock clk (rise edge)
                                  0.000000  100.000000   clock network delay (propagated)
                                 -0.250000   99.750000   clock uncertainty
                                  0.000000   99.750000   clock reconvergence pessimism
                                -20.000000   79.750000   output external delay
                                             79.750000   data required time
---------------------------------------------------------------------------------------------
                                             79.750000   data required time
                                            -54.055790   data arrival time
---------------------------------------------------------------------------------------------
                                             25.694206   slack (MET)




===========================================================================
report_checks --slack_max -0.01
============================================================================
======================= nom_ss_100C_1v60 Corner ===================================

No paths found.


===========================================================================
 report_check_types -max_slew -max_cap -max_fanout -violators
============================================================================
======================= nom_ss_100C_1v60 Corner ===================================

max slew

Pin                                        Limit        Slew       Slack
------------------------------------------------------------------------
_2747_/Y                                0.750000    1.187980   -0.437980 (VIOLATED)
_2756_/B1                               0.750000    1.187980   -0.437980 (VIOLATED)
_2560_/B1                               0.750000    0.966453   -0.216454 (VIOLATED)
_2601_/C1                               0.750000    0.966453   -0.216453 (VIOLATED)
_2557_/Y                                0.750000    0.966449   -0.216449 (VIOLATED)
output132/A                             0.750000    0.917114   -0.167114 (VIOLATED)
ANTENNA_18/DIODE                        0.750000    0.917114   -0.167114 (VIOLATED)
_2876_/Y                                0.750000    0.917111   -0.167111 (VIOLATED)
_2592_/Y                                0.750000    0.893227   -0.143227 (VIOLATED)
_2606_/A1                               0.750000    0.893227   -0.143227 (VIOLATED)
output78/A                              0.750000    0.790230   -0.040230 (VIOLATED)
_2841_/Y                                0.750000    0.790227   -0.040227 (VIOLATED)
output86/A                              0.750000    0.767659   -0.017659 (VIOLATED)
_2824_/Y                                0.750000    0.767657   -0.017657 (VIOLATED)
_2094_/A2                               0.750000    0.765916   -0.015916 (VIOLATED)
_1910_/A2                               0.750000    0.765915   -0.015915 (VIOLATED)
_1790_/B                                0.750000    0.765913   -0.015913 (VIOLATED)
_1975_/B                                0.750000    0.765913   -0.015913 (VIOLATED)
_2090_/A                                0.750000    0.765913   -0.015913 (VIOLATED)
_1796_/A3                               0.750000    0.765912   -0.015912 (VIOLATED)
_1972_/A                                0.750000    0.765912   -0.015912 (VIOLATED)
_1907_/A                                0.750000    0.765912   -0.015912 (VIOLATED)
_1788_/Y                                0.750000    0.765910   -0.015910 (VIOLATED)

max fanout

Pin                                   Limit Fanout  Slack
---------------------------------------------------------
clkbuf_leaf_12_clk/X                     10     19     -9 (VIOLATED)
clkbuf_leaf_23_clk/X                     10     18     -8 (VIOLATED)
clkbuf_leaf_25_clk/X                     10     18     -8 (VIOLATED)
clkbuf_leaf_0_clk/X                      10     17     -7 (VIOLATED)
clkbuf_leaf_17_clk/X                     10     17     -7 (VIOLATED)
clkbuf_leaf_5_clk/X                      10     17     -7 (VIOLATED)
clkbuf_leaf_4_clk/X                      10     16     -6 (VIOLATED)
clkbuf_leaf_10_clk/X                     10     15     -5 (VIOLATED)
clkbuf_leaf_6_clk/X                      10     15     -5 (VIOLATED)
clkbuf_leaf_11_clk/X                     10     14     -4 (VIOLATED)
clkbuf_leaf_33_clk/X                     10     14     -4 (VIOLATED)
clkbuf_leaf_29_clk/X                     10     13     -3 (VIOLATED)
clkbuf_leaf_30_clk/X                     10     13     -3 (VIOLATED)
clkbuf_leaf_1_clk/X                      10     12     -2 (VIOLATED)
clkbuf_leaf_28_clk/X                     10     12     -2 (VIOLATED)
clkbuf_leaf_3_clk/X                      10     12     -2 (VIOLATED)
clkbuf_leaf_13_clk/X                     10     11        (VIOLATED)
clkbuf_leaf_15_clk/X                     10     11        (VIOLATED)
clkbuf_leaf_9_clk/X                      10     11        (VIOLATED)



===========================================================================
report_parasitic_annotation -report_unannotated
============================================================================
Found 35 unannotated drivers.
 _2769_/X
 _2771_/X
 _2773_/X
 _2775_/X
 clkload0/Y
 clkload1/Y
 clkload10/Y
 clkload11/Y
 clkload12/Y
 clkload13/Y
 clkload14/Y
 clkload15/Y
 clkload16/Y
 clkload17/Y
 clkload18/Y
 clkload19/Y
 clkload2/Y
 clkload20/Y
 clkload21/Y
 clkload22/X
 clkload23/Y
 clkload24/Y
 clkload25/Y
 clkload26/Y
 clkload27/Y
 clkload28/Y
 clkload29/Y
 clkload3/Y
 clkload30/Y
 clkload4/Y
 clkload5/Y
 clkload6/Y
 clkload7/Y
 clkload8/Y
 clkload9/Y
Found 0 partially unannotated drivers.

===========================================================================
max slew violation count 23
max fanout violation count 19
max cap violation count 0
============================================================================

===========================================================================
check_setup -verbose -unconstrained_endpoints -multiple_clock -no_clock -no_input_delay -loops -generated_clocks
===========================================================================
Warning: There are 8 unclocked register/latch pins.
  _3304_/CLK
  _3353_/CLK
  _3354_/CLK
  _3375_/CLK
  _3376_/CLK
  _3397_/CLK
  _3398_/CLK
  _3419_/CLK
Warning: There are 8 unconstrained endpoints.
  _3304_/D
  _3353_/D
  _3354_/D
  _3375_/D
  _3376_/D
  _3397_/D
  _3398_/D
  _3419_/D
Warning: There are 57 combinational loops in the design.
  _2560_/X
  _2606_/B2
  _2606_/X
  _2609_/A2
  _2609_/X
  fanout144/A
  fanout144/X
  _1721_/A
  _1721_/Y
  _2518_/A2
  _2518_/X
  _2519_/A3
  _2519_/X
  _2520_/B1
  _2520_/X
  _2560_/A1
  | loop cut point
  _2560_/X
  --------------------------------
  _2606_/X
  _2609_/A2
  _2609_/X
  fanout144/A
  fanout144/X
  _1721_/A
  _1721_/Y
  _2518_/A2
  _2518_/X
  _2519_/A3
  _2519_/X
  _2520_/B1
  _2520_/X
  _2594_/B1
  _2594_/X
  _2597_/A2
  _2597_/X
  _2606_/B1
  | loop cut point
  _2606_/X
  --------------------------------
  _2606_/X
  _2609_/A2
  _2609_/X
  fanout144/A
  fanout144/X
  _1721_/A
  _1721_/Y
  _2518_/A2
  _2518_/X
  _2519_/A3
  _2519_/X
  _2520_/B1
  _2520_/X
  _2601_/A1
  _2601_/X
  _2606_/A2
  | loop cut point
  _2606_/X
  --------------------------------
  _2606_/X
  _2609_/A2
  _2609_/X
  fanout144/A
  fanout144/X
  _1721_/A
  _1721_/Y
  _2518_/A2
  _2518_/X
  _2519_/A3
  _2519_/X
  _2520_/B1
  _2520_/X
  _2603_/B1
  _2603_/X
  _2605_/B1
  _2605_/X
  _2606_/A3
  | loop cut point
  _2606_/X
  --------------------------------
  _2560_/X
  _2606_/B2
  _2606_/X
  _2609_/A2
  _2609_/X
  fanout144/A
  fanout144/X
  _1721_/A
  _1721_/Y
  _2518_/A2
  _2518_/X
  _2519_/A3
  _2519_/X
  _2521_/B1
  _2521_/Y
  _2559_/B1
  _2559_/X
  _2560_/C1
  | loop cut point
  _2560_/X
  --------------------------------
  _2560_/X
  _2606_/B2
  _2606_/X
  _2609_/A2
  _2609_/X
  fanout144/A
  fanout144/X
  _1721_/A
  _1721_/Y
  _2554_/A2
  _2554_/X
  _2555_/A3
  _2555_/X
  _2557_/B1
  _2557_/Y
  _2560_/B1
  | loop cut point
  _2560_/X
  --------------------------------
  _2182_/X
  _2233_/B2
  _2233_/X
  _2237_/A2
  _2237_/X
  fanout152/A
  fanout152/X
  _1720_/A
  _1720_/Y
  _1746_/A
  _1746_/X
  _1747_/B1
  _1747_/X
  _1748_/B1
  _1748_/Y
  _2400_/B1
  _2400_/Y
  _2401_/B
  _2401_/X
  _2417_/A2
  _2417_/X
  _2438_/B
  _2438_/X
  _2483_/A1
  _2483_/Y
  _2522_/S
  _2522_/X
  _2560_/A2
  _2560_/X
  _2606_/B2
  _2606_/X
  _2609_/A2
  _2609_/X
  fanout144/A
  fanout144/X
  _1721_/A
  _1721_/Y
  fanout143/A
  fanout143/X
  _1839_/B
  _1839_/X
  _1843_/C1
  _1843_/X
  _1855_/A2
  _1855_/X
  _1858_/A
  _1858_/Y
  _2119_/B
  _2119_/Y
  _2123_/A2
  _2123_/X
  _2124_/D
  _2124_/X
  _2144_/A2
  _2144_/X
  _2182_/A1
  | loop cut point
  _2182_/X
  --------------------------------
  _2233_/X
  _2237_/A2
  _2237_/X
  fanout152/A
  fanout152/X
  _1720_/A
  _1720_/Y
  _1746_/A
  _1746_/X
  _1747_/B1
  _1747_/X
  _1748_/B1
  _1748_/Y
  _2400_/B1
  _2400_/Y
  _2401_/B
  _2401_/X
  _2417_/A2
  _2417_/X
  _2438_/B
  _2438_/X
  _2483_/A1
  _2483_/Y
  _2522_/S
  _2522_/X
  _2560_/A2
  _2560_/X
  _2606_/B2
  _2606_/X
  _2609_/A2
  _2609_/X
  fanout144/A
  fanout144/X
  _1721_/A
  _1721_/Y
  fanout143/A
  fanout143/X
  _1839_/B
  _1839_/X
  _1843_/C1
  _1843_/X
  _1855_/A2
  _1855_/X
  _1858_/A
  _1858_/Y
  _2119_/B
  _2119_/Y
  _2123_/A2
  _2123_/X
  _2124_/D
  _2124_/X
  _2144_/A2
  _2144_/X
  _2184_/B1
  _2184_/X
  _2224_/A2
  _2224_/X
  _2233_/B1
  | loop cut point
  _2233_/X
  --------------------------------
  _2233_/X
  _2237_/A2
  _2237_/X
  fanout152/A
  fanout152/X
  _1720_/A
  _1720_/Y
  _1746_/A
  _1746_/X
  _1747_/B1
  _1747_/X
  _1748_/B1
  _1748_/Y
  _2400_/B1
  _2400_/Y
  _2401_/B
  _2401_/X
  _2417_/A2
  _2417_/X
  _2438_/B
  _2438_/X
  _2483_/A1
  _2483_/Y
  _2522_/S
  _2522_/X
  _2560_/A2
  _2560_/X
  _2606_/B2
  _2606_/X
  _2609_/A2
  _2609_/X
  fanout144/A
  fanout144/X
  _1721_/A
  _1721_/Y
  fanout143/A
  fanout143/X
  _1839_/B
  _1839_/X
  _1843_/C1
  _1843_/X
  _1855_/A2
  _1855_/X
  _1858_/A
  _1858_/Y
  _2119_/B
  _2119_/Y
  _2123_/A2
  _2123_/X
  _2124_/D
  _2124_/X
  _2144_/A2
  _2144_/X
  _2228_/A1
  _2228_/X
  _2233_/A2
  | loop cut point
  _2233_/X
  --------------------------------
  _2233_/X
  _2237_/A2
  _2237_/X
  fanout152/A
  fanout152/X
  _1720_/A
  _1720_/Y
  _1746_/A
  _1746_/X
  _1747_/B1
  _1747_/X
  _1748_/B1
  _1748_/Y
  _2400_/B1
  _2400_/Y
  _2401_/B
  _2401_/X
  _2417_/A2
  _2417_/X
  _2438_/B
  _2438_/X
  _2483_/A1
  _2483_/Y
  _2522_/S
  _2522_/X
  _2560_/A2
  _2560_/X
  _2606_/B2
  _2606_/X
  _2609_/A2
  _2609_/X
  fanout144/A
  fanout144/X
  _1721_/A
  _1721_/Y
  fanout143/A
  fanout143/X
  _1839_/B
  _1839_/X
  _1843_/C1
  _1843_/X
  _1855_/A2
  _1855_/X
  _1858_/A
  _1858_/Y
  _2119_/B
  _2119_/Y
  _2123_/A2
  _2123_/X
  _2124_/D
  _2124_/X
  _2144_/A2
  _2144_/X
  _2232_/A1
  _2232_/X
  _2233_/A3
  | loop cut point
  _2233_/X
  --------------------------------
  _2182_/X
  _2233_/B2
  _2233_/X
  _2237_/A2
  _2237_/X
  fanout152/A
  fanout152/X
  _1720_/A
  _1720_/Y
  _1746_/A
  _1746_/X
  _1747_/B1
  _1747_/X
  _1748_/B1
  _1748_/Y
  _2400_/B1
  _2400_/Y
  _2401_/B
  _2401_/X
  _2417_/A2
  _2417_/X
  _2438_/B
  _2438_/X
  _2483_/A1
  _2483_/Y
  _2522_/S
  _2522_/X
  _2560_/A2
  _2560_/X
  _2606_/B2
  _2606_/X
  _2609_/A2
  _2609_/X
  fanout144/A
  fanout144/X
  _1721_/A
  _1721_/Y
  fanout143/A
  fanout143/X
  _1839_/B
  _1839_/X
  _1843_/C1
  _1843_/X
  _1855_/A2
  _1855_/X
  _1858_/A
  _1858_/Y
  _2119_/B
  _2119_/Y
  _2123_/A2
  _2123_/X
  _2124_/D
  _2124_/X
  _2145_/A2
  _2145_/Y
  _2181_/B1
  _2181_/X
  _2182_/C1
  | loop cut point
  _2182_/X
  --------------------------------
  _2182_/X
  _2233_/B2
  _2233_/X
  _2237_/A2
  _2237_/X
  fanout152/A
  fanout152/X
  _1720_/A
  _1720_/Y
  _1746_/A
  _1746_/X
  _1747_/B1
  _1747_/X
  _1748_/B1
  _1748_/Y
  _2400_/B1
  _2400_/Y
  _2401_/B
  _2401_/X
  _2417_/A2
  _2417_/X
  _2438_/B
  _2438_/X
  _2483_/A1
  _2483_/Y
  _2522_/S
  _2522_/X
  _2560_/A2
  _2560_/X
  _2606_/B2
  _2606_/X
  _2609_/A2
  _2609_/X
  fanout144/A
  fanout144/X
  _1721_/A
  _1721_/Y
  fanout143/A
  fanout143/X
  _1839_/B
  _1839_/X
  _1843_/C1
  _1843_/X
  _1855_/A2
  _1855_/X
  _1858_/A
  _1858_/Y
  _2158_/B
  _2158_/Y
  _2161_/A2
  _2161_/X
  _2162_/C
  _2162_/X
  _2179_/A1
  _2179_/Y
  _2182_/B1
  | loop cut point
  _2182_/X
  --------------------------------
  _2233_/X
  _2237_/A2
  _2237_/X
  fanout152/A
  fanout152/X
  _1720_/A
  _1720_/Y
  _1746_/A
  _1746_/X
  _1747_/B1
  _1747_/X
  _1748_/B1
  _1748_/Y
  _2400_/B1
  _2400_/Y
  _2401_/B
  _2401_/X
  _2417_/A2
  _2417_/X
  _2438_/B
  _2438_/X
  _2483_/A1
  _2483_/Y
  _2522_/S
  _2522_/X
  _2560_/A2
  _2560_/X
  _2606_/B2
  _2606_/X
  _2609_/A2
  _2609_/X
  fanout144/A
  fanout144/X
  _1721_/A
  _1721_/Y
  fanout143/A
  fanout143/X
  _1839_/B
  _1839_/X
  _1843_/C1
  _1843_/X
  _1855_/A2
  _1855_/X
  _1858_/A
  _1858_/Y
  _2192_/B
  _2192_/Y
  _2195_/A1
  _2195_/Y
  _2202_/A
  _2202_/X
  _2216_/B1
  _2216_/X
  _2223_/B1
  _2223_/X
  _2233_/A1
  | loop cut point
  _2233_/X
  --------------------------------
  _1747_/X
  _1748_/B1
  _1748_/Y
  _2400_/B1
  _2400_/Y
  _2401_/B
  _2401_/X
  _2417_/A2
  _2417_/X
  _2438_/B
  _2438_/X
  _2483_/A1
  _2483_/Y
  _2522_/S
  _2522_/X
  _2560_/A2
  _2560_/X
  _2606_/B2
  _2606_/X
  _2609_/A2
  _2609_/X
  fanout144/A
  fanout144/X
  _1721_/A
  _1721_/Y
  fanout143/A
  fanout143/X
  _1839_/B
  _1839_/X
  _1843_/C1
  _1843_/X
  _1855_/A2
  _1855_/X
  _1858_/A
  _1858_/Y
  _2252_/B
  _2252_/Y
  _2256_/A2
  _2256_/X
  _2265_/B
  _2265_/X
  _2273_/A1
  _2273_/Y
  _2309_/A2
  _2309_/X
  _2345_/C1
  _2345_/X
  _2394_/B2
  _2394_/X
  _2397_/A2
  _2397_/X
  fanout148/A
  fanout148/X
  _1745_/A
  _1745_/Y
  _1747_/A3
  | loop cut point
  _1747_/X
  --------------------------------
  _2265_/X
  _2273_/A1
  _2273_/Y
  _2309_/A2
  _2309_/X
  _2345_/C1
  _2345_/X
  _2394_/B2
  _2394_/X
  _2397_/A2
  _2397_/X
  fanout148/A
  fanout148/X
  _1758_/A
  _1758_/X
  _1760_/A3
  _1760_/Y
  _1772_/B1
  _1772_/X
  _1775_/A
  _1775_/Y
  _2262_/B
  _2262_/Y
  _2264_/A3
  _2264_/X
  _2265_/D
  | loop cut point
  _2265_/X
  --------------------------------
  _2345_/X
  _2394_/B2
  _2394_/X
  _2397_/A2
  _2397_/X
  fanout148/A
  fanout148/X
  _1758_/A
  _1758_/X
  _1760_/A3
  _1760_/Y
  _1772_/B1
  _1772_/X
  _1775_/A
  _1775_/Y
  _2311_/B
  _2311_/X
  _2316_/A3
  _2316_/X
  _2324_/A_N
  _2324_/X
  _2342_/A2
  _2342_/X
  _2345_/B1
  | loop cut point
  _2345_/X
  --------------------------------
  _2394_/X
  _2397_/A2
  _2397_/X
  fanout148/A
  fanout148/X
  _1758_/A
  _1758_/X
  _1760_/A3
  _1760_/Y
  _1772_/B1
  _1772_/X
  _1775_/A
  _1775_/Y
  _2311_/B
  _2311_/X
  _2316_/A3
  _2316_/X
  _2324_/A_N
  _2324_/X
  _2342_/A2
  _2342_/X
  _2389_/C1
  _2389_/X
  _2394_/A2
  | loop cut point
  _2394_/X
  --------------------------------
  _2394_/X
  _2397_/A2
  _2397_/X
  fanout148/A
  fanout148/X
  _1758_/A
  _1758_/X
  _1760_/A3
  _1760_/Y
  _1772_/B1
  _1772_/X
  _1775_/A
  _1775_/Y
  _2311_/B
  _2311_/X
  _2316_/A3
  _2316_/X
  _2324_/A_N
  _2324_/X
  _2343_/A2
  _2343_/Y
  _2385_/A1
  _2385_/X
  _2394_/B1
  | loop cut point
  _2394_/X
  --------------------------------
  _2394_/X
  _2397_/A2
  _2397_/X
  fanout148/A
  fanout148/X
  _1758_/A
  _1758_/X
  _1760_/A3
  _1760_/Y
  _1772_/B1
  _1772_/X
  _1775_/A
  _1775_/Y
  _2311_/B
  _2311_/X
  _2316_/A3
  _2316_/X
  _2324_/A_N
  _2324_/X
  _2343_/A2
  _2343_/Y
  _2393_/C1
  _2393_/X
  _2394_/A3
  | loop cut point
  _2394_/X
  --------------------------------
  _2394_/X
  _2397_/A2
  _2397_/X
  fanout148/A
  fanout148/X
  _1758_/A
  _1758_/X
  _1760_/A3
  _1760_/Y
  _1772_/B1
  _1772_/X
  _1775_/A
  _1775_/Y
  _2369_/A2
  _2369_/X
  _2371_/B2
  _2371_/X
  _2375_/B1
  _2375_/X
  _2376_/A2
  _2376_/X
  _2383_/A
  _2383_/Y
  _2394_/A1
  | loop cut point
  _2394_/X
  --------------------------------
  _2102_/X
  _2107_/A
  _2107_/Y
  _2146_/S
  _2146_/X
  _2182_/A2
  _2182_/X
  _2233_/B2
  _2233_/X
  _2237_/A2
  _2237_/X
  fanout152/A
  fanout152/X
  _1720_/A
  _1720_/Y
  _1746_/A
  _1746_/X
  _1747_/B1
  _1747_/X
  _1748_/B1
  _1748_/Y
  _2400_/B1
  _2400_/Y
  _2401_/B
  _2401_/X
  _2417_/A2
  _2417_/X
  _2438_/B
  _2438_/X
  _2483_/A1
  _2483_/Y
  _2522_/S
  _2522_/X
  _2560_/A2
  _2560_/X
  _2606_/B2
  _2606_/X
  _2609_/A2
  _2609_/X
  fanout144/A
  fanout144/X
  _1721_/A
  _1721_/Y
  fanout143/A
  fanout143/X
  _1839_/B
  _1839_/X
  _1843_/C1
  _1843_/X
  _1855_/A2
  _1855_/X
  _1858_/A
  _1858_/Y
  _2252_/B
  _2252_/Y
  _2256_/A2
  _2256_/X
  _2265_/B
  _2265_/X
  _2273_/A1
  _2273_/Y
  _2309_/A2
  _2309_/X
  _2345_/C1
  _2345_/X
  _2394_/B2
  _2394_/X
  _2397_/A2
  _2397_/X
  fanout148/A
  fanout148/X
  _1758_/A
  _1758_/X
  _1760_/A3
  _1760_/Y
  _1772_/B1
  _1772_/X
  _1776_/A2
  _1776_/X
  _1831_/A2
  _1831_/X
  _1834_/A1
  _1834_/X
  _2102_/A1
  | loop cut point
  _2102_/X
  --------------------------------
  _2309_/X
  _2345_/C1
  _2345_/X
  _2394_/B2
  _2394_/X
  _2397_/A2
  _2397_/X
  fanout148/A
  fanout148/X
  _1758_/A
  _1758_/X
  _1760_/A3
  _1760_/Y
  _1772_/B1
  _1772_/X
  _2290_/A2
  _2290_/Y
  _2292_/B2
  _2292_/X
  _2300_/A1
  _2300_/Y
  _2302_/B1
  _2302_/X
  _2306_/A
  _2306_/X
  _2309_/B1
  | loop cut point
  _2309_/X
  --------------------------------
  _2345_/X
  _2394_/B2
  _2394_/X
  _2397_/A2
  _2397_/X
  fanout148/A
  fanout148/X
  _1758_/A
  _1758_/X
  _1760_/A3
  _1760_/Y
  _1772_/B1
  _1772_/X
  _2290_/A2
  _2290_/Y
  _2292_/B2
  _2292_/X
  _2300_/A1
  _2300_/Y
  _2302_/B1
  _2302_/X
  _2307_/A
  _2307_/Y
  _2345_/A1
  | loop cut point
  _2345_/X
  --------------------------------
  _2417_/X
  _2438_/B
  _2438_/X
  _2483_/A1
  _2483_/Y
  _2522_/S
  _2522_/X
  _2560_/A2
  _2560_/X
  _2606_/B2
  _2606_/X
  _2609_/A2
  _2609_/X
  fanout144/A
  fanout144/X
  _1721_/A
  _1721_/Y
  fanout143/A
  fanout143/X
  _1839_/B
  _1839_/X
  _1843_/C1
  _1843_/X
  _1855_/A2
  _1855_/X
  _1858_/A
  _1858_/Y
  _2252_/B
  _2252_/Y
  _2256_/A2
  _2256_/X
  _2265_/B
  _2265_/X
  _2273_/A1
  _2273_/Y
  _2309_/A2
  _2309_/X
  _2345_/C1
  _2345_/X
  _2394_/B2
  _2394_/X
  _2397_/A2
  _2397_/X
  fanout148/A
  fanout148/X
  _1758_/A
  _1758_/X
  _1760_/A3
  _1760_/Y
  _1772_/B1
  _1772_/X
  _2404_/A
  _2404_/Y
  _2405_/B
  _2405_/Y
  _2417_/A3
  | loop cut point
  _2417_/X
  --------------------------------
  _2606_/X
  _2609_/A2
  _2609_/X
  fanout144/A
  fanout144/X
  _1721_/A
  _1721_/Y
  fanout143/A
  fanout143/X
  _1839_/B
  _1839_/X
  _1843_/C1
  _1843_/X
  _1855_/A2
  _1855_/X
  _1858_/A
  _1858_/Y
  _2252_/B
  _2252_/Y
  _2256_/A2
  _2256_/X
  _2265_/B
  _2265_/X
  _2273_/A1
  _2273_/Y
  _2309_/A2
  _2309_/X
  _2345_/C1
  _2345_/X
  _2394_/B2
  _2394_/X
  _2397_/A2
  _2397_/X
  fanout148/A
  fanout148/X
  _1758_/A
  _1758_/X
  _1760_/A3
  _1760_/Y
  _1772_/B1
  _1772_/X
  _2404_/A
  _2404_/Y
  _2575_/B
  _2575_/Y
  _2576_/B1
  _2576_/X
  _2579_/A_N
  _2579_/X
  _2587_/A_N
  _2587_/X
  _2592_/A3
  _2592_/Y
  _2606_/A1
  | loop cut point
  _2606_/X
  --------------------------------
  _2102_/X
  _2107_/A
  _2107_/Y
  _2146_/S
  _2146_/X
  _2182_/A2
  _2182_/X
  _2233_/B2
  _2233_/X
  _2237_/A2
  _2237_/X
  fanout152/A
  fanout152/X
  _1720_/A
  _1720_/Y
  _1746_/A
  _1746_/X
  _1747_/B1
  _1747_/X
  _1748_/B1
  _1748_/Y
  _2400_/B1
  _2400_/Y
  _2401_/B
  _2401_/X
  _2417_/A2
  _2417_/X
  _2438_/B
  _2438_/X
  _2483_/A1
  _2483_/Y
  _2522_/S
  _2522_/X
  _2560_/A2
  _2560_/X
  _2606_/B2
  _2606_/X
  _2609_/A2
  _2609_/X
  fanout144/A
  fanout144/X
  _1721_/A
  _1721_/Y
  fanout143/A
  fanout143/X
  _1839_/B
  _1839_/X
  _1843_/C1
  _1843_/X
  _1855_/A2
  _1855_/X
  _1858_/A
  _1858_/Y
  _2252_/B
  _2252_/Y
  _2256_/A2
  _2256_/X
  _2265_/B
  _2265_/X
  _2273_/A1
  _2273_/Y
  _2309_/A2
  _2309_/X
  _2345_/C1
  _2345_/X
  _2394_/B2
  _2394_/X
  _2397_/A2
  _2397_/X
  fanout148/A
  fanout148/X
  _1758_/A
  _1758_/X
  _1760_/A3
  _1760_/Y
  _1772_/B1
  _1772_/X
  _2404_/A
  _2404_/Y
  _2635_/B
  _2635_/Y
  _2637_/A3
  _2637_/X
  _2638_/D
  _2638_/X
  _2646_/A1
  _2646_/Y
  _2748_/S
  _2748_/X
  _2751_/A2
  _2751_/X
  _2765_/B1
  _2765_/X
  _2768_/A2
  _2768_/X
  fanout141/A
  fanout141/X
  _1722_/A
  _1722_/Y
  _1867_/A1
  _1867_/X
  _1869_/B2
  _1869_/X
  _1874_/A1
  _1874_/X
  _1877_/A
  _1877_/X
  _1879_/A2
  _1879_/Y
  _1918_/A1
  _1918_/Y
  _2102_/A2
  | loop cut point
  _2102_/X
  --------------------------------
  _2256_/X
  _2265_/B
  _2265_/X
  _2273_/A1
  _2273_/Y
  _2309_/A2
  _2309_/X
  _2345_/C1
  _2345_/X
  _2394_/B2
  _2394_/X
  _2397_/A2
  _2397_/X
  fanout148/A
  fanout148/X
  _1758_/A
  _1758_/X
  _1760_/A3
  _1760_/Y
  _1772_/B1
  _1772_/X
  _2404_/A
  _2404_/Y
  _2635_/B
  _2635_/Y
  _2637_/A3
  _2637_/X
  _2638_/D
  _2638_/X
  _2646_/A1
  _2646_/Y
  _2748_/S
  _2748_/X
  _2751_/A2
  _2751_/X
  _2765_/B1
  _2765_/X
  _2768_/A2
  _2768_/X
  fanout141/A
  fanout141/X
  _1722_/A
  _1722_/Y
  _1867_/A1
  _1867_/X
  _1869_/B2
  _1869_/X
  _1874_/A1
  _1874_/X
  _1877_/A
  _1877_/X
  _2253_/B
  _2253_/X
  _2256_/A3
  | loop cut point
  _2256_/X
  --------------------------------
  _2438_/X
  _2483_/A1
  _2483_/Y
  _2522_/S
  _2522_/X
  _2560_/A2
  _2560_/X
  _2606_/B2
  _2606_/X
  _2609_/A2
  _2609_/X
  fanout144/A
  fanout144/X
  _1721_/A
  _1721_/Y
  fanout143/A
  fanout143/X
  _1839_/B
  _1839_/X
  _1843_/C1
  _1843_/X
  _1855_/A2
  _1855_/X
  _1858_/A
  _1858_/Y
  _2252_/B
  _2252_/Y
  _2256_/A2
  _2256_/X
  _2265_/B
  _2265_/X
  _2273_/A1
  _2273_/Y
  _2309_/A2
  _2309_/X
  _2345_/C1
  _2345_/X
  _2394_/B2
  _2394_/X
  _2397_/A2
  _2397_/X
  fanout148/A
  fanout148/X
  _1758_/A
  _1758_/X
  _1760_/A3
  _1760_/Y
  _1772_/B1
  _1772_/X
  _2404_/A
  _2404_/Y
  _2635_/B
  _2635_/Y
  _2637_/A3
  _2637_/X
  _2638_/D
  _2638_/X
  _2646_/A1
  _2646_/Y
  _2748_/S
  _2748_/X
  _2751_/A2
  _2751_/X
  _2765_/B1
  _2765_/X
  _2768_/A2
  _2768_/X
  fanout141/A
  fanout141/X
  _1722_/A
  _1722_/Y
  _1867_/A1
  _1867_/X
  _1869_/B2
  _1869_/X
  _1874_/A1
  _1874_/X
  _2428_/A
  _2428_/X
  _2429_/B
  _2429_/X
  _2437_/A3
  _2437_/X
  _2438_/D
  | loop cut point
  _2438_/X
  --------------------------------
  _2638_/X
  _2646_/A1
  _2646_/Y
  _2748_/S
  _2748_/X
  _2751_/A2
  _2751_/X
  _2765_/B1
  _2765_/X
  _2768_/A2
  _2768_/X
  fanout141/A
  fanout141/X
  _1722_/A
  _1722_/Y
  _1867_/A1
  _1867_/X
  _1869_/B2
  _1869_/X
  _1874_/A1
  _1874_/X
  _2428_/A
  _2428_/X
  _2627_/B
  _2627_/X
  _2629_/A3
  _2629_/X
  _2638_/B
  | loop cut point
  _2638_/X
  --------------------------------
  _2751_/X
  _2765_/B1
  _2765_/X
  _2768_/A2
  _2768_/X
  fanout141/A
  fanout141/X
  _1722_/A
  _1722_/Y
  _1867_/A1
  _1867_/X
  _1869_/B2
  _1869_/X
  _1874_/A1
  _1874_/X
  _2428_/A
  _2428_/X
  _2648_/A2
  _2648_/X
  _2654_/A2
  _2654_/Y
  _2674_/A2
  _2674_/X
  _2678_/A2
  _2678_/Y
  _2751_/A1
  | loop cut point
  _2751_/X
  --------------------------------
  _2765_/X
  _2768_/A2
  _2768_/X
  fanout141/A
  fanout141/X
  _1722_/A
  _1722_/Y
  _1867_/A1
  _1867_/X
  _1869_/B2
  _1869_/X
  _1874_/A1
  _1874_/X
  _2428_/A
  _2428_/X
  _2648_/A2
  _2648_/X
  _2654_/A2
  _2654_/Y
  _2674_/A2
  _2674_/X
  _2678_/A2
  _2678_/Y
  _2753_/B1
  _2753_/X
  _2756_/A2
  _2756_/X
  _2765_/B2
  | loop cut point
  _2765_/X
  --------------------------------
  _2765_/X
  _2768_/A2
  _2768_/X
  fanout141/A
  fanout141/X
  _1722_/A
  _1722_/Y
  _1867_/A1
  _1867_/X
  _1869_/B2
  _1869_/X
  _1874_/A1
  _1874_/X
  _2428_/A
  _2428_/X
  _2648_/A2
  _2648_/X
  _2654_/A2
  _2654_/Y
  _2674_/A2
  _2674_/X
  _2678_/A2
  _2678_/Y
  _2760_/A1
  _2760_/X
  _2765_/A2
  | loop cut point
  _2765_/X
  --------------------------------
  _2765_/X
  _2768_/A2
  _2768_/X
  fanout141/A
  fanout141/X
  _1722_/A
  _1722_/Y
  _1867_/A1
  _1867_/X
  _1869_/B2
  _1869_/X
  _1874_/A1
  _1874_/X
  _2428_/A
  _2428_/X
  _2648_/A2
  _2648_/X
  _2654_/A2
  _2654_/Y
  _2674_/A2
  _2674_/X
  _2678_/A2
  _2678_/Y
  _2763_/B1
  _2763_/Y
  _2764_/B2
  _2764_/X
  _2765_/A3
  | loop cut point
  _2765_/X
  --------------------------------
  _2751_/X
  _2765_/B1
  _2765_/X
  _2768_/A2
  _2768_/X
  fanout141/A
  fanout141/X
  _1722_/A
  _1722_/Y
  _1867_/A1
  _1867_/X
  _1869_/B2
  _1869_/X
  _1874_/A1
  _1874_/X
  _2428_/A
  _2428_/X
  _2648_/A2
  _2648_/X
  _2654_/A2
  _2654_/Y
  _2674_/A2
  _2674_/X
  _2679_/A2
  _2679_/X
  _2750_/B1
  _2750_/X
  _2751_/B1
  | loop cut point
  _2751_/X
  --------------------------------
  _2751_/X
  _2765_/B1
  _2765_/X
  _2768_/A2
  _2768_/X
  fanout141/A
  fanout141/X
  _1722_/A
  _1722_/Y
  _1867_/A1
  _1867_/X
  _1869_/B2
  _1869_/X
  _1874_/A1
  _1874_/X
  _2428_/A
  _2428_/X
  _2681_/B
  _2681_/X
  _2687_/A3
  _2687_/X
  _2696_/B
  _2696_/X
  _2710_/B
  _2710_/Y
  _2714_/B1
  _2714_/X
  _2751_/C1
  | loop cut point
  _2751_/X
  --------------------------------
  _2765_/X
  _2768_/A2
  _2768_/X
  fanout141/A
  fanout141/X
  _1722_/A
  _1722_/Y
  _1867_/A1
  _1867_/X
  _1869_/B2
  _1869_/X
  _1874_/A1
  _1874_/X
  _2428_/A
  _2428_/X
  _2738_/B
  _2738_/X
  _2740_/A3
  _2740_/X
  _2741_/C
  _2741_/X
  _2746_/A3
  _2746_/X
  _2765_/A1
  | loop cut point
  _2765_/X
  --------------------------------
  _2256_/X
  _2265_/B
  _2265_/X
  _2273_/A1
  _2273_/Y
  _2309_/A2
  _2309_/X
  _2345_/C1
  _2345_/X
  _2394_/B2
  _2394_/X
  _2397_/A2
  _2397_/X
  fanout148/A
  fanout148/X
  _1758_/A
  _1758_/X
  _1760_/A3
  _1760_/Y
  _1772_/B1
  _1772_/X
  _2404_/A
  _2404_/Y
  _2635_/B
  _2635_/Y
  _2637_/A3
  _2637_/X
  _2638_/D
  _2638_/X
  _2646_/A1
  _2646_/Y
  _2748_/S
  _2748_/X
  _2751_/A2
  _2751_/X
  _2765_/B1
  _2765_/X
  _2768_/A2
  _2768_/X
  fanout141/A
  fanout141/X
  _1722_/A
  _1722_/Y
  _1881_/A1
  _1881_/X
  _1883_/B2
  _1883_/Y
  _1894_/A2
  _1894_/X
  _2254_/A1
  _2254_/Y
  _2255_/B1
  _2255_/X
  _2256_/B1
  | loop cut point
  _2256_/X
  --------------------------------
  _1748_/Y
  _2400_/B1
  _2400_/Y
  _2401_/B
  _2401_/X
  _2417_/A2
  _2417_/X
  _2438_/B
  _2438_/X
  _2483_/A1
  _2483_/Y
  _2522_/S
  _2522_/X
  _2560_/A2
  _2560_/X
  _2606_/B2
  _2606_/X
  _2609_/A2
  _2609_/X
  fanout144/A
  fanout144/X
  _1721_/A
  _1721_/Y
  fanout143/A
  fanout143/X
  _1839_/B
  _1839_/X
  _1843_/C1
  _1843_/X
  _1855_/A2
  _1855_/X
  _1858_/A
  _1858_/Y
  _2252_/B
  _2252_/Y
  _2256_/A2
  _2256_/X
  _2265_/B
  _2265_/X
  _2273_/A1
  _2273_/Y
  _2309_/A2
  _2309_/X
  _2345_/C1
  _2345_/X
  _2394_/B2
  _2394_/X
  _2397_/A2
  _2397_/X
  fanout148/A
  fanout148/X
  _1758_/A
  _1758_/X
  _1760_/A3
  _1760_/Y
  _1772_/B1
  _1772_/X
  _2404_/A
  _2404_/Y
  _2635_/B
  _2635_/Y
  _2637_/A3
  _2637_/X
  _2638_/D
  _2638_/X
  _2646_/A1
  _2646_/Y
  _2748_/S
  _2748_/X
  _2751_/A2
  _2751_/X
  _2765_/B1
  _2765_/X
  _2768_/A2
  _2768_/X
  fanout141/A
  fanout141/X
  _1722_/A
  _1722_/Y
  fanout138/A
  fanout138/X
  _1730_/A1
  _1730_/X
  _1734_/B2
  _1734_/X
  _1748_/A1
  | loop cut point
  _1748_/Y
  --------------------------------
  _1772_/X
  _2404_/A
  _2404_/Y
  _2635_/B
  _2635_/Y
  _2637_/A3
  _2637_/X
  _2638_/D
  _2638_/X
  _2646_/A1
  _2646_/Y
  _2748_/S
  _2748_/X
  _2751_/A2
  _2751_/X
  _2765_/B1
  _2765_/X
  _2768_/A2
  _2768_/X
  fanout141/A
  fanout141/X
  _1722_/A
  _1722_/Y
  fanout138/A
  fanout138/X
  _1765_/A1
  _1765_/X
  _1767_/B2
  _1767_/X
  _1772_/A2
  | loop cut point
  _1772_/X
  --------------------------------
  _2417_/X
  _2438_/B
  _2438_/X
  _2483_/A1
  _2483_/Y
  _2522_/S
  _2522_/X
  _2560_/A2
  _2560_/X
  _2606_/B2
  _2606_/X
  _2609_/A2
  _2609_/X
  fanout144/A
  fanout144/X
  _1721_/A
  _1721_/Y
  fanout143/A
  fanout143/X
  _1839_/B
  _1839_/X
  _1843_/C1
  _1843_/X
  _1855_/A2
  _1855_/X
  _1858_/A
  _1858_/Y
  _2252_/B
  _2252_/Y
  _2256_/A2
  _2256_/X
  _2265_/B
  _2265_/X
  _2273_/A1
  _2273_/Y
  _2309_/A2
  _2309_/X
  _2345_/C1
  _2345_/X
  _2394_/B2
  _2394_/X
  _2397_/A2
  _2397_/X
  fanout148/A
  fanout148/X
  _1758_/A
  _1758_/X
  _1760_/A3
  _1760_/Y
  _1772_/B1
  _1772_/X
  _2404_/A
  _2404_/Y
  _2635_/B
  _2635_/Y
  _2637_/A3
  _2637_/X
  _2638_/D
  _2638_/X
  _2646_/A1
  _2646_/Y
  _2748_/S
  _2748_/X
  _2751_/A2
  _2751_/X
  _2765_/B1
  _2765_/X
  _2768_/A2
  _2768_/X
  fanout141/A
  fanout141/X
  _1722_/A
  _1722_/Y
  fanout138/A
  fanout138/X
  _1781_/A1
  _1781_/Y
  _1783_/B2
  _1783_/X
  _1798_/A2
  _1798_/X
  _2408_/B
  _2408_/X
  _2416_/A1
  _2416_/Y
  _2417_/B1
  | loop cut point
  _2417_/X
  --------------------------------
  _2637_/X
  _2638_/D
  _2638_/X
  _2646_/A1
  _2646_/Y
  _2748_/S
  _2748_/X
  _2751_/A2
  _2751_/X
  _2765_/B1
  _2765_/X
  _2768_/A2
  _2768_/X
  fanout141/A
  fanout141/X
  _1722_/A
  _1722_/Y
  fanout138/A
  fanout138/X
  _1781_/A1
  _1781_/Y
  _1783_/B2
  _1783_/X
  _1798_/A2
  _1798_/X
  _2408_/B
  _2408_/X
  _2636_/A1
  _2636_/Y
  _2637_/B1
  | loop cut point
  _2637_/X
  --------------------------------
  _1843_/X
  _1855_/A2
  _1855_/X
  _1858_/A
  _1858_/Y
  _2252_/B
  _2252_/Y
  _2256_/A2
  _2256_/X
  _2265_/B
  _2265_/X
  _2273_/A1
  _2273_/Y
  _2309_/A2
  _2309_/X
  _2345_/C1
  _2345_/X
  _2394_/B2
  _2394_/X
  _2397_/A2
  _2397_/X
  fanout148/A
  fanout148/X
  _1758_/A
  _1758_/X
  _1760_/A3
  _1760_/Y
  _1772_/B1
  _1772_/X
  _2404_/A
  _2404_/Y
  _2635_/B
  _2635_/Y
  _2637_/A3
  _2637_/X
  _2638_/D
  _2638_/X
  _2646_/A1
  _2646_/Y
  _2748_/S
  _2748_/X
  _2751_/A2
  _2751_/X
  _2765_/B1
  _2765_/X
  _2768_/A2
  _2768_/X
  fanout141/A
  fanout141/X
  _1722_/A
  _1722_/Y
  fanout138/A
  fanout138/X
  _1838_/A1
  _1838_/X
  _1843_/B2
  | loop cut point
  _1843_/X
  --------------------------------
  _2102_/X
  _2107_/A
  _2107_/Y
  _2146_/S
  _2146_/X
  _2182_/A2
  _2182_/X
  _2233_/B2
  _2233_/X
  _2237_/A2
  _2237_/X
  fanout152/A
  fanout152/X
  _1720_/A
  _1720_/Y
  _1746_/A
  _1746_/X
  _1747_/B1
  _1747_/X
  _1748_/B1
  _1748_/Y
  _2400_/B1
  _2400_/Y
  _2401_/B
  _2401_/X
  _2417_/A2
  _2417_/X
  _2438_/B
  _2438_/X
  _2483_/A1
  _2483_/Y
  _2522_/S
  _2522_/X
  _2560_/A2
  _2560_/X
  _2606_/B2
  _2606_/X
  _2609_/A2
  _2609_/X
  fanout144/A
  fanout144/X
  _1721_/A
  _1721_/Y
  fanout143/A
  fanout143/X
  _1839_/B
  _1839_/X
  _1843_/C1
  _1843_/X
  _1855_/A2
  _1855_/X
  _1858_/A
  _1858_/Y
  _2252_/B
  _2252_/Y
  _2256_/A2
  _2256_/X
  _2265_/B
  _2265_/X
  _2273_/A1
  _2273_/Y
  _2309_/A2
  _2309_/X
  _2345_/C1
  _2345_/X
  _2394_/B2
  _2394_/X
  _2397_/A2
  _2397_/X
  fanout148/A
  fanout148/X
  _1758_/A
  _1758_/X
  _1760_/A3
  _1760_/Y
  _1772_/B1
  _1772_/X
  _2404_/A
  _2404_/Y
  _2635_/B
  _2635_/Y
  _2637_/A3
  _2637_/X
  _2638_/D
  _2638_/X
  _2646_/A1
  _2646_/Y
  _2748_/S
  _2748_/X
  _2751_/A2
  _2751_/X
  _2765_/B1
  _2765_/X
  _2768_/A2
  _2768_/X
  fanout141/A
  fanout141/X
  _1722_/A
  _1722_/Y
  fanout138/A
  fanout138/X
  _1994_/A1
  _1994_/X
  _1996_/B2
  _1996_/Y
  _2007_/A2
  _2007_/X
  _2011_/B1
  _2011_/X
  _2012_/A1_N
  _2012_/X
  _2013_/B1
  _2013_/X
  _2102_/B1
  | loop cut point
  _2102_/X
  --------------------------------
  _2273_/Y
  _2309_/A2
  _2309_/X
  _2345_/C1
  _2345_/X
  _2394_/B2
  _2394_/X
  _2397_/A2
  _2397_/X
  fanout148/A
  fanout148/X
  _1758_/A
  _1758_/X
  _1760_/A3
  _1760_/Y
  _1772_/B1
  _1772_/X
  _2404_/A
  _2404_/Y
  _2635_/B
  _2635_/Y
  _2637_/A3
  _2637_/X
  _2638_/D
  _2638_/X
  _2646_/A1
  _2646_/Y
  _2748_/S
  _2748_/X
  _2751_/A2
  _2751_/X
  _2765_/B1
  _2765_/X
  _2768_/A2
  _2768_/X
  fanout141/A
  fanout141/X
  _1722_/A
  _1722_/Y
  fanout138/A
  fanout138/X
  _1994_/A1
  _1994_/X
  _1996_/B2
  _1996_/Y
  _2007_/A2
  _2007_/X
  _2011_/B1
  _2011_/X
  _2243_/A2_N
  _2243_/X
  _2244_/B1
  _2244_/X
  _2266_/A1
  _2266_/X
  _2273_/A2
  | loop cut point
  _2273_/Y
  --------------------------------
  _2309_/X
  _2345_/C1
  _2345_/X
  _2394_/B2
  _2394_/X
  _2397_/A2
  _2397_/X
  fanout148/A
  fanout148/X
  _1758_/A
  _1758_/X
  _1760_/A3
  _1760_/Y
  _1772_/B1
  _1772_/X
  _2404_/A
  _2404_/Y
  _2635_/B
  _2635_/Y
  _2637_/A3
  _2637_/X
  _2638_/D
  _2638_/X
  _2646_/A1
  _2646_/Y
  _2748_/S
  _2748_/X
  _2751_/A2
  _2751_/X
  _2765_/B1
  _2765_/X
  _2768_/A2
  _2768_/X
  fanout141/A
  fanout141/X
  _1722_/A
  _1722_/Y
  fanout138/A
  fanout138/X
  _1994_/A1
  _1994_/X
  _1996_/B2
  _1996_/Y
  _2007_/A2
  _2007_/X
  _2011_/B1
  _2011_/X
  _2243_/A2_N
  _2243_/X
  _2244_/B1
  _2244_/X
  _2266_/A1
  _2266_/X
  _2308_/A2
  _2308_/X
  _2309_/C1
  | loop cut point
  _2309_/X
  --------------------------------
  _2483_/Y
  _2522_/S
  _2522_/X
  _2560_/A2
  _2560_/X
  _2606_/B2
  _2606_/X
  _2609_/A2
  _2609_/X
  fanout144/A
  fanout144/X
  _1721_/A
  _1721_/Y
  fanout143/A
  fanout143/X
  _1839_/B
  _1839_/X
  _1843_/C1
  _1843_/X
  _1855_/A2
  _1855_/X
  _1858_/A
  _1858_/Y
  _2252_/B
  _2252_/Y
  _2256_/A2
  _2256_/X
  _2265_/B
  _2265_/X
  _2273_/A1
  _2273_/Y
  _2309_/A2
  _2309_/X
  _2345_/C1
  _2345_/X
  _2394_/B2
  _2394_/X
  _2397_/A2
  _2397_/X
  fanout148/A
  fanout148/X
  _1758_/A
  _1758_/X
  _1760_/A3
  _1760_/Y
  _1772_/B1
  _1772_/X
  _2404_/A
  _2404_/Y
  _2635_/B
  _2635_/Y
  _2637_/A3
  _2637_/X
  _2638_/D
  _2638_/X
  _2646_/A1
  _2646_/Y
  _2748_/S
  _2748_/X
  _2751_/A2
  _2751_/X
  _2765_/B1
  _2765_/X
  _2768_/A2
  _2768_/X
  fanout141/A
  fanout141/X
  _1722_/A
  _1722_/Y
  fanout138/A
  fanout138/X
  _1994_/A1
  _1994_/X
  _1996_/B2
  _1996_/Y
  _2007_/A2
  _2007_/X
  _2453_/A
  _2453_/Y
  _2454_/B1
  _2454_/X
  _2455_/B1
  _2455_/X
  _2476_/A1
  _2476_/X
  _2483_/A2
  | loop cut point
  _2483_/Y
  --------------------------------
  _2646_/Y
  _2748_/S
  _2748_/X
  _2751_/A2
  _2751_/X
  _2765_/B1
  _2765_/X
  _2768_/A2
  _2768_/X
  fanout141/A
  fanout141/X
  _1722_/A
  _1722_/Y
  fanout138/A
  fanout138/X
  _1994_/A1
  _1994_/X
  _1996_/B2
  _1996_/Y
  _2007_/A2
  _2007_/X
  _2453_/A
  _2453_/Y
  _2616_/B2
  _2616_/X
  _2617_/B1
  _2617_/X
  _2639_/A1
  _2639_/X
  _2646_/A2
  | loop cut point
  _2646_/Y
  --------------------------------
  _2101_/Y
  _2102_/B2
  _2102_/X
  _2107_/A
  _2107_/Y
  _2146_/S
  _2146_/X
  _2182_/A2
  _2182_/X
  _2233_/B2
  _2233_/X
  _2237_/A2
  _2237_/X
  fanout152/A
  fanout152/X
  _1720_/A
  _1720_/Y
  _1746_/A
  _1746_/X
  _1747_/B1
  _1747_/X
  _1748_/B1
  _1748_/Y
  _2400_/B1
  _2400_/Y
  _2401_/B
  _2401_/X
  _2417_/A2
  _2417_/X
  _2438_/B
  _2438_/X
  _2483_/A1
  _2483_/Y
  _2522_/S
  _2522_/X
  _2560_/A2
  _2560_/X
  _2606_/B2
  _2606_/X
  _2609_/A2
  _2609_/X
  fanout144/A
  fanout144/X
  _1721_/A
  _1721_/Y
  fanout143/A
  fanout143/X
  _1839_/B
  _1839_/X
  _1843_/C1
  _1843_/X
  _1855_/A2
  _1855_/X
  _1858_/A
  _1858_/Y
  _2252_/B
  _2252_/Y
  _2256_/A2
  _2256_/X
  _2265_/B
  _2265_/X
  _2273_/A1
  _2273_/Y
  _2309_/A2
  _2309_/X
  _2345_/C1
  _2345_/X
  _2394_/B2
  _2394_/X
  _2397_/A2
  _2397_/X
  fanout148/A
  fanout148/X
  _1758_/A
  _1758_/X
  _1760_/A3
  _1760_/Y
  _1772_/B1
  _1772_/X
  _2404_/A
  _2404_/Y
  _2635_/B
  _2635_/Y
  _2637_/A3
  _2637_/X
  _2638_/D
  _2638_/X
  _2646_/A1
  _2646_/Y
  _2748_/S
  _2748_/X
  _2751_/A2
  _2751_/X
  _2765_/B1
  _2765_/X
  _2768_/A2
  _2768_/X
  fanout141/A
  fanout141/X
  _1722_/A
  _1722_/Y
  fanout138/A
  fanout138/X
  _2021_/A1
  _2021_/X
  _2025_/A2
  _2025_/Y
  _2038_/A1
  _2038_/X
  _2062_/A2
  _2062_/X
  _2063_/B1
  _2063_/X
  _2101_/B1
  | loop cut point
  _2101_/Y
  --------------------------------
  _2100_/X
  _2101_/B2
  _2101_/Y
  _2102_/B2
  _2102_/X
  _2107_/A
  _2107_/Y
  _2146_/S
  _2146_/X
  _2182_/A2
  _2182_/X
  _2233_/B2
  _2233_/X
  _2237_/A2
  _2237_/X
  fanout152/A
  fanout152/X
  _1720_/A
  _1720_/Y
  _1746_/A
  _1746_/X
  _1747_/B1
  _1747_/X
  _1748_/B1
  _1748_/Y
  _2400_/B1
  _2400_/Y
  _2401_/B
  _2401_/X
  _2417_/A2
  _2417_/X
  _2438_/B
  _2438_/X
  _2483_/A1
  _2483_/Y
  _2522_/S
  _2522_/X
  _2560_/A2
  _2560_/X
  _2606_/B2
  _2606_/X
  _2609_/A2
  _2609_/X
  fanout144/A
  fanout144/X
  _1721_/A
  _1721_/Y
  fanout143/A
  fanout143/X
  _1839_/B
  _1839_/X
  _1843_/C1
  _1843_/X
  _1855_/A2
  _1855_/X
  _1858_/A
  _1858_/Y
  _2252_/B
  _2252_/Y
  _2256_/A2
  _2256_/X
  _2265_/B
  _2265_/X
  _2273_/A1
  _2273_/Y
  _2309_/A2
  _2309_/X
  _2345_/C1
  _2345_/X
  _2394_/B2
  _2394_/X
  _2397_/A2
  _2397_/X
  fanout148/A
  fanout148/X
  _1758_/A
  _1758_/X
  _1760_/A3
  _1760_/Y
  _1772_/B1
  _1772_/X
  _2404_/A
  _2404_/Y
  _2635_/B
  _2635_/Y
  _2637_/A3
  _2637_/X
  _2638_/D
  _2638_/X
  _2646_/A1
  _2646_/Y
  _2748_/S
  _2748_/X
  _2751_/A2
  _2751_/X
  _2765_/B1
  _2765_/X
  _2768_/A2
  _2768_/X
  fanout141/A
  fanout141/X
  _1722_/A
  _1722_/Y
  fanout138/A
  fanout138/X
  _2065_/A1
  _2065_/X
  _2067_/B2
  _2067_/Y
  _2078_/A2
  _2078_/X
  _2081_/A
  _2081_/X
  _2100_/A2
  | loop cut point
  _2100_/X
  --------------------------------
  _2085_/Y
  _2096_/A2
  _2096_/X
  _2099_/A
  _2099_/X
  _2100_/B1
  _2100_/X
  _2101_/B2
  _2101_/Y
  _2102_/B2
  _2102_/X
  _2107_/A
  _2107_/Y
  _2146_/S
  _2146_/X
  _2182_/A2
  _2182_/X
  _2233_/B2
  _2233_/X
  _2237_/A2
  _2237_/X
  fanout152/A
  fanout152/X
  _1720_/A
  _1720_/Y
  _1746_/A
  _1746_/X
  _1747_/B1
  _1747_/X
  _1748_/B1
  _1748_/Y
  _2400_/B1
  _2400_/Y
  _2401_/B
  _2401_/X
  _2417_/A2
  _2417_/X
  _2438_/B
  _2438_/X
  _2483_/A1
  _2483_/Y
  _2522_/S
  _2522_/X
  _2560_/A2
  _2560_/X
  _2606_/B2
  _2606_/X
  _2609_/A2
  _2609_/X
  fanout144/A
  fanout144/X
  _1721_/A
  _1721_/Y
  fanout143/A
  fanout143/X
  _1839_/B
  _1839_/X
  _1843_/C1
  _1843_/X
  _1855_/A2
  _1855_/X
  _1858_/A
  _1858_/Y
  _2252_/B
  _2252_/Y
  _2256_/A2
  _2256_/X
  _2265_/B
  _2265_/X
  _2273_/A1
  _2273_/Y
  _2309_/A2
  _2309_/X
  _2345_/C1
  _2345_/X
  _2394_/B2
  _2394_/X
  _2397_/A2
  _2397_/X
  fanout148/A
  fanout148/X
  _1758_/A
  _1758_/X
  _1760_/A3
  _1760_/Y
  _1772_/B1
  _1772_/X
  _2404_/A
  _2404_/Y
  _2635_/B
  _2635_/Y
  _2637_/A3
  _2637_/X
  _2638_/D
  _2638_/X
  _2646_/A1
  _2646_/Y
  _2748_/S
  _2748_/X
  _2751_/A2
  _2751_/X
  _2765_/B1
  _2765_/X
  _2768_/A2
  _2768_/X
  fanout141/A
  fanout141/X
  _1722_/A
  _1722_/Y
  fanout138/A
  fanout138/X
  _2083_/A1
  _2083_/X
  _2085_/B2
  | loop cut point
  _2085_/Y
  --------------------------------
  _2107_/Y
  _2146_/S
  _2146_/X
  _2182_/A2
  _2182_/X
  _2233_/B2
  _2233_/X
  _2237_/A2
  _2237_/X
  fanout152/A
  fanout152/X
  _1720_/A
  _1720_/Y
  _1746_/A
  _1746_/X
  _1747_/B1
  _1747_/X
  _1748_/B1
  _1748_/Y
  _2400_/B1
  _2400_/Y
  _2401_/B
  _2401_/X
  _2417_/A2
  _2417_/X
  _2438_/B
  _2438_/X
  _2483_/A1
  _2483_/Y
  _2522_/S
  _2522_/X
  _2560_/A2
  _2560_/X
  _2606_/B2
  _2606_/X
  _2609_/A2
  _2609_/X
  fanout144/A
  fanout144/X
  _1721_/A
  _1721_/Y
  fanout143/A
  fanout143/X
  _1839_/B
  _1839_/X
  _1843_/C1
  _1843_/X
  _1855_/A2
  _1855_/X
  _1858_/A
  _1858_/Y
  _2252_/B
  _2252_/Y
  _2256_/A2
  _2256_/X
  _2265_/B
  _2265_/X
  _2273_/A1
  _2273_/Y
  _2309_/A2
  _2309_/X
  _2345_/C1
  _2345_/X
  _2394_/B2
  _2394_/X
  _2397_/A2
  _2397_/X
  fanout148/A
  fanout148/X
  _1758_/A
  _1758_/X
  _1760_/A3
  _1760_/Y
  _1772_/B1
  _1772_/X
  _2404_/A
  _2404_/Y
  _2635_/B
  _2635_/Y
  _2637_/A3
  _2637_/X
  _2638_/D
  _2638_/X
  _2646_/A1
  _2646_/Y
  _2748_/S
  _2748_/X
  _2751_/A2
  _2751_/X
  _2765_/B1
  _2765_/X
  _2768_/A2
  _2768_/X
  fanout141/A
  fanout141/X
  fanout140/A
  fanout140/X
  fanout139/A
  fanout139/X
  _2104_/A3
  _2104_/X
  _2105_/A
  _2105_/Y
  _2106_/B1
  _2106_/X
  _2107_/B
  | loop cut point
  _2107_/Y
  --------------------------------
  _2273_/Y
  _2309_/A2
  _2309_/X
  _2345_/C1
  _2345_/X
  _2394_/B2
  _2394_/X
  _2397_/A2
  _2397_/X
  fanout148/A
  fanout148/X
  _1758_/A
  _1758_/X
  _1760_/A3
  _1760_/Y
  _1772_/B1
  _1772_/X
  _2404_/A
  _2404_/Y
  _2635_/B
  _2635_/Y
  _2637_/A3
  _2637_/X
  _2638_/D
  _2638_/X
  _2646_/A1
  _2646_/Y
  _2748_/S
  _2748_/X
  _2751_/A2
  _2751_/X
  _2765_/B1
  _2765_/X
  _2768_/A2
  _2768_/X
  fanout141/A
  fanout141/X
  fanout140/A
  fanout140/X
  fanout139/A
  fanout139/X
  _2270_/B
  _2270_/Y
  _2271_/B1
  _2271_/X
  _2272_/A3
  _2272_/X
  _2273_/B1
  | loop cut point
  _2273_/Y
  --------------------------------
  _2483_/Y
  _2522_/S
  _2522_/X
  _2560_/A2
  _2560_/X
  _2606_/B2
  _2606_/X
  _2609_/A2
  _2609_/X
  fanout144/A
  fanout144/X
  _1721_/A
  _1721_/Y
  fanout143/A
  fanout143/X
  _1839_/B
  _1839_/X
  _1843_/C1
  _1843_/X
  _1855_/A2
  _1855_/X
  _1858_/A
  _1858_/Y
  _2252_/B
  _2252_/Y
  _2256_/A2
  _2256_/X
  _2265_/B
  _2265_/X
  _2273_/A1
  _2273_/Y
  _2309_/A2
  _2309_/X
  _2345_/C1
  _2345_/X
  _2394_/B2
  _2394_/X
  _2397_/A2
  _2397_/X
  fanout148/A
  fanout148/X
  _1758_/A
  _1758_/X
  _1760_/A3
  _1760_/Y
  _1772_/B1
  _1772_/X
  _2404_/A
  _2404_/Y
  _2635_/B
  _2635_/Y
  _2637_/A3
  _2637_/X
  _2638_/D
  _2638_/X
  _2646_/A1
  _2646_/Y
  _2748_/S
  _2748_/X
  _2751_/A2
  _2751_/X
  _2765_/B1
  _2765_/X
  _2768_/A2
  _2768_/X
  fanout141/A
  fanout141/X
  fanout140/A
  fanout140/X
  fanout139/A
  fanout139/X
  _2480_/B
  _2480_/Y
  _2481_/B1
  _2481_/X
  _2482_/A3
  _2482_/X
  _2483_/B1
  | loop cut point
  _2483_/Y
  --------------------------------
  _2646_/Y
  _2748_/S
  _2748_/X
  _2751_/A2
  _2751_/X
  _2765_/B1
  _2765_/X
  _2768_/A2
  _2768_/X
  fanout141/A
  fanout141/X
  fanout140/A
  fanout140/X
  fanout139/A
  fanout139/X
  _2643_/B
  _2643_/Y
  _2644_/B1
  _2644_/X
  _2645_/A3
  _2645_/X
  _2646_/B1
  | loop cut point
  _2646_/Y
  --------------------------------
  _2096_/X
  _2099_/A
  _2099_/X
  _2100_/B1
  _2100_/X
  _2101_/B2
  _2101_/Y
  _2102_/B2
  _2102_/X
  _2107_/A
  _2107_/Y
  _2146_/S
  _2146_/X
  _2182_/A2
  _2182_/X
  _2233_/B2
  _2233_/X
  _2237_/A2
  _2237_/X
  fanout152/A
  fanout152/X
  _1720_/A
  _1720_/Y
  _1746_/A
  _1746_/X
  _1747_/B1
  _1747_/X
  _1748_/B1
  _1748_/Y
  _2400_/B1
  _2400_/Y
  _2401_/B
  _2401_/X
  _2417_/A2
  _2417_/X
  _2438_/B
  _2438_/X
  _2483_/A1
  _2483_/Y
  _2522_/S
  _2522_/X
  _2560_/A2
  _2560_/X
  _2606_/B2
  _2606_/X
  _2609_/A2
  _2609_/X
  fanout144/A
  fanout144/X
  _1721_/A
  _1721_/Y
  fanout143/A
  fanout143/X
  _1839_/B
  _1839_/X
  _1843_/C1
  _1843_/X
  _1855_/A2
  _1855_/X
  _1858_/A
  _1858_/Y
  _2252_/B
  _2252_/Y
  _2256_/A2
  _2256_/X
  _2265_/B
  _2265_/X
  _2273_/A1
  _2273_/Y
  _2309_/A2
  _2309_/X
  _2345_/C1
  _2345_/X
  _2394_/B2
  _2394_/X
  _2397_/A2
  _2397_/X
  fanout148/A
  fanout148/X
  fanout146/A
  fanout146/X
  _2092_/A1
  _2092_/X
  _2095_/A1
  _2095_/X
  _2096_/B1
  | loop cut point
  _2096_/X
  --------------------------------
  _1855_/X
  _1858_/A
  _1858_/Y
  _2252_/B
  _2252_/Y
  _2256_/A2
  _2256_/X
  _2265_/B
  _2265_/X
  _2273_/A1
  _2273_/Y
  _2309_/A2
  _2309_/X
  _2345_/C1
  _2345_/X
  _2394_/B2
  _2394_/X
  _2397_/A2
  _2397_/X
  fanout148/A
  fanout148/X
  fanout147/A
  fanout147/X
  _1852_/B
  _1852_/X
  _1854_/A3
  _1854_/Y
  _1855_/B1
  | loop cut point
  _1855_/X
  --------------------------------
  _2085_/Y
  _2096_/A2
  _2096_/X
  _2099_/A
  _2099_/X
  _2100_/B1
  _2100_/X
  _2101_/B2
  _2101_/Y
  _2102_/B2
  _2102_/X
  _2107_/A
  _2107_/Y
  _2146_/S
  _2146_/X
  _2182_/A2
  _2182_/X
  _2233_/B2
  _2233_/X
  _2237_/A2
  _2237_/X
  fanout152/A
  fanout152/X
  _1720_/A
  _1720_/Y
  _1746_/A
  _1746_/X
  _1747_/B1
  _1747_/X
  _1748_/B1
  _1748_/Y
  _2400_/B1
  _2400_/Y
  _2401_/B
  _2401_/X
  _2417_/A2
  _2417_/X
  _2438_/B
  _2438_/X
  _2483_/A1
  _2483_/Y
  _2522_/S
  _2522_/X
  _2560_/A2
  _2560_/X
  _2606_/B2
  _2606_/X
  _2609_/A2
  _2609_/X
  fanout144/A
  fanout144/X
  _1721_/A
  _1721_/Y
  fanout143/A
  fanout143/X
  fanout142/A
  fanout142/X
  _2084_/A
  _2084_/X
  _2085_/C1
  | loop cut point
  _2085_/Y
  --------------------------------
