Clock: clk
Sources: clk 
Generated: no
Virtual: yes
Propagated: no
Period: 100.000000

===========================================================================
report_clock_properties
============================================================================
Clock                   Period          Waveform
----------------------------------------------------
clk                 100.000000    0.000000 50.000000

===========================================================================
report_clock_latency
============================================================================
Clock clk
rise -> rise
    min     max
0.000000 0.000000 source latency
0.865784         network latency _3423_/CLK
        20.899847 network latency _3398_/CLK
---------------
0.865784 20.899847 latency
        20.034063 skew

rise -> fall
    min     max
0.000000 0.000000 source latency
2.222998         network latency _3375_/CLK
        20.843164 network latency _3398_/CLK
---------------
2.222998 20.843164 latency
        18.620167 skew

fall -> fall
    min     max
0.000000 0.000000 source latency
0.770278         network latency _3423_/CLK
        1.125347 network latency _3340_/CLK
---------------
0.770278 1.125347 latency
        0.355069 skew



===========================================================================
report_clock_min_period
============================================================================
clk period_min = 5.17 fmax = 193.58
