Clock: clk
Sources: clk 
Generated: no
Virtual: no
Propagated: no
Period: 25.000000

===========================================================================
report_clock_properties
============================================================================
Clock                   Period          Waveform
----------------------------------------------------
clk                  25.000000    0.000000 12.500000

===========================================================================
report_clock_latency
============================================================================
Clock clk
rise -> rise
    min     max
0.000000 0.000000 source latency
18.720020         network latency _22510_/CLK
        18.720020 network latency _22510_/CLK
---------------
18.720020 18.720020 latency
        0.000000 skew

fall -> fall
    min     max
0.000000 0.000000 source latency
7.910707         network latency _22510_/CLK
        7.910707 network latency _22510_/CLK
---------------
7.910707 7.910707 latency
        0.000000 skew



===========================================================================
report_clock_min_period
============================================================================
clk period_min = 0.85 fmax = 1177.53
