Clock: clk
Sources: clk 
Generated: no
Virtual: yes
Propagated: no
Period: 100.000000

===========================================================================
report_clock_properties
============================================================================
Clock                   Period          Waveform
----------------------------------------------------
clk                 100.000000    0.000000 50.000000

===========================================================================
report_clock_latency
============================================================================
Clock clk
rise -> rise
    min     max
0.000000 0.000000 source latency
0.772270         network latency _16549_/CLK
        0.926930 network latency _16277_/CLK
---------------
0.772270 0.926930 latency
        0.154660 skew

rise -> fall
    min     max
0.000000 0.000000 source latency
0.757731         network latency _15098_/CLK
        0.976674 network latency _15698_/CLK
---------------
0.757731 0.976674 latency
        0.218943 skew

fall -> rise
    min     max
0.000000 0.000000 source latency
0.611930         network latency _15098_/CLK
        0.796820 network latency _16200_/CLK
---------------
0.611930 0.796820 latency
        0.184890 skew

fall -> fall
    min     max
0.000000 0.000000 source latency
0.576595         network latency _16549_/CLK
        0.730807 network latency _16389_/CLK
---------------
0.576595 0.730807 latency
        0.154213 skew



===========================================================================
report_clock_min_period
============================================================================
clk period_min = 9.24 fmax = 108.24
