
===========================================================================
report_checks -unconstrained
===========================================================================
======================= nom_tt_025C_1v80 Corner ===================================

Startpoint: nrst (input port clocked by clk)
Endpoint: _3423_ (recovery check against rising-edge clock clk)
Path Group: asynchronous
Path Type: max

Fanout         Cap        Slew       Delay        Time   Description
---------------------------------------------------------------------------------------------
                                  0.000000    0.000000   clock clk (rise edge)
                                  0.000000    0.000000   clock network delay (propagated)
                                 20.000000   20.000000 ^ input external delay
     2    0.015776    0.076876    0.052534   20.052534 ^ nrst (in)
                                                         nrst (net)
                      0.076880    0.000000   20.052534 ^ input70/A (sky130_fd_sc_hd__buf_2)
     5    0.057856    0.281188    0.286475   20.339008 ^ input70/X (sky130_fd_sc_hd__buf_2)
                                                         net70 (net)
                      0.281203    0.001709   20.340717 ^ fanout240/A (sky130_fd_sc_hd__clkbuf_2)
     5    0.045086    0.246012    0.315319   20.656038 ^ fanout240/X (sky130_fd_sc_hd__clkbuf_2)
                                                         net240 (net)
                      0.246015    0.001352   20.657389 ^ fanout239/A (sky130_fd_sc_hd__buf_2)
     6    0.063185    0.306899    0.354286   21.011675 ^ fanout239/X (sky130_fd_sc_hd__buf_2)
                                                         net239 (net)
                      0.307006    0.002096   21.013771 ^ fanout232/A (sky130_fd_sc_hd__clkbuf_2)
     6    0.031824    0.177290    0.271678   21.285448 ^ fanout232/X (sky130_fd_sc_hd__clkbuf_2)
                                                         net232 (net)
                      0.177290    0.000380   21.285830 ^ fanout231/A (sky130_fd_sc_hd__clkbuf_4)
    10    0.050476    0.157840    0.265146   21.550976 ^ fanout231/X (sky130_fd_sc_hd__clkbuf_4)
                                                         net231 (net)
                      0.157870    0.002160   21.553135 ^ _3423_/SET_B (sky130_fd_sc_hd__dfstp_1)
                                             21.553135   data arrival time

                                100.000000  100.000000   clock clk (rise edge)
                                  0.000000  100.000000   clock source latency
     1    0.035627    0.165008    0.116160  100.116158 ^ clk (in)
                                                         clk (net)
                      0.165136    0.000000  100.116158 ^ clkbuf_0_clk/A (sky130_fd_sc_hd__clkbuf_16)
     4    0.070196    0.088134    0.205027  100.321182 ^ clkbuf_0_clk/X (sky130_fd_sc_hd__clkbuf_16)
                                                         clknet_0_clk (net)
                      0.088195    0.002110  100.323296 ^ clkbuf_2_2__f_clk/A (sky130_fd_sc_hd__clkbuf_16)
     9    0.070656    0.087926    0.179746  100.503036 ^ clkbuf_2_2__f_clk/X (sky130_fd_sc_hd__clkbuf_16)
                                                         clknet_2_2__leaf_clk (net)
                      0.087976    0.001961  100.504997 ^ _3423_/CLK (sky130_fd_sc_hd__dfstp_1)
                                 -0.250000  100.255005   clock uncertainty
                                  0.000000  100.255005   clock reconvergence pessimism
                                  0.138612  100.393616   library recovery time
                                            100.393616   data required time
---------------------------------------------------------------------------------------------
                                            100.393616   data required time
                                            -21.553135   data arrival time
---------------------------------------------------------------------------------------------
                                             78.840485   slack (MET)


Startpoint: config_en (input port clocked by clk)
Endpoint: CBnorth_out[12] (output port clocked by clk)
Path Group: clk
Path Type: max

Fanout         Cap        Slew       Delay        Time   Description
---------------------------------------------------------------------------------------------
                                  0.000000    0.000000   clock clk (rise edge)
                                  0.000000    0.000000   clock network delay (propagated)
                                 20.000000   20.000000 ^ input external delay
     1    0.006982    0.038019    0.024329   20.024330 ^ config_en (in)
                                                         config_en (net)
                      0.038021    0.000000   20.024330 ^ input66/A (sky130_fd_sc_hd__buf_1)
     2    0.027316    0.321866    0.271767   20.296097 ^ input66/X (sky130_fd_sc_hd__buf_1)
                                                         net66 (net)
                      0.321870    0.001018   20.297113 ^ fanout289/A (sky130_fd_sc_hd__buf_2)
     6    0.067917    0.329788    0.384663   20.681776 ^ fanout289/X (sky130_fd_sc_hd__buf_2)
                                                         net289 (net)
                      0.329858    0.004029   20.685806 ^ fanout286/A (sky130_fd_sc_hd__buf_2)
     8    0.057098    0.278565    0.351434   21.037241 ^ fanout286/X (sky130_fd_sc_hd__buf_2)
                                                         net286 (net)
                      0.278572    0.001798   21.039038 ^ fanout281/A (sky130_fd_sc_hd__clkbuf_4)
    10    0.051846    0.160576    0.301704   21.340742 ^ fanout281/X (sky130_fd_sc_hd__clkbuf_4)
                                                         net281 (net)
                      0.160589    0.001608   21.342348 ^ _1620_/A (sky130_fd_sc_hd__inv_2)
    10    0.055292    0.132573    0.153850   21.496199 v _1620_/Y (sky130_fd_sc_hd__inv_2)
                                                         _1502_ (net)
                      0.132631    0.002322   21.498522 v _2096_/C1 (sky130_fd_sc_hd__o311a_2)
     5    0.030319    0.121958    0.212930   21.711451 v _2096_/X (sky130_fd_sc_hd__o311a_2)
                                                         _0730_ (net)
                      0.121970    0.001211   21.712662 v _2099_/A (sky130_fd_sc_hd__and2_2)
     8    0.050093    0.132313    0.300009   22.012671 v _2099_/X (sky130_fd_sc_hd__and2_2)
                                                         _0733_ (net)
                      0.132400    0.003141   22.015812 v _2100_/B1 (sky130_fd_sc_hd__o221a_1)
     1    0.003590    0.049821    0.257376   22.273188 v _2100_/X (sky130_fd_sc_hd__o221a_1)
                                                         _0734_ (net)
                      0.049821    0.000115   22.273304 v _2101_/B2 (sky130_fd_sc_hd__a221oi_1)
     1    0.002787    0.224336    0.257717   22.531021 ^ _2101_/Y (sky130_fd_sc_hd__a221oi_1)
                                                         _0735_ (net)
                      0.224336    0.000055   22.531076 ^ _2102_/B2 (sky130_fd_sc_hd__a221o_2)
     6    0.032004    0.171624    0.291529   22.822605 ^ _2102_/X (sky130_fd_sc_hd__a221o_2)
                                                         _0736_ (net)
                      0.171631    0.001247   22.823853 ^ _2107_/A (sky130_fd_sc_hd__nand2_2)
     8    0.042795    0.177226    0.191319   23.015171 v _2107_/Y (sky130_fd_sc_hd__nand2_2)
                                                         _0741_ (net)
                      0.177239    0.001300   23.016472 v _2146_/S (sky130_fd_sc_hd__mux2_1)
     1    0.003713    0.053238    0.254497   23.270967 ^ _2146_/X (sky130_fd_sc_hd__mux2_1)
                                                         _0780_ (net)
                      0.053239    0.000112   23.271080 ^ _2182_/A2 (sky130_fd_sc_hd__o211a_1)
     1    0.002653    0.039259    0.127402   23.398481 ^ _2182_/X (sky130_fd_sc_hd__o211a_1)
                                                         _0816_ (net)
                      0.039259    0.000052   23.398533 ^ _2233_/B2 (sky130_fd_sc_hd__o32a_2)
     3    0.035075    0.185746    0.234920   23.633453 ^ _2233_/X (sky130_fd_sc_hd__o32a_2)
                                                         _0867_ (net)
                      0.185820    0.001419   23.634872 ^ _2237_/A2 (sky130_fd_sc_hd__o211a_1)
     3    0.037511    0.314468    0.359242   23.994114 ^ _2237_/X (sky130_fd_sc_hd__o211a_1)
                                                         CB_0.le_outA (net)
                      0.314471    0.001569   23.995682 ^ fanout152/A (sky130_fd_sc_hd__buf_2)
     9    0.040143    0.198298    0.293916   24.289598 ^ fanout152/X (sky130_fd_sc_hd__buf_2)
                                                         net152 (net)
                      0.198317    0.002066   24.291664 ^ _1720_/A (sky130_fd_sc_hd__inv_2)
     4    0.012588    0.060929    0.080608   24.372272 v _1720_/Y (sky130_fd_sc_hd__inv_2)
                                                         _1602_ (net)
                      0.060929    0.000183   24.372456 v _1746_/A (sky130_fd_sc_hd__or3_1)
     1    0.002616    0.063077    0.364119   24.736574 v _1746_/X (sky130_fd_sc_hd__or3_1)
                                                         _0380_ (net)
                      0.063077    0.000075   24.736649 v _1747_/B1 (sky130_fd_sc_hd__o311a_1)
     1    0.008010    0.076429    0.150145   24.886793 v _1747_/X (sky130_fd_sc_hd__o311a_1)
                                                         _0381_ (net)
                      0.076429    0.000307   24.887100 v _1748_/B1 (sky130_fd_sc_hd__a211oi_2)
     2    0.014264    0.310390    0.325796   25.212898 ^ _1748_/Y (sky130_fd_sc_hd__a211oi_2)
                                                         _0382_ (net)
                      0.310390    0.000403   25.213301 ^ _2400_/B1 (sky130_fd_sc_hd__o21ai_4)
     9    0.045181    0.146531    0.186024   25.399324 v _2400_/Y (sky130_fd_sc_hd__o21ai_4)
                                                         _1030_ (net)
                      0.146705    0.003952   25.403276 v _2401_/B (sky130_fd_sc_hd__or2_1)
     1    0.003224    0.050475    0.244704   25.647980 v _2401_/X (sky130_fd_sc_hd__or2_1)
                                                         _1031_ (net)
                      0.050475    0.000096   25.648077 v _2417_/A2 (sky130_fd_sc_hd__a31o_1)
     1    0.001904    0.032133    0.194108   25.842184 v _2417_/X (sky130_fd_sc_hd__a31o_1)
                                                         _1047_ (net)
                      0.032262    0.000053   25.842237 v _2438_/B (sky130_fd_sc_hd__and4_2)
     6    0.074098    0.183065    0.339529   26.181767 v _2438_/X (sky130_fd_sc_hd__and4_2)
                                                         _1068_ (net)
                      0.183763    0.008784   26.190552 v _2483_/A1 (sky130_fd_sc_hd__o21ai_4)
     8    0.044339    0.338255    0.368066   26.558617 ^ _2483_/Y (sky130_fd_sc_hd__o21ai_4)
                                                         _1113_ (net)
                      0.338264    0.001421   26.560038 ^ _2522_/S (sky130_fd_sc_hd__mux2_1)
     1    0.008624    0.089623    0.230724   26.790762 ^ _2522_/X (sky130_fd_sc_hd__mux2_1)
                                                         _1152_ (net)
                      0.089623    0.000446   26.791208 ^ _2560_/A2 (sky130_fd_sc_hd__o211a_1)
     1    0.009326    0.088744    0.178813   26.970022 ^ _2560_/X (sky130_fd_sc_hd__o211a_1)
                                                         _1190_ (net)
                      0.088745    0.000412   26.970434 ^ _2606_/B2 (sky130_fd_sc_hd__o32a_1)
     3    0.015970    0.172325    0.226761   27.197195 ^ _2606_/X (sky130_fd_sc_hd__o32a_1)
                                                         _1236_ (net)
                      0.172325    0.000536   27.197731 ^ _2609_/A2 (sky130_fd_sc_hd__o211a_1)
     2    0.034360    0.288851    0.338677   27.536407 ^ _2609_/X (sky130_fd_sc_hd__o211a_1)
                                                         CB_1.le_outA (net)
                      0.288851    0.000899   27.537306 ^ fanout144/A (sky130_fd_sc_hd__clkbuf_4)
    10    0.061046    0.186709    0.322006   27.859312 ^ fanout144/X (sky130_fd_sc_hd__clkbuf_4)
                                                         net144 (net)
                      0.187071    0.005802   27.865114 ^ _1721_/A (sky130_fd_sc_hd__inv_2)
     3    0.031842    0.097074    0.120687   27.985802 v _1721_/Y (sky130_fd_sc_hd__inv_2)
                                                         _1603_ (net)
                      0.097143    0.002315   27.988115 v fanout143/A (sky130_fd_sc_hd__clkbuf_4)
    10    0.062635    0.128301    0.245000   28.233116 v fanout143/X (sky130_fd_sc_hd__clkbuf_4)
                                                         net143 (net)
                      0.128888    0.006644   28.239759 v _1839_/B (sky130_fd_sc_hd__and3b_1)
     2    0.005293    0.047518    0.207798   28.447557 v _1839_/X (sky130_fd_sc_hd__and3b_1)
                                                         _0473_ (net)
                      0.047518    0.000096   28.447655 v _1843_/C1 (sky130_fd_sc_hd__a221o_1)
     1    0.009211    0.083527    0.298318   28.745972 v _1843_/X (sky130_fd_sc_hd__a221o_1)
                                                         _0477_ (net)
                      0.083527    0.000401   28.746374 v _1855_/A2 (sky130_fd_sc_hd__a311o_2)
     6    0.033295    0.130741    0.470271   29.216644 v _1855_/X (sky130_fd_sc_hd__a311o_2)
                                                         _0489_ (net)
                      0.130752    0.001227   29.217871 v _1858_/A (sky130_fd_sc_hd__nor2_2)
     7    0.039967    0.436014    0.401478   29.619350 ^ _1858_/Y (sky130_fd_sc_hd__nor2_2)
                                                         _0492_ (net)
                      0.436018    0.001066   29.620415 ^ _2252_/B (sky130_fd_sc_hd__nand2_1)
     1    0.003754    0.084506    0.112092   29.732508 v _2252_/Y (sky130_fd_sc_hd__nand2_1)
                                                         _0884_ (net)
                      0.084506    0.000121   29.732628 v _2256_/A2 (sky130_fd_sc_hd__a31o_1)
     1    0.003428    0.039372    0.218703   29.951332 v _2256_/X (sky130_fd_sc_hd__a31o_1)
                                                         _0888_ (net)
                      0.039372    0.000110   29.951441 v _2265_/B (sky130_fd_sc_hd__and4_2)
     5    0.026459    0.090180    0.261700   30.213140 v _2265_/X (sky130_fd_sc_hd__and4_2)
                                                         _0897_ (net)
                      0.090202    0.001357   30.214499 v _2273_/A1 (sky130_fd_sc_hd__o21ai_4)
     9    0.038204    0.300101    0.305700   30.520199 ^ _2273_/Y (sky130_fd_sc_hd__o21ai_4)
                                                         _0905_ (net)
                      0.300109    0.001226   30.521425 ^ _2344_/S (sky130_fd_sc_hd__mux2_1)
     1    0.003885    0.052760    0.194206   30.715630 ^ _2344_/X (sky130_fd_sc_hd__mux2_1)
                                                         _0976_ (net)
                      0.052760    0.000121   30.715752 ^ _2345_/A2 (sky130_fd_sc_hd__o211a_1)
     1    0.002636    0.041002    0.127141   30.842892 ^ _2345_/X (sky130_fd_sc_hd__o211a_1)
                                                         _0977_ (net)
                      0.041002    0.000050   30.842941 ^ _2394_/B2 (sky130_fd_sc_hd__o32a_2)
     3    0.030967    0.166311    0.220624   31.063564 ^ _2394_/X (sky130_fd_sc_hd__o32a_2)
                                                         _1026_ (net)
                      0.166317    0.001201   31.064766 ^ _2397_/A2 (sky130_fd_sc_hd__o211a_1)
     2    0.036294    0.304375    0.348702   31.413467 ^ _2397_/X (sky130_fd_sc_hd__o211a_1)
                                                         CB_0.le_outB (net)
                      0.304378    0.001489   31.414957 ^ fanout148/A (sky130_fd_sc_hd__clkbuf_2)
     7    0.035977    0.198506    0.285500   31.700457 ^ fanout148/X (sky130_fd_sc_hd__clkbuf_2)
                                                         net148 (net)
                      0.198645    0.003006   31.703463 ^ _1758_/A (sky130_fd_sc_hd__or3b_1)
     2    0.008886    0.090321    0.180886   31.884348 ^ _1758_/X (sky130_fd_sc_hd__or3b_1)
                                                         _0392_ (net)
                      0.090321    0.000139   31.884487 ^ _1760_/A3 (sky130_fd_sc_hd__a31oi_2)
     1    0.009794    0.093268    0.120568   32.005054 v _1760_/Y (sky130_fd_sc_hd__a31oi_2)
                                                         _0394_ (net)
                      0.093268    0.000462   32.005516 v _1772_/B1 (sky130_fd_sc_hd__a311o_4)
     6    0.036851    0.104026    0.452463   32.457981 v _1772_/X (sky130_fd_sc_hd__a311o_4)
                                                         _0406_ (net)
                      0.104028    0.000711   32.458691 v _2404_/A (sky130_fd_sc_hd__nor2_4)
     9    0.046680    0.299034    0.293795   32.752487 ^ _2404_/Y (sky130_fd_sc_hd__nor2_4)
                                                         _1034_ (net)
                      0.299044    0.001450   32.753937 ^ _2635_/B (sky130_fd_sc_hd__nand2_1)
     1    0.004579    0.079862    0.108166   32.862103 v _2635_/Y (sky130_fd_sc_hd__nand2_1)
                                                         _1263_ (net)
                      0.079862    0.000153   32.862255 v _2637_/A3 (sky130_fd_sc_hd__a31o_1)
     1    0.002602    0.035745    0.222158   33.084412 v _2637_/X (sky130_fd_sc_hd__a31o_1)
                                                         _1265_ (net)
                      0.035745    0.000057   33.084469 v _2638_/D (sky130_fd_sc_hd__and4_2)
     5    0.035728    0.106224    0.307235   33.391705 v _2638_/X (sky130_fd_sc_hd__and4_2)
                                                         _1266_ (net)
                      0.106329    0.002970   33.394676 v _2646_/A1 (sky130_fd_sc_hd__o21ai_4)
     9    0.043438    0.332287    0.335714   33.730389 ^ _2646_/Y (sky130_fd_sc_hd__o21ai_4)
                                                         _1274_ (net)
                      0.332289    0.000767   33.731155 ^ _2748_/S (sky130_fd_sc_hd__mux2_1)
     1    0.004381    0.063222    0.368878   34.100033 v _2748_/X (sky130_fd_sc_hd__mux2_1)
                                                         _1376_ (net)
                      0.063222    0.000149   34.100182 v _2751_/A2 (sky130_fd_sc_hd__o211a_1)
     1    0.007126    0.058286    0.229459   34.329643 v _2751_/X (sky130_fd_sc_hd__o211a_1)
                                                         _1379_ (net)
                      0.058286    0.000302   34.329945 v _2765_/B1 (sky130_fd_sc_hd__o32a_1)
     3    0.019897    0.130980    0.260247   34.590191 v _2765_/X (sky130_fd_sc_hd__o32a_1)
                                                         _1393_ (net)
                      0.130984    0.000867   34.591057 v _2768_/A2 (sky130_fd_sc_hd__o211a_1)
     1    0.005680    0.051523    0.249297   34.840355 v _2768_/X (sky130_fd_sc_hd__o211a_1)
                                                         CB_1.le_outB (net)
                      0.051523    0.000227   34.840584 v fanout141/A (sky130_fd_sc_hd__clkbuf_2)
     6    0.043809    0.166670    0.216087   35.056671 v fanout141/X (sky130_fd_sc_hd__clkbuf_2)
                                                         net141 (net)
                      0.166679    0.001332   35.058002 v _1722_/A (sky130_fd_sc_hd__inv_2)
     4    0.015191    0.088214    0.131408   35.189411 ^ _1722_/Y (sky130_fd_sc_hd__inv_2)
                                                         _1604_ (net)
                      0.088214    0.000192   35.189602 ^ fanout138/A (sky130_fd_sc_hd__buf_2)
    10    0.045041    0.220648    0.249020   35.438622 ^ fanout138/X (sky130_fd_sc_hd__buf_2)
                                                         net138 (net)
                      0.220653    0.000863   35.439484 ^ _1781_/A1 (sky130_fd_sc_hd__o32ai_2)
     2    0.005561    0.075636    0.134229   35.573715 v _1781_/Y (sky130_fd_sc_hd__o32ai_2)
                                                         _0415_ (net)
                      0.075636    0.000124   35.573837 v _1783_/B2 (sky130_fd_sc_hd__o221a_1)
     1    0.002817    0.045292    0.211969   35.785809 v _1783_/X (sky130_fd_sc_hd__o221a_1)
                                                         _0417_ (net)
                      0.045292    0.000085   35.785892 v _1798_/A2 (sky130_fd_sc_hd__o311a_1)
     6    0.025836    0.145984    0.433928   36.219822 v _1798_/X (sky130_fd_sc_hd__o311a_1)
                                                         _0432_ (net)
                      0.145990    0.001140   36.220963 v _1801_/A (sky130_fd_sc_hd__and2_2)
     7    0.042512    0.116859    0.298641   36.519604 v _1801_/X (sky130_fd_sc_hd__and2_2)
                                                         _0435_ (net)
                      0.117012    0.003773   36.523376 v _2783_/A1 (sky130_fd_sc_hd__mux2_1)
     1    0.002979    0.056370    0.314220   36.837597 v _2783_/X (sky130_fd_sc_hd__mux2_1)
                                                         _1398_ (net)
                      0.056370    0.000089   36.837685 v _2784_/A1 (sky130_fd_sc_hd__mux2_1)
     1    0.016819    0.119060    0.370857   37.208542 v _2784_/X (sky130_fd_sc_hd__mux2_1)
                                                         net90 (net)
                      0.119068    0.001084   37.209625 v output90/A (sky130_fd_sc_hd__buf_2)
     1    0.038813    0.096571    0.221483   37.431107 v output90/X (sky130_fd_sc_hd__buf_2)
                                                         CBnorth_out[12] (net)
                      0.096582    0.001044   37.432152 v CBnorth_out[12] (out)
                                             37.432152   data arrival time

                                100.000000  100.000000   clock clk (rise edge)
                                  0.000000  100.000000   clock network delay (propagated)
                                 -0.250000   99.750000   clock uncertainty
                                  0.000000   99.750000   clock reconvergence pessimism
                                -20.000000   79.750000   output external delay
                                             79.750000   data required time
---------------------------------------------------------------------------------------------
                                             79.750000   data required time
                                            -37.432152   data arrival time
---------------------------------------------------------------------------------------------
                                             42.317844   slack (MET)




===========================================================================
report_checks --slack_max -0.01
============================================================================
======================= nom_tt_025C_1v80 Corner ===================================

No paths found.


===========================================================================
 report_check_types -max_slew -max_cap -max_fanout -violators
============================================================================
======================= nom_tt_025C_1v80 Corner ===================================

max fanout

Pin                                   Limit Fanout  Slack
---------------------------------------------------------
clkbuf_leaf_12_clk/X                     10     19     -9 (VIOLATED)
clkbuf_leaf_23_clk/X                     10     18     -8 (VIOLATED)
clkbuf_leaf_25_clk/X                     10     18     -8 (VIOLATED)
clkbuf_leaf_0_clk/X                      10     17     -7 (VIOLATED)
clkbuf_leaf_17_clk/X                     10     17     -7 (VIOLATED)
clkbuf_leaf_5_clk/X                      10     17     -7 (VIOLATED)
clkbuf_leaf_4_clk/X                      10     16     -6 (VIOLATED)
clkbuf_leaf_10_clk/X                     10     15     -5 (VIOLATED)
clkbuf_leaf_6_clk/X                      10     15     -5 (VIOLATED)
clkbuf_leaf_11_clk/X                     10     14     -4 (VIOLATED)
clkbuf_leaf_33_clk/X                     10     14     -4 (VIOLATED)
clkbuf_leaf_29_clk/X                     10     13     -3 (VIOLATED)
clkbuf_leaf_30_clk/X                     10     13     -3 (VIOLATED)
clkbuf_leaf_1_clk/X                      10     12     -2 (VIOLATED)
clkbuf_leaf_28_clk/X                     10     12     -2 (VIOLATED)
clkbuf_leaf_3_clk/X                      10     12     -2 (VIOLATED)
clkbuf_leaf_13_clk/X                     10     11        (VIOLATED)
clkbuf_leaf_15_clk/X                     10     11        (VIOLATED)
clkbuf_leaf_9_clk/X                      10     11        (VIOLATED)



===========================================================================
report_parasitic_annotation -report_unannotated
============================================================================
Found 35 unannotated drivers.
 _2769_/X
 _2771_/X
 _2773_/X
 _2775_/X
 clkload0/Y
 clkload1/Y
 clkload10/Y
 clkload11/Y
 clkload12/Y
 clkload13/Y
 clkload14/Y
 clkload15/Y
 clkload16/Y
 clkload17/Y
 clkload18/Y
 clkload19/Y
 clkload2/Y
 clkload20/Y
 clkload21/Y
 clkload22/X
 clkload23/Y
 clkload24/Y
 clkload25/Y
 clkload26/Y
 clkload27/Y
 clkload28/Y
 clkload29/Y
 clkload3/Y
 clkload30/Y
 clkload4/Y
 clkload5/Y
 clkload6/Y
 clkload7/Y
 clkload8/Y
 clkload9/Y
Found 0 partially unannotated drivers.

===========================================================================
max slew violation count 0
max fanout violation count 19
max cap violation count 0
============================================================================

===========================================================================
check_setup -verbose -unconstrained_endpoints -multiple_clock -no_clock -no_input_delay -loops -generated_clocks
===========================================================================
Warning: There are 8 unclocked register/latch pins.
  _3304_/CLK
  _3353_/CLK
  _3354_/CLK
  _3375_/CLK
  _3376_/CLK
  _3397_/CLK
  _3398_/CLK
  _3419_/CLK
Warning: There are 8 unconstrained endpoints.
  _3304_/D
  _3353_/D
  _3354_/D
  _3375_/D
  _3376_/D
  _3397_/D
  _3398_/D
  _3419_/D
Warning: There are 57 combinational loops in the design.
  _2560_/X
  _2606_/B2
  _2606_/X
  _2609_/A2
  _2609_/X
  fanout144/A
  fanout144/X
  _1721_/A
  _1721_/Y
  _2518_/A2
  _2518_/X
  _2519_/A3
  _2519_/X
  _2520_/B1
  _2520_/X
  _2560_/A1
  | loop cut point
  _2560_/X
  --------------------------------
  _2606_/X
  _2609_/A2
  _2609_/X
  fanout144/A
  fanout144/X
  _1721_/A
  _1721_/Y
  _2518_/A2
  _2518_/X
  _2519_/A3
  _2519_/X
  _2520_/B1
  _2520_/X
  _2594_/B1
  _2594_/X
  _2597_/A2
  _2597_/X
  _2606_/B1
  | loop cut point
  _2606_/X
  --------------------------------
  _2606_/X
  _2609_/A2
  _2609_/X
  fanout144/A
  fanout144/X
  _1721_/A
  _1721_/Y
  _2518_/A2
  _2518_/X
  _2519_/A3
  _2519_/X
  _2520_/B1
  _2520_/X
  _2601_/A1
  _2601_/X
  _2606_/A2
  | loop cut point
  _2606_/X
  --------------------------------
  _2606_/X
  _2609_/A2
  _2609_/X
  fanout144/A
  fanout144/X
  _1721_/A
  _1721_/Y
  _2518_/A2
  _2518_/X
  _2519_/A3
  _2519_/X
  _2520_/B1
  _2520_/X
  _2603_/B1
  _2603_/X
  _2605_/B1
  _2605_/X
  _2606_/A3
  | loop cut point
  _2606_/X
  --------------------------------
  _2560_/X
  _2606_/B2
  _2606_/X
  _2609_/A2
  _2609_/X
  fanout144/A
  fanout144/X
  _1721_/A
  _1721_/Y
  _2518_/A2
  _2518_/X
  _2519_/A3
  _2519_/X
  _2521_/B1
  _2521_/Y
  _2559_/B1
  _2559_/X
  _2560_/C1
  | loop cut point
  _2560_/X
  --------------------------------
  _2560_/X
  _2606_/B2
  _2606_/X
  _2609_/A2
  _2609_/X
  fanout144/A
  fanout144/X
  _1721_/A
  _1721_/Y
  _2554_/A2
  _2554_/X
  _2555_/A3
  _2555_/X
  _2557_/B1
  _2557_/Y
  _2560_/B1
  | loop cut point
  _2560_/X
  --------------------------------
  _2182_/X
  _2233_/B2
  _2233_/X
  _2237_/A2
  _2237_/X
  fanout152/A
  fanout152/X
  _1720_/A
  _1720_/Y
  _1746_/A
  _1746_/X
  _1747_/B1
  _1747_/X
  _1748_/B1
  _1748_/Y
  _2400_/B1
  _2400_/Y
  _2401_/B
  _2401_/X
  _2417_/A2
  _2417_/X
  _2438_/B
  _2438_/X
  _2483_/A1
  _2483_/Y
  _2522_/S
  _2522_/X
  _2560_/A2
  _2560_/X
  _2606_/B2
  _2606_/X
  _2609_/A2
  _2609_/X
  fanout144/A
  fanout144/X
  _1721_/A
  _1721_/Y
  fanout143/A
  fanout143/X
  _1839_/B
  _1839_/X
  _1843_/C1
  _1843_/X
  _1855_/A2
  _1855_/X
  _1858_/A
  _1858_/Y
  _2119_/B
  _2119_/Y
  _2123_/A2
  _2123_/X
  _2124_/D
  _2124_/X
  _2144_/A2
  _2144_/X
  _2182_/A1
  | loop cut point
  _2182_/X
  --------------------------------
  _2233_/X
  _2237_/A2
  _2237_/X
  fanout152/A
  fanout152/X
  _1720_/A
  _1720_/Y
  _1746_/A
  _1746_/X
  _1747_/B1
  _1747_/X
  _1748_/B1
  _1748_/Y
  _2400_/B1
  _2400_/Y
  _2401_/B
  _2401_/X
  _2417_/A2
  _2417_/X
  _2438_/B
  _2438_/X
  _2483_/A1
  _2483_/Y
  _2522_/S
  _2522_/X
  _2560_/A2
  _2560_/X
  _2606_/B2
  _2606_/X
  _2609_/A2
  _2609_/X
  fanout144/A
  fanout144/X
  _1721_/A
  _1721_/Y
  fanout143/A
  fanout143/X
  _1839_/B
  _1839_/X
  _1843_/C1
  _1843_/X
  _1855_/A2
  _1855_/X
  _1858_/A
  _1858_/Y
  _2119_/B
  _2119_/Y
  _2123_/A2
  _2123_/X
  _2124_/D
  _2124_/X
  _2144_/A2
  _2144_/X
  _2184_/B1
  _2184_/X
  _2224_/A2
  _2224_/X
  _2233_/B1
  | loop cut point
  _2233_/X
  --------------------------------
  _2233_/X
  _2237_/A2
  _2237_/X
  fanout152/A
  fanout152/X
  _1720_/A
  _1720_/Y
  _1746_/A
  _1746_/X
  _1747_/B1
  _1747_/X
  _1748_/B1
  _1748_/Y
  _2400_/B1
  _2400_/Y
  _2401_/B
  _2401_/X
  _2417_/A2
  _2417_/X
  _2438_/B
  _2438_/X
  _2483_/A1
  _2483_/Y
  _2522_/S
  _2522_/X
  _2560_/A2
  _2560_/X
  _2606_/B2
  _2606_/X
  _2609_/A2
  _2609_/X
  fanout144/A
  fanout144/X
  _1721_/A
  _1721_/Y
  fanout143/A
  fanout143/X
  _1839_/B
  _1839_/X
  _1843_/C1
  _1843_/X
  _1855_/A2
  _1855_/X
  _1858_/A
  _1858_/Y
  _2119_/B
  _2119_/Y
  _2123_/A2
  _2123_/X
  _2124_/D
  _2124_/X
  _2144_/A2
  _2144_/X
  _2228_/A1
  _2228_/X
  _2233_/A2
  | loop cut point
  _2233_/X
  --------------------------------
  _2233_/X
  _2237_/A2
  _2237_/X
  fanout152/A
  fanout152/X
  _1720_/A
  _1720_/Y
  _1746_/A
  _1746_/X
  _1747_/B1
  _1747_/X
  _1748_/B1
  _1748_/Y
  _2400_/B1
  _2400_/Y
  _2401_/B
  _2401_/X
  _2417_/A2
  _2417_/X
  _2438_/B
  _2438_/X
  _2483_/A1
  _2483_/Y
  _2522_/S
  _2522_/X
  _2560_/A2
  _2560_/X
  _2606_/B2
  _2606_/X
  _2609_/A2
  _2609_/X
  fanout144/A
  fanout144/X
  _1721_/A
  _1721_/Y
  fanout143/A
  fanout143/X
  _1839_/B
  _1839_/X
  _1843_/C1
  _1843_/X
  _1855_/A2
  _1855_/X
  _1858_/A
  _1858_/Y
  _2119_/B
  _2119_/Y
  _2123_/A2
  _2123_/X
  _2124_/D
  _2124_/X
  _2144_/A2
  _2144_/X
  _2232_/A1
  _2232_/X
  _2233_/A3
  | loop cut point
  _2233_/X
  --------------------------------
  _2182_/X
  _2233_/B2
  _2233_/X
  _2237_/A2
  _2237_/X
  fanout152/A
  fanout152/X
  _1720_/A
  _1720_/Y
  _1746_/A
  _1746_/X
  _1747_/B1
  _1747_/X
  _1748_/B1
  _1748_/Y
  _2400_/B1
  _2400_/Y
  _2401_/B
  _2401_/X
  _2417_/A2
  _2417_/X
  _2438_/B
  _2438_/X
  _2483_/A1
  _2483_/Y
  _2522_/S
  _2522_/X
  _2560_/A2
  _2560_/X
  _2606_/B2
  _2606_/X
  _2609_/A2
  _2609_/X
  fanout144/A
  fanout144/X
  _1721_/A
  _1721_/Y
  fanout143/A
  fanout143/X
  _1839_/B
  _1839_/X
  _1843_/C1
  _1843_/X
  _1855_/A2
  _1855_/X
  _1858_/A
  _1858_/Y
  _2119_/B
  _2119_/Y
  _2123_/A2
  _2123_/X
  _2124_/D
  _2124_/X
  _2145_/A2
  _2145_/Y
  _2181_/B1
  _2181_/X
  _2182_/C1
  | loop cut point
  _2182_/X
  --------------------------------
  _2182_/X
  _2233_/B2
  _2233_/X
  _2237_/A2
  _2237_/X
  fanout152/A
  fanout152/X
  _1720_/A
  _1720_/Y
  _1746_/A
  _1746_/X
  _1747_/B1
  _1747_/X
  _1748_/B1
  _1748_/Y
  _2400_/B1
  _2400_/Y
  _2401_/B
  _2401_/X
  _2417_/A2
  _2417_/X
  _2438_/B
  _2438_/X
  _2483_/A1
  _2483_/Y
  _2522_/S
  _2522_/X
  _2560_/A2
  _2560_/X
  _2606_/B2
  _2606_/X
  _2609_/A2
  _2609_/X
  fanout144/A
  fanout144/X
  _1721_/A
  _1721_/Y
  fanout143/A
  fanout143/X
  _1839_/B
  _1839_/X
  _1843_/C1
  _1843_/X
  _1855_/A2
  _1855_/X
  _1858_/A
  _1858_/Y
  _2158_/B
  _2158_/Y
  _2161_/A2
  _2161_/X
  _2162_/C
  _2162_/X
  _2179_/A1
  _2179_/Y
  _2182_/B1
  | loop cut point
  _2182_/X
  --------------------------------
  _2233_/X
  _2237_/A2
  _2237_/X
  fanout152/A
  fanout152/X
  _1720_/A
  _1720_/Y
  _1746_/A
  _1746_/X
  _1747_/B1
  _1747_/X
  _1748_/B1
  _1748_/Y
  _2400_/B1
  _2400_/Y
  _2401_/B
  _2401_/X
  _2417_/A2
  _2417_/X
  _2438_/B
  _2438_/X
  _2483_/A1
  _2483_/Y
  _2522_/S
  _2522_/X
  _2560_/A2
  _2560_/X
  _2606_/B2
  _2606_/X
  _2609_/A2
  _2609_/X
  fanout144/A
  fanout144/X
  _1721_/A
  _1721_/Y
  fanout143/A
  fanout143/X
  _1839_/B
  _1839_/X
  _1843_/C1
  _1843_/X
  _1855_/A2
  _1855_/X
  _1858_/A
  _1858_/Y
  _2192_/B
  _2192_/Y
  _2195_/A1
  _2195_/Y
  _2202_/A
  _2202_/X
  _2216_/B1
  _2216_/X
  _2223_/B1
  _2223_/X
  _2233_/A1
  | loop cut point
  _2233_/X
  --------------------------------
  _1747_/X
  _1748_/B1
  _1748_/Y
  _2400_/B1
  _2400_/Y
  _2401_/B
  _2401_/X
  _2417_/A2
  _2417_/X
  _2438_/B
  _2438_/X
  _2483_/A1
  _2483_/Y
  _2522_/S
  _2522_/X
  _2560_/A2
  _2560_/X
  _2606_/B2
  _2606_/X
  _2609_/A2
  _2609_/X
  fanout144/A
  fanout144/X
  _1721_/A
  _1721_/Y
  fanout143/A
  fanout143/X
  _1839_/B
  _1839_/X
  _1843_/C1
  _1843_/X
  _1855_/A2
  _1855_/X
  _1858_/A
  _1858_/Y
  _2252_/B
  _2252_/Y
  _2256_/A2
  _2256_/X
  _2265_/B
  _2265_/X
  _2273_/A1
  _2273_/Y
  _2309_/A2
  _2309_/X
  _2345_/C1
  _2345_/X
  _2394_/B2
  _2394_/X
  _2397_/A2
  _2397_/X
  fanout148/A
  fanout148/X
  _1745_/A
  _1745_/Y
  _1747_/A3
  | loop cut point
  _1747_/X
  --------------------------------
  _2265_/X
  _2273_/A1
  _2273_/Y
  _2309_/A2
  _2309_/X
  _2345_/C1
  _2345_/X
  _2394_/B2
  _2394_/X
  _2397_/A2
  _2397_/X
  fanout148/A
  fanout148/X
  _1758_/A
  _1758_/X
  _1760_/A3
  _1760_/Y
  _1772_/B1
  _1772_/X
  _1775_/A
  _1775_/Y
  _2262_/B
  _2262_/Y
  _2264_/A3
  _2264_/X
  _2265_/D
  | loop cut point
  _2265_/X
  --------------------------------
  _2345_/X
  _2394_/B2
  _2394_/X
  _2397_/A2
  _2397_/X
  fanout148/A
  fanout148/X
  _1758_/A
  _1758_/X
  _1760_/A3
  _1760_/Y
  _1772_/B1
  _1772_/X
  _1775_/A
  _1775_/Y
  _2311_/B
  _2311_/X
  _2316_/A3
  _2316_/X
  _2324_/A_N
  _2324_/X
  _2342_/A2
  _2342_/X
  _2345_/B1
  | loop cut point
  _2345_/X
  --------------------------------
  _2394_/X
  _2397_/A2
  _2397_/X
  fanout148/A
  fanout148/X
  _1758_/A
  _1758_/X
  _1760_/A3
  _1760_/Y
  _1772_/B1
  _1772_/X
  _1775_/A
  _1775_/Y
  _2311_/B
  _2311_/X
  _2316_/A3
  _2316_/X
  _2324_/A_N
  _2324_/X
  _2342_/A2
  _2342_/X
  _2389_/C1
  _2389_/X
  _2394_/A2
  | loop cut point
  _2394_/X
  --------------------------------
  _2394_/X
  _2397_/A2
  _2397_/X
  fanout148/A
  fanout148/X
  _1758_/A
  _1758_/X
  _1760_/A3
  _1760_/Y
  _1772_/B1
  _1772_/X
  _1775_/A
  _1775_/Y
  _2311_/B
  _2311_/X
  _2316_/A3
  _2316_/X
  _2324_/A_N
  _2324_/X
  _2343_/A2
  _2343_/Y
  _2385_/A1
  _2385_/X
  _2394_/B1
  | loop cut point
  _2394_/X
  --------------------------------
  _2394_/X
  _2397_/A2
  _2397_/X
  fanout148/A
  fanout148/X
  _1758_/A
  _1758_/X
  _1760_/A3
  _1760_/Y
  _1772_/B1
  _1772_/X
  _1775_/A
  _1775_/Y
  _2311_/B
  _2311_/X
  _2316_/A3
  _2316_/X
  _2324_/A_N
  _2324_/X
  _2343_/A2
  _2343_/Y
  _2393_/C1
  _2393_/X
  _2394_/A3
  | loop cut point
  _2394_/X
  --------------------------------
  _2394_/X
  _2397_/A2
  _2397_/X
  fanout148/A
  fanout148/X
  _1758_/A
  _1758_/X
  _1760_/A3
  _1760_/Y
  _1772_/B1
  _1772_/X
  _1775_/A
  _1775_/Y
  _2369_/A2
  _2369_/X
  _2371_/B2
  _2371_/X
  _2375_/B1
  _2375_/X
  _2376_/A2
  _2376_/X
  _2383_/A
  _2383_/Y
  _2394_/A1
  | loop cut point
  _2394_/X
  --------------------------------
  _2102_/X
  _2107_/A
  _2107_/Y
  _2146_/S
  _2146_/X
  _2182_/A2
  _2182_/X
  _2233_/B2
  _2233_/X
  _2237_/A2
  _2237_/X
  fanout152/A
  fanout152/X
  _1720_/A
  _1720_/Y
  _1746_/A
  _1746_/X
  _1747_/B1
  _1747_/X
  _1748_/B1
  _1748_/Y
  _2400_/B1
  _2400_/Y
  _2401_/B
  _2401_/X
  _2417_/A2
  _2417_/X
  _2438_/B
  _2438_/X
  _2483_/A1
  _2483_/Y
  _2522_/S
  _2522_/X
  _2560_/A2
  _2560_/X
  _2606_/B2
  _2606_/X
  _2609_/A2
  _2609_/X
  fanout144/A
  fanout144/X
  _1721_/A
  _1721_/Y
  fanout143/A
  fanout143/X
  _1839_/B
  _1839_/X
  _1843_/C1
  _1843_/X
  _1855_/A2
  _1855_/X
  _1858_/A
  _1858_/Y
  _2252_/B
  _2252_/Y
  _2256_/A2
  _2256_/X
  _2265_/B
  _2265_/X
  _2273_/A1
  _2273_/Y
  _2309_/A2
  _2309_/X
  _2345_/C1
  _2345_/X
  _2394_/B2
  _2394_/X
  _2397_/A2
  _2397_/X
  fanout148/A
  fanout148/X
  _1758_/A
  _1758_/X
  _1760_/A3
  _1760_/Y
  _1772_/B1
  _1772_/X
  _1776_/A2
  _1776_/X
  _1831_/A2
  _1831_/X
  _1834_/A1
  _1834_/X
  _2102_/A1
  | loop cut point
  _2102_/X
  --------------------------------
  _2309_/X
  _2345_/C1
  _2345_/X
  _2394_/B2
  _2394_/X
  _2397_/A2
  _2397_/X
  fanout148/A
  fanout148/X
  _1758_/A
  _1758_/X
  _1760_/A3
  _1760_/Y
  _1772_/B1
  _1772_/X
  _2290_/A2
  _2290_/Y
  _2292_/B2
  _2292_/X
  _2300_/A1
  _2300_/Y
  _2302_/B1
  _2302_/X
  _2306_/A
  _2306_/X
  _2309_/B1
  | loop cut point
  _2309_/X
  --------------------------------
  _2345_/X
  _2394_/B2
  _2394_/X
  _2397_/A2
  _2397_/X
  fanout148/A
  fanout148/X
  _1758_/A
  _1758_/X
  _1760_/A3
  _1760_/Y
  _1772_/B1
  _1772_/X
  _2290_/A2
  _2290_/Y
  _2292_/B2
  _2292_/X
  _2300_/A1
  _2300_/Y
  _2302_/B1
  _2302_/X
  _2307_/A
  _2307_/Y
  _2345_/A1
  | loop cut point
  _2345_/X
  --------------------------------
  _2417_/X
  _2438_/B
  _2438_/X
  _2483_/A1
  _2483_/Y
  _2522_/S
  _2522_/X
  _2560_/A2
  _2560_/X
  _2606_/B2
  _2606_/X
  _2609_/A2
  _2609_/X
  fanout144/A
  fanout144/X
  _1721_/A
  _1721_/Y
  fanout143/A
  fanout143/X
  _1839_/B
  _1839_/X
  _1843_/C1
  _1843_/X
  _1855_/A2
  _1855_/X
  _1858_/A
  _1858_/Y
  _2252_/B
  _2252_/Y
  _2256_/A2
  _2256_/X
  _2265_/B
  _2265_/X
  _2273_/A1
  _2273_/Y
  _2309_/A2
  _2309_/X
  _2345_/C1
  _2345_/X
  _2394_/B2
  _2394_/X
  _2397_/A2
  _2397_/X
  fanout148/A
  fanout148/X
  _1758_/A
  _1758_/X
  _1760_/A3
  _1760_/Y
  _1772_/B1
  _1772_/X
  _2404_/A
  _2404_/Y
  _2405_/B
  _2405_/Y
  _2417_/A3
  | loop cut point
  _2417_/X
  --------------------------------
  _2606_/X
  _2609_/A2
  _2609_/X
  fanout144/A
  fanout144/X
  _1721_/A
  _1721_/Y
  fanout143/A
  fanout143/X
  _1839_/B
  _1839_/X
  _1843_/C1
  _1843_/X
  _1855_/A2
  _1855_/X
  _1858_/A
  _1858_/Y
  _2252_/B
  _2252_/Y
  _2256_/A2
  _2256_/X
  _2265_/B
  _2265_/X
  _2273_/A1
  _2273_/Y
  _2309_/A2
  _2309_/X
  _2345_/C1
  _2345_/X
  _2394_/B2
  _2394_/X
  _2397_/A2
  _2397_/X
  fanout148/A
  fanout148/X
  _1758_/A
  _1758_/X
  _1760_/A3
  _1760_/Y
  _1772_/B1
  _1772_/X
  _2404_/A
  _2404_/Y
  _2575_/B
  _2575_/Y
  _2576_/B1
  _2576_/X
  _2579_/A_N
  _2579_/X
  _2587_/A_N
  _2587_/X
  _2592_/A3
  _2592_/Y
  _2606_/A1
  | loop cut point
  _2606_/X
  --------------------------------
  _2102_/X
  _2107_/A
  _2107_/Y
  _2146_/S
  _2146_/X
  _2182_/A2
  _2182_/X
  _2233_/B2
  _2233_/X
  _2237_/A2
  _2237_/X
  fanout152/A
  fanout152/X
  _1720_/A
  _1720_/Y
  _1746_/A
  _1746_/X
  _1747_/B1
  _1747_/X
  _1748_/B1
  _1748_/Y
  _2400_/B1
  _2400_/Y
  _2401_/B
  _2401_/X
  _2417_/A2
  _2417_/X
  _2438_/B
  _2438_/X
  _2483_/A1
  _2483_/Y
  _2522_/S
  _2522_/X
  _2560_/A2
  _2560_/X
  _2606_/B2
  _2606_/X
  _2609_/A2
  _2609_/X
  fanout144/A
  fanout144/X
  _1721_/A
  _1721_/Y
  fanout143/A
  fanout143/X
  _1839_/B
  _1839_/X
  _1843_/C1
  _1843_/X
  _1855_/A2
  _1855_/X
  _1858_/A
  _1858_/Y
  _2252_/B
  _2252_/Y
  _2256_/A2
  _2256_/X
  _2265_/B
  _2265_/X
  _2273_/A1
  _2273_/Y
  _2309_/A2
  _2309_/X
  _2345_/C1
  _2345_/X
  _2394_/B2
  _2394_/X
  _2397_/A2
  _2397_/X
  fanout148/A
  fanout148/X
  _1758_/A
  _1758_/X
  _1760_/A3
  _1760_/Y
  _1772_/B1
  _1772_/X
  _2404_/A
  _2404_/Y
  _2635_/B
  _2635_/Y
  _2637_/A3
  _2637_/X
  _2638_/D
  _2638_/X
  _2646_/A1
  _2646_/Y
  _2748_/S
  _2748_/X
  _2751_/A2
  _2751_/X
  _2765_/B1
  _2765_/X
  _2768_/A2
  _2768_/X
  fanout141/A
  fanout141/X
  _1722_/A
  _1722_/Y
  _1867_/A1
  _1867_/X
  _1869_/B2
  _1869_/X
  _1874_/A1
  _1874_/X
  _1877_/A
  _1877_/X
  _1879_/A2
  _1879_/Y
  _1918_/A1
  _1918_/Y
  _2102_/A2
  | loop cut point
  _2102_/X
  --------------------------------
  _2256_/X
  _2265_/B
  _2265_/X
  _2273_/A1
  _2273_/Y
  _2309_/A2
  _2309_/X
  _2345_/C1
  _2345_/X
  _2394_/B2
  _2394_/X
  _2397_/A2
  _2397_/X
  fanout148/A
  fanout148/X
  _1758_/A
  _1758_/X
  _1760_/A3
  _1760_/Y
  _1772_/B1
  _1772_/X
  _2404_/A
  _2404_/Y
  _2635_/B
  _2635_/Y
  _2637_/A3
  _2637_/X
  _2638_/D
  _2638_/X
  _2646_/A1
  _2646_/Y
  _2748_/S
  _2748_/X
  _2751_/A2
  _2751_/X
  _2765_/B1
  _2765_/X
  _2768_/A2
  _2768_/X
  fanout141/A
  fanout141/X
  _1722_/A
  _1722_/Y
  _1867_/A1
  _1867_/X
  _1869_/B2
  _1869_/X
  _1874_/A1
  _1874_/X
  _1877_/A
  _1877_/X
  _2253_/B
  _2253_/X
  _2256_/A3
  | loop cut point
  _2256_/X
  --------------------------------
  _2438_/X
  _2483_/A1
  _2483_/Y
  _2522_/S
  _2522_/X
  _2560_/A2
  _2560_/X
  _2606_/B2
  _2606_/X
  _2609_/A2
  _2609_/X
  fanout144/A
  fanout144/X
  _1721_/A
  _1721_/Y
  fanout143/A
  fanout143/X
  _1839_/B
  _1839_/X
  _1843_/C1
  _1843_/X
  _1855_/A2
  _1855_/X
  _1858_/A
  _1858_/Y
  _2252_/B
  _2252_/Y
  _2256_/A2
  _2256_/X
  _2265_/B
  _2265_/X
  _2273_/A1
  _2273_/Y
  _2309_/A2
  _2309_/X
  _2345_/C1
  _2345_/X
  _2394_/B2
  _2394_/X
  _2397_/A2
  _2397_/X
  fanout148/A
  fanout148/X
  _1758_/A
  _1758_/X
  _1760_/A3
  _1760_/Y
  _1772_/B1
  _1772_/X
  _2404_/A
  _2404_/Y
  _2635_/B
  _2635_/Y
  _2637_/A3
  _2637_/X
  _2638_/D
  _2638_/X
  _2646_/A1
  _2646_/Y
  _2748_/S
  _2748_/X
  _2751_/A2
  _2751_/X
  _2765_/B1
  _2765_/X
  _2768_/A2
  _2768_/X
  fanout141/A
  fanout141/X
  _1722_/A
  _1722_/Y
  _1867_/A1
  _1867_/X
  _1869_/B2
  _1869_/X
  _1874_/A1
  _1874_/X
  _2428_/A
  _2428_/X
  _2429_/B
  _2429_/X
  _2437_/A3
  _2437_/X
  _2438_/D
  | loop cut point
  _2438_/X
  --------------------------------
  _2638_/X
  _2646_/A1
  _2646_/Y
  _2748_/S
  _2748_/X
  _2751_/A2
  _2751_/X
  _2765_/B1
  _2765_/X
  _2768_/A2
  _2768_/X
  fanout141/A
  fanout141/X
  _1722_/A
  _1722_/Y
  _1867_/A1
  _1867_/X
  _1869_/B2
  _1869_/X
  _1874_/A1
  _1874_/X
  _2428_/A
  _2428_/X
  _2627_/B
  _2627_/X
  _2629_/A3
  _2629_/X
  _2638_/B
  | loop cut point
  _2638_/X
  --------------------------------
  _2751_/X
  _2765_/B1
  _2765_/X
  _2768_/A2
  _2768_/X
  fanout141/A
  fanout141/X
  _1722_/A
  _1722_/Y
  _1867_/A1
  _1867_/X
  _1869_/B2
  _1869_/X
  _1874_/A1
  _1874_/X
  _2428_/A
  _2428_/X
  _2648_/A2
  _2648_/X
  _2654_/A2
  _2654_/Y
  _2674_/A2
  _2674_/X
  _2678_/A2
  _2678_/Y
  _2751_/A1
  | loop cut point
  _2751_/X
  --------------------------------
  _2765_/X
  _2768_/A2
  _2768_/X
  fanout141/A
  fanout141/X
  _1722_/A
  _1722_/Y
  _1867_/A1
  _1867_/X
  _1869_/B2
  _1869_/X
  _1874_/A1
  _1874_/X
  _2428_/A
  _2428_/X
  _2648_/A2
  _2648_/X
  _2654_/A2
  _2654_/Y
  _2674_/A2
  _2674_/X
  _2678_/A2
  _2678_/Y
  _2753_/B1
  _2753_/X
  _2756_/A2
  _2756_/X
  _2765_/B2
  | loop cut point
  _2765_/X
  --------------------------------
  _2765_/X
  _2768_/A2
  _2768_/X
  fanout141/A
  fanout141/X
  _1722_/A
  _1722_/Y
  _1867_/A1
  _1867_/X
  _1869_/B2
  _1869_/X
  _1874_/A1
  _1874_/X
  _2428_/A
  _2428_/X
  _2648_/A2
  _2648_/X
  _2654_/A2
  _2654_/Y
  _2674_/A2
  _2674_/X
  _2678_/A2
  _2678_/Y
  _2760_/A1
  _2760_/X
  _2765_/A2
  | loop cut point
  _2765_/X
  --------------------------------
  _2765_/X
  _2768_/A2
  _2768_/X
  fanout141/A
  fanout141/X
  _1722_/A
  _1722_/Y
  _1867_/A1
  _1867_/X
  _1869_/B2
  _1869_/X
  _1874_/A1
  _1874_/X
  _2428_/A
  _2428_/X
  _2648_/A2
  _2648_/X
  _2654_/A2
  _2654_/Y
  _2674_/A2
  _2674_/X
  _2678_/A2
  _2678_/Y
  _2763_/B1
  _2763_/Y
  _2764_/B2
  _2764_/X
  _2765_/A3
  | loop cut point
  _2765_/X
  --------------------------------
  _2751_/X
  _2765_/B1
  _2765_/X
  _2768_/A2
  _2768_/X
  fanout141/A
  fanout141/X
  _1722_/A
  _1722_/Y
  _1867_/A1
  _1867_/X
  _1869_/B2
  _1869_/X
  _1874_/A1
  _1874_/X
  _2428_/A
  _2428_/X
  _2648_/A2
  _2648_/X
  _2654_/A2
  _2654_/Y
  _2674_/A2
  _2674_/X
  _2679_/A2
  _2679_/X
  _2750_/B1
  _2750_/X
  _2751_/B1
  | loop cut point
  _2751_/X
  --------------------------------
  _2751_/X
  _2765_/B1
  _2765_/X
  _2768_/A2
  _2768_/X
  fanout141/A
  fanout141/X
  _1722_/A
  _1722_/Y
  _1867_/A1
  _1867_/X
  _1869_/B2
  _1869_/X
  _1874_/A1
  _1874_/X
  _2428_/A
  _2428_/X
  _2681_/B
  _2681_/X
  _2687_/A3
  _2687_/X
  _2696_/B
  _2696_/X
  _2710_/B
  _2710_/Y
  _2714_/B1
  _2714_/X
  _2751_/C1
  | loop cut point
  _2751_/X
  --------------------------------
  _2765_/X
  _2768_/A2
  _2768_/X
  fanout141/A
  fanout141/X
  _1722_/A
  _1722_/Y
  _1867_/A1
  _1867_/X
  _1869_/B2
  _1869_/X
  _1874_/A1
  _1874_/X
  _2428_/A
  _2428_/X
  _2738_/B
  _2738_/X
  _2740_/A3
  _2740_/X
  _2741_/C
  _2741_/X
  _2746_/A3
  _2746_/X
  _2765_/A1
  | loop cut point
  _2765_/X
  --------------------------------
  _2256_/X
  _2265_/B
  _2265_/X
  _2273_/A1
  _2273_/Y
  _2309_/A2
  _2309_/X
  _2345_/C1
  _2345_/X
  _2394_/B2
  _2394_/X
  _2397_/A2
  _2397_/X
  fanout148/A
  fanout148/X
  _1758_/A
  _1758_/X
  _1760_/A3
  _1760_/Y
  _1772_/B1
  _1772_/X
  _2404_/A
  _2404_/Y
  _2635_/B
  _2635_/Y
  _2637_/A3
  _2637_/X
  _2638_/D
  _2638_/X
  _2646_/A1
  _2646_/Y
  _2748_/S
  _2748_/X
  _2751_/A2
  _2751_/X
  _2765_/B1
  _2765_/X
  _2768_/A2
  _2768_/X
  fanout141/A
  fanout141/X
  _1722_/A
  _1722_/Y
  _1881_/A1
  _1881_/X
  _1883_/B2
  _1883_/Y
  _1894_/A2
  _1894_/X
  _2254_/A1
  _2254_/Y
  _2255_/B1
  _2255_/X
  _2256_/B1
  | loop cut point
  _2256_/X
  --------------------------------
  _1748_/Y
  _2400_/B1
  _2400_/Y
  _2401_/B
  _2401_/X
  _2417_/A2
  _2417_/X
  _2438_/B
  _2438_/X
  _2483_/A1
  _2483_/Y
  _2522_/S
  _2522_/X
  _2560_/A2
  _2560_/X
  _2606_/B2
  _2606_/X
  _2609_/A2
  _2609_/X
  fanout144/A
  fanout144/X
  _1721_/A
  _1721_/Y
  fanout143/A
  fanout143/X
  _1839_/B
  _1839_/X
  _1843_/C1
  _1843_/X
  _1855_/A2
  _1855_/X
  _1858_/A
  _1858_/Y
  _2252_/B
  _2252_/Y
  _2256_/A2
  _2256_/X
  _2265_/B
  _2265_/X
  _2273_/A1
  _2273_/Y
  _2309_/A2
  _2309_/X
  _2345_/C1
  _2345_/X
  _2394_/B2
  _2394_/X
  _2397_/A2
  _2397_/X
  fanout148/A
  fanout148/X
  _1758_/A
  _1758_/X
  _1760_/A3
  _1760_/Y
  _1772_/B1
  _1772_/X
  _2404_/A
  _2404_/Y
  _2635_/B
  _2635_/Y
  _2637_/A3
  _2637_/X
  _2638_/D
  _2638_/X
  _2646_/A1
  _2646_/Y
  _2748_/S
  _2748_/X
  _2751_/A2
  _2751_/X
  _2765_/B1
  _2765_/X
  _2768_/A2
  _2768_/X
  fanout141/A
  fanout141/X
  _1722_/A
  _1722_/Y
  fanout138/A
  fanout138/X
  _1730_/A1
  _1730_/X
  _1734_/B2
  _1734_/X
  _1748_/A1
  | loop cut point
  _1748_/Y
  --------------------------------
  _1772_/X
  _2404_/A
  _2404_/Y
  _2635_/B
  _2635_/Y
  _2637_/A3
  _2637_/X
  _2638_/D
  _2638_/X
  _2646_/A1
  _2646_/Y
  _2748_/S
  _2748_/X
  _2751_/A2
  _2751_/X
  _2765_/B1
  _2765_/X
  _2768_/A2
  _2768_/X
  fanout141/A
  fanout141/X
  _1722_/A
  _1722_/Y
  fanout138/A
  fanout138/X
  _1765_/A1
  _1765_/X
  _1767_/B2
  _1767_/X
  _1772_/A2
  | loop cut point
  _1772_/X
  --------------------------------
  _2417_/X
  _2438_/B
  _2438_/X
  _2483_/A1
  _2483_/Y
  _2522_/S
  _2522_/X
  _2560_/A2
  _2560_/X
  _2606_/B2
  _2606_/X
  _2609_/A2
  _2609_/X
  fanout144/A
  fanout144/X
  _1721_/A
  _1721_/Y
  fanout143/A
  fanout143/X
  _1839_/B
  _1839_/X
  _1843_/C1
  _1843_/X
  _1855_/A2
  _1855_/X
  _1858_/A
  _1858_/Y
  _2252_/B
  _2252_/Y
  _2256_/A2
  _2256_/X
  _2265_/B
  _2265_/X
  _2273_/A1
  _2273_/Y
  _2309_/A2
  _2309_/X
  _2345_/C1
  _2345_/X
  _2394_/B2
  _2394_/X
  _2397_/A2
  _2397_/X
  fanout148/A
  fanout148/X
  _1758_/A
  _1758_/X
  _1760_/A3
  _1760_/Y
  _1772_/B1
  _1772_/X
  _2404_/A
  _2404_/Y
  _2635_/B
  _2635_/Y
  _2637_/A3
  _2637_/X
  _2638_/D
  _2638_/X
  _2646_/A1
  _2646_/Y
  _2748_/S
  _2748_/X
  _2751_/A2
  _2751_/X
  _2765_/B1
  _2765_/X
  _2768_/A2
  _2768_/X
  fanout141/A
  fanout141/X
  _1722_/A
  _1722_/Y
  fanout138/A
  fanout138/X
  _1781_/A1
  _1781_/Y
  _1783_/B2
  _1783_/X
  _1798_/A2
  _1798_/X
  _2408_/B
  _2408_/X
  _2416_/A1
  _2416_/Y
  _2417_/B1
  | loop cut point
  _2417_/X
  --------------------------------
  _2637_/X
  _2638_/D
  _2638_/X
  _2646_/A1
  _2646_/Y
  _2748_/S
  _2748_/X
  _2751_/A2
  _2751_/X
  _2765_/B1
  _2765_/X
  _2768_/A2
  _2768_/X
  fanout141/A
  fanout141/X
  _1722_/A
  _1722_/Y
  fanout138/A
  fanout138/X
  _1781_/A1
  _1781_/Y
  _1783_/B2
  _1783_/X
  _1798_/A2
  _1798_/X
  _2408_/B
  _2408_/X
  _2636_/A1
  _2636_/Y
  _2637_/B1
  | loop cut point
  _2637_/X
  --------------------------------
  _1843_/X
  _1855_/A2
  _1855_/X
  _1858_/A
  _1858_/Y
  _2252_/B
  _2252_/Y
  _2256_/A2
  _2256_/X
  _2265_/B
  _2265_/X
  _2273_/A1
  _2273_/Y
  _2309_/A2
  _2309_/X
  _2345_/C1
  _2345_/X
  _2394_/B2
  _2394_/X
  _2397_/A2
  _2397_/X
  fanout148/A
  fanout148/X
  _1758_/A
  _1758_/X
  _1760_/A3
  _1760_/Y
  _1772_/B1
  _1772_/X
  _2404_/A
  _2404_/Y
  _2635_/B
  _2635_/Y
  _2637_/A3
  _2637_/X
  _2638_/D
  _2638_/X
  _2646_/A1
  _2646_/Y
  _2748_/S
  _2748_/X
  _2751_/A2
  _2751_/X
  _2765_/B1
  _2765_/X
  _2768_/A2
  _2768_/X
  fanout141/A
  fanout141/X
  _1722_/A
  _1722_/Y
  fanout138/A
  fanout138/X
  _1838_/A1
  _1838_/X
  _1843_/B2
  | loop cut point
  _1843_/X
  --------------------------------
  _2102_/X
  _2107_/A
  _2107_/Y
  _2146_/S
  _2146_/X
  _2182_/A2
  _2182_/X
  _2233_/B2
  _2233_/X
  _2237_/A2
  _2237_/X
  fanout152/A
  fanout152/X
  _1720_/A
  _1720_/Y
  _1746_/A
  _1746_/X
  _1747_/B1
  _1747_/X
  _1748_/B1
  _1748_/Y
  _2400_/B1
  _2400_/Y
  _2401_/B
  _2401_/X
  _2417_/A2
  _2417_/X
  _2438_/B
  _2438_/X
  _2483_/A1
  _2483_/Y
  _2522_/S
  _2522_/X
  _2560_/A2
  _2560_/X
  _2606_/B2
  _2606_/X
  _2609_/A2
  _2609_/X
  fanout144/A
  fanout144/X
  _1721_/A
  _1721_/Y
  fanout143/A
  fanout143/X
  _1839_/B
  _1839_/X
  _1843_/C1
  _1843_/X
  _1855_/A2
  _1855_/X
  _1858_/A
  _1858_/Y
  _2252_/B
  _2252_/Y
  _2256_/A2
  _2256_/X
  _2265_/B
  _2265_/X
  _2273_/A1
  _2273_/Y
  _2309_/A2
  _2309_/X
  _2345_/C1
  _2345_/X
  _2394_/B2
  _2394_/X
  _2397_/A2
  _2397_/X
  fanout148/A
  fanout148/X
  _1758_/A
  _1758_/X
  _1760_/A3
  _1760_/Y
  _1772_/B1
  _1772_/X
  _2404_/A
  _2404_/Y
  _2635_/B
  _2635_/Y
  _2637_/A3
  _2637_/X
  _2638_/D
  _2638_/X
  _2646_/A1
  _2646_/Y
  _2748_/S
  _2748_/X
  _2751_/A2
  _2751_/X
  _2765_/B1
  _2765_/X
  _2768_/A2
  _2768_/X
  fanout141/A
  fanout141/X
  _1722_/A
  _1722_/Y
  fanout138/A
  fanout138/X
  _1994_/A1
  _1994_/X
  _1996_/B2
  _1996_/Y
  _2007_/A2
  _2007_/X
  _2011_/B1
  _2011_/X
  _2012_/A1_N
  _2012_/X
  _2013_/B1
  _2013_/X
  _2102_/B1
  | loop cut point
  _2102_/X
  --------------------------------
  _2273_/Y
  _2309_/A2
  _2309_/X
  _2345_/C1
  _2345_/X
  _2394_/B2
  _2394_/X
  _2397_/A2
  _2397_/X
  fanout148/A
  fanout148/X
  _1758_/A
  _1758_/X
  _1760_/A3
  _1760_/Y
  _1772_/B1
  _1772_/X
  _2404_/A
  _2404_/Y
  _2635_/B
  _2635_/Y
  _2637_/A3
  _2637_/X
  _2638_/D
  _2638_/X
  _2646_/A1
  _2646_/Y
  _2748_/S
  _2748_/X
  _2751_/A2
  _2751_/X
  _2765_/B1
  _2765_/X
  _2768_/A2
  _2768_/X
  fanout141/A
  fanout141/X
  _1722_/A
  _1722_/Y
  fanout138/A
  fanout138/X
  _1994_/A1
  _1994_/X
  _1996_/B2
  _1996_/Y
  _2007_/A2
  _2007_/X
  _2011_/B1
  _2011_/X
  _2243_/A2_N
  _2243_/X
  _2244_/B1
  _2244_/X
  _2266_/A1
  _2266_/X
  _2273_/A2
  | loop cut point
  _2273_/Y
  --------------------------------
  _2309_/X
  _2345_/C1
  _2345_/X
  _2394_/B2
  _2394_/X
  _2397_/A2
  _2397_/X
  fanout148/A
  fanout148/X
  _1758_/A
  _1758_/X
  _1760_/A3
  _1760_/Y
  _1772_/B1
  _1772_/X
  _2404_/A
  _2404_/Y
  _2635_/B
  _2635_/Y
  _2637_/A3
  _2637_/X
  _2638_/D
  _2638_/X
  _2646_/A1
  _2646_/Y
  _2748_/S
  _2748_/X
  _2751_/A2
  _2751_/X
  _2765_/B1
  _2765_/X
  _2768_/A2
  _2768_/X
  fanout141/A
  fanout141/X
  _1722_/A
  _1722_/Y
  fanout138/A
  fanout138/X
  _1994_/A1
  _1994_/X
  _1996_/B2
  _1996_/Y
  _2007_/A2
  _2007_/X
  _2011_/B1
  _2011_/X
  _2243_/A2_N
  _2243_/X
  _2244_/B1
  _2244_/X
  _2266_/A1
  _2266_/X
  _2308_/A2
  _2308_/X
  _2309_/C1
  | loop cut point
  _2309_/X
  --------------------------------
  _2483_/Y
  _2522_/S
  _2522_/X
  _2560_/A2
  _2560_/X
  _2606_/B2
  _2606_/X
  _2609_/A2
  _2609_/X
  fanout144/A
  fanout144/X
  _1721_/A
  _1721_/Y
  fanout143/A
  fanout143/X
  _1839_/B
  _1839_/X
  _1843_/C1
  _1843_/X
  _1855_/A2
  _1855_/X
  _1858_/A
  _1858_/Y
  _2252_/B
  _2252_/Y
  _2256_/A2
  _2256_/X
  _2265_/B
  _2265_/X
  _2273_/A1
  _2273_/Y
  _2309_/A2
  _2309_/X
  _2345_/C1
  _2345_/X
  _2394_/B2
  _2394_/X
  _2397_/A2
  _2397_/X
  fanout148/A
  fanout148/X
  _1758_/A
  _1758_/X
  _1760_/A3
  _1760_/Y
  _1772_/B1
  _1772_/X
  _2404_/A
  _2404_/Y
  _2635_/B
  _2635_/Y
  _2637_/A3
  _2637_/X
  _2638_/D
  _2638_/X
  _2646_/A1
  _2646_/Y
  _2748_/S
  _2748_/X
  _2751_/A2
  _2751_/X
  _2765_/B1
  _2765_/X
  _2768_/A2
  _2768_/X
  fanout141/A
  fanout141/X
  _1722_/A
  _1722_/Y
  fanout138/A
  fanout138/X
  _1994_/A1
  _1994_/X
  _1996_/B2
  _1996_/Y
  _2007_/A2
  _2007_/X
  _2453_/A
  _2453_/Y
  _2454_/B1
  _2454_/X
  _2455_/B1
  _2455_/X
  _2476_/A1
  _2476_/X
  _2483_/A2
  | loop cut point
  _2483_/Y
  --------------------------------
  _2646_/Y
  _2748_/S
  _2748_/X
  _2751_/A2
  _2751_/X
  _2765_/B1
  _2765_/X
  _2768_/A2
  _2768_/X
  fanout141/A
  fanout141/X
  _1722_/A
  _1722_/Y
  fanout138/A
  fanout138/X
  _1994_/A1
  _1994_/X
  _1996_/B2
  _1996_/Y
  _2007_/A2
  _2007_/X
  _2453_/A
  _2453_/Y
  _2616_/B2
  _2616_/X
  _2617_/B1
  _2617_/X
  _2639_/A1
  _2639_/X
  _2646_/A2
  | loop cut point
  _2646_/Y
  --------------------------------
  _2101_/Y
  _2102_/B2
  _2102_/X
  _2107_/A
  _2107_/Y
  _2146_/S
  _2146_/X
  _2182_/A2
  _2182_/X
  _2233_/B2
  _2233_/X
  _2237_/A2
  _2237_/X
  fanout152/A
  fanout152/X
  _1720_/A
  _1720_/Y
  _1746_/A
  _1746_/X
  _1747_/B1
  _1747_/X
  _1748_/B1
  _1748_/Y
  _2400_/B1
  _2400_/Y
  _2401_/B
  _2401_/X
  _2417_/A2
  _2417_/X
  _2438_/B
  _2438_/X
  _2483_/A1
  _2483_/Y
  _2522_/S
  _2522_/X
  _2560_/A2
  _2560_/X
  _2606_/B2
  _2606_/X
  _2609_/A2
  _2609_/X
  fanout144/A
  fanout144/X
  _1721_/A
  _1721_/Y
  fanout143/A
  fanout143/X
  _1839_/B
  _1839_/X
  _1843_/C1
  _1843_/X
  _1855_/A2
  _1855_/X
  _1858_/A
  _1858_/Y
  _2252_/B
  _2252_/Y
  _2256_/A2
  _2256_/X
  _2265_/B
  _2265_/X
  _2273_/A1
  _2273_/Y
  _2309_/A2
  _2309_/X
  _2345_/C1
  _2345_/X
  _2394_/B2
  _2394_/X
  _2397_/A2
  _2397_/X
  fanout148/A
  fanout148/X
  _1758_/A
  _1758_/X
  _1760_/A3
  _1760_/Y
  _1772_/B1
  _1772_/X
  _2404_/A
  _2404_/Y
  _2635_/B
  _2635_/Y
  _2637_/A3
  _2637_/X
  _2638_/D
  _2638_/X
  _2646_/A1
  _2646_/Y
  _2748_/S
  _2748_/X
  _2751_/A2
  _2751_/X
  _2765_/B1
  _2765_/X
  _2768_/A2
  _2768_/X
  fanout141/A
  fanout141/X
  _1722_/A
  _1722_/Y
  fanout138/A
  fanout138/X
  _2021_/A1
  _2021_/X
  _2025_/A2
  _2025_/Y
  _2038_/A1
  _2038_/X
  _2062_/A2
  _2062_/X
  _2063_/B1
  _2063_/X
  _2101_/B1
  | loop cut point
  _2101_/Y
  --------------------------------
  _2100_/X
  _2101_/B2
  _2101_/Y
  _2102_/B2
  _2102_/X
  _2107_/A
  _2107_/Y
  _2146_/S
  _2146_/X
  _2182_/A2
  _2182_/X
  _2233_/B2
  _2233_/X
  _2237_/A2
  _2237_/X
  fanout152/A
  fanout152/X
  _1720_/A
  _1720_/Y
  _1746_/A
  _1746_/X
  _1747_/B1
  _1747_/X
  _1748_/B1
  _1748_/Y
  _2400_/B1
  _2400_/Y
  _2401_/B
  _2401_/X
  _2417_/A2
  _2417_/X
  _2438_/B
  _2438_/X
  _2483_/A1
  _2483_/Y
  _2522_/S
  _2522_/X
  _2560_/A2
  _2560_/X
  _2606_/B2
  _2606_/X
  _2609_/A2
  _2609_/X
  fanout144/A
  fanout144/X
  _1721_/A
  _1721_/Y
  fanout143/A
  fanout143/X
  _1839_/B
  _1839_/X
  _1843_/C1
  _1843_/X
  _1855_/A2
  _1855_/X
  _1858_/A
  _1858_/Y
  _2252_/B
  _2252_/Y
  _2256_/A2
  _2256_/X
  _2265_/B
  _2265_/X
  _2273_/A1
  _2273_/Y
  _2309_/A2
  _2309_/X
  _2345_/C1
  _2345_/X
  _2394_/B2
  _2394_/X
  _2397_/A2
  _2397_/X
  fanout148/A
  fanout148/X
  _1758_/A
  _1758_/X
  _1760_/A3
  _1760_/Y
  _1772_/B1
  _1772_/X
  _2404_/A
  _2404_/Y
  _2635_/B
  _2635_/Y
  _2637_/A3
  _2637_/X
  _2638_/D
  _2638_/X
  _2646_/A1
  _2646_/Y
  _2748_/S
  _2748_/X
  _2751_/A2
  _2751_/X
  _2765_/B1
  _2765_/X
  _2768_/A2
  _2768_/X
  fanout141/A
  fanout141/X
  _1722_/A
  _1722_/Y
  fanout138/A
  fanout138/X
  _2065_/A1
  _2065_/X
  _2067_/B2
  _2067_/Y
  _2078_/A2
  _2078_/X
  _2081_/A
  _2081_/X
  _2100_/A2
  | loop cut point
  _2100_/X
  --------------------------------
  _2085_/Y
  _2096_/A2
  _2096_/X
  _2099_/A
  _2099_/X
  _2100_/B1
  _2100_/X
  _2101_/B2
  _2101_/Y
  _2102_/B2
  _2102_/X
  _2107_/A
  _2107_/Y
  _2146_/S
  _2146_/X
  _2182_/A2
  _2182_/X
  _2233_/B2
  _2233_/X
  _2237_/A2
  _2237_/X
  fanout152/A
  fanout152/X
  _1720_/A
  _1720_/Y
  _1746_/A
  _1746_/X
  _1747_/B1
  _1747_/X
  _1748_/B1
  _1748_/Y
  _2400_/B1
  _2400_/Y
  _2401_/B
  _2401_/X
  _2417_/A2
  _2417_/X
  _2438_/B
  _2438_/X
  _2483_/A1
  _2483_/Y
  _2522_/S
  _2522_/X
  _2560_/A2
  _2560_/X
  _2606_/B2
  _2606_/X
  _2609_/A2
  _2609_/X
  fanout144/A
  fanout144/X
  _1721_/A
  _1721_/Y
  fanout143/A
  fanout143/X
  _1839_/B
  _1839_/X
  _1843_/C1
  _1843_/X
  _1855_/A2
  _1855_/X
  _1858_/A
  _1858_/Y
  _2252_/B
  _2252_/Y
  _2256_/A2
  _2256_/X
  _2265_/B
  _2265_/X
  _2273_/A1
  _2273_/Y
  _2309_/A2
  _2309_/X
  _2345_/C1
  _2345_/X
  _2394_/B2
  _2394_/X
  _2397_/A2
  _2397_/X
  fanout148/A
  fanout148/X
  _1758_/A
  _1758_/X
  _1760_/A3
  _1760_/Y
  _1772_/B1
  _1772_/X
  _2404_/A
  _2404_/Y
  _2635_/B
  _2635_/Y
  _2637_/A3
  _2637_/X
  _2638_/D
  _2638_/X
  _2646_/A1
  _2646_/Y
  _2748_/S
  _2748_/X
  _2751_/A2
  _2751_/X
  _2765_/B1
  _2765_/X
  _2768_/A2
  _2768_/X
  fanout141/A
  fanout141/X
  _1722_/A
  _1722_/Y
  fanout138/A
  fanout138/X
  _2083_/A1
  _2083_/X
  _2085_/B2
  | loop cut point
  _2085_/Y
  --------------------------------
  _2107_/Y
  _2146_/S
  _2146_/X
  _2182_/A2
  _2182_/X
  _2233_/B2
  _2233_/X
  _2237_/A2
  _2237_/X
  fanout152/A
  fanout152/X
  _1720_/A
  _1720_/Y
  _1746_/A
  _1746_/X
  _1747_/B1
  _1747_/X
  _1748_/B1
  _1748_/Y
  _2400_/B1
  _2400_/Y
  _2401_/B
  _2401_/X
  _2417_/A2
  _2417_/X
  _2438_/B
  _2438_/X
  _2483_/A1
  _2483_/Y
  _2522_/S
  _2522_/X
  _2560_/A2
  _2560_/X
  _2606_/B2
  _2606_/X
  _2609_/A2
  _2609_/X
  fanout144/A
  fanout144/X
  _1721_/A
  _1721_/Y
  fanout143/A
  fanout143/X
  _1839_/B
  _1839_/X
  _1843_/C1
  _1843_/X
  _1855_/A2
  _1855_/X
  _1858_/A
  _1858_/Y
  _2252_/B
  _2252_/Y
  _2256_/A2
  _2256_/X
  _2265_/B
  _2265_/X
  _2273_/A1
  _2273_/Y
  _2309_/A2
  _2309_/X
  _2345_/C1
  _2345_/X
  _2394_/B2
  _2394_/X
  _2397_/A2
  _2397_/X
  fanout148/A
  fanout148/X
  _1758_/A
  _1758_/X
  _1760_/A3
  _1760_/Y
  _1772_/B1
  _1772_/X
  _2404_/A
  _2404_/Y
  _2635_/B
  _2635_/Y
  _2637_/A3
  _2637_/X
  _2638_/D
  _2638_/X
  _2646_/A1
  _2646_/Y
  _2748_/S
  _2748_/X
  _2751_/A2
  _2751_/X
  _2765_/B1
  _2765_/X
  _2768_/A2
  _2768_/X
  fanout141/A
  fanout141/X
  fanout140/A
  fanout140/X
  fanout139/A
  fanout139/X
  _2104_/A3
  _2104_/X
  _2105_/A
  _2105_/Y
  _2106_/B1
  _2106_/X
  _2107_/B
  | loop cut point
  _2107_/Y
  --------------------------------
  _2273_/Y
  _2309_/A2
  _2309_/X
  _2345_/C1
  _2345_/X
  _2394_/B2
  _2394_/X
  _2397_/A2
  _2397_/X
  fanout148/A
  fanout148/X
  _1758_/A
  _1758_/X
  _1760_/A3
  _1760_/Y
  _1772_/B1
  _1772_/X
  _2404_/A
  _2404_/Y
  _2635_/B
  _2635_/Y
  _2637_/A3
  _2637_/X
  _2638_/D
  _2638_/X
  _2646_/A1
  _2646_/Y
  _2748_/S
  _2748_/X
  _2751_/A2
  _2751_/X
  _2765_/B1
  _2765_/X
  _2768_/A2
  _2768_/X
  fanout141/A
  fanout141/X
  fanout140/A
  fanout140/X
  fanout139/A
  fanout139/X
  _2270_/B
  _2270_/Y
  _2271_/B1
  _2271_/X
  _2272_/A3
  _2272_/X
  _2273_/B1
  | loop cut point
  _2273_/Y
  --------------------------------
  _2483_/Y
  _2522_/S
  _2522_/X
  _2560_/A2
  _2560_/X
  _2606_/B2
  _2606_/X
  _2609_/A2
  _2609_/X
  fanout144/A
  fanout144/X
  _1721_/A
  _1721_/Y
  fanout143/A
  fanout143/X
  _1839_/B
  _1839_/X
  _1843_/C1
  _1843_/X
  _1855_/A2
  _1855_/X
  _1858_/A
  _1858_/Y
  _2252_/B
  _2252_/Y
  _2256_/A2
  _2256_/X
  _2265_/B
  _2265_/X
  _2273_/A1
  _2273_/Y
  _2309_/A2
  _2309_/X
  _2345_/C1
  _2345_/X
  _2394_/B2
  _2394_/X
  _2397_/A2
  _2397_/X
  fanout148/A
  fanout148/X
  _1758_/A
  _1758_/X
  _1760_/A3
  _1760_/Y
  _1772_/B1
  _1772_/X
  _2404_/A
  _2404_/Y
  _2635_/B
  _2635_/Y
  _2637_/A3
  _2637_/X
  _2638_/D
  _2638_/X
  _2646_/A1
  _2646_/Y
  _2748_/S
  _2748_/X
  _2751_/A2
  _2751_/X
  _2765_/B1
  _2765_/X
  _2768_/A2
  _2768_/X
  fanout141/A
  fanout141/X
  fanout140/A
  fanout140/X
  fanout139/A
  fanout139/X
  _2480_/B
  _2480_/Y
  _2481_/B1
  _2481_/X
  _2482_/A3
  _2482_/X
  _2483_/B1
  | loop cut point
  _2483_/Y
  --------------------------------
  _2646_/Y
  _2748_/S
  _2748_/X
  _2751_/A2
  _2751_/X
  _2765_/B1
  _2765_/X
  _2768_/A2
  _2768_/X
  fanout141/A
  fanout141/X
  fanout140/A
  fanout140/X
  fanout139/A
  fanout139/X
  _2643_/B
  _2643_/Y
  _2644_/B1
  _2644_/X
  _2645_/A3
  _2645_/X
  _2646_/B1
  | loop cut point
  _2646_/Y
  --------------------------------
  _2096_/X
  _2099_/A
  _2099_/X
  _2100_/B1
  _2100_/X
  _2101_/B2
  _2101_/Y
  _2102_/B2
  _2102_/X
  _2107_/A
  _2107_/Y
  _2146_/S
  _2146_/X
  _2182_/A2
  _2182_/X
  _2233_/B2
  _2233_/X
  _2237_/A2
  _2237_/X
  fanout152/A
  fanout152/X
  _1720_/A
  _1720_/Y
  _1746_/A
  _1746_/X
  _1747_/B1
  _1747_/X
  _1748_/B1
  _1748_/Y
  _2400_/B1
  _2400_/Y
  _2401_/B
  _2401_/X
  _2417_/A2
  _2417_/X
  _2438_/B
  _2438_/X
  _2483_/A1
  _2483_/Y
  _2522_/S
  _2522_/X
  _2560_/A2
  _2560_/X
  _2606_/B2
  _2606_/X
  _2609_/A2
  _2609_/X
  fanout144/A
  fanout144/X
  _1721_/A
  _1721_/Y
  fanout143/A
  fanout143/X
  _1839_/B
  _1839_/X
  _1843_/C1
  _1843_/X
  _1855_/A2
  _1855_/X
  _1858_/A
  _1858_/Y
  _2252_/B
  _2252_/Y
  _2256_/A2
  _2256_/X
  _2265_/B
  _2265_/X
  _2273_/A1
  _2273_/Y
  _2309_/A2
  _2309_/X
  _2345_/C1
  _2345_/X
  _2394_/B2
  _2394_/X
  _2397_/A2
  _2397_/X
  fanout148/A
  fanout148/X
  fanout146/A
  fanout146/X
  _2092_/A1
  _2092_/X
  _2095_/A1
  _2095_/X
  _2096_/B1
  | loop cut point
  _2096_/X
  --------------------------------
  _1855_/X
  _1858_/A
  _1858_/Y
  _2252_/B
  _2252_/Y
  _2256_/A2
  _2256_/X
  _2265_/B
  _2265_/X
  _2273_/A1
  _2273_/Y
  _2309_/A2
  _2309_/X
  _2345_/C1
  _2345_/X
  _2394_/B2
  _2394_/X
  _2397_/A2
  _2397_/X
  fanout148/A
  fanout148/X
  fanout147/A
  fanout147/X
  _1852_/B
  _1852_/X
  _1854_/A3
  _1854_/Y
  _1855_/B1
  | loop cut point
  _1855_/X
  --------------------------------
  _2085_/Y
  _2096_/A2
  _2096_/X
  _2099_/A
  _2099_/X
  _2100_/B1
  _2100_/X
  _2101_/B2
  _2101_/Y
  _2102_/B2
  _2102_/X
  _2107_/A
  _2107_/Y
  _2146_/S
  _2146_/X
  _2182_/A2
  _2182_/X
  _2233_/B2
  _2233_/X
  _2237_/A2
  _2237_/X
  fanout152/A
  fanout152/X
  _1720_/A
  _1720_/Y
  _1746_/A
  _1746_/X
  _1747_/B1
  _1747_/X
  _1748_/B1
  _1748_/Y
  _2400_/B1
  _2400_/Y
  _2401_/B
  _2401_/X
  _2417_/A2
  _2417_/X
  _2438_/B
  _2438_/X
  _2483_/A1
  _2483_/Y
  _2522_/S
  _2522_/X
  _2560_/A2
  _2560_/X
  _2606_/B2
  _2606_/X
  _2609_/A2
  _2609_/X
  fanout144/A
  fanout144/X
  _1721_/A
  _1721_/Y
  fanout143/A
  fanout143/X
  fanout142/A
  fanout142/X
  _2084_/A
  _2084_/X
  _2085_/C1
  | loop cut point
  _2085_/Y
  --------------------------------
