Clock: clk
Sources: clk 
Generated: no
Virtual: yes
Propagated: no
Period: 100.000000

===========================================================================
report_clock_properties
============================================================================
Clock                   Period          Waveform
----------------------------------------------------
clk                 100.000000    0.000000 50.000000

===========================================================================
report_clock_latency
============================================================================
Clock clk
rise -> rise
    min     max
0.000000 0.000000 source latency
0.505007         network latency _3423_/CLK
        20.504789 network latency _3398_/CLK
---------------
0.505007 20.504789 latency
        19.999784 skew

rise -> fall
    min     max
0.000000 0.000000 source latency
1.220542         network latency _3375_/CLK
        20.462383 network latency _3398_/CLK
---------------
1.220542 20.462383 latency
        19.241840 skew

fall -> fall
    min     max
0.000000 0.000000 source latency
0.430742         network latency _3423_/CLK
        0.638053 network latency _3340_/CLK
---------------
0.430742 0.638053 latency
        0.207312 skew



===========================================================================
report_clock_min_period
============================================================================
clk period_min = 2.60 fmax = 384.59
