
===========================================================================
report_checks -unconstrained
===========================================================================
======================= nom_ff_n40C_1v95 Corner ===================================

Startpoint: nrst (input port clocked by clk)
Endpoint: _3588_ (recovery check against rising-edge clock clk)
Path Group: asynchronous
Path Type: max

Fanout         Cap        Slew       Delay        Time   Description
---------------------------------------------------------------------------------------------
                                  0.000000    0.000000   clock clk (rise edge)
                                  0.000000    0.000000   clock network delay (propagated)
                                 20.000000   20.000000 ^ input external delay
     1    0.006215    0.025765    0.015961   20.015961 ^ nrst (in)
                                                         nrst (net)
                      0.025767    0.000000   20.015961 ^ input70/A (sky130_fd_sc_hd__buf_2)
     4    0.080897    0.293484    0.247248   20.263208 ^ input70/X (sky130_fd_sc_hd__buf_2)
                                                         net70 (net)
                      0.293520    0.002752   20.265961 ^ fanout260/A (sky130_fd_sc_hd__clkbuf_2)
     5    0.047599    0.199320    0.217703   20.483664 ^ fanout260/X (sky130_fd_sc_hd__clkbuf_2)
                                                         net260 (net)
                      0.199328    0.001023   20.484686 ^ fanout254/A (sky130_fd_sc_hd__clkbuf_2)
     5    0.038873    0.164036    0.186459   20.671144 ^ fanout254/X (sky130_fd_sc_hd__clkbuf_2)
                                                         net254 (net)
                      0.164038    0.000531   20.671677 ^ fanout253/A (sky130_fd_sc_hd__clkbuf_2)
     5    0.033664    0.143070    0.169271   20.840948 ^ fanout253/X (sky130_fd_sc_hd__clkbuf_2)
                                                         net253 (net)
                      0.143108    0.001927   20.842875 ^ fanout252/A (sky130_fd_sc_hd__clkbuf_4)
    10    0.060435    0.140982    0.191724   21.034599 ^ fanout252/X (sky130_fd_sc_hd__clkbuf_4)
                                                         net252 (net)
                      0.141148    0.004006   21.038605 ^ fanout251/A (sky130_fd_sc_hd__clkbuf_4)
    10    0.049404    0.116830    0.177092   21.215696 ^ fanout251/X (sky130_fd_sc_hd__clkbuf_4)
                                                         net251 (net)
                      0.116832    0.000723   21.216419 ^ _3588_/SET_B (sky130_fd_sc_hd__dfstp_1)
                                             21.216419   data arrival time

                                100.000000  100.000000   clock clk (rise edge)
                                  0.000000  100.000000   clock source latency
     1    0.045587    0.156679    0.110362  100.110359 ^ clk (in)
                                                         clk (net)
                      0.156918    0.000000  100.110359 ^ clkbuf_0_clk/A (sky130_fd_sc_hd__clkbuf_16)
     4    0.091926    0.084204    0.153300  100.263657 ^ clkbuf_0_clk/X (sky130_fd_sc_hd__clkbuf_16)
                                                         clknet_0_clk (net)
                      0.084590    0.004547  100.268204 ^ clkbuf_2_3__f_clk/A (sky130_fd_sc_hd__clkbuf_16)
    10    0.096137    0.086405    0.141000  100.409203 ^ clkbuf_2_3__f_clk/X (sky130_fd_sc_hd__clkbuf_16)
                                                         clknet_2_3__leaf_clk (net)
                      0.086562    0.002984  100.412193 ^ clkbuf_leaf_13_clk/A (sky130_fd_sc_hd__clkbuf_8)
    14    0.047062    0.070077    0.127912  100.540100 ^ clkbuf_leaf_13_clk/X (sky130_fd_sc_hd__clkbuf_8)
                                                         clknet_leaf_13_clk (net)
                      0.070098    0.001172  100.541275 ^ _3588_/CLK (sky130_fd_sc_hd__dfstp_1)
                                 -0.250000  100.291275   clock uncertainty
                                  0.000000  100.291275   clock reconvergence pessimism
                                  0.092170  100.383446   library recovery time
                                            100.383446   data required time
---------------------------------------------------------------------------------------------
                                            100.383446   data required time
                                            -21.216419   data arrival time
---------------------------------------------------------------------------------------------
                                             79.167023   slack (MET)


Startpoint: config_en (input port clocked by clk)
Endpoint: CBnorth_out[15] (output port clocked by clk)
Path Group: clk
Path Type: max

Fanout         Cap        Slew       Delay        Time   Description
---------------------------------------------------------------------------------------------
                                  0.000000    0.000000   clock clk (rise edge)
                                  0.000000    0.000000   clock network delay (propagated)
                                 20.000000   20.000000 ^ input external delay
     1    0.006097    0.025368    0.015671   20.015671 ^ config_en (in)
                                                         config_en (net)
                      0.025370    0.000000   20.015671 ^ input66/A (sky130_fd_sc_hd__clkbuf_1)
     1    0.004599    0.047056    0.061247   20.076918 ^ input66/X (sky130_fd_sc_hd__clkbuf_1)
                                                         net66 (net)
                      0.047056    0.000158   20.077076 ^ fanout310/A (sky130_fd_sc_hd__clkbuf_4)
     6    0.080984    0.185545    0.197401   20.274477 ^ fanout310/X (sky130_fd_sc_hd__clkbuf_4)
                                                         net310 (net)
                      0.186209    0.009010   20.283487 ^ fanout275/A (sky130_fd_sc_hd__clkbuf_2)
     5    0.036429    0.154173    0.179192   20.462679 ^ fanout275/X (sky130_fd_sc_hd__clkbuf_2)
                                                         net275 (net)
                      0.154206    0.001847   20.464527 ^ fanout273/A (sky130_fd_sc_hd__clkbuf_4)
    10    0.056526    0.132511    0.190566   20.655092 ^ fanout273/X (sky130_fd_sc_hd__clkbuf_4)
                                                         net273 (net)
                      0.132518    0.001105   20.656197 ^ _1620_/A (sky130_fd_sc_hd__inv_2)
    10    0.058734    0.100994    0.106622   20.762819 v _1620_/Y (sky130_fd_sc_hd__inv_2)
                                                         _1502_ (net)
                      0.101067    0.002245   20.765064 v _2096_/C1 (sky130_fd_sc_hd__o311a_2)
     5    0.033380    0.091823    0.141734   20.906799 v _2096_/X (sky130_fd_sc_hd__o311a_2)
                                                         _0730_ (net)
                      0.091852    0.001535   20.908333 v _2099_/A (sky130_fd_sc_hd__and2_2)
     8    0.060040    0.109157    0.208564   21.116898 v _2099_/X (sky130_fd_sc_hd__and2_2)
                                                         _0733_ (net)
                      0.109480    0.004304   21.121201 v _2100_/B1 (sky130_fd_sc_hd__o221a_1)
     1    0.002570    0.031744    0.159265   21.280466 v _2100_/X (sky130_fd_sc_hd__o221a_1)
                                                         _0734_ (net)
                      0.031744    0.000073   21.280539 v _2101_/B2 (sky130_fd_sc_hd__a221oi_1)
     1    0.004598    0.153494    0.154117   21.434656 ^ _2101_/Y (sky130_fd_sc_hd__a221oi_1)
                                                         _0735_ (net)
                      0.153494    0.000155   21.434811 ^ _2102_/B2 (sky130_fd_sc_hd__a221o_2)
     6    0.033033    0.130540    0.178652   21.613462 ^ _2102_/X (sky130_fd_sc_hd__a221o_2)
                                                         _0736_ (net)
                      0.130628    0.001974   21.615435 ^ _2107_/A (sky130_fd_sc_hd__nand2_2)
     8    0.043913    0.118346    0.119888   21.735323 v _2107_/Y (sky130_fd_sc_hd__nand2_2)
                                                         _0741_ (net)
                      0.118352    0.000695   21.736017 v _2146_/S (sky130_fd_sc_hd__mux2_1)
     1    0.003122    0.033551    0.159080   21.895098 ^ _2146_/X (sky130_fd_sc_hd__mux2_1)
                                                         _0780_ (net)
                      0.033551    0.000091   21.895189 ^ _2182_/A2 (sky130_fd_sc_hd__o211a_1)
     1    0.003442    0.031350    0.078929   21.974117 ^ _2182_/X (sky130_fd_sc_hd__o211a_1)
                                                         _0816_ (net)
                      0.031350    0.000076   21.974194 ^ _2233_/B2 (sky130_fd_sc_hd__o32a_2)
     3    0.043858    0.169071    0.159744   22.133938 ^ _2233_/X (sky130_fd_sc_hd__o32a_2)
                                                         _0867_ (net)
                      0.169285    0.004949   22.138887 ^ _2237_/A2 (sky130_fd_sc_hd__o211a_2)
     4    0.070300    0.305845    0.304199   22.443087 ^ _2237_/X (sky130_fd_sc_hd__o211a_2)
                                                         CB_0.le_outA (net)
                      0.306107    0.007322   22.450409 ^ fanout151/A (sky130_fd_sc_hd__buf_2)
    10    0.039134    0.146074    0.188026   22.638433 ^ fanout151/X (sky130_fd_sc_hd__buf_2)
                                                         net151 (net)
                      0.146115    0.002020   22.640453 ^ _1720_/A (sky130_fd_sc_hd__inv_2)
     4    0.011616    0.045186    0.036598   22.677052 v _1720_/Y (sky130_fd_sc_hd__inv_2)
                                                         _1602_ (net)
                      0.045187    0.000163   22.677216 v _1746_/A (sky130_fd_sc_hd__or3_1)
     1    0.002798    0.042388    0.211680   22.888895 v _1746_/X (sky130_fd_sc_hd__or3_1)
                                                         _0380_ (net)
                      0.042388    0.000057   22.888952 v _1747_/B1 (sky130_fd_sc_hd__o311a_1)
     1    0.006880    0.051542    0.089953   22.978905 v _1747_/X (sky130_fd_sc_hd__o311a_1)
                                                         _0381_ (net)
                      0.051542    0.000256   22.979160 v _1748_/B1 (sky130_fd_sc_hd__a211oi_2)
     2    0.013291    0.213148    0.160915   23.140076 ^ _1748_/Y (sky130_fd_sc_hd__a211oi_2)
                                                         _0382_ (net)
                      0.213148    0.000421   23.140497 ^ _2400_/B1 (sky130_fd_sc_hd__o21ai_4)
     9    0.048928    0.096785    0.088571   23.229067 v _2400_/Y (sky130_fd_sc_hd__o21ai_4)
                                                         _1030_ (net)
                      0.096803    0.001078   23.230146 v _2401_/B (sky130_fd_sc_hd__or2_1)
     1    0.003922    0.036662    0.147740   23.377886 v _2401_/X (sky130_fd_sc_hd__or2_1)
                                                         _1031_ (net)
                      0.036662    0.000094   23.377979 v _2417_/A2 (sky130_fd_sc_hd__a31o_1)
     1    0.001921    0.023738    0.124494   23.502474 v _2417_/X (sky130_fd_sc_hd__a31o_1)
                                                         _1047_ (net)
                      0.023738    0.000036   23.502508 v _2438_/B (sky130_fd_sc_hd__and4_2)
     6    0.060944    0.110423    0.207770   23.710279 v _2438_/X (sky130_fd_sc_hd__and4_2)
                                                         _1068_ (net)
                      0.111703    0.009527   23.719805 v _2483_/A1 (sky130_fd_sc_hd__o21ai_4)
     8    0.049241    0.273430    0.266917   23.986723 ^ _2483_/Y (sky130_fd_sc_hd__o21ai_4)
                                                         _1113_ (net)
                      0.273472    0.002746   23.989470 ^ _2522_/S (sky130_fd_sc_hd__mux2_1)
     1    0.015079    0.081416    0.242203   24.231672 v _2522_/X (sky130_fd_sc_hd__mux2_1)
                                                         _1152_ (net)
                      0.081426    0.000924   24.232595 v _2560_/A2 (sky130_fd_sc_hd__o211a_1)
     1    0.014037    0.060373    0.181672   24.414267 v _2560_/X (sky130_fd_sc_hd__o211a_1)
                                                         _1190_ (net)
                      0.060390    0.000979   24.415245 v _2606_/B2 (sky130_fd_sc_hd__o32a_1)
     3    0.023819    0.085151    0.158332   24.573578 v _2606_/X (sky130_fd_sc_hd__o32a_1)
                                                         _1236_ (net)
                      0.085156    0.000659   24.574236 v _2609_/A2 (sky130_fd_sc_hd__o211a_2)
     2    0.051530    0.101830    0.246365   24.820601 v _2609_/X (sky130_fd_sc_hd__o211a_2)
                                                         CB_1.le_outA (net)
                      0.101865    0.001991   24.822592 v fanout144/A (sky130_fd_sc_hd__buf_2)
    10    0.054311    0.091614    0.167789   24.990381 v fanout144/X (sky130_fd_sc_hd__buf_2)
                                                         net144 (net)
                      0.092050    0.005167   24.995550 v _1782_/A (sky130_fd_sc_hd__or3_1)
     2    0.012048    0.075865    0.268832   25.264381 v _1782_/X (sky130_fd_sc_hd__or3_1)
                                                         _0416_ (net)
                      0.075865    0.000306   25.264687 v _1783_/C1 (sky130_fd_sc_hd__o221a_1)
     1    0.003160    0.033921    0.087040   25.351727 v _1783_/X (sky130_fd_sc_hd__o221a_1)
                                                         _0417_ (net)
                      0.033921    0.000094   25.351820 v _1798_/A2 (sky130_fd_sc_hd__o311a_1)
     6    0.022574    0.096710    0.266621   25.618441 v _1798_/X (sky130_fd_sc_hd__o311a_1)
                                                         _0432_ (net)
                      0.096721    0.001053   25.619495 v _1801_/A (sky130_fd_sc_hd__and2_2)
     7    0.049445    0.093385    0.198277   25.817772 v _1801_/X (sky130_fd_sc_hd__and2_2)
                                                         _0435_ (net)
                      0.093488    0.002562   25.820333 v _2263_/A1 (sky130_fd_sc_hd__o221ai_1)
     1    0.005976    0.144843    0.170212   25.990545 ^ _2263_/Y (sky130_fd_sc_hd__o221ai_1)
                                                         _0895_ (net)
                      0.144843    0.000243   25.990789 ^ _2264_/B1 (sky130_fd_sc_hd__a31o_1)
     1    0.005178    0.047160    0.072005   26.062794 ^ _2264_/X (sky130_fd_sc_hd__a31o_1)
                                                         _0896_ (net)
                      0.047160    0.000153   26.062946 ^ _2265_/D (sky130_fd_sc_hd__and4_2)
     5    0.023147    0.101878    0.186338   26.249285 ^ _2265_/X (sky130_fd_sc_hd__and4_2)
                                                         _0897_ (net)
                      0.101879    0.000540   26.249825 ^ _2273_/A1 (sky130_fd_sc_hd__o21ai_4)
     9    0.036022    0.067588    0.076227   26.326052 v _2273_/Y (sky130_fd_sc_hd__o21ai_4)
                                                         _0905_ (net)
                      0.067628    0.001274   26.327326 v _2344_/S (sky130_fd_sc_hd__mux2_1)
     1    0.004031    0.038792    0.143304   26.470629 ^ _2344_/X (sky130_fd_sc_hd__mux2_1)
                                                         _0976_ (net)
                      0.038792    0.000128   26.470757 ^ _2345_/A2 (sky130_fd_sc_hd__o211a_1)
     1    0.003670    0.032597    0.081048   26.551805 ^ _2345_/X (sky130_fd_sc_hd__o211a_1)
                                                         _0977_ (net)
                      0.032597    0.000114   26.551918 ^ _2394_/B2 (sky130_fd_sc_hd__o32a_2)
     3    0.026749    0.105660    0.117366   26.669285 ^ _2394_/X (sky130_fd_sc_hd__o32a_2)
                                                         _1026_ (net)
                      0.105681    0.001233   26.670517 ^ _2397_/A2 (sky130_fd_sc_hd__o211a_2)
     3    0.046168    0.203976    0.231324   26.901842 ^ _2397_/X (sky130_fd_sc_hd__o211a_2)
                                                         CB_0.le_outB (net)
                      0.204039    0.002924   26.904766 ^ _1852_/B (sky130_fd_sc_hd__or3b_1)
     2    0.008397    0.064913    0.113587   27.018353 ^ _1852_/X (sky130_fd_sc_hd__or3b_1)
                                                         _0486_ (net)
                      0.064913    0.000204   27.018557 ^ _1854_/A3 (sky130_fd_sc_hd__a31oi_2)
     1    0.027554    0.117665    0.114587   27.133144 v _1854_/Y (sky130_fd_sc_hd__a31oi_2)
                                                         _0488_ (net)
                      0.117770    0.002808   27.135952 v _1855_/B1 (sky130_fd_sc_hd__a311o_4)
     6    0.046071    0.088512    0.228141   27.364094 v _1855_/X (sky130_fd_sc_hd__a311o_4)
                                                         _0489_ (net)
                      0.088551    0.001723   27.365816 v _2424_/A (sky130_fd_sc_hd__nor2_4)
     9    0.071202    0.319457    0.283487   27.649303 ^ _2424_/Y (sky130_fd_sc_hd__nor2_4)
                                                         _1054_ (net)
                      0.319481    0.002295   27.651600 ^ _2626_/B (sky130_fd_sc_hd__nand2_1)
     1    0.006065    0.071846    0.056597   27.708195 v _2626_/Y (sky130_fd_sc_hd__nand2_1)
                                                         _1254_ (net)
                      0.071847    0.000226   27.708422 v _2629_/A2 (sky130_fd_sc_hd__a31o_1)
     1    0.002969    0.027089    0.143002   27.851423 v _2629_/X (sky130_fd_sc_hd__a31o_1)
                                                         _1257_ (net)
                      0.027089    0.000069   27.851492 v _2638_/B (sky130_fd_sc_hd__and4_2)
     5    0.033818    0.075950    0.177605   28.029099 v _2638_/X (sky130_fd_sc_hd__and4_2)
                                                         _1266_ (net)
                      0.076050    0.002444   28.031542 v _2646_/A1 (sky130_fd_sc_hd__o21ai_4)
     9    0.060603    0.326357    0.292307   28.323849 ^ _2646_/Y (sky130_fd_sc_hd__o21ai_4)
                                                         _1274_ (net)
                      0.326359    0.000682   28.324532 ^ _2748_/S (sky130_fd_sc_hd__mux2_1)
     1    0.003925    0.040099    0.116891   28.441423 ^ _2748_/X (sky130_fd_sc_hd__mux2_1)
                                                         _1376_ (net)
                      0.040100    0.000124   28.441547 ^ _2751_/A2 (sky130_fd_sc_hd__o211a_1)
     1    0.002648    0.026988    0.076106   28.517653 ^ _2751_/X (sky130_fd_sc_hd__o211a_1)
                                                         _1379_ (net)
                      0.026988    0.000052   28.517704 ^ _2765_/B1 (sky130_fd_sc_hd__o32a_1)
     3    0.012973    0.104724    0.116197   28.633902 ^ _2765_/X (sky130_fd_sc_hd__o32a_1)
                                                         _1393_ (net)
                      0.104726    0.000389   28.634291 ^ _2768_/A2 (sky130_fd_sc_hd__o211a_1)
     1    0.005192    0.043485    0.097319   28.731609 ^ _2768_/X (sky130_fd_sc_hd__o211a_1)
                                                         CB_1.le_outB (net)
                      0.043486    0.000197   28.731808 ^ fanout141/A (sky130_fd_sc_hd__buf_2)
     7    0.054747    0.200636    0.189408   28.921215 ^ fanout141/X (sky130_fd_sc_hd__buf_2)
                                                         net141 (net)
                      0.200642    0.000918   28.922132 ^ _1722_/A (sky130_fd_sc_hd__inv_2)
     4    0.024642    0.073026    0.063151   28.985285 v _1722_/Y (sky130_fd_sc_hd__inv_2)
                                                         _1604_ (net)
                      0.073031    0.000476   28.985760 v fanout138/A (sky130_fd_sc_hd__clkbuf_4)
    10    0.046605    0.072273    0.152449   29.138208 v fanout138/X (sky130_fd_sc_hd__clkbuf_4)
                                                         net138 (net)
                      0.072492    0.003043   29.141253 v _1765_/A1 (sky130_fd_sc_hd__o32a_1)
     2    0.012873    0.068715    0.248439   29.389692 v _1765_/X (sky130_fd_sc_hd__o32a_1)
                                                         _0399_ (net)
                      0.068719    0.000624   29.390314 v _1767_/B2 (sky130_fd_sc_hd__a221o_1)
     1    0.006009    0.043967    0.178721   29.569036 v _1767_/X (sky130_fd_sc_hd__a221o_1)
                                                         _0401_ (net)
                      0.043967    0.000206   29.569242 v _1772_/A2 (sky130_fd_sc_hd__a311o_4)
     6    0.035020    0.075693    0.280908   29.850149 v _1772_/X (sky130_fd_sc_hd__a311o_4)
                                                         _0406_ (net)
                      0.075702    0.000927   29.851078 v _1775_/A (sky130_fd_sc_hd__nor2_2)
     7    0.066402    0.508691    0.411827   30.262903 ^ _1775_/Y (sky130_fd_sc_hd__nor2_2)
                                                         _0409_ (net)
                      0.508708    0.002490   30.265394 ^ _2777_/A2 (sky130_fd_sc_hd__o21a_1)
     1    0.002409    0.035222    0.060442   30.325836 ^ _2777_/X (sky130_fd_sc_hd__o21a_1)
                                                         _1395_ (net)
                      0.035222    0.000068   30.325905 ^ _2778_/A1 (sky130_fd_sc_hd__mux2_1)
     1    0.011959    0.085402    0.116117   30.442020 ^ _2778_/X (sky130_fd_sc_hd__mux2_1)
                                                         net93 (net)
                      0.085406    0.000686   30.442707 ^ output93/A (sky130_fd_sc_hd__buf_2)
     1    0.057146    0.209233    0.206189   30.648895 ^ output93/X (sky130_fd_sc_hd__buf_2)
                                                         CBnorth_out[15] (net)
                      0.209301    0.003123   30.652020 ^ CBnorth_out[15] (out)
                                             30.652020   data arrival time

                                100.000000  100.000000   clock clk (rise edge)
                                  0.000000  100.000000   clock network delay (propagated)
                                 -0.250000   99.750000   clock uncertainty
                                  0.000000   99.750000   clock reconvergence pessimism
                                -20.000000   79.750000   output external delay
                                             79.750000   data required time
---------------------------------------------------------------------------------------------
                                             79.750000   data required time
                                            -30.652020   data arrival time
---------------------------------------------------------------------------------------------
                                             49.097980   slack (MET)




===========================================================================
report_checks --slack_max -0.01
============================================================================
======================= nom_ff_n40C_1v95 Corner ===================================

No paths found.


===========================================================================
 report_check_types -max_slew -max_cap -max_fanout -violators
============================================================================
======================= nom_ff_n40C_1v95 Corner ===================================

max slew

Pin                                        Limit        Slew       Slack
------------------------------------------------------------------------
_2756_/B1                               0.750000    1.037465   -0.287465 (VIOLATED)
_2747_/Y                                0.750000    1.037447   -0.287447 (VIOLATED)

max fanout

Pin                                   Limit Fanout  Slack
---------------------------------------------------------
clkbuf_leaf_12_clk/X                     10     18     -8 (VIOLATED)
clkbuf_leaf_14_clk/X                     10     18     -8 (VIOLATED)
clkbuf_leaf_15_clk/X                     10     18     -8 (VIOLATED)
clkbuf_leaf_6_clk/X                      10     18     -8 (VIOLATED)
clkbuf_leaf_23_clk/X                     10     16     -6 (VIOLATED)
clkbuf_leaf_1_clk/X                      10     15     -5 (VIOLATED)
clkbuf_leaf_25_clk/X                     10     15     -5 (VIOLATED)
clkbuf_leaf_34_clk/X                     10     15     -5 (VIOLATED)
clkbuf_leaf_0_clk/X                      10     14     -4 (VIOLATED)
clkbuf_leaf_13_clk/X                     10     14     -4 (VIOLATED)
clkbuf_leaf_27_clk/X                     10     14     -4 (VIOLATED)
clkbuf_leaf_31_clk/X                     10     13     -3 (VIOLATED)
clkbuf_leaf_5_clk/X                      10     13     -3 (VIOLATED)
clkbuf_leaf_7_clk/X                      10     13     -3 (VIOLATED)
clkbuf_leaf_35_clk/X                     10     12     -2 (VIOLATED)
clkbuf_leaf_24_clk/X                     10     11        (VIOLATED)
clkbuf_leaf_30_clk/X                     10     11        (VIOLATED)
clkbuf_leaf_32_clk/X                     10     11        (VIOLATED)



===========================================================================
report_parasitic_annotation -report_unannotated
============================================================================
Found 36 unannotated drivers.
 _2769_/X
 _2771_/X
 _2773_/X
 _2775_/X
 clkload0/Y
 clkload1/Y
 clkload10/Y
 clkload11/Y
 clkload12/Y
 clkload13/Y
 clkload14/Y
 clkload15/Y
 clkload16/Y
 clkload17/Y
 clkload18/Y
 clkload19/Y
 clkload2/X
 clkload20/Y
 clkload21/Y
 clkload22/Y
 clkload23/Y
 clkload24/Y
 clkload25/X
 clkload26/X
 clkload27/Y
 clkload28/Y
 clkload29/Y
 clkload3/X
 clkload30/Y
 clkload31/Y
 clkload4/Y
 clkload5/Y
 clkload6/Y
 clkload7/Y
 clkload8/Y
 clkload9/Y
Found 0 partially unannotated drivers.

===========================================================================
max slew violation count 2
max fanout violation count 18
max cap violation count 0
============================================================================

===========================================================================
check_setup -verbose -unconstrained_endpoints -multiple_clock -no_clock -no_input_delay -loops -generated_clocks
===========================================================================
Warning: There are 8 unclocked register/latch pins.
  _3304_/CLK
  _3353_/CLK
  _3354_/CLK
  _3375_/CLK
  _3376_/CLK
  _3397_/CLK
  _3398_/CLK
  _3419_/CLK
Warning: There are 8 unconstrained endpoints.
  _3304_/D
  _3353_/D
  _3354_/D
  _3375_/D
  _3376_/D
  _3397_/D
  _3398_/D
  _3419_/D
Warning: There are 58 combinational loops in the design.
  _2182_/X
  _2233_/B2
  _2233_/X
  _2237_/A2
  _2237_/X
  fanout151/A
  fanout151/X
  _1720_/A
  _1720_/Y
  _1746_/A
  _1746_/X
  _1747_/B1
  _1747_/X
  _1748_/B1
  _1748_/Y
  _2400_/B1
  _2400_/Y
  _2401_/B
  _2401_/X
  _2417_/A2
  _2417_/X
  _2438_/B
  _2438_/X
  _2483_/A1
  _2483_/Y
  _2522_/S
  _2522_/X
  _2560_/A2
  _2560_/X
  _2606_/B2
  _2606_/X
  _2609_/A2
  _2609_/X
  fanout144/A
  fanout144/X
  _1782_/A
  _1782_/X
  _1783_/C1
  _1783_/X
  _1798_/A2
  _1798_/X
  _1801_/A
  _1801_/X
  _2113_/A1
  _2113_/Y
  _2114_/B1
  _2114_/X
  _2124_/B
  _2124_/X
  _2144_/A2
  _2144_/X
  _2182_/A1
  | loop cut point
  _2182_/X
  --------------------------------
  _2233_/X
  _2237_/A2
  _2237_/X
  fanout151/A
  fanout151/X
  _1720_/A
  _1720_/Y
  _1746_/A
  _1746_/X
  _1747_/B1
  _1747_/X
  _1748_/B1
  _1748_/Y
  _2400_/B1
  _2400_/Y
  _2401_/B
  _2401_/X
  _2417_/A2
  _2417_/X
  _2438_/B
  _2438_/X
  _2483_/A1
  _2483_/Y
  _2522_/S
  _2522_/X
  _2560_/A2
  _2560_/X
  _2606_/B2
  _2606_/X
  _2609_/A2
  _2609_/X
  fanout144/A
  fanout144/X
  _1782_/A
  _1782_/X
  _1783_/C1
  _1783_/X
  _1798_/A2
  _1798_/X
  _1801_/A
  _1801_/X
  _2113_/A1
  _2113_/Y
  _2114_/B1
  _2114_/X
  _2124_/B
  _2124_/X
  _2144_/A2
  _2144_/X
  _2184_/B1
  _2184_/X
  _2224_/A2
  _2224_/X
  _2233_/B1
  | loop cut point
  _2233_/X
  --------------------------------
  _2233_/X
  _2237_/A2
  _2237_/X
  fanout151/A
  fanout151/X
  _1720_/A
  _1720_/Y
  _1746_/A
  _1746_/X
  _1747_/B1
  _1747_/X
  _1748_/B1
  _1748_/Y
  _2400_/B1
  _2400_/Y
  _2401_/B
  _2401_/X
  _2417_/A2
  _2417_/X
  _2438_/B
  _2438_/X
  _2483_/A1
  _2483_/Y
  _2522_/S
  _2522_/X
  _2560_/A2
  _2560_/X
  _2606_/B2
  _2606_/X
  _2609_/A2
  _2609_/X
  fanout144/A
  fanout144/X
  _1782_/A
  _1782_/X
  _1783_/C1
  _1783_/X
  _1798_/A2
  _1798_/X
  _1801_/A
  _1801_/X
  _2113_/A1
  _2113_/Y
  _2114_/B1
  _2114_/X
  _2124_/B
  _2124_/X
  _2144_/A2
  _2144_/X
  _2228_/A1
  _2228_/X
  _2233_/A2
  | loop cut point
  _2233_/X
  --------------------------------
  _2233_/X
  _2237_/A2
  _2237_/X
  fanout151/A
  fanout151/X
  _1720_/A
  _1720_/Y
  _1746_/A
  _1746_/X
  _1747_/B1
  _1747_/X
  _1748_/B1
  _1748_/Y
  _2400_/B1
  _2400_/Y
  _2401_/B
  _2401_/X
  _2417_/A2
  _2417_/X
  _2438_/B
  _2438_/X
  _2483_/A1
  _2483_/Y
  _2522_/S
  _2522_/X
  _2560_/A2
  _2560_/X
  _2606_/B2
  _2606_/X
  _2609_/A2
  _2609_/X
  fanout144/A
  fanout144/X
  _1782_/A
  _1782_/X
  _1783_/C1
  _1783_/X
  _1798_/A2
  _1798_/X
  _1801_/A
  _1801_/X
  _2113_/A1
  _2113_/Y
  _2114_/B1
  _2114_/X
  _2124_/B
  _2124_/X
  _2144_/A2
  _2144_/X
  _2232_/A1
  _2232_/X
  _2233_/A3
  | loop cut point
  _2233_/X
  --------------------------------
  _2182_/X
  _2233_/B2
  _2233_/X
  _2237_/A2
  _2237_/X
  fanout151/A
  fanout151/X
  _1720_/A
  _1720_/Y
  _1746_/A
  _1746_/X
  _1747_/B1
  _1747_/X
  _1748_/B1
  _1748_/Y
  _2400_/B1
  _2400_/Y
  _2401_/B
  _2401_/X
  _2417_/A2
  _2417_/X
  _2438_/B
  _2438_/X
  _2483_/A1
  _2483_/Y
  _2522_/S
  _2522_/X
  _2560_/A2
  _2560_/X
  _2606_/B2
  _2606_/X
  _2609_/A2
  _2609_/X
  fanout144/A
  fanout144/X
  _1782_/A
  _1782_/X
  _1783_/C1
  _1783_/X
  _1798_/A2
  _1798_/X
  _1801_/A
  _1801_/X
  _2113_/A1
  _2113_/Y
  _2114_/B1
  _2114_/X
  _2124_/B
  _2124_/X
  _2145_/A2
  _2145_/Y
  _2181_/B1
  _2181_/X
  _2182_/C1
  | loop cut point
  _2182_/X
  --------------------------------
  _2182_/X
  _2233_/B2
  _2233_/X
  _2237_/A2
  _2237_/X
  fanout151/A
  fanout151/X
  _1720_/A
  _1720_/Y
  _1746_/A
  _1746_/X
  _1747_/B1
  _1747_/X
  _1748_/B1
  _1748_/Y
  _2400_/B1
  _2400_/Y
  _2401_/B
  _2401_/X
  _2417_/A2
  _2417_/X
  _2438_/B
  _2438_/X
  _2483_/A1
  _2483_/Y
  _2522_/S
  _2522_/X
  _2560_/A2
  _2560_/X
  _2606_/B2
  _2606_/X
  _2609_/A2
  _2609_/X
  fanout144/A
  fanout144/X
  _1782_/A
  _1782_/X
  _1783_/C1
  _1783_/X
  _1798_/A2
  _1798_/X
  _1801_/A
  _1801_/X
  _2153_/A1
  _2153_/X
  _2154_/B
  _2154_/X
  _2162_/A_N
  _2162_/X
  _2179_/A1
  _2179_/Y
  _2182_/B1
  | loop cut point
  _2182_/X
  --------------------------------
  _2233_/X
  _2237_/A2
  _2237_/X
  fanout151/A
  fanout151/X
  _1720_/A
  _1720_/Y
  _1746_/A
  _1746_/X
  _1747_/B1
  _1747_/X
  _1748_/B1
  _1748_/Y
  _2400_/B1
  _2400_/Y
  _2401_/B
  _2401_/X
  _2417_/A2
  _2417_/X
  _2438_/B
  _2438_/X
  _2483_/A1
  _2483_/Y
  _2522_/S
  _2522_/X
  _2560_/A2
  _2560_/X
  _2606_/B2
  _2606_/X
  _2609_/A2
  _2609_/X
  fanout144/A
  fanout144/X
  _1782_/A
  _1782_/X
  _1783_/C1
  _1783_/X
  _1798_/A2
  _1798_/X
  _1801_/A
  _1801_/X
  _2198_/A1
  _2198_/X
  _2199_/B1
  _2199_/X
  _2202_/B
  _2202_/X
  _2216_/B1
  _2216_/X
  _2223_/B1
  _2223_/X
  _2233_/A1
  | loop cut point
  _2233_/X
  --------------------------------
  _2265_/X
  _2273_/A1
  _2273_/Y
  _2309_/A2
  _2309_/X
  _2345_/C1
  _2345_/X
  _2394_/B2
  _2394_/X
  _2397_/A2
  _2397_/X
  _1852_/B
  _1852_/X
  _1854_/A3
  _1854_/Y
  _1855_/B1
  _1855_/X
  _1858_/A
  _1858_/Y
  _2252_/B
  _2252_/Y
  _2256_/A2
  _2256_/X
  _2265_/B
  | loop cut point
  _2265_/X
  --------------------------------
  _2345_/X
  _2394_/B2
  _2394_/X
  _2397_/A2
  _2397_/X
  _1852_/B
  _1852_/X
  _1854_/A3
  _1854_/Y
  _1855_/B1
  _1855_/X
  _1858_/A
  _1858_/Y
  _2320_/B
  _2320_/Y
  _2321_/B1
  _2321_/X
  _2323_/B1
  _2323_/X
  _2324_/C
  _2324_/X
  _2342_/A2
  _2342_/X
  _2345_/B1
  | loop cut point
  _2345_/X
  --------------------------------
  _2394_/X
  _2397_/A2
  _2397_/X
  _1852_/B
  _1852_/X
  _1854_/A3
  _1854_/Y
  _1855_/B1
  _1855_/X
  _1858_/A
  _1858_/Y
  _2320_/B
  _2320_/Y
  _2321_/B1
  _2321_/X
  _2323_/B1
  _2323_/X
  _2324_/C
  _2324_/X
  _2342_/A2
  _2342_/X
  _2389_/C1
  _2389_/X
  _2394_/A2
  | loop cut point
  _2394_/X
  --------------------------------
  _2394_/X
  _2397_/A2
  _2397_/X
  _1852_/B
  _1852_/X
  _1854_/A3
  _1854_/Y
  _1855_/B1
  _1855_/X
  _1858_/A
  _1858_/Y
  _2320_/B
  _2320_/Y
  _2321_/B1
  _2321_/X
  _2323_/B1
  _2323_/X
  _2324_/C
  _2324_/X
  _2343_/A2
  _2343_/Y
  _2385_/A1
  _2385_/X
  _2394_/B1
  | loop cut point
  _2394_/X
  --------------------------------
  _2394_/X
  _2397_/A2
  _2397_/X
  _1852_/B
  _1852_/X
  _1854_/A3
  _1854_/Y
  _1855_/B1
  _1855_/X
  _1858_/A
  _1858_/Y
  _2320_/B
  _2320_/Y
  _2321_/B1
  _2321_/X
  _2323_/B1
  _2323_/X
  _2324_/C
  _2324_/X
  _2343_/A2
  _2343_/Y
  _2393_/C1
  _2393_/X
  _2394_/A3
  | loop cut point
  _2394_/X
  --------------------------------
  _2394_/X
  _2397_/A2
  _2397_/X
  _1852_/B
  _1852_/X
  _1854_/A3
  _1854_/Y
  _1855_/B1
  _1855_/X
  _1858_/A
  _1858_/Y
  _2364_/A2
  _2364_/X
  _2367_/A1
  _2367_/X
  _2375_/A2
  _2375_/X
  _2376_/A2
  _2376_/X
  _2383_/A
  _2383_/Y
  _2394_/A1
  | loop cut point
  _2394_/X
  --------------------------------
  _2102_/X
  _2107_/A
  _2107_/Y
  _2146_/S
  _2146_/X
  _2182_/A2
  _2182_/X
  _2233_/B2
  _2233_/X
  _2237_/A2
  _2237_/X
  fanout151/A
  fanout151/X
  _1720_/A
  _1720_/Y
  _1746_/A
  _1746_/X
  _1747_/B1
  _1747_/X
  _1748_/B1
  _1748_/Y
  _2400_/B1
  _2400_/Y
  _2401_/B
  _2401_/X
  _2417_/A2
  _2417_/X
  _2438_/B
  _2438_/X
  _2483_/A1
  _2483_/Y
  _2522_/S
  _2522_/X
  _2560_/A2
  _2560_/X
  _2606_/B2
  _2606_/X
  _2609_/A2
  _2609_/X
  fanout144/A
  fanout144/X
  _1782_/A
  _1782_/X
  _1783_/C1
  _1783_/X
  _1798_/A2
  _1798_/X
  _1801_/A
  _1801_/X
  _2263_/A1
  _2263_/Y
  _2264_/B1
  _2264_/X
  _2265_/D
  _2265_/X
  _2273_/A1
  _2273_/Y
  _2309_/A2
  _2309_/X
  _2345_/C1
  _2345_/X
  _2394_/B2
  _2394_/X
  _2397_/A2
  _2397_/X
  _1852_/B
  _1852_/X
  _1854_/A3
  _1854_/Y
  _1855_/B1
  _1855_/X
  _1878_/A2
  _1878_/X
  _1879_/B1
  _1879_/Y
  _1918_/A1
  _1918_/Y
  _2102_/A2
  | loop cut point
  _2102_/X
  --------------------------------
  _2309_/X
  _2345_/C1
  _2345_/X
  _2394_/B2
  _2394_/X
  _2397_/A2
  _2397_/X
  _1852_/B
  _1852_/X
  _1854_/A3
  _1854_/Y
  _1855_/B1
  _1855_/X
  _2293_/B
  _2293_/X
  _2294_/B1
  _2294_/X
  _2301_/B2
  _2301_/X
  _2302_/B2
  _2302_/X
  _2306_/A
  _2306_/X
  _2309_/B1
  | loop cut point
  _2309_/X
  --------------------------------
  _2345_/X
  _2394_/B2
  _2394_/X
  _2397_/A2
  _2397_/X
  _1852_/B
  _1852_/X
  _1854_/A3
  _1854_/Y
  _1855_/B1
  _1855_/X
  _2293_/B
  _2293_/X
  _2294_/B1
  _2294_/X
  _2301_/B2
  _2301_/X
  _2302_/B2
  _2302_/X
  _2307_/A
  _2307_/Y
  _2345_/A1
  | loop cut point
  _2345_/X
  --------------------------------
  _2438_/X
  _2483_/A1
  _2483_/Y
  _2522_/S
  _2522_/X
  _2560_/A2
  _2560_/X
  _2606_/B2
  _2606_/X
  _2609_/A2
  _2609_/X
  fanout144/A
  fanout144/X
  _1782_/A
  _1782_/X
  _1783_/C1
  _1783_/X
  _1798_/A2
  _1798_/X
  _1801_/A
  _1801_/X
  _2263_/A1
  _2263_/Y
  _2264_/B1
  _2264_/X
  _2265_/D
  _2265_/X
  _2273_/A1
  _2273_/Y
  _2309_/A2
  _2309_/X
  _2345_/C1
  _2345_/X
  _2394_/B2
  _2394_/X
  _2397_/A2
  _2397_/X
  _1852_/B
  _1852_/X
  _1854_/A3
  _1854_/Y
  _1855_/B1
  _1855_/X
  _2424_/A
  _2424_/Y
  _2425_/B
  _2425_/Y
  _2437_/A2
  _2437_/X
  _2438_/D
  | loop cut point
  _2438_/X
  --------------------------------
  _2560_/X
  _2606_/B2
  _2606_/X
  _2609_/A2
  _2609_/X
  fanout144/A
  fanout144/X
  _1782_/A
  _1782_/X
  _1783_/C1
  _1783_/X
  _1798_/A2
  _1798_/X
  _1801_/A
  _1801_/X
  _2263_/A1
  _2263_/Y
  _2264_/B1
  _2264_/X
  _2265_/D
  _2265_/X
  _2273_/A1
  _2273_/Y
  _2309_/A2
  _2309_/X
  _2345_/C1
  _2345_/X
  _2394_/B2
  _2394_/X
  _2397_/A2
  _2397_/X
  _1852_/B
  _1852_/X
  _1854_/A3
  _1854_/Y
  _1855_/B1
  _1855_/X
  _2424_/A
  _2424_/Y
  _2496_/B
  _2496_/Y
  _2499_/A2
  _2499_/X
  _2500_/D
  _2500_/X
  _2520_/A2
  _2520_/X
  _2560_/A1
  | loop cut point
  _2560_/X
  --------------------------------
  _2606_/X
  _2609_/A2
  _2609_/X
  fanout144/A
  fanout144/X
  _1782_/A
  _1782_/X
  _1783_/C1
  _1783_/X
  _1798_/A2
  _1798_/X
  _1801_/A
  _1801_/X
  _2263_/A1
  _2263_/Y
  _2264_/B1
  _2264_/X
  _2265_/D
  _2265_/X
  _2273_/A1
  _2273_/Y
  _2309_/A2
  _2309_/X
  _2345_/C1
  _2345_/X
  _2394_/B2
  _2394_/X
  _2397_/A2
  _2397_/X
  _1852_/B
  _1852_/X
  _1854_/A3
  _1854_/Y
  _1855_/B1
  _1855_/X
  _2424_/A
  _2424_/Y
  _2496_/B
  _2496_/Y
  _2499_/A2
  _2499_/X
  _2500_/D
  _2500_/X
  _2520_/A2
  _2520_/X
  _2594_/B1
  _2594_/X
  _2597_/A2
  _2597_/X
  _2606_/B1
  | loop cut point
  _2606_/X
  --------------------------------
  _2606_/X
  _2609_/A2
  _2609_/X
  fanout144/A
  fanout144/X
  _1782_/A
  _1782_/X
  _1783_/C1
  _1783_/X
  _1798_/A2
  _1798_/X
  _1801_/A
  _1801_/X
  _2263_/A1
  _2263_/Y
  _2264_/B1
  _2264_/X
  _2265_/D
  _2265_/X
  _2273_/A1
  _2273_/Y
  _2309_/A2
  _2309_/X
  _2345_/C1
  _2345_/X
  _2394_/B2
  _2394_/X
  _2397_/A2
  _2397_/X
  _1852_/B
  _1852_/X
  _1854_/A3
  _1854_/Y
  _1855_/B1
  _1855_/X
  _2424_/A
  _2424_/Y
  _2496_/B
  _2496_/Y
  _2499_/A2
  _2499_/X
  _2500_/D
  _2500_/X
  _2520_/A2
  _2520_/X
  _2601_/A1
  _2601_/X
  _2606_/A2
  | loop cut point
  _2606_/X
  --------------------------------
  _2606_/X
  _2609_/A2
  _2609_/X
  fanout144/A
  fanout144/X
  _1782_/A
  _1782_/X
  _1783_/C1
  _1783_/X
  _1798_/A2
  _1798_/X
  _1801_/A
  _1801_/X
  _2263_/A1
  _2263_/Y
  _2264_/B1
  _2264_/X
  _2265_/D
  _2265_/X
  _2273_/A1
  _2273_/Y
  _2309_/A2
  _2309_/X
  _2345_/C1
  _2345_/X
  _2394_/B2
  _2394_/X
  _2397_/A2
  _2397_/X
  _1852_/B
  _1852_/X
  _1854_/A3
  _1854_/Y
  _1855_/B1
  _1855_/X
  _2424_/A
  _2424_/Y
  _2496_/B
  _2496_/Y
  _2499_/A2
  _2499_/X
  _2500_/D
  _2500_/X
  _2520_/A2
  _2520_/X
  _2603_/B1
  _2603_/X
  _2605_/B1
  _2605_/X
  _2606_/A3
  | loop cut point
  _2606_/X
  --------------------------------
  _2560_/X
  _2606_/B2
  _2606_/X
  _2609_/A2
  _2609_/X
  fanout144/A
  fanout144/X
  _1782_/A
  _1782_/X
  _1783_/C1
  _1783_/X
  _1798_/A2
  _1798_/X
  _1801_/A
  _1801_/X
  _2263_/A1
  _2263_/Y
  _2264_/B1
  _2264_/X
  _2265_/D
  _2265_/X
  _2273_/A1
  _2273_/Y
  _2309_/A2
  _2309_/X
  _2345_/C1
  _2345_/X
  _2394_/B2
  _2394_/X
  _2397_/A2
  _2397_/X
  _1852_/B
  _1852_/X
  _1854_/A3
  _1854_/Y
  _1855_/B1
  _1855_/X
  _2424_/A
  _2424_/Y
  _2496_/B
  _2496_/Y
  _2499_/A2
  _2499_/X
  _2500_/D
  _2500_/X
  _2521_/A2
  _2521_/Y
  _2559_/B1
  _2559_/X
  _2560_/C1
  | loop cut point
  _2560_/X
  --------------------------------
  _2560_/X
  _2606_/B2
  _2606_/X
  _2609_/A2
  _2609_/X
  fanout144/A
  fanout144/X
  _1782_/A
  _1782_/X
  _1783_/C1
  _1783_/X
  _1798_/A2
  _1798_/X
  _1801_/A
  _1801_/X
  _2263_/A1
  _2263_/Y
  _2264_/B1
  _2264_/X
  _2265_/D
  _2265_/X
  _2273_/A1
  _2273_/Y
  _2309_/A2
  _2309_/X
  _2345_/C1
  _2345_/X
  _2394_/B2
  _2394_/X
  _2397_/A2
  _2397_/X
  _1852_/B
  _1852_/X
  _1854_/A3
  _1854_/Y
  _1855_/B1
  _1855_/X
  _2424_/A
  _2424_/Y
  _2533_/B
  _2533_/Y
  _2536_/A2
  _2536_/X
  _2537_/C
  _2537_/X
  _2557_/A2
  _2557_/Y
  _2560_/B1
  | loop cut point
  _2560_/X
  --------------------------------
  _2606_/X
  _2609_/A2
  _2609_/X
  fanout144/A
  fanout144/X
  _1782_/A
  _1782_/X
  _1783_/C1
  _1783_/X
  _1798_/A2
  _1798_/X
  _1801_/A
  _1801_/X
  _2263_/A1
  _2263_/Y
  _2264_/B1
  _2264_/X
  _2265_/D
  _2265_/X
  _2273_/A1
  _2273_/Y
  _2309_/A2
  _2309_/X
  _2345_/C1
  _2345_/X
  _2394_/B2
  _2394_/X
  _2397_/A2
  _2397_/X
  _1852_/B
  _1852_/X
  _1854_/A3
  _1854_/Y
  _1855_/B1
  _1855_/X
  _2424_/A
  _2424_/Y
  _2583_/B
  _2583_/Y
  _2586_/A2
  _2586_/X
  _2587_/C
  _2587_/X
  _2592_/A3
  _2592_/Y
  _2606_/A1
  | loop cut point
  _2606_/X
  --------------------------------
  _1855_/X
  _2424_/A
  _2424_/Y
  _2626_/B
  _2626_/Y
  _2629_/A2
  _2629_/X
  _2638_/B
  _2638_/X
  _2646_/A1
  _2646_/Y
  _2748_/S
  _2748_/X
  _2751_/A2
  _2751_/X
  _2765_/B1
  _2765_/X
  _2768_/A2
  _2768_/X
  fanout141/A
  fanout141/X
  _1722_/A
  _1722_/Y
  _1838_/A1
  _1838_/X
  _1843_/B2
  _1843_/X
  _1855_/A2
  | loop cut point
  _1855_/X
  --------------------------------
  _2629_/X
  _2638_/B
  _2638_/X
  _2646_/A1
  _2646_/Y
  _2748_/S
  _2748_/X
  _2751_/A2
  _2751_/X
  _2765_/B1
  _2765_/X
  _2768_/A2
  _2768_/X
  fanout141/A
  fanout141/X
  _1722_/A
  _1722_/Y
  _1867_/A1
  _1867_/X
  _1869_/B2
  _1869_/X
  _1874_/A1
  _1874_/X
  _2428_/A
  _2428_/X
  _2627_/B
  _2627_/X
  _2629_/A3
  | loop cut point
  _2629_/X
  --------------------------------
  _2751_/X
  _2765_/B1
  _2765_/X
  _2768_/A2
  _2768_/X
  fanout141/A
  fanout141/X
  _1722_/A
  _1722_/Y
  _1867_/A1
  _1867_/X
  _1869_/B2
  _1869_/X
  _1874_/A1
  _1874_/X
  _2428_/A
  _2428_/X
  _2648_/A2
  _2648_/X
  _2654_/A2
  _2654_/Y
  _2674_/A2
  _2674_/X
  _2678_/A2
  _2678_/Y
  _2751_/A1
  | loop cut point
  _2751_/X
  --------------------------------
  _2765_/X
  _2768_/A2
  _2768_/X
  fanout141/A
  fanout141/X
  _1722_/A
  _1722_/Y
  _1867_/A1
  _1867_/X
  _1869_/B2
  _1869_/X
  _1874_/A1
  _1874_/X
  _2428_/A
  _2428_/X
  _2648_/A2
  _2648_/X
  _2654_/A2
  _2654_/Y
  _2674_/A2
  _2674_/X
  _2678_/A2
  _2678_/Y
  _2753_/B1
  _2753_/X
  _2756_/A2
  _2756_/X
  _2765_/B2
  | loop cut point
  _2765_/X
  --------------------------------
  _2765_/X
  _2768_/A2
  _2768_/X
  fanout141/A
  fanout141/X
  _1722_/A
  _1722_/Y
  _1867_/A1
  _1867_/X
  _1869_/B2
  _1869_/X
  _1874_/A1
  _1874_/X
  _2428_/A
  _2428_/X
  _2648_/A2
  _2648_/X
  _2654_/A2
  _2654_/Y
  _2674_/A2
  _2674_/X
  _2678_/A2
  _2678_/Y
  _2760_/A1
  _2760_/X
  _2765_/A2
  | loop cut point
  _2765_/X
  --------------------------------
  _2765_/X
  _2768_/A2
  _2768_/X
  fanout141/A
  fanout141/X
  _1722_/A
  _1722_/Y
  _1867_/A1
  _1867_/X
  _1869_/B2
  _1869_/X
  _1874_/A1
  _1874_/X
  _2428_/A
  _2428_/X
  _2648_/A2
  _2648_/X
  _2654_/A2
  _2654_/Y
  _2674_/A2
  _2674_/X
  _2678_/A2
  _2678_/Y
  _2763_/B1
  _2763_/Y
  _2764_/B2
  _2764_/X
  _2765_/A3
  | loop cut point
  _2765_/X
  --------------------------------
  _2751_/X
  _2765_/B1
  _2765_/X
  _2768_/A2
  _2768_/X
  fanout141/A
  fanout141/X
  _1722_/A
  _1722_/Y
  _1867_/A1
  _1867_/X
  _1869_/B2
  _1869_/X
  _1874_/A1
  _1874_/X
  _2428_/A
  _2428_/X
  _2648_/A2
  _2648_/X
  _2654_/A2
  _2654_/Y
  _2674_/A2
  _2674_/X
  _2679_/A2
  _2679_/X
  _2750_/B1
  _2750_/X
  _2751_/B1
  | loop cut point
  _2751_/X
  --------------------------------
  _2751_/X
  _2765_/B1
  _2765_/X
  _2768_/A2
  _2768_/X
  fanout141/A
  fanout141/X
  _1722_/A
  _1722_/Y
  _1867_/A1
  _1867_/X
  _1869_/B2
  _1869_/X
  _1874_/A1
  _1874_/X
  _2428_/A
  _2428_/X
  _2681_/B
  _2681_/X
  _2687_/A3
  _2687_/X
  _2696_/B
  _2696_/X
  _2710_/B
  _2710_/Y
  _2714_/B1
  _2714_/X
  _2751_/C1
  | loop cut point
  _2751_/X
  --------------------------------
  _2765_/X
  _2768_/A2
  _2768_/X
  fanout141/A
  fanout141/X
  _1722_/A
  _1722_/Y
  _1867_/A1
  _1867_/X
  _1869_/B2
  _1869_/X
  _1874_/A1
  _1874_/X
  _2428_/A
  _2428_/X
  _2738_/B
  _2738_/X
  _2740_/A3
  _2740_/X
  _2741_/C
  _2741_/X
  _2746_/A3
  _2746_/X
  _2765_/A1
  | loop cut point
  _2765_/X
  --------------------------------
  _2629_/X
  _2638_/B
  _2638_/X
  _2646_/A1
  _2646_/Y
  _2748_/S
  _2748_/X
  _2751_/A2
  _2751_/X
  _2765_/B1
  _2765_/X
  _2768_/A2
  _2768_/X
  fanout141/A
  fanout141/X
  _1722_/A
  _1722_/Y
  _1881_/A1
  _1881_/X
  _1883_/B2
  _1883_/Y
  _1894_/A2
  _1894_/X
  _2435_/A
  _2435_/Y
  _2628_/B2
  _2628_/X
  _2629_/B1
  | loop cut point
  _2629_/X
  --------------------------------
  _1748_/Y
  _2400_/B1
  _2400_/Y
  _2401_/B
  _2401_/X
  _2417_/A2
  _2417_/X
  _2438_/B
  _2438_/X
  _2483_/A1
  _2483_/Y
  _2522_/S
  _2522_/X
  _2560_/A2
  _2560_/X
  _2606_/B2
  _2606_/X
  _2609_/A2
  _2609_/X
  fanout144/A
  fanout144/X
  _1782_/A
  _1782_/X
  _1783_/C1
  _1783_/X
  _1798_/A2
  _1798_/X
  _1801_/A
  _1801_/X
  _2263_/A1
  _2263_/Y
  _2264_/B1
  _2264_/X
  _2265_/D
  _2265_/X
  _2273_/A1
  _2273_/Y
  _2309_/A2
  _2309_/X
  _2345_/C1
  _2345_/X
  _2394_/B2
  _2394_/X
  _2397_/A2
  _2397_/X
  _1852_/B
  _1852_/X
  _1854_/A3
  _1854_/Y
  _1855_/B1
  _1855_/X
  _2424_/A
  _2424_/Y
  _2626_/B
  _2626_/Y
  _2629_/A2
  _2629_/X
  _2638_/B
  _2638_/X
  _2646_/A1
  _2646_/Y
  _2748_/S
  _2748_/X
  _2751_/A2
  _2751_/X
  _2765_/B1
  _2765_/X
  _2768_/A2
  _2768_/X
  fanout141/A
  fanout141/X
  _1722_/A
  _1722_/Y
  fanout138/A
  fanout138/X
  _1730_/A1
  _1730_/X
  _1734_/B2
  _1734_/X
  _1748_/A1
  | loop cut point
  _1748_/Y
  --------------------------------
  _2264_/X
  _2265_/D
  _2265_/X
  _2273_/A1
  _2273_/Y
  _2309_/A2
  _2309_/X
  _2345_/C1
  _2345_/X
  _2394_/B2
  _2394_/X
  _2397_/A2
  _2397_/X
  _1852_/B
  _1852_/X
  _1854_/A3
  _1854_/Y
  _1855_/B1
  _1855_/X
  _2424_/A
  _2424_/Y
  _2626_/B
  _2626_/Y
  _2629_/A2
  _2629_/X
  _2638_/B
  _2638_/X
  _2646_/A1
  _2646_/Y
  _2748_/S
  _2748_/X
  _2751_/A2
  _2751_/X
  _2765_/B1
  _2765_/X
  _2768_/A2
  _2768_/X
  fanout141/A
  fanout141/X
  _1722_/A
  _1722_/Y
  fanout138/A
  fanout138/X
  _1765_/A1
  _1765_/X
  _1767_/B2
  _1767_/X
  _1772_/A2
  _1772_/X
  _1775_/A
  _1775_/Y
  _2262_/B
  _2262_/Y
  _2264_/A3
  | loop cut point
  _2264_/X
  --------------------------------
  _2102_/X
  _2107_/A
  _2107_/Y
  _2146_/S
  _2146_/X
  _2182_/A2
  _2182_/X
  _2233_/B2
  _2233_/X
  _2237_/A2
  _2237_/X
  fanout151/A
  fanout151/X
  _1720_/A
  _1720_/Y
  _1746_/A
  _1746_/X
  _1747_/B1
  _1747_/X
  _1748_/B1
  _1748_/Y
  _2400_/B1
  _2400_/Y
  _2401_/B
  _2401_/X
  _2417_/A2
  _2417_/X
  _2438_/B
  _2438_/X
  _2483_/A1
  _2483_/Y
  _2522_/S
  _2522_/X
  _2560_/A2
  _2560_/X
  _2606_/B2
  _2606_/X
  _2609_/A2
  _2609_/X
  fanout144/A
  fanout144/X
  _1782_/A
  _1782_/X
  _1783_/C1
  _1783_/X
  _1798_/A2
  _1798_/X
  _1801_/A
  _1801_/X
  _2263_/A1
  _2263_/Y
  _2264_/B1
  _2264_/X
  _2265_/D
  _2265_/X
  _2273_/A1
  _2273_/Y
  _2309_/A2
  _2309_/X
  _2345_/C1
  _2345_/X
  _2394_/B2
  _2394_/X
  _2397_/A2
  _2397_/X
  _1852_/B
  _1852_/X
  _1854_/A3
  _1854_/Y
  _1855_/B1
  _1855_/X
  _2424_/A
  _2424_/Y
  _2626_/B
  _2626_/Y
  _2629_/A2
  _2629_/X
  _2638_/B
  _2638_/X
  _2646_/A1
  _2646_/Y
  _2748_/S
  _2748_/X
  _2751_/A2
  _2751_/X
  _2765_/B1
  _2765_/X
  _2768_/A2
  _2768_/X
  fanout141/A
  fanout141/X
  _1722_/A
  _1722_/Y
  fanout138/A
  fanout138/X
  _1765_/A1
  _1765_/X
  _1767_/B2
  _1767_/X
  _1772_/A2
  _1772_/X
  _1776_/A2
  _1776_/X
  _1831_/A2
  _1831_/X
  _1834_/A1
  _1834_/X
  _2102_/A1
  | loop cut point
  _2102_/X
  --------------------------------
  _2417_/X
  _2438_/B
  _2438_/X
  _2483_/A1
  _2483_/Y
  _2522_/S
  _2522_/X
  _2560_/A2
  _2560_/X
  _2606_/B2
  _2606_/X
  _2609_/A2
  _2609_/X
  fanout144/A
  fanout144/X
  _1782_/A
  _1782_/X
  _1783_/C1
  _1783_/X
  _1798_/A2
  _1798_/X
  _1801_/A
  _1801_/X
  _2263_/A1
  _2263_/Y
  _2264_/B1
  _2264_/X
  _2265_/D
  _2265_/X
  _2273_/A1
  _2273_/Y
  _2309_/A2
  _2309_/X
  _2345_/C1
  _2345_/X
  _2394_/B2
  _2394_/X
  _2397_/A2
  _2397_/X
  _1852_/B
  _1852_/X
  _1854_/A3
  _1854_/Y
  _1855_/B1
  _1855_/X
  _2424_/A
  _2424_/Y
  _2626_/B
  _2626_/Y
  _2629_/A2
  _2629_/X
  _2638_/B
  _2638_/X
  _2646_/A1
  _2646_/Y
  _2748_/S
  _2748_/X
  _2751_/A2
  _2751_/X
  _2765_/B1
  _2765_/X
  _2768_/A2
  _2768_/X
  fanout141/A
  fanout141/X
  _1722_/A
  _1722_/Y
  fanout138/A
  fanout138/X
  _1765_/A1
  _1765_/X
  _1767_/B2
  _1767_/X
  _1772_/A2
  _1772_/X
  _2404_/A
  _2404_/Y
  _2405_/B
  _2405_/Y
  _2417_/A3
  | loop cut point
  _2417_/X
  --------------------------------
  _2638_/X
  _2646_/A1
  _2646_/Y
  _2748_/S
  _2748_/X
  _2751_/A2
  _2751_/X
  _2765_/B1
  _2765_/X
  _2768_/A2
  _2768_/X
  fanout141/A
  fanout141/X
  _1722_/A
  _1722_/Y
  fanout138/A
  fanout138/X
  _1765_/A1
  _1765_/X
  _1767_/B2
  _1767_/X
  _1772_/A2
  _1772_/X
  _2404_/A
  _2404_/Y
  _2635_/B
  _2635_/Y
  _2637_/A3
  _2637_/X
  _2638_/D
  | loop cut point
  _2638_/X
  --------------------------------
  _1783_/X
  _1798_/A2
  _1798_/X
  _1801_/A
  _1801_/X
  _2263_/A1
  _2263_/Y
  _2264_/B1
  _2264_/X
  _2265_/D
  _2265_/X
  _2273_/A1
  _2273_/Y
  _2309_/A2
  _2309_/X
  _2345_/C1
  _2345_/X
  _2394_/B2
  _2394_/X
  _2397_/A2
  _2397_/X
  _1852_/B
  _1852_/X
  _1854_/A3
  _1854_/Y
  _1855_/B1
  _1855_/X
  _2424_/A
  _2424_/Y
  _2626_/B
  _2626_/Y
  _2629_/A2
  _2629_/X
  _2638_/B
  _2638_/X
  _2646_/A1
  _2646_/Y
  _2748_/S
  _2748_/X
  _2751_/A2
  _2751_/X
  _2765_/B1
  _2765_/X
  _2768_/A2
  _2768_/X
  fanout141/A
  fanout141/X
  _1722_/A
  _1722_/Y
  fanout138/A
  fanout138/X
  _1781_/A1
  _1781_/Y
  _1783_/B2
  | loop cut point
  _1783_/X
  --------------------------------
  _2263_/Y
  _2264_/B1
  _2264_/X
  _2265_/D
  _2265_/X
  _2273_/A1
  _2273_/Y
  _2309_/A2
  _2309_/X
  _2345_/C1
  _2345_/X
  _2394_/B2
  _2394_/X
  _2397_/A2
  _2397_/X
  _1852_/B
  _1852_/X
  _1854_/A3
  _1854_/Y
  _1855_/B1
  _1855_/X
  _2424_/A
  _2424_/Y
  _2626_/B
  _2626_/Y
  _2629_/A2
  _2629_/X
  _2638_/B
  _2638_/X
  _2646_/A1
  _2646_/Y
  _2748_/S
  _2748_/X
  _2751_/A2
  _2751_/X
  _2765_/B1
  _2765_/X
  _2768_/A2
  _2768_/X
  fanout141/A
  fanout141/X
  _1722_/A
  _1722_/Y
  fanout138/A
  fanout138/X
  _1808_/A1
  _1808_/Y
  _1810_/B2
  _1810_/X
  _1824_/A1
  _1824_/X
  _1827_/A
  _1827_/X
  _2263_/B2
  | loop cut point
  _2263_/Y
  --------------------------------
  _2417_/X
  _2438_/B
  _2438_/X
  _2483_/A1
  _2483_/Y
  _2522_/S
  _2522_/X
  _2560_/A2
  _2560_/X
  _2606_/B2
  _2606_/X
  _2609_/A2
  _2609_/X
  fanout144/A
  fanout144/X
  _1782_/A
  _1782_/X
  _1783_/C1
  _1783_/X
  _1798_/A2
  _1798_/X
  _1801_/A
  _1801_/X
  _2263_/A1
  _2263_/Y
  _2264_/B1
  _2264_/X
  _2265_/D
  _2265_/X
  _2273_/A1
  _2273_/Y
  _2309_/A2
  _2309_/X
  _2345_/C1
  _2345_/X
  _2394_/B2
  _2394_/X
  _2397_/A2
  _2397_/X
  _1852_/B
  _1852_/X
  _1854_/A3
  _1854_/Y
  _1855_/B1
  _1855_/X
  _2424_/A
  _2424_/Y
  _2626_/B
  _2626_/Y
  _2629_/A2
  _2629_/X
  _2638_/B
  _2638_/X
  _2646_/A1
  _2646_/Y
  _2748_/S
  _2748_/X
  _2751_/A2
  _2751_/X
  _2765_/B1
  _2765_/X
  _2768_/A2
  _2768_/X
  fanout141/A
  fanout141/X
  _1722_/A
  _1722_/Y
  fanout138/A
  fanout138/X
  _1808_/A1
  _1808_/Y
  _1810_/B2
  _1810_/X
  _1824_/A1
  _1824_/X
  _2413_/B
  _2413_/X
  _2416_/B1
  _2416_/Y
  _2417_/B1
  | loop cut point
  _2417_/X
  --------------------------------
  _2102_/X
  _2107_/A
  _2107_/Y
  _2146_/S
  _2146_/X
  _2182_/A2
  _2182_/X
  _2233_/B2
  _2233_/X
  _2237_/A2
  _2237_/X
  fanout151/A
  fanout151/X
  _1720_/A
  _1720_/Y
  _1746_/A
  _1746_/X
  _1747_/B1
  _1747_/X
  _1748_/B1
  _1748_/Y
  _2400_/B1
  _2400_/Y
  _2401_/B
  _2401_/X
  _2417_/A2
  _2417_/X
  _2438_/B
  _2438_/X
  _2483_/A1
  _2483_/Y
  _2522_/S
  _2522_/X
  _2560_/A2
  _2560_/X
  _2606_/B2
  _2606_/X
  _2609_/A2
  _2609_/X
  fanout144/A
  fanout144/X
  _1782_/A
  _1782_/X
  _1783_/C1
  _1783_/X
  _1798_/A2
  _1798_/X
  _1801_/A
  _1801_/X
  _2263_/A1
  _2263_/Y
  _2264_/B1
  _2264_/X
  _2265_/D
  _2265_/X
  _2273_/A1
  _2273_/Y
  _2309_/A2
  _2309_/X
  _2345_/C1
  _2345_/X
  _2394_/B2
  _2394_/X
  _2397_/A2
  _2397_/X
  _1852_/B
  _1852_/X
  _1854_/A3
  _1854_/Y
  _1855_/B1
  _1855_/X
  _2424_/A
  _2424_/Y
  _2626_/B
  _2626_/Y
  _2629_/A2
  _2629_/X
  _2638_/B
  _2638_/X
  _2646_/A1
  _2646_/Y
  _2748_/S
  _2748_/X
  _2751_/A2
  _2751_/X
  _2765_/B1
  _2765_/X
  _2768_/A2
  _2768_/X
  fanout141/A
  fanout141/X
  _1722_/A
  _1722_/Y
  fanout138/A
  fanout138/X
  _1994_/A1
  _1994_/X
  _1996_/B2
  _1996_/Y
  _2007_/A2
  _2007_/X
  _2011_/B1
  _2011_/X
  _2012_/A1_N
  _2012_/X
  _2013_/B1
  _2013_/X
  _2102_/B1
  | loop cut point
  _2102_/X
  --------------------------------
  _2273_/Y
  _2309_/A2
  _2309_/X
  _2345_/C1
  _2345_/X
  _2394_/B2
  _2394_/X
  _2397_/A2
  _2397_/X
  _1852_/B
  _1852_/X
  _1854_/A3
  _1854_/Y
  _1855_/B1
  _1855_/X
  _2424_/A
  _2424_/Y
  _2626_/B
  _2626_/Y
  _2629_/A2
  _2629_/X
  _2638_/B
  _2638_/X
  _2646_/A1
  _2646_/Y
  _2748_/S
  _2748_/X
  _2751_/A2
  _2751_/X
  _2765_/B1
  _2765_/X
  _2768_/A2
  _2768_/X
  fanout141/A
  fanout141/X
  _1722_/A
  _1722_/Y
  fanout138/A
  fanout138/X
  _1994_/A1
  _1994_/X
  _1996_/B2
  _1996_/Y
  _2007_/A2
  _2007_/X
  _2011_/B1
  _2011_/X
  _2243_/A2_N
  _2243_/X
  _2244_/B1
  _2244_/X
  _2266_/A1
  _2266_/X
  _2273_/A2
  | loop cut point
  _2273_/Y
  --------------------------------
  _2309_/X
  _2345_/C1
  _2345_/X
  _2394_/B2
  _2394_/X
  _2397_/A2
  _2397_/X
  _1852_/B
  _1852_/X
  _1854_/A3
  _1854_/Y
  _1855_/B1
  _1855_/X
  _2424_/A
  _2424_/Y
  _2626_/B
  _2626_/Y
  _2629_/A2
  _2629_/X
  _2638_/B
  _2638_/X
  _2646_/A1
  _2646_/Y
  _2748_/S
  _2748_/X
  _2751_/A2
  _2751_/X
  _2765_/B1
  _2765_/X
  _2768_/A2
  _2768_/X
  fanout141/A
  fanout141/X
  _1722_/A
  _1722_/Y
  fanout138/A
  fanout138/X
  _1994_/A1
  _1994_/X
  _1996_/B2
  _1996_/Y
  _2007_/A2
  _2007_/X
  _2011_/B1
  _2011_/X
  _2243_/A2_N
  _2243_/X
  _2244_/B1
  _2244_/X
  _2266_/A1
  _2266_/X
  _2308_/A2
  _2308_/X
  _2309_/C1
  | loop cut point
  _2309_/X
  --------------------------------
  _2483_/Y
  _2522_/S
  _2522_/X
  _2560_/A2
  _2560_/X
  _2606_/B2
  _2606_/X
  _2609_/A2
  _2609_/X
  fanout144/A
  fanout144/X
  _1782_/A
  _1782_/X
  _1783_/C1
  _1783_/X
  _1798_/A2
  _1798_/X
  _1801_/A
  _1801_/X
  _2263_/A1
  _2263_/Y
  _2264_/B1
  _2264_/X
  _2265_/D
  _2265_/X
  _2273_/A1
  _2273_/Y
  _2309_/A2
  _2309_/X
  _2345_/C1
  _2345_/X
  _2394_/B2
  _2394_/X
  _2397_/A2
  _2397_/X
  _1852_/B
  _1852_/X
  _1854_/A3
  _1854_/Y
  _1855_/B1
  _1855_/X
  _2424_/A
  _2424_/Y
  _2626_/B
  _2626_/Y
  _2629_/A2
  _2629_/X
  _2638_/B
  _2638_/X
  _2646_/A1
  _2646_/Y
  _2748_/S
  _2748_/X
  _2751_/A2
  _2751_/X
  _2765_/B1
  _2765_/X
  _2768_/A2
  _2768_/X
  fanout141/A
  fanout141/X
  _1722_/A
  _1722_/Y
  fanout138/A
  fanout138/X
  _1994_/A1
  _1994_/X
  _1996_/B2
  _1996_/Y
  _2007_/A2
  _2007_/X
  _2453_/A
  _2453_/Y
  _2454_/B1
  _2454_/X
  _2455_/B1
  _2455_/X
  _2476_/A1
  _2476_/X
  _2483_/A2
  | loop cut point
  _2483_/Y
  --------------------------------
  _2646_/Y
  _2748_/S
  _2748_/X
  _2751_/A2
  _2751_/X
  _2765_/B1
  _2765_/X
  _2768_/A2
  _2768_/X
  fanout141/A
  fanout141/X
  _1722_/A
  _1722_/Y
  fanout138/A
  fanout138/X
  _1994_/A1
  _1994_/X
  _1996_/B2
  _1996_/Y
  _2007_/A2
  _2007_/X
  _2453_/A
  _2453_/Y
  _2616_/B2
  _2616_/X
  _2617_/B1
  _2617_/X
  _2639_/A1
  _2639_/X
  _2646_/A2
  | loop cut point
  _2646_/Y
  --------------------------------
  _2101_/Y
  _2102_/B2
  _2102_/X
  _2107_/A
  _2107_/Y
  _2146_/S
  _2146_/X
  _2182_/A2
  _2182_/X
  _2233_/B2
  _2233_/X
  _2237_/A2
  _2237_/X
  fanout151/A
  fanout151/X
  _1720_/A
  _1720_/Y
  _1746_/A
  _1746_/X
  _1747_/B1
  _1747_/X
  _1748_/B1
  _1748_/Y
  _2400_/B1
  _2400_/Y
  _2401_/B
  _2401_/X
  _2417_/A2
  _2417_/X
  _2438_/B
  _2438_/X
  _2483_/A1
  _2483_/Y
  _2522_/S
  _2522_/X
  _2560_/A2
  _2560_/X
  _2606_/B2
  _2606_/X
  _2609_/A2
  _2609_/X
  fanout144/A
  fanout144/X
  _1782_/A
  _1782_/X
  _1783_/C1
  _1783_/X
  _1798_/A2
  _1798_/X
  _1801_/A
  _1801_/X
  _2263_/A1
  _2263_/Y
  _2264_/B1
  _2264_/X
  _2265_/D
  _2265_/X
  _2273_/A1
  _2273_/Y
  _2309_/A2
  _2309_/X
  _2345_/C1
  _2345_/X
  _2394_/B2
  _2394_/X
  _2397_/A2
  _2397_/X
  _1852_/B
  _1852_/X
  _1854_/A3
  _1854_/Y
  _1855_/B1
  _1855_/X
  _2424_/A
  _2424_/Y
  _2626_/B
  _2626_/Y
  _2629_/A2
  _2629_/X
  _2638_/B
  _2638_/X
  _2646_/A1
  _2646_/Y
  _2748_/S
  _2748_/X
  _2751_/A2
  _2751_/X
  _2765_/B1
  _2765_/X
  _2768_/A2
  _2768_/X
  fanout141/A
  fanout141/X
  _1722_/A
  _1722_/Y
  fanout138/A
  fanout138/X
  _2021_/A1
  _2021_/X
  _2025_/A2
  _2025_/Y
  _2038_/A1
  _2038_/X
  _2062_/A2
  _2062_/X
  _2063_/B1
  _2063_/X
  _2101_/B1
  | loop cut point
  _2101_/Y
  --------------------------------
  _2100_/X
  _2101_/B2
  _2101_/Y
  _2102_/B2
  _2102_/X
  _2107_/A
  _2107_/Y
  _2146_/S
  _2146_/X
  _2182_/A2
  _2182_/X
  _2233_/B2
  _2233_/X
  _2237_/A2
  _2237_/X
  fanout151/A
  fanout151/X
  _1720_/A
  _1720_/Y
  _1746_/A
  _1746_/X
  _1747_/B1
  _1747_/X
  _1748_/B1
  _1748_/Y
  _2400_/B1
  _2400_/Y
  _2401_/B
  _2401_/X
  _2417_/A2
  _2417_/X
  _2438_/B
  _2438_/X
  _2483_/A1
  _2483_/Y
  _2522_/S
  _2522_/X
  _2560_/A2
  _2560_/X
  _2606_/B2
  _2606_/X
  _2609_/A2
  _2609_/X
  fanout144/A
  fanout144/X
  _1782_/A
  _1782_/X
  _1783_/C1
  _1783_/X
  _1798_/A2
  _1798_/X
  _1801_/A
  _1801_/X
  _2263_/A1
  _2263_/Y
  _2264_/B1
  _2264_/X
  _2265_/D
  _2265_/X
  _2273_/A1
  _2273_/Y
  _2309_/A2
  _2309_/X
  _2345_/C1
  _2345_/X
  _2394_/B2
  _2394_/X
  _2397_/A2
  _2397_/X
  _1852_/B
  _1852_/X
  _1854_/A3
  _1854_/Y
  _1855_/B1
  _1855_/X
  _2424_/A
  _2424_/Y
  _2626_/B
  _2626_/Y
  _2629_/A2
  _2629_/X
  _2638_/B
  _2638_/X
  _2646_/A1
  _2646_/Y
  _2748_/S
  _2748_/X
  _2751_/A2
  _2751_/X
  _2765_/B1
  _2765_/X
  _2768_/A2
  _2768_/X
  fanout141/A
  fanout141/X
  _1722_/A
  _1722_/Y
  fanout138/A
  fanout138/X
  _2065_/A1
  _2065_/X
  _2067_/B2
  _2067_/Y
  _2078_/A2
  _2078_/X
  _2081_/A
  _2081_/X
  _2100_/A2
  | loop cut point
  _2100_/X
  --------------------------------
  _2085_/Y
  _2096_/A2
  _2096_/X
  _2099_/A
  _2099_/X
  _2100_/B1
  _2100_/X
  _2101_/B2
  _2101_/Y
  _2102_/B2
  _2102_/X
  _2107_/A
  _2107_/Y
  _2146_/S
  _2146_/X
  _2182_/A2
  _2182_/X
  _2233_/B2
  _2233_/X
  _2237_/A2
  _2237_/X
  fanout151/A
  fanout151/X
  _1720_/A
  _1720_/Y
  _1746_/A
  _1746_/X
  _1747_/B1
  _1747_/X
  _1748_/B1
  _1748_/Y
  _2400_/B1
  _2400_/Y
  _2401_/B
  _2401_/X
  _2417_/A2
  _2417_/X
  _2438_/B
  _2438_/X
  _2483_/A1
  _2483_/Y
  _2522_/S
  _2522_/X
  _2560_/A2
  _2560_/X
  _2606_/B2
  _2606_/X
  _2609_/A2
  _2609_/X
  fanout144/A
  fanout144/X
  _1782_/A
  _1782_/X
  _1783_/C1
  _1783_/X
  _1798_/A2
  _1798_/X
  _1801_/A
  _1801_/X
  _2263_/A1
  _2263_/Y
  _2264_/B1
  _2264_/X
  _2265_/D
  _2265_/X
  _2273_/A1
  _2273_/Y
  _2309_/A2
  _2309_/X
  _2345_/C1
  _2345_/X
  _2394_/B2
  _2394_/X
  _2397_/A2
  _2397_/X
  _1852_/B
  _1852_/X
  _1854_/A3
  _1854_/Y
  _1855_/B1
  _1855_/X
  _2424_/A
  _2424_/Y
  _2626_/B
  _2626_/Y
  _2629_/A2
  _2629_/X
  _2638_/B
  _2638_/X
  _2646_/A1
  _2646_/Y
  _2748_/S
  _2748_/X
  _2751_/A2
  _2751_/X
  _2765_/B1
  _2765_/X
  _2768_/A2
  _2768_/X
  fanout141/A
  fanout141/X
  _1722_/A
  _1722_/Y
  fanout138/A
  fanout138/X
  _2083_/A1
  _2083_/X
  _2085_/B2
  | loop cut point
  _2085_/Y
  --------------------------------
  _2107_/Y
  _2146_/S
  _2146_/X
  _2182_/A2
  _2182_/X
  _2233_/B2
  _2233_/X
  _2237_/A2
  _2237_/X
  fanout151/A
  fanout151/X
  _1720_/A
  _1720_/Y
  _1746_/A
  _1746_/X
  _1747_/B1
  _1747_/X
  _1748_/B1
  _1748_/Y
  _2400_/B1
  _2400_/Y
  _2401_/B
  _2401_/X
  _2417_/A2
  _2417_/X
  _2438_/B
  _2438_/X
  _2483_/A1
  _2483_/Y
  _2522_/S
  _2522_/X
  _2560_/A2
  _2560_/X
  _2606_/B2
  _2606_/X
  _2609_/A2
  _2609_/X
  fanout144/A
  fanout144/X
  _1782_/A
  _1782_/X
  _1783_/C1
  _1783_/X
  _1798_/A2
  _1798_/X
  _1801_/A
  _1801_/X
  _2263_/A1
  _2263_/Y
  _2264_/B1
  _2264_/X
  _2265_/D
  _2265_/X
  _2273_/A1
  _2273_/Y
  _2309_/A2
  _2309_/X
  _2345_/C1
  _2345_/X
  _2394_/B2
  _2394_/X
  _2397_/A2
  _2397_/X
  _1852_/B
  _1852_/X
  _1854_/A3
  _1854_/Y
  _1855_/B1
  _1855_/X
  _2424_/A
  _2424_/Y
  _2626_/B
  _2626_/Y
  _2629_/A2
  _2629_/X
  _2638_/B
  _2638_/X
  _2646_/A1
  _2646_/Y
  _2748_/S
  _2748_/X
  _2751_/A2
  _2751_/X
  _2765_/B1
  _2765_/X
  _2768_/A2
  _2768_/X
  fanout141/A
  fanout141/X
  fanout139/A
  fanout139/X
  _2104_/A3
  _2104_/X
  _2105_/A
  _2105_/Y
  _2106_/B1
  _2106_/X
  _2107_/B
  | loop cut point
  _2107_/Y
  --------------------------------
  _2273_/Y
  _2309_/A2
  _2309_/X
  _2345_/C1
  _2345_/X
  _2394_/B2
  _2394_/X
  _2397_/A2
  _2397_/X
  _1852_/B
  _1852_/X
  _1854_/A3
  _1854_/Y
  _1855_/B1
  _1855_/X
  _2424_/A
  _2424_/Y
  _2626_/B
  _2626_/Y
  _2629_/A2
  _2629_/X
  _2638_/B
  _2638_/X
  _2646_/A1
  _2646_/Y
  _2748_/S
  _2748_/X
  _2751_/A2
  _2751_/X
  _2765_/B1
  _2765_/X
  _2768_/A2
  _2768_/X
  fanout141/A
  fanout141/X
  fanout139/A
  fanout139/X
  _2270_/B
  _2270_/Y
  _2271_/B1
  _2271_/X
  _2272_/A3
  _2272_/X
  _2273_/B1
  | loop cut point
  _2273_/Y
  --------------------------------
  _2483_/Y
  _2522_/S
  _2522_/X
  _2560_/A2
  _2560_/X
  _2606_/B2
  _2606_/X
  _2609_/A2
  _2609_/X
  fanout144/A
  fanout144/X
  _1782_/A
  _1782_/X
  _1783_/C1
  _1783_/X
  _1798_/A2
  _1798_/X
  _1801_/A
  _1801_/X
  _2263_/A1
  _2263_/Y
  _2264_/B1
  _2264_/X
  _2265_/D
  _2265_/X
  _2273_/A1
  _2273_/Y
  _2309_/A2
  _2309_/X
  _2345_/C1
  _2345_/X
  _2394_/B2
  _2394_/X
  _2397_/A2
  _2397_/X
  _1852_/B
  _1852_/X
  _1854_/A3
  _1854_/Y
  _1855_/B1
  _1855_/X
  _2424_/A
  _2424_/Y
  _2626_/B
  _2626_/Y
  _2629_/A2
  _2629_/X
  _2638_/B
  _2638_/X
  _2646_/A1
  _2646_/Y
  _2748_/S
  _2748_/X
  _2751_/A2
  _2751_/X
  _2765_/B1
  _2765_/X
  _2768_/A2
  _2768_/X
  fanout141/A
  fanout141/X
  fanout139/A
  fanout139/X
  _2480_/B
  _2480_/Y
  _2481_/B1
  _2481_/X
  _2482_/A3
  _2482_/X
  _2483_/B1
  | loop cut point
  _2483_/Y
  --------------------------------
  _2646_/Y
  _2748_/S
  _2748_/X
  _2751_/A2
  _2751_/X
  _2765_/B1
  _2765_/X
  _2768_/A2
  _2768_/X
  fanout141/A
  fanout141/X
  fanout139/A
  fanout139/X
  _2643_/B
  _2643_/Y
  _2644_/B1
  _2644_/X
  _2645_/A3
  _2645_/X
  _2646_/B1
  | loop cut point
  _2646_/Y
  --------------------------------
  _1747_/X
  _1748_/B1
  _1748_/Y
  _2400_/B1
  _2400_/Y
  _2401_/B
  _2401_/X
  _2417_/A2
  _2417_/X
  _2438_/B
  _2438_/X
  _2483_/A1
  _2483_/Y
  _2522_/S
  _2522_/X
  _2560_/A2
  _2560_/X
  _2606_/B2
  _2606_/X
  _2609_/A2
  _2609_/X
  fanout144/A
  fanout144/X
  _1782_/A
  _1782_/X
  _1783_/C1
  _1783_/X
  _1798_/A2
  _1798_/X
  _1801_/A
  _1801_/X
  _2263_/A1
  _2263_/Y
  _2264_/B1
  _2264_/X
  _2265_/D
  _2265_/X
  _2273_/A1
  _2273_/Y
  _2309_/A2
  _2309_/X
  _2345_/C1
  _2345_/X
  _2394_/B2
  _2394_/X
  _2397_/A2
  _2397_/X
  fanout148/A
  fanout148/X
  fanout147/A
  fanout147/X
  _1745_/A
  _1745_/Y
  _1747_/A3
  | loop cut point
  _1747_/X
  --------------------------------
  _1798_/X
  _1801_/A
  _1801_/X
  _2263_/A1
  _2263_/Y
  _2264_/B1
  _2264_/X
  _2265_/D
  _2265_/X
  _2273_/A1
  _2273_/Y
  _2309_/A2
  _2309_/X
  _2345_/C1
  _2345_/X
  _2394_/B2
  _2394_/X
  _2397_/A2
  _2397_/X
  fanout148/A
  fanout148/X
  fanout147/A
  fanout147/X
  fanout146/A
  fanout146/X
  _1794_/A1
  _1794_/X
  _1797_/A1
  _1797_/X
  _1798_/B1
  | loop cut point
  _1798_/X
  --------------------------------
  _2096_/X
  _2099_/A
  _2099_/X
  _2100_/B1
  _2100_/X
  _2101_/B2
  _2101_/Y
  _2102_/B2
  _2102_/X
  _2107_/A
  _2107_/Y
  _2146_/S
  _2146_/X
  _2182_/A2
  _2182_/X
  _2233_/B2
  _2233_/X
  _2237_/A2
  _2237_/X
  fanout151/A
  fanout151/X
  _1720_/A
  _1720_/Y
  _1746_/A
  _1746_/X
  _1747_/B1
  _1747_/X
  _1748_/B1
  _1748_/Y
  _2400_/B1
  _2400_/Y
  _2401_/B
  _2401_/X
  _2417_/A2
  _2417_/X
  _2438_/B
  _2438_/X
  _2483_/A1
  _2483_/Y
  _2522_/S
  _2522_/X
  _2560_/A2
  _2560_/X
  _2606_/B2
  _2606_/X
  _2609_/A2
  _2609_/X
  fanout144/A
  fanout144/X
  _1782_/A
  _1782_/X
  _1783_/C1
  _1783_/X
  _1798_/A2
  _1798_/X
  _1801_/A
  _1801_/X
  _2263_/A1
  _2263_/Y
  _2264_/B1
  _2264_/X
  _2265_/D
  _2265_/X
  _2273_/A1
  _2273_/Y
  _2309_/A2
  _2309_/X
  _2345_/C1
  _2345_/X
  _2394_/B2
  _2394_/X
  _2397_/A2
  _2397_/X
  fanout148/A
  fanout148/X
  fanout147/A
  fanout147/X
  fanout146/A
  fanout146/X
  _2092_/A1
  _2092_/X
  _2095_/A1
  _2095_/X
  _2096_/B1
  | loop cut point
  _2096_/X
  --------------------------------
  _2085_/Y
  _2096_/A2
  _2096_/X
  _2099_/A
  _2099_/X
  _2100_/B1
  _2100_/X
  _2101_/B2
  _2101_/Y
  _2102_/B2
  _2102_/X
  _2107_/A
  _2107_/Y
  _2146_/S
  _2146_/X
  _2182_/A2
  _2182_/X
  _2233_/B2
  _2233_/X
  _2237_/A2
  _2237_/X
  fanout151/A
  fanout151/X
  _1720_/A
  _1720_/Y
  _1746_/A
  _1746_/X
  _1747_/B1
  _1747_/X
  _1748_/B1
  _1748_/Y
  _2400_/B1
  _2400_/Y
  _2401_/B
  _2401_/X
  _2417_/A2
  _2417_/X
  _2438_/B
  _2438_/X
  _2483_/A1
  _2483_/Y
  _2522_/S
  _2522_/X
  _2560_/A2
  _2560_/X
  _2606_/B2
  _2606_/X
  _2609_/A2
  _2609_/X
  fanout145/A
  fanout145/X
  _1721_/A
  _1721_/Y
  fanout143/A
  fanout143/X
  fanout142/A
  fanout142/X
  _2084_/A
  _2084_/X
  _2085_/C1
  | loop cut point
  _2085_/Y
  --------------------------------
