Clock: clk
Sources: clk 
Generated: no
Virtual: yes
Propagated: no
Period: 100.000000

===========================================================================
report_clock_properties
============================================================================
Clock                   Period          Waveform
----------------------------------------------------
clk                 100.000000    0.000000 50.000000

===========================================================================
report_clock_latency
============================================================================
Clock clk
rise -> rise
    min     max
0.000000 0.000000 source latency
0.414772         network latency _3576_/CLK
        20.331005 network latency _3398_/CLK
---------------
0.414772 20.331005 latency
        19.916233 skew

rise -> fall
    min     max
0.000000 0.000000 source latency
0.876101         network latency _3354_/CLK
        20.297520 network latency _3398_/CLK
---------------
0.876101 20.297520 latency
        19.421417 skew

fall -> fall
    min     max
0.000000 0.000000 source latency
0.339110         network latency _3576_/CLK
        0.476224 network latency _3342_/CLK
---------------
0.339110 0.476224 latency
        0.137113 skew



===========================================================================
report_clock_min_period
============================================================================
clk period_min = 1.75 fmax = 571.45
