Clock: clk
Sources: clk 
Generated: no
Virtual: yes
Propagated: no
Period: 100.000000

===========================================================================
report_clock_properties
============================================================================
Clock                   Period          Waveform
----------------------------------------------------
clk                 100.000000    0.000000 50.000000

===========================================================================
report_clock_latency
============================================================================
Clock clk
rise -> rise
    min     max
0.000000 0.000000 source latency
1.923695         network latency _16549_/CLK
        2.376516 network latency _16389_/CLK
---------------
1.923695 2.376516 latency
        0.452821 skew

rise -> fall
    min     max
0.000000 0.000000 source latency
2.015872         network latency _15098_/CLK
        2.547400 network latency _15698_/CLK
---------------
2.015872 2.547400 latency
        0.531529 skew

fall -> rise
    min     max
0.000000 0.000000 source latency
1.576915         network latency _15098_/CLK
        2.030671 network latency _15698_/CLK
---------------
1.576915 2.030671 latency
        0.453756 skew

fall -> fall
    min     max
0.000000 0.000000 source latency
1.477112         network latency _16549_/CLK
        1.880455 network latency _16389_/CLK
---------------
1.477112 1.880455 latency
        0.403343 skew



===========================================================================
report_clock_min_period
============================================================================
clk period_min = 29.10 fmax = 34.37
