Clock: clk
Sources: clk 
Generated: no
Virtual: yes
Propagated: no
Period: 25.000000

===========================================================================
report_clock_properties
============================================================================
Clock                   Period          Waveform
----------------------------------------------------
clk                  25.000000    0.000000 12.500000

===========================================================================
report_clock_latency
============================================================================
Clock clk
rise -> rise
    min     max
0.000000 0.000000 source latency
0.539622         network latency _3516_/CLK
        6.036430 network latency _3593_/CLK
---------------
0.539622 6.036430 latency
        5.496808 skew

rise -> fall
    min     max
0.000000 0.000000 source latency
5.445315         network latency _3615_/CLK
        6.073068 network latency _3531_/CLK
---------------
5.445315 6.073068 latency
        0.627753 skew

fall -> fall
    min     max
0.000000 0.000000 source latency
0.455924         network latency _3516_/CLK
        0.658317 network latency _3370_/CLK
---------------
0.455924 0.658317 latency
        0.202393 skew



===========================================================================
report_clock_min_period
============================================================================
clk period_min = 4.70 fmax = 212.73
