Clock: clk
Sources: clk 
Generated: no
Virtual: yes
Propagated: no
Period: 25.000000

===========================================================================
report_clock_properties
============================================================================
Clock                   Period          Waveform
----------------------------------------------------
clk                  25.000000    0.000000 12.500000

===========================================================================
report_clock_latency
============================================================================
Clock clk
rise -> rise
    min     max
0.000000 0.000000 source latency
0.799086         network latency _0980_/CLK
        0.818034 network latency _1018_/CLK
---------------
0.799086 0.818034 latency
        0.018948 skew

fall -> fall
    min     max
0.000000 0.000000 source latency
0.713968         network latency _0980_/CLK
        0.729434 network latency _1018_/CLK
---------------
0.713968 0.729434 latency
        0.015467 skew



===========================================================================
report_clock_min_period
============================================================================
clk period_min = 9.15 fmax = 109.28
