Reading OpenROAD database at '/home/ajwey/CI2605_stuff/nebula-iii/openlane/ffram/runs/26_03_04_19_21/24-openroad-ioplacement/ffram.odb'…
Reading library file at '/home/ajwey/CI2605_stuff/nebula-iii/dependencies/pdks/sky130A/libs.ref/sky130_fd_sc_hd/lib/sky130_fd_sc_hd__tt_025C_1v80.lib'…
Reading design constraints file at '/nix/store/svkrfkkpaij5qb9xjbcwfymcd4s8hczv-python3-3.11.9-env/lib/python3.11/site-packages/librelane/scripts/base.sdc'…
[INFO] Using clock clk…
[INFO] Setting output delay to: 5
[INFO] Setting input delay to: 5
[INFO] Setting load to: 0.033442
[INFO] Setting clock uncertainty to: 0.25
[INFO] Setting clock transition to: 0.1499999999999999944488848768742172978818416595458984375
[INFO] Setting timing derate to: 5%
[INFO] Setting RC values…
[INFO] Setting signal min routing layer to: met1 and clock min routing layer to met1. 
[INFO] Setting signal max routing layer to: met4 and clock max routing layer to met4. 
+ global_placement -density 0.5 -timing_driven -routability_driven -pad_right 0 -pad_left 0 -init_wirelength_coef 0.25
[INFO GPL-0002] DBU: 1000
[INFO GPL-0003] SiteSize: (  0.460  2.720 ) um
[INFO GPL-0004] CoreBBox: (  5.520 10.880 ) ( 694.140 688.160 ) um
[INFO GPL-0006] NumInstances:             22516
[INFO GPL-0007] NumPlaceInstances:        15367
[INFO GPL-0008] NumFixedInstances:         7149
[INFO GPL-0009] NumDummyInstances:            0
[INFO GPL-0010] NumNets:                  15442
[INFO GPL-0011] NumPins:                  60347
[INFO GPL-0012] DieBBox:  (  0.000  0.000 ) ( 700.000 700.000 ) um
[INFO GPL-0013] CoreBBox: (  5.520 10.880 ) ( 694.140 688.160 ) um
[INFO GPL-0016] CoreArea:            466388.554 um^2
[INFO GPL-0017] NonPlaceInstsArea:    10191.024 um^2
[INFO GPL-0018] PlaceInstsArea:      187130.723 um^2
[INFO GPL-0019] Util:                    41.020 %
[INFO GPL-0020] StdInstsArea:        187130.723 um^2
[INFO GPL-0021] MacroInstsArea:           0.000 um^2
[InitialPlace]  Iter: 1 CG residual: 0.00017156 HPWL: 556594362
[InitialPlace]  Iter: 2 CG residual: 0.00002127 HPWL: 188256010
[InitialPlace]  Iter: 3 CG residual: 0.00003841 HPWL: 189440512
[InitialPlace]  Iter: 4 CG residual: 0.00001185 HPWL: 189836166
[InitialPlace]  Iter: 5 CG residual: 0.00003731 HPWL: 189649480
[InitialPlace]  Iter: 6 CG residual: 0.00001587 HPWL: 189884488
[InitialPlace]  Iter: 7 CG residual: 0.00004908 HPWL: 189610825
[InitialPlace]  Iter: 8 CG residual: 0.00001697 HPWL: 189834758
[InitialPlace]  Iter: 9 CG residual: 0.00001098 HPWL: 189652171
[InitialPlace]  Iter: 10 CG residual: 0.00002624 HPWL: 189871900
[InitialPlace]  Iter: 11 CG residual: 0.00002763 HPWL: 189638704
[InitialPlace]  Iter: 12 CG residual: 0.00000718 HPWL: 189881501
[INFO GPL-0031] FillerInit:NumGCells:     18780
[INFO GPL-0032] FillerInit:NumGNets:      15442
[INFO GPL-0033] FillerInit:NumGPins:      60347
[INFO GPL-0023] TargetDensity:            0.500
[INFO GPL-0024] AvrgPlaceInstArea:       12.177 um^2
[INFO GPL-0025] IdealBinArea:            24.355 um^2
[INFO GPL-0026] IdealBinCnt:              19149
[INFO GPL-0027] TotalBinArea:        466388.554 um^2
[INFO GPL-0028] BinCnt:       128    128
[INFO GPL-0029] BinSize: (  5.380  5.292 )
[INFO GPL-0030] NumBins: 16384
[NesterovSolve] Iter:    1 overflow: 0.993 HPWL: 89342657
[NesterovSolve] Iter:   10 overflow: 0.983 HPWL: 104142897
[NesterovSolve] Iter:   20 overflow: 0.981 HPWL: 108217323
[NesterovSolve] Iter:   30 overflow: 0.980 HPWL: 110168781
[NesterovSolve] Iter:   40 overflow: 0.980 HPWL: 110195999
[NesterovSolve] Iter:   50 overflow: 0.980 HPWL: 109694325
[NesterovSolve] Iter:   60 overflow: 0.980 HPWL: 109390713
[NesterovSolve] Iter:   70 overflow: 0.980 HPWL: 109572396
[NesterovSolve] Iter:   80 overflow: 0.980 HPWL: 109874945
[NesterovSolve] Iter:   90 overflow: 0.980 HPWL: 110008436
[NesterovSolve] Iter:  100 overflow: 0.980 HPWL: 110090396
[NesterovSolve] Iter:  110 overflow: 0.980 HPWL: 110298109
[NesterovSolve] Iter:  120 overflow: 0.980 HPWL: 110719175
[NesterovSolve] Iter:  130 overflow: 0.980 HPWL: 111428920
[NesterovSolve] Iter:  140 overflow: 0.979 HPWL: 112497904
[NesterovSolve] Iter:  150 overflow: 0.979 HPWL: 114202932
[NesterovSolve] Iter:  160 overflow: 0.978 HPWL: 117010515
[NesterovSolve] Iter:  170 overflow: 0.976 HPWL: 121279382
[NesterovSolve] Iter:  180 overflow: 0.974 HPWL: 127092944
[NesterovSolve] Iter:  190 overflow: 0.971 HPWL: 134952250
[NesterovSolve] Iter:  200 overflow: 0.966 HPWL: 145665590
[NesterovSolve] Iter:  210 overflow: 0.959 HPWL: 160232772
[NesterovSolve] Iter:  220 overflow: 0.948 HPWL: 179150298
[NesterovSolve] Iter:  230 overflow: 0.932 HPWL: 201925465
[NesterovSolve] Iter:  240 overflow: 0.910 HPWL: 228208673
[NesterovSolve] Iter:  250 overflow: 0.882 HPWL: 257432790
[NesterovSolve] Iter:  260 overflow: 0.847 HPWL: 287076740
[NesterovSolve] Iter:  270 overflow: 0.804 HPWL: 313116051
[INFO GPL-0100] Timing-driven: executing resizer for reweighting nets.
[INFO GPL-0101] Timing-driven: worst slack -1.48e-08
[INFO GPL-0103] Timing-driven: weighted 1544 nets.
[NesterovSolve] Iter:  280 overflow: 0.751 HPWL: 334619373
[NesterovSolve] Iter:  290 overflow: 0.687 HPWL: 351820971
[INFO GPL-0100] Timing-driven: executing resizer for reweighting nets.
[INFO GPL-0101] Timing-driven: worst slack -1.61e-08
[INFO GPL-0103] Timing-driven: weighted 1544 nets.
[NesterovSolve] Iter:  300 overflow: 0.614 HPWL: 368170750
[NesterovSolve] Snapshot saved at iter = 302
[NesterovSolve] Iter:  310 overflow: 0.568 HPWL: 398527355
[NesterovSolve] Iter:  320 overflow: 0.526 HPWL: 423099267
[NesterovSolve] Iter:  330 overflow: 0.505 HPWL: 423751145
[INFO GPL-0100] Timing-driven: executing resizer for reweighting nets.
[INFO GPL-0101] Timing-driven: worst slack -1.73e-08
[INFO GPL-0103] Timing-driven: weighted 1544 nets.
[NesterovSolve] Iter:  340 overflow: 0.470 HPWL: 415898402
[NesterovSolve] Iter:  350 overflow: 0.431 HPWL: 423248437
[NesterovSolve] Iter:  360 overflow: 0.406 HPWL: 422772839
[NesterovSolve] Iter:  370 overflow: 0.369 HPWL: 415340060
[NesterovSolve] Iter:  380 overflow: 0.338 HPWL: 416024172
[NesterovSolve] Iter:  390 overflow: 0.310 HPWL: 411574443
[INFO GPL-0075] Routability numCall: 1 inflationIterCnt: 1 bloatIterCnt: 0
[INFO GPL-0036] TileBBox: (    0    0 ) ( 6900 6900 ) DBU
[INFO GPL-0038] TileCnt:     101  101
[INFO GPL-0040] NumTiles: 10201
[INFO GPL-0081] TotalRouteOverflow: 0.01844930648803711
[INFO GPL-0082] OverflowTileCnt: 1
[INFO GPL-0083] 0.5%RC: 0.8950345401580517
[INFO GPL-0084] 1.0%RC: 0.8612981971027782
[INFO GPL-0085] 2.0%RC: 0.8290782817980138
[INFO GPL-0086] 5.0%RC: 0.7858603566360101
[INFO GPL-0087] FinalRC: 0.8781664
[INFO GPL-0077] FinalRC lower than targetRC(1.01), routability not needed.
[NesterovSolve] Iter:  400 overflow: 0.283 HPWL: 410249745
[INFO GPL-0100] Timing-driven: executing resizer for reweighting nets.
[INFO GPL-0101] Timing-driven: worst slack -2e-08
[INFO GPL-0103] Timing-driven: weighted 1544 nets.
[NesterovSolve] Iter:  410 overflow: 0.255 HPWL: 408948308
[NesterovSolve] Iter:  420 overflow: 0.228 HPWL: 408415806
[INFO GPL-0100] Timing-driven: executing resizer for reweighting nets.
[INFO GPL-0101] Timing-driven: worst slack -2.12e-08
[INFO GPL-0103] Timing-driven: weighted 1544 nets.
[NesterovSolve] Iter:  430 overflow: 0.200 HPWL: 408475028
[NesterovSolve] Iter:  440 overflow: 0.174 HPWL: 409165291
[NesterovSolve] Iter:  450 overflow: 0.149 HPWL: 409607654
[INFO GPL-0100] Timing-driven: executing resizer for reweighting nets.
[INFO GPL-0101] Timing-driven: worst slack -2.17e-08
[INFO GPL-0103] Timing-driven: weighted 1544 nets.
[NesterovSolve] Iter:  460 overflow: 0.128 HPWL: 410022879
[NesterovSolve] Iter:  470 overflow: 0.110 HPWL: 410816847
[NesterovSolve] Finished with Overflow: 0.099259
[INFO] Setting RC values…
Setting global connections for newly added cells…
[INFO] Setting global connections...
Updating metrics…
Cell type report:                       Count       Area
  Fill cell                               498    1869.29
  Tap cell                               6651    8321.73
  Inverter                                  4      15.01
  Sequential cell                        4096   87123.56
  Multi-Input combinational cell        11267   99992.15
  Total                                 22516  197321.75
Writing OpenROAD database to '/home/ajwey/CI2605_stuff/nebula-iii/openlane/ffram/runs/26_03_04_19_21/27-openroad-globalplacement/ffram.odb'…
Writing netlist to '/home/ajwey/CI2605_stuff/nebula-iii/openlane/ffram/runs/26_03_04_19_21/27-openroad-globalplacement/ffram.nl.v'…
Writing powered netlist to '/home/ajwey/CI2605_stuff/nebula-iii/openlane/ffram/runs/26_03_04_19_21/27-openroad-globalplacement/ffram.pnl.v'…
Writing layout to '/home/ajwey/CI2605_stuff/nebula-iii/openlane/ffram/runs/26_03_04_19_21/27-openroad-globalplacement/ffram.def'…
Writing timing constraints to '/home/ajwey/CI2605_stuff/nebula-iii/openlane/ffram/runs/26_03_04_19_21/27-openroad-globalplacement/ffram.sdc'…
