Clock: clk
Sources: wb_clk_i 
Generated: no
Virtual: yes
Propagated: no
Period: 100.000000

===========================================================================
report_clock_properties
============================================================================
Clock                   Period          Waveform
----------------------------------------------------
clk                 100.000000    0.000000 50.000000

===========================================================================
report_clock_latency
============================================================================
Clock clk
rise -> rise
    min     max
4.650000 5.570000 source latency
7.995249         network latency mprj.team_00_Wrapper.team_00_WB.instance_to_wrap/clk
        9.259967 network latency mprj.team_08_Wrapper.team_08_WB.instance_to_wrap/clk
---------------
12.645248 14.829967 latency
        2.184718 skew

fall -> fall
    min     max
4.650000 5.570000 source latency
7.724996         network latency mprj.team_00_Wrapper.team_00_WB.instance_to_wrap/clk
        8.894528 network latency mprj.team_08_Wrapper.team_08_WB.instance_to_wrap/clk
---------------
12.374995 14.464528 latency
        2.089532 skew



===========================================================================
report_clock_min_period
============================================================================
clk period_min = 43.85 fmax = 22.81
