
===========================================================================
report_checks -unconstrained
===========================================================================
======================= max_ss_100C_1v60 Corner ===================================

Startpoint: nrst (input port clocked by clk)
Endpoint: _1616_ (recovery check against rising-edge clock clk)
Path Group: asynchronous
Path Type: max

Fanout         Cap        Slew       Delay        Time   Description
---------------------------------------------------------------------------------------------
                                  0.000000    0.000000   clock clk (rise edge)
                                  0.000000    0.000000   clock network delay (propagated)
                                  5.000000    5.000000 ^ input external delay
     2    0.004052    0.040679    0.022441    5.022441 ^ nrst (in)
                                                         nrst (net)
                      0.040679    0.000000    5.022441 ^ input5/A (sky130_fd_sc_hd__buf_1)
     7    0.028873    0.545438    0.474038    5.496479 ^ input5/X (sky130_fd_sc_hd__buf_1)
                                                         net5 (net)
                      0.545450    0.002208    5.498686 ^ fanout47/A (sky130_fd_sc_hd__buf_2)
    17    0.056723    0.440200    0.655887    6.154573 ^ fanout47/X (sky130_fd_sc_hd__buf_2)
                                                         net47 (net)
                      0.440211    0.002872    6.157446 ^ fanout46/A (sky130_fd_sc_hd__clkbuf_4)
    10    0.045169    0.228312    0.528077    6.685523 ^ fanout46/X (sky130_fd_sc_hd__clkbuf_4)
                                                         net46 (net)
                      0.228432    0.004829    6.690351 ^ _1616_/RESET_B (sky130_fd_sc_hd__dfrtp_4)
                                              6.690351   data arrival time

                                 25.000000   25.000000   clock clk (rise edge)
                                  0.000000   25.000000   clock source latency
     2    0.019571    0.146918    0.100187   25.100185 ^ clk (in)
                                                         clk (net)
                      0.146923    0.000000   25.100185 ^ clkbuf_0_clk/A (sky130_fd_sc_hd__clkbuf_16)
    17    0.104983    0.184228    0.348438   25.448624 ^ clkbuf_0_clk/X (sky130_fd_sc_hd__clkbuf_16)
                                                         clknet_0_clk (net)
                      0.185517    0.012378   25.461000 ^ clkbuf_3_4__f_clk/A (sky130_fd_sc_hd__clkbuf_16)
     9    0.033309    0.085004    0.293019   25.754021 ^ clkbuf_3_4__f_clk/X (sky130_fd_sc_hd__clkbuf_16)
                                                         clknet_3_4__leaf_clk (net)
                      0.085030    0.001389   25.755409 ^ _1616_/CLK (sky130_fd_sc_hd__dfrtp_4)
                                 -0.250000   25.505409   clock uncertainty
                                  0.000000   25.505409   clock reconvergence pessimism
                                  0.374721   25.880131   library recovery time
                                             25.880131   data required time
---------------------------------------------------------------------------------------------
                                             25.880131   data required time
                                             -6.690351   data arrival time
---------------------------------------------------------------------------------------------
                                             19.189779   slack (MET)


Startpoint: _1629_ (rising edge-triggered flip-flop clocked by clk)
Endpoint: _1624_ (rising edge-triggered flip-flop clocked by clk)
Path Group: clk
Path Type: max

Fanout         Cap        Slew       Delay        Time   Description
---------------------------------------------------------------------------------------------
                                  0.000000    0.000000   clock clk (rise edge)
                                  0.000000    0.000000   clock source latency
     2    0.019571    0.146918    0.100187    0.100187 ^ clk (in)
                                                         clk (net)
                      0.146923    0.000000    0.100187 ^ clkbuf_0_clk/A (sky130_fd_sc_hd__clkbuf_16)
    17    0.104983    0.184228    0.348437    0.448624 ^ clkbuf_0_clk/X (sky130_fd_sc_hd__clkbuf_16)
                                                         clknet_0_clk (net)
                      0.186264    0.015439    0.464063 ^ clkbuf_3_0__f_clk/A (sky130_fd_sc_hd__clkbuf_16)
    10    0.036231    0.089280    0.296915    0.760978 ^ clkbuf_3_0__f_clk/X (sky130_fd_sc_hd__clkbuf_16)
                                                         clknet_3_0__leaf_clk (net)
                      0.089373    0.002552    0.763530 ^ _1629_/CLK (sky130_fd_sc_hd__dfrtp_4)
     6    0.025190    0.168133    1.076324    1.839854 v _1629_/Q (sky130_fd_sc_hd__dfrtp_4)
                                                         STOPWATCH_INST.clock_div.cycles[22] (net)
                      0.168133    0.002587    1.842442 v _0922_/A (sky130_fd_sc_hd__or4bb_4)
     3    0.009919    0.173810    1.126267    2.968709 v _0922_/X (sky130_fd_sc_hd__or4bb_4)
                                                         _0166_ (net)
                      0.173810    0.000548    2.969256 v _0955_/B1_N (sky130_fd_sc_hd__o21bai_4)
     2    0.008134    0.096618    0.363997    3.333253 v _0955_/Y (sky130_fd_sc_hd__o21bai_4)
                                                         _0192_ (net)
                      0.096618    0.000492    3.333745 v _0957_/A2 (sky130_fd_sc_hd__a21o_4)
     7    0.039047    0.130159    0.481399    3.815144 v _0957_/X (sky130_fd_sc_hd__a21o_4)
                                                         _0194_ (net)
                      0.130223    0.002644    3.817788 v _0970_/A2 (sky130_fd_sc_hd__a21oi_1)
     1    0.005646    0.251279    0.317766    4.135554 ^ _0970_/Y (sky130_fd_sc_hd__a21oi_1)
                                                         _0207_ (net)
                      0.251279    0.000440    4.135993 ^ _0974_/B (sky130_fd_sc_hd__xnor2_1)
     4    0.017687    0.316697    0.357279    4.493272 v _0974_/Y (sky130_fd_sc_hd__xnor2_1)
                                                         _0211_ (net)
                      0.316795    0.001032    4.494304 v _0977_/A2 (sky130_fd_sc_hd__o31a_1)
     3    0.011677    0.162642    0.706490    5.200795 v _0977_/X (sky130_fd_sc_hd__o31a_1)
                                                         _0214_ (net)
                      0.162643    0.000692    5.201487 v _0987_/A1 (sky130_fd_sc_hd__o2111a_1)
     3    0.011619    0.149722    0.546093    5.747580 v _0987_/X (sky130_fd_sc_hd__o2111a_1)
                                                         _0224_ (net)
                      0.149723    0.000528    5.748108 v _1008_/B (sky130_fd_sc_hd__or3_4)
     5    0.021623    0.168726    0.831560    6.579668 v _1008_/X (sky130_fd_sc_hd__or3_4)
                                                         _0245_ (net)
                      0.168726    0.000816    6.580484 v _1011_/A (sky130_fd_sc_hd__and2_4)
     5    0.021281    0.087187    0.334169    6.914653 v _1011_/X (sky130_fd_sc_hd__and2_4)
                                                         _0248_ (net)
                      0.087249    0.002134    6.916787 v _1033_/C (sky130_fd_sc_hd__or3_4)
     2    0.006726    0.127193    0.667498    7.584285 v _1033_/X (sky130_fd_sc_hd__or3_4)
                                                         _0270_ (net)
                      0.127194    0.000427    7.584713 v _1038_/A1 (sky130_fd_sc_hd__a311o_1)
     2    0.008881    0.150003    0.593384    8.178097 v _1038_/X (sky130_fd_sc_hd__a311o_1)
                                                         _0275_ (net)
                      0.150004    0.000616    8.178712 v _1045_/A1 (sky130_fd_sc_hd__a21oi_2)
     2    0.009185    0.232313    0.301506    8.480219 ^ _1045_/Y (sky130_fd_sc_hd__a21oi_2)
                                                         _0282_ (net)
                      0.232313    0.000623    8.480841 ^ _1056_/A3 (sky130_fd_sc_hd__a311o_1)
     2    0.007444    0.162726    0.463383    8.944224 ^ _1056_/X (sky130_fd_sc_hd__a311o_1)
                                                         _0293_ (net)
                      0.162726    0.000431    8.944655 ^ _1066_/A2 (sky130_fd_sc_hd__a21bo_1)
     2    0.017366    0.241318    0.376898    9.321552 ^ _1066_/X (sky130_fd_sc_hd__a21bo_1)
                                                         _0303_ (net)
                      0.241326    0.001710    9.323262 ^ fanout25/A (sky130_fd_sc_hd__buf_6)
     5    0.023021    0.092051    0.272381    9.595644 ^ fanout25/X (sky130_fd_sc_hd__buf_6)
                                                         net25 (net)
                      0.092068    0.001261    9.596905 ^ _1091_/A2 (sky130_fd_sc_hd__a21o_1)
     2    0.012021    0.179369    0.310286    9.907191 ^ _1091_/X (sky130_fd_sc_hd__a21o_1)
                                                         _0328_ (net)
                      0.179369    0.000312    9.907503 ^ _1092_/B (sky130_fd_sc_hd__xor2_2)
     3    0.013759    0.322413    0.386065   10.293568 ^ _1092_/X (sky130_fd_sc_hd__xor2_2)
                                                         _0329_ (net)
                      0.322413    0.000454   10.294022 ^ _1093_/C_N (sky130_fd_sc_hd__or3b_4)
     2    0.005798    0.123118    0.829918   11.123940 v _1093_/X (sky130_fd_sc_hd__or3b_4)
                                                         _0330_ (net)
                      0.123118    0.000377   11.124318 v _1115_/A4 (sky130_fd_sc_hd__o41a_1)
     3    0.012339    0.204656    0.733734   11.858051 v _1115_/X (sky130_fd_sc_hd__o41a_1)
                                                         _0352_ (net)
                      0.204656    0.000596   11.858647 v _1126_/A2 (sky130_fd_sc_hd__a21o_1)
     4    0.010460    0.120380    0.433603   12.292251 v _1126_/X (sky130_fd_sc_hd__a21o_1)
                                                         _0363_ (net)
                      0.120380    0.000497   12.292747 v _1133_/A (sky130_fd_sc_hd__and4_1)
     2    0.006096    0.099871    0.355076   12.647823 v _1133_/X (sky130_fd_sc_hd__and4_1)
                                                         _0370_ (net)
                      0.099871    0.000397   12.648221 v _1135_/B (sky130_fd_sc_hd__or3_4)
     4    0.012975    0.142129    0.769606   13.417827 v _1135_/X (sky130_fd_sc_hd__or3_4)
                                                         _0372_ (net)
                      0.142129    0.001083   13.418909 v _1150_/A1 (sky130_fd_sc_hd__a31o_4)
     4    0.011482    0.075793    0.441405   13.860314 v _1150_/X (sky130_fd_sc_hd__a31o_4)
                                                         _0387_ (net)
                      0.075793    0.000594   13.860909 v _1160_/A2 (sky130_fd_sc_hd__a21o_1)
     4    0.014792    0.150407    0.411222   14.272131 v _1160_/X (sky130_fd_sc_hd__a21o_1)
                                                         _0397_ (net)
                      0.150409    0.000800   14.272931 v _1173_/A2 (sky130_fd_sc_hd__a2111o_1)
     3    0.007116    0.149199    0.859978   15.132909 v _1173_/X (sky130_fd_sc_hd__a2111o_1)
                                                         _0410_ (net)
                      0.149199    0.000414   15.133323 v _1180_/A1 (sky130_fd_sc_hd__a311o_1)
     3    0.015824    0.204725    0.664453   15.797776 v _1180_/X (sky130_fd_sc_hd__a311o_1)
                                                         _0417_ (net)
                      0.204725    0.000645   15.798421 v fanout23/A (sky130_fd_sc_hd__buf_6)
     6    0.034018    0.075558    0.311102   16.109524 v fanout23/X (sky130_fd_sc_hd__buf_6)
                                                         net23 (net)
                      0.075599    0.000993   16.110516 v fanout22/A (sky130_fd_sc_hd__buf_8)
     5    0.020437    0.051926    0.223846   16.334362 v fanout22/X (sky130_fd_sc_hd__buf_8)
                                                         net22 (net)
                      0.052072    0.001357   16.335718 v _1188_/B (sky130_fd_sc_hd__and3_1)
     3    0.010475    0.134033    0.390198   16.725918 v _1188_/X (sky130_fd_sc_hd__and3_1)
                                                         _0425_ (net)
                      0.134033    0.000494   16.726412 v _1197_/A (sky130_fd_sc_hd__or3b_4)
     2    0.006222    0.125443    0.793486   17.519897 v _1197_/X (sky130_fd_sc_hd__or3b_4)
                                                         _0434_ (net)
                      0.125444    0.000391   17.520288 v _1208_/C (sky130_fd_sc_hd__or4b_4)
     2    0.004925    0.154230    0.976007   18.496294 v _1208_/X (sky130_fd_sc_hd__or4b_4)
                                                         _0445_ (net)
                      0.154230    0.000338   18.496632 v _1234_/A (sky130_fd_sc_hd__or4b_4)
     2    0.007140    0.165844    1.102270   19.598902 v _1234_/X (sky130_fd_sc_hd__or4b_4)
                                                         _0471_ (net)
                      0.165845    0.000410   19.599314 v _1240_/A1 (sky130_fd_sc_hd__a32o_2)
     4    0.024688    0.155604    0.582425   20.181738 v _1240_/X (sky130_fd_sc_hd__a32o_2)
                                                         _0477_ (net)
                      0.155621    0.001698   20.183435 v fanout19/A (sky130_fd_sc_hd__buf_8)
     5    0.025728    0.057900    0.268752   20.452188 v fanout19/X (sky130_fd_sc_hd__buf_8)
                                                         net19 (net)
                      0.057955    0.001236   20.453424 v _1251_/A1 (sky130_fd_sc_hd__a2111o_1)
     2    0.008236    0.159972    0.766558   21.219982 v _1251_/X (sky130_fd_sc_hd__a2111o_1)
                                                         _0488_ (net)
                      0.159972    0.000366   21.220348 v _1253_/B2 (sky130_fd_sc_hd__a32o_2)
     5    0.020267    0.139259    0.540759   21.761106 v _1253_/X (sky130_fd_sc_hd__a32o_2)
                                                         _0490_ (net)
                      0.139266    0.001153   21.762260 v _1260_/A (sky130_fd_sc_hd__and3_1)
     2    0.012673    0.149919    0.407875   22.170135 v _1260_/X (sky130_fd_sc_hd__and3_1)
                                                         _0497_ (net)
                      0.149921    0.000879   22.171015 v _1286_/B (sky130_fd_sc_hd__and3_1)
     1    0.009069    0.122072    0.426219   22.597233 v _1286_/X (sky130_fd_sc_hd__and3_1)
                                                         _0523_ (net)
                      0.122074    0.000707   22.597940 v _1288_/B1 (sky130_fd_sc_hd__a221oi_4)
     3    0.018699    0.490397    0.543317   23.141256 ^ _1288_/Y (sky130_fd_sc_hd__a221oi_4)
                                                         _0525_ (net)
                      0.490398    0.001148   23.142405 ^ _1297_/A3 (sky130_fd_sc_hd__o31ai_4)
     4    0.018147    0.177961    0.270729   23.413134 v _1297_/Y (sky130_fd_sc_hd__o31ai_4)
                                                         _0534_ (net)
                      0.177961    0.000554   23.413687 v fanout18/A (sky130_fd_sc_hd__buf_6)
     6    0.036136    0.078579    0.300112   23.713800 v fanout18/X (sky130_fd_sc_hd__buf_6)
                                                         net18 (net)
                      0.078661    0.002295   23.716095 v fanout17/A (sky130_fd_sc_hd__buf_8)
     5    0.018379    0.049797    0.223142   23.939238 v fanout17/X (sky130_fd_sc_hd__buf_8)
                                                         net17 (net)
                      0.049797    0.000870   23.940107 v _1324_/A1 (sky130_fd_sc_hd__a31o_1)
     2    0.007209    0.102200    0.348049   24.288157 v _1324_/X (sky130_fd_sc_hd__a31o_1)
                                                         _0561_ (net)
                      0.102200    0.000426   24.288582 v _1331_/A2 (sky130_fd_sc_hd__a211o_4)
     4    0.027579    0.133794    0.681293   24.969875 v _1331_/X (sky130_fd_sc_hd__a211o_4)
                                                         _0568_ (net)
                      0.133794    0.001098   24.970974 v _1349_/A (sky130_fd_sc_hd__or4_4)
     1    0.010446    0.174454    1.109267   26.080240 v _1349_/X (sky130_fd_sc_hd__or4_4)
                                                         _0586_ (net)
                      0.174454    0.000794   26.081036 v _1350_/A1 (sky130_fd_sc_hd__o32ai_4)
     3    0.024224    0.560842    0.687361   26.768396 ^ _1350_/Y (sky130_fd_sc_hd__o32ai_4)
                                                         _0587_ (net)
                      0.560842    0.000908   26.769304 ^ clone1/A2 (sky130_fd_sc_hd__o21ai_4)
     5    0.023328    0.186999    0.298311   27.067616 v clone1/Y (sky130_fd_sc_hd__o21ai_4)
                                                         net109 (net)
                      0.187016    0.001714   27.069328 v _1367_/A1 (sky130_fd_sc_hd__a21o_1)
     2    0.010631    0.122149    0.397707   27.467035 v _1367_/X (sky130_fd_sc_hd__a21o_1)
                                                         _0604_ (net)
                      0.122150    0.000570   27.467606 v _1373_/B (sky130_fd_sc_hd__xor2_2)
     4    0.010781    0.166660    0.314156   27.781761 v _1373_/X (sky130_fd_sc_hd__xor2_2)
                                                         _0610_ (net)
                      0.166660    0.000401   27.782164 v _1380_/A_N (sky130_fd_sc_hd__and4b_1)
     1    0.009291    0.190878    0.622151   28.404314 ^ _1380_/X (sky130_fd_sc_hd__and4b_1)
                                                         _0617_ (net)
                      0.190878    0.000709   28.405024 ^ _1384_/A1 (sky130_fd_sc_hd__a21oi_4)
     6    0.020024    0.121604    0.185956   28.590979 v _1384_/Y (sky130_fd_sc_hd__a21oi_4)
                                                         _0621_ (net)
                      0.121639    0.001068   28.592047 v _1404_/A2 (sky130_fd_sc_hd__a211o_4)
     4    0.017712    0.110591    0.657186   29.249233 v _1404_/X (sky130_fd_sc_hd__a211o_4)
                                                         _0641_ (net)
                      0.110706    0.000892   29.250124 v rebuffer17/A (sky130_fd_sc_hd__buf_6)
     1    0.008517    0.041965    0.225606   29.475731 v rebuffer17/X (sky130_fd_sc_hd__buf_6)
                                                         net125 (net)
                      0.041965    0.000648   29.476379 v _1418_/A3 (sky130_fd_sc_hd__o31ai_4)
     5    0.023391    0.524145    0.483432   29.959812 ^ _1418_/Y (sky130_fd_sc_hd__o31ai_4)
                                                         _0655_ (net)
                      0.524145    0.001119   29.960930 ^ fanout16/A (sky130_fd_sc_hd__buf_6)
     5    0.017817    0.082386    0.356881   30.317812 ^ fanout16/X (sky130_fd_sc_hd__buf_6)
                                                         net16 (net)
                      0.082399    0.001041   30.318851 ^ _1494_/A2 (sky130_fd_sc_hd__a31o_1)
     1    0.004285    0.101191    0.309441   30.628294 ^ _1494_/X (sky130_fd_sc_hd__a31o_1)
                                                         _0721_ (net)
                      0.101191    0.000323   30.628616 ^ _1496_/C_N (sky130_fd_sc_hd__or3b_4)
     1    0.003254    0.112816    0.728154   31.356770 v _1496_/X (sky130_fd_sc_hd__or3b_4)
                                                         _0723_ (net)
                      0.112817    0.000217   31.356987 v _1500_/A1 (sky130_fd_sc_hd__a32o_1)
     1    0.003089    0.073664    0.411994   31.768982 v _1500_/X (sky130_fd_sc_hd__a32o_1)
                                                         _0042_ (net)
                      0.073664    0.000192   31.769173 v _1624_/D (sky130_fd_sc_hd__dfrtp_4)
                                             31.769173   data arrival time

                                 25.000000   25.000000   clock clk (rise edge)
                                  0.000000   25.000000   clock source latency
     2    0.019571    0.146918    0.100187   25.100185 ^ clk (in)
                                                         clk (net)
                      0.146923    0.000000   25.100185 ^ clkbuf_0_clk/A (sky130_fd_sc_hd__clkbuf_16)
    17    0.104983    0.184228    0.348438   25.448624 ^ clkbuf_0_clk/X (sky130_fd_sc_hd__clkbuf_16)
                                                         clknet_0_clk (net)
                      0.184709    0.007732   25.456356 ^ clkbuf_3_7__f_clk/A (sky130_fd_sc_hd__clkbuf_16)
     7    0.031967    0.083282    0.290084   25.746441 ^ clkbuf_3_7__f_clk/X (sky130_fd_sc_hd__clkbuf_16)
                                                         clknet_3_7__leaf_clk (net)
                      0.083367    0.002354   25.748795 ^ _1624_/CLK (sky130_fd_sc_hd__dfrtp_4)
                                 -0.250000   25.498795   clock uncertainty
                                  0.000000   25.498795   clock reconvergence pessimism
                                 -0.272753   25.226042   library setup time
                                             25.226042   data required time
---------------------------------------------------------------------------------------------
                                             25.226042   data required time
                                            -31.769173   data arrival time
---------------------------------------------------------------------------------------------
                                             -6.543131   slack (VIOLATED)




===========================================================================
report_checks --slack_max -0.01
============================================================================
======================= max_ss_100C_1v60 Corner ===================================

Startpoint: _1629_ (rising edge-triggered flip-flop clocked by clk)
Endpoint: _1624_ (rising edge-triggered flip-flop clocked by clk)
Path Group: clk
Path Type: max

Fanout         Cap        Slew       Delay        Time   Description
---------------------------------------------------------------------------------------------
                                  0.000000    0.000000   clock clk (rise edge)
                                  0.000000    0.000000   clock source latency
     2    0.019571    0.146918    0.100187    0.100187 ^ clk (in)
                                                         clk (net)
                      0.146923    0.000000    0.100187 ^ clkbuf_0_clk/A (sky130_fd_sc_hd__clkbuf_16)
    17    0.104983    0.184228    0.348437    0.448624 ^ clkbuf_0_clk/X (sky130_fd_sc_hd__clkbuf_16)
                                                         clknet_0_clk (net)
                      0.186264    0.015439    0.464063 ^ clkbuf_3_0__f_clk/A (sky130_fd_sc_hd__clkbuf_16)
    10    0.036231    0.089280    0.296915    0.760978 ^ clkbuf_3_0__f_clk/X (sky130_fd_sc_hd__clkbuf_16)
                                                         clknet_3_0__leaf_clk (net)
                      0.089373    0.002552    0.763530 ^ _1629_/CLK (sky130_fd_sc_hd__dfrtp_4)
     6    0.025190    0.168133    1.076324    1.839854 v _1629_/Q (sky130_fd_sc_hd__dfrtp_4)
                                                         STOPWATCH_INST.clock_div.cycles[22] (net)
                      0.168133    0.002587    1.842442 v _0922_/A (sky130_fd_sc_hd__or4bb_4)
     3    0.009919    0.173810    1.126267    2.968709 v _0922_/X (sky130_fd_sc_hd__or4bb_4)
                                                         _0166_ (net)
                      0.173810    0.000548    2.969256 v _0955_/B1_N (sky130_fd_sc_hd__o21bai_4)
     2    0.008134    0.096618    0.363997    3.333253 v _0955_/Y (sky130_fd_sc_hd__o21bai_4)
                                                         _0192_ (net)
                      0.096618    0.000492    3.333745 v _0957_/A2 (sky130_fd_sc_hd__a21o_4)
     7    0.039047    0.130159    0.481399    3.815144 v _0957_/X (sky130_fd_sc_hd__a21o_4)
                                                         _0194_ (net)
                      0.130223    0.002644    3.817788 v _0970_/A2 (sky130_fd_sc_hd__a21oi_1)
     1    0.005646    0.251279    0.317766    4.135554 ^ _0970_/Y (sky130_fd_sc_hd__a21oi_1)
                                                         _0207_ (net)
                      0.251279    0.000440    4.135993 ^ _0974_/B (sky130_fd_sc_hd__xnor2_1)
     4    0.017687    0.316697    0.357279    4.493272 v _0974_/Y (sky130_fd_sc_hd__xnor2_1)
                                                         _0211_ (net)
                      0.316795    0.001032    4.494304 v _0977_/A2 (sky130_fd_sc_hd__o31a_1)
     3    0.011677    0.162642    0.706490    5.200795 v _0977_/X (sky130_fd_sc_hd__o31a_1)
                                                         _0214_ (net)
                      0.162643    0.000692    5.201487 v _0987_/A1 (sky130_fd_sc_hd__o2111a_1)
     3    0.011619    0.149722    0.546093    5.747580 v _0987_/X (sky130_fd_sc_hd__o2111a_1)
                                                         _0224_ (net)
                      0.149723    0.000528    5.748108 v _1008_/B (sky130_fd_sc_hd__or3_4)
     5    0.021623    0.168726    0.831560    6.579668 v _1008_/X (sky130_fd_sc_hd__or3_4)
                                                         _0245_ (net)
                      0.168726    0.000816    6.580484 v _1011_/A (sky130_fd_sc_hd__and2_4)
     5    0.021281    0.087187    0.334169    6.914653 v _1011_/X (sky130_fd_sc_hd__and2_4)
                                                         _0248_ (net)
                      0.087249    0.002134    6.916787 v _1033_/C (sky130_fd_sc_hd__or3_4)
     2    0.006726    0.127193    0.667498    7.584285 v _1033_/X (sky130_fd_sc_hd__or3_4)
                                                         _0270_ (net)
                      0.127194    0.000427    7.584713 v _1038_/A1 (sky130_fd_sc_hd__a311o_1)
     2    0.008881    0.150003    0.593384    8.178097 v _1038_/X (sky130_fd_sc_hd__a311o_1)
                                                         _0275_ (net)
                      0.150004    0.000616    8.178712 v _1045_/A1 (sky130_fd_sc_hd__a21oi_2)
     2    0.009185    0.232313    0.301506    8.480219 ^ _1045_/Y (sky130_fd_sc_hd__a21oi_2)
                                                         _0282_ (net)
                      0.232313    0.000623    8.480841 ^ _1056_/A3 (sky130_fd_sc_hd__a311o_1)
     2    0.007444    0.162726    0.463383    8.944224 ^ _1056_/X (sky130_fd_sc_hd__a311o_1)
                                                         _0293_ (net)
                      0.162726    0.000431    8.944655 ^ _1066_/A2 (sky130_fd_sc_hd__a21bo_1)
     2    0.017366    0.241318    0.376898    9.321552 ^ _1066_/X (sky130_fd_sc_hd__a21bo_1)
                                                         _0303_ (net)
                      0.241326    0.001710    9.323262 ^ fanout25/A (sky130_fd_sc_hd__buf_6)
     5    0.023021    0.092051    0.272381    9.595644 ^ fanout25/X (sky130_fd_sc_hd__buf_6)
                                                         net25 (net)
                      0.092068    0.001261    9.596905 ^ _1091_/A2 (sky130_fd_sc_hd__a21o_1)
     2    0.012021    0.179369    0.310286    9.907191 ^ _1091_/X (sky130_fd_sc_hd__a21o_1)
                                                         _0328_ (net)
                      0.179369    0.000312    9.907503 ^ _1092_/B (sky130_fd_sc_hd__xor2_2)
     3    0.013759    0.322413    0.386065   10.293568 ^ _1092_/X (sky130_fd_sc_hd__xor2_2)
                                                         _0329_ (net)
                      0.322413    0.000454   10.294022 ^ _1093_/C_N (sky130_fd_sc_hd__or3b_4)
     2    0.005798    0.123118    0.829918   11.123940 v _1093_/X (sky130_fd_sc_hd__or3b_4)
                                                         _0330_ (net)
                      0.123118    0.000377   11.124318 v _1115_/A4 (sky130_fd_sc_hd__o41a_1)
     3    0.012339    0.204656    0.733734   11.858051 v _1115_/X (sky130_fd_sc_hd__o41a_1)
                                                         _0352_ (net)
                      0.204656    0.000596   11.858647 v _1126_/A2 (sky130_fd_sc_hd__a21o_1)
     4    0.010460    0.120380    0.433603   12.292251 v _1126_/X (sky130_fd_sc_hd__a21o_1)
                                                         _0363_ (net)
                      0.120380    0.000497   12.292747 v _1133_/A (sky130_fd_sc_hd__and4_1)
     2    0.006096    0.099871    0.355076   12.647823 v _1133_/X (sky130_fd_sc_hd__and4_1)
                                                         _0370_ (net)
                      0.099871    0.000397   12.648221 v _1135_/B (sky130_fd_sc_hd__or3_4)
     4    0.012975    0.142129    0.769606   13.417827 v _1135_/X (sky130_fd_sc_hd__or3_4)
                                                         _0372_ (net)
                      0.142129    0.001083   13.418909 v _1150_/A1 (sky130_fd_sc_hd__a31o_4)
     4    0.011482    0.075793    0.441405   13.860314 v _1150_/X (sky130_fd_sc_hd__a31o_4)
                                                         _0387_ (net)
                      0.075793    0.000594   13.860909 v _1160_/A2 (sky130_fd_sc_hd__a21o_1)
     4    0.014792    0.150407    0.411222   14.272131 v _1160_/X (sky130_fd_sc_hd__a21o_1)
                                                         _0397_ (net)
                      0.150409    0.000800   14.272931 v _1173_/A2 (sky130_fd_sc_hd__a2111o_1)
     3    0.007116    0.149199    0.859978   15.132909 v _1173_/X (sky130_fd_sc_hd__a2111o_1)
                                                         _0410_ (net)
                      0.149199    0.000414   15.133323 v _1180_/A1 (sky130_fd_sc_hd__a311o_1)
     3    0.015824    0.204725    0.664453   15.797776 v _1180_/X (sky130_fd_sc_hd__a311o_1)
                                                         _0417_ (net)
                      0.204725    0.000645   15.798421 v fanout23/A (sky130_fd_sc_hd__buf_6)
     6    0.034018    0.075558    0.311102   16.109524 v fanout23/X (sky130_fd_sc_hd__buf_6)
                                                         net23 (net)
                      0.075599    0.000993   16.110516 v fanout22/A (sky130_fd_sc_hd__buf_8)
     5    0.020437    0.051926    0.223846   16.334362 v fanout22/X (sky130_fd_sc_hd__buf_8)
                                                         net22 (net)
                      0.052072    0.001357   16.335718 v _1188_/B (sky130_fd_sc_hd__and3_1)
     3    0.010475    0.134033    0.390198   16.725918 v _1188_/X (sky130_fd_sc_hd__and3_1)
                                                         _0425_ (net)
                      0.134033    0.000494   16.726412 v _1197_/A (sky130_fd_sc_hd__or3b_4)
     2    0.006222    0.125443    0.793486   17.519897 v _1197_/X (sky130_fd_sc_hd__or3b_4)
                                                         _0434_ (net)
                      0.125444    0.000391   17.520288 v _1208_/C (sky130_fd_sc_hd__or4b_4)
     2    0.004925    0.154230    0.976007   18.496294 v _1208_/X (sky130_fd_sc_hd__or4b_4)
                                                         _0445_ (net)
                      0.154230    0.000338   18.496632 v _1234_/A (sky130_fd_sc_hd__or4b_4)
     2    0.007140    0.165844    1.102270   19.598902 v _1234_/X (sky130_fd_sc_hd__or4b_4)
                                                         _0471_ (net)
                      0.165845    0.000410   19.599314 v _1240_/A1 (sky130_fd_sc_hd__a32o_2)
     4    0.024688    0.155604    0.582425   20.181738 v _1240_/X (sky130_fd_sc_hd__a32o_2)
                                                         _0477_ (net)
                      0.155621    0.001698   20.183435 v fanout19/A (sky130_fd_sc_hd__buf_8)
     5    0.025728    0.057900    0.268752   20.452188 v fanout19/X (sky130_fd_sc_hd__buf_8)
                                                         net19 (net)
                      0.057955    0.001236   20.453424 v _1251_/A1 (sky130_fd_sc_hd__a2111o_1)
     2    0.008236    0.159972    0.766558   21.219982 v _1251_/X (sky130_fd_sc_hd__a2111o_1)
                                                         _0488_ (net)
                      0.159972    0.000366   21.220348 v _1253_/B2 (sky130_fd_sc_hd__a32o_2)
     5    0.020267    0.139259    0.540759   21.761106 v _1253_/X (sky130_fd_sc_hd__a32o_2)
                                                         _0490_ (net)
                      0.139266    0.001153   21.762260 v _1260_/A (sky130_fd_sc_hd__and3_1)
     2    0.012673    0.149919    0.407875   22.170135 v _1260_/X (sky130_fd_sc_hd__and3_1)
                                                         _0497_ (net)
                      0.149921    0.000879   22.171015 v _1286_/B (sky130_fd_sc_hd__and3_1)
     1    0.009069    0.122072    0.426219   22.597233 v _1286_/X (sky130_fd_sc_hd__and3_1)
                                                         _0523_ (net)
                      0.122074    0.000707   22.597940 v _1288_/B1 (sky130_fd_sc_hd__a221oi_4)
     3    0.018699    0.490397    0.543317   23.141256 ^ _1288_/Y (sky130_fd_sc_hd__a221oi_4)
                                                         _0525_ (net)
                      0.490398    0.001148   23.142405 ^ _1297_/A3 (sky130_fd_sc_hd__o31ai_4)
     4    0.018147    0.177961    0.270729   23.413134 v _1297_/Y (sky130_fd_sc_hd__o31ai_4)
                                                         _0534_ (net)
                      0.177961    0.000554   23.413687 v fanout18/A (sky130_fd_sc_hd__buf_6)
     6    0.036136    0.078579    0.300112   23.713800 v fanout18/X (sky130_fd_sc_hd__buf_6)
                                                         net18 (net)
                      0.078661    0.002295   23.716095 v fanout17/A (sky130_fd_sc_hd__buf_8)
     5    0.018379    0.049797    0.223142   23.939238 v fanout17/X (sky130_fd_sc_hd__buf_8)
                                                         net17 (net)
                      0.049797    0.000870   23.940107 v _1324_/A1 (sky130_fd_sc_hd__a31o_1)
     2    0.007209    0.102200    0.348049   24.288157 v _1324_/X (sky130_fd_sc_hd__a31o_1)
                                                         _0561_ (net)
                      0.102200    0.000426   24.288582 v _1331_/A2 (sky130_fd_sc_hd__a211o_4)
     4    0.027579    0.133794    0.681293   24.969875 v _1331_/X (sky130_fd_sc_hd__a211o_4)
                                                         _0568_ (net)
                      0.133794    0.001098   24.970974 v _1349_/A (sky130_fd_sc_hd__or4_4)
     1    0.010446    0.174454    1.109267   26.080240 v _1349_/X (sky130_fd_sc_hd__or4_4)
                                                         _0586_ (net)
                      0.174454    0.000794   26.081036 v _1350_/A1 (sky130_fd_sc_hd__o32ai_4)
     3    0.024224    0.560842    0.687361   26.768396 ^ _1350_/Y (sky130_fd_sc_hd__o32ai_4)
                                                         _0587_ (net)
                      0.560842    0.000908   26.769304 ^ clone1/A2 (sky130_fd_sc_hd__o21ai_4)
     5    0.023328    0.186999    0.298311   27.067616 v clone1/Y (sky130_fd_sc_hd__o21ai_4)
                                                         net109 (net)
                      0.187016    0.001714   27.069328 v _1367_/A1 (sky130_fd_sc_hd__a21o_1)
     2    0.010631    0.122149    0.397707   27.467035 v _1367_/X (sky130_fd_sc_hd__a21o_1)
                                                         _0604_ (net)
                      0.122150    0.000570   27.467606 v _1373_/B (sky130_fd_sc_hd__xor2_2)
     4    0.010781    0.166660    0.314156   27.781761 v _1373_/X (sky130_fd_sc_hd__xor2_2)
                                                         _0610_ (net)
                      0.166660    0.000401   27.782164 v _1380_/A_N (sky130_fd_sc_hd__and4b_1)
     1    0.009291    0.190878    0.622151   28.404314 ^ _1380_/X (sky130_fd_sc_hd__and4b_1)
                                                         _0617_ (net)
                      0.190878    0.000709   28.405024 ^ _1384_/A1 (sky130_fd_sc_hd__a21oi_4)
     6    0.020024    0.121604    0.185956   28.590979 v _1384_/Y (sky130_fd_sc_hd__a21oi_4)
                                                         _0621_ (net)
                      0.121639    0.001068   28.592047 v _1404_/A2 (sky130_fd_sc_hd__a211o_4)
     4    0.017712    0.110591    0.657186   29.249233 v _1404_/X (sky130_fd_sc_hd__a211o_4)
                                                         _0641_ (net)
                      0.110706    0.000892   29.250124 v rebuffer17/A (sky130_fd_sc_hd__buf_6)
     1    0.008517    0.041965    0.225606   29.475731 v rebuffer17/X (sky130_fd_sc_hd__buf_6)
                                                         net125 (net)
                      0.041965    0.000648   29.476379 v _1418_/A3 (sky130_fd_sc_hd__o31ai_4)
     5    0.023391    0.524145    0.483432   29.959812 ^ _1418_/Y (sky130_fd_sc_hd__o31ai_4)
                                                         _0655_ (net)
                      0.524145    0.001119   29.960930 ^ fanout16/A (sky130_fd_sc_hd__buf_6)
     5    0.017817    0.082386    0.356881   30.317812 ^ fanout16/X (sky130_fd_sc_hd__buf_6)
                                                         net16 (net)
                      0.082399    0.001041   30.318851 ^ _1494_/A2 (sky130_fd_sc_hd__a31o_1)
     1    0.004285    0.101191    0.309441   30.628294 ^ _1494_/X (sky130_fd_sc_hd__a31o_1)
                                                         _0721_ (net)
                      0.101191    0.000323   30.628616 ^ _1496_/C_N (sky130_fd_sc_hd__or3b_4)
     1    0.003254    0.112816    0.728154   31.356770 v _1496_/X (sky130_fd_sc_hd__or3b_4)
                                                         _0723_ (net)
                      0.112817    0.000217   31.356987 v _1500_/A1 (sky130_fd_sc_hd__a32o_1)
     1    0.003089    0.073664    0.411994   31.768982 v _1500_/X (sky130_fd_sc_hd__a32o_1)
                                                         _0042_ (net)
                      0.073664    0.000192   31.769173 v _1624_/D (sky130_fd_sc_hd__dfrtp_4)
                                             31.769173   data arrival time

                                 25.000000   25.000000   clock clk (rise edge)
                                  0.000000   25.000000   clock source latency
     2    0.019571    0.146918    0.100187   25.100185 ^ clk (in)
                                                         clk (net)
                      0.146923    0.000000   25.100185 ^ clkbuf_0_clk/A (sky130_fd_sc_hd__clkbuf_16)
    17    0.104983    0.184228    0.348438   25.448624 ^ clkbuf_0_clk/X (sky130_fd_sc_hd__clkbuf_16)
                                                         clknet_0_clk (net)
                      0.184709    0.007732   25.456356 ^ clkbuf_3_7__f_clk/A (sky130_fd_sc_hd__clkbuf_16)
     7    0.031967    0.083282    0.290084   25.746441 ^ clkbuf_3_7__f_clk/X (sky130_fd_sc_hd__clkbuf_16)
                                                         clknet_3_7__leaf_clk (net)
                      0.083367    0.002354   25.748795 ^ _1624_/CLK (sky130_fd_sc_hd__dfrtp_4)
                                 -0.250000   25.498795   clock uncertainty
                                  0.000000   25.498795   clock reconvergence pessimism
                                 -0.272753   25.226042   library setup time
                                             25.226042   data required time
---------------------------------------------------------------------------------------------
                                             25.226042   data required time
                                            -31.769173   data arrival time
---------------------------------------------------------------------------------------------
                                             -6.543131   slack (VIOLATED)




===========================================================================
 report_check_types -max_slew -max_cap -max_fanout -violators
============================================================================
======================= max_ss_100C_1v60 Corner ===================================

max slew

Pin                                        Limit        Slew       Slack
------------------------------------------------------------------------
_1031_/B1                               0.750000    0.864002   -0.114002 (VIOLATED)
_0973_/Y                                0.750000    0.864000   -0.114000 (VIOLATED)
_0977_/A1                               0.750000    0.864000   -0.114000 (VIOLATED)
max_cap35/A                             0.750000    0.864000   -0.114000 (VIOLATED)

max fanout

Pin                                   Limit Fanout  Slack
---------------------------------------------------------
_1614_/Q                                 10     21    -11 (VIOLATED)
_1615_/Q                                 10     21    -11 (VIOLATED)
fanout32/X                               10     21    -11 (VIOLATED)
fanout38/X                               10     21    -11 (VIOLATED)
fanout42/X                               10     21    -11 (VIOLATED)
fanout49/X                               10     21    -11 (VIOLATED)
clkbuf_0_clk/X                           10     17     -7 (VIOLATED)
fanout47/X                               10     17     -7 (VIOLATED)
_0854_/X                                 10     13     -3 (VIOLATED)
clkbuf_3_1__f_clk/X                      10     12     -2 (VIOLATED)
clkbuf_3_2__f_clk/X                      10     12     -2 (VIOLATED)
clkbuf_3_3__f_clk/X                      10     12     -2 (VIOLATED)
_0782_/Y                                 10     11        (VIOLATED)
clkbuf_3_5__f_clk/X                      10     11        (VIOLATED)



===========================================================================
report_parasitic_annotation -report_unannotated
============================================================================
Found 97 unannotated drivers.
 en
 gpio_in[10]
 gpio_in[11]
 gpio_in[12]
 gpio_in[13]
 gpio_in[14]
 gpio_in[15]
 gpio_in[16]
 gpio_in[17]
 gpio_in[18]
 gpio_in[19]
 gpio_in[20]
 gpio_in[21]
 gpio_in[22]
 gpio_in[23]
 gpio_in[24]
 gpio_in[25]
 gpio_in[26]
 gpio_in[27]
 gpio_in[28]
 gpio_in[29]
 gpio_in[30]
 gpio_in[31]
 gpio_in[32]
 gpio_in[33]
 gpio_in[4]
 gpio_in[5]
 gpio_in[6]
 gpio_in[7]
 gpio_in[8]
 gpio_in[9]
 clkload0/Y
 clkload1/X
 clkload2/X
 clkload3/Y
 clkload4/Y
 clkload5/Y
 clkload6/Y
 team_04_100/LO
 team_04_101/LO
 team_04_102/LO
 team_04_103/LO
 team_04_104/LO
 team_04_105/LO
 team_04_106/LO
 team_04_107/LO
 team_04_108/LO
 team_04_50/HI
 team_04_51/HI
 team_04_52/HI
 team_04_53/HI
 team_04_54/HI
 team_04_55/HI
 team_04_56/HI
 team_04_57/HI
 team_04_58/HI
 team_04_59/HI
 team_04_60/HI
 team_04_61/HI
 team_04_62/HI
 team_04_63/HI
 team_04_64/HI
 team_04_65/HI
 team_04_66/HI
 team_04_67/HI
 team_04_68/HI
 team_04_69/HI
 team_04_70/HI
 team_04_71/HI
 team_04_72/HI
 team_04_73/HI
 team_04_74/HI
 team_04_75/HI
 team_04_76/HI
 team_04_77/HI
 team_04_78/HI
 team_04_79/HI
 team_04_80/HI
 team_04_81/HI
 team_04_82/HI
 team_04_83/HI
 team_04_84/HI
 team_04_85/HI
 team_04_86/HI
 team_04_87/HI
 team_04_88/HI
 team_04_89/HI
 team_04_90/HI
 team_04_91/HI
 team_04_92/HI
 team_04_93/HI
 team_04_94/LO
 team_04_95/LO
 team_04_96/LO
 team_04_97/LO
 team_04_98/LO
 team_04_99/LO
Found 0 partially unannotated drivers.

===========================================================================
max slew violation count 4
max fanout violation count 14
max cap violation count 0
============================================================================

===========================================================================
check_setup -verbose -unconstrained_endpoints -multiple_clock -no_clock -no_input_delay -loops -generated_clocks
===========================================================================
Warning: There are 59 unconstrained endpoints.
  gpio_oeb[0]
  gpio_oeb[10]
  gpio_oeb[11]
  gpio_oeb[12]
  gpio_oeb[13]
  gpio_oeb[14]
  gpio_oeb[15]
  gpio_oeb[16]
  gpio_oeb[17]
  gpio_oeb[18]
  gpio_oeb[19]
  gpio_oeb[1]
  gpio_oeb[20]
  gpio_oeb[21]
  gpio_oeb[22]
  gpio_oeb[23]
  gpio_oeb[24]
  gpio_oeb[25]
  gpio_oeb[26]
  gpio_oeb[27]
  gpio_oeb[28]
  gpio_oeb[29]
  gpio_oeb[2]
  gpio_oeb[30]
  gpio_oeb[31]
  gpio_oeb[32]
  gpio_oeb[33]
  gpio_oeb[3]
  gpio_oeb[4]
  gpio_oeb[5]
  gpio_oeb[6]
  gpio_oeb[7]
  gpio_oeb[8]
  gpio_oeb[9]
  gpio_out[0]
  gpio_out[15]
  gpio_out[16]
  gpio_out[17]
  gpio_out[18]
  gpio_out[19]
  gpio_out[1]
  gpio_out[20]
  gpio_out[21]
  gpio_out[22]
  gpio_out[23]
  gpio_out[24]
  gpio_out[25]
  gpio_out[26]
  gpio_out[27]
  gpio_out[28]
  gpio_out[29]
  gpio_out[2]
  gpio_out[30]
  gpio_out[31]
  gpio_out[32]
  gpio_out[33]
  gpio_out[3]
  gpio_out[6]
  gpio_out[7]
