Clock: clk
Sources: clk 
Generated: no
Virtual: yes
Propagated: no
Period: 25.000000

===========================================================================
report_clock_properties
============================================================================
Clock                   Period          Waveform
----------------------------------------------------
clk                  25.000000    0.000000 12.500000

===========================================================================
report_clock_latency
============================================================================
Clock clk
rise -> rise
    min     max
0.000000 0.000000 source latency
0.748794         network latency _1624_/CLK
        0.770363 network latency _1637_/CLK
---------------
0.748794 0.770363 latency
        0.021569 skew

fall -> fall
    min     max
0.000000 0.000000 source latency
0.690646         network latency _1624_/CLK
        0.710327 network latency _1637_/CLK
---------------
0.690646 0.710327 latency
        0.019681 skew



===========================================================================
report_clock_min_period
============================================================================
clk period_min = 31.54 fmax = 31.70
