
===========================================================================
report_checks -unconstrained
===========================================================================
======================= max_ff_n40C_1v95 Corner ===================================

Startpoint: nrst (input port clocked by clk)
Endpoint: _3588_ (recovery check against rising-edge clock clk)
Path Group: asynchronous
Path Type: max

Fanout         Cap        Slew       Delay        Time   Description
---------------------------------------------------------------------------------------------
                                  0.000000    0.000000   clock clk (rise edge)
                                  0.000000    0.000000   clock network delay (propagated)
                                 20.000000   20.000000 ^ input external delay
     1    0.006769    0.027629    0.017380   20.017380 ^ nrst (in)
                                                         nrst (net)
                      0.027634    0.000000   20.017380 ^ input70/A (sky130_fd_sc_hd__buf_2)
     4    0.086714    0.315676    0.258671   20.276052 ^ input70/X (sky130_fd_sc_hd__buf_2)
                                                         net70 (net)
                      0.315811    0.005464   20.281515 ^ fanout260/A (sky130_fd_sc_hd__clkbuf_2)
     5    0.051571    0.215664    0.227098   20.508614 ^ fanout260/X (sky130_fd_sc_hd__clkbuf_2)
                                                         net260 (net)
                      0.215689    0.001958   20.510572 ^ fanout254/A (sky130_fd_sc_hd__clkbuf_2)
     5    0.041746    0.175651    0.194431   20.705002 ^ fanout254/X (sky130_fd_sc_hd__clkbuf_2)
                                                         net254 (net)
                      0.175664    0.001233   20.706236 ^ fanout253/A (sky130_fd_sc_hd__clkbuf_2)
     5    0.035105    0.149045    0.173131   20.879366 ^ fanout253/X (sky130_fd_sc_hd__clkbuf_2)
                                                         net253 (net)
                      0.149199    0.003920   20.883287 ^ fanout252/A (sky130_fd_sc_hd__clkbuf_4)
    10    0.063419    0.148183    0.192886   21.076172 ^ fanout252/X (sky130_fd_sc_hd__clkbuf_4)
                                                         net252 (net)
                      0.148839    0.008122   21.084293 ^ fanout251/A (sky130_fd_sc_hd__clkbuf_4)
    10    0.051247    0.121445    0.179314   21.263609 ^ fanout251/X (sky130_fd_sc_hd__clkbuf_4)
                                                         net251 (net)
                      0.121471    0.001490   21.265099 ^ _3588_/SET_B (sky130_fd_sc_hd__dfstp_1)
                                             21.265099   data arrival time

                                100.000000  100.000000   clock clk (rise edge)
                                  0.000000  100.000000   clock source latency
     1    0.048875    0.167626    0.118995  100.118988 ^ clk (in)
                                                         clk (net)
                      0.168110    0.000000  100.118988 ^ clkbuf_0_clk/A (sky130_fd_sc_hd__clkbuf_16)
     4    0.097967    0.088832    0.156611  100.275604 ^ clkbuf_0_clk/X (sky130_fd_sc_hd__clkbuf_16)
                                                         clknet_0_clk (net)
                      0.089839    0.007532  100.283134 ^ clkbuf_2_3__f_clk/A (sky130_fd_sc_hd__clkbuf_16)
    10    0.102042    0.090801    0.143643  100.426781 ^ clkbuf_2_3__f_clk/X (sky130_fd_sc_hd__clkbuf_16)
                                                         clknet_2_3__leaf_clk (net)
                      0.091385    0.005855  100.432632 ^ clkbuf_leaf_13_clk/A (sky130_fd_sc_hd__clkbuf_8)
    14    0.048828    0.072525    0.129717  100.562347 ^ clkbuf_leaf_13_clk/X (sky130_fd_sc_hd__clkbuf_8)
                                                         clknet_leaf_13_clk (net)
                      0.072766    0.003048  100.565399 ^ _3588_/CLK (sky130_fd_sc_hd__dfstp_1)
                                 -0.250000  100.315399   clock uncertainty
                                  0.000000  100.315399   clock reconvergence pessimism
                                  0.092606  100.408005   library recovery time
                                            100.408005   data required time
---------------------------------------------------------------------------------------------
                                            100.408005   data required time
                                            -21.265099   data arrival time
---------------------------------------------------------------------------------------------
                                             79.142906   slack (MET)


Startpoint: config_en (input port clocked by clk)
Endpoint: CBnorth_out[15] (output port clocked by clk)
Path Group: clk
Path Type: max

Fanout         Cap        Slew       Delay        Time   Description
---------------------------------------------------------------------------------------------
                                  0.000000    0.000000   clock clk (rise edge)
                                  0.000000    0.000000   clock network delay (propagated)
                                 20.000000   20.000000 ^ input external delay
     1    0.006481    0.026657    0.016659   20.016659 ^ config_en (in)
                                                         config_en (net)
                      0.026661    0.000000   20.016659 ^ input66/A (sky130_fd_sc_hd__clkbuf_1)
     1    0.005026    0.050648    0.063915   20.080574 ^ input66/X (sky130_fd_sc_hd__clkbuf_1)
                                                         net66 (net)
                      0.050670    0.000362   20.080936 ^ fanout310/A (sky130_fd_sc_hd__clkbuf_4)
     6    0.087669    0.200708    0.204469   20.285406 ^ fanout310/X (sky130_fd_sc_hd__clkbuf_4)
                                                         net310 (net)
                      0.202883    0.016772   20.302177 ^ fanout275/A (sky130_fd_sc_hd__clkbuf_2)
     5    0.039075    0.164867    0.187264   20.489441 ^ fanout275/X (sky130_fd_sc_hd__clkbuf_2)
                                                         net275 (net)
                      0.164967    0.003325   20.492767 ^ fanout273/A (sky130_fd_sc_hd__clkbuf_4)
    10    0.058443    0.136237    0.194406   20.687174 ^ fanout273/X (sky130_fd_sc_hd__clkbuf_4)
                                                         net273 (net)
                      0.136335    0.002093   20.689266 ^ _1620_/A (sky130_fd_sc_hd__inv_2)
    10    0.062772    0.107873    0.110479   20.799746 v _1620_/Y (sky130_fd_sc_hd__inv_2)
                                                         _1502_ (net)
                      0.108159    0.004539   20.804283 v _2096_/C1 (sky130_fd_sc_hd__o311a_2)
     5    0.036021    0.096944    0.147143   20.951426 v _2096_/X (sky130_fd_sc_hd__o311a_2)
                                                         _0730_ (net)
                      0.097042    0.002753   20.954180 v _2099_/A (sky130_fd_sc_hd__and2_2)
     8    0.064730    0.117504    0.212289   21.166468 v _2099_/X (sky130_fd_sc_hd__and2_2)
                                                         _0733_ (net)
                      0.118577    0.009093   21.175562 v _2100_/B1 (sky130_fd_sc_hd__o221a_1)
     1    0.002632    0.031927    0.162849   21.338411 v _2100_/X (sky130_fd_sc_hd__o221a_1)
                                                         _0734_ (net)
                      0.031927    0.000187   21.338596 v _2101_/B2 (sky130_fd_sc_hd__a221oi_1)
     1    0.004974    0.159685    0.158947   21.497543 ^ _2101_/Y (sky130_fd_sc_hd__a221oi_1)
                                                         _0735_ (net)
                      0.159685    0.000314   21.497858 ^ _2102_/B2 (sky130_fd_sc_hd__a221o_2)
     6    0.035068    0.137568    0.183571   21.681429 ^ _2102_/X (sky130_fd_sc_hd__a221o_2)
                                                         _0736_ (net)
                      0.137720    0.003759   21.685188 ^ _2107_/A (sky130_fd_sc_hd__nand2_2)
     8    0.046301    0.125593    0.124853   21.810041 v _2107_/Y (sky130_fd_sc_hd__nand2_2)
                                                         _0741_ (net)
                      0.125628    0.001732   21.811773 v _2146_/S (sky130_fd_sc_hd__mux2_1)
     1    0.003189    0.034319    0.161982   21.973755 ^ _2146_/X (sky130_fd_sc_hd__mux2_1)
                                                         _0780_ (net)
                      0.034320    0.000218   21.973974 ^ _2182_/A2 (sky130_fd_sc_hd__o211a_1)
     1    0.003502    0.031668    0.079352   22.053326 ^ _2182_/X (sky130_fd_sc_hd__o211a_1)
                                                         _0816_ (net)
                      0.031669    0.000153   22.053478 ^ _2233_/B2 (sky130_fd_sc_hd__o32a_2)
     3    0.048027    0.184892    0.168699   22.222178 ^ _2233_/X (sky130_fd_sc_hd__o32a_2)
                                                         _0867_ (net)
                      0.185381    0.007798   22.229975 ^ _2237_/A2 (sky130_fd_sc_hd__o211a_2)
     4    0.075560    0.328322    0.317195   22.547171 ^ _2237_/X (sky130_fd_sc_hd__o211a_2)
                                                         CB_0.le_outA (net)
                      0.329153    0.013426   22.560596 ^ fanout151/A (sky130_fd_sc_hd__buf_2)
    10    0.041242    0.153668    0.192159   22.752754 ^ fanout151/X (sky130_fd_sc_hd__buf_2)
                                                         net151 (net)
                      0.153861    0.004466   22.757221 ^ _1720_/A (sky130_fd_sc_hd__inv_2)
     4    0.012180    0.047710    0.037854   22.795074 v _1720_/Y (sky130_fd_sc_hd__inv_2)
                                                         _1602_ (net)
                      0.047715    0.000401   22.795477 v _1746_/A (sky130_fd_sc_hd__or3_1)
     1    0.002850    0.042658    0.212653   23.008129 v _1746_/X (sky130_fd_sc_hd__or3_1)
                                                         _0380_ (net)
                      0.042658    0.000133   23.008263 v _1747_/B1 (sky130_fd_sc_hd__o311a_1)
     1    0.007195    0.052694    0.090756   23.099018 v _1747_/X (sky130_fd_sc_hd__o311a_1)
                                                         _0381_ (net)
                      0.052699    0.000552   23.099571 v _1748_/B1 (sky130_fd_sc_hd__a211oi_2)
     2    0.013520    0.215579    0.162592   23.262163 ^ _1748_/Y (sky130_fd_sc_hd__a211oi_2)
                                                         _0382_ (net)
                      0.215581    0.001007   23.263170 ^ _2400_/B1 (sky130_fd_sc_hd__o21ai_4)
     9    0.052783    0.102094    0.091864   23.355034 v _2400_/Y (sky130_fd_sc_hd__o21ai_4)
                                                         _1030_ (net)
                      0.102209    0.002764   23.357798 v _2401_/B (sky130_fd_sc_hd__or2_1)
     1    0.004055    0.037031    0.150287   23.508085 v _2401_/X (sky130_fd_sc_hd__or2_1)
                                                         _1031_ (net)
                      0.037031    0.000169   23.508253 v _2417_/A2 (sky130_fd_sc_hd__a31o_1)
     1    0.001940    0.023816    0.124713   23.632967 v _2417_/X (sky130_fd_sc_hd__a31o_1)
                                                         _1047_ (net)
                      0.023816    0.000087   23.633053 v _2438_/B (sky130_fd_sc_hd__and4_2)
     6    0.065244    0.118663    0.207045   23.840099 v _2438_/X (sky130_fd_sc_hd__and4_2)
                                                         _1068_ (net)
                      0.124070    0.019826   23.859924 v _2483_/A1 (sky130_fd_sc_hd__o21ai_4)
     8    0.052093    0.287197    0.278790   24.138716 ^ _2483_/Y (sky130_fd_sc_hd__o21ai_4)
                                                         _1113_ (net)
                      0.287402    0.006125   24.144840 ^ _2522_/S (sky130_fd_sc_hd__mux2_1)
     1    0.016572    0.086439    0.246215   24.391056 v _2522_/X (sky130_fd_sc_hd__mux2_1)
                                                         _1152_ (net)
                      0.086475    0.001656   24.392712 v _2560_/A2 (sky130_fd_sc_hd__o211a_1)
     1    0.015553    0.064701    0.187262   24.579973 v _2560_/X (sky130_fd_sc_hd__o211a_1)
                                                         _1190_ (net)
                      0.064772    0.001926   24.581898 v _2606_/B2 (sky130_fd_sc_hd__o32a_1)
     3    0.025327    0.090080    0.163132   24.745029 v _2606_/X (sky130_fd_sc_hd__o32a_1)
                                                         _1236_ (net)
                      0.090116    0.001657   24.746687 v _2609_/A2 (sky130_fd_sc_hd__o211a_2)
     2    0.056178    0.109213    0.251672   24.998360 v _2609_/X (sky130_fd_sc_hd__o211a_2)
                                                         CB_1.le_outA (net)
                      0.109449    0.004208   25.002567 v fanout144/A (sky130_fd_sc_hd__buf_2)
    10    0.059641    0.100578    0.173303   25.175871 v fanout144/X (sky130_fd_sc_hd__buf_2)
                                                         net144 (net)
                      0.102302    0.010576   25.186447 v _1782_/A (sky130_fd_sc_hd__or3_1)
     2    0.012704    0.077903    0.273861   25.460308 v _1782_/X (sky130_fd_sc_hd__or3_1)
                                                         _0416_ (net)
                      0.077905    0.000513   25.460821 v _1783_/C1 (sky130_fd_sc_hd__o221a_1)
     1    0.003327    0.034577    0.088413   25.549234 v _1783_/X (sky130_fd_sc_hd__o221a_1)
                                                         _0417_ (net)
                      0.034577    0.000217   25.549452 v _1798_/A2 (sky130_fd_sc_hd__o311a_1)
     6    0.023827    0.101026    0.269790   25.819241 v _1798_/X (sky130_fd_sc_hd__o311a_1)
                                                         _0432_ (net)
                      0.101092    0.002343   25.821585 v _1801_/A (sky130_fd_sc_hd__and2_2)
     7    0.053545    0.100497    0.201387   26.022972 v _1801_/X (sky130_fd_sc_hd__and2_2)
                                                         _0435_ (net)
                      0.100921    0.005389   26.028360 v _2263_/A1 (sky130_fd_sc_hd__o221ai_1)
     1    0.006319    0.149071    0.176126   26.204487 ^ _2263_/Y (sky130_fd_sc_hd__o221ai_1)
                                                         _0895_ (net)
                      0.149071    0.000503   26.204988 ^ _2264_/B1 (sky130_fd_sc_hd__a31o_1)
     1    0.005517    0.049397    0.073596   26.278585 ^ _2264_/X (sky130_fd_sc_hd__a31o_1)
                                                         _0896_ (net)
                      0.049397    0.000229   26.278814 ^ _2265_/D (sky130_fd_sc_hd__and4_2)
     5    0.023614    0.103735    0.187624   26.466438 ^ _2265_/X (sky130_fd_sc_hd__and4_2)
                                                         _0897_ (net)
                      0.103750    0.001263   26.467701 ^ _2273_/A1 (sky130_fd_sc_hd__o21ai_4)
     9    0.037613    0.069880    0.077316   26.545017 v _2273_/Y (sky130_fd_sc_hd__o21ai_4)
                                                         _0905_ (net)
                      0.070115    0.003153   26.548170 v _2344_/S (sky130_fd_sc_hd__mux2_1)
     1    0.004265    0.040231    0.145343   26.693514 ^ _2344_/X (sky130_fd_sc_hd__mux2_1)
                                                         _0976_ (net)
                      0.040233    0.000293   26.693808 ^ _2345_/A2 (sky130_fd_sc_hd__o211a_1)
     1    0.003773    0.033154    0.081767   26.775574 ^ _2345_/X (sky130_fd_sc_hd__o211a_1)
                                                         _0977_ (net)
                      0.033156    0.000272   26.775846 ^ _2394_/B2 (sky130_fd_sc_hd__o32a_2)
     3    0.029872    0.117452    0.124395   26.900242 ^ _2394_/X (sky130_fd_sc_hd__o32a_2)
                                                         _1026_ (net)
                      0.117553    0.002849   26.903090 ^ _2397_/A2 (sky130_fd_sc_hd__o211a_2)
     3    0.050211    0.221129    0.242347   27.145437 ^ _2397_/X (sky130_fd_sc_hd__o211a_2)
                                                         CB_0.le_outB (net)
                      0.221379    0.006075   27.151512 ^ _1852_/B (sky130_fd_sc_hd__or3b_1)
     2    0.008596    0.066380    0.115435   27.266947 ^ _1852_/X (sky130_fd_sc_hd__or3b_1)
                                                         _0486_ (net)
                      0.066383    0.000545   27.267492 ^ _1854_/A3 (sky130_fd_sc_hd__a31oi_2)
     1    0.030114    0.126529    0.120195   27.387688 v _1854_/Y (sky130_fd_sc_hd__a31oi_2)
                                                         _0488_ (net)
                      0.126854    0.005105   27.392794 v _1855_/B1 (sky130_fd_sc_hd__a311o_4)
     6    0.048726    0.092433    0.232884   27.625677 v _1855_/X (sky130_fd_sc_hd__a311o_4)
                                                         _0489_ (net)
                      0.092589    0.003361   27.629038 v _2424_/A (sky130_fd_sc_hd__nor2_4)
     9    0.074933    0.334065    0.293984   27.923021 ^ _2424_/Y (sky130_fd_sc_hd__nor2_4)
                                                         _1054_ (net)
                      0.334170    0.004917   27.927938 ^ _2626_/B (sky130_fd_sc_hd__nand2_1)
     1    0.006363    0.074963    0.058042   27.985981 v _2626_/Y (sky130_fd_sc_hd__nand2_1)
                                                         _1254_ (net)
                      0.074968    0.000451   27.986431 v _2629_/A2 (sky130_fd_sc_hd__a31o_1)
     1    0.003069    0.027453    0.144651   28.131083 v _2629_/X (sky130_fd_sc_hd__a31o_1)
                                                         _1257_ (net)
                      0.027453    0.000123   28.131205 v _2638_/B (sky130_fd_sc_hd__and4_2)
     5    0.036044    0.080296    0.179538   28.310743 v _2638_/X (sky130_fd_sc_hd__and4_2)
                                                         _1266_ (net)
                      0.080662    0.004643   28.315386 v _2646_/A1 (sky130_fd_sc_hd__o21ai_4)
     9    0.064269    0.342692    0.304668   28.620054 ^ _2646_/Y (sky130_fd_sc_hd__o21ai_4)
                                                         _1274_ (net)
                      0.342705    0.001739   28.621794 ^ _2748_/S (sky130_fd_sc_hd__mux2_1)
     1    0.004121    0.041451    0.117776   28.739571 ^ _2748_/X (sky130_fd_sc_hd__mux2_1)
                                                         _1376_ (net)
                      0.041456    0.000266   28.739836 ^ _2751_/A2 (sky130_fd_sc_hd__o211a_1)
     1    0.002671    0.027114    0.076446   28.816282 ^ _2751_/X (sky130_fd_sc_hd__o211a_1)
                                                         _1379_ (net)
                      0.027114    0.000124   28.816406 ^ _2765_/B1 (sky130_fd_sc_hd__o32a_1)
     3    0.013830    0.111110    0.120171   28.936577 ^ _2765_/X (sky130_fd_sc_hd__o32a_1)
                                                         _1393_ (net)
                      0.111125    0.001075   28.937651 ^ _2768_/A2 (sky130_fd_sc_hd__o211a_1)
     1    0.005476    0.045167    0.099352   29.037003 ^ _2768_/X (sky130_fd_sc_hd__o211a_1)
                                                         CB_1.le_outB (net)
                      0.045170    0.000382   29.037384 ^ fanout141/A (sky130_fd_sc_hd__buf_2)
     7    0.060194    0.221300    0.201132   29.238516 ^ fanout141/X (sky130_fd_sc_hd__buf_2)
                                                         net141 (net)
                      0.221342    0.002592   29.241108 ^ _1722_/A (sky130_fd_sc_hd__inv_2)
     4    0.026749    0.081023    0.067637   29.308744 v _1722_/Y (sky130_fd_sc_hd__inv_2)
                                                         _1604_ (net)
                      0.081039    0.000941   29.309687 v fanout138/A (sky130_fd_sc_hd__clkbuf_4)
    10    0.049390    0.076374    0.157362   29.467049 v fanout138/X (sky130_fd_sc_hd__clkbuf_4)
                                                         net138 (net)
                      0.076990    0.005400   29.472448 v _1765_/A1 (sky130_fd_sc_hd__o32a_1)
     2    0.013803    0.071409    0.252317   29.724766 v _1765_/X (sky130_fd_sc_hd__o32a_1)
                                                         _0399_ (net)
                      0.071445    0.001478   29.726244 v _1767_/B2 (sky130_fd_sc_hd__a221o_1)
     1    0.006280    0.044950    0.180700   29.906944 v _1767_/X (sky130_fd_sc_hd__a221o_1)
                                                         _0401_ (net)
                      0.044953    0.000451   29.907394 v _1772_/A2 (sky130_fd_sc_hd__a311o_4)
     6    0.036655    0.077784    0.282448   30.189842 v _1772_/X (sky130_fd_sc_hd__a311o_4)
                                                         _0406_ (net)
                      0.077852    0.002135   30.191978 v _1775_/A (sky130_fd_sc_hd__nor2_2)
     7    0.070703    0.540970    0.432806   30.624784 ^ _1775_/Y (sky130_fd_sc_hd__nor2_2)
                                                         _0409_ (net)
                      0.541040    0.005169   30.629953 ^ _2777_/A2 (sky130_fd_sc_hd__o21a_1)
     1    0.002462    0.036164    0.058801   30.688753 ^ _2777_/X (sky130_fd_sc_hd__o21a_1)
                                                         _1395_ (net)
                      0.036164    0.000178   30.688931 ^ _2778_/A1 (sky130_fd_sc_hd__mux2_1)
     1    0.013195    0.093394    0.121638   30.810570 ^ _2778_/X (sky130_fd_sc_hd__mux2_1)
                                                         net93 (net)
                      0.093412    0.001268   30.811838 ^ output93/A (sky130_fd_sc_hd__buf_2)
     1    0.058320    0.214446    0.208914   31.020752 ^ output93/X (sky130_fd_sc_hd__buf_2)
                                                         CBnorth_out[15] (net)
                      0.214675    0.005802   31.026552 ^ CBnorth_out[15] (out)
                                             31.026552   data arrival time

                                100.000000  100.000000   clock clk (rise edge)
                                  0.000000  100.000000   clock network delay (propagated)
                                 -0.250000   99.750000   clock uncertainty
                                  0.000000   99.750000   clock reconvergence pessimism
                                -20.000000   79.750000   output external delay
                                             79.750000   data required time
---------------------------------------------------------------------------------------------
                                             79.750000   data required time
                                            -31.026552   data arrival time
---------------------------------------------------------------------------------------------
                                             48.723446   slack (MET)




===========================================================================
report_checks --slack_max -0.01
============================================================================
======================= max_ff_n40C_1v95 Corner ===================================

No paths found.


===========================================================================
 report_check_types -max_slew -max_cap -max_fanout -violators
============================================================================
======================= max_ff_n40C_1v95 Corner ===================================

max slew

Pin                                        Limit        Slew       Slack
------------------------------------------------------------------------
_2756_/B1                               0.750000    1.103270   -0.353270 (VIOLATED)
_2747_/Y                                0.750000    1.103224   -0.353224 (VIOLATED)
_2596_/B1                               0.750000    0.801995   -0.051995 (VIOLATED)
_2600_/B1                               0.750000    0.801908   -0.051908 (VIOLATED)
_2559_/B1                               0.750000    0.801702   -0.051702 (VIOLATED)
_2605_/A1                               0.750000    0.801494   -0.051494 (VIOLATED)
_2521_/Y                                0.750000    0.799712   -0.049712 (VIOLATED)

max fanout

Pin                                   Limit Fanout  Slack
---------------------------------------------------------
clkbuf_leaf_12_clk/X                     10     18     -8 (VIOLATED)
clkbuf_leaf_14_clk/X                     10     18     -8 (VIOLATED)
clkbuf_leaf_15_clk/X                     10     18     -8 (VIOLATED)
clkbuf_leaf_6_clk/X                      10     18     -8 (VIOLATED)
clkbuf_leaf_23_clk/X                     10     16     -6 (VIOLATED)
clkbuf_leaf_1_clk/X                      10     15     -5 (VIOLATED)
clkbuf_leaf_25_clk/X                     10     15     -5 (VIOLATED)
clkbuf_leaf_34_clk/X                     10     15     -5 (VIOLATED)
clkbuf_leaf_0_clk/X                      10     14     -4 (VIOLATED)
clkbuf_leaf_13_clk/X                     10     14     -4 (VIOLATED)
clkbuf_leaf_27_clk/X                     10     14     -4 (VIOLATED)
clkbuf_leaf_31_clk/X                     10     13     -3 (VIOLATED)
clkbuf_leaf_5_clk/X                      10     13     -3 (VIOLATED)
clkbuf_leaf_7_clk/X                      10     13     -3 (VIOLATED)
clkbuf_leaf_35_clk/X                     10     12     -2 (VIOLATED)
clkbuf_leaf_24_clk/X                     10     11        (VIOLATED)
clkbuf_leaf_30_clk/X                     10     11        (VIOLATED)
clkbuf_leaf_32_clk/X                     10     11        (VIOLATED)



===========================================================================
report_parasitic_annotation -report_unannotated
============================================================================
Found 36 unannotated drivers.
 _2769_/X
 _2771_/X
 _2773_/X
 _2775_/X
 clkload0/Y
 clkload1/Y
 clkload10/Y
 clkload11/Y
 clkload12/Y
 clkload13/Y
 clkload14/Y
 clkload15/Y
 clkload16/Y
 clkload17/Y
 clkload18/Y
 clkload19/Y
 clkload2/X
 clkload20/Y
 clkload21/Y
 clkload22/Y
 clkload23/Y
 clkload24/Y
 clkload25/X
 clkload26/X
 clkload27/Y
 clkload28/Y
 clkload29/Y
 clkload3/X
 clkload30/Y
 clkload31/Y
 clkload4/Y
 clkload5/Y
 clkload6/Y
 clkload7/Y
 clkload8/Y
 clkload9/Y
Found 0 partially unannotated drivers.

===========================================================================
max slew violation count 7
max fanout violation count 18
max cap violation count 0
============================================================================

===========================================================================
check_setup -verbose -unconstrained_endpoints -multiple_clock -no_clock -no_input_delay -loops -generated_clocks
===========================================================================
Warning: There are 8 unclocked register/latch pins.
  _3304_/CLK
  _3353_/CLK
  _3354_/CLK
  _3375_/CLK
  _3376_/CLK
  _3397_/CLK
  _3398_/CLK
  _3419_/CLK
Warning: There are 8 unconstrained endpoints.
  _3304_/D
  _3353_/D
  _3354_/D
  _3375_/D
  _3376_/D
  _3397_/D
  _3398_/D
  _3419_/D
Warning: There are 58 combinational loops in the design.
  _2182_/X
  _2233_/B2
  _2233_/X
  _2237_/A2
  _2237_/X
  fanout151/A
  fanout151/X
  _1720_/A
  _1720_/Y
  _1746_/A
  _1746_/X
  _1747_/B1
  _1747_/X
  _1748_/B1
  _1748_/Y
  _2400_/B1
  _2400_/Y
  _2401_/B
  _2401_/X
  _2417_/A2
  _2417_/X
  _2438_/B
  _2438_/X
  _2483_/A1
  _2483_/Y
  _2522_/S
  _2522_/X
  _2560_/A2
  _2560_/X
  _2606_/B2
  _2606_/X
  _2609_/A2
  _2609_/X
  fanout144/A
  fanout144/X
  _1782_/A
  _1782_/X
  _1783_/C1
  _1783_/X
  _1798_/A2
  _1798_/X
  _1801_/A
  _1801_/X
  _2113_/A1
  _2113_/Y
  _2114_/B1
  _2114_/X
  _2124_/B
  _2124_/X
  _2144_/A2
  _2144_/X
  _2182_/A1
  | loop cut point
  _2182_/X
  --------------------------------
  _2233_/X
  _2237_/A2
  _2237_/X
  fanout151/A
  fanout151/X
  _1720_/A
  _1720_/Y
  _1746_/A
  _1746_/X
  _1747_/B1
  _1747_/X
  _1748_/B1
  _1748_/Y
  _2400_/B1
  _2400_/Y
  _2401_/B
  _2401_/X
  _2417_/A2
  _2417_/X
  _2438_/B
  _2438_/X
  _2483_/A1
  _2483_/Y
  _2522_/S
  _2522_/X
  _2560_/A2
  _2560_/X
  _2606_/B2
  _2606_/X
  _2609_/A2
  _2609_/X
  fanout144/A
  fanout144/X
  _1782_/A
  _1782_/X
  _1783_/C1
  _1783_/X
  _1798_/A2
  _1798_/X
  _1801_/A
  _1801_/X
  _2113_/A1
  _2113_/Y
  _2114_/B1
  _2114_/X
  _2124_/B
  _2124_/X
  _2144_/A2
  _2144_/X
  _2184_/B1
  _2184_/X
  _2224_/A2
  _2224_/X
  _2233_/B1
  | loop cut point
  _2233_/X
  --------------------------------
  _2233_/X
  _2237_/A2
  _2237_/X
  fanout151/A
  fanout151/X
  _1720_/A
  _1720_/Y
  _1746_/A
  _1746_/X
  _1747_/B1
  _1747_/X
  _1748_/B1
  _1748_/Y
  _2400_/B1
  _2400_/Y
  _2401_/B
  _2401_/X
  _2417_/A2
  _2417_/X
  _2438_/B
  _2438_/X
  _2483_/A1
  _2483_/Y
  _2522_/S
  _2522_/X
  _2560_/A2
  _2560_/X
  _2606_/B2
  _2606_/X
  _2609_/A2
  _2609_/X
  fanout144/A
  fanout144/X
  _1782_/A
  _1782_/X
  _1783_/C1
  _1783_/X
  _1798_/A2
  _1798_/X
  _1801_/A
  _1801_/X
  _2113_/A1
  _2113_/Y
  _2114_/B1
  _2114_/X
  _2124_/B
  _2124_/X
  _2144_/A2
  _2144_/X
  _2228_/A1
  _2228_/X
  _2233_/A2
  | loop cut point
  _2233_/X
  --------------------------------
  _2233_/X
  _2237_/A2
  _2237_/X
  fanout151/A
  fanout151/X
  _1720_/A
  _1720_/Y
  _1746_/A
  _1746_/X
  _1747_/B1
  _1747_/X
  _1748_/B1
  _1748_/Y
  _2400_/B1
  _2400_/Y
  _2401_/B
  _2401_/X
  _2417_/A2
  _2417_/X
  _2438_/B
  _2438_/X
  _2483_/A1
  _2483_/Y
  _2522_/S
  _2522_/X
  _2560_/A2
  _2560_/X
  _2606_/B2
  _2606_/X
  _2609_/A2
  _2609_/X
  fanout144/A
  fanout144/X
  _1782_/A
  _1782_/X
  _1783_/C1
  _1783_/X
  _1798_/A2
  _1798_/X
  _1801_/A
  _1801_/X
  _2113_/A1
  _2113_/Y
  _2114_/B1
  _2114_/X
  _2124_/B
  _2124_/X
  _2144_/A2
  _2144_/X
  _2232_/A1
  _2232_/X
  _2233_/A3
  | loop cut point
  _2233_/X
  --------------------------------
  _2182_/X
  _2233_/B2
  _2233_/X
  _2237_/A2
  _2237_/X
  fanout151/A
  fanout151/X
  _1720_/A
  _1720_/Y
  _1746_/A
  _1746_/X
  _1747_/B1
  _1747_/X
  _1748_/B1
  _1748_/Y
  _2400_/B1
  _2400_/Y
  _2401_/B
  _2401_/X
  _2417_/A2
  _2417_/X
  _2438_/B
  _2438_/X
  _2483_/A1
  _2483_/Y
  _2522_/S
  _2522_/X
  _2560_/A2
  _2560_/X
  _2606_/B2
  _2606_/X
  _2609_/A2
  _2609_/X
  fanout144/A
  fanout144/X
  _1782_/A
  _1782_/X
  _1783_/C1
  _1783_/X
  _1798_/A2
  _1798_/X
  _1801_/A
  _1801_/X
  _2113_/A1
  _2113_/Y
  _2114_/B1
  _2114_/X
  _2124_/B
  _2124_/X
  _2145_/A2
  _2145_/Y
  _2181_/B1
  _2181_/X
  _2182_/C1
  | loop cut point
  _2182_/X
  --------------------------------
  _2182_/X
  _2233_/B2
  _2233_/X
  _2237_/A2
  _2237_/X
  fanout151/A
  fanout151/X
  _1720_/A
  _1720_/Y
  _1746_/A
  _1746_/X
  _1747_/B1
  _1747_/X
  _1748_/B1
  _1748_/Y
  _2400_/B1
  _2400_/Y
  _2401_/B
  _2401_/X
  _2417_/A2
  _2417_/X
  _2438_/B
  _2438_/X
  _2483_/A1
  _2483_/Y
  _2522_/S
  _2522_/X
  _2560_/A2
  _2560_/X
  _2606_/B2
  _2606_/X
  _2609_/A2
  _2609_/X
  fanout144/A
  fanout144/X
  _1782_/A
  _1782_/X
  _1783_/C1
  _1783_/X
  _1798_/A2
  _1798_/X
  _1801_/A
  _1801_/X
  _2153_/A1
  _2153_/X
  _2154_/B
  _2154_/X
  _2162_/A_N
  _2162_/X
  _2179_/A1
  _2179_/Y
  _2182_/B1
  | loop cut point
  _2182_/X
  --------------------------------
  _2233_/X
  _2237_/A2
  _2237_/X
  fanout151/A
  fanout151/X
  _1720_/A
  _1720_/Y
  _1746_/A
  _1746_/X
  _1747_/B1
  _1747_/X
  _1748_/B1
  _1748_/Y
  _2400_/B1
  _2400_/Y
  _2401_/B
  _2401_/X
  _2417_/A2
  _2417_/X
  _2438_/B
  _2438_/X
  _2483_/A1
  _2483_/Y
  _2522_/S
  _2522_/X
  _2560_/A2
  _2560_/X
  _2606_/B2
  _2606_/X
  _2609_/A2
  _2609_/X
  fanout144/A
  fanout144/X
  _1782_/A
  _1782_/X
  _1783_/C1
  _1783_/X
  _1798_/A2
  _1798_/X
  _1801_/A
  _1801_/X
  _2198_/A1
  _2198_/X
  _2199_/B1
  _2199_/X
  _2202_/B
  _2202_/X
  _2216_/B1
  _2216_/X
  _2223_/B1
  _2223_/X
  _2233_/A1
  | loop cut point
  _2233_/X
  --------------------------------
  _2265_/X
  _2273_/A1
  _2273_/Y
  _2309_/A2
  _2309_/X
  _2345_/C1
  _2345_/X
  _2394_/B2
  _2394_/X
  _2397_/A2
  _2397_/X
  _1852_/B
  _1852_/X
  _1854_/A3
  _1854_/Y
  _1855_/B1
  _1855_/X
  _1858_/A
  _1858_/Y
  _2252_/B
  _2252_/Y
  _2256_/A2
  _2256_/X
  _2265_/B
  | loop cut point
  _2265_/X
  --------------------------------
  _2345_/X
  _2394_/B2
  _2394_/X
  _2397_/A2
  _2397_/X
  _1852_/B
  _1852_/X
  _1854_/A3
  _1854_/Y
  _1855_/B1
  _1855_/X
  _1858_/A
  _1858_/Y
  _2320_/B
  _2320_/Y
  _2321_/B1
  _2321_/X
  _2323_/B1
  _2323_/X
  _2324_/C
  _2324_/X
  _2342_/A2
  _2342_/X
  _2345_/B1
  | loop cut point
  _2345_/X
  --------------------------------
  _2394_/X
  _2397_/A2
  _2397_/X
  _1852_/B
  _1852_/X
  _1854_/A3
  _1854_/Y
  _1855_/B1
  _1855_/X
  _1858_/A
  _1858_/Y
  _2320_/B
  _2320_/Y
  _2321_/B1
  _2321_/X
  _2323_/B1
  _2323_/X
  _2324_/C
  _2324_/X
  _2342_/A2
  _2342_/X
  _2389_/C1
  _2389_/X
  _2394_/A2
  | loop cut point
  _2394_/X
  --------------------------------
  _2394_/X
  _2397_/A2
  _2397_/X
  _1852_/B
  _1852_/X
  _1854_/A3
  _1854_/Y
  _1855_/B1
  _1855_/X
  _1858_/A
  _1858_/Y
  _2320_/B
  _2320_/Y
  _2321_/B1
  _2321_/X
  _2323_/B1
  _2323_/X
  _2324_/C
  _2324_/X
  _2343_/A2
  _2343_/Y
  _2385_/A1
  _2385_/X
  _2394_/B1
  | loop cut point
  _2394_/X
  --------------------------------
  _2394_/X
  _2397_/A2
  _2397_/X
  _1852_/B
  _1852_/X
  _1854_/A3
  _1854_/Y
  _1855_/B1
  _1855_/X
  _1858_/A
  _1858_/Y
  _2320_/B
  _2320_/Y
  _2321_/B1
  _2321_/X
  _2323_/B1
  _2323_/X
  _2324_/C
  _2324_/X
  _2343_/A2
  _2343_/Y
  _2393_/C1
  _2393_/X
  _2394_/A3
  | loop cut point
  _2394_/X
  --------------------------------
  _2394_/X
  _2397_/A2
  _2397_/X
  _1852_/B
  _1852_/X
  _1854_/A3
  _1854_/Y
  _1855_/B1
  _1855_/X
  _1858_/A
  _1858_/Y
  _2364_/A2
  _2364_/X
  _2367_/A1
  _2367_/X
  _2375_/A2
  _2375_/X
  _2376_/A2
  _2376_/X
  _2383_/A
  _2383_/Y
  _2394_/A1
  | loop cut point
  _2394_/X
  --------------------------------
  _2102_/X
  _2107_/A
  _2107_/Y
  _2146_/S
  _2146_/X
  _2182_/A2
  _2182_/X
  _2233_/B2
  _2233_/X
  _2237_/A2
  _2237_/X
  fanout151/A
  fanout151/X
  _1720_/A
  _1720_/Y
  _1746_/A
  _1746_/X
  _1747_/B1
  _1747_/X
  _1748_/B1
  _1748_/Y
  _2400_/B1
  _2400_/Y
  _2401_/B
  _2401_/X
  _2417_/A2
  _2417_/X
  _2438_/B
  _2438_/X
  _2483_/A1
  _2483_/Y
  _2522_/S
  _2522_/X
  _2560_/A2
  _2560_/X
  _2606_/B2
  _2606_/X
  _2609_/A2
  _2609_/X
  fanout144/A
  fanout144/X
  _1782_/A
  _1782_/X
  _1783_/C1
  _1783_/X
  _1798_/A2
  _1798_/X
  _1801_/A
  _1801_/X
  _2263_/A1
  _2263_/Y
  _2264_/B1
  _2264_/X
  _2265_/D
  _2265_/X
  _2273_/A1
  _2273_/Y
  _2309_/A2
  _2309_/X
  _2345_/C1
  _2345_/X
  _2394_/B2
  _2394_/X
  _2397_/A2
  _2397_/X
  _1852_/B
  _1852_/X
  _1854_/A3
  _1854_/Y
  _1855_/B1
  _1855_/X
  _1878_/A2
  _1878_/X
  _1879_/B1
  _1879_/Y
  _1918_/A1
  _1918_/Y
  _2102_/A2
  | loop cut point
  _2102_/X
  --------------------------------
  _2309_/X
  _2345_/C1
  _2345_/X
  _2394_/B2
  _2394_/X
  _2397_/A2
  _2397_/X
  _1852_/B
  _1852_/X
  _1854_/A3
  _1854_/Y
  _1855_/B1
  _1855_/X
  _2293_/B
  _2293_/X
  _2294_/B1
  _2294_/X
  _2301_/B2
  _2301_/X
  _2302_/B2
  _2302_/X
  _2306_/A
  _2306_/X
  _2309_/B1
  | loop cut point
  _2309_/X
  --------------------------------
  _2345_/X
  _2394_/B2
  _2394_/X
  _2397_/A2
  _2397_/X
  _1852_/B
  _1852_/X
  _1854_/A3
  _1854_/Y
  _1855_/B1
  _1855_/X
  _2293_/B
  _2293_/X
  _2294_/B1
  _2294_/X
  _2301_/B2
  _2301_/X
  _2302_/B2
  _2302_/X
  _2307_/A
  _2307_/Y
  _2345_/A1
  | loop cut point
  _2345_/X
  --------------------------------
  _2438_/X
  _2483_/A1
  _2483_/Y
  _2522_/S
  _2522_/X
  _2560_/A2
  _2560_/X
  _2606_/B2
  _2606_/X
  _2609_/A2
  _2609_/X
  fanout144/A
  fanout144/X
  _1782_/A
  _1782_/X
  _1783_/C1
  _1783_/X
  _1798_/A2
  _1798_/X
  _1801_/A
  _1801_/X
  _2263_/A1
  _2263_/Y
  _2264_/B1
  _2264_/X
  _2265_/D
  _2265_/X
  _2273_/A1
  _2273_/Y
  _2309_/A2
  _2309_/X
  _2345_/C1
  _2345_/X
  _2394_/B2
  _2394_/X
  _2397_/A2
  _2397_/X
  _1852_/B
  _1852_/X
  _1854_/A3
  _1854_/Y
  _1855_/B1
  _1855_/X
  _2424_/A
  _2424_/Y
  _2425_/B
  _2425_/Y
  _2437_/A2
  _2437_/X
  _2438_/D
  | loop cut point
  _2438_/X
  --------------------------------
  _2560_/X
  _2606_/B2
  _2606_/X
  _2609_/A2
  _2609_/X
  fanout144/A
  fanout144/X
  _1782_/A
  _1782_/X
  _1783_/C1
  _1783_/X
  _1798_/A2
  _1798_/X
  _1801_/A
  _1801_/X
  _2263_/A1
  _2263_/Y
  _2264_/B1
  _2264_/X
  _2265_/D
  _2265_/X
  _2273_/A1
  _2273_/Y
  _2309_/A2
  _2309_/X
  _2345_/C1
  _2345_/X
  _2394_/B2
  _2394_/X
  _2397_/A2
  _2397_/X
  _1852_/B
  _1852_/X
  _1854_/A3
  _1854_/Y
  _1855_/B1
  _1855_/X
  _2424_/A
  _2424_/Y
  _2496_/B
  _2496_/Y
  _2499_/A2
  _2499_/X
  _2500_/D
  _2500_/X
  _2520_/A2
  _2520_/X
  _2560_/A1
  | loop cut point
  _2560_/X
  --------------------------------
  _2606_/X
  _2609_/A2
  _2609_/X
  fanout144/A
  fanout144/X
  _1782_/A
  _1782_/X
  _1783_/C1
  _1783_/X
  _1798_/A2
  _1798_/X
  _1801_/A
  _1801_/X
  _2263_/A1
  _2263_/Y
  _2264_/B1
  _2264_/X
  _2265_/D
  _2265_/X
  _2273_/A1
  _2273_/Y
  _2309_/A2
  _2309_/X
  _2345_/C1
  _2345_/X
  _2394_/B2
  _2394_/X
  _2397_/A2
  _2397_/X
  _1852_/B
  _1852_/X
  _1854_/A3
  _1854_/Y
  _1855_/B1
  _1855_/X
  _2424_/A
  _2424_/Y
  _2496_/B
  _2496_/Y
  _2499_/A2
  _2499_/X
  _2500_/D
  _2500_/X
  _2520_/A2
  _2520_/X
  _2594_/B1
  _2594_/X
  _2597_/A2
  _2597_/X
  _2606_/B1
  | loop cut point
  _2606_/X
  --------------------------------
  _2606_/X
  _2609_/A2
  _2609_/X
  fanout144/A
  fanout144/X
  _1782_/A
  _1782_/X
  _1783_/C1
  _1783_/X
  _1798_/A2
  _1798_/X
  _1801_/A
  _1801_/X
  _2263_/A1
  _2263_/Y
  _2264_/B1
  _2264_/X
  _2265_/D
  _2265_/X
  _2273_/A1
  _2273_/Y
  _2309_/A2
  _2309_/X
  _2345_/C1
  _2345_/X
  _2394_/B2
  _2394_/X
  _2397_/A2
  _2397_/X
  _1852_/B
  _1852_/X
  _1854_/A3
  _1854_/Y
  _1855_/B1
  _1855_/X
  _2424_/A
  _2424_/Y
  _2496_/B
  _2496_/Y
  _2499_/A2
  _2499_/X
  _2500_/D
  _2500_/X
  _2520_/A2
  _2520_/X
  _2601_/A1
  _2601_/X
  _2606_/A2
  | loop cut point
  _2606_/X
  --------------------------------
  _2606_/X
  _2609_/A2
  _2609_/X
  fanout144/A
  fanout144/X
  _1782_/A
  _1782_/X
  _1783_/C1
  _1783_/X
  _1798_/A2
  _1798_/X
  _1801_/A
  _1801_/X
  _2263_/A1
  _2263_/Y
  _2264_/B1
  _2264_/X
  _2265_/D
  _2265_/X
  _2273_/A1
  _2273_/Y
  _2309_/A2
  _2309_/X
  _2345_/C1
  _2345_/X
  _2394_/B2
  _2394_/X
  _2397_/A2
  _2397_/X
  _1852_/B
  _1852_/X
  _1854_/A3
  _1854_/Y
  _1855_/B1
  _1855_/X
  _2424_/A
  _2424_/Y
  _2496_/B
  _2496_/Y
  _2499_/A2
  _2499_/X
  _2500_/D
  _2500_/X
  _2520_/A2
  _2520_/X
  _2603_/B1
  _2603_/X
  _2605_/B1
  _2605_/X
  _2606_/A3
  | loop cut point
  _2606_/X
  --------------------------------
  _2560_/X
  _2606_/B2
  _2606_/X
  _2609_/A2
  _2609_/X
  fanout144/A
  fanout144/X
  _1782_/A
  _1782_/X
  _1783_/C1
  _1783_/X
  _1798_/A2
  _1798_/X
  _1801_/A
  _1801_/X
  _2263_/A1
  _2263_/Y
  _2264_/B1
  _2264_/X
  _2265_/D
  _2265_/X
  _2273_/A1
  _2273_/Y
  _2309_/A2
  _2309_/X
  _2345_/C1
  _2345_/X
  _2394_/B2
  _2394_/X
  _2397_/A2
  _2397_/X
  _1852_/B
  _1852_/X
  _1854_/A3
  _1854_/Y
  _1855_/B1
  _1855_/X
  _2424_/A
  _2424_/Y
  _2496_/B
  _2496_/Y
  _2499_/A2
  _2499_/X
  _2500_/D
  _2500_/X
  _2521_/A2
  _2521_/Y
  _2559_/B1
  _2559_/X
  _2560_/C1
  | loop cut point
  _2560_/X
  --------------------------------
  _2560_/X
  _2606_/B2
  _2606_/X
  _2609_/A2
  _2609_/X
  fanout144/A
  fanout144/X
  _1782_/A
  _1782_/X
  _1783_/C1
  _1783_/X
  _1798_/A2
  _1798_/X
  _1801_/A
  _1801_/X
  _2263_/A1
  _2263_/Y
  _2264_/B1
  _2264_/X
  _2265_/D
  _2265_/X
  _2273_/A1
  _2273_/Y
  _2309_/A2
  _2309_/X
  _2345_/C1
  _2345_/X
  _2394_/B2
  _2394_/X
  _2397_/A2
  _2397_/X
  _1852_/B
  _1852_/X
  _1854_/A3
  _1854_/Y
  _1855_/B1
  _1855_/X
  _2424_/A
  _2424_/Y
  _2533_/B
  _2533_/Y
  _2536_/A2
  _2536_/X
  _2537_/C
  _2537_/X
  _2557_/A2
  _2557_/Y
  _2560_/B1
  | loop cut point
  _2560_/X
  --------------------------------
  _2606_/X
  _2609_/A2
  _2609_/X
  fanout144/A
  fanout144/X
  _1782_/A
  _1782_/X
  _1783_/C1
  _1783_/X
  _1798_/A2
  _1798_/X
  _1801_/A
  _1801_/X
  _2263_/A1
  _2263_/Y
  _2264_/B1
  _2264_/X
  _2265_/D
  _2265_/X
  _2273_/A1
  _2273_/Y
  _2309_/A2
  _2309_/X
  _2345_/C1
  _2345_/X
  _2394_/B2
  _2394_/X
  _2397_/A2
  _2397_/X
  _1852_/B
  _1852_/X
  _1854_/A3
  _1854_/Y
  _1855_/B1
  _1855_/X
  _2424_/A
  _2424_/Y
  _2583_/B
  _2583_/Y
  _2586_/A2
  _2586_/X
  _2587_/C
  _2587_/X
  _2592_/A3
  _2592_/Y
  _2606_/A1
  | loop cut point
  _2606_/X
  --------------------------------
  _1855_/X
  _2424_/A
  _2424_/Y
  _2626_/B
  _2626_/Y
  _2629_/A2
  _2629_/X
  _2638_/B
  _2638_/X
  _2646_/A1
  _2646_/Y
  _2748_/S
  _2748_/X
  _2751_/A2
  _2751_/X
  _2765_/B1
  _2765_/X
  _2768_/A2
  _2768_/X
  fanout141/A
  fanout141/X
  _1722_/A
  _1722_/Y
  _1838_/A1
  _1838_/X
  _1843_/B2
  _1843_/X
  _1855_/A2
  | loop cut point
  _1855_/X
  --------------------------------
  _2629_/X
  _2638_/B
  _2638_/X
  _2646_/A1
  _2646_/Y
  _2748_/S
  _2748_/X
  _2751_/A2
  _2751_/X
  _2765_/B1
  _2765_/X
  _2768_/A2
  _2768_/X
  fanout141/A
  fanout141/X
  _1722_/A
  _1722_/Y
  _1867_/A1
  _1867_/X
  _1869_/B2
  _1869_/X
  _1874_/A1
  _1874_/X
  _2428_/A
  _2428_/X
  _2627_/B
  _2627_/X
  _2629_/A3
  | loop cut point
  _2629_/X
  --------------------------------
  _2751_/X
  _2765_/B1
  _2765_/X
  _2768_/A2
  _2768_/X
  fanout141/A
  fanout141/X
  _1722_/A
  _1722_/Y
  _1867_/A1
  _1867_/X
  _1869_/B2
  _1869_/X
  _1874_/A1
  _1874_/X
  _2428_/A
  _2428_/X
  _2648_/A2
  _2648_/X
  _2654_/A2
  _2654_/Y
  _2674_/A2
  _2674_/X
  _2678_/A2
  _2678_/Y
  _2751_/A1
  | loop cut point
  _2751_/X
  --------------------------------
  _2765_/X
  _2768_/A2
  _2768_/X
  fanout141/A
  fanout141/X
  _1722_/A
  _1722_/Y
  _1867_/A1
  _1867_/X
  _1869_/B2
  _1869_/X
  _1874_/A1
  _1874_/X
  _2428_/A
  _2428_/X
  _2648_/A2
  _2648_/X
  _2654_/A2
  _2654_/Y
  _2674_/A2
  _2674_/X
  _2678_/A2
  _2678_/Y
  _2753_/B1
  _2753_/X
  _2756_/A2
  _2756_/X
  _2765_/B2
  | loop cut point
  _2765_/X
  --------------------------------
  _2765_/X
  _2768_/A2
  _2768_/X
  fanout141/A
  fanout141/X
  _1722_/A
  _1722_/Y
  _1867_/A1
  _1867_/X
  _1869_/B2
  _1869_/X
  _1874_/A1
  _1874_/X
  _2428_/A
  _2428_/X
  _2648_/A2
  _2648_/X
  _2654_/A2
  _2654_/Y
  _2674_/A2
  _2674_/X
  _2678_/A2
  _2678_/Y
  _2760_/A1
  _2760_/X
  _2765_/A2
  | loop cut point
  _2765_/X
  --------------------------------
  _2765_/X
  _2768_/A2
  _2768_/X
  fanout141/A
  fanout141/X
  _1722_/A
  _1722_/Y
  _1867_/A1
  _1867_/X
  _1869_/B2
  _1869_/X
  _1874_/A1
  _1874_/X
  _2428_/A
  _2428_/X
  _2648_/A2
  _2648_/X
  _2654_/A2
  _2654_/Y
  _2674_/A2
  _2674_/X
  _2678_/A2
  _2678_/Y
  _2763_/B1
  _2763_/Y
  _2764_/B2
  _2764_/X
  _2765_/A3
  | loop cut point
  _2765_/X
  --------------------------------
  _2751_/X
  _2765_/B1
  _2765_/X
  _2768_/A2
  _2768_/X
  fanout141/A
  fanout141/X
  _1722_/A
  _1722_/Y
  _1867_/A1
  _1867_/X
  _1869_/B2
  _1869_/X
  _1874_/A1
  _1874_/X
  _2428_/A
  _2428_/X
  _2648_/A2
  _2648_/X
  _2654_/A2
  _2654_/Y
  _2674_/A2
  _2674_/X
  _2679_/A2
  _2679_/X
  _2750_/B1
  _2750_/X
  _2751_/B1
  | loop cut point
  _2751_/X
  --------------------------------
  _2751_/X
  _2765_/B1
  _2765_/X
  _2768_/A2
  _2768_/X
  fanout141/A
  fanout141/X
  _1722_/A
  _1722_/Y
  _1867_/A1
  _1867_/X
  _1869_/B2
  _1869_/X
  _1874_/A1
  _1874_/X
  _2428_/A
  _2428_/X
  _2681_/B
  _2681_/X
  _2687_/A3
  _2687_/X
  _2696_/B
  _2696_/X
  _2710_/B
  _2710_/Y
  _2714_/B1
  _2714_/X
  _2751_/C1
  | loop cut point
  _2751_/X
  --------------------------------
  _2765_/X
  _2768_/A2
  _2768_/X
  fanout141/A
  fanout141/X
  _1722_/A
  _1722_/Y
  _1867_/A1
  _1867_/X
  _1869_/B2
  _1869_/X
  _1874_/A1
  _1874_/X
  _2428_/A
  _2428_/X
  _2738_/B
  _2738_/X
  _2740_/A3
  _2740_/X
  _2741_/C
  _2741_/X
  _2746_/A3
  _2746_/X
  _2765_/A1
  | loop cut point
  _2765_/X
  --------------------------------
  _2629_/X
  _2638_/B
  _2638_/X
  _2646_/A1
  _2646_/Y
  _2748_/S
  _2748_/X
  _2751_/A2
  _2751_/X
  _2765_/B1
  _2765_/X
  _2768_/A2
  _2768_/X
  fanout141/A
  fanout141/X
  _1722_/A
  _1722_/Y
  _1881_/A1
  _1881_/X
  _1883_/B2
  _1883_/Y
  _1894_/A2
  _1894_/X
  _2435_/A
  _2435_/Y
  _2628_/B2
  _2628_/X
  _2629_/B1
  | loop cut point
  _2629_/X
  --------------------------------
  _1748_/Y
  _2400_/B1
  _2400_/Y
  _2401_/B
  _2401_/X
  _2417_/A2
  _2417_/X
  _2438_/B
  _2438_/X
  _2483_/A1
  _2483_/Y
  _2522_/S
  _2522_/X
  _2560_/A2
  _2560_/X
  _2606_/B2
  _2606_/X
  _2609_/A2
  _2609_/X
  fanout144/A
  fanout144/X
  _1782_/A
  _1782_/X
  _1783_/C1
  _1783_/X
  _1798_/A2
  _1798_/X
  _1801_/A
  _1801_/X
  _2263_/A1
  _2263_/Y
  _2264_/B1
  _2264_/X
  _2265_/D
  _2265_/X
  _2273_/A1
  _2273_/Y
  _2309_/A2
  _2309_/X
  _2345_/C1
  _2345_/X
  _2394_/B2
  _2394_/X
  _2397_/A2
  _2397_/X
  _1852_/B
  _1852_/X
  _1854_/A3
  _1854_/Y
  _1855_/B1
  _1855_/X
  _2424_/A
  _2424_/Y
  _2626_/B
  _2626_/Y
  _2629_/A2
  _2629_/X
  _2638_/B
  _2638_/X
  _2646_/A1
  _2646_/Y
  _2748_/S
  _2748_/X
  _2751_/A2
  _2751_/X
  _2765_/B1
  _2765_/X
  _2768_/A2
  _2768_/X
  fanout141/A
  fanout141/X
  _1722_/A
  _1722_/Y
  fanout138/A
  fanout138/X
  _1730_/A1
  _1730_/X
  _1734_/B2
  _1734_/X
  _1748_/A1
  | loop cut point
  _1748_/Y
  --------------------------------
  _2264_/X
  _2265_/D
  _2265_/X
  _2273_/A1
  _2273_/Y
  _2309_/A2
  _2309_/X
  _2345_/C1
  _2345_/X
  _2394_/B2
  _2394_/X
  _2397_/A2
  _2397_/X
  _1852_/B
  _1852_/X
  _1854_/A3
  _1854_/Y
  _1855_/B1
  _1855_/X
  _2424_/A
  _2424_/Y
  _2626_/B
  _2626_/Y
  _2629_/A2
  _2629_/X
  _2638_/B
  _2638_/X
  _2646_/A1
  _2646_/Y
  _2748_/S
  _2748_/X
  _2751_/A2
  _2751_/X
  _2765_/B1
  _2765_/X
  _2768_/A2
  _2768_/X
  fanout141/A
  fanout141/X
  _1722_/A
  _1722_/Y
  fanout138/A
  fanout138/X
  _1765_/A1
  _1765_/X
  _1767_/B2
  _1767_/X
  _1772_/A2
  _1772_/X
  _1775_/A
  _1775_/Y
  _2262_/B
  _2262_/Y
  _2264_/A3
  | loop cut point
  _2264_/X
  --------------------------------
  _2102_/X
  _2107_/A
  _2107_/Y
  _2146_/S
  _2146_/X
  _2182_/A2
  _2182_/X
  _2233_/B2
  _2233_/X
  _2237_/A2
  _2237_/X
  fanout151/A
  fanout151/X
  _1720_/A
  _1720_/Y
  _1746_/A
  _1746_/X
  _1747_/B1
  _1747_/X
  _1748_/B1
  _1748_/Y
  _2400_/B1
  _2400_/Y
  _2401_/B
  _2401_/X
  _2417_/A2
  _2417_/X
  _2438_/B
  _2438_/X
  _2483_/A1
  _2483_/Y
  _2522_/S
  _2522_/X
  _2560_/A2
  _2560_/X
  _2606_/B2
  _2606_/X
  _2609_/A2
  _2609_/X
  fanout144/A
  fanout144/X
  _1782_/A
  _1782_/X
  _1783_/C1
  _1783_/X
  _1798_/A2
  _1798_/X
  _1801_/A
  _1801_/X
  _2263_/A1
  _2263_/Y
  _2264_/B1
  _2264_/X
  _2265_/D
  _2265_/X
  _2273_/A1
  _2273_/Y
  _2309_/A2
  _2309_/X
  _2345_/C1
  _2345_/X
  _2394_/B2
  _2394_/X
  _2397_/A2
  _2397_/X
  _1852_/B
  _1852_/X
  _1854_/A3
  _1854_/Y
  _1855_/B1
  _1855_/X
  _2424_/A
  _2424_/Y
  _2626_/B
  _2626_/Y
  _2629_/A2
  _2629_/X
  _2638_/B
  _2638_/X
  _2646_/A1
  _2646_/Y
  _2748_/S
  _2748_/X
  _2751_/A2
  _2751_/X
  _2765_/B1
  _2765_/X
  _2768_/A2
  _2768_/X
  fanout141/A
  fanout141/X
  _1722_/A
  _1722_/Y
  fanout138/A
  fanout138/X
  _1765_/A1
  _1765_/X
  _1767_/B2
  _1767_/X
  _1772_/A2
  _1772_/X
  _1776_/A2
  _1776_/X
  _1831_/A2
  _1831_/X
  _1834_/A1
  _1834_/X
  _2102_/A1
  | loop cut point
  _2102_/X
  --------------------------------
  _2417_/X
  _2438_/B
  _2438_/X
  _2483_/A1
  _2483_/Y
  _2522_/S
  _2522_/X
  _2560_/A2
  _2560_/X
  _2606_/B2
  _2606_/X
  _2609_/A2
  _2609_/X
  fanout144/A
  fanout144/X
  _1782_/A
  _1782_/X
  _1783_/C1
  _1783_/X
  _1798_/A2
  _1798_/X
  _1801_/A
  _1801_/X
  _2263_/A1
  _2263_/Y
  _2264_/B1
  _2264_/X
  _2265_/D
  _2265_/X
  _2273_/A1
  _2273_/Y
  _2309_/A2
  _2309_/X
  _2345_/C1
  _2345_/X
  _2394_/B2
  _2394_/X
  _2397_/A2
  _2397_/X
  _1852_/B
  _1852_/X
  _1854_/A3
  _1854_/Y
  _1855_/B1
  _1855_/X
  _2424_/A
  _2424_/Y
  _2626_/B
  _2626_/Y
  _2629_/A2
  _2629_/X
  _2638_/B
  _2638_/X
  _2646_/A1
  _2646_/Y
  _2748_/S
  _2748_/X
  _2751_/A2
  _2751_/X
  _2765_/B1
  _2765_/X
  _2768_/A2
  _2768_/X
  fanout141/A
  fanout141/X
  _1722_/A
  _1722_/Y
  fanout138/A
  fanout138/X
  _1765_/A1
  _1765_/X
  _1767_/B2
  _1767_/X
  _1772_/A2
  _1772_/X
  _2404_/A
  _2404_/Y
  _2405_/B
  _2405_/Y
  _2417_/A3
  | loop cut point
  _2417_/X
  --------------------------------
  _2638_/X
  _2646_/A1
  _2646_/Y
  _2748_/S
  _2748_/X
  _2751_/A2
  _2751_/X
  _2765_/B1
  _2765_/X
  _2768_/A2
  _2768_/X
  fanout141/A
  fanout141/X
  _1722_/A
  _1722_/Y
  fanout138/A
  fanout138/X
  _1765_/A1
  _1765_/X
  _1767_/B2
  _1767_/X
  _1772_/A2
  _1772_/X
  _2404_/A
  _2404_/Y
  _2635_/B
  _2635_/Y
  _2637_/A3
  _2637_/X
  _2638_/D
  | loop cut point
  _2638_/X
  --------------------------------
  _1783_/X
  _1798_/A2
  _1798_/X
  _1801_/A
  _1801_/X
  _2263_/A1
  _2263_/Y
  _2264_/B1
  _2264_/X
  _2265_/D
  _2265_/X
  _2273_/A1
  _2273_/Y
  _2309_/A2
  _2309_/X
  _2345_/C1
  _2345_/X
  _2394_/B2
  _2394_/X
  _2397_/A2
  _2397_/X
  _1852_/B
  _1852_/X
  _1854_/A3
  _1854_/Y
  _1855_/B1
  _1855_/X
  _2424_/A
  _2424_/Y
  _2626_/B
  _2626_/Y
  _2629_/A2
  _2629_/X
  _2638_/B
  _2638_/X
  _2646_/A1
  _2646_/Y
  _2748_/S
  _2748_/X
  _2751_/A2
  _2751_/X
  _2765_/B1
  _2765_/X
  _2768_/A2
  _2768_/X
  fanout141/A
  fanout141/X
  _1722_/A
  _1722_/Y
  fanout138/A
  fanout138/X
  _1781_/A1
  _1781_/Y
  _1783_/B2
  | loop cut point
  _1783_/X
  --------------------------------
  _2263_/Y
  _2264_/B1
  _2264_/X
  _2265_/D
  _2265_/X
  _2273_/A1
  _2273_/Y
  _2309_/A2
  _2309_/X
  _2345_/C1
  _2345_/X
  _2394_/B2
  _2394_/X
  _2397_/A2
  _2397_/X
  _1852_/B
  _1852_/X
  _1854_/A3
  _1854_/Y
  _1855_/B1
  _1855_/X
  _2424_/A
  _2424_/Y
  _2626_/B
  _2626_/Y
  _2629_/A2
  _2629_/X
  _2638_/B
  _2638_/X
  _2646_/A1
  _2646_/Y
  _2748_/S
  _2748_/X
  _2751_/A2
  _2751_/X
  _2765_/B1
  _2765_/X
  _2768_/A2
  _2768_/X
  fanout141/A
  fanout141/X
  _1722_/A
  _1722_/Y
  fanout138/A
  fanout138/X
  _1808_/A1
  _1808_/Y
  _1810_/B2
  _1810_/X
  _1824_/A1
  _1824_/X
  _1827_/A
  _1827_/X
  _2263_/B2
  | loop cut point
  _2263_/Y
  --------------------------------
  _2417_/X
  _2438_/B
  _2438_/X
  _2483_/A1
  _2483_/Y
  _2522_/S
  _2522_/X
  _2560_/A2
  _2560_/X
  _2606_/B2
  _2606_/X
  _2609_/A2
  _2609_/X
  fanout144/A
  fanout144/X
  _1782_/A
  _1782_/X
  _1783_/C1
  _1783_/X
  _1798_/A2
  _1798_/X
  _1801_/A
  _1801_/X
  _2263_/A1
  _2263_/Y
  _2264_/B1
  _2264_/X
  _2265_/D
  _2265_/X
  _2273_/A1
  _2273_/Y
  _2309_/A2
  _2309_/X
  _2345_/C1
  _2345_/X
  _2394_/B2
  _2394_/X
  _2397_/A2
  _2397_/X
  _1852_/B
  _1852_/X
  _1854_/A3
  _1854_/Y
  _1855_/B1
  _1855_/X
  _2424_/A
  _2424_/Y
  _2626_/B
  _2626_/Y
  _2629_/A2
  _2629_/X
  _2638_/B
  _2638_/X
  _2646_/A1
  _2646_/Y
  _2748_/S
  _2748_/X
  _2751_/A2
  _2751_/X
  _2765_/B1
  _2765_/X
  _2768_/A2
  _2768_/X
  fanout141/A
  fanout141/X
  _1722_/A
  _1722_/Y
  fanout138/A
  fanout138/X
  _1808_/A1
  _1808_/Y
  _1810_/B2
  _1810_/X
  _1824_/A1
  _1824_/X
  _2413_/B
  _2413_/X
  _2416_/B1
  _2416_/Y
  _2417_/B1
  | loop cut point
  _2417_/X
  --------------------------------
  _2102_/X
  _2107_/A
  _2107_/Y
  _2146_/S
  _2146_/X
  _2182_/A2
  _2182_/X
  _2233_/B2
  _2233_/X
  _2237_/A2
  _2237_/X
  fanout151/A
  fanout151/X
  _1720_/A
  _1720_/Y
  _1746_/A
  _1746_/X
  _1747_/B1
  _1747_/X
  _1748_/B1
  _1748_/Y
  _2400_/B1
  _2400_/Y
  _2401_/B
  _2401_/X
  _2417_/A2
  _2417_/X
  _2438_/B
  _2438_/X
  _2483_/A1
  _2483_/Y
  _2522_/S
  _2522_/X
  _2560_/A2
  _2560_/X
  _2606_/B2
  _2606_/X
  _2609_/A2
  _2609_/X
  fanout144/A
  fanout144/X
  _1782_/A
  _1782_/X
  _1783_/C1
  _1783_/X
  _1798_/A2
  _1798_/X
  _1801_/A
  _1801_/X
  _2263_/A1
  _2263_/Y
  _2264_/B1
  _2264_/X
  _2265_/D
  _2265_/X
  _2273_/A1
  _2273_/Y
  _2309_/A2
  _2309_/X
  _2345_/C1
  _2345_/X
  _2394_/B2
  _2394_/X
  _2397_/A2
  _2397_/X
  _1852_/B
  _1852_/X
  _1854_/A3
  _1854_/Y
  _1855_/B1
  _1855_/X
  _2424_/A
  _2424_/Y
  _2626_/B
  _2626_/Y
  _2629_/A2
  _2629_/X
  _2638_/B
  _2638_/X
  _2646_/A1
  _2646_/Y
  _2748_/S
  _2748_/X
  _2751_/A2
  _2751_/X
  _2765_/B1
  _2765_/X
  _2768_/A2
  _2768_/X
  fanout141/A
  fanout141/X
  _1722_/A
  _1722_/Y
  fanout138/A
  fanout138/X
  _1994_/A1
  _1994_/X
  _1996_/B2
  _1996_/Y
  _2007_/A2
  _2007_/X
  _2011_/B1
  _2011_/X
  _2012_/A1_N
  _2012_/X
  _2013_/B1
  _2013_/X
  _2102_/B1
  | loop cut point
  _2102_/X
  --------------------------------
  _2273_/Y
  _2309_/A2
  _2309_/X
  _2345_/C1
  _2345_/X
  _2394_/B2
  _2394_/X
  _2397_/A2
  _2397_/X
  _1852_/B
  _1852_/X
  _1854_/A3
  _1854_/Y
  _1855_/B1
  _1855_/X
  _2424_/A
  _2424_/Y
  _2626_/B
  _2626_/Y
  _2629_/A2
  _2629_/X
  _2638_/B
  _2638_/X
  _2646_/A1
  _2646_/Y
  _2748_/S
  _2748_/X
  _2751_/A2
  _2751_/X
  _2765_/B1
  _2765_/X
  _2768_/A2
  _2768_/X
  fanout141/A
  fanout141/X
  _1722_/A
  _1722_/Y
  fanout138/A
  fanout138/X
  _1994_/A1
  _1994_/X
  _1996_/B2
  _1996_/Y
  _2007_/A2
  _2007_/X
  _2011_/B1
  _2011_/X
  _2243_/A2_N
  _2243_/X
  _2244_/B1
  _2244_/X
  _2266_/A1
  _2266_/X
  _2273_/A2
  | loop cut point
  _2273_/Y
  --------------------------------
  _2309_/X
  _2345_/C1
  _2345_/X
  _2394_/B2
  _2394_/X
  _2397_/A2
  _2397_/X
  _1852_/B
  _1852_/X
  _1854_/A3
  _1854_/Y
  _1855_/B1
  _1855_/X
  _2424_/A
  _2424_/Y
  _2626_/B
  _2626_/Y
  _2629_/A2
  _2629_/X
  _2638_/B
  _2638_/X
  _2646_/A1
  _2646_/Y
  _2748_/S
  _2748_/X
  _2751_/A2
  _2751_/X
  _2765_/B1
  _2765_/X
  _2768_/A2
  _2768_/X
  fanout141/A
  fanout141/X
  _1722_/A
  _1722_/Y
  fanout138/A
  fanout138/X
  _1994_/A1
  _1994_/X
  _1996_/B2
  _1996_/Y
  _2007_/A2
  _2007_/X
  _2011_/B1
  _2011_/X
  _2243_/A2_N
  _2243_/X
  _2244_/B1
  _2244_/X
  _2266_/A1
  _2266_/X
  _2308_/A2
  _2308_/X
  _2309_/C1
  | loop cut point
  _2309_/X
  --------------------------------
  _2483_/Y
  _2522_/S
  _2522_/X
  _2560_/A2
  _2560_/X
  _2606_/B2
  _2606_/X
  _2609_/A2
  _2609_/X
  fanout144/A
  fanout144/X
  _1782_/A
  _1782_/X
  _1783_/C1
  _1783_/X
  _1798_/A2
  _1798_/X
  _1801_/A
  _1801_/X
  _2263_/A1
  _2263_/Y
  _2264_/B1
  _2264_/X
  _2265_/D
  _2265_/X
  _2273_/A1
  _2273_/Y
  _2309_/A2
  _2309_/X
  _2345_/C1
  _2345_/X
  _2394_/B2
  _2394_/X
  _2397_/A2
  _2397_/X
  _1852_/B
  _1852_/X
  _1854_/A3
  _1854_/Y
  _1855_/B1
  _1855_/X
  _2424_/A
  _2424_/Y
  _2626_/B
  _2626_/Y
  _2629_/A2
  _2629_/X
  _2638_/B
  _2638_/X
  _2646_/A1
  _2646_/Y
  _2748_/S
  _2748_/X
  _2751_/A2
  _2751_/X
  _2765_/B1
  _2765_/X
  _2768_/A2
  _2768_/X
  fanout141/A
  fanout141/X
  _1722_/A
  _1722_/Y
  fanout138/A
  fanout138/X
  _1994_/A1
  _1994_/X
  _1996_/B2
  _1996_/Y
  _2007_/A2
  _2007_/X
  _2453_/A
  _2453_/Y
  _2454_/B1
  _2454_/X
  _2455_/B1
  _2455_/X
  _2476_/A1
  _2476_/X
  _2483_/A2
  | loop cut point
  _2483_/Y
  --------------------------------
  _2646_/Y
  _2748_/S
  _2748_/X
  _2751_/A2
  _2751_/X
  _2765_/B1
  _2765_/X
  _2768_/A2
  _2768_/X
  fanout141/A
  fanout141/X
  _1722_/A
  _1722_/Y
  fanout138/A
  fanout138/X
  _1994_/A1
  _1994_/X
  _1996_/B2
  _1996_/Y
  _2007_/A2
  _2007_/X
  _2453_/A
  _2453_/Y
  _2616_/B2
  _2616_/X
  _2617_/B1
  _2617_/X
  _2639_/A1
  _2639_/X
  _2646_/A2
  | loop cut point
  _2646_/Y
  --------------------------------
  _2101_/Y
  _2102_/B2
  _2102_/X
  _2107_/A
  _2107_/Y
  _2146_/S
  _2146_/X
  _2182_/A2
  _2182_/X
  _2233_/B2
  _2233_/X
  _2237_/A2
  _2237_/X
  fanout151/A
  fanout151/X
  _1720_/A
  _1720_/Y
  _1746_/A
  _1746_/X
  _1747_/B1
  _1747_/X
  _1748_/B1
  _1748_/Y
  _2400_/B1
  _2400_/Y
  _2401_/B
  _2401_/X
  _2417_/A2
  _2417_/X
  _2438_/B
  _2438_/X
  _2483_/A1
  _2483_/Y
  _2522_/S
  _2522_/X
  _2560_/A2
  _2560_/X
  _2606_/B2
  _2606_/X
  _2609_/A2
  _2609_/X
  fanout144/A
  fanout144/X
  _1782_/A
  _1782_/X
  _1783_/C1
  _1783_/X
  _1798_/A2
  _1798_/X
  _1801_/A
  _1801_/X
  _2263_/A1
  _2263_/Y
  _2264_/B1
  _2264_/X
  _2265_/D
  _2265_/X
  _2273_/A1
  _2273_/Y
  _2309_/A2
  _2309_/X
  _2345_/C1
  _2345_/X
  _2394_/B2
  _2394_/X
  _2397_/A2
  _2397_/X
  _1852_/B
  _1852_/X
  _1854_/A3
  _1854_/Y
  _1855_/B1
  _1855_/X
  _2424_/A
  _2424_/Y
  _2626_/B
  _2626_/Y
  _2629_/A2
  _2629_/X
  _2638_/B
  _2638_/X
  _2646_/A1
  _2646_/Y
  _2748_/S
  _2748_/X
  _2751_/A2
  _2751_/X
  _2765_/B1
  _2765_/X
  _2768_/A2
  _2768_/X
  fanout141/A
  fanout141/X
  _1722_/A
  _1722_/Y
  fanout138/A
  fanout138/X
  _2021_/A1
  _2021_/X
  _2025_/A2
  _2025_/Y
  _2038_/A1
  _2038_/X
  _2062_/A2
  _2062_/X
  _2063_/B1
  _2063_/X
  _2101_/B1
  | loop cut point
  _2101_/Y
  --------------------------------
  _2100_/X
  _2101_/B2
  _2101_/Y
  _2102_/B2
  _2102_/X
  _2107_/A
  _2107_/Y
  _2146_/S
  _2146_/X
  _2182_/A2
  _2182_/X
  _2233_/B2
  _2233_/X
  _2237_/A2
  _2237_/X
  fanout151/A
  fanout151/X
  _1720_/A
  _1720_/Y
  _1746_/A
  _1746_/X
  _1747_/B1
  _1747_/X
  _1748_/B1
  _1748_/Y
  _2400_/B1
  _2400_/Y
  _2401_/B
  _2401_/X
  _2417_/A2
  _2417_/X
  _2438_/B
  _2438_/X
  _2483_/A1
  _2483_/Y
  _2522_/S
  _2522_/X
  _2560_/A2
  _2560_/X
  _2606_/B2
  _2606_/X
  _2609_/A2
  _2609_/X
  fanout144/A
  fanout144/X
  _1782_/A
  _1782_/X
  _1783_/C1
  _1783_/X
  _1798_/A2
  _1798_/X
  _1801_/A
  _1801_/X
  _2263_/A1
  _2263_/Y
  _2264_/B1
  _2264_/X
  _2265_/D
  _2265_/X
  _2273_/A1
  _2273_/Y
  _2309_/A2
  _2309_/X
  _2345_/C1
  _2345_/X
  _2394_/B2
  _2394_/X
  _2397_/A2
  _2397_/X
  _1852_/B
  _1852_/X
  _1854_/A3
  _1854_/Y
  _1855_/B1
  _1855_/X
  _2424_/A
  _2424_/Y
  _2626_/B
  _2626_/Y
  _2629_/A2
  _2629_/X
  _2638_/B
  _2638_/X
  _2646_/A1
  _2646_/Y
  _2748_/S
  _2748_/X
  _2751_/A2
  _2751_/X
  _2765_/B1
  _2765_/X
  _2768_/A2
  _2768_/X
  fanout141/A
  fanout141/X
  _1722_/A
  _1722_/Y
  fanout138/A
  fanout138/X
  _2065_/A1
  _2065_/X
  _2067_/B2
  _2067_/Y
  _2078_/A2
  _2078_/X
  _2081_/A
  _2081_/X
  _2100_/A2
  | loop cut point
  _2100_/X
  --------------------------------
  _2085_/Y
  _2096_/A2
  _2096_/X
  _2099_/A
  _2099_/X
  _2100_/B1
  _2100_/X
  _2101_/B2
  _2101_/Y
  _2102_/B2
  _2102_/X
  _2107_/A
  _2107_/Y
  _2146_/S
  _2146_/X
  _2182_/A2
  _2182_/X
  _2233_/B2
  _2233_/X
  _2237_/A2
  _2237_/X
  fanout151/A
  fanout151/X
  _1720_/A
  _1720_/Y
  _1746_/A
  _1746_/X
  _1747_/B1
  _1747_/X
  _1748_/B1
  _1748_/Y
  _2400_/B1
  _2400_/Y
  _2401_/B
  _2401_/X
  _2417_/A2
  _2417_/X
  _2438_/B
  _2438_/X
  _2483_/A1
  _2483_/Y
  _2522_/S
  _2522_/X
  _2560_/A2
  _2560_/X
  _2606_/B2
  _2606_/X
  _2609_/A2
  _2609_/X
  fanout144/A
  fanout144/X
  _1782_/A
  _1782_/X
  _1783_/C1
  _1783_/X
  _1798_/A2
  _1798_/X
  _1801_/A
  _1801_/X
  _2263_/A1
  _2263_/Y
  _2264_/B1
  _2264_/X
  _2265_/D
  _2265_/X
  _2273_/A1
  _2273_/Y
  _2309_/A2
  _2309_/X
  _2345_/C1
  _2345_/X
  _2394_/B2
  _2394_/X
  _2397_/A2
  _2397_/X
  _1852_/B
  _1852_/X
  _1854_/A3
  _1854_/Y
  _1855_/B1
  _1855_/X
  _2424_/A
  _2424_/Y
  _2626_/B
  _2626_/Y
  _2629_/A2
  _2629_/X
  _2638_/B
  _2638_/X
  _2646_/A1
  _2646_/Y
  _2748_/S
  _2748_/X
  _2751_/A2
  _2751_/X
  _2765_/B1
  _2765_/X
  _2768_/A2
  _2768_/X
  fanout141/A
  fanout141/X
  _1722_/A
  _1722_/Y
  fanout138/A
  fanout138/X
  _2083_/A1
  _2083_/X
  _2085_/B2
  | loop cut point
  _2085_/Y
  --------------------------------
  _2107_/Y
  _2146_/S
  _2146_/X
  _2182_/A2
  _2182_/X
  _2233_/B2
  _2233_/X
  _2237_/A2
  _2237_/X
  fanout151/A
  fanout151/X
  _1720_/A
  _1720_/Y
  _1746_/A
  _1746_/X
  _1747_/B1
  _1747_/X
  _1748_/B1
  _1748_/Y
  _2400_/B1
  _2400_/Y
  _2401_/B
  _2401_/X
  _2417_/A2
  _2417_/X
  _2438_/B
  _2438_/X
  _2483_/A1
  _2483_/Y
  _2522_/S
  _2522_/X
  _2560_/A2
  _2560_/X
  _2606_/B2
  _2606_/X
  _2609_/A2
  _2609_/X
  fanout144/A
  fanout144/X
  _1782_/A
  _1782_/X
  _1783_/C1
  _1783_/X
  _1798_/A2
  _1798_/X
  _1801_/A
  _1801_/X
  _2263_/A1
  _2263_/Y
  _2264_/B1
  _2264_/X
  _2265_/D
  _2265_/X
  _2273_/A1
  _2273_/Y
  _2309_/A2
  _2309_/X
  _2345_/C1
  _2345_/X
  _2394_/B2
  _2394_/X
  _2397_/A2
  _2397_/X
  _1852_/B
  _1852_/X
  _1854_/A3
  _1854_/Y
  _1855_/B1
  _1855_/X
  _2424_/A
  _2424_/Y
  _2626_/B
  _2626_/Y
  _2629_/A2
  _2629_/X
  _2638_/B
  _2638_/X
  _2646_/A1
  _2646_/Y
  _2748_/S
  _2748_/X
  _2751_/A2
  _2751_/X
  _2765_/B1
  _2765_/X
  _2768_/A2
  _2768_/X
  fanout141/A
  fanout141/X
  fanout139/A
  fanout139/X
  _2104_/A3
  _2104_/X
  _2105_/A
  _2105_/Y
  _2106_/B1
  _2106_/X
  _2107_/B
  | loop cut point
  _2107_/Y
  --------------------------------
  _2273_/Y
  _2309_/A2
  _2309_/X
  _2345_/C1
  _2345_/X
  _2394_/B2
  _2394_/X
  _2397_/A2
  _2397_/X
  _1852_/B
  _1852_/X
  _1854_/A3
  _1854_/Y
  _1855_/B1
  _1855_/X
  _2424_/A
  _2424_/Y
  _2626_/B
  _2626_/Y
  _2629_/A2
  _2629_/X
  _2638_/B
  _2638_/X
  _2646_/A1
  _2646_/Y
  _2748_/S
  _2748_/X
  _2751_/A2
  _2751_/X
  _2765_/B1
  _2765_/X
  _2768_/A2
  _2768_/X
  fanout141/A
  fanout141/X
  fanout139/A
  fanout139/X
  _2270_/B
  _2270_/Y
  _2271_/B1
  _2271_/X
  _2272_/A3
  _2272_/X
  _2273_/B1
  | loop cut point
  _2273_/Y
  --------------------------------
  _2483_/Y
  _2522_/S
  _2522_/X
  _2560_/A2
  _2560_/X
  _2606_/B2
  _2606_/X
  _2609_/A2
  _2609_/X
  fanout144/A
  fanout144/X
  _1782_/A
  _1782_/X
  _1783_/C1
  _1783_/X
  _1798_/A2
  _1798_/X
  _1801_/A
  _1801_/X
  _2263_/A1
  _2263_/Y
  _2264_/B1
  _2264_/X
  _2265_/D
  _2265_/X
  _2273_/A1
  _2273_/Y
  _2309_/A2
  _2309_/X
  _2345_/C1
  _2345_/X
  _2394_/B2
  _2394_/X
  _2397_/A2
  _2397_/X
  _1852_/B
  _1852_/X
  _1854_/A3
  _1854_/Y
  _1855_/B1
  _1855_/X
  _2424_/A
  _2424_/Y
  _2626_/B
  _2626_/Y
  _2629_/A2
  _2629_/X
  _2638_/B
  _2638_/X
  _2646_/A1
  _2646_/Y
  _2748_/S
  _2748_/X
  _2751_/A2
  _2751_/X
  _2765_/B1
  _2765_/X
  _2768_/A2
  _2768_/X
  fanout141/A
  fanout141/X
  fanout139/A
  fanout139/X
  _2480_/B
  _2480_/Y
  _2481_/B1
  _2481_/X
  _2482_/A3
  _2482_/X
  _2483_/B1
  | loop cut point
  _2483_/Y
  --------------------------------
  _2646_/Y
  _2748_/S
  _2748_/X
  _2751_/A2
  _2751_/X
  _2765_/B1
  _2765_/X
  _2768_/A2
  _2768_/X
  fanout141/A
  fanout141/X
  fanout139/A
  fanout139/X
  _2643_/B
  _2643_/Y
  _2644_/B1
  _2644_/X
  _2645_/A3
  _2645_/X
  _2646_/B1
  | loop cut point
  _2646_/Y
  --------------------------------
  _1747_/X
  _1748_/B1
  _1748_/Y
  _2400_/B1
  _2400_/Y
  _2401_/B
  _2401_/X
  _2417_/A2
  _2417_/X
  _2438_/B
  _2438_/X
  _2483_/A1
  _2483_/Y
  _2522_/S
  _2522_/X
  _2560_/A2
  _2560_/X
  _2606_/B2
  _2606_/X
  _2609_/A2
  _2609_/X
  fanout144/A
  fanout144/X
  _1782_/A
  _1782_/X
  _1783_/C1
  _1783_/X
  _1798_/A2
  _1798_/X
  _1801_/A
  _1801_/X
  _2263_/A1
  _2263_/Y
  _2264_/B1
  _2264_/X
  _2265_/D
  _2265_/X
  _2273_/A1
  _2273_/Y
  _2309_/A2
  _2309_/X
  _2345_/C1
  _2345_/X
  _2394_/B2
  _2394_/X
  _2397_/A2
  _2397_/X
  fanout148/A
  fanout148/X
  fanout147/A
  fanout147/X
  _1745_/A
  _1745_/Y
  _1747_/A3
  | loop cut point
  _1747_/X
  --------------------------------
  _1798_/X
  _1801_/A
  _1801_/X
  _2263_/A1
  _2263_/Y
  _2264_/B1
  _2264_/X
  _2265_/D
  _2265_/X
  _2273_/A1
  _2273_/Y
  _2309_/A2
  _2309_/X
  _2345_/C1
  _2345_/X
  _2394_/B2
  _2394_/X
  _2397_/A2
  _2397_/X
  fanout148/A
  fanout148/X
  fanout147/A
  fanout147/X
  fanout146/A
  fanout146/X
  _1794_/A1
  _1794_/X
  _1797_/A1
  _1797_/X
  _1798_/B1
  | loop cut point
  _1798_/X
  --------------------------------
  _2096_/X
  _2099_/A
  _2099_/X
  _2100_/B1
  _2100_/X
  _2101_/B2
  _2101_/Y
  _2102_/B2
  _2102_/X
  _2107_/A
  _2107_/Y
  _2146_/S
  _2146_/X
  _2182_/A2
  _2182_/X
  _2233_/B2
  _2233_/X
  _2237_/A2
  _2237_/X
  fanout151/A
  fanout151/X
  _1720_/A
  _1720_/Y
  _1746_/A
  _1746_/X
  _1747_/B1
  _1747_/X
  _1748_/B1
  _1748_/Y
  _2400_/B1
  _2400_/Y
  _2401_/B
  _2401_/X
  _2417_/A2
  _2417_/X
  _2438_/B
  _2438_/X
  _2483_/A1
  _2483_/Y
  _2522_/S
  _2522_/X
  _2560_/A2
  _2560_/X
  _2606_/B2
  _2606_/X
  _2609_/A2
  _2609_/X
  fanout144/A
  fanout144/X
  _1782_/A
  _1782_/X
  _1783_/C1
  _1783_/X
  _1798_/A2
  _1798_/X
  _1801_/A
  _1801_/X
  _2263_/A1
  _2263_/Y
  _2264_/B1
  _2264_/X
  _2265_/D
  _2265_/X
  _2273_/A1
  _2273_/Y
  _2309_/A2
  _2309_/X
  _2345_/C1
  _2345_/X
  _2394_/B2
  _2394_/X
  _2397_/A2
  _2397_/X
  fanout148/A
  fanout148/X
  fanout147/A
  fanout147/X
  fanout146/A
  fanout146/X
  _2092_/A1
  _2092_/X
  _2095_/A1
  _2095_/X
  _2096_/B1
  | loop cut point
  _2096_/X
  --------------------------------
  _2085_/Y
  _2096_/A2
  _2096_/X
  _2099_/A
  _2099_/X
  _2100_/B1
  _2100_/X
  _2101_/B2
  _2101_/Y
  _2102_/B2
  _2102_/X
  _2107_/A
  _2107_/Y
  _2146_/S
  _2146_/X
  _2182_/A2
  _2182_/X
  _2233_/B2
  _2233_/X
  _2237_/A2
  _2237_/X
  fanout151/A
  fanout151/X
  _1720_/A
  _1720_/Y
  _1746_/A
  _1746_/X
  _1747_/B1
  _1747_/X
  _1748_/B1
  _1748_/Y
  _2400_/B1
  _2400_/Y
  _2401_/B
  _2401_/X
  _2417_/A2
  _2417_/X
  _2438_/B
  _2438_/X
  _2483_/A1
  _2483_/Y
  _2522_/S
  _2522_/X
  _2560_/A2
  _2560_/X
  _2606_/B2
  _2606_/X
  _2609_/A2
  _2609_/X
  fanout145/A
  fanout145/X
  _1721_/A
  _1721_/Y
  fanout143/A
  fanout143/X
  fanout142/A
  fanout142/X
  _2084_/A
  _2084_/X
  _2085_/C1
  | loop cut point
  _2085_/Y
  --------------------------------
