Clock: clk
Sources: clk 
Generated: no
Virtual: yes
Propagated: no
Period: 100.000000

===========================================================================
report_clock_properties
============================================================================
Clock                   Period          Waveform
----------------------------------------------------
clk                 100.000000    0.000000 50.000000

===========================================================================
report_clock_latency
============================================================================
Clock clk
rise -> rise
    min     max
0.000000 0.000000 source latency
0.370514         network latency _3423_/CLK
        20.341255 network latency _3398_/CLK
---------------
0.370514 20.341255 latency
        19.970739 skew

rise -> fall
    min     max
0.000000 0.000000 source latency
0.841087         network latency _3375_/CLK
        20.310635 network latency _3398_/CLK
---------------
0.841087 20.310635 latency
        19.469549 skew

fall -> fall
    min     max
0.000000 0.000000 source latency
0.309161         network latency _3423_/CLK
        0.463096 network latency _3340_/CLK
---------------
0.309161 0.463096 latency
        0.153936 skew



===========================================================================
report_clock_min_period
============================================================================
clk period_min = 1.77 fmax = 564.38
