
===========================================================================
report_checks -unconstrained
===========================================================================
======================= nom_tt_025C_1v80 Corner ===================================

Startpoint: nrst (input port clocked by clk)
Endpoint: _1615_ (recovery check against rising-edge clock clk)
Path Group: asynchronous
Path Type: max

Fanout         Cap        Slew       Delay        Time   Description
---------------------------------------------------------------------------------------------
                                  0.000000    0.000000   clock clk (rise edge)
                                  0.000000    0.000000   clock network delay (propagated)
                                  5.000000    5.000000 ^ input external delay
     2    0.003951    0.024728    0.014351    5.014351 ^ nrst (in)
                                                         nrst (net)
                      0.024728    0.000000    5.014351 ^ input5/A (sky130_fd_sc_hd__buf_1)
     7    0.027133    0.319278    0.264961    5.279312 ^ input5/X (sky130_fd_sc_hd__buf_1)
                                                         net5 (net)
                      0.319282    0.000963    5.280275 ^ fanout47/A (sky130_fd_sc_hd__buf_2)
    17    0.056267    0.274720    0.346589    5.626863 ^ fanout47/X (sky130_fd_sc_hd__buf_2)
                                                         net47 (net)
                      0.274723    0.001356    5.628220 ^ fanout46/A (sky130_fd_sc_hd__clkbuf_4)
    10    0.047821    0.151298    0.292369    5.920588 ^ fanout46/X (sky130_fd_sc_hd__clkbuf_4)
                                                         net46 (net)
                      0.151324    0.001990    5.922579 ^ _1615_/RESET_B (sky130_fd_sc_hd__dfrtp_4)
                                              5.922579   data arrival time

                                 25.000000   25.000000   clock clk (rise edge)
                                  0.000000   25.000000   clock source latency
     2    0.018783    0.090251    0.061881   25.061880 ^ clk (in)
                                                         clk (net)
                      0.090253    0.000000   25.061880 ^ clkbuf_0_clk/A (sky130_fd_sc_hd__clkbuf_16)
    17    0.100891    0.117434    0.199737   25.261618 ^ clkbuf_0_clk/X (sky130_fd_sc_hd__clkbuf_16)
                                                         clknet_0_clk (net)
                      0.117879    0.005894   25.267511 ^ clkbuf_3_6__f_clk/A (sky130_fd_sc_hd__clkbuf_16)
     6    0.033340    0.053927    0.163464   25.430975 ^ clkbuf_3_6__f_clk/X (sky130_fd_sc_hd__clkbuf_16)
                                                         clknet_3_6__leaf_clk (net)
                      0.053935    0.000902   25.431877 ^ _1615_/CLK (sky130_fd_sc_hd__dfrtp_4)
                                 -0.250000   25.181879   clock uncertainty
                                  0.000000   25.181879   clock reconvergence pessimism
                                  0.185584   25.367464   library recovery time
                                             25.367464   data required time
---------------------------------------------------------------------------------------------
                                             25.367464   data required time
                                             -5.922579   data arrival time
---------------------------------------------------------------------------------------------
                                             19.444885   slack (MET)


Startpoint: _1629_ (rising edge-triggered flip-flop clocked by clk)
Endpoint: _1622_ (rising edge-triggered flip-flop clocked by clk)
Path Group: clk
Path Type: max

Fanout         Cap        Slew       Delay        Time   Description
---------------------------------------------------------------------------------------------
                                  0.000000    0.000000   clock clk (rise edge)
                                  0.000000    0.000000   clock source latency
     2    0.018783    0.090251    0.061881    0.061881 ^ clk (in)
                                                         clk (net)
                      0.090253    0.000000    0.061881 ^ clkbuf_0_clk/A (sky130_fd_sc_hd__clkbuf_16)
    17    0.100891    0.117434    0.199738    0.261619 ^ clkbuf_0_clk/X (sky130_fd_sc_hd__clkbuf_16)
                                                         clknet_0_clk (net)
                      0.118236    0.007824    0.269443 ^ clkbuf_3_0__f_clk/A (sky130_fd_sc_hd__clkbuf_16)
    10    0.035899    0.056107    0.165443    0.434886 ^ clkbuf_3_0__f_clk/X (sky130_fd_sc_hd__clkbuf_16)
                                                         clknet_3_0__leaf_clk (net)
                      0.056171    0.001058    0.435944 ^ _1629_/CLK (sky130_fd_sc_hd__dfrtp_4)
     6    0.023752    0.084603    0.508703    0.944646 v _1629_/Q (sky130_fd_sc_hd__dfrtp_4)
                                                         STOPWATCH_INST.clock_div.cycles[22] (net)
                      0.084610    0.001268    0.945915 v _0922_/A (sky130_fd_sc_hd__or4bb_4)
     3    0.009468    0.093862    0.561445    1.507360 v _0922_/X (sky130_fd_sc_hd__or4bb_4)
                                                         _0166_ (net)
                      0.093862    0.000201    1.507561 v _0955_/B1_N (sky130_fd_sc_hd__o21bai_4)
     2    0.007951    0.052413    0.192234    1.699795 v _0955_/Y (sky130_fd_sc_hd__o21bai_4)
                                                         _0192_ (net)
                      0.052413    0.000209    1.700004 v _0957_/A2 (sky130_fd_sc_hd__a21o_4)
     7    0.037677    0.073885    0.259912    1.959916 v _0957_/X (sky130_fd_sc_hd__a21o_4)
                                                         _0194_ (net)
                      0.073907    0.001204    1.961120 v _0960_/A2 (sky130_fd_sc_hd__a21oi_2)
     3    0.014161    0.194002    0.221471    2.182590 ^ _0960_/Y (sky130_fd_sc_hd__a21oi_2)
                                                         _0197_ (net)
                      0.194002    0.000239    2.182830 ^ _0973_/B (sky130_fd_sc_hd__nor3_1)
     3    0.014857    0.096297    0.132638    2.315467 v _0973_/Y (sky130_fd_sc_hd__nor3_1)
                                                         _0210_ (net)
                      0.096297    0.000305    2.315773 v _0977_/A1 (sky130_fd_sc_hd__o31a_1)
     3    0.011400    0.083988    0.353082    2.668854 v _0977_/X (sky130_fd_sc_hd__o31a_1)
                                                         _0214_ (net)
                      0.083988    0.000304    2.669159 v _0987_/A1 (sky130_fd_sc_hd__o2111a_1)
     3    0.011132    0.079501    0.298677    2.967836 v _0987_/X (sky130_fd_sc_hd__o2111a_1)
                                                         _0224_ (net)
                      0.079501    0.000218    2.968054 v _1008_/B (sky130_fd_sc_hd__or3_4)
     5    0.020960    0.091815    0.416592    3.384646 v _1008_/X (sky130_fd_sc_hd__or3_4)
                                                         _0245_ (net)
                      0.091815    0.000364    3.385010 v _1011_/A (sky130_fd_sc_hd__and2_4)
     5    0.020668    0.048483    0.178497    3.563507 v _1011_/X (sky130_fd_sc_hd__and2_4)
                                                         _0248_ (net)
                      0.048537    0.001110    3.564617 v rebuffer33/A (sky130_fd_sc_hd__buf_6)
     1    0.016325    0.030583    0.123428    3.688045 v rebuffer33/X (sky130_fd_sc_hd__buf_6)
                                                         net141 (net)
                      0.030591    0.000479    3.688524 v _1016_/A (sky130_fd_sc_hd__xnor2_4)
     2    0.007258    0.123757    0.152176    3.840700 ^ _1016_/Y (sky130_fd_sc_hd__xnor2_4)
                                                         _0253_ (net)
                      0.123757    0.000187    3.840887 ^ _1040_/A2 (sky130_fd_sc_hd__o211a_4)
     4    0.024437    0.091338    0.209848    4.050735 ^ _1040_/X (sky130_fd_sc_hd__o211a_4)
                                                         _0277_ (net)
                      0.091350    0.001080    4.051815 ^ _1047_/B (sky130_fd_sc_hd__nand4_4)
     2    0.007988    0.106258    0.099045    4.150860 v _1047_/Y (sky130_fd_sc_hd__nand4_4)
                                                         _0284_ (net)
                      0.106258    0.000210    4.151070 v _1056_/A2 (sky130_fd_sc_hd__a311o_1)
     2    0.006754    0.073027    0.353682    4.504753 v _1056_/X (sky130_fd_sc_hd__a311o_1)
                                                         _0293_ (net)
                      0.073027    0.000156    4.504909 v _1066_/A2 (sky130_fd_sc_hd__a21bo_1)
     2    0.016025    0.088840    0.251533    4.756442 v _1066_/X (sky130_fd_sc_hd__a21bo_1)
                                                         _0303_ (net)
                      0.088847    0.000839    4.757281 v fanout25/A (sky130_fd_sc_hd__buf_6)
     5    0.021337    0.034274    0.146985    4.904266 v fanout25/X (sky130_fd_sc_hd__buf_6)
                                                         net25 (net)
                      0.034295    0.000483    4.904749 v _1091_/A2 (sky130_fd_sc_hd__a21o_1)
     2    0.010944    0.066217    0.203745    5.108493 v _1091_/X (sky130_fd_sc_hd__a21o_1)
                                                         _0328_ (net)
                      0.066217    0.000131    5.108625 v _1092_/B (sky130_fd_sc_hd__xor2_2)
     3    0.013486    0.202903    0.202503    5.311128 ^ _1092_/X (sky130_fd_sc_hd__xor2_2)
                                                         _0329_ (net)
                      0.202903    0.000195    5.311323 ^ _1093_/C_N (sky130_fd_sc_hd__or3b_4)
     2    0.005537    0.068985    0.406354    5.717676 v _1093_/X (sky130_fd_sc_hd__or3b_4)
                                                         _0330_ (net)
                      0.068985    0.000149    5.717825 v _1115_/A4 (sky130_fd_sc_hd__o41a_1)
     3    0.011962    0.105383    0.368251    6.086077 v _1115_/X (sky130_fd_sc_hd__o41a_1)
                                                         _0352_ (net)
                      0.105383    0.000251    6.086328 v _1126_/A2 (sky130_fd_sc_hd__a21o_1)
     4    0.010172    0.063149    0.229434    6.315762 v _1126_/X (sky130_fd_sc_hd__a21o_1)
                                                         _0363_ (net)
                      0.063149    0.000211    6.315973 v _1133_/A (sky130_fd_sc_hd__and4_1)
     2    0.005792    0.050836    0.165624    6.481597 v _1133_/X (sky130_fd_sc_hd__and4_1)
                                                         _0370_ (net)
                      0.050836    0.000174    6.481771 v _1135_/B (sky130_fd_sc_hd__or3_4)
     4    0.012585    0.078588    0.386043    6.867814 v _1135_/X (sky130_fd_sc_hd__or3_4)
                                                         _0372_ (net)
                      0.078588    0.000447    6.868260 v _1150_/A1 (sky130_fd_sc_hd__a31o_4)
     4    0.011201    0.044091    0.238277    7.106538 v _1150_/X (sky130_fd_sc_hd__a31o_4)
                                                         _0387_ (net)
                      0.044091    0.000278    7.106816 v _1160_/A2 (sky130_fd_sc_hd__a21o_1)
     4    0.014310    0.079841    0.220035    7.326851 v _1160_/X (sky130_fd_sc_hd__a21o_1)
                                                         _0397_ (net)
                      0.079842    0.000351    7.327202 v _1173_/A2 (sky130_fd_sc_hd__a2111o_1)
     3    0.006984    0.080500    0.441945    7.769147 v _1173_/X (sky130_fd_sc_hd__a2111o_1)
                                                         _0410_ (net)
                      0.080500    0.000163    7.769311 v _1180_/A1 (sky130_fd_sc_hd__a311o_1)
     3    0.015103    0.110773    0.337161    8.106472 v _1180_/X (sky130_fd_sc_hd__a311o_1)
                                                         _0417_ (net)
                      0.110773    0.000252    8.106725 v fanout23/A (sky130_fd_sc_hd__buf_6)
     6    0.033009    0.042785    0.165488    8.272212 v fanout23/X (sky130_fd_sc_hd__buf_6)
                                                         net23 (net)
                      0.042787    0.000416    8.272628 v fanout22/A (sky130_fd_sc_hd__buf_8)
     5    0.019497    0.030327    0.122108    8.394735 v fanout22/X (sky130_fd_sc_hd__buf_8)
                                                         net22 (net)
                      0.030340    0.000551    8.395287 v _1188_/B (sky130_fd_sc_hd__and3_1)
     3    0.010369    0.068420    0.188161    8.583447 v _1188_/X (sky130_fd_sc_hd__and3_1)
                                                         _0425_ (net)
                      0.068420    0.000198    8.583645 v _1197_/A (sky130_fd_sc_hd__or3b_4)
     2    0.005954    0.069694    0.400222    8.983868 v _1197_/X (sky130_fd_sc_hd__or3b_4)
                                                         _0434_ (net)
                      0.069694    0.000160    8.984027 v _1208_/C (sky130_fd_sc_hd__or4b_4)
     2    0.004803    0.084590    0.484446    9.468473 v _1208_/X (sky130_fd_sc_hd__or4b_4)
                                                         _0445_ (net)
                      0.084590    0.000133    9.468607 v _1234_/A (sky130_fd_sc_hd__or4b_4)
     2    0.006738    0.088525    0.550246   10.018852 v _1234_/X (sky130_fd_sc_hd__or4b_4)
                                                         _0471_ (net)
                      0.088525    0.000149   10.019002 v _1240_/A1 (sky130_fd_sc_hd__a32o_2)
     4    0.024082    0.087590    0.311482   10.330483 v _1240_/X (sky130_fd_sc_hd__a32o_2)
                                                         _0477_ (net)
                      0.087595    0.000749   10.331232 v fanout19/A (sky130_fd_sc_hd__buf_8)
     5    0.024549    0.033458    0.145655   10.476887 v fanout19/X (sky130_fd_sc_hd__buf_8)
                                                         net19 (net)
                      0.033482    0.000516   10.477404 v _1251_/A1 (sky130_fd_sc_hd__a2111o_1)
     2    0.007674    0.084659    0.384329   10.861732 v _1251_/X (sky130_fd_sc_hd__a2111o_1)
                                                         _0488_ (net)
                      0.084659    0.000148   10.861880 v _1253_/B2 (sky130_fd_sc_hd__a32o_2)
     5    0.019148    0.076315    0.289321   11.151201 v _1253_/X (sky130_fd_sc_hd__a32o_2)
                                                         _0490_ (net)
                      0.076318    0.000573   11.151774 v _1260_/A (sky130_fd_sc_hd__and3_1)
     2    0.012247    0.076254    0.194399   11.346173 v _1260_/X (sky130_fd_sc_hd__and3_1)
                                                         _0497_ (net)
                      0.076254    0.000372   11.346545 v _1286_/B (sky130_fd_sc_hd__and3_1)
     1    0.008784    0.062069    0.202071   11.548616 v _1286_/X (sky130_fd_sc_hd__and3_1)
                                                         _0523_ (net)
                      0.062069    0.000274   11.548891 v _1288_/B1 (sky130_fd_sc_hd__a221oi_4)
     3    0.018565    0.311089    0.321453   11.870344 ^ _1288_/Y (sky130_fd_sc_hd__a221oi_4)
                                                         _0525_ (net)
                      0.311089    0.000457   11.870801 ^ _1297_/A3 (sky130_fd_sc_hd__o31ai_4)
     4    0.017466    0.104517    0.116555   11.987355 v _1297_/Y (sky130_fd_sc_hd__o31ai_4)
                                                         _0534_ (net)
                      0.104517    0.000234   11.987589 v fanout18/A (sky130_fd_sc_hd__buf_6)
     6    0.034824    0.044215    0.163786   12.151376 v fanout18/X (sky130_fd_sc_hd__buf_6)
                                                         net18 (net)
                      0.044235    0.000902   12.152278 v fanout17/A (sky130_fd_sc_hd__buf_8)
     5    0.017500    0.029202    0.121503   12.273781 v fanout17/X (sky130_fd_sc_hd__buf_8)
                                                         net17 (net)
                      0.029202    0.000335   12.274116 v _1324_/A1 (sky130_fd_sc_hd__a31o_1)
     2    0.007173    0.056602    0.184324   12.458439 v _1324_/X (sky130_fd_sc_hd__a31o_1)
                                                         _0561_ (net)
                      0.056602    0.000164   12.458604 v _1331_/A2 (sky130_fd_sc_hd__a211o_4)
     4    0.026814    0.081517    0.377255   12.835858 v _1331_/X (sky130_fd_sc_hd__a211o_4)
                                                         _0568_ (net)
                      0.081520    0.000622   12.836480 v _1349_/A (sky130_fd_sc_hd__or4_4)
     1    0.010215    0.094384    0.559310   13.395790 v _1349_/X (sky130_fd_sc_hd__or4_4)
                                                         _0586_ (net)
                      0.094506    0.000352   13.396141 v _1350_/A1 (sky130_fd_sc_hd__o32ai_4)
     3    0.024060    0.353084    0.403113   13.799254 ^ _1350_/Y (sky130_fd_sc_hd__o32ai_4)
                                                         _0587_ (net)
                      0.353084    0.000463   13.799717 ^ _1353_/A1 (sky130_fd_sc_hd__o21ai_4)
     5    0.024979    0.116264    0.145014   13.944731 v _1353_/Y (sky130_fd_sc_hd__o21ai_4)
                                                         _0590_ (net)
                      0.116331    0.001271   13.946002 v _1357_/A1 (sky130_fd_sc_hd__a21oi_2)
     4    0.019781    0.257002    0.275939   14.221941 ^ _1357_/Y (sky130_fd_sc_hd__a21oi_2)
                                                         _0594_ (net)
                      0.257003    0.000453   14.222394 ^ _1362_/B (sky130_fd_sc_hd__xor2_2)
     2    0.008517    0.150111    0.194127   14.416522 ^ _1362_/X (sky130_fd_sc_hd__xor2_2)
                                                         _0599_ (net)
                      0.150111    0.000212   14.416734 ^ _1370_/A1 (sky130_fd_sc_hd__a31o_4)
     4    0.022953    0.087348    0.205587   14.622321 ^ _1370_/X (sky130_fd_sc_hd__a31o_4)
                                                         _0607_ (net)
                      0.087357    0.000943   14.623264 ^ _1384_/A2 (sky130_fd_sc_hd__a21oi_4)
     6    0.019434    0.070628    0.081721   14.704986 v _1384_/Y (sky130_fd_sc_hd__a21oi_4)
                                                         _0621_ (net)
                      0.070636    0.000576   14.705562 v _1404_/A2 (sky130_fd_sc_hd__a211o_4)
     4    0.017270    0.070153    0.367745   15.073307 v _1404_/X (sky130_fd_sc_hd__a211o_4)
                                                         _0641_ (net)
                      0.070153    0.000380   15.073687 v rebuffer17/A (sky130_fd_sc_hd__buf_6)
     1    0.008309    0.024186    0.124540   15.198227 v rebuffer17/X (sky130_fd_sc_hd__buf_6)
                                                         net125 (net)
                      0.024186    0.000243   15.198470 v _1418_/A3 (sky130_fd_sc_hd__o31ai_4)
     5    0.022678    0.328383    0.289212   15.487682 ^ _1418_/Y (sky130_fd_sc_hd__o31ai_4)
                                                         _0655_ (net)
                      0.328383    0.000497   15.488180 ^ fanout15/A (sky130_fd_sc_hd__buf_4)
    10    0.032805    0.101355    0.231935   15.720116 ^ fanout15/X (sky130_fd_sc_hd__buf_4)
                                                         net15 (net)
                      0.101358    0.000716   15.720831 ^ _1482_/A2 (sky130_fd_sc_hd__a21oi_1)
     1    0.003349    0.070090    0.078062   15.798893 v _1482_/Y (sky130_fd_sc_hd__a21oi_1)
                                                         _0711_ (net)
                      0.070090    0.000105   15.798998 v _1483_/B1 (sky130_fd_sc_hd__a311o_1)
     1    0.007580    0.077539    0.351642   16.150640 v _1483_/X (sky130_fd_sc_hd__a311o_1)
                                                         _0712_ (net)
                      0.077539    0.000322   16.150963 v _1487_/A2 (sky130_fd_sc_hd__a32o_1)
     1    0.002303    0.038711    0.248120   16.399082 v _1487_/X (sky130_fd_sc_hd__a32o_1)
                                                         _0040_ (net)
                      0.038711    0.000046   16.399128 v _1622_/D (sky130_fd_sc_hd__dfrtp_4)
                                             16.399128   data arrival time

                                 25.000000   25.000000   clock clk (rise edge)
                                  0.000000   25.000000   clock source latency
     2    0.018783    0.090251    0.061881   25.061880 ^ clk (in)
                                                         clk (net)
                      0.090253    0.000000   25.061880 ^ clkbuf_0_clk/A (sky130_fd_sc_hd__clkbuf_16)
    17    0.100891    0.117434    0.199737   25.261618 ^ clkbuf_0_clk/X (sky130_fd_sc_hd__clkbuf_16)
                                                         clknet_0_clk (net)
                      0.117595    0.003618   25.265236 ^ clkbuf_3_7__f_clk/A (sky130_fd_sc_hd__clkbuf_16)
     7    0.031409    0.052251    0.161871   25.427107 ^ clkbuf_3_7__f_clk/X (sky130_fd_sc_hd__clkbuf_16)
                                                         clknet_3_7__leaf_clk (net)
                      0.052260    0.001238   25.428345 ^ _1622_/CLK (sky130_fd_sc_hd__dfrtp_4)
                                 -0.250000   25.178345   clock uncertainty
                                  0.000000   25.178345   clock reconvergence pessimism
                                 -0.109870   25.068476   library setup time
                                             25.068476   data required time
---------------------------------------------------------------------------------------------
                                             25.068476   data required time
                                            -16.399128   data arrival time
---------------------------------------------------------------------------------------------
                                              8.669348   slack (MET)




===========================================================================
report_checks --slack_max -0.01
============================================================================
======================= nom_tt_025C_1v80 Corner ===================================

No paths found.


===========================================================================
 report_check_types -max_slew -max_cap -max_fanout -violators
============================================================================
======================= nom_tt_025C_1v80 Corner ===================================

max fanout

Pin                                   Limit Fanout  Slack
---------------------------------------------------------
_1614_/Q                                 10     21    -11 (VIOLATED)
_1615_/Q                                 10     21    -11 (VIOLATED)
fanout32/X                               10     21    -11 (VIOLATED)
fanout38/X                               10     21    -11 (VIOLATED)
fanout42/X                               10     21    -11 (VIOLATED)
fanout49/X                               10     21    -11 (VIOLATED)
clkbuf_0_clk/X                           10     17     -7 (VIOLATED)
fanout47/X                               10     17     -7 (VIOLATED)
_0854_/X                                 10     13     -3 (VIOLATED)
clkbuf_3_1__f_clk/X                      10     12     -2 (VIOLATED)
clkbuf_3_2__f_clk/X                      10     12     -2 (VIOLATED)
clkbuf_3_3__f_clk/X                      10     12     -2 (VIOLATED)
_0782_/Y                                 10     11        (VIOLATED)
clkbuf_3_5__f_clk/X                      10     11        (VIOLATED)



===========================================================================
report_parasitic_annotation -report_unannotated
============================================================================
Found 97 unannotated drivers.
 en
 gpio_in[10]
 gpio_in[11]
 gpio_in[12]
 gpio_in[13]
 gpio_in[14]
 gpio_in[15]
 gpio_in[16]
 gpio_in[17]
 gpio_in[18]
 gpio_in[19]
 gpio_in[20]
 gpio_in[21]
 gpio_in[22]
 gpio_in[23]
 gpio_in[24]
 gpio_in[25]
 gpio_in[26]
 gpio_in[27]
 gpio_in[28]
 gpio_in[29]
 gpio_in[30]
 gpio_in[31]
 gpio_in[32]
 gpio_in[33]
 gpio_in[4]
 gpio_in[5]
 gpio_in[6]
 gpio_in[7]
 gpio_in[8]
 gpio_in[9]
 clkload0/Y
 clkload1/X
 clkload2/X
 clkload3/Y
 clkload4/Y
 clkload5/Y
 clkload6/Y
 team_04_100/LO
 team_04_101/LO
 team_04_102/LO
 team_04_103/LO
 team_04_104/LO
 team_04_105/LO
 team_04_106/LO
 team_04_107/LO
 team_04_108/LO
 team_04_50/HI
 team_04_51/HI
 team_04_52/HI
 team_04_53/HI
 team_04_54/HI
 team_04_55/HI
 team_04_56/HI
 team_04_57/HI
 team_04_58/HI
 team_04_59/HI
 team_04_60/HI
 team_04_61/HI
 team_04_62/HI
 team_04_63/HI
 team_04_64/HI
 team_04_65/HI
 team_04_66/HI
 team_04_67/HI
 team_04_68/HI
 team_04_69/HI
 team_04_70/HI
 team_04_71/HI
 team_04_72/HI
 team_04_73/HI
 team_04_74/HI
 team_04_75/HI
 team_04_76/HI
 team_04_77/HI
 team_04_78/HI
 team_04_79/HI
 team_04_80/HI
 team_04_81/HI
 team_04_82/HI
 team_04_83/HI
 team_04_84/HI
 team_04_85/HI
 team_04_86/HI
 team_04_87/HI
 team_04_88/HI
 team_04_89/HI
 team_04_90/HI
 team_04_91/HI
 team_04_92/HI
 team_04_93/HI
 team_04_94/LO
 team_04_95/LO
 team_04_96/LO
 team_04_97/LO
 team_04_98/LO
 team_04_99/LO
Found 0 partially unannotated drivers.

===========================================================================
max slew violation count 0
max fanout violation count 14
max cap violation count 0
============================================================================

===========================================================================
check_setup -verbose -unconstrained_endpoints -multiple_clock -no_clock -no_input_delay -loops -generated_clocks
===========================================================================
Warning: There are 59 unconstrained endpoints.
  gpio_oeb[0]
  gpio_oeb[10]
  gpio_oeb[11]
  gpio_oeb[12]
  gpio_oeb[13]
  gpio_oeb[14]
  gpio_oeb[15]
  gpio_oeb[16]
  gpio_oeb[17]
  gpio_oeb[18]
  gpio_oeb[19]
  gpio_oeb[1]
  gpio_oeb[20]
  gpio_oeb[21]
  gpio_oeb[22]
  gpio_oeb[23]
  gpio_oeb[24]
  gpio_oeb[25]
  gpio_oeb[26]
  gpio_oeb[27]
  gpio_oeb[28]
  gpio_oeb[29]
  gpio_oeb[2]
  gpio_oeb[30]
  gpio_oeb[31]
  gpio_oeb[32]
  gpio_oeb[33]
  gpio_oeb[3]
  gpio_oeb[4]
  gpio_oeb[5]
  gpio_oeb[6]
  gpio_oeb[7]
  gpio_oeb[8]
  gpio_oeb[9]
  gpio_out[0]
  gpio_out[15]
  gpio_out[16]
  gpio_out[17]
  gpio_out[18]
  gpio_out[19]
  gpio_out[1]
  gpio_out[20]
  gpio_out[21]
  gpio_out[22]
  gpio_out[23]
  gpio_out[24]
  gpio_out[25]
  gpio_out[26]
  gpio_out[27]
  gpio_out[28]
  gpio_out[29]
  gpio_out[2]
  gpio_out[30]
  gpio_out[31]
  gpio_out[32]
  gpio_out[33]
  gpio_out[3]
  gpio_out[6]
  gpio_out[7]
