Clock: clk
Sources: clk 
Generated: no
Virtual: yes
Propagated: no
Period: 25.000000

===========================================================================
report_clock_properties
============================================================================
Clock                   Period          Waveform
----------------------------------------------------
clk                  25.000000    0.000000 12.500000

===========================================================================
report_clock_latency
============================================================================
Clock clk
rise -> rise
    min     max
0.000000 0.000000 source latency
0.428048         network latency _1624_/CLK
        0.439654 network latency _1637_/CLK
---------------
0.428048 0.439654 latency
        0.011606 skew

fall -> fall
    min     max
0.000000 0.000000 source latency
0.385550         network latency _1624_/CLK
        0.395648 network latency _1637_/CLK
---------------
0.385550 0.395648 latency
        0.010098 skew



===========================================================================
report_clock_min_period
============================================================================
clk period_min = 16.33 fmax = 61.23
