
===========================================================================
report_checks -unconstrained
===========================================================================
======================= min_tt_025C_1v80 Corner ===================================

Startpoint: nrst (input port clocked by clk)
Endpoint: _1615_ (recovery check against rising-edge clock clk)
Path Group: asynchronous
Path Type: max

Fanout         Cap        Slew       Delay        Time   Description
---------------------------------------------------------------------------------------------
                                  0.000000    0.000000   clock clk (rise edge)
                                  0.000000    0.000000   clock network delay (propagated)
                                  5.000000    5.000000 ^ input external delay
     2    0.003894    0.024477    0.014130    5.014131 ^ nrst (in)
                                                         nrst (net)
                      0.024477    0.000000    5.014131 ^ input5/A (sky130_fd_sc_hd__buf_1)
     7    0.025423    0.299824    0.251690    5.265821 ^ input5/X (sky130_fd_sc_hd__buf_1)
                                                         net5 (net)
                      0.299825    0.000478    5.266298 ^ fanout47/A (sky130_fd_sc_hd__buf_2)
    17    0.054097    0.264284    0.337221    5.603519 ^ fanout47/X (sky130_fd_sc_hd__buf_2)
                                                         net47 (net)
                      0.264284    0.000646    5.604165 ^ fanout46/A (sky130_fd_sc_hd__clkbuf_4)
    10    0.046655    0.147864    0.286994    5.891160 ^ fanout46/X (sky130_fd_sc_hd__clkbuf_4)
                                                         net46 (net)
                      0.147870    0.001124    5.892284 ^ _1615_/RESET_B (sky130_fd_sc_hd__dfrtp_4)
                                              5.892284   data arrival time

                                 25.000000   25.000000   clock clk (rise edge)
                                  0.000000   25.000000   clock source latency
     2    0.018047    0.086956    0.059485   25.059484 ^ clk (in)
                                                         clk (net)
                      0.086956    0.000000   25.059484 ^ clkbuf_0_clk/A (sky130_fd_sc_hd__clkbuf_16)
    17    0.098219    0.114671    0.198298   25.257782 ^ clkbuf_0_clk/X (sky130_fd_sc_hd__clkbuf_16)
                                                         clknet_0_clk (net)
                      0.114838    0.003585   25.261368 ^ clkbuf_3_6__f_clk/A (sky130_fd_sc_hd__clkbuf_16)
     6    0.032331    0.053122    0.161794   25.423161 ^ clkbuf_3_6__f_clk/X (sky130_fd_sc_hd__clkbuf_16)
                                                         clknet_3_6__leaf_clk (net)
                      0.053124    0.000448   25.423609 ^ _1615_/CLK (sky130_fd_sc_hd__dfrtp_4)
                                 -0.250000   25.173609   clock uncertainty
                                  0.000000   25.173609   clock reconvergence pessimism
                                  0.186446   25.360056   library recovery time
                                             25.360056   data required time
---------------------------------------------------------------------------------------------
                                             25.360056   data required time
                                             -5.892284   data arrival time
---------------------------------------------------------------------------------------------
                                             19.467772   slack (MET)


Startpoint: _1629_ (rising edge-triggered flip-flop clocked by clk)
Endpoint: _1622_ (rising edge-triggered flip-flop clocked by clk)
Path Group: clk
Path Type: max

Fanout         Cap        Slew       Delay        Time   Description
---------------------------------------------------------------------------------------------
                                  0.000000    0.000000   clock clk (rise edge)
                                  0.000000    0.000000   clock source latency
     2    0.018047    0.086956    0.059485    0.059485 ^ clk (in)
                                                         clk (net)
                      0.086956    0.000000    0.059485 ^ clkbuf_0_clk/A (sky130_fd_sc_hd__clkbuf_16)
    17    0.098219    0.114671    0.198299    0.257783 ^ clkbuf_0_clk/X (sky130_fd_sc_hd__clkbuf_16)
                                                         clknet_0_clk (net)
                      0.114979    0.004823    0.262607 ^ clkbuf_3_0__f_clk/A (sky130_fd_sc_hd__clkbuf_16)
    10    0.034563    0.055037    0.163481    0.426088 ^ clkbuf_3_0__f_clk/X (sky130_fd_sc_hd__clkbuf_16)
                                                         clknet_3_0__leaf_clk (net)
                      0.055041    0.000479    0.426567 ^ _1629_/CLK (sky130_fd_sc_hd__dfrtp_4)
     6    0.022699    0.083337    0.506678    0.933244 v _1629_/Q (sky130_fd_sc_hd__dfrtp_4)
                                                         STOPWATCH_INST.clock_div.cycles[22] (net)
                      0.083342    0.000751    0.933995 v _0922_/A (sky130_fd_sc_hd__or4bb_4)
     3    0.009183    0.093332    0.560007    1.494002 v _0922_/X (sky130_fd_sc_hd__or4bb_4)
                                                         _0166_ (net)
                      0.093332    0.000068    1.494069 v _0955_/B1_N (sky130_fd_sc_hd__o21bai_4)
     2    0.007849    0.052202    0.191801    1.685871 v _0955_/Y (sky130_fd_sc_hd__o21bai_4)
                                                         _0192_ (net)
                      0.052202    0.000080    1.685951 v _0957_/A2 (sky130_fd_sc_hd__a21o_4)
     7    0.036216    0.071813    0.258290    1.944241 v _0957_/X (sky130_fd_sc_hd__a21o_4)
                                                         _0194_ (net)
                      0.071817    0.000619    1.944860 v _0960_/A2 (sky130_fd_sc_hd__a21oi_2)
     3    0.013984    0.192101    0.219347    2.164207 ^ _0960_/Y (sky130_fd_sc_hd__a21oi_2)
                                                         _0197_ (net)
                      0.192101    0.000066    2.164273 ^ _0973_/B (sky130_fd_sc_hd__nor3_1)
     3    0.014576    0.094853    0.131152    2.295425 v _0973_/Y (sky130_fd_sc_hd__nor3_1)
                                                         _0210_ (net)
                      0.094853    0.000120    2.295545 v _0977_/A1 (sky130_fd_sc_hd__o31a_1)
     3    0.011099    0.082714    0.351339    2.646884 v _0977_/X (sky130_fd_sc_hd__o31a_1)
                                                         _0214_ (net)
                      0.082714    0.000139    2.647023 v _0987_/A1 (sky130_fd_sc_hd__o2111a_1)
     3    0.010665    0.077416    0.296288    2.943311 v _0987_/X (sky130_fd_sc_hd__o2111a_1)
                                                         _0224_ (net)
                      0.077416    0.000079    2.943391 v _1008_/B (sky130_fd_sc_hd__or3_4)
     5    0.020273    0.090991    0.414619    3.358009 v _1008_/X (sky130_fd_sc_hd__or3_4)
                                                         _0245_ (net)
                      0.090991    0.000142    3.358151 v _1011_/A (sky130_fd_sc_hd__and2_4)
     5    0.019912    0.047702    0.177469    3.535620 v _1011_/X (sky130_fd_sc_hd__and2_4)
                                                         _0248_ (net)
                      0.047732    0.000621    3.536241 v rebuffer33/A (sky130_fd_sc_hd__buf_6)
     1    0.016302    0.030483    0.123237    3.659478 v rebuffer33/X (sky130_fd_sc_hd__buf_6)
                                                         net141 (net)
                      0.030483    0.000143    3.659621 v _1016_/A (sky130_fd_sc_hd__xnor2_4)
     2    0.007180    0.123278    0.151767    3.811389 ^ _1016_/Y (sky130_fd_sc_hd__xnor2_4)
                                                         _0253_ (net)
                      0.123278    0.000061    3.811450 ^ _1040_/A2 (sky130_fd_sc_hd__o211a_4)
     4    0.023687    0.089332    0.208340    4.019790 ^ _1040_/X (sky130_fd_sc_hd__o211a_4)
                                                         _0277_ (net)
                      0.089334    0.000568    4.020358 ^ _1047_/B (sky130_fd_sc_hd__nand4_4)
     2    0.007541    0.104556    0.097204    4.117561 v _1047_/Y (sky130_fd_sc_hd__nand4_4)
                                                         _0284_ (net)
                      0.104556    0.000105    4.117667 v _1056_/A2 (sky130_fd_sc_hd__a311o_1)
     2    0.006495    0.071583    0.351389    4.469056 v _1056_/X (sky130_fd_sc_hd__a311o_1)
                                                         _0293_ (net)
                      0.071583    0.000054    4.469109 v _1066_/A2 (sky130_fd_sc_hd__a21bo_1)
     2    0.015206    0.085330    0.248163    4.717272 v _1066_/X (sky130_fd_sc_hd__a21bo_1)
                                                         _0303_ (net)
                      0.085331    0.000454    4.717726 v fanout25/A (sky130_fd_sc_hd__buf_6)
     5    0.020470    0.033701    0.144844    4.862570 v fanout25/X (sky130_fd_sc_hd__buf_6)
                                                         net25 (net)
                      0.033701    0.000193    4.862764 v _1091_/A2 (sky130_fd_sc_hd__a21o_1)
     2    0.010856    0.065845    0.203229    5.065993 v _1091_/X (sky130_fd_sc_hd__a21o_1)
                                                         _0328_ (net)
                      0.065845    0.000043    5.066036 v _1092_/B (sky130_fd_sc_hd__xor2_2)
     3    0.012832    0.195887    0.197215    5.263250 ^ _1092_/X (sky130_fd_sc_hd__xor2_2)
                                                         _0329_ (net)
                      0.195887    0.000051    5.263301 ^ _1093_/C_N (sky130_fd_sc_hd__or3b_4)
     2    0.005421    0.068742    0.404761    5.668062 v _1093_/X (sky130_fd_sc_hd__or3b_4)
                                                         _0330_ (net)
                      0.068742    0.000057    5.668119 v _1115_/A4 (sky130_fd_sc_hd__o41a_1)
     3    0.011644    0.103828    0.366604    6.034723 v _1115_/X (sky130_fd_sc_hd__o41a_1)
                                                         _0352_ (net)
                      0.103828    0.000099    6.034822 v _1126_/A2 (sky130_fd_sc_hd__a21o_1)
     4    0.009887    0.061996    0.227847    6.262669 v _1126_/X (sky130_fd_sc_hd__a21o_1)
                                                         _0363_ (net)
                      0.061996    0.000084    6.262753 v _1133_/A (sky130_fd_sc_hd__and4_1)
     2    0.005569    0.049859    0.164101    6.426854 v _1133_/X (sky130_fd_sc_hd__and4_1)
                                                         _0370_ (net)
                      0.049859    0.000078    6.426932 v _1135_/B (sky130_fd_sc_hd__or3_4)
     4    0.012257    0.077993    0.384796    6.811728 v _1135_/X (sky130_fd_sc_hd__or3_4)
                                                         _0372_ (net)
                      0.077993    0.000201    6.811929 v _1150_/A1 (sky130_fd_sc_hd__a31o_4)
     4    0.010922    0.043673    0.237508    7.049437 v _1150_/X (sky130_fd_sc_hd__a31o_4)
                                                         _0387_ (net)
                      0.043673    0.000129    7.049566 v _1160_/A2 (sky130_fd_sc_hd__a21o_1)
     4    0.013970    0.078383    0.218745    7.268312 v _1160_/X (sky130_fd_sc_hd__a21o_1)
                                                         _0397_ (net)
                      0.078383    0.000158    7.268470 v _1173_/A2 (sky130_fd_sc_hd__a2111o_1)
     3    0.006804    0.079437    0.440182    7.708652 v _1173_/X (sky130_fd_sc_hd__a2111o_1)
                                                         _0410_ (net)
                      0.079437    0.000059    7.708710 v _1180_/A1 (sky130_fd_sc_hd__a311o_1)
     3    0.014478    0.107764    0.334010    8.042721 v _1180_/X (sky130_fd_sc_hd__a311o_1)
                                                         _0417_ (net)
                      0.107764    0.000068    8.042788 v fanout23/A (sky130_fd_sc_hd__buf_6)
     6    0.031906    0.041878    0.163554    8.206342 v fanout23/X (sky130_fd_sc_hd__buf_6)
                                                         net23 (net)
                      0.041878    0.000098    8.206439 v fanout22/A (sky130_fd_sc_hd__buf_8)
     5    0.018368    0.029686    0.121066    8.327505 v fanout22/X (sky130_fd_sc_hd__buf_8)
                                                         net22 (net)
                      0.029686    0.000232    8.327737 v _1188_/B (sky130_fd_sc_hd__and3_1)
     3    0.010168    0.067571    0.187189    8.514926 v _1188_/X (sky130_fd_sc_hd__and3_1)
                                                         _0425_ (net)
                      0.067571    0.000066    8.514992 v _1197_/A (sky130_fd_sc_hd__or3b_4)
     2    0.005817    0.069445    0.399485    8.914476 v _1197_/X (sky130_fd_sc_hd__or3b_4)
                                                         _0434_ (net)
                      0.069445    0.000063    8.914539 v _1208_/C (sky130_fd_sc_hd__or4b_4)
     2    0.004665    0.084148    0.483672    9.398211 v _1208_/X (sky130_fd_sc_hd__or4b_4)
                                                         _0445_ (net)
                      0.084148    0.000047    9.398258 v _1234_/A (sky130_fd_sc_hd__or4b_4)
     2    0.006512    0.088109    0.549293    9.947552 v _1234_/X (sky130_fd_sc_hd__or4b_4)
                                                         _0471_ (net)
                      0.088109    0.000046    9.947598 v _1240_/A1 (sky130_fd_sc_hd__a32o_2)
     4    0.023680    0.086470    0.310637   10.258235 v _1240_/X (sky130_fd_sc_hd__a32o_2)
                                                         _0477_ (net)
                      0.086471    0.000356   10.258591 v fanout19/A (sky130_fd_sc_hd__buf_8)
     5    0.023608    0.032816    0.144680   10.403271 v fanout19/X (sky130_fd_sc_hd__buf_8)
                                                         net19 (net)
                      0.032816    0.000204   10.403475 v _1251_/A1 (sky130_fd_sc_hd__a2111o_1)
     2    0.007354    0.082735    0.382006   10.785481 v _1251_/X (sky130_fd_sc_hd__a2111o_1)
                                                         _0488_ (net)
                      0.082735    0.000045   10.785526 v _1253_/B2 (sky130_fd_sc_hd__a32o_2)
     5    0.018131    0.073963    0.286380   11.071906 v _1253_/X (sky130_fd_sc_hd__a32o_2)
                                                         _0490_ (net)
                      0.073963    0.000308   11.072214 v _1260_/A (sky130_fd_sc_hd__and3_1)
     2    0.011959    0.074989    0.192407   11.264622 v _1260_/X (sky130_fd_sc_hd__and3_1)
                                                         _0497_ (net)
                      0.074989    0.000164   11.264786 v _1286_/B (sky130_fd_sc_hd__and3_1)
     1    0.008666    0.061612    0.201045   11.465831 v _1286_/X (sky130_fd_sc_hd__and3_1)
                                                         _0523_ (net)
                      0.061612    0.000091   11.465922 v _1288_/B1 (sky130_fd_sc_hd__a221oi_4)
     3    0.018334    0.309181    0.319709   11.785631 ^ _1288_/Y (sky130_fd_sc_hd__a221oi_4)
                                                         _0525_ (net)
                      0.309181    0.000159   11.785790 ^ _1297_/A3 (sky130_fd_sc_hd__o31ai_4)
     4    0.016756    0.101956    0.114694   11.900484 v _1297_/Y (sky130_fd_sc_hd__o31ai_4)
                                                         _0534_ (net)
                      0.101956    0.000059   11.900543 v fanout18/A (sky130_fd_sc_hd__buf_6)
     6    0.033668    0.043221    0.162125   12.062668 v fanout18/X (sky130_fd_sc_hd__buf_6)
                                                         net18 (net)
                      0.043223    0.000365   12.063033 v fanout17/A (sky130_fd_sc_hd__buf_8)
     5    0.016739    0.028768    0.120593   12.183626 v fanout17/X (sky130_fd_sc_hd__buf_8)
                                                         net17 (net)
                      0.028768    0.000115   12.183742 v _1324_/A1 (sky130_fd_sc_hd__a31o_1)
     2    0.007040    0.055893    0.183564   12.367306 v _1324_/X (sky130_fd_sc_hd__a31o_1)
                                                         _0561_ (net)
                      0.055893    0.000047   12.367352 v _1331_/A2 (sky130_fd_sc_hd__a211o_4)
     4    0.026183    0.080662    0.376136   12.743489 v _1331_/X (sky130_fd_sc_hd__a211o_4)
                                                         _0568_ (net)
                      0.080662    0.000338   12.743827 v _1349_/A (sky130_fd_sc_hd__or4_4)
     1    0.009980    0.094055    0.558217   13.302044 v _1349_/X (sky130_fd_sc_hd__or4_4)
                                                         _0586_ (net)
                      0.094055    0.000138   13.302182 v _1350_/A1 (sky130_fd_sc_hd__o32ai_4)
     3    0.023746    0.350581    0.401047   13.703229 ^ _1350_/Y (sky130_fd_sc_hd__o32ai_4)
                                                         _0587_ (net)
                      0.350581    0.000138   13.703367 ^ _1353_/A1 (sky130_fd_sc_hd__o21ai_4)
     5    0.024118    0.113283    0.143008   13.846375 v _1353_/Y (sky130_fd_sc_hd__o21ai_4)
                                                         _0590_ (net)
                      0.113285    0.000711   13.847087 v _1357_/A1 (sky130_fd_sc_hd__a21oi_2)
     4    0.019527    0.254103    0.272822   14.119908 ^ _1357_/Y (sky130_fd_sc_hd__a21oi_2)
                                                         _0594_ (net)
                      0.254103    0.000196   14.120105 ^ _1362_/B (sky130_fd_sc_hd__xor2_2)
     2    0.008340    0.148308    0.192436   14.312541 ^ _1362_/X (sky130_fd_sc_hd__xor2_2)
                                                         _0599_ (net)
                      0.148308    0.000072   14.312613 ^ _1370_/A1 (sky130_fd_sc_hd__a31o_4)
     4    0.022559    0.086320    0.204451   14.517063 ^ _1370_/X (sky130_fd_sc_hd__a31o_4)
                                                         _0607_ (net)
                      0.086321    0.000487   14.517550 ^ _1384_/A2 (sky130_fd_sc_hd__a21oi_4)
     6    0.018864    0.071273    0.080684   14.598234 v _1384_/Y (sky130_fd_sc_hd__a21oi_4)
                                                         _0621_ (net)
                      0.071274    0.000312   14.598546 v _1404_/A2 (sky130_fd_sc_hd__a211o_4)
     4    0.016922    0.069746    0.367510   14.966056 v _1404_/X (sky130_fd_sc_hd__a211o_4)
                                                         _0641_ (net)
                      0.069746    0.000151   14.966207 v rebuffer17/A (sky130_fd_sc_hd__buf_6)
     1    0.008277    0.024144    0.124372   15.090578 v rebuffer17/X (sky130_fd_sc_hd__buf_6)
                                                         net125 (net)
                      0.024144    0.000073   15.090651 v _1418_/A3 (sky130_fd_sc_hd__o31ai_4)
     5    0.021655    0.319269    0.282176   15.372827 ^ _1418_/Y (sky130_fd_sc_hd__o31ai_4)
                                                         _0655_ (net)
                      0.319269    0.000192   15.373019 ^ fanout15/A (sky130_fd_sc_hd__buf_4)
    10    0.031840    0.098708    0.228967   15.601986 ^ fanout15/X (sky130_fd_sc_hd__buf_4)
                                                         net15 (net)
                      0.098708    0.000290   15.602276 ^ _1482_/A2 (sky130_fd_sc_hd__a21oi_1)
     1    0.003224    0.070021    0.076586   15.678862 v _1482_/Y (sky130_fd_sc_hd__a21oi_1)
                                                         _0711_ (net)
                      0.070021    0.000037   15.678899 v _1483_/B1 (sky130_fd_sc_hd__a311o_1)
     1    0.007019    0.074683    0.347958   16.026857 v _1483_/X (sky130_fd_sc_hd__a311o_1)
                                                         _0712_ (net)
                      0.074683    0.000160   16.027016 v _1487_/A2 (sky130_fd_sc_hd__a32o_1)
     1    0.002263    0.039669    0.246621   16.273638 v _1487_/X (sky130_fd_sc_hd__a32o_1)
                                                         _0040_ (net)
                      0.039669    0.000011   16.273647 v _1622_/D (sky130_fd_sc_hd__dfrtp_4)
                                             16.273647   data arrival time

                                 25.000000   25.000000   clock clk (rise edge)
                                  0.000000   25.000000   clock source latency
     2    0.018047    0.086956    0.059485   25.059484 ^ clk (in)
                                                         clk (net)
                      0.086956    0.000000   25.059484 ^ clkbuf_0_clk/A (sky130_fd_sc_hd__clkbuf_16)
    17    0.098219    0.114671    0.198298   25.257782 ^ clkbuf_0_clk/X (sky130_fd_sc_hd__clkbuf_16)
                                                         clknet_0_clk (net)
                      0.114720    0.001965   25.259747 ^ clkbuf_3_7__f_clk/A (sky130_fd_sc_hd__clkbuf_16)
     7    0.030470    0.051510    0.160339   25.420086 ^ clkbuf_3_7__f_clk/X (sky130_fd_sc_hd__clkbuf_16)
                                                         clknet_3_7__leaf_clk (net)
                      0.051512    0.000618   25.420704 ^ _1622_/CLK (sky130_fd_sc_hd__dfrtp_4)
                                 -0.250000   25.170706   clock uncertainty
                                  0.000000   25.170706   clock reconvergence pessimism
                                 -0.110458   25.060247   library setup time
                                             25.060247   data required time
---------------------------------------------------------------------------------------------
                                             25.060247   data required time
                                            -16.273647   data arrival time
---------------------------------------------------------------------------------------------
                                              8.786600   slack (MET)




===========================================================================
report_checks --slack_max -0.01
============================================================================
======================= min_tt_025C_1v80 Corner ===================================

No paths found.


===========================================================================
 report_check_types -max_slew -max_cap -max_fanout -violators
============================================================================
======================= min_tt_025C_1v80 Corner ===================================

max fanout

Pin                                   Limit Fanout  Slack
---------------------------------------------------------
_1614_/Q                                 10     21    -11 (VIOLATED)
_1615_/Q                                 10     21    -11 (VIOLATED)
fanout32/X                               10     21    -11 (VIOLATED)
fanout38/X                               10     21    -11 (VIOLATED)
fanout42/X                               10     21    -11 (VIOLATED)
fanout49/X                               10     21    -11 (VIOLATED)
clkbuf_0_clk/X                           10     17     -7 (VIOLATED)
fanout47/X                               10     17     -7 (VIOLATED)
_0854_/X                                 10     13     -3 (VIOLATED)
clkbuf_3_1__f_clk/X                      10     12     -2 (VIOLATED)
clkbuf_3_2__f_clk/X                      10     12     -2 (VIOLATED)
clkbuf_3_3__f_clk/X                      10     12     -2 (VIOLATED)
_0782_/Y                                 10     11        (VIOLATED)
clkbuf_3_5__f_clk/X                      10     11        (VIOLATED)



===========================================================================
report_parasitic_annotation -report_unannotated
============================================================================
Found 97 unannotated drivers.
 en
 gpio_in[10]
 gpio_in[11]
 gpio_in[12]
 gpio_in[13]
 gpio_in[14]
 gpio_in[15]
 gpio_in[16]
 gpio_in[17]
 gpio_in[18]
 gpio_in[19]
 gpio_in[20]
 gpio_in[21]
 gpio_in[22]
 gpio_in[23]
 gpio_in[24]
 gpio_in[25]
 gpio_in[26]
 gpio_in[27]
 gpio_in[28]
 gpio_in[29]
 gpio_in[30]
 gpio_in[31]
 gpio_in[32]
 gpio_in[33]
 gpio_in[4]
 gpio_in[5]
 gpio_in[6]
 gpio_in[7]
 gpio_in[8]
 gpio_in[9]
 clkload0/Y
 clkload1/X
 clkload2/X
 clkload3/Y
 clkload4/Y
 clkload5/Y
 clkload6/Y
 team_04_100/LO
 team_04_101/LO
 team_04_102/LO
 team_04_103/LO
 team_04_104/LO
 team_04_105/LO
 team_04_106/LO
 team_04_107/LO
 team_04_108/LO
 team_04_50/HI
 team_04_51/HI
 team_04_52/HI
 team_04_53/HI
 team_04_54/HI
 team_04_55/HI
 team_04_56/HI
 team_04_57/HI
 team_04_58/HI
 team_04_59/HI
 team_04_60/HI
 team_04_61/HI
 team_04_62/HI
 team_04_63/HI
 team_04_64/HI
 team_04_65/HI
 team_04_66/HI
 team_04_67/HI
 team_04_68/HI
 team_04_69/HI
 team_04_70/HI
 team_04_71/HI
 team_04_72/HI
 team_04_73/HI
 team_04_74/HI
 team_04_75/HI
 team_04_76/HI
 team_04_77/HI
 team_04_78/HI
 team_04_79/HI
 team_04_80/HI
 team_04_81/HI
 team_04_82/HI
 team_04_83/HI
 team_04_84/HI
 team_04_85/HI
 team_04_86/HI
 team_04_87/HI
 team_04_88/HI
 team_04_89/HI
 team_04_90/HI
 team_04_91/HI
 team_04_92/HI
 team_04_93/HI
 team_04_94/LO
 team_04_95/LO
 team_04_96/LO
 team_04_97/LO
 team_04_98/LO
 team_04_99/LO
Found 0 partially unannotated drivers.

===========================================================================
max slew violation count 0
max fanout violation count 14
max cap violation count 0
============================================================================

===========================================================================
check_setup -verbose -unconstrained_endpoints -multiple_clock -no_clock -no_input_delay -loops -generated_clocks
===========================================================================
Warning: There are 59 unconstrained endpoints.
  gpio_oeb[0]
  gpio_oeb[10]
  gpio_oeb[11]
  gpio_oeb[12]
  gpio_oeb[13]
  gpio_oeb[14]
  gpio_oeb[15]
  gpio_oeb[16]
  gpio_oeb[17]
  gpio_oeb[18]
  gpio_oeb[19]
  gpio_oeb[1]
  gpio_oeb[20]
  gpio_oeb[21]
  gpio_oeb[22]
  gpio_oeb[23]
  gpio_oeb[24]
  gpio_oeb[25]
  gpio_oeb[26]
  gpio_oeb[27]
  gpio_oeb[28]
  gpio_oeb[29]
  gpio_oeb[2]
  gpio_oeb[30]
  gpio_oeb[31]
  gpio_oeb[32]
  gpio_oeb[33]
  gpio_oeb[3]
  gpio_oeb[4]
  gpio_oeb[5]
  gpio_oeb[6]
  gpio_oeb[7]
  gpio_oeb[8]
  gpio_oeb[9]
  gpio_out[0]
  gpio_out[15]
  gpio_out[16]
  gpio_out[17]
  gpio_out[18]
  gpio_out[19]
  gpio_out[1]
  gpio_out[20]
  gpio_out[21]
  gpio_out[22]
  gpio_out[23]
  gpio_out[24]
  gpio_out[25]
  gpio_out[26]
  gpio_out[27]
  gpio_out[28]
  gpio_out[29]
  gpio_out[2]
  gpio_out[30]
  gpio_out[31]
  gpio_out[32]
  gpio_out[33]
  gpio_out[3]
  gpio_out[6]
  gpio_out[7]
