Clock: clk
Sources: clk 
Generated: no
Virtual: yes
Propagated: no
Period: 25.000000

===========================================================================
report_clock_properties
============================================================================
Clock                   Period          Waveform
----------------------------------------------------
clk                  25.000000    0.000000 12.500000

===========================================================================
report_clock_latency
============================================================================
Clock clk
rise -> rise
    min     max
0.000000 0.000000 source latency
0.420506         network latency _1624_/CLK
        0.429723 network latency _1637_/CLK
---------------
0.420506 0.429723 latency
        0.009216 skew

fall -> fall
    min     max
0.000000 0.000000 source latency
0.380346         network latency _1624_/CLK
        0.388241 network latency _1637_/CLK
---------------
0.380346 0.388241 latency
        0.007896 skew



===========================================================================
report_clock_min_period
============================================================================
clk period_min = 16.21 fmax = 61.68
