Clock: clk
Sources: clk 
Generated: no
Virtual: yes
Propagated: no
Period: 25.000000

===========================================================================
report_clock_properties
============================================================================
Clock                   Period          Waveform
----------------------------------------------------
clk                  25.000000    0.000000 12.500000

===========================================================================
report_clock_latency
============================================================================
Clock clk
rise -> rise
    min     max
0.000000 0.000000 source latency
0.336702         network latency _0980_/CLK
        0.349662 network latency _0987_/CLK
---------------
0.336702 0.349662 latency
        0.012959 skew

fall -> fall
    min     max
0.000000 0.000000 source latency
0.287986         network latency _0980_/CLK
        0.300219 network latency _0987_/CLK
---------------
0.287986 0.300219 latency
        0.012233 skew



===========================================================================
report_clock_min_period
============================================================================
clk period_min = 2.91 fmax = 343.51
