Clock: clk
Sources: clk 
Generated: no
Virtual: yes
Propagated: no
Period: 25.000000

===========================================================================
report_clock_properties
============================================================================
Clock                   Period          Waveform
----------------------------------------------------
clk                  25.000000    0.000000 12.500000

===========================================================================
report_clock_latency
============================================================================
Clock clk
rise -> rise
    min     max
0.000000 0.000000 source latency
0.294241         network latency _436_/CLK
        0.516510 network latency _479_/CLK
---------------
0.294241 0.516510 latency
        0.222269 skew

rise -> fall
    min     max
0.000000 0.000000 source latency
0.535602         network latency _478_/CLK
        0.535638 network latency _479_/CLK
---------------
0.535602 0.535638 latency
        0.000037 skew

fall -> fall
    min     max
0.000000 0.000000 source latency
0.263048         network latency _436_/CLK
        0.272600 network latency _467_/CLK
---------------
0.263048 0.272600 latency
        0.009551 skew



===========================================================================
report_clock_min_period
============================================================================
clk period_min = 1.83 fmax = 545.75
