
===========================================================================
report_checks -unconstrained
===========================================================================
======================= max_ss_100C_1v60 Corner ===================================

Startpoint: nrst (input port clocked by clk)
Endpoint: _1289_ (recovery check against rising-edge clock clk)
Path Group: asynchronous
Path Type: max

Fanout         Cap        Slew       Delay        Time   Description
---------------------------------------------------------------------------------------------
                                  0.000000    0.000000   clock clk (rise edge)
                                  0.000000    0.000000   clock network delay (propagated)
                                  5.000000    5.000000 ^ input external delay
     2    0.003728    0.038465    0.020724    5.020724 ^ nrst (in)
                                                         nrst (net)
                      0.038465    0.000000    5.020724 ^ input6/A (sky130_fd_sc_hd__buf_2)
     5    0.048242    0.375268    0.398810    5.419534 ^ input6/X (sky130_fd_sc_hd__buf_2)
                                                         net6 (net)
                      0.375519    0.008064    5.427598 ^ fanout125/A (sky130_fd_sc_hd__buf_4)
    21    0.088862    0.393708    0.567829    5.995428 ^ fanout125/X (sky130_fd_sc_hd__buf_4)
                                                         net125 (net)
                      0.393828    0.005814    6.001241 ^ fanout124/A (sky130_fd_sc_hd__clkbuf_4)
    21    0.071891    0.343941    0.592107    6.593349 ^ fanout124/X (sky130_fd_sc_hd__clkbuf_4)
                                                         net124 (net)
                      0.344432    0.009130    6.602478 ^ fanout122/A (sky130_fd_sc_hd__clkbuf_4)
    21    0.068912    0.332655    0.558721    7.161199 ^ fanout122/X (sky130_fd_sc_hd__clkbuf_4)
                                                         net122 (net)
                      0.333358    0.011255    7.172453 ^ _1289_/RESET_B (sky130_fd_sc_hd__dfrtp_4)
                                              7.172453   data arrival time

                                 25.000000   25.000000   clock clk (rise edge)
                                  0.000000   25.000000   clock source latency
     2    0.031243    0.228659    0.158940   25.158939 ^ clk (in)
                                                         clk (net)
                      0.228696    0.000000   25.158939 ^ clkbuf_0_clk/A (sky130_fd_sc_hd__clkbuf_16)
     9    0.060949    0.122150    0.344507   25.503445 ^ clkbuf_0_clk/X (sky130_fd_sc_hd__clkbuf_16)
                                                         clknet_0_clk (net)
                      0.122234    0.002890   25.506336 ^ clkbuf_2_0__f_clk/A (sky130_fd_sc_hd__clkbuf_16)
    10    0.041522    0.095685    0.274719   25.781054 ^ clkbuf_2_0__f_clk/X (sky130_fd_sc_hd__clkbuf_16)
                                                         clknet_2_0__leaf_clk (net)
                      0.096018    0.003936   25.784990 ^ _1289_/CLK (sky130_fd_sc_hd__dfrtp_4)
                                 -0.250000   25.534992   clock uncertainty
                                  0.000000   25.534992   clock reconvergence pessimism
                                  0.329357   25.864347   library recovery time
                                             25.864347   data required time
---------------------------------------------------------------------------------------------
                                             25.864347   data required time
                                             -7.172453   data arrival time
---------------------------------------------------------------------------------------------
                                             18.691895   slack (MET)


Startpoint: prescaler[0] (input port clocked by clk)
Endpoint: _1281_ (rising edge-triggered flip-flop clocked by clk)
Path Group: clk
Path Type: max

Fanout         Cap        Slew       Delay        Time   Description
---------------------------------------------------------------------------------------------
                                  0.000000    0.000000   clock clk (rise edge)
                                  0.000000    0.000000   clock network delay (propagated)
                                  5.000000    5.000000 v input external delay
     2    0.003675    0.021854    0.012027    5.012027 v prescaler[0] (in)
                                                         prescaler[0] (net)
                      0.021855    0.000000    5.012027 v input7/A (sky130_fd_sc_hd__buf_1)
     2    0.016933    0.198814    0.254586    5.266613 v input7/X (sky130_fd_sc_hd__buf_1)
                                                         net7 (net)
                      0.198819    0.001293    5.267906 v fanout121/A (sky130_fd_sc_hd__buf_2)
    10    0.043777    0.204454    0.435378    5.703284 v fanout121/X (sky130_fd_sc_hd__buf_2)
                                                         net121 (net)
                      0.204478    0.002246    5.705531 v _0765_/B (sky130_fd_sc_hd__and2_1)
     4    0.012727    0.145960    0.462026    6.167556 v _0765_/X (sky130_fd_sc_hd__and2_1)
                                                         _0156_ (net)
                      0.145960    0.000598    6.168154 v _0766_/C (sky130_fd_sc_hd__or3_1)
     3    0.012322    0.237690    0.878399    7.046553 v _0766_/X (sky130_fd_sc_hd__or3_1)
                                                         _0157_ (net)
                      0.237690    0.000508    7.047060 v _0769_/B (sky130_fd_sc_hd__xor2_1)
     2    0.007382    0.170545    0.366715    7.413775 v _0769_/X (sky130_fd_sc_hd__xor2_1)
                                                         _0160_ (net)
                      0.170545    0.000324    7.414099 v _0770_/A2 (sky130_fd_sc_hd__a21oi_1)
     2    0.008103    0.326826    0.392409    7.806508 ^ _0770_/Y (sky130_fd_sc_hd__a21oi_1)
                                                         _0161_ (net)
                      0.326827    0.000420    7.806928 ^ _0771_/A_N (sky130_fd_sc_hd__and2b_1)
     1    0.003190    0.069014    0.453988    8.260916 v _0771_/X (sky130_fd_sc_hd__and2b_1)
                                                         _0162_ (net)
                      0.069014    0.000212    8.261128 v _0773_/B1 (sky130_fd_sc_hd__a21o_1)
     2    0.008069    0.101180    0.319657    8.580785 v _0773_/X (sky130_fd_sc_hd__a21o_1)
                                                         _0164_ (net)
                      0.101181    0.000560    8.581346 v _0776_/A (sky130_fd_sc_hd__xor2_1)
     2    0.005356    0.154002    0.326201    8.907547 v _0776_/X (sky130_fd_sc_hd__xor2_1)
                                                         _0167_ (net)
                      0.154002    0.000201    8.907747 v _0785_/A (sky130_fd_sc_hd__nand2_1)
     3    0.010485    0.172521    0.205613    9.113361 ^ _0785_/Y (sky130_fd_sc_hd__nand2_1)
                                                         _0176_ (net)
                      0.172525    0.000670    9.114031 ^ _0786_/A2 (sky130_fd_sc_hd__a21oi_2)
     4    0.017693    0.164265    0.224654    9.338685 v _0786_/Y (sky130_fd_sc_hd__a21oi_2)
                                                         _0177_ (net)
                      0.164332    0.000950    9.339635 v _0789_/A2 (sky130_fd_sc_hd__a211o_1)
     4    0.013758    0.176375    0.686935   10.026570 v _0789_/X (sky130_fd_sc_hd__a211o_1)
                                                         _0180_ (net)
                      0.176375    0.000748   10.027318 v _0940_/A2 (sky130_fd_sc_hd__a31o_1)
     2    0.011904    0.142175    0.492184   10.519502 v _0940_/X (sky130_fd_sc_hd__a31o_1)
                                                         _0331_ (net)
                      0.142176    0.000604   10.520106 v _0941_/A2 (sky130_fd_sc_hd__a21oi_1)
     1    0.009898    0.381948    0.422117   10.942224 ^ _0941_/Y (sky130_fd_sc_hd__a21oi_1)
                                                         _0332_ (net)
                      0.381949    0.000502   10.942725 ^ _0942_/B (sky130_fd_sc_hd__xnor2_2)
     5    0.026630    0.284004    0.371505   11.314231 v _0942_/Y (sky130_fd_sc_hd__xnor2_2)
                                                         _0333_ (net)
                      0.284015    0.002167   11.316398 v _0947_/A2 (sky130_fd_sc_hd__a211o_1)
     2    0.005216    0.108230    0.647510   11.963907 v _0947_/X (sky130_fd_sc_hd__a211o_1)
                                                         _0338_ (net)
                      0.108235    0.000306   11.964213 v _0953_/B (sky130_fd_sc_hd__or4_2)
     2    0.014487    0.300508    1.686324   13.650537 v _0953_/X (sky130_fd_sc_hd__or4_2)
                                                         _0344_ (net)
                      0.300508    0.001148   13.651685 v _1010_/A (sky130_fd_sc_hd__nor4_1)
     2    0.007199    0.640199    0.764410   14.416095 ^ _1010_/Y (sky130_fd_sc_hd__nor4_1)
                                                         _0401_ (net)
                      0.640199    0.000515   14.416610 ^ _1011_/C (sky130_fd_sc_hd__and3_1)
     4    0.019923    0.321022    0.670517   15.087127 ^ _1011_/X (sky130_fd_sc_hd__and3_1)
                                                         _0402_ (net)
                      0.321024    0.001505   15.088632 ^ _1013_/B1 (sky130_fd_sc_hd__a21oi_1)
     2    0.012013    0.270554    0.235758   15.324389 v _1013_/Y (sky130_fd_sc_hd__a21oi_1)
                                                         _0404_ (net)
                      0.270554    0.000723   15.325112 v fanout90/A (sky130_fd_sc_hd__clkbuf_4)
    21    0.075859    0.274159    0.517172   15.842284 v fanout90/X (sky130_fd_sc_hd__clkbuf_4)
                                                         net90 (net)
                      0.274233    0.004469   15.846754 v _1101_/A2 (sky130_fd_sc_hd__a221o_1)
     2    0.005672    0.119879    0.751598   16.598352 v _1101_/X (sky130_fd_sc_hd__a221o_1)
                                                         _0475_ (net)
                      0.119879    0.000313   16.598663 v _1190_/C1 (sky130_fd_sc_hd__o2111a_1)
     1    0.010438    0.139015    0.314193   16.912857 v _1190_/X (sky130_fd_sc_hd__o2111a_1)
                                                         _0549_ (net)
                      0.139020    0.000972   16.913830 v _1192_/C1 (sky130_fd_sc_hd__a2111oi_1)
     1    0.002909    0.541098    0.590186   17.504015 ^ _1192_/Y (sky130_fd_sc_hd__a2111oi_1)
                                                         _0551_ (net)
                      0.541098    0.000165   17.504179 ^ _1198_/C (sky130_fd_sc_hd__and4_1)
     1    0.002623    0.099732    0.520204   18.024384 ^ _1198_/X (sky130_fd_sc_hd__and4_1)
                                                         _0557_ (net)
                      0.099732    0.000160   18.024544 ^ _1222_/A (sky130_fd_sc_hd__and4_2)
     3    0.030066    0.300665    0.633644   18.658188 ^ _1222_/X (sky130_fd_sc_hd__and4_2)
                                                         clk_divider.next_flag (net)
                      0.300742    0.004663   18.662851 ^ _1281_/D (sky130_fd_sc_hd__dfrtp_1)
                                             18.662851   data arrival time

                                 25.000000   25.000000   clock clk (rise edge)
                                  0.000000   25.000000   clock source latency
     2    0.031243    0.228659    0.158940   25.158939 ^ clk (in)
                                                         clk (net)
                      0.228696    0.000000   25.158939 ^ clkbuf_0_clk/A (sky130_fd_sc_hd__clkbuf_16)
     9    0.060949    0.122150    0.344507   25.503445 ^ clkbuf_0_clk/X (sky130_fd_sc_hd__clkbuf_16)
                                                         clknet_0_clk (net)
                      0.122354    0.004256   25.507702 ^ clkbuf_2_2__f_clk/A (sky130_fd_sc_hd__clkbuf_16)
    19    0.050555    0.107896    0.284457   25.792158 ^ clkbuf_2_2__f_clk/X (sky130_fd_sc_hd__clkbuf_16)
                                                         clknet_2_2__leaf_clk (net)
                      0.108048    0.003507   25.795666 ^ _1281_/CLK (sky130_fd_sc_hd__dfrtp_1)
                                 -0.250000   25.545666   clock uncertainty
                                  0.000000   25.545666   clock reconvergence pessimism
                                 -0.184459   25.361208   library setup time
                                             25.361208   data required time
---------------------------------------------------------------------------------------------
                                             25.361208   data required time
                                            -18.662851   data arrival time
---------------------------------------------------------------------------------------------
                                              6.698356   slack (MET)




===========================================================================
report_checks --slack_max -0.01
============================================================================
======================= max_ss_100C_1v60 Corner ===================================

No paths found.


===========================================================================
 report_check_types -max_slew -max_cap -max_fanout -violators
============================================================================
======================= max_ss_100C_1v60 Corner ===================================

max fanout

Pin                                   Limit Fanout  Slack
---------------------------------------------------------
clkbuf_2_1__f_clk/X                      10     25    -15 (VIOLATED)
_0616_/Y                                 10     21    -11 (VIOLATED)
_1005_/X                                 10     21    -11 (VIOLATED)
fanout103/X                              10     21    -11 (VIOLATED)
fanout110/X                              10     21    -11 (VIOLATED)
fanout122/X                              10     21    -11 (VIOLATED)
fanout124/X                              10     21    -11 (VIOLATED)
fanout125/X                              10     21    -11 (VIOLATED)
fanout126/X                              10     21    -11 (VIOLATED)
fanout127/X                              10     21    -11 (VIOLATED)
fanout90/X                               10     21    -11 (VIOLATED)
input11/X                                10     21    -11 (VIOLATED)
input12/X                                10     21    -11 (VIOLATED)
input15/X                                10     21    -11 (VIOLATED)
input8/X                                 10     21    -11 (VIOLATED)
clkbuf_2_2__f_clk/X                      10     19     -9 (VIOLATED)
input14/X                                10     19     -9 (VIOLATED)
input17/X                                10     19     -9 (VIOLATED)
input18/X                                10     19     -9 (VIOLATED)
clkbuf_2_3__f_clk/X                      10     17     -7 (VIOLATED)
fanout120/X                              10     17     -7 (VIOLATED)
input19/X                                10     17     -7 (VIOLATED)
_0632_/X                                 10     15     -5 (VIOLATED)



===========================================================================
report_parasitic_annotation -report_unannotated
============================================================================
Found 129 unannotated drivers.
 gpio_in[0]
 gpio_in[10]
 gpio_in[11]
 gpio_in[12]
 gpio_in[13]
 gpio_in[14]
 gpio_in[15]
 gpio_in[16]
 gpio_in[17]
 gpio_in[18]
 gpio_in[19]
 gpio_in[1]
 gpio_in[20]
 gpio_in[21]
 gpio_in[22]
 gpio_in[23]
 gpio_in[24]
 gpio_in[25]
 gpio_in[26]
 gpio_in[27]
 gpio_in[28]
 gpio_in[29]
 gpio_in[2]
 gpio_in[30]
 gpio_in[31]
 gpio_in[32]
 gpio_in[33]
 gpio_in[3]
 gpio_in[4]
 gpio_in[5]
 gpio_in[6]
 gpio_in[7]
 gpio_in[8]
 gpio_in[9]
 la_data_in[10]
 la_data_in[11]
 la_data_in[12]
 la_data_in[13]
 la_data_in[14]
 la_data_in[15]
 la_data_in[16]
 la_data_in[17]
 la_data_in[18]
 la_data_in[19]
 la_data_in[20]
 la_data_in[21]
 la_data_in[22]
 la_data_in[23]
 la_data_in[24]
 la_data_in[25]
 la_data_in[26]
 la_data_in[27]
 la_data_in[28]
 la_data_in[29]
 la_data_in[2]
 la_data_in[30]
 la_data_in[31]
 la_data_in[3]
 la_data_in[4]
 la_data_in[5]
 la_data_in[6]
 la_data_in[7]
 la_data_in[8]
 la_data_in[9]
 la_oenb[10]
 la_oenb[11]
 la_oenb[12]
 la_oenb[13]
 la_oenb[14]
 la_oenb[15]
 la_oenb[16]
 la_oenb[17]
 la_oenb[18]
 la_oenb[19]
 la_oenb[20]
 la_oenb[21]
 la_oenb[22]
 la_oenb[23]
 la_oenb[24]
 la_oenb[25]
 la_oenb[26]
 la_oenb[27]
 la_oenb[28]
 la_oenb[29]
 la_oenb[2]
 la_oenb[30]
 la_oenb[31]
 la_oenb[3]
 la_oenb[4]
 la_oenb[5]
 la_oenb[6]
 la_oenb[7]
 la_oenb[8]
 la_oenb[9]
 clkload0/Y
 clkload1/Y
 clkload2/Y
 team_00_128/HI
 team_00_129/HI
 team_00_130/HI
 team_00_131/HI
 team_00_132/HI
 team_00_133/HI
 team_00_134/HI
 team_00_135/HI
 team_00_136/HI
 team_00_137/HI
 team_00_138/HI
 team_00_139/HI
 team_00_140/HI
 team_00_141/HI
 team_00_142/HI
 team_00_143/HI
 team_00_144/HI
 team_00_145/HI
 team_00_146/HI
 team_00_147/HI
 team_00_148/HI
 team_00_149/HI
 team_00_150/HI
 team_00_151/HI
 team_00_152/HI
 team_00_153/HI
 team_00_154/HI
 team_00_155/HI
 team_00_156/HI
 team_00_157/HI
 team_00_158/HI
 team_00_159/HI
Found 0 partially unannotated drivers.

===========================================================================
max slew violation count 0
max fanout violation count 23
max cap violation count 0
============================================================================

===========================================================================
check_setup -verbose -unconstrained_endpoints -multiple_clock -no_clock -no_input_delay -loops -generated_clocks
===========================================================================
Warning: There are 32 unconstrained endpoints.
  la_data_out[0]
  la_data_out[10]
  la_data_out[11]
  la_data_out[12]
  la_data_out[13]
  la_data_out[14]
  la_data_out[15]
  la_data_out[16]
  la_data_out[17]
  la_data_out[18]
  la_data_out[19]
  la_data_out[1]
  la_data_out[20]
  la_data_out[21]
  la_data_out[22]
  la_data_out[23]
  la_data_out[24]
  la_data_out[25]
  la_data_out[26]
  la_data_out[27]
  la_data_out[28]
  la_data_out[29]
  la_data_out[2]
  la_data_out[30]
  la_data_out[31]
  la_data_out[3]
  la_data_out[4]
  la_data_out[5]
  la_data_out[6]
  la_data_out[7]
  la_data_out[8]
  la_data_out[9]
