Clock: clk
Sources: clk 
Generated: no
Virtual: yes
Propagated: no
Period: 25.000000

===========================================================================
report_clock_properties
============================================================================
Clock                   Period          Waveform
----------------------------------------------------
clk                  25.000000    0.000000 12.500000

===========================================================================
report_clock_latency
============================================================================
Clock clk
rise -> rise
    min     max
0.000000 0.000000 source latency
0.691458         network latency _1295_/CLK
        0.704333 network latency _1287_/CLK
---------------
0.691458 0.704333 latency
        0.012875 skew

fall -> fall
    min     max
0.000000 0.000000 source latency
0.649434         network latency _1295_/CLK
        0.660595 network latency _1287_/CLK
---------------
0.649434 0.660595 latency
        0.011161 skew



===========================================================================
report_clock_min_period
============================================================================
clk period_min = 10.50 fmax = 95.27
