
===========================================================================
report_checks -unconstrained
===========================================================================
======================= max_ff_n40C_1v95 Corner ===================================

Startpoint: _3506_ (rising edge-triggered flip-flop clocked by clk)
Endpoint: _3200_ (recovery check against rising-edge clock clk)
Path Group: asynchronous
Path Type: max

Fanout         Cap        Slew       Delay        Time   Description
---------------------------------------------------------------------------------------------
                                  0.000000    0.000000   clock clk (rise edge)
                                  0.000000    0.000000   clock source latency
     2    0.038277    0.132647    0.093312    0.093312 ^ clk (in)
                                                         clk (net)
                      0.132922    0.000000    0.093312 ^ clkbuf_0_clk/A (sky130_fd_sc_hd__clkbuf_16)
     9    0.095088    0.086663    0.149805    0.243117 ^ clkbuf_0_clk/X (sky130_fd_sc_hd__clkbuf_16)
                                                         clknet_0_clk (net)
                      0.087517    0.006851    0.249968 ^ clkbuf_2_1__f_clk/A (sky130_fd_sc_hd__clkbuf_16)
    27    0.142264    0.119989    0.163455    0.413423 ^ clkbuf_2_1__f_clk/X (sky130_fd_sc_hd__clkbuf_16)
                                                         clknet_2_1__leaf_clk (net)
                      0.121352    0.010178    0.423601 ^ clkbuf_leaf_17_clk/A (sky130_fd_sc_hd__clkbuf_8)
     9    0.045357    0.068512    0.135219    0.558819 ^ clkbuf_leaf_17_clk/X (sky130_fd_sc_hd__clkbuf_8)
                                                         clknet_leaf_17_clk (net)
                      0.068675    0.002333    0.561153 ^ _3506_/CLK (sky130_fd_sc_hd__dfxtp_1)
     1    0.003710    0.035082    0.199433    0.760586 ^ _3506_/Q (sky130_fd_sc_hd__dfxtp_1)
                                                         MATMULT_INST.matmult_inst.addr[0] (net)
                      0.035082    0.000279    0.760865 ^ fanout154/A (sky130_fd_sc_hd__clkbuf_2)
    11    0.050852    0.212757    0.188666    0.949530 ^ fanout154/X (sky130_fd_sc_hd__clkbuf_2)
                                                         net154 (net)
                      0.212787    0.002118    0.951648 ^ fanout149/A (sky130_fd_sc_hd__clkbuf_2)
    11    0.050294    0.210486    0.216711    1.168360 ^ fanout149/X (sky130_fd_sc_hd__clkbuf_2)
                                                         net149 (net)
                      0.210500    0.001440    1.169800 ^ fanout148/A (sky130_fd_sc_hd__buf_2)
    21    0.055802    0.204961    0.219721    1.389521 ^ fanout148/X (sky130_fd_sc_hd__buf_2)
                                                         net148 (net)
                      0.205037    0.003274    1.392796 ^ _1618_/A (sky130_fd_sc_hd__and2_2)
     7    0.034409    0.136211    0.193432    1.586227 ^ _1618_/X (sky130_fd_sc_hd__and2_2)
                                                         _0548_ (net)
                      0.136282    0.001414    1.587641 ^ _1830_/A (sky130_fd_sc_hd__or3b_2)
     7    0.031405    0.141356    0.175034    1.762675 ^ _1830_/X (sky130_fd_sc_hd__or3b_2)
                                                         _0734_ (net)
                      0.141468    0.003239    1.765914 ^ fanout57/A (sky130_fd_sc_hd__dlymetal6s2s_1)
     7    0.024276    0.195144    0.188810    1.954724 ^ fanout57/X (sky130_fd_sc_hd__dlymetal6s2s_1)
                                                         net57 (net)
                      0.195149    0.000745    1.955469 ^ fanout56/A (sky130_fd_sc_hd__clkbuf_2)
     9    0.029999    0.128266    0.162169    2.117638 ^ fanout56/X (sky130_fd_sc_hd__clkbuf_2)
                                                         net56 (net)
                      0.128317    0.002095    2.119732 ^ fanout55/A (sky130_fd_sc_hd__clkbuf_2)
    10    0.031906    0.135888    0.160721    2.280453 ^ fanout55/X (sky130_fd_sc_hd__clkbuf_2)
                                                         net55 (net)
                      0.135932    0.002008    2.282462 ^ _3119_/A (sky130_fd_sc_hd__and3_1)
     1    0.004067    0.044564    0.109292    2.391753 ^ _3119_/X (sky130_fd_sc_hd__and3_1)
                                                         _0023_ (net)
                      0.044565    0.000214    2.391968 ^ _3200_/RESET_B (sky130_fd_sc_hd__dfrtp_4)
                                              2.391968   data arrival time

                                 25.000000   25.000000   clock clk (rise edge)
                                  0.000000   25.000000   clock source latency
     2    0.038277    0.132647    0.093312   25.093311 ^ clk (in)
                                                         clk (net)
                      0.132922    0.000000   25.093311 ^ clkbuf_0_clk/A (sky130_fd_sc_hd__clkbuf_16)
     9    0.095088    0.086663    0.149806   25.243116 ^ clkbuf_0_clk/X (sky130_fd_sc_hd__clkbuf_16)
                                                         clknet_0_clk (net)
                      0.087468    0.006656   25.249773 ^ clkbuf_2_3__f_clk/A (sky130_fd_sc_hd__clkbuf_16)
    21    0.122995    0.107085    0.153616   25.403389 ^ clkbuf_2_3__f_clk/X (sky130_fd_sc_hd__clkbuf_16)
                                                         clknet_2_3__leaf_clk (net)
                      0.108167    0.008637   25.412025 ^ clkbuf_leaf_23_clk/A (sky130_fd_sc_hd__clkbuf_8)
     9    0.038359    0.059907    0.125521   25.537546 ^ clkbuf_leaf_23_clk/X (sky130_fd_sc_hd__clkbuf_8)
                                                         clknet_leaf_23_clk (net)
                      0.060034    0.001867   25.539413 ^ _3200_/CLK (sky130_fd_sc_hd__dfrtp_4)
                                 -0.250000   25.289413   clock uncertainty
                                  0.000000   25.289413   clock reconvergence pessimism
                                  0.131377   25.420792   library recovery time
                                             25.420792   data required time
---------------------------------------------------------------------------------------------
                                             25.420792   data required time
                                             -2.391968   data arrival time
---------------------------------------------------------------------------------------------
                                             23.028824   slack (MET)


Startpoint: _3644_ (rising edge-triggered flip-flop clocked by clk)
Endpoint: gpio_out[4] (output port clocked by clk)
Path Group: clk
Path Type: max

Fanout         Cap        Slew       Delay        Time   Description
---------------------------------------------------------------------------------------------
                                  0.000000    0.000000   clock clk (rise edge)
                                  0.000000    0.000000   clock source latency
     2    0.038277    0.132647    0.093312    0.093312 ^ clk (in)
                                                         clk (net)
                      0.132922    0.000000    0.093312 ^ clkbuf_0_clk/A (sky130_fd_sc_hd__clkbuf_16)
     9    0.095088    0.086663    0.149805    0.243117 ^ clkbuf_0_clk/X (sky130_fd_sc_hd__clkbuf_16)
                                                         clknet_0_clk (net)
                      0.087771    0.007783    0.250900 ^ clkbuf_2_2__f_clk/A (sky130_fd_sc_hd__clkbuf_16)
    17    0.110686    0.097256    0.147937    0.398837 ^ clkbuf_2_2__f_clk/X (sky130_fd_sc_hd__clkbuf_16)
                                                         clknet_2_2__leaf_clk (net)
                      0.098209    0.007702    0.406539 ^ clkbuf_leaf_33_clk/A (sky130_fd_sc_hd__clkbuf_8)
    16    0.049628    0.073529    0.132894    0.539433 ^ clkbuf_leaf_33_clk/X (sky130_fd_sc_hd__clkbuf_8)
                                                         clknet_leaf_33_clk (net)
                      0.073641    0.001874    0.541307 ^ _3644_/CLK (sky130_fd_sc_hd__dfxtp_1)
     5    0.011616    0.043934    0.220490    0.761797 v _3644_/Q (sky130_fd_sc_hd__dfxtp_1)
                                                         MATMULT_INST.matmult_inst.fsm_inst.state[2] (net)
                      0.043941    0.000578    0.762375 v fanout133/A (sky130_fd_sc_hd__buf_2)
    10    0.037582    0.068266    0.125727    0.888103 v fanout133/X (sky130_fd_sc_hd__buf_2)
                                                         net133 (net)
                      0.068359    0.002233    0.890336 v _1609_/B (sky130_fd_sc_hd__nor2_1)
     4    0.014672    0.194110    0.170958    1.061294 ^ _1609_/Y (sky130_fd_sc_hd__nor2_1)
                                                         _0540_ (net)
                      0.194115    0.000850    1.062144 ^ _1610_/B (sky130_fd_sc_hd__nand2_2)
     6    0.019636    0.075871    0.079059    1.141203 v _1610_/Y (sky130_fd_sc_hd__nand2_2)
                                                         _0541_ (net)
                      0.075878    0.000579    1.141783 v _1612_/B (sky130_fd_sc_hd__nor2_2)
     7    0.032610    0.260480    0.219566    1.361349 ^ _1612_/Y (sky130_fd_sc_hd__nor2_2)
                                                         _0543_ (net)
                      0.260550    0.003537    1.364885 ^ _1869_/B (sky130_fd_sc_hd__and3_1)
     3    0.024439    0.185185    0.227744    1.592630 ^ _1869_/X (sky130_fd_sc_hd__and3_1)
                                                         MATMULT_INST.matmult_inst.fsm_inst.transaction_ready (net)
                      0.185267    0.001813    1.594443 ^ _3717_/A (sky130_fd_sc_hd__clkbuf_1)
     1    0.002650    0.032950    0.059274    1.653717 ^ _3717_/X (sky130_fd_sc_hd__clkbuf_1)
                                                         net5 (net)
                      0.032951    0.000174    1.653891 ^ output5/A (sky130_fd_sc_hd__buf_2)
     1    0.034161    0.127541    0.136887    1.790778 ^ output5/X (sky130_fd_sc_hd__buf_2)
                                                         gpio_out[4] (net)
                      0.127574    0.001703    1.792481 ^ gpio_out[4] (out)
                                              1.792481   data arrival time

                                 25.000000   25.000000   clock clk (rise edge)
                                  0.000000   25.000000   clock network delay (propagated)
                                 -0.250000   24.750000   clock uncertainty
                                  0.000000   24.750000   clock reconvergence pessimism
                                 -5.000000   19.750000   output external delay
                                             19.750000   data required time
---------------------------------------------------------------------------------------------
                                             19.750000   data required time
                                             -1.792481   data arrival time
---------------------------------------------------------------------------------------------
                                             17.957520   slack (MET)




===========================================================================
report_checks --slack_max -0.01
============================================================================
======================= max_ff_n40C_1v95 Corner ===================================

No paths found.


===========================================================================
 report_check_types -max_slew -max_cap -max_fanout -violators
============================================================================
======================= max_ff_n40C_1v95 Corner ===================================

max fanout

Pin                                   Limit Fanout  Slack
---------------------------------------------------------
clkbuf_2_1__f_clk/X                      10     27    -17 (VIOLATED)
clkbuf_2_0__f_clk/X                      10     21    -11 (VIOLATED)
clkbuf_2_3__f_clk/X                      10     21    -11 (VIOLATED)
fanout10/X                               10     21    -11 (VIOLATED)
fanout103/X                              10     21    -11 (VIOLATED)
fanout104/X                              10     21    -11 (VIOLATED)
fanout108/X                              10     21    -11 (VIOLATED)
fanout112/X                              10     21    -11 (VIOLATED)
fanout114/X                              10     21    -11 (VIOLATED)
fanout12/X                               10     21    -11 (VIOLATED)
fanout120/X                              10     21    -11 (VIOLATED)
fanout121/X                              10     21    -11 (VIOLATED)
fanout128/X                              10     21    -11 (VIOLATED)
fanout129/X                              10     21    -11 (VIOLATED)
fanout14/X                               10     21    -11 (VIOLATED)
fanout140/X                              10     21    -11 (VIOLATED)
fanout143/X                              10     21    -11 (VIOLATED)
fanout148/X                              10     21    -11 (VIOLATED)
fanout150/X                              10     21    -11 (VIOLATED)
fanout152/X                              10     21    -11 (VIOLATED)
fanout16/X                               10     21    -11 (VIOLATED)
fanout173/X                              10     21    -11 (VIOLATED)
fanout176/X                              10     21    -11 (VIOLATED)
fanout178/X                              10     21    -11 (VIOLATED)
fanout18/X                               10     21    -11 (VIOLATED)
fanout190/X                              10     21    -11 (VIOLATED)
fanout20/X                               10     21    -11 (VIOLATED)
fanout208/X                              10     21    -11 (VIOLATED)
fanout210/X                              10     21    -11 (VIOLATED)
fanout216/X                              10     21    -11 (VIOLATED)
fanout217/X                              10     21    -11 (VIOLATED)
fanout219/X                              10     21    -11 (VIOLATED)
fanout22/X                               10     21    -11 (VIOLATED)
fanout220/X                              10     21    -11 (VIOLATED)
fanout222/X                              10     21    -11 (VIOLATED)
fanout223/X                              10     21    -11 (VIOLATED)
fanout24/X                               10     21    -11 (VIOLATED)
fanout26/X                               10     21    -11 (VIOLATED)
fanout28/X                               10     21    -11 (VIOLATED)
fanout30/X                               10     21    -11 (VIOLATED)
fanout34/X                               10     21    -11 (VIOLATED)
fanout35/X                               10     21    -11 (VIOLATED)
fanout38/X                               10     21    -11 (VIOLATED)
fanout39/X                               10     21    -11 (VIOLATED)
fanout58/X                               10     21    -11 (VIOLATED)
fanout63/X                               10     21    -11 (VIOLATED)
fanout67/X                               10     21    -11 (VIOLATED)
fanout71/X                               10     21    -11 (VIOLATED)
fanout74/X                               10     21    -11 (VIOLATED)
fanout8/X                                10     21    -11 (VIOLATED)
fanout82/X                               10     21    -11 (VIOLATED)
fanout87/X                               10     21    -11 (VIOLATED)
fanout93/X                               10     21    -11 (VIOLATED)
fanout97/X                               10     21    -11 (VIOLATED)
_1614_/X                                 10     19     -9 (VIOLATED)
_1849_/X                                 10     19     -9 (VIOLATED)
fanout137/X                              10     19     -9 (VIOLATED)
fanout21/X                               10     19     -9 (VIOLATED)
fanout27/X                               10     19     -9 (VIOLATED)
fanout64/X                               10     19     -9 (VIOLATED)
fanout73/X                               10     19     -9 (VIOLATED)
_2678_/Y                                 10     17     -7 (VIOLATED)
_2696_/Y                                 10     17     -7 (VIOLATED)
clkbuf_2_2__f_clk/X                      10     17     -7 (VIOLATED)
clkbuf_leaf_0_clk/X                      10     17     -7 (VIOLATED)
clkbuf_leaf_27_clk/X                     10     17     -7 (VIOLATED)
clkbuf_leaf_34_clk/X                     10     17     -7 (VIOLATED)
clkbuf_leaf_9_clk/X                      10     17     -7 (VIOLATED)
fanout123/X                              10     17     -7 (VIOLATED)
fanout13/X                               10     17     -7 (VIOLATED)
fanout131/X                              10     17     -7 (VIOLATED)
fanout15/X                               10     17     -7 (VIOLATED)
fanout17/X                               10     17     -7 (VIOLATED)
fanout19/X                               10     17     -7 (VIOLATED)
fanout200/X                              10     17     -7 (VIOLATED)
fanout203/X                              10     17     -7 (VIOLATED)
fanout23/X                               10     17     -7 (VIOLATED)
fanout25/X                               10     17     -7 (VIOLATED)
fanout29/X                               10     17     -7 (VIOLATED)
fanout31/X                               10     17     -7 (VIOLATED)
fanout62/X                               10     17     -7 (VIOLATED)
fanout9/X                                10     17     -7 (VIOLATED)
clkbuf_leaf_20_clk/X                     10     16     -6 (VIOLATED)
clkbuf_leaf_33_clk/X                     10     16     -6 (VIOLATED)
clkbuf_leaf_3_clk/X                      10     16     -6 (VIOLATED)
clkbuf_leaf_7_clk/X                      10     16     -6 (VIOLATED)
clkbuf_leaf_8_clk/X                      10     16     -6 (VIOLATED)
clkbuf_leaf_13_clk/X                     10     15     -5 (VIOLATED)
clkbuf_leaf_15_clk/X                     10     15     -5 (VIOLATED)
clkbuf_leaf_18_clk/X                     10     15     -5 (VIOLATED)
clkbuf_leaf_24_clk/X                     10     15     -5 (VIOLATED)
clkbuf_leaf_26_clk/X                     10     15     -5 (VIOLATED)
fanout145/X                              10     15     -5 (VIOLATED)
fanout218/X                              10     15     -5 (VIOLATED)
fanout221/X                              10     15     -5 (VIOLATED)
clkbuf_leaf_25_clk/X                     10     14     -4 (VIOLATED)
_3579_/Q                                 10     13     -3 (VIOLATED)
clkbuf_leaf_10_clk/X                     10     13     -3 (VIOLATED)
clkbuf_leaf_16_clk/X                     10     13     -3 (VIOLATED)
clkbuf_leaf_6_clk/X                      10     13     -3 (VIOLATED)
fanout106/X                              10     13     -3 (VIOLATED)
fanout107/X                              10     13     -3 (VIOLATED)
fanout66/X                               10     13     -3 (VIOLATED)
fanout96/X                               10     13     -3 (VIOLATED)
clkbuf_leaf_12_clk/X                     10     12     -2 (VIOLATED)
clkbuf_leaf_1_clk/X                      10     12     -2 (VIOLATED)
clkbuf_leaf_28_clk/X                     10     12     -2 (VIOLATED)
clkbuf_leaf_4_clk/X                      10     12     -2 (VIOLATED)
clkbuf_leaf_5_clk/X                      10     12     -2 (VIOLATED)
_1627_/X                                 10     11        (VIOLATED)
clkbuf_leaf_11_clk/X                     10     11        (VIOLATED)
clkbuf_leaf_14_clk/X                     10     11        (VIOLATED)
clkbuf_leaf_19_clk/X                     10     11        (VIOLATED)
fanout111/X                              10     11        (VIOLATED)
fanout149/X                              10     11        (VIOLATED)
fanout154/X                              10     11        (VIOLATED)
fanout228/X                              10     11        (VIOLATED)
fanout86/X                               10     11        (VIOLATED)
fanout98/X                               10     11        (VIOLATED)
input2/X                                 10     11        (VIOLATED)



===========================================================================
report_parasitic_annotation -report_unannotated
============================================================================
Found 136 unannotated drivers.
 en
 gpio_in[10]
 gpio_in[11]
 gpio_in[12]
 gpio_in[13]
 gpio_in[14]
 gpio_in[15]
 gpio_in[16]
 gpio_in[17]
 gpio_in[18]
 gpio_in[19]
 gpio_in[20]
 gpio_in[21]
 gpio_in[22]
 gpio_in[23]
 gpio_in[24]
 gpio_in[25]
 gpio_in[26]
 gpio_in[27]
 gpio_in[28]
 gpio_in[29]
 gpio_in[30]
 gpio_in[31]
 gpio_in[32]
 gpio_in[33]
 gpio_in[3]
 gpio_in[4]
 gpio_in[5]
 gpio_in[6]
 gpio_in[7]
 gpio_in[8]
 gpio_in[9]
 nrst
 _3596__293/LO
 clkload0/Y
 clkload1/Y
 clkload10/Y
 clkload11/Y
 clkload12/Y
 clkload13/X
 clkload14/X
 clkload15/Y
 clkload16/Y
 clkload17/Y
 clkload18/Y
 clkload19/Y
 clkload2/Y
 clkload20/Y
 clkload21/Y
 clkload22/Y
 clkload23/Y
 clkload24/Y
 clkload25/Y
 clkload26/Y
 clkload27/X
 clkload28/X
 clkload29/Y
 clkload3/X
 clkload30/X
 clkload31/Y
 clkload32/Y
 clkload33/Y
 clkload34/X
 clkload35/X
 clkload4/Y
 clkload5/Y
 clkload6/X
 clkload7/Y
 clkload8/Y
 clkload9/Y
 team_02_229/HI
 team_02_230/HI
 team_02_231/HI
 team_02_232/HI
 team_02_233/HI
 team_02_234/HI
 team_02_235/HI
 team_02_236/HI
 team_02_237/HI
 team_02_238/HI
 team_02_239/HI
 team_02_240/HI
 team_02_241/HI
 team_02_242/HI
 team_02_243/HI
 team_02_244/HI
 team_02_245/HI
 team_02_246/HI
 team_02_247/HI
 team_02_248/HI
 team_02_249/HI
 team_02_250/HI
 team_02_251/HI
 team_02_252/HI
 team_02_253/HI
 team_02_254/HI
 team_02_255/HI
 team_02_256/HI
 team_02_257/HI
 team_02_258/HI
 team_02_259/HI
 team_02_260/HI
 team_02_261/HI
 team_02_262/HI
 team_02_263/HI
 team_02_264/HI
 team_02_265/HI
 team_02_266/HI
 team_02_267/HI
 team_02_268/HI
 team_02_269/HI
 team_02_270/HI
 team_02_271/HI
 team_02_272/HI
 team_02_273/HI
 team_02_274/HI
 team_02_275/HI
 team_02_276/HI
 team_02_277/HI
 team_02_278/HI
 team_02_279/HI
 team_02_280/HI
 team_02_281/HI
 team_02_282/HI
 team_02_283/HI
 team_02_284/HI
 team_02_285/HI
 team_02_286/HI
 team_02_287/HI
 team_02_288/HI
 team_02_289/HI
 team_02_290/HI
 team_02_291/HI
 team_02_292/HI
 team_02_294/LO
 team_02_295/LO
Found 0 partially unannotated drivers.

===========================================================================
max slew violation count 0
max fanout violation count 120
max cap violation count 0
============================================================================

===========================================================================
check_setup -verbose -unconstrained_endpoints -multiple_clock -no_clock -no_input_delay -loops -generated_clocks
===========================================================================
Warning: There are 38 unclocked register/latch pins.
  _3528_/CLK
  _3529_/CLK
  _3530_/CLK
  _3531_/CLK
  _3533_/CLK
  _3534_/CLK
  _3535_/CLK
  _3536_/CLK
  _3537_/CLK
  _3538_/CLK
  _3539_/CLK
  _3540_/CLK
  _3542_/CLK
  _3544_/CLK
  _3545_/CLK
  _3546_/CLK
  _3547_/CLK
  _3548_/CLK
  _3549_/CLK
  _3550_/CLK
  _3580_/CLK
  _3581_/CLK
  _3582_/CLK
  _3583_/CLK
  _3584_/CLK
  _3585_/CLK
  _3586_/CLK
  _3587_/CLK
  _3588_/CLK
  _3589_/CLK
  _3590_/CLK
  _3591_/CLK
  _3592_/CLK
  _3593_/CLK
  _3594_/CLK
  _3595_/CLK
  _3596_/CLK
  _3615_/CLK
Warning: There are 113 unconstrained endpoints.
  gpio_oeb[0]
  gpio_oeb[10]
  gpio_oeb[11]
  gpio_oeb[12]
  gpio_oeb[13]
  gpio_oeb[14]
  gpio_oeb[15]
  gpio_oeb[16]
  gpio_oeb[17]
  gpio_oeb[18]
  gpio_oeb[19]
  gpio_oeb[1]
  gpio_oeb[20]
  gpio_oeb[21]
  gpio_oeb[22]
  gpio_oeb[23]
  gpio_oeb[24]
  gpio_oeb[25]
  gpio_oeb[26]
  gpio_oeb[27]
  gpio_oeb[28]
  gpio_oeb[29]
  gpio_oeb[2]
  gpio_oeb[30]
  gpio_oeb[31]
  gpio_oeb[32]
  gpio_oeb[33]
  gpio_oeb[3]
  gpio_oeb[4]
  gpio_oeb[5]
  gpio_oeb[6]
  gpio_oeb[7]
  gpio_oeb[8]
  gpio_oeb[9]
  gpio_out[0]
  gpio_out[10]
  gpio_out[11]
  gpio_out[12]
  gpio_out[13]
  gpio_out[14]
  gpio_out[15]
  gpio_out[16]
  gpio_out[17]
  gpio_out[18]
  gpio_out[19]
  gpio_out[1]
  gpio_out[20]
  gpio_out[21]
  gpio_out[22]
  gpio_out[23]
  gpio_out[24]
  gpio_out[25]
  gpio_out[26]
  gpio_out[27]
  gpio_out[28]
  gpio_out[29]
  gpio_out[2]
  gpio_out[30]
  gpio_out[31]
  gpio_out[32]
  gpio_out[33]
  gpio_out[5]
  gpio_out[6]
  gpio_out[7]
  gpio_out[8]
  gpio_out[9]
  _3528_/D
  _3529_/D
  _3530_/D
  _3531_/D
  _3533_/D
  _3534_/D
  _3535_/D
  _3536_/D
  _3537_/D
  _3538_/D
  _3539_/D
  _3540_/D
  _3542_/D
  _3544_/D
  _3545_/D
  _3546_/D
  _3547_/D
  _3548_/D
  _3549_/D
  _3550_/D
  _3551_/D
  _3580_/D
  _3581_/D
  _3582_/D
  _3583_/D
  _3584_/D
  _3585_/D
  _3586_/D
  _3587_/D
  _3588_/D
  _3589_/D
  _3590_/D
  _3591_/D
  _3592_/D
  _3593_/D
  _3594_/D
  _3595_/D
  _3596_/D
  _3615_/D
  _3616_/D
  _3617_/D
  _3618_/D
  _3619_/D
  _3620_/D
  _3621_/D
  _3622_/D
  _3623_/D
