Clock: clk
Sources: clk 
Generated: no
Virtual: yes
Propagated: no
Period: 25.000000

===========================================================================
report_clock_properties
============================================================================
Clock                   Period          Waveform
----------------------------------------------------
clk                  25.000000    0.000000 12.500000

===========================================================================
report_clock_latency
============================================================================
Clock clk
rise -> rise
    min     max
0.000000 0.000000 source latency
0.405060         network latency _3516_/CLK
        5.751970 network latency _3593_/CLK
---------------
0.405060 5.751970 latency
        5.346910 skew

rise -> fall
    min     max
0.000000 0.000000 source latency
5.317776         network latency _3615_/CLK
        5.765353 network latency _3531_/CLK
---------------
5.317776 5.765353 latency
        0.447577 skew

fall -> fall
    min     max
0.000000 0.000000 source latency
0.334468         network latency _3516_/CLK
        0.484000 network latency _3526_/CLK
---------------
0.334468 0.484000 latency
        0.149532 skew



===========================================================================
report_clock_min_period
============================================================================
clk period_min = 3.05 fmax = 327.45
