Clock: clk
Sources: clk 
Generated: no
Virtual: yes
Propagated: no
Period: 25.000000

===========================================================================
report_clock_properties
============================================================================
Clock                   Period          Waveform
----------------------------------------------------
clk                  25.000000    0.000000 12.500000

===========================================================================
report_clock_latency
============================================================================
Clock clk
rise -> rise
    min     max
0.000000 0.000000 source latency
0.485212         network latency _0980_/CLK
        0.500365 network latency _1018_/CLK
---------------
0.485212 0.500365 latency
        0.015153 skew

fall -> fall
    min     max
0.000000 0.000000 source latency
0.418603         network latency _0980_/CLK
        0.431290 network latency _0987_/CLK
---------------
0.418603 0.431290 latency
        0.012687 skew



===========================================================================
report_clock_min_period
============================================================================
clk period_min = 4.65 fmax = 214.97
