Clock: clk
Sources: clk 
Generated: no
Virtual: no
Propagated: no
Period: 25.000000

===========================================================================
report_clock_properties
============================================================================
Clock                   Period          Waveform
----------------------------------------------------
clk                  25.000000    0.000000 12.500000

===========================================================================
report_clock_latency
============================================================================
Clock clk
rise -> rise
    min     max
0.000000 0.000000 source latency
34.868141         network latency _22510_/CLK
        34.868141 network latency _22510_/CLK
---------------
34.868141 34.868141 latency
        0.000000 skew

fall -> fall
    min     max
0.000000 0.000000 source latency
19.573652         network latency _22510_/CLK
        19.573652 network latency _22510_/CLK
---------------
19.573652 19.573652 latency
        0.000000 skew



===========================================================================
report_clock_min_period
============================================================================
clk period_min = 2.49 fmax = 401.57
