
===========================================================================
report_checks -unconstrained
===========================================================================
======================= min_tt_025C_1v80 Corner ===================================

Startpoint: nrst (input port clocked by clk)
Endpoint: _2499_ (recovery check against rising-edge clock clk)
Path Group: asynchronous
Path Type: max

Fanout         Cap        Slew       Delay        Time   Description
---------------------------------------------------------------------------------------------
                                  0.000000    0.000000   clock clk (rise edge)
                                  0.000000    0.000000   clock network delay (propagated)
                                  5.000000    5.000000 ^ input external delay
     2    0.003942    0.024686    0.014293    5.014293 ^ nrst (in)
                                                         nrst (net)
                      0.024686    0.000000    5.014293 ^ input5/A (sky130_fd_sc_hd__clkbuf_2)
     7    0.034677    0.190773    0.200836    5.215129 ^ input5/X (sky130_fd_sc_hd__clkbuf_2)
                                                         net5 (net)
                      0.190773    0.000157    5.215286 ^ fanout153/A (sky130_fd_sc_hd__buf_2)
    13    0.058014    0.282254    0.322116    5.537401 ^ fanout153/X (sky130_fd_sc_hd__buf_2)
                                                         net153 (net)
                      0.282254    0.000135    5.537536 ^ fanout144/A (sky130_fd_sc_hd__buf_2)
     7    0.033509    0.167285    0.267459    5.804996 ^ fanout144/X (sky130_fd_sc_hd__buf_2)
                                                         net144 (net)
                      0.167285    0.000374    5.805369 ^ fanout143/A (sky130_fd_sc_hd__clkbuf_4)
    10    0.050294    0.157040    0.261018    6.066388 ^ fanout143/X (sky130_fd_sc_hd__clkbuf_4)
                                                         net143 (net)
                      0.157041    0.000822    6.067209 ^ fanout142/A (sky130_fd_sc_hd__clkbuf_4)
    10    0.047959    0.150900    0.253855    6.321064 ^ fanout142/X (sky130_fd_sc_hd__clkbuf_4)
                                                         net142 (net)
                      0.150905    0.001093    6.322157 ^ _2499_/RESET_B (sky130_fd_sc_hd__dfrtp_2)
                                              6.322157   data arrival time

                                 25.000000   25.000000   clock clk (rise edge)
                                  0.000000   25.000000   clock source latency
     2    0.028638    0.134332    0.093003   25.093002 ^ clk (in)
                                                         clk (net)
                      0.134354    0.000000   25.093002 ^ clkbuf_0_clk/A (sky130_fd_sc_hd__clkbuf_16)
     9    0.074345    0.091543    0.199053   25.292055 ^ clkbuf_0_clk/X (sky130_fd_sc_hd__clkbuf_16)
                                                         clknet_0_clk (net)
                      0.091551    0.000975   25.293030 ^ clkbuf_2_2__f_clk/A (sky130_fd_sc_hd__clkbuf_16)
    19    0.081514    0.098127    0.189079   25.482109 ^ clkbuf_2_2__f_clk/X (sky130_fd_sc_hd__clkbuf_16)
                                                         clknet_2_2__leaf_clk (net)
                      0.098133    0.000975   25.483086 ^ clkbuf_leaf_23_clk/A (sky130_fd_sc_hd__clkbuf_8)
    16    0.046408    0.092047    0.184235   25.667320 ^ clkbuf_leaf_23_clk/X (sky130_fd_sc_hd__clkbuf_8)
                                                         clknet_leaf_23_clk (net)
                      0.092047    0.000371   25.667690 ^ _2499_/CLK (sky130_fd_sc_hd__dfrtp_2)
                                 -0.250000   25.417692   clock uncertainty
                                  0.000000   25.417692   clock reconvergence pessimism
                                  0.202276   25.619967   library recovery time
                                             25.619967   data required time
---------------------------------------------------------------------------------------------
                                             25.619967   data required time
                                             -6.322157   data arrival time
---------------------------------------------------------------------------------------------
                                             19.297810   slack (MET)


Startpoint: _2778_ (rising edge-triggered flip-flop clocked by clk)
Endpoint: gpio_out[6] (output port clocked by clk)
Path Group: clk
Path Type: max

Fanout         Cap        Slew       Delay        Time   Description
---------------------------------------------------------------------------------------------
                                  0.000000    0.000000   clock clk (rise edge)
                                  0.000000    0.000000   clock source latency
     2    0.028638    0.134332    0.093004    0.093004 ^ clk (in)
                                                         clk (net)
                      0.134354    0.000000    0.093004 ^ clkbuf_0_clk/A (sky130_fd_sc_hd__clkbuf_16)
     9    0.074345    0.091543    0.199053    0.292056 ^ clkbuf_0_clk/X (sky130_fd_sc_hd__clkbuf_16)
                                                         clknet_0_clk (net)
                      0.091587    0.001849    0.293906 ^ clkbuf_2_0__f_clk/A (sky130_fd_sc_hd__clkbuf_16)
    19    0.089330    0.105491    0.195178    0.489083 ^ clkbuf_2_0__f_clk/X (sky130_fd_sc_hd__clkbuf_16)
                                                         clknet_2_0__leaf_clk (net)
                      0.105517    0.001607    0.490690 ^ clkbuf_leaf_0_clk/A (sky130_fd_sc_hd__clkbuf_8)
    10    0.046392    0.092046    0.186905    0.677596 ^ clkbuf_leaf_0_clk/X (sky130_fd_sc_hd__clkbuf_8)
                                                         clknet_leaf_0_clk (net)
                      0.092046    0.000410    0.678006 ^ _2778_/CLK (sky130_fd_sc_hd__dfrtp_4)
    10    0.041647    0.108494    0.553318    1.231324 v _2778_/Q (sky130_fd_sc_hd__dfrtp_4)
                                                         CALC_INST.input_ctrl_inst.col_index[1] (net)
                      0.108494    0.000333    1.231657 v _2253_/A (sky130_fd_sc_hd__or4_2)
     5    0.016095    0.147844    0.754014    1.985671 v _2253_/X (sky130_fd_sc_hd__or4_2)
                                                         _0415_ (net)
                      0.147844    0.000174    1.985846 v _2255_/C (sky130_fd_sc_hd__or4_1)
     3    0.005919    0.102357    0.523374    2.509220 v _2255_/X (sky130_fd_sc_hd__or4_1)
                                                         _0417_ (net)
                      0.102357    0.000042    2.509262 v _2258_/C (sky130_fd_sc_hd__or3_1)
     3    0.010268    0.104790    0.375565    2.884827 v _2258_/X (sky130_fd_sc_hd__or3_1)
                                                         _0420_ (net)
                      0.104790    0.000036    2.884862 v _2264_/A (sky130_fd_sc_hd__and3_1)
     1    0.002273    0.034240    0.161480    3.046342 v _2264_/X (sky130_fd_sc_hd__and3_1)
                                                         _0426_ (net)
                      0.034240    0.000023    3.046365 v _2279_/A_N (sky130_fd_sc_hd__and4b_1)
     3    0.009959    0.117485    0.285474    3.331838 ^ _2279_/X (sky130_fd_sc_hd__and4b_1)
                                                         _0441_ (net)
                      0.117485    0.000103    3.331942 ^ _2288_/C1 (sky130_fd_sc_hd__o211ai_1)
     3    0.006645    0.103028    0.124675    3.456616 v _2288_/Y (sky130_fd_sc_hd__o211ai_1)
                                                         _0450_ (net)
                      0.103028    0.000057    3.456674 v _2293_/C (sky130_fd_sc_hd__or3_1)
     3    0.010270    0.104819    0.375762    3.832435 v _2293_/X (sky130_fd_sc_hd__or3_1)
                                                         _0454_ (net)
                      0.104819    0.000226    3.832661 v _2296_/B (sky130_fd_sc_hd__or3b_1)
     1    0.001805    0.060123    0.350676    4.183337 v _2296_/X (sky130_fd_sc_hd__or3b_1)
                                                         net27 (net)
                      0.060123    0.000008    4.183345 v output27/A (sky130_fd_sc_hd__buf_2)
     1    0.034073    0.088856    0.186752    4.370097 v output27/X (sky130_fd_sc_hd__buf_2)
                                                         gpio_out[6] (net)
                      0.088856    0.000242    4.370339 v gpio_out[6] (out)
                                              4.370339   data arrival time

                                 25.000000   25.000000   clock clk (rise edge)
                                  0.000000   25.000000   clock network delay (propagated)
                                 -0.250000   24.750000   clock uncertainty
                                  0.000000   24.750000   clock reconvergence pessimism
                                 -5.000000   19.750000   output external delay
                                             19.750000   data required time
---------------------------------------------------------------------------------------------
                                             19.750000   data required time
                                             -4.370339   data arrival time
---------------------------------------------------------------------------------------------
                                             15.379661   slack (MET)




===========================================================================
report_checks --slack_max -0.01
============================================================================
======================= min_tt_025C_1v80 Corner ===================================

No paths found.


===========================================================================
 report_check_types -max_slew -max_cap -max_fanout -violators
============================================================================
======================= min_tt_025C_1v80 Corner ===================================

max fanout

Pin                                   Limit Fanout  Slack
---------------------------------------------------------
_2239_/X                                 10     21    -11 (VIOLATED)
_2240_/Y                                 10     21    -11 (VIOLATED)
_2381_/X                                 10     21    -11 (VIOLATED)
_2487_/Q                                 10     21    -11 (VIOLATED)
fanout100/X                              10     21    -11 (VIOLATED)
fanout103/X                              10     21    -11 (VIOLATED)
fanout109/X                              10     21    -11 (VIOLATED)
fanout41/X                               10     21    -11 (VIOLATED)
fanout48/X                               10     21    -11 (VIOLATED)
fanout54/X                               10     21    -11 (VIOLATED)
fanout56/X                               10     21    -11 (VIOLATED)
fanout57/X                               10     21    -11 (VIOLATED)
fanout58/X                               10     21    -11 (VIOLATED)
fanout73/X                               10     21    -11 (VIOLATED)
fanout75/X                               10     21    -11 (VIOLATED)
fanout77/X                               10     21    -11 (VIOLATED)
fanout82/X                               10     21    -11 (VIOLATED)
fanout84/X                               10     21    -11 (VIOLATED)
fanout86/X                               10     21    -11 (VIOLATED)
fanout91/X                               10     21    -11 (VIOLATED)
_2231_/X                                 10     19     -9 (VIOLATED)
clkbuf_2_0__f_clk/X                      10     19     -9 (VIOLATED)
clkbuf_2_1__f_clk/X                      10     19     -9 (VIOLATED)
clkbuf_2_2__f_clk/X                      10     19     -9 (VIOLATED)
clkbuf_2_3__f_clk/X                      10     19     -9 (VIOLATED)
clkbuf_leaf_32_clk/X                     10     19     -9 (VIOLATED)
fanout35/X                               10     19     -9 (VIOLATED)
fanout63/X                               10     19     -9 (VIOLATED)
fanout96/X                               10     19     -9 (VIOLATED)
clkbuf_leaf_26_clk/X                     10     18     -8 (VIOLATED)
clkbuf_leaf_31_clk/X                     10     18     -8 (VIOLATED)
_2382_/X                                 10     17     -7 (VIOLATED)
_2500_/Q                                 10     17     -7 (VIOLATED)
clkbuf_leaf_11_clk/X                     10     17     -7 (VIOLATED)
clkbuf_leaf_21_clk/X                     10     17     -7 (VIOLATED)
clkbuf_leaf_18_clk/X                     10     16     -6 (VIOLATED)
clkbuf_leaf_23_clk/X                     10     16     -6 (VIOLATED)
clkbuf_leaf_2_clk/X                      10     16     -6 (VIOLATED)
clkbuf_leaf_3_clk/X                      10     16     -6 (VIOLATED)
_2493_/Q                                 10     15     -5 (VIOLATED)
clkbuf_leaf_5_clk/X                      10     15     -5 (VIOLATED)
fanout106/X                              10     15     -5 (VIOLATED)
fanout94/X                               10     15     -5 (VIOLATED)
clkbuf_leaf_13_clk/X                     10     14     -4 (VIOLATED)
clkbuf_leaf_22_clk/X                     10     14     -4 (VIOLATED)
clkbuf_leaf_24_clk/X                     10     14     -4 (VIOLATED)
clkbuf_leaf_8_clk/X                      10     14     -4 (VIOLATED)
clkbuf_leaf_9_clk/X                      10     14     -4 (VIOLATED)
_2209_/Y                                 10     13     -3 (VIOLATED)
_2226_/Y                                 10     13     -3 (VIOLATED)
_2468_/Y                                 10     13     -3 (VIOLATED)
_2499_/Q                                 10     13     -3 (VIOLATED)
clkbuf_leaf_30_clk/X                     10     13     -3 (VIOLATED)
clkbuf_leaf_6_clk/X                      10     13     -3 (VIOLATED)
fanout112/X                              10     13     -3 (VIOLATED)
fanout153/X                              10     13     -3 (VIOLATED)
clkbuf_leaf_1_clk/X                      10     12     -2 (VIOLATED)
clkbuf_leaf_7_clk/X                      10     12     -2 (VIOLATED)
clkbuf_leaf_19_clk/X                     10     11        (VIOLATED)
clkbuf_leaf_28_clk/X                     10     11        (VIOLATED)
clkbuf_leaf_29_clk/X                     10     11        (VIOLATED)
clkbuf_leaf_4_clk/X                      10     11        (VIOLATED)
fanout123/X                              10     11        (VIOLATED)
fanout132/X                              10     11        (VIOLATED)
fanout71/X                               10     11        (VIOLATED)



===========================================================================
report_parasitic_annotation -report_unannotated
============================================================================
Found 106 unannotated drivers.
 en
 gpio_in[10]
 gpio_in[11]
 gpio_in[12]
 gpio_in[13]
 gpio_in[14]
 gpio_in[15]
 gpio_in[16]
 gpio_in[17]
 gpio_in[18]
 gpio_in[19]
 gpio_in[20]
 gpio_in[21]
 gpio_in[22]
 gpio_in[23]
 gpio_in[24]
 gpio_in[25]
 gpio_in[26]
 gpio_in[27]
 gpio_in[28]
 gpio_in[29]
 gpio_in[30]
 gpio_in[31]
 gpio_in[32]
 gpio_in[33]
 gpio_in[4]
 gpio_in[5]
 gpio_in[6]
 gpio_in[7]
 gpio_in[8]
 gpio_in[9]
 clkload0/X
 clkload1/Y
 clkload10/Y
 clkload11/Y
 clkload12/Y
 clkload13/Y
 clkload14/Y
 clkload15/Y
 clkload16/Y
 clkload17/X
 clkload18/Y
 clkload19/Y
 clkload2/Y
 clkload20/X
 clkload21/Y
 clkload22/Y
 clkload23/Y
 clkload24/Y
 clkload25/Y
 clkload26/Y
 clkload27/Y
 clkload28/Y
 clkload29/Y
 clkload3/Y
 clkload30/Y
 clkload31/Y
 clkload4/Y
 clkload5/Y
 clkload6/X
 clkload7/Y
 clkload8/Y
 clkload9/Y
 team_06_154/HI
 team_06_155/HI
 team_06_156/HI
 team_06_157/HI
 team_06_158/HI
 team_06_159/HI
 team_06_160/HI
 team_06_161/HI
 team_06_162/HI
 team_06_163/HI
 team_06_164/HI
 team_06_165/HI
 team_06_166/HI
 team_06_167/HI
 team_06_168/HI
 team_06_169/HI
 team_06_170/HI
 team_06_171/HI
 team_06_172/LO
 team_06_173/LO
 team_06_174/LO
 team_06_175/LO
 team_06_176/LO
 team_06_177/LO
 team_06_178/LO
 team_06_179/LO
 team_06_180/LO
 team_06_181/LO
 team_06_182/LO
 team_06_183/LO
 team_06_184/LO
 team_06_185/LO
 team_06_186/LO
 team_06_187/LO
 team_06_188/LO
 team_06_189/LO
 team_06_190/LO
 team_06_191/LO
 team_06_192/LO
 team_06_193/LO
 team_06_194/LO
 team_06_195/LO
 team_06_196/LO
Found 0 partially unannotated drivers.

===========================================================================
max slew violation count 0
max fanout violation count 65
max cap violation count 0
============================================================================

===========================================================================
check_setup -verbose -unconstrained_endpoints -multiple_clock -no_clock -no_input_delay -loops -generated_clocks
===========================================================================
Warning: There are 43 unconstrained endpoints.
  gpio_oeb[0]
  gpio_oeb[10]
  gpio_oeb[11]
  gpio_oeb[12]
  gpio_oeb[13]
  gpio_oeb[14]
  gpio_oeb[15]
  gpio_oeb[16]
  gpio_oeb[17]
  gpio_oeb[18]
  gpio_oeb[19]
  gpio_oeb[1]
  gpio_oeb[20]
  gpio_oeb[21]
  gpio_oeb[22]
  gpio_oeb[23]
  gpio_oeb[24]
  gpio_oeb[25]
  gpio_oeb[26]
  gpio_oeb[27]
  gpio_oeb[28]
  gpio_oeb[29]
  gpio_oeb[2]
  gpio_oeb[30]
  gpio_oeb[31]
  gpio_oeb[32]
  gpio_oeb[33]
  gpio_oeb[3]
  gpio_oeb[4]
  gpio_oeb[5]
  gpio_oeb[6]
  gpio_oeb[7]
  gpio_oeb[8]
  gpio_oeb[9]
  gpio_out[0]
  gpio_out[1]
  gpio_out[29]
  gpio_out[2]
  gpio_out[30]
  gpio_out[31]
  gpio_out[32]
  gpio_out[33]
  gpio_out[3]
