Clock: clk
Sources: clk 
Generated: no
Virtual: yes
Propagated: no
Period: 25.000000

===========================================================================
report_clock_properties
============================================================================
Clock                   Period          Waveform
----------------------------------------------------
clk                  25.000000    0.000000 12.500000

===========================================================================
report_clock_latency
============================================================================
Clock clk
rise -> rise
    min     max
0.000000 0.000000 source latency
0.656655         network latency _2712_/CLK
        0.689114 network latency _2794_/CLK
---------------
0.656655 0.689114 latency
        0.032459 skew

fall -> fall
    min     max
0.000000 0.000000 source latency
0.587785         network latency _2712_/CLK
        0.612054 network latency _2794_/CLK
---------------
0.587785 0.612054 latency
        0.024269 skew



===========================================================================
report_clock_min_period
============================================================================
clk period_min = 4.96 fmax = 201.56
